This file contains any messages produced by compilers while
running configure, to aid debugging if configure makes a mistake.

It was created by bc configure 1.07.1, which was
generated by GNU Autoconf 2.71.  Invocation command line was

  $ ./configure --target=x86_64-pc-linux-gnu --host=x86_64-pc-linux-gnu --build=x86_64-pc-linux-gnu --disable-dependency-tracking --program-prefix= --program-suffix= --prefix=/home/notlean/openwrt-uboost/staging_dir/host --exec-prefix=/home/notlean/openwrt-uboost/staging_dir/host --sysconfdir=/home/notlean/openwrt-uboost/staging_dir/host/etc --localstatedir=/home/notlean/openwrt-uboost/staging_dir/host/var --sbindir=/home/notlean/openwrt-uboost/staging_dir/host/bin

## --------- ##
## Platform. ##
## --------- ##

hostname = Notlean
uname -m = x86_64
uname -r = 6.14.0-33-generic
uname -s = Linux
uname -v = #33~24.04.1-Ubuntu SMP PREEMPT_DYNAMIC Fri Sep 19 17:02:30 UTC 2

/usr/bin/uname -p = x86_64
/bin/uname -X     = unknown

/bin/arch              = x86_64
/usr/bin/arch -k       = unknown
/usr/convex/getsysinfo = unknown
/usr/bin/hostinfo      = unknown
/bin/machine           = unknown
/usr/bin/oslevel       = unknown
/bin/universe          = unknown

PATH: /home/notlean/openwrt-uboost/staging_dir/toolchain-mipsel_24kc_gcc-12.3.0_musl/bin/
PATH: /home/notlean/openwrt-uboost/staging_dir/toolchain-mipsel_24kc_gcc-12.3.0_musl/bin/
PATH: /home/notlean/openwrt-uboost/staging_dir/host/bin/
PATH: /home/notlean/openwrt-uboost/staging_dir/toolchain-mipsel_24kc_gcc-12.3.0_musl/bin/
PATH: /home/notlean/openwrt-uboost/staging_dir/host/bin/
PATH: /home/notlean/openwrt-uboost/staging_dir/host/bin/
PATH: /usr/local/sbin/
PATH: /usr/local/bin/
PATH: /usr/sbin/
PATH: /usr/bin/
PATH: /sbin/
PATH: /bin/
PATH: /usr/games/
PATH: /usr/local/games/
PATH: /snap/bin/
PATH: /snap/bin/


## ----------- ##
## Core tests. ##
## ----------- ##

configure:2373: looking for aux files: ar-lib compile missing install-sh
configure:2386:  trying ./
configure:2415:   ./ar-lib found
configure:2415:   ./compile found
configure:2415:   ./missing found
configure:2397:   ./install-sh found
configure:2545: checking for a BSD-compatible install
configure:2618: result: /home/notlean/openwrt-uboost/staging_dir/host/bin/install -c
configure:2629: checking whether build environment is sane
configure:2684: result: yes
configure:2843: checking for a race-free mkdir -p
configure:2887: result: /usr/bin/mkdir -p
configure:2894: checking for gawk
configure:2915: found /usr/bin/gawk
configure:2926: result: gawk
configure:2937: checking whether make sets $(MAKE)
configure:2960: result: yes
configure:2990: checking whether make supports nested variables
configure:3008: result: yes
configure:3176: checking for x86_64-pc-linux-gnu-gcc
configure:3208: result: gcc
configure:3606: checking for C compiler version
configure:3615: gcc --version >&5
gcc (Ubuntu 13.3.0-6ubuntu2~24.04) 13.3.0
Copyright (C) 2023 Free Software Foundation, Inc.
This is free software; see the source for copying conditions.  There is NO
warranty; not even for MERCHANTABILITY or FITNESS FOR A PARTICULAR PURPOSE.

configure:3626: $? = 0
configure:3615: gcc -v >&5
Using built-in specs.
COLLECT_GCC=gcc
COLLECT_LTO_WRAPPER=/usr/libexec/gcc/x86_64-linux-gnu/13/lto-wrapper
OFFLOAD_TARGET_NAMES=nvptx-none:amdgcn-amdhsa
OFFLOAD_TARGET_DEFAULT=1
Target: x86_64-linux-gnu
Configured with: ../src/configure -v --with-pkgversion='Ubuntu 13.3.0-6ubuntu2~24.04' --with-bugurl=file:///usr/share/doc/gcc-13/README.Bugs --enable-languages=c,ada,c++,go,d,fortran,objc,obj-c++,m2 --prefix=/usr --with-gcc-major-version-only --program-suffix=-13 --program-prefix=x86_64-linux-gnu- --enable-shared --enable-linker-build-id --libexecdir=/usr/libexec --without-included-gettext --enable-threads=posix --libdir=/usr/lib --enable-nls --enable-bootstrap --enable-clocale=gnu --enable-libstdcxx-debug --enable-libstdcxx-time=yes --with-default-libstdcxx-abi=new --enable-libstdcxx-backtrace --enable-gnu-unique-object --disable-vtable-verify --enable-plugin --enable-default-pie --with-system-zlib --enable-libphobos-checking=release --with-target-system-zlib=auto --enable-objc-gc=auto --enable-multiarch --disable-werror --enable-cet --with-arch-32=i686 --with-abi=m64 --with-multilib-list=m32,m64,mx32 --enable-multilib --with-tune=generic --enable-offload-targets=nvptx-none=/build/gcc-13-fG75Ri/gcc-13-13.3.0/debian/tmp-nvptx/usr,amdgcn-amdhsa=/build/gcc-13-fG75Ri/gcc-13-13.3.0/debian/tmp-gcn/usr --enable-offload-defaulted --without-cuda-driver --enable-checking=release --build=x86_64-linux-gnu --host=x86_64-linux-gnu --target=x86_64-linux-gnu --with-build-config=bootstrap-lto-lean --enable-link-serialization=2
Thread model: posix
Supported LTO compression algorithms: zlib zstd
gcc version 13.3.0 (Ubuntu 13.3.0-6ubuntu2~24.04) 
... rest of stderr output deleted ...
configure:3626: $? = 0
configure:3615: gcc -V >&5
gcc: error: unrecognized command-line option '-V'
gcc: fatal error: no input files
compilation terminated.
configure:3626: $? = 1
configure:3615: gcc -qversion >&5
gcc: error: unrecognized command-line option '-qversion'; did you mean '--version'?
gcc: fatal error: no input files
compilation terminated.
configure:3626: $? = 1
configure:3615: gcc -version >&5
gcc: error: unrecognized command-line option '-version'
gcc: fatal error: no input files
compilation terminated.
configure:3626: $? = 1
configure:3646: checking whether the C compiler works
configure:3668: gcc -O2 -I/home/notlean/openwrt-uboost/staging_dir/host/include  -I/home/notlean/openwrt-uboost/staging_dir/host/include  -L/home/notlean/openwrt-uboost/staging_dir/host/lib  conftest.c  >&5
configure:3672: $? = 0
configure:3722: result: yes
configure:3725: checking for C compiler default output file name
configure:3727: result: a.out
configure:3733: checking for suffix of executables
configure:3740: gcc -o conftest -O2 -I/home/notlean/openwrt-uboost/staging_dir/host/include  -I/home/notlean/openwrt-uboost/staging_dir/host/include  -L/home/notlean/openwrt-uboost/staging_dir/host/lib  conftest.c  >&5
configure:3744: $? = 0
configure:3767: result: 
configure:3789: checking whether we are cross compiling
configure:3797: gcc -o conftest -O2 -I/home/notlean/openwrt-uboost/staging_dir/host/include  -I/home/notlean/openwrt-uboost/staging_dir/host/include  -L/home/notlean/openwrt-uboost/staging_dir/host/lib  conftest.c  >&5
configure:3801: $? = 0
configure:3808: ./conftest
configure:3812: $? = 0
configure:3827: result: no
configure:3832: checking for suffix of object files
configure:3855: gcc -c -O2 -I/home/notlean/openwrt-uboost/staging_dir/host/include  -I/home/notlean/openwrt-uboost/staging_dir/host/include  conftest.c >&5
configure:3859: $? = 0
configure:3881: result: o
configure:3885: checking whether the compiler supports GNU C
configure:3905: gcc -c -O2 -I/home/notlean/openwrt-uboost/staging_dir/host/include  -I/home/notlean/openwrt-uboost/staging_dir/host/include  conftest.c >&5
configure:3905: $? = 0
configure:3915: result: yes
configure:3926: checking whether gcc accepts -g
configure:3947: gcc -c -g -I/home/notlean/openwrt-uboost/staging_dir/host/include  conftest.c >&5
configure:3947: $? = 0
configure:3991: result: yes
configure:4011: checking for gcc option to enable C11 features
configure:4026: gcc  -c -O2 -I/home/notlean/openwrt-uboost/staging_dir/host/include  -I/home/notlean/openwrt-uboost/staging_dir/host/include  conftest.c >&5
configure:4026: $? = 0
configure:4044: result: none needed
configure:4160: checking whether gcc understands -c and -o together
configure:4183: gcc -c conftest.c -o conftest2.o
configure:4186: $? = 0
configure:4183: gcc -c conftest.c -o conftest2.o
configure:4186: $? = 0
configure:4198: result: yes
configure:4218: checking whether make supports the include directive
configure:4233: make -f confmf.GNU && cat confinc.out
make[4]: Entering directory '/home/notlean/openwrt-uboost/build_dir/host/bc-1.07.1'
make[4]: Leaving directory '/home/notlean/openwrt-uboost/build_dir/host/bc-1.07.1'
this is the am__doit target
configure:4236: $? = 0
configure:4255: result: yes (GNU style)
configure:4281: checking dependency style of gcc
configure:4393: result: none
configure:4413: checking for stdio.h
configure:4413: gcc -c -O2 -I/home/notlean/openwrt-uboost/staging_dir/host/include  -I/home/notlean/openwrt-uboost/staging_dir/host/include  conftest.c >&5
configure:4413: $? = 0
configure:4413: result: yes
configure:4413: checking for stdlib.h
configure:4413: gcc -c -O2 -I/home/notlean/openwrt-uboost/staging_dir/host/include  -I/home/notlean/openwrt-uboost/staging_dir/host/include  conftest.c >&5
configure:4413: $? = 0
configure:4413: result: yes
configure:4413: checking for string.h
configure:4413: gcc -c -O2 -I/home/notlean/openwrt-uboost/staging_dir/host/include  -I/home/notlean/openwrt-uboost/staging_dir/host/include  conftest.c >&5
configure:4413: $? = 0
configure:4413: result: yes
configure:4413: checking for inttypes.h
configure:4413: gcc -c -O2 -I/home/notlean/openwrt-uboost/staging_dir/host/include  -I/home/notlean/openwrt-uboost/staging_dir/host/include  conftest.c >&5
configure:4413: $? = 0
configure:4413: result: yes
configure:4413: checking for stdint.h
configure:4413: gcc -c -O2 -I/home/notlean/openwrt-uboost/staging_dir/host/include  -I/home/notlean/openwrt-uboost/staging_dir/host/include  conftest.c >&5
configure:4413: $? = 0
configure:4413: result: yes
configure:4413: checking for strings.h
configure:4413: gcc -c -O2 -I/home/notlean/openwrt-uboost/staging_dir/host/include  -I/home/notlean/openwrt-uboost/staging_dir/host/include  conftest.c >&5
configure:4413: $? = 0
configure:4413: result: yes
configure:4413: checking for sys/stat.h
configure:4413: gcc -c -O2 -I/home/notlean/openwrt-uboost/staging_dir/host/include  -I/home/notlean/openwrt-uboost/staging_dir/host/include  conftest.c >&5
configure:4413: $? = 0
configure:4413: result: yes
configure:4413: checking for sys/types.h
configure:4413: gcc -c -O2 -I/home/notlean/openwrt-uboost/staging_dir/host/include  -I/home/notlean/openwrt-uboost/staging_dir/host/include  conftest.c >&5
configure:4413: $? = 0
configure:4413: result: yes
configure:4413: checking for unistd.h
configure:4413: gcc -c -O2 -I/home/notlean/openwrt-uboost/staging_dir/host/include  -I/home/notlean/openwrt-uboost/staging_dir/host/include  conftest.c >&5
configure:4413: $? = 0
configure:4413: result: yes
configure:4413: checking for wchar.h
configure:4413: gcc -c -O2 -I/home/notlean/openwrt-uboost/staging_dir/host/include  -I/home/notlean/openwrt-uboost/staging_dir/host/include  conftest.c >&5
configure:4413: $? = 0
configure:4413: result: yes
configure:4413: checking for minix/config.h
configure:4413: gcc -c -O2 -I/home/notlean/openwrt-uboost/staging_dir/host/include  -I/home/notlean/openwrt-uboost/staging_dir/host/include  conftest.c >&5
conftest.c:52:10: fatal error: minix/config.h: No such file or directory
   52 | #include <minix/config.h>
      |          ^~~~~~~~~~~~~~~~
compilation terminated.
configure:4413: $? = 1
configure: failed program was:
| /* confdefs.h */
| #define PACKAGE_NAME "bc"
| #define PACKAGE_TARNAME "bc"
| #define PACKAGE_VERSION "1.07.1"
| #define PACKAGE_STRING "bc 1.07.1"
| #define PACKAGE_BUGREPORT ""
| #define PACKAGE_URL ""
| #define PACKAGE "bc"
| #define VERSION "1.07.1"
| #define DC_VERSION "1.4.1"
| #define BC_COPYRIGHT "Copyright 1991-1994, 1997, 1998, 2000, 2004, 2006, 2008, 2012-2017 Free Software Foundation, Inc."
| #define DC_COPYRIGHT "Copyright 1994, 1997, 1998, 2000, 2001, 2003-2006, 2008, 2010, 2012-2017 Free Software Foundation, Inc."
| #define HAVE_STDIO_H 1
| #define HAVE_STDLIB_H 1
| #define HAVE_STRING_H 1
| #define HAVE_INTTYPES_H 1
| #define HAVE_STDINT_H 1
| #define HAVE_STRINGS_H 1
| #define HAVE_SYS_STAT_H 1
| #define HAVE_SYS_TYPES_H 1
| #define HAVE_UNISTD_H 1
| #define HAVE_WCHAR_H 1
| /* end confdefs.h.  */
| #include <stddef.h>
| #ifdef HAVE_STDIO_H
| # include <stdio.h>
| #endif
| #ifdef HAVE_STDLIB_H
| # include <stdlib.h>
| #endif
| #ifdef HAVE_STRING_H
| # include <string.h>
| #endif
| #ifdef HAVE_INTTYPES_H
| # include <inttypes.h>
| #endif
| #ifdef HAVE_STDINT_H
| # include <stdint.h>
| #endif
| #ifdef HAVE_STRINGS_H
| # include <strings.h>
| #endif
| #ifdef HAVE_SYS_TYPES_H
| # include <sys/types.h>
| #endif
| #ifdef HAVE_SYS_STAT_H
| # include <sys/stat.h>
| #endif
| #ifdef HAVE_UNISTD_H
| # include <unistd.h>
| #endif
| #include <minix/config.h>
configure:4413: result: no
configure:4413: checking for stdarg.h
configure:4413: gcc -c -O2 -I/home/notlean/openwrt-uboost/staging_dir/host/include  -I/home/notlean/openwrt-uboost/staging_dir/host/include  conftest.c >&5
configure:4413: $? = 0
configure:4413: result: yes
configure:4413: checking for stddef.h
configure:4413: gcc -c -O2 -I/home/notlean/openwrt-uboost/staging_dir/host/include  -I/home/notlean/openwrt-uboost/staging_dir/host/include  conftest.c >&5
configure:4413: $? = 0
configure:4413: result: yes
configure:4413: checking for errno.h
configure:4413: gcc -c -O2 -I/home/notlean/openwrt-uboost/staging_dir/host/include  -I/home/notlean/openwrt-uboost/staging_dir/host/include  conftest.c >&5
configure:4413: $? = 0
configure:4413: result: yes
configure:4413: checking for limits.h
configure:4413: gcc -c -O2 -I/home/notlean/openwrt-uboost/staging_dir/host/include  -I/home/notlean/openwrt-uboost/staging_dir/host/include  conftest.c >&5
configure:4413: $? = 0
configure:4413: result: yes
configure:4413: checking for lib.h
configure:4413: gcc -c -O2 -I/home/notlean/openwrt-uboost/staging_dir/host/include  -I/home/notlean/openwrt-uboost/staging_dir/host/include  conftest.c >&5
conftest.c:56:10: fatal error: lib.h: No such file or directory
   56 | #include <lib.h>
      |          ^~~~~~~
compilation terminated.
configure:4413: $? = 1
configure: failed program was:
| /* confdefs.h */
| #define PACKAGE_NAME "bc"
| #define PACKAGE_TARNAME "bc"
| #define PACKAGE_VERSION "1.07.1"
| #define PACKAGE_STRING "bc 1.07.1"
| #define PACKAGE_BUGREPORT ""
| #define PACKAGE_URL ""
| #define PACKAGE "bc"
| #define VERSION "1.07.1"
| #define DC_VERSION "1.4.1"
| #define BC_COPYRIGHT "Copyright 1991-1994, 1997, 1998, 2000, 2004, 2006, 2008, 2012-2017 Free Software Foundation, Inc."
| #define DC_COPYRIGHT "Copyright 1994, 1997, 1998, 2000, 2001, 2003-2006, 2008, 2010, 2012-2017 Free Software Foundation, Inc."
| #define HAVE_STDIO_H 1
| #define HAVE_STDLIB_H 1
| #define HAVE_STRING_H 1
| #define HAVE_INTTYPES_H 1
| #define HAVE_STDINT_H 1
| #define HAVE_STRINGS_H 1
| #define HAVE_SYS_STAT_H 1
| #define HAVE_SYS_TYPES_H 1
| #define HAVE_UNISTD_H 1
| #define HAVE_WCHAR_H 1
| #define HAVE_STDARG_H 1
| #define HAVE_STDDEF_H 1
| #define HAVE_ERRNO_H 1
| #define HAVE_LIMITS_H 1
| /* end confdefs.h.  */
| #include <stddef.h>
| #ifdef HAVE_STDIO_H
| # include <stdio.h>
| #endif
| #ifdef HAVE_STDLIB_H
| # include <stdlib.h>
| #endif
| #ifdef HAVE_STRING_H
| # include <string.h>
| #endif
| #ifdef HAVE_INTTYPES_H
| # include <inttypes.h>
| #endif
| #ifdef HAVE_STDINT_H
| # include <stdint.h>
| #endif
| #ifdef HAVE_STRINGS_H
| # include <strings.h>
| #endif
| #ifdef HAVE_SYS_TYPES_H
| # include <sys/types.h>
| #endif
| #ifdef HAVE_SYS_STAT_H
| # include <sys/stat.h>
| #endif
| #ifdef HAVE_UNISTD_H
| # include <unistd.h>
| #endif
| #include <lib.h>
configure:4413: result: no
configure:4444: checking whether it is safe to define __EXTENSIONS__
configure:4463: gcc -c -O2 -I/home/notlean/openwrt-uboost/staging_dir/host/include  -I/home/notlean/openwrt-uboost/staging_dir/host/include  conftest.c >&5
configure:4463: $? = 0
configure:4471: result: yes
configure:4474: checking whether _XOPEN_SOURCE should be defined
configure:4496: gcc -c -O2 -I/home/notlean/openwrt-uboost/staging_dir/host/include  -I/home/notlean/openwrt-uboost/staging_dir/host/include  conftest.c >&5
configure:4496: $? = 0
configure:4523: result: no
configure:4586: checking for flex
configure:4607: found /home/notlean/openwrt-uboost/staging_dir/host/bin/flex
configure:4618: result: flex
configure:4667: checking for lex output file root
configure:4680: flex conftest.l
configure:4684: $? = 0
configure:4692: result: lex.yy
configure:4707: checking for lex library
configure:4732: gcc -o conftest -O2 -I/home/notlean/openwrt-uboost/staging_dir/host/include  -I/home/notlean/openwrt-uboost/staging_dir/host/include  -L/home/notlean/openwrt-uboost/staging_dir/host/lib  conftest.c  >&5
configure:4732: $? = 0
configure:4745: result: none needed
configure:4760: checking for library containing yywrap
configure:4790: gcc -o conftest -O2 -I/home/notlean/openwrt-uboost/staging_dir/host/include  -I/home/notlean/openwrt-uboost/staging_dir/host/include  -L/home/notlean/openwrt-uboost/staging_dir/host/lib  conftest.c  >&5
/usr/bin/ld: /home/notlean/openwrt-uboost/tmp/ccQqaet4.o: in function `main':
conftest.c:(.text.startup+0xb): undefined reference to `yywrap'
collect2: error: ld returned 1 exit status
configure:4790: $? = 1
configure: failed program was:
| /* confdefs.h */
| #define PACKAGE_NAME "bc"
| #define PACKAGE_TARNAME "bc"
| #define PACKAGE_VERSION "1.07.1"
| #define PACKAGE_STRING "bc 1.07.1"
| #define PACKAGE_BUGREPORT ""
| #define PACKAGE_URL ""
| #define PACKAGE "bc"
| #define VERSION "1.07.1"
| #define DC_VERSION "1.4.1"
| #define BC_COPYRIGHT "Copyright 1991-1994, 1997, 1998, 2000, 2004, 2006, 2008, 2012-2017 Free Software Foundation, Inc."
| #define DC_COPYRIGHT "Copyright 1994, 1997, 1998, 2000, 2001, 2003-2006, 2008, 2010, 2012-2017 Free Software Foundation, Inc."
| #define HAVE_STDIO_H 1
| #define HAVE_STDLIB_H 1
| #define HAVE_STRING_H 1
| #define HAVE_INTTYPES_H 1
| #define HAVE_STDINT_H 1
| #define HAVE_STRINGS_H 1
| #define HAVE_SYS_STAT_H 1
| #define HAVE_SYS_TYPES_H 1
| #define HAVE_UNISTD_H 1
| #define HAVE_WCHAR_H 1
| #define HAVE_STDARG_H 1
| #define HAVE_STDDEF_H 1
| #define HAVE_ERRNO_H 1
| #define HAVE_LIMITS_H 1
| #define STDC_HEADERS 1
| #define _ALL_SOURCE 1
| #define _DARWIN_C_SOURCE 1
| #define _GNU_SOURCE 1
| #define _HPUX_ALT_XOPEN_SOCKET_API 1
| #define _NETBSD_SOURCE 1
| #define _OPENBSD_SOURCE 1
| #define _POSIX_PTHREAD_SEMANTICS 1
| #define __STDC_WANT_IEC_60559_ATTRIBS_EXT__ 1
| #define __STDC_WANT_IEC_60559_BFP_EXT__ 1
| #define __STDC_WANT_IEC_60559_DFP_EXT__ 1
| #define __STDC_WANT_IEC_60559_EXT__ 1
| #define __STDC_WANT_IEC_60559_FUNCS_EXT__ 1
| #define __STDC_WANT_IEC_60559_TYPES_EXT__ 1
| #define __STDC_WANT_LIB_EXT2__ 1
| #define __STDC_WANT_MATH_SPEC_FUNCS__ 1
| #define _TANDEM_SOURCE 1
| #define __EXTENSIONS__ 1
| /* end confdefs.h.  */
| 
| /* Override any GCC internal prototype to avoid an error.
|    Use char because int might match the return type of a GCC
|    builtin and then its argument prototype would still apply.  */
| char yywrap ();
| int
| main (void)
| {
| return yywrap ();
|   ;
|   return 0;
| }
configure:4790: gcc -o conftest -O2 -I/home/notlean/openwrt-uboost/staging_dir/host/include  -I/home/notlean/openwrt-uboost/staging_dir/host/include  -L/home/notlean/openwrt-uboost/staging_dir/host/lib  conftest.c -lfl   >&5
configure:4790: $? = 0
configure:4810: result: -lfl
configure:4826: checking whether yytext is a pointer
configure:4842: gcc -c -O2 -I/home/notlean/openwrt-uboost/staging_dir/host/include  -I/home/notlean/openwrt-uboost/staging_dir/host/include  conftest.c >&5
configure:4842: $? = 0
configure:4849: result: yes
configure:4870: checking for x86_64-pc-linux-gnu-ar
configure:4905: result: no
configure:4870: checking for x86_64-pc-linux-gnu-lib
configure:4905: result: no
configure:4870: checking for x86_64-pc-linux-gnu-link
configure:4905: result: no
configure:4919: checking for ar
configure:4940: found /usr/bin/ar
configure:4951: result: ar
configure:4977: checking the archiver (ar) interface
configure:4994: gcc -c -O2 -I/home/notlean/openwrt-uboost/staging_dir/host/include  -I/home/notlean/openwrt-uboost/staging_dir/host/include  conftest.c >&5
configure:4994: $? = 0
configure:4997: ar cru libconftest.a conftest.o >&5
ar: `u' modifier ignored since `D' is the default (see `U')
configure:5000: $? = 0
configure:5028: result: ar
configure:5052: checking for bison
configure:5073: found /home/notlean/openwrt-uboost/staging_dir/host/bin/bison
configure:5084: result: bison -y
configure:5100: checking for x86_64-pc-linux-gnu-ranlib
configure:5135: result: no
configure:5145: checking for ranlib
configure:5166: found /usr/bin/ranlib
configure:5177: result: ranlib
configure:5199: checking whether make sets $(MAKE)
configure:5222: result: yes
configure:5238: checking for an ANSI C-conforming const
configure:5305: gcc -c -O2 -I/home/notlean/openwrt-uboost/staging_dir/host/include  -I/home/notlean/openwrt-uboost/staging_dir/host/include  conftest.c >&5
configure:5305: $? = 0
configure:5313: result: yes
configure:5321: checking for size_t
configure:5321: gcc -c -O2 -I/home/notlean/openwrt-uboost/staging_dir/host/include  -I/home/notlean/openwrt-uboost/staging_dir/host/include  conftest.c >&5
configure:5321: $? = 0
configure:5321: gcc -c -O2 -I/home/notlean/openwrt-uboost/staging_dir/host/include  -I/home/notlean/openwrt-uboost/staging_dir/host/include  conftest.c >&5
conftest.c: In function 'main':
conftest.c:78:21: error: expected expression before ')' token
   78 | if (sizeof ((size_t)))
      |                     ^
configure:5321: $? = 1
configure: failed program was:
| /* confdefs.h */
| #define PACKAGE_NAME "bc"
| #define PACKAGE_TARNAME "bc"
| #define PACKAGE_VERSION "1.07.1"
| #define PACKAGE_STRING "bc 1.07.1"
| #define PACKAGE_BUGREPORT ""
| #define PACKAGE_URL ""
| #define PACKAGE "bc"
| #define VERSION "1.07.1"
| #define DC_VERSION "1.4.1"
| #define BC_COPYRIGHT "Copyright 1991-1994, 1997, 1998, 2000, 2004, 2006, 2008, 2012-2017 Free Software Foundation, Inc."
| #define DC_COPYRIGHT "Copyright 1994, 1997, 1998, 2000, 2001, 2003-2006, 2008, 2010, 2012-2017 Free Software Foundation, Inc."
| #define HAVE_STDIO_H 1
| #define HAVE_STDLIB_H 1
| #define HAVE_STRING_H 1
| #define HAVE_INTTYPES_H 1
| #define HAVE_STDINT_H 1
| #define HAVE_STRINGS_H 1
| #define HAVE_SYS_STAT_H 1
| #define HAVE_SYS_TYPES_H 1
| #define HAVE_UNISTD_H 1
| #define HAVE_WCHAR_H 1
| #define HAVE_STDARG_H 1
| #define HAVE_STDDEF_H 1
| #define HAVE_ERRNO_H 1
| #define HAVE_LIMITS_H 1
| #define STDC_HEADERS 1
| #define _ALL_SOURCE 1
| #define _DARWIN_C_SOURCE 1
| #define _GNU_SOURCE 1
| #define _HPUX_ALT_XOPEN_SOCKET_API 1
| #define _NETBSD_SOURCE 1
| #define _OPENBSD_SOURCE 1
| #define _POSIX_PTHREAD_SEMANTICS 1
| #define __STDC_WANT_IEC_60559_ATTRIBS_EXT__ 1
| #define __STDC_WANT_IEC_60559_BFP_EXT__ 1
| #define __STDC_WANT_IEC_60559_DFP_EXT__ 1
| #define __STDC_WANT_IEC_60559_EXT__ 1
| #define __STDC_WANT_IEC_60559_FUNCS_EXT__ 1
| #define __STDC_WANT_IEC_60559_TYPES_EXT__ 1
| #define __STDC_WANT_LIB_EXT2__ 1
| #define __STDC_WANT_MATH_SPEC_FUNCS__ 1
| #define _TANDEM_SOURCE 1
| #define __EXTENSIONS__ 1
| #define YYTEXT_POINTER 1
| /* end confdefs.h.  */
| #include <stddef.h>
| #ifdef HAVE_STDIO_H
| # include <stdio.h>
| #endif
| #ifdef HAVE_STDLIB_H
| # include <stdlib.h>
| #endif
| #ifdef HAVE_STRING_H
| # include <string.h>
| #endif
| #ifdef HAVE_INTTYPES_H
| # include <inttypes.h>
| #endif
| #ifdef HAVE_STDINT_H
| # include <stdint.h>
| #endif
| #ifdef HAVE_STRINGS_H
| # include <strings.h>
| #endif
| #ifdef HAVE_SYS_TYPES_H
| # include <sys/types.h>
| #endif
| #ifdef HAVE_SYS_STAT_H
| # include <sys/stat.h>
| #endif
| #ifdef HAVE_UNISTD_H
| # include <unistd.h>
| #endif
| int
| main (void)
| {
| if (sizeof ((size_t)))
| 	    return 0;
|   ;
|   return 0;
| }
configure:5321: result: yes
configure:5331: checking for ptrdiff_t
configure:5331: gcc -c -O2 -I/home/notlean/openwrt-uboost/staging_dir/host/include  -I/home/notlean/openwrt-uboost/staging_dir/host/include  conftest.c >&5
configure:5331: $? = 0
configure:5331: gcc -c -O2 -I/home/notlean/openwrt-uboost/staging_dir/host/include  -I/home/notlean/openwrt-uboost/staging_dir/host/include  conftest.c >&5
conftest.c: In function 'main':
conftest.c:78:24: error: expected expression before ')' token
   78 | if (sizeof ((ptrdiff_t)))
      |                        ^
configure:5331: $? = 1
configure: failed program was:
| /* confdefs.h */
| #define PACKAGE_NAME "bc"
| #define PACKAGE_TARNAME "bc"
| #define PACKAGE_VERSION "1.07.1"
| #define PACKAGE_STRING "bc 1.07.1"
| #define PACKAGE_BUGREPORT ""
| #define PACKAGE_URL ""
| #define PACKAGE "bc"
| #define VERSION "1.07.1"
| #define DC_VERSION "1.4.1"
| #define BC_COPYRIGHT "Copyright 1991-1994, 1997, 1998, 2000, 2004, 2006, 2008, 2012-2017 Free Software Foundation, Inc."
| #define DC_COPYRIGHT "Copyright 1994, 1997, 1998, 2000, 2001, 2003-2006, 2008, 2010, 2012-2017 Free Software Foundation, Inc."
| #define HAVE_STDIO_H 1
| #define HAVE_STDLIB_H 1
| #define HAVE_STRING_H 1
| #define HAVE_INTTYPES_H 1
| #define HAVE_STDINT_H 1
| #define HAVE_STRINGS_H 1
| #define HAVE_SYS_STAT_H 1
| #define HAVE_SYS_TYPES_H 1
| #define HAVE_UNISTD_H 1
| #define HAVE_WCHAR_H 1
| #define HAVE_STDARG_H 1
| #define HAVE_STDDEF_H 1
| #define HAVE_ERRNO_H 1
| #define HAVE_LIMITS_H 1
| #define STDC_HEADERS 1
| #define _ALL_SOURCE 1
| #define _DARWIN_C_SOURCE 1
| #define _GNU_SOURCE 1
| #define _HPUX_ALT_XOPEN_SOCKET_API 1
| #define _NETBSD_SOURCE 1
| #define _OPENBSD_SOURCE 1
| #define _POSIX_PTHREAD_SEMANTICS 1
| #define __STDC_WANT_IEC_60559_ATTRIBS_EXT__ 1
| #define __STDC_WANT_IEC_60559_BFP_EXT__ 1
| #define __STDC_WANT_IEC_60559_DFP_EXT__ 1
| #define __STDC_WANT_IEC_60559_EXT__ 1
| #define __STDC_WANT_IEC_60559_FUNCS_EXT__ 1
| #define __STDC_WANT_IEC_60559_TYPES_EXT__ 1
| #define __STDC_WANT_LIB_EXT2__ 1
| #define __STDC_WANT_MATH_SPEC_FUNCS__ 1
| #define _TANDEM_SOURCE 1
| #define __EXTENSIONS__ 1
| #define YYTEXT_POINTER 1
| /* end confdefs.h.  */
| #include <stddef.h>
| #ifdef HAVE_STDIO_H
| # include <stdio.h>
| #endif
| #ifdef HAVE_STDLIB_H
| # include <stdlib.h>
| #endif
| #ifdef HAVE_STRING_H
| # include <string.h>
| #endif
| #ifdef HAVE_INTTYPES_H
| # include <inttypes.h>
| #endif
| #ifdef HAVE_STDINT_H
| # include <stdint.h>
| #endif
| #ifdef HAVE_STRINGS_H
| # include <strings.h>
| #endif
| #ifdef HAVE_SYS_TYPES_H
| # include <sys/types.h>
| #endif
| #ifdef HAVE_SYS_STAT_H
| # include <sys/stat.h>
| #endif
| #ifdef HAVE_UNISTD_H
| # include <unistd.h>
| #endif
| int
| main (void)
| {
| if (sizeof ((ptrdiff_t)))
| 	    return 0;
|   ;
|   return 0;
| }
configure:5331: result: yes
configure:5346: checking for vprintf
configure:5346: gcc -o conftest -O2 -I/home/notlean/openwrt-uboost/staging_dir/host/include  -I/home/notlean/openwrt-uboost/staging_dir/host/include  -L/home/notlean/openwrt-uboost/staging_dir/host/lib  conftest.c  >&5
conftest.c:63:6: warning: conflicting types for built-in function 'vprintf'; expected 'int(const char *, __va_list_tag *)' [-Wbuiltin-declaration-mismatch]
   63 | char vprintf ();
      |      ^~~~~~~
conftest.c:55:1: note: 'vprintf' is declared in header '<stdio.h>'
   54 | #include <limits.h>
   55 | #undef vprintf
configure:5346: $? = 0
configure:5346: result: yes
configure:5367: checking for isgraph
configure:5367: gcc -o conftest -O2 -I/home/notlean/openwrt-uboost/staging_dir/host/include  -I/home/notlean/openwrt-uboost/staging_dir/host/include  -L/home/notlean/openwrt-uboost/staging_dir/host/lib  conftest.c  >&5
conftest.c:64:6: warning: conflicting types for built-in function 'isgraph'; expected 'int(int)' [-Wbuiltin-declaration-mismatch]
   64 | char isgraph ();
      |      ^~~~~~~
conftest.c:56:1: note: 'isgraph' is declared in header '<ctype.h>'
   55 | #include <limits.h>
   56 | #undef isgraph
configure:5367: $? = 0
configure:5367: result: yes
configure:5373: checking for setvbuf
configure:5373: gcc -o conftest -O2 -I/home/notlean/openwrt-uboost/staging_dir/host/include  -I/home/notlean/openwrt-uboost/staging_dir/host/include  -L/home/notlean/openwrt-uboost/staging_dir/host/lib  conftest.c  >&5
configure:5373: $? = 0
configure:5373: result: yes
configure:5379: checking for fstat
configure:5379: gcc -o conftest -O2 -I/home/notlean/openwrt-uboost/staging_dir/host/include  -I/home/notlean/openwrt-uboost/staging_dir/host/include  -L/home/notlean/openwrt-uboost/staging_dir/host/lib  conftest.c  >&5
configure:5379: $? = 0
configure:5379: result: yes
configure:5385: checking for strtol
configure:5385: gcc -o conftest -O2 -I/home/notlean/openwrt-uboost/staging_dir/host/include  -I/home/notlean/openwrt-uboost/staging_dir/host/include  -L/home/notlean/openwrt-uboost/staging_dir/host/lib  conftest.c  >&5
configure:5385: $? = 0
configure:5385: result: yes
configure:5786: checking that generated files are newer than configure
configure:5792: result: done
configure:5815: creating ./config.status

## ---------------------- ##
## Running config.status. ##
## ---------------------- ##

This file was extended by bc config.status 1.07.1, which was
generated by GNU Autoconf 2.71.  Invocation command line was

  CONFIG_FILES    = 
  CONFIG_HEADERS  = 
  CONFIG_LINKS    = 
  CONFIG_COMMANDS = 
  $ ./config.status 

on Notlean

config.status:893: creating Makefile
config.status:893: creating bc/Makefile
config.status:893: creating dc/Makefile
config.status:893: creating lib/Makefile
config.status:893: creating doc/Makefile
config.status:893: creating doc/texi-ver.incl
config.status:893: creating config.h
config.status:1122: executing depfiles commands

## ---------------- ##
## Cache variables. ##
## ---------------- ##

ac_cv_c_compiler_gnu=yes
ac_cv_c_const=yes
ac_cv_env_CC_set=set
ac_cv_env_CC_value=gcc
ac_cv_env_CFLAGS_set=set
ac_cv_env_CFLAGS_value='-O2 -I/home/notlean/openwrt-uboost/staging_dir/host/include '
ac_cv_env_CPPFLAGS_set=set
ac_cv_env_CPPFLAGS_value='-I/home/notlean/openwrt-uboost/staging_dir/host/include '
ac_cv_env_LDFLAGS_set=set
ac_cv_env_LDFLAGS_value='-L/home/notlean/openwrt-uboost/staging_dir/host/lib '
ac_cv_env_LIBS_set=
ac_cv_env_LIBS_value=
ac_cv_env_YACC_set=
ac_cv_env_YACC_value=
ac_cv_env_YFLAGS_set=
ac_cv_env_YFLAGS_value=
ac_cv_env_build_alias_set=set
ac_cv_env_build_alias_value=x86_64-pc-linux-gnu
ac_cv_env_host_alias_set=set
ac_cv_env_host_alias_value=x86_64-pc-linux-gnu
ac_cv_env_target_alias_set=set
ac_cv_env_target_alias_value=x86_64-pc-linux-gnu
ac_cv_func_fstat=yes
ac_cv_func_isgraph=yes
ac_cv_func_setvbuf=yes
ac_cv_func_strtol=yes
ac_cv_func_vprintf=yes
ac_cv_header_errno_h=yes
ac_cv_header_inttypes_h=yes
ac_cv_header_lib_h=no
ac_cv_header_limits_h=yes
ac_cv_header_minix_config_h=no
ac_cv_header_stdarg_h=yes
ac_cv_header_stddef_h=yes
ac_cv_header_stdint_h=yes
ac_cv_header_stdio_h=yes
ac_cv_header_stdlib_h=yes
ac_cv_header_string_h=yes
ac_cv_header_strings_h=yes
ac_cv_header_sys_stat_h=yes
ac_cv_header_sys_types_h=yes
ac_cv_header_unistd_h=yes
ac_cv_header_wchar_h=yes
ac_cv_lib_lex='none needed'
ac_cv_objext=o
ac_cv_path_install='/home/notlean/openwrt-uboost/staging_dir/host/bin/install -c'
ac_cv_path_mkdir=/usr/bin/mkdir
ac_cv_prog_AWK=gawk
ac_cv_prog_CC=gcc
ac_cv_prog_LEX=flex
ac_cv_prog_YACC='bison -y'
ac_cv_prog_ac_ct_AR=ar
ac_cv_prog_ac_ct_RANLIB=ranlib
ac_cv_prog_cc_c11=
ac_cv_prog_cc_g=yes
ac_cv_prog_cc_stdc=
ac_cv_prog_lex_root=lex.yy
ac_cv_prog_lex_yytext_pointer=yes
ac_cv_prog_make_make_set=yes
ac_cv_safe_to_define___extensions__=yes
ac_cv_search_yywrap=-lfl
ac_cv_should_define__xopen_source=no
ac_cv_type_ptrdiff_t=yes
ac_cv_type_size_t=yes
am_cv_CC_dependencies_compiler_type=none
am_cv_ar_interface=ar
am_cv_make_support_nested_variables=yes
am_cv_prog_cc_c_o=yes

## ----------------- ##
## Output variables. ##
## ----------------- ##

ACLOCAL='${SHELL} '\''/home/notlean/openwrt-uboost/build_dir/host/bc-1.07.1/missing'\'' aclocal-1.16'
AMDEPBACKSLASH=''
AMDEP_FALSE=''
AMDEP_TRUE='#'
AMTAR='$${TAR-tar}'
AM_BACKSLASH='\'
AM_DEFAULT_V='$(AM_DEFAULT_VERBOSITY)'
AM_DEFAULT_VERBOSITY='1'
AM_V='$(shell if ( test "x$(V)" = "x0" ); then echo 0; elif ( test "x$(V)" = "x" ); then echo $(AM_DEFAULT_VERBOSITY); else echo 1; fi)'
AR='ar'
AUTOCONF='${SHELL} '\''/home/notlean/openwrt-uboost/build_dir/host/bc-1.07.1/missing'\'' autoconf'
AUTOHEADER='${SHELL} '\''/home/notlean/openwrt-uboost/build_dir/host/bc-1.07.1/missing'\'' autoheader'
AUTOMAKE='${SHELL} '\''/home/notlean/openwrt-uboost/build_dir/host/bc-1.07.1/missing'\'' automake-1.16'
AWK='gawk'
BC_VERSION='1.07.1'
CC='gcc'
CCDEPMODE='depmode=none'
CFLAGS='-O2 -I/home/notlean/openwrt-uboost/staging_dir/host/include  -Wall -funsigned-char'
CPPFLAGS='-I/home/notlean/openwrt-uboost/staging_dir/host/include '
CSCOPE='cscope'
CTAGS='ctags'
CYGPATH_W='echo'
DC_VERSION='1.4.1'
DEFS='-DHAVE_CONFIG_H'
DEPDIR='.deps'
ECHO_C=''
ECHO_N='-n'
ECHO_T=''
ETAGS='etags'
EXEEXT=''
INSTALL_DATA='${INSTALL} -m 644'
INSTALL_PROGRAM='${INSTALL}'
INSTALL_SCRIPT='${INSTALL}'
INSTALL_STRIP_PROGRAM='$(install_sh) -c -s'
LDFLAGS='-L/home/notlean/openwrt-uboost/staging_dir/host/lib '
LEX='flex -I -8'
LEXLIB='-lfl '
LEX_OUTPUT_ROOT='lex.yy'
LIBOBJS=''
LIBS=''
LTLIBOBJS=''
MAKEINFO='${SHELL} '\''/home/notlean/openwrt-uboost/build_dir/host/bc-1.07.1/missing'\'' makeinfo'
MKDIR_P='/usr/bin/mkdir -p'
OBJEXT='o'
PACKAGE='bc'
PACKAGE_BUGREPORT=''
PACKAGE_NAME='bc'
PACKAGE_STRING='bc 1.07.1'
PACKAGE_TARNAME='bc'
PACKAGE_URL=''
PACKAGE_VERSION='1.07.1'
PATH_SEPARATOR=':'
RANLIB='ranlib'
READLINELIB=''
SET_MAKE=''
SHELL='/usr/bin/env bash'
STRIP=''
VERSION='1.07.1'
YACC='bison -y'
YFLAGS=''
ac_ct_AR='ar'
ac_ct_CC=''
am__EXEEXT_FALSE=''
am__EXEEXT_TRUE='#'
am__fastdepCC_FALSE=''
am__fastdepCC_TRUE='#'
am__include='include'
am__isrc=''
am__leading_dot='.'
am__nodep=''
am__quote=''
am__tar='$${TAR-tar} chof - "$$tardir"'
am__untar='$${TAR-tar} xf -'
bindir='${exec_prefix}/bin'
build_alias='x86_64-pc-linux-gnu'
datadir='${datarootdir}'
datarootdir='${prefix}/share'
docdir='${datarootdir}/doc/${PACKAGE_TARNAME}'
dvidir='${docdir}'
exec_prefix='/home/notlean/openwrt-uboost/staging_dir/host'
host_alias='x86_64-pc-linux-gnu'
htmldir='${docdir}'
includedir='${prefix}/include'
infodir='${datarootdir}/info'
install_sh='${SHELL} /home/notlean/openwrt-uboost/build_dir/host/bc-1.07.1/install-sh'
libdir='${exec_prefix}/lib'
libexecdir='${exec_prefix}/libexec'
localedir='${datarootdir}/locale'
localstatedir='/home/notlean/openwrt-uboost/staging_dir/host/var'
mandir='${datarootdir}/man'
mkdir_p='$(MKDIR_P)'
oldincludedir='/usr/include'
pdfdir='${docdir}'
prefix='/home/notlean/openwrt-uboost/staging_dir/host'
program_transform_name='s&$$&&;s&^&&'
psdir='${docdir}'
runstatedir='${localstatedir}/run'
sbindir='/home/notlean/openwrt-uboost/staging_dir/host/bin'
sharedstatedir='${prefix}/com'
sysconfdir='/home/notlean/openwrt-uboost/staging_dir/host/etc'
target_alias='x86_64-pc-linux-gnu'

## ----------- ##
## confdefs.h. ##
## ----------- ##

/* confdefs.h */
#define PACKAGE_NAME "bc"
#define PACKAGE_TARNAME "bc"
#define PACKAGE_VERSION "1.07.1"
#define PACKAGE_STRING "bc 1.07.1"
#define PACKAGE_BUGREPORT ""
#define PACKAGE_URL ""
#define PACKAGE "bc"
#define VERSION "1.07.1"
#define DC_VERSION "1.4.1"
#define BC_COPYRIGHT "Copyright 1991-1994, 1997, 1998, 2000, 2004, 2006, 2008, 2012-2017 Free Software Foundation, Inc."
#define DC_COPYRIGHT "Copyright 1994, 1997, 1998, 2000, 2001, 2003-2006, 2008, 2010, 2012-2017 Free Software Foundation, Inc."
#define HAVE_STDIO_H 1
#define HAVE_STDLIB_H 1
#define HAVE_STRING_H 1
#define HAVE_INTTYPES_H 1
#define HAVE_STDINT_H 1
#define HAVE_STRINGS_H 1
#define HAVE_SYS_STAT_H 1
#define HAVE_SYS_TYPES_H 1
#define HAVE_UNISTD_H 1
#define HAVE_WCHAR_H 1
#define HAVE_STDARG_H 1
#define HAVE_STDDEF_H 1
#define HAVE_ERRNO_H 1
#define HAVE_LIMITS_H 1
#define STDC_HEADERS 1
#define _ALL_SOURCE 1
#define _DARWIN_C_SOURCE 1
#define _GNU_SOURCE 1
#define _HPUX_ALT_XOPEN_SOCKET_API 1
#define _NETBSD_SOURCE 1
#define _OPENBSD_SOURCE 1
#define _POSIX_PTHREAD_SEMANTICS 1
#define __STDC_WANT_IEC_60559_ATTRIBS_EXT__ 1
#define __STDC_WANT_IEC_60559_BFP_EXT__ 1
#define __STDC_WANT_IEC_60559_DFP_EXT__ 1
#define __STDC_WANT_IEC_60559_EXT__ 1
#define __STDC_WANT_IEC_60559_FUNCS_EXT__ 1
#define __STDC_WANT_IEC_60559_TYPES_EXT__ 1
#define __STDC_WANT_LIB_EXT2__ 1
#define __STDC_WANT_MATH_SPEC_FUNCS__ 1
#define _TANDEM_SOURCE 1
#define __EXTENSIONS__ 1
#define YYTEXT_POINTER 1
#define HAVE_VPRINTF 1
#define HAVE_ISGRAPH 1
#define HAVE_SETVBUF 1
#define HAVE_FSTAT 1
#define HAVE_STRTOL 1

configure: exit 0
