This file contains any messages produced by compilers while
running configure, to aid debugging if configure makes a mistake.

It was created by quilt configure 0.67, which was
generated by GNU Autoconf 2.71.  Invocation command line was

  $ ./configure --target=x86_64-pc-linux-gnu --host=x86_64-pc-linux-gnu --build=x86_64-pc-linux-gnu --disable-dependency-tracking --program-prefix= --program-suffix= --prefix=/home/notlean/openwrt-uboost/staging_dir/host --exec-prefix=/home/notlean/openwrt-uboost/staging_dir/host --sysconfdir=/home/notlean/openwrt-uboost/staging_dir/host/etc --localstatedir=/home/notlean/openwrt-uboost/staging_dir/host/var --sbindir=/home/notlean/openwrt-uboost/staging_dir/host/bin

## --------- ##
## Platform. ##
## --------- ##

hostname = Notlean
uname -m = x86_64
uname -r = 6.14.0-33-generic
uname -s = Linux
uname -v = #33~24.04.1-Ubuntu SMP PREEMPT_DYNAMIC Fri Sep 19 17:02:30 UTC 2

/usr/bin/uname -p = x86_64
/bin/uname -X     = unknown

/bin/arch              = x86_64
/usr/bin/arch -k       = unknown
/usr/convex/getsysinfo = unknown
/usr/bin/hostinfo      = unknown
/bin/machine           = unknown
/usr/bin/oslevel       = unknown
/bin/universe          = unknown

PATH: /home/notlean/openwrt-uboost/staging_dir/toolchain-mipsel_24kc_gcc-12.3.0_musl/bin/
PATH: /home/notlean/openwrt-uboost/staging_dir/toolchain-mipsel_24kc_gcc-12.3.0_musl/bin/
PATH: /home/notlean/openwrt-uboost/staging_dir/host/bin/
PATH: /home/notlean/openwrt-uboost/staging_dir/toolchain-mipsel_24kc_gcc-12.3.0_musl/bin/
PATH: /home/notlean/openwrt-uboost/staging_dir/host/bin/
PATH: /home/notlean/openwrt-uboost/staging_dir/host/bin/
PATH: /usr/local/sbin/
PATH: /usr/local/bin/
PATH: /usr/sbin/
PATH: /usr/bin/
PATH: /sbin/
PATH: /bin/
PATH: /usr/games/
PATH: /usr/local/games/
PATH: /snap/bin/
PATH: /snap/bin/


## ----------- ##
## Core tests. ##
## ----------- ##

configure:1768: looking for aux files: install-sh
configure:1781:  trying ./config/
configure:1792:   ./config/install-sh found
configure:1944: checking for a BSD-compatible install
configure:2017: result: /home/notlean/openwrt-uboost/staging_dir/host/bin/install -c
configure:2029: checking whether #! works in shell scripts
configure:2047: result: yes
configure:2100: checking for bash
configure:2124: found /home/notlean/openwrt-uboost/staging_dir/host/bin/bash
configure:2136: result: /home/notlean/openwrt-uboost/staging_dir/host/bin/bash
configure:2171: checking whether /home/notlean/openwrt-uboost/staging_dir/host/bin/bash quoting works
configure:2174: result: yes
configure:2222: checking for gcp
configure:2261: result: no
configure:2222: checking for cp
configure:2246: found /home/notlean/openwrt-uboost/staging_dir/host/bin/cp
configure:2258: result: /home/notlean/openwrt-uboost/staging_dir/host/bin/cp
configure:2320: checking for gdate
configure:2359: result: no
configure:2320: checking for date
configure:2344: found /usr/bin/date
configure:2356: result: /usr/bin/date
configure:2388: checking whether /usr/bin/date --rfc-822 works
configure:2391: result: yes
configure:2439: checking for perl
configure:2463: found /home/notlean/openwrt-uboost/staging_dir/host/bin/perl
configure:2475: result: /home/notlean/openwrt-uboost/staging_dir/host/bin/perl
configure:2535: checking for grep
configure:2559: found /home/notlean/openwrt-uboost/staging_dir/host/bin/grep
configure:2571: result: /home/notlean/openwrt-uboost/staging_dir/host/bin/grep
configure:2592: checking whether /home/notlean/openwrt-uboost/staging_dir/host/bin/grep -q works
configure:2595: result: yes
configure:2607: checking whether /home/notlean/openwrt-uboost/staging_dir/host/bin/grep understands (foo|bar)
configure:2610: result: yes
configure:2657: checking for tail
configure:2681: found /usr/bin/tail
configure:2693: result: /usr/bin/tail
configure:2715: checking whether /usr/bin/tail -n works
configure:2718: result: yes
configure:2765: checking for tr
configure:2789: found /usr/bin/tr
configure:2801: result: /usr/bin/tr
configure:2822: checking whether /usr/bin/tr understands a-z 
configure:2825: result: yes
configure:2873: checking for stat
configure:2897: found /home/notlean/openwrt-uboost/staging_dir/host/bin/stat
configure:2909: result: /home/notlean/openwrt-uboost/staging_dir/host/bin/stat
configure:2930: checking whether /home/notlean/openwrt-uboost/staging_dir/host/bin/stat -c '%h' works
configure:2933: result: yes
configure:2991: checking for sed
configure:3015: found /home/notlean/openwrt-uboost/staging_dir/host/bin/sed
configure:3027: result: /home/notlean/openwrt-uboost/staging_dir/host/bin/sed
configure:3048: checking whether /home/notlean/openwrt-uboost/staging_dir/host/bin/sed understands (foo|bar)
configure:3051: result: yes
configure:3100: checking for gawk
configure:3124: found /usr/bin/gawk
configure:3136: result: /usr/bin/gawk
configure:3163: checking whether /usr/bin/gawk supports sub
configure:3166: result: yes
configure:3194: checking for pod2man
configure:3217: found /usr/bin/pod2man
configure:3229: result: /usr/bin/pod2man
configure:3277: checking for column
configure:3301: found /usr/bin/column
configure:3313: result: /usr/bin/column
configure:3371: checking for getopt
configure:3395: found /home/notlean/openwrt-uboost/staging_dir/host/bin/getopt
configure:3407: result: /home/notlean/openwrt-uboost/staging_dir/host/bin/getopt
configure:3433: checking for getopt --long syntax
configure:3440: result: yes
configure:3488: checking for mktemp
configure:3512: found /usr/bin/mktemp
configure:3524: result: /usr/bin/mktemp
configure:3549: checking whether /usr/bin/mktemp -d works
configure:3553: result: yes
configure:3601: checking for diff
configure:3625: found /home/notlean/openwrt-uboost/staging_dir/host/bin/diff
configure:3637: result: /home/notlean/openwrt-uboost/staging_dir/host/bin/diff
configure:3691: checking for patch
configure:3715: found /home/notlean/openwrt-uboost/staging_dir/host/bin/patch
configure:3727: result: /home/notlean/openwrt-uboost/staging_dir/host/bin/patch
configure:3749: checking the version of /home/notlean/openwrt-uboost/staging_dir/host/bin/diff
configure:3754: result: 3.10
configure:3777: checking the version of /home/notlean/openwrt-uboost/staging_dir/host/bin/patch
configure:3786: result: 2.7.6
configure:3841: checking for find
configure:3865: found /home/notlean/openwrt-uboost/staging_dir/host/bin/find
configure:3877: result: /home/notlean/openwrt-uboost/staging_dir/host/bin/find
configure:3898: checking whether /home/notlean/openwrt-uboost/staging_dir/host/bin/find -path works
configure:3901: result: yes
configure:3914: checking whether /home/notlean/openwrt-uboost/staging_dir/host/bin/find -print0 works
configure:3917: result: yes
configure:3964: checking for xargs
configure:3988: found /home/notlean/openwrt-uboost/staging_dir/host/bin/xargs
configure:4000: result: /home/notlean/openwrt-uboost/staging_dir/host/bin/xargs
configure:4021: checking whether /home/notlean/openwrt-uboost/staging_dir/host/bin/xargs -0 works
configure:4024: result: yes
configure:4066: checking for diffstat
configure:4105: result: no
configure:4113: WARNING: diffstat not found, some optional functionalities will be missing
configure:4199: checking for sendmail
configure:4238: result: no
configure:4261: WARNING: Using internal sendmail mechanism.  Use option '--with-sendmail' to override
configure:4273: checking for msgmerge
configure:4296: found /usr/bin/msgmerge
configure:4308: result: /usr/bin/msgmerge
configure:4318: checking for msgfmt
configure:4341: found /usr/bin/msgfmt
configure:4353: result: /usr/bin/msgfmt
configure:4363: checking for xgettext
configure:4386: found /usr/bin/xgettext
configure:4398: result: /usr/bin/xgettext
configure:4408: checking for msguniq
configure:4431: found /usr/bin/msguniq
configure:4443: result: /usr/bin/msguniq
configure:4453: checking for msgcat
configure:4476: found /usr/bin/msgcat
configure:4488: result: /usr/bin/msgcat
configure:4573: checking for rpmbuild
configure:4612: result: no
configure:4573: checking for rpm
configure:4612: result: no
configure:4626: WARNING: rpmbuild not found, some optional functionalities will be missing
configure:4669: checking for gmd5sum
configure:4708: result: no
configure:4669: checking for md5sum
configure:4693: found /usr/bin/md5sum
configure:4705: result: /usr/bin/md5sum
configure:4765: checking for 7zr
configure:4789: found /usr/bin/7zr
configure:4801: result: /usr/bin/7zr
configure:4977: creating ./config.status

## ---------------------- ##
## Running config.status. ##
## ---------------------- ##

This file was extended by quilt config.status 0.67, which was
generated by GNU Autoconf 2.71.  Invocation command line was

  CONFIG_FILES    = 
  CONFIG_HEADERS  = 
  CONFIG_LINKS    = 
  CONFIG_COMMANDS = 
  $ ./config.status 

on Notlean

config.status:744: creating Makefile
configure:5979: WARNING: unrecognized options: --disable-dependency-tracking
configure:5984: result: 
configure:5986: result: quilt version 0.67 configured.
configure:5988: result: 
configure:5990: result: Using '/home/notlean/openwrt-uboost/staging_dir/host' for installation prefix.
configure:5993: result: 
configure:5995: result: Report bugs to quilt-dev@nongnu.org

## ---------------- ##
## Cache variables. ##
## ---------------- ##

ac_cv_env_build_alias_set=set
ac_cv_env_build_alias_value=x86_64-pc-linux-gnu
ac_cv_env_host_alias_set=set
ac_cv_env_host_alias_value=x86_64-pc-linux-gnu
ac_cv_env_target_alias_set=set
ac_cv_env_target_alias_value=x86_64-pc-linux-gnu
ac_cv_path_AWK=/usr/bin/gawk
ac_cv_path_BASH=/home/notlean/openwrt-uboost/staging_dir/host/bin/bash
ac_cv_path_COLUMN=/usr/bin/column
ac_cv_path_CP=/home/notlean/openwrt-uboost/staging_dir/host/bin/cp
ac_cv_path_DATE=/usr/bin/date
ac_cv_path_DIFF=/home/notlean/openwrt-uboost/staging_dir/host/bin/diff
ac_cv_path_FIND=/home/notlean/openwrt-uboost/staging_dir/host/bin/find
ac_cv_path_GETOPT=/home/notlean/openwrt-uboost/staging_dir/host/bin/getopt
ac_cv_path_GREP=/home/notlean/openwrt-uboost/staging_dir/host/bin/grep
ac_cv_path_MD5SUM=/usr/bin/md5sum
ac_cv_path_MKTEMP=/usr/bin/mktemp
ac_cv_path_MSGCAT=/usr/bin/msgcat
ac_cv_path_MSGFMT=/usr/bin/msgfmt
ac_cv_path_MSGMERGE=/usr/bin/msgmerge
ac_cv_path_MSGUNIQ=/usr/bin/msguniq
ac_cv_path_P7ZIP=/usr/bin/7zr
ac_cv_path_PATCH=/home/notlean/openwrt-uboost/staging_dir/host/bin/patch
ac_cv_path_PERL=/home/notlean/openwrt-uboost/staging_dir/host/bin/perl
ac_cv_path_POD2MAN=/usr/bin/pod2man
ac_cv_path_SED=/home/notlean/openwrt-uboost/staging_dir/host/bin/sed
ac_cv_path_STAT=/home/notlean/openwrt-uboost/staging_dir/host/bin/stat
ac_cv_path_TAIL=/usr/bin/tail
ac_cv_path_TR=/usr/bin/tr
ac_cv_path_XARGS=/home/notlean/openwrt-uboost/staging_dir/host/bin/xargs
ac_cv_path_XGETTEXT=/usr/bin/xgettext
ac_cv_path_install='/home/notlean/openwrt-uboost/staging_dir/host/bin/install -c'
ac_cv_sys_interpreter=yes

## ----------------- ##
## Output variables. ##
## ----------------- ##

AWK='/usr/bin/gawk'
BASH='/home/notlean/openwrt-uboost/staging_dir/host/bin/bash'
COLUMN='/usr/bin/column'
COMPAT_PROGRAMS=' sendmail'
COMPAT_SYMLINKS=' awk 7z'
CP='/home/notlean/openwrt-uboost/staging_dir/host/bin/cp'
DATE='/usr/bin/date'
DEFS='-DPACKAGE_NAME=\"quilt\" -DPACKAGE_TARNAME=\"quilt\" -DPACKAGE_VERSION=\"0.67\" -DPACKAGE_STRING=\"quilt\ 0.67\" -DPACKAGE_BUGREPORT=\"quilt-dev@nongnu.org\" -DPACKAGE_URL=\"\"'
DIFF='/home/notlean/openwrt-uboost/staging_dir/host/bin/diff'
DIFFSTAT='diffstat'
ECHO_C=''
ECHO_N='-n'
ECHO_T=''
FIND='/home/notlean/openwrt-uboost/staging_dir/host/bin/find'
GETOPT='/home/notlean/openwrt-uboost/staging_dir/host/bin/getopt'
GREP='/home/notlean/openwrt-uboost/staging_dir/host/bin/grep'
INSTALL_DATA='${INSTALL} -m 644'
INSTALL_PROGRAM='${INSTALL}'
INSTALL_SCRIPT='${INSTALL}'
LIBOBJS=''
LIBS=''
LTLIBOBJS=''
MD5SUM='/usr/bin/md5sum'
MKTEMP='/usr/bin/mktemp'
MSGCAT='/usr/bin/msgcat'
MSGFMT='/usr/bin/msgfmt'
MSGMERGE='/usr/bin/msgmerge'
MSGUNIQ='/usr/bin/msguniq'
P7ZIP='/usr/bin/7zr'
PACKAGE_BUGREPORT='quilt-dev@nongnu.org'
PACKAGE_NAME='quilt'
PACKAGE_RELEASE='1'
PACKAGE_STRING='quilt 0.67'
PACKAGE_TARNAME='quilt'
PACKAGE_URL=''
PACKAGE_VERSION='0.67'
PATCH='/home/notlean/openwrt-uboost/staging_dir/host/bin/patch'
PATCH_WRAPPER=''
PATH_SEPARATOR=':'
PERL='/home/notlean/openwrt-uboost/staging_dir/host/bin/perl'
POD2MAN='/usr/bin/pod2man'
RPMBUILD='rpmbuild'
SED='/home/notlean/openwrt-uboost/staging_dir/host/bin/sed'
SENDMAIL='sendmail'
SHELL='/usr/bin/env bash'
STAT='/home/notlean/openwrt-uboost/staging_dir/host/bin/stat'
STAT_HARDLINK='-c '\''%h'\'''
TAIL='/usr/bin/tail'
TR='/usr/bin/tr'
USE_NLS='yes'
XARGS='/home/notlean/openwrt-uboost/staging_dir/host/bin/xargs'
XGETTEXT='/usr/bin/xgettext'
bindir='${exec_prefix}/bin'
build_alias='x86_64-pc-linux-gnu'
datadir='${datarootdir}'
datarootdir='${prefix}/share'
docdir='${datarootdir}/doc/${PACKAGE_TARNAME}'
dvidir='${docdir}'
exec_prefix='/home/notlean/openwrt-uboost/staging_dir/host'
host_alias='x86_64-pc-linux-gnu'
htmldir='${docdir}'
includedir='${prefix}/include'
infodir='${datarootdir}/info'
libdir='${exec_prefix}/lib'
libexecdir='${exec_prefix}/libexec'
localedir='${datarootdir}/locale'
localstatedir='/home/notlean/openwrt-uboost/staging_dir/host/var'
mandir='${datarootdir}/man'
oldincludedir='/usr/include'
pdfdir='${docdir}'
prefix='/home/notlean/openwrt-uboost/staging_dir/host'
program_transform_name='s,x,x,'
psdir='${docdir}'
runstatedir='${localstatedir}/run'
sbindir='/home/notlean/openwrt-uboost/staging_dir/host/bin'
sharedstatedir='${prefix}/com'
sysconfdir='/home/notlean/openwrt-uboost/staging_dir/host/etc'
target_alias='x86_64-pc-linux-gnu'

## ----------- ##
## confdefs.h. ##
## ----------- ##

/* confdefs.h */
#define PACKAGE_NAME "quilt"
#define PACKAGE_TARNAME "quilt"
#define PACKAGE_VERSION "0.67"
#define PACKAGE_STRING "quilt 0.67"
#define PACKAGE_BUGREPORT "quilt-dev@nongnu.org"
#define PACKAGE_URL ""

configure: exit 0
