This file contains any messages produced by compilers while
running configure, to aid debugging if configure makes a mistake.

It was created by configure, which was
generated by GNU Autoconf 2.69.  Invocation command line was

  $ ./configure --prefix=/home/notlean/openwrt-uboost/staging_dir/toolchain-mipsel_24kc_gcc-12.3.0_musl --build=x86_64-pc-linux-gnu --host=x86_64-pc-linux-gnu --target=mipsel-openwrt-linux-musl --with-sysroot=/home/notlean/openwrt-uboost/staging_dir/toolchain-mipsel_24kc_gcc-12.3.0_musl --with-system-zlib --with-zstd --enable-deterministic-archives --enable-plugins --enable-lto --disable-gprofng --disable-multilib --disable-werror --disable-nls --disable-sim --disable-gdb --without-isl --without-cloog --with-float=soft --enable-libssp

## --------- ##
## Platform. ##
## --------- ##

hostname = Notlean
uname -m = x86_64
uname -r = 6.14.0-33-generic
uname -s = Linux
uname -v = #33~24.04.1-Ubuntu SMP PREEMPT_DYNAMIC Fri Sep 19 17:02:30 UTC 2

/usr/bin/uname -p = x86_64
/bin/uname -X     = unknown

/bin/arch              = x86_64
/usr/bin/arch -k       = unknown
/usr/convex/getsysinfo = unknown
/usr/bin/hostinfo      = unknown
/bin/machine           = unknown
/usr/bin/oslevel       = unknown
/bin/universe          = unknown

PATH: /home/notlean/openwrt-uboost/staging_dir/toolchain-mipsel_24kc_gcc-12.3.0_musl/bin
PATH: /home/notlean/openwrt-uboost/staging_dir/toolchain-mipsel_24kc_gcc-12.3.0_musl/bin
PATH: /home/notlean/openwrt-uboost/staging_dir/host/bin
PATH: /home/notlean/openwrt-uboost/staging_dir/toolchain-mipsel_24kc_gcc-12.3.0_musl/bin
PATH: /home/notlean/openwrt-uboost/staging_dir/host/bin
PATH: /home/notlean/openwrt-uboost/staging_dir/host/bin
PATH: /usr/local/sbin
PATH: /usr/local/bin
PATH: /usr/sbin
PATH: /usr/bin
PATH: /sbin
PATH: /bin
PATH: /usr/games
PATH: /usr/local/games
PATH: /snap/bin
PATH: /snap/bin


## ----------- ##
## Core tests. ##
## ----------- ##

configure:2392: checking build system type
configure:2406: result: x86_64-pc-linux-gnu
configure:2453: checking host system type
configure:2466: result: x86_64-pc-linux-gnu
configure:2486: checking target system type
configure:2499: result: mipsel-openwrt-linux-musl
configure:2553: checking for a BSD-compatible install
configure:2621: result: /home/notlean/openwrt-uboost/staging_dir/host/bin/install -c
configure:2632: checking whether ln works
configure:2654: result: yes
configure:2658: checking whether ln -s works
configure:2662: result: yes
configure:2669: checking for a sed that does not truncate output
configure:2733: result: /home/notlean/openwrt-uboost/staging_dir/host/bin/sed
configure:2742: checking for gawk
configure:2758: found /usr/bin/gawk
configure:2769: result: gawk
configure:4210: checking for x86_64-pc-linux-gnu-gcc
configure:4237: result: gcc
configure:4506: checking for C compiler version
configure:4515: gcc --version >&5
gcc (Ubuntu 13.3.0-6ubuntu2~24.04) 13.3.0
Copyright (C) 2023 Free Software Foundation, Inc.
This is free software; see the source for copying conditions.  There is NO
warranty; not even for MERCHANTABILITY or FITNESS FOR A PARTICULAR PURPOSE.

configure:4526: $? = 0
configure:4515: gcc -v >&5
Using built-in specs.
COLLECT_GCC=gcc
COLLECT_LTO_WRAPPER=/usr/libexec/gcc/x86_64-linux-gnu/13/lto-wrapper
OFFLOAD_TARGET_NAMES=nvptx-none:amdgcn-amdhsa
OFFLOAD_TARGET_DEFAULT=1
Target: x86_64-linux-gnu
Configured with: ../src/configure -v --with-pkgversion='Ubuntu 13.3.0-6ubuntu2~24.04' --with-bugurl=file:///usr/share/doc/gcc-13/README.Bugs --enable-languages=c,ada,c++,go,d,fortran,objc,obj-c++,m2 --prefix=/usr --with-gcc-major-version-only --program-suffix=-13 --program-prefix=x86_64-linux-gnu- --enable-shared --enable-linker-build-id --libexecdir=/usr/libexec --without-included-gettext --enable-threads=posix --libdir=/usr/lib --enable-nls --enable-bootstrap --enable-clocale=gnu --enable-libstdcxx-debug --enable-libstdcxx-time=yes --with-default-libstdcxx-abi=new --enable-libstdcxx-backtrace --enable-gnu-unique-object --disable-vtable-verify --enable-plugin --enable-default-pie --with-system-zlib --enable-libphobos-checking=release --with-target-system-zlib=auto --enable-objc-gc=auto --enable-multiarch --disable-werror --enable-cet --with-arch-32=i686 --with-abi=m64 --with-multilib-list=m32,m64,mx32 --enable-multilib --with-tune=generic --enable-offload-targets=nvptx-none=/build/gcc-13-fG75Ri/gcc-13-13.3.0/debian/tmp-nvptx/usr,amdgcn-amdhsa=/build/gcc-13-fG75Ri/gcc-13-13.3.0/debian/tmp-gcn/usr --enable-offload-defaulted --without-cuda-driver --enable-checking=release --build=x86_64-linux-gnu --host=x86_64-linux-gnu --target=x86_64-linux-gnu --with-build-config=bootstrap-lto-lean --enable-link-serialization=2
Thread model: posix
Supported LTO compression algorithms: zlib zstd
gcc version 13.3.0 (Ubuntu 13.3.0-6ubuntu2~24.04) 
... rest of stderr output deleted ...
configure:4526: $? = 0
configure:4515: gcc -V >&5
gcc: error: unrecognized command-line option '-V'
gcc: fatal error: no input files
compilation terminated.
configure:4526: $? = 1
configure:4515: gcc -qversion >&5
gcc: error: unrecognized command-line option '-qversion'; did you mean '--version'?
gcc: fatal error: no input files
compilation terminated.
configure:4526: $? = 1
configure:4546: checking whether the C compiler works
configure:4568: gcc -O2 -I/home/notlean/openwrt-uboost/staging_dir/host/include  -I/home/notlean/openwrt-uboost/staging_dir/host/include  -L/home/notlean/openwrt-uboost/staging_dir/host/lib  conftest.c  >&5
configure:4572: $? = 0
configure:4620: result: yes
configure:4623: checking for C compiler default output file name
configure:4625: result: a.out
configure:4631: checking for suffix of executables
configure:4638: gcc -o conftest -O2 -I/home/notlean/openwrt-uboost/staging_dir/host/include  -I/home/notlean/openwrt-uboost/staging_dir/host/include  -L/home/notlean/openwrt-uboost/staging_dir/host/lib  conftest.c  >&5
configure:4642: $? = 0
configure:4664: result: 
configure:4686: checking whether we are cross compiling
configure:4694: gcc -o conftest -O2 -I/home/notlean/openwrt-uboost/staging_dir/host/include  -I/home/notlean/openwrt-uboost/staging_dir/host/include  -L/home/notlean/openwrt-uboost/staging_dir/host/lib  conftest.c  >&5
configure:4698: $? = 0
configure:4705: ./conftest
configure:4709: $? = 0
configure:4724: result: no
configure:4729: checking for suffix of object files
configure:4751: gcc -c -O2 -I/home/notlean/openwrt-uboost/staging_dir/host/include  -I/home/notlean/openwrt-uboost/staging_dir/host/include  conftest.c >&5
configure:4755: $? = 0
configure:4776: result: o
configure:4780: checking whether we are using the GNU C compiler
configure:4799: gcc -c -O2 -I/home/notlean/openwrt-uboost/staging_dir/host/include  -I/home/notlean/openwrt-uboost/staging_dir/host/include  conftest.c >&5
configure:4799: $? = 0
configure:4808: result: yes
configure:4817: checking whether gcc accepts -g
configure:4837: gcc -c -g -I/home/notlean/openwrt-uboost/staging_dir/host/include  conftest.c >&5
configure:4837: $? = 0
configure:4878: result: yes
configure:4895: checking for gcc option to accept ISO C89
configure:4958: gcc  -c -O2 -I/home/notlean/openwrt-uboost/staging_dir/host/include  -I/home/notlean/openwrt-uboost/staging_dir/host/include  conftest.c >&5
configure:4958: $? = 0
configure:4971: result: none needed
configure:4991: checking for gcc option to accept ISO C99
configure:5140: gcc  -c -O2 -I/home/notlean/openwrt-uboost/staging_dir/host/include  -I/home/notlean/openwrt-uboost/staging_dir/host/include  conftest.c >&5
configure:5140: $? = 0
configure:5153: result: none needed
configure:5280: checking for C++ compiler version
configure:5289: g++ --version >&5
g++ (Ubuntu 13.3.0-6ubuntu2~24.04) 13.3.0
Copyright (C) 2023 Free Software Foundation, Inc.
This is free software; see the source for copying conditions.  There is NO
warranty; not even for MERCHANTABILITY or FITNESS FOR A PARTICULAR PURPOSE.

configure:5300: $? = 0
configure:5289: g++ -v >&5
Using built-in specs.
COLLECT_GCC=g++
COLLECT_LTO_WRAPPER=/usr/libexec/gcc/x86_64-linux-gnu/13/lto-wrapper
OFFLOAD_TARGET_NAMES=nvptx-none:amdgcn-amdhsa
OFFLOAD_TARGET_DEFAULT=1
Target: x86_64-linux-gnu
Configured with: ../src/configure -v --with-pkgversion='Ubuntu 13.3.0-6ubuntu2~24.04' --with-bugurl=file:///usr/share/doc/gcc-13/README.Bugs --enable-languages=c,ada,c++,go,d,fortran,objc,obj-c++,m2 --prefix=/usr --with-gcc-major-version-only --program-suffix=-13 --program-prefix=x86_64-linux-gnu- --enable-shared --enable-linker-build-id --libexecdir=/usr/libexec --without-included-gettext --enable-threads=posix --libdir=/usr/lib --enable-nls --enable-bootstrap --enable-clocale=gnu --enable-libstdcxx-debug --enable-libstdcxx-time=yes --with-default-libstdcxx-abi=new --enable-libstdcxx-backtrace --enable-gnu-unique-object --disable-vtable-verify --enable-plugin --enable-default-pie --with-system-zlib --enable-libphobos-checking=release --with-target-system-zlib=auto --enable-objc-gc=auto --enable-multiarch --disable-werror --enable-cet --with-arch-32=i686 --with-abi=m64 --with-multilib-list=m32,m64,mx32 --enable-multilib --with-tune=generic --enable-offload-targets=nvptx-none=/build/gcc-13-fG75Ri/gcc-13-13.3.0/debian/tmp-nvptx/usr,amdgcn-amdhsa=/build/gcc-13-fG75Ri/gcc-13-13.3.0/debian/tmp-gcn/usr --enable-offload-defaulted --without-cuda-driver --enable-checking=release --build=x86_64-linux-gnu --host=x86_64-linux-gnu --target=x86_64-linux-gnu --with-build-config=bootstrap-lto-lean --enable-link-serialization=2
Thread model: posix
Supported LTO compression algorithms: zlib zstd
gcc version 13.3.0 (Ubuntu 13.3.0-6ubuntu2~24.04) 
... rest of stderr output deleted ...
configure:5300: $? = 0
configure:5289: g++ -V >&5
g++: error: unrecognized command-line option '-V'
g++: fatal error: no input files
compilation terminated.
configure:5300: $? = 1
configure:5289: g++ -qversion >&5
g++: error: unrecognized command-line option '-qversion'; did you mean '--version'?
g++: fatal error: no input files
compilation terminated.
configure:5300: $? = 1
configure:5304: checking whether we are using the GNU C++ compiler
configure:5323: g++ -c  -I/home/notlean/openwrt-uboost/staging_dir/host/include  conftest.cpp >&5
configure:5323: $? = 0
configure:5332: result: yes
configure:5341: checking whether g++ accepts -g
configure:5361: g++ -c -g -I/home/notlean/openwrt-uboost/staging_dir/host/include  conftest.cpp >&5
configure:5361: $? = 0
configure:5402: result: yes
configure:5451: checking whether g++ accepts -static-libstdc++ -static-libgcc
configure:5468: g++ -o conftest  -I/home/notlean/openwrt-uboost/staging_dir/host/include  -L/home/notlean/openwrt-uboost/staging_dir/host/lib  -static-libstdc++ -static-libgcc conftest.cpp  >&5
configure:5468: $? = 0
configure:5469: result: yes
configure:5493: checking for x86_64-pc-linux-gnu-gnatbind
configure:5523: result: no
configure:5533: checking for gnatbind
configure:5563: result: no
configure:5585: checking for x86_64-pc-linux-gnu-gnatmake
configure:5615: result: no
configure:5625: checking for gnatmake
configure:5655: result: no
configure:5674: checking whether compiler driver understands Ada and is recent enough
configure:5701: result: false
configure:5715: checking for x86_64-pc-linux-gnu-gdc
configure:5745: result: no
configure:5755: checking for gdc
configure:5785: result: no
configure:5804: checking whether the D compiler works
configure:5821: result: no
configure:5829: checking how to compare bootstrapped objects
configure:5854: result: cmp --ignore-initial=16 $$f1 $$f2
configure:7998: checking for objdir
configure:8013: result: .libs
configure:9782: checking for default BUILD_CONFIG
configure:9814: result: 
configure:9819: checking for --enable-vtable-verify
configure:9832: result: no
configure:10485: checking for bison
configure:10501: found /home/notlean/openwrt-uboost/staging_dir/host/bin/bison
configure:10512: result: bison -y
configure:10532: checking for bison
configure:10548: found /home/notlean/openwrt-uboost/staging_dir/host/bin/bison
configure:10559: result: bison
configure:10579: checking for gm4
configure:10606: result: /home/notlean/openwrt-uboost/staging_dir/host/bin/m4
configure:10626: checking for flex
configure:10642: found /home/notlean/openwrt-uboost/staging_dir/host/bin/flex
configure:10653: result: flex
configure:10674: checking for flex
configure:10690: found /home/notlean/openwrt-uboost/staging_dir/host/bin/flex
configure:10701: result: flex
configure:10721: checking for makeinfo
configure:10737: found /home/notlean/openwrt-uboost/staging_dir/host/bin/makeinfo
configure:10748: result: makeinfo
configure:10782: checking for expect
configure:10812: result: no
configure:10831: checking for runtest
configure:10861: result: no
configure:10937: checking for x86_64-pc-linux-gnu-ar
configure:10967: result: no
configure:10976: checking for ar
configure:10992: found /usr/bin/ar
configure:11003: result: ar
configure:11078: checking for x86_64-pc-linux-gnu-as
configure:11108: result: no
configure:11117: checking for as
configure:11133: found /usr/bin/as
configure:11144: result: as
configure:11219: checking for x86_64-pc-linux-gnu-dlltool
configure:11249: result: no
configure:11258: checking for dlltool
configure:11288: result: no
configure:11360: checking for x86_64-pc-linux-gnu-dsymutil
configure:11390: result: no
configure:11399: checking for dsymutil
configure:11429: result: no
configure:11501: checking for x86_64-pc-linux-gnu-ld
configure:11531: result: no
configure:11540: checking for ld
configure:11556: found /usr/bin/ld
configure:11567: result: ld
configure:11642: checking for x86_64-pc-linux-gnu-lipo
configure:11672: result: no
configure:11681: checking for lipo
configure:11711: result: no
configure:11783: checking for x86_64-pc-linux-gnu-nm
configure:11813: result: no
configure:11822: checking for nm
configure:11838: found /usr/bin/nm
configure:11849: result: nm
configure:11924: checking for x86_64-pc-linux-gnu-ranlib
configure:11954: result: no
configure:11963: checking for ranlib
configure:11979: found /usr/bin/ranlib
configure:11990: result: ranlib
configure:12060: checking for x86_64-pc-linux-gnu-strip
configure:12090: result: no
configure:12099: checking for strip
configure:12115: found /usr/bin/strip
configure:12126: result: strip
configure:12196: checking for x86_64-pc-linux-gnu-windres
configure:12226: result: no
configure:12235: checking for windres
configure:12265: result: no
configure:12337: checking for x86_64-pc-linux-gnu-windmc
configure:12367: result: no
configure:12376: checking for windmc
configure:12406: result: no
configure:12478: checking for x86_64-pc-linux-gnu-objcopy
configure:12508: result: no
configure:12517: checking for objcopy
configure:12533: found /usr/bin/objcopy
configure:12544: result: objcopy
configure:12619: checking for x86_64-pc-linux-gnu-objdump
configure:12649: result: no
configure:12658: checking for objdump
configure:12674: found /usr/bin/objdump
configure:12685: result: objdump
configure:12760: checking for x86_64-pc-linux-gnu-otool
configure:12790: result: no
configure:12799: checking for otool
configure:12829: result: no
configure:12901: checking for x86_64-pc-linux-gnu-readelf
configure:12931: result: no
configure:12940: checking for readelf
configure:12956: found /usr/bin/readelf
configure:12967: result: readelf
configure:12996: checking for -plugin option
configure:13014: checking for x86_64-pc-linux-gnu-ar
configure:13041: result: ar
configure:13116: result: --plugin /usr/libexec/gcc/x86_64-linux-gnu/13/liblto_plugin.so
configure:13224: checking for mipsel-openwrt-linux-musl-cc
configure:13254: result: no
configure:13224: checking for mipsel-openwrt-linux-musl-gcc
configure:13254: result: no
configure:13385: checking for mipsel-openwrt-linux-musl-c++
configure:13415: result: no
configure:13385: checking for mipsel-openwrt-linux-musl-g++
configure:13415: result: no
configure:13385: checking for mipsel-openwrt-linux-musl-cxx
configure:13415: result: no
configure:13385: checking for mipsel-openwrt-linux-musl-gxx
configure:13415: result: no
configure:13546: checking for mipsel-openwrt-linux-musl-gcc
configure:13576: result: no
configure:13702: checking for mipsel-openwrt-linux-musl-gfortran
configure:13732: result: no
configure:13863: checking for mipsel-openwrt-linux-musl-gccgo
configure:13893: result: no
configure:14024: checking for mipsel-openwrt-linux-musl-gdc
configure:14054: result: no
configure:14265: checking for mipsel-openwrt-linux-musl-ar
configure:14295: result: no
configure:14495: checking for mipsel-openwrt-linux-musl-as
configure:14525: result: no
configure:14725: checking for mipsel-openwrt-linux-musl-dlltool
configure:14755: result: no
configure:14955: checking for mipsel-openwrt-linux-musl-dsymutil
configure:14985: result: no
configure:15185: checking for mipsel-openwrt-linux-musl-ld
configure:15215: result: no
configure:15415: checking for mipsel-openwrt-linux-musl-lipo
configure:15445: result: no
configure:15645: checking for mipsel-openwrt-linux-musl-nm
configure:15675: result: no
configure:15875: checking for mipsel-openwrt-linux-musl-objcopy
configure:15905: result: no
configure:16105: checking for mipsel-openwrt-linux-musl-objdump
configure:16135: result: no
configure:16335: checking for mipsel-openwrt-linux-musl-otool
configure:16365: result: no
configure:16565: checking for mipsel-openwrt-linux-musl-ranlib
configure:16595: result: no
configure:16795: checking for mipsel-openwrt-linux-musl-readelf
configure:16825: result: no
configure:17025: checking for mipsel-openwrt-linux-musl-strip
configure:17055: result: no
configure:17255: checking for mipsel-openwrt-linux-musl-windres
configure:17285: result: no
configure:17485: checking for mipsel-openwrt-linux-musl-windmc
configure:17515: result: no
configure:17582: checking where to find the target ar
configure:17605: result: just compiled
configure:17624: checking where to find the target as
configure:17647: result: just compiled
configure:17666: checking where to find the target cc
configure:17703: result: pre-installed
configure:17708: checking where to find the target c++
configure:17748: result: pre-installed
configure:17753: checking where to find the target c++ for libstdc++
configure:17793: result: pre-installed
configure:17798: checking where to find the target dlltool
configure:17821: result: just compiled
configure:17840: checking where to find the target dsymutil
configure:17866: result: pre-installed
configure:17871: checking where to find the target gcc
configure:17908: result: pre-installed
configure:17913: checking where to find the target gfortran
configure:17953: result: pre-installed
configure:17958: checking where to find the target gccgo
configure:17998: result: pre-installed
configure:18003: checking where to find the target gdc
configure:18043: result: pre-installed
configure:18048: checking where to find the target ld
configure:18071: result: just compiled
configure:18090: checking where to find the target lipo
configure:18116: result: pre-installed
configure:18121: checking where to find the target nm
configure:18144: result: just compiled
configure:18163: checking where to find the target objcopy
configure:18186: result: just compiled
configure:18205: checking where to find the target objdump
configure:18228: result: just compiled
configure:18247: checking where to find the target otool
configure:18273: result: pre-installed
configure:18278: checking where to find the target ranlib
configure:18301: result: just compiled
configure:18320: checking where to find the target readelf
configure:18343: result: just compiled
configure:18362: checking where to find the target strip
configure:18385: result: just compiled
configure:18404: checking where to find the target windres
configure:18427: result: just compiled
configure:18446: checking where to find the target windmc
configure:18469: result: just compiled
configure:18516: checking whether to enable maintainer-specific portions of Makefiles
configure:18525: result: no
configure:18760: creating ./config.status

## ---------------------- ##
## Running config.status. ##
## ---------------------- ##

This file was extended by config.status, which was
generated by GNU Autoconf 2.69.  Invocation command line was

  CONFIG_FILES    = 
  CONFIG_HEADERS  = 
  CONFIG_LINKS    = 
  CONFIG_COMMANDS = 
  $ ./config.status 

on Notlean

config.status:1006: creating Makefile

## ---------------- ##
## Cache variables. ##
## ---------------- ##

ac_cv_build=x86_64-pc-linux-gnu
ac_cv_c_compiler_gnu=yes
ac_cv_cxx_compiler_gnu=yes
ac_cv_env_AR_FOR_TARGET_set=
ac_cv_env_AR_FOR_TARGET_value=
ac_cv_env_AR_set=
ac_cv_env_AR_value=
ac_cv_env_AS_FOR_TARGET_set=
ac_cv_env_AS_FOR_TARGET_value=
ac_cv_env_AS_set=
ac_cv_env_AS_value=
ac_cv_env_CCC_set=
ac_cv_env_CCC_value=
ac_cv_env_CC_FOR_TARGET_set=
ac_cv_env_CC_FOR_TARGET_value=
ac_cv_env_CC_set=set
ac_cv_env_CC_value=gcc
ac_cv_env_CFLAGS_set=set
ac_cv_env_CFLAGS_value='-O2 -I/home/notlean/openwrt-uboost/staging_dir/host/include '
ac_cv_env_CPPFLAGS_set=set
ac_cv_env_CPPFLAGS_value='-I/home/notlean/openwrt-uboost/staging_dir/host/include '
ac_cv_env_CXXFLAGS_set=set
ac_cv_env_CXXFLAGS_value=
ac_cv_env_CXX_FOR_TARGET_set=
ac_cv_env_CXX_FOR_TARGET_value=
ac_cv_env_CXX_set=set
ac_cv_env_CXX_value=g++
ac_cv_env_DLLTOOL_FOR_TARGET_set=
ac_cv_env_DLLTOOL_FOR_TARGET_value=
ac_cv_env_DLLTOOL_set=
ac_cv_env_DLLTOOL_value=
ac_cv_env_DSYMUTIL_FOR_TARGET_set=
ac_cv_env_DSYMUTIL_FOR_TARGET_value=
ac_cv_env_DSYMUTIL_set=
ac_cv_env_DSYMUTIL_value=
ac_cv_env_GCC_FOR_TARGET_set=
ac_cv_env_GCC_FOR_TARGET_value=
ac_cv_env_GDC_FOR_TARGET_set=
ac_cv_env_GDC_FOR_TARGET_value=
ac_cv_env_GFORTRAN_FOR_TARGET_set=
ac_cv_env_GFORTRAN_FOR_TARGET_value=
ac_cv_env_GOC_FOR_TARGET_set=
ac_cv_env_GOC_FOR_TARGET_value=
ac_cv_env_LDFLAGS_set=set
ac_cv_env_LDFLAGS_value='-L/home/notlean/openwrt-uboost/staging_dir/host/lib '
ac_cv_env_LD_FOR_TARGET_set=
ac_cv_env_LD_FOR_TARGET_value=
ac_cv_env_LD_set=
ac_cv_env_LD_value=
ac_cv_env_LIBS_set=
ac_cv_env_LIBS_value=
ac_cv_env_LIPO_FOR_TARGET_set=
ac_cv_env_LIPO_FOR_TARGET_value=
ac_cv_env_LIPO_set=
ac_cv_env_LIPO_value=
ac_cv_env_NM_FOR_TARGET_set=
ac_cv_env_NM_FOR_TARGET_value=
ac_cv_env_NM_set=
ac_cv_env_NM_value=
ac_cv_env_OBJCOPY_FOR_TARGET_set=
ac_cv_env_OBJCOPY_FOR_TARGET_value=
ac_cv_env_OBJCOPY_set=
ac_cv_env_OBJCOPY_value=
ac_cv_env_OBJDUMP_FOR_TARGET_set=
ac_cv_env_OBJDUMP_FOR_TARGET_value=
ac_cv_env_OBJDUMP_set=
ac_cv_env_OBJDUMP_value=
ac_cv_env_OTOOL_FOR_TARGET_set=
ac_cv_env_OTOOL_FOR_TARGET_value=
ac_cv_env_OTOOL_set=
ac_cv_env_OTOOL_value=
ac_cv_env_RANLIB_FOR_TARGET_set=
ac_cv_env_RANLIB_FOR_TARGET_value=
ac_cv_env_RANLIB_set=
ac_cv_env_RANLIB_value=
ac_cv_env_READELF_FOR_TARGET_set=
ac_cv_env_READELF_FOR_TARGET_value=
ac_cv_env_READELF_set=
ac_cv_env_READELF_value=
ac_cv_env_STRIP_FOR_TARGET_set=
ac_cv_env_STRIP_FOR_TARGET_value=
ac_cv_env_STRIP_set=
ac_cv_env_STRIP_value=
ac_cv_env_WINDMC_FOR_TARGET_set=
ac_cv_env_WINDMC_FOR_TARGET_value=
ac_cv_env_WINDMC_set=
ac_cv_env_WINDMC_value=
ac_cv_env_WINDRES_FOR_TARGET_set=
ac_cv_env_WINDRES_FOR_TARGET_value=
ac_cv_env_WINDRES_set=
ac_cv_env_WINDRES_value=
ac_cv_env_build_alias_set=set
ac_cv_env_build_alias_value=x86_64-pc-linux-gnu
ac_cv_env_build_configargs_set=
ac_cv_env_build_configargs_value=
ac_cv_env_host_alias_set=set
ac_cv_env_host_alias_value=x86_64-pc-linux-gnu
ac_cv_env_host_configargs_set=
ac_cv_env_host_configargs_value=
ac_cv_env_target_alias_set=set
ac_cv_env_target_alias_value=mipsel-openwrt-linux-musl
ac_cv_env_target_configargs_set=
ac_cv_env_target_configargs_value=
ac_cv_host=x86_64-pc-linux-gnu
ac_cv_objext=o
ac_cv_path_SED=/home/notlean/openwrt-uboost/staging_dir/host/bin/sed
ac_cv_path_install='/home/notlean/openwrt-uboost/staging_dir/host/bin/install -c'
ac_cv_prog_AR=ar
ac_cv_prog_AS=as
ac_cv_prog_AWK=gawk
ac_cv_prog_BISON=bison
ac_cv_prog_CC=gcc
ac_cv_prog_FLEX=flex
ac_cv_prog_LD=ld
ac_cv_prog_LEX=flex
ac_cv_prog_M4=/home/notlean/openwrt-uboost/staging_dir/host/bin/m4
ac_cv_prog_MAKEINFO=makeinfo
ac_cv_prog_NM=nm
ac_cv_prog_OBJCOPY=objcopy
ac_cv_prog_OBJDUMP=objdump
ac_cv_prog_RANLIB=ranlib
ac_cv_prog_READELF=readelf
ac_cv_prog_STRIP=strip
ac_cv_prog_YACC='bison -y'
ac_cv_prog_cc_c89=
ac_cv_prog_cc_c99=
ac_cv_prog_cc_g=yes
ac_cv_prog_cxx_g=yes
ac_cv_target=mipsel-openwrt-linux-musl
acx_cv_cc_gcc_supports_ada=false
acx_cv_d_compiler_works=no
acx_cv_prog_LN=ln
gcc_cv_prog_cmp_skip='cmp --ignore-initial=16 $$f1 $$f2'
gcc_cv_tool_dirs=
gcc_cv_tool_prefix=/home/notlean/openwrt-uboost/staging_dir/toolchain-mipsel_24kc_gcc-12.3.0_musl
lt_cv_objdir=.libs

## ----------------- ##
## Output variables. ##
## ----------------- ##

AR='ar'
AR_FOR_BUILD='$(AR)'
AR_FOR_TARGET='$$r/$(HOST_SUBDIR)/binutils/ar'
AR_PLUGIN_OPTION='--plugin /usr/libexec/gcc/x86_64-linux-gnu/13/liblto_plugin.so'
AS='as'
AS_FOR_BUILD='$(AS)'
AS_FOR_TARGET='$$r/$(HOST_SUBDIR)/gas/as-new'
AWK='gawk'
BISON='bison'
BUILD_CONFIG=''
CC='gcc'
CC_FOR_BUILD='$(CC)'
CC_FOR_TARGET='mipsel-openwrt-linux-musl-cc'
CFLAGS='-O2 -I/home/notlean/openwrt-uboost/staging_dir/host/include '
CFLAGS_FOR_BUILD='-O2 -I/home/notlean/openwrt-uboost/staging_dir/host/include '
CFLAGS_FOR_TARGET='-g -O2'
COMPILER_AS_FOR_TARGET='$(AS_FOR_TARGET)'
COMPILER_LD_FOR_TARGET='$(LD_FOR_TARGET)'
COMPILER_NM_FOR_TARGET='$(NM_FOR_TARGET)'
CONFIGURE_GDB_TK=''
CPPFLAGS='-I/home/notlean/openwrt-uboost/staging_dir/host/include '
CPPFLAGS_FOR_BUILD='-I/home/notlean/openwrt-uboost/staging_dir/host/include '
CPP_FOR_BUILD=''
CXX='g++'
CXXFLAGS=''
CXXFLAGS_FOR_BUILD=''
CXXFLAGS_FOR_TARGET='-g -O2'
CXX_FOR_BUILD='$(CXX)'
CXX_FOR_TARGET='mipsel-openwrt-linux-musl-c++'
DEBUG_PREFIX_CFLAGS_FOR_TARGET=''
DEFS='-DPACKAGE_NAME=\"\" -DPACKAGE_TARNAME=\"\" -DPACKAGE_VERSION=\"\" -DPACKAGE_STRING=\"\" -DPACKAGE_BUGREPORT=\"\" -DPACKAGE_URL=\"\" -DLT_OBJDIR=\".libs/\"'
DLLTOOL='dlltool'
DLLTOOL_FOR_BUILD='$(DLLTOOL)'
DLLTOOL_FOR_TARGET='$$r/$(HOST_SUBDIR)/binutils/dlltool'
DSYMUTIL='dsymutil'
DSYMUTIL_FOR_BUILD='$(DSYMUTIL)'
DSYMUTIL_FOR_TARGET='mipsel-openwrt-linux-musl-dsymutil'
ECHO_C=''
ECHO_N='-n'
ECHO_T=''
EXEEXT=''
EXPECT='expect'
FLAGS_FOR_TARGET=' -L$$r/$(HOST_SUBDIR)/ld'
FLEX='flex'
GCC_FOR_TARGET='mipsel-openwrt-linux-musl-gcc'
GCC_SHLIB_SUBDIR=''
GDB_TK=''
GDC='no'
GDCFLAGS=''
GDC_FOR_BUILD='$(GDC)'
GDC_FOR_TARGET='mipsel-openwrt-linux-musl-gdc'
GFORTRAN_FOR_BUILD='$(GFORTRAN)'
GFORTRAN_FOR_TARGET='mipsel-openwrt-linux-musl-gfortran'
GNATBIND='no'
GNATMAKE='no'
GOC_FOR_BUILD='$(GOC)'
GOC_FOR_TARGET='mipsel-openwrt-linux-musl-gccgo'
HAVE_CXX11=''
HAVE_CXX11_FOR_BUILD=''
INSTALL_DATA='${INSTALL} -m 644'
INSTALL_GDB_TK=''
INSTALL_PROGRAM='${INSTALL}'
INSTALL_SCRIPT='${INSTALL}'
LD='ld'
LDFLAGS='-L/home/notlean/openwrt-uboost/staging_dir/host/lib '
LDFLAGS_FOR_BUILD='-L/home/notlean/openwrt-uboost/staging_dir/host/lib '
LDFLAGS_FOR_TARGET=''
LD_FOR_BUILD='$(LD)'
LD_FOR_TARGET='$$r/$(HOST_SUBDIR)/ld/ld-new'
LEX='flex'
LIBOBJS=''
LIBS=''
LIPO='lipo'
LIPO_FOR_TARGET='mipsel-openwrt-linux-musl-lipo'
LN='ln'
LN_S='ln -s'
LTLIBOBJS=''
M4='/home/notlean/openwrt-uboost/staging_dir/host/bin/m4'
MAINT='#'
MAINTAINER_MODE_FALSE=''
MAINTAINER_MODE_TRUE='#'
MAKEINFO='/home/notlean/openwrt-uboost/build_dir/toolchain-mipsel_24kc_gcc-12.3.0_musl/binutils-2.40/missing makeinfo'
NM='nm'
NM_FOR_BUILD='$(NM)'
NM_FOR_TARGET='$$r/$(HOST_SUBDIR)/binutils/nm-new'
OBJCOPY='objcopy'
OBJCOPY_FOR_TARGET='$$r/$(HOST_SUBDIR)/binutils/objcopy'
OBJDUMP='objdump'
OBJDUMP_FOR_TARGET='$$r/$(HOST_SUBDIR)/binutils/objdump'
OBJEXT='o'
OTOOL='otool'
OTOOL_FOR_TARGET='mipsel-openwrt-linux-musl-otool'
PACKAGE_BUGREPORT=''
PACKAGE_NAME=''
PACKAGE_STRING=''
PACKAGE_TARNAME=''
PACKAGE_URL=''
PACKAGE_VERSION=''
PATH_SEPARATOR=':'
PGO_BUILD_GEN_CFLAGS=''
PGO_BUILD_LTO_CFLAGS=''
PGO_BUILD_USE_CFLAGS=''
PKG_CONFIG_PATH='/home/notlean/openwrt-uboost/staging_dir/host/lib/pkgconfig:/home/notlean/openwrt-uboost/staging_dir/toolchain-mipsel_24kc_gcc-12.3.0_musl/lib/pkgconfig'
RANLIB='ranlib'
RANLIB_FOR_BUILD='$(RANLIB)'
RANLIB_FOR_TARGET='$$r/$(HOST_SUBDIR)/binutils/ranlib'
RANLIB_PLUGIN_OPTION='--plugin /usr/libexec/gcc/x86_64-linux-gnu/13/liblto_plugin.so'
RAW_CXX_FOR_TARGET='mipsel-openwrt-linux-musl-c++'
READELF='readelf'
READELF_FOR_TARGET='$$r/$(HOST_SUBDIR)/binutils/readelf'
RPATH_ENVVAR='LD_LIBRARY_PATH'
RUNTEST='runtest'
SED='/home/notlean/openwrt-uboost/staging_dir/host/bin/sed'
SHELL='/usr/bin/env bash'
STRIP='strip'
STRIP_FOR_TARGET='$$r/$(HOST_SUBDIR)/binutils/strip-new'
SYSROOT_CFLAGS_FOR_TARGET=''
TOPLEVEL_CONFIGURE_ARGUMENTS='./configure --prefix=/home/notlean/openwrt-uboost/staging_dir/toolchain-mipsel_24kc_gcc-12.3.0_musl --build=x86_64-pc-linux-gnu --host=x86_64-pc-linux-gnu --target=mipsel-openwrt-linux-musl --with-sysroot=/home/notlean/openwrt-uboost/staging_dir/toolchain-mipsel_24kc_gcc-12.3.0_musl --with-system-zlib --with-zstd --enable-deterministic-archives --enable-plugins --enable-lto --disable-gprofng --disable-multilib --disable-werror --disable-nls --disable-sim --disable-gdb --without-isl --without-cloog --with-float=soft --enable-libssp'
WINDMC='windmc'
WINDMC_FOR_BUILD='$(WINDMC)'
WINDMC_FOR_TARGET='$$r/$(HOST_SUBDIR)/binutils/windmc'
WINDRES='windres'
WINDRES_FOR_BUILD='$(WINDRES)'
WINDRES_FOR_TARGET='$$r/$(HOST_SUBDIR)/binutils/windres'
YACC='bison -y'
ac_ct_CC=''
ac_ct_CXX=''
bindir='${exec_prefix}/bin'
build='x86_64-pc-linux-gnu'
build_alias='x86_64-pc-linux-gnu'
build_configargs=' --cache-file=./config.cache '\''--prefix=/home/notlean/openwrt-uboost/staging_dir/toolchain-mipsel_24kc_gcc-12.3.0_musl'\'' '\''--with-sysroot=/home/notlean/openwrt-uboost/staging_dir/toolchain-mipsel_24kc_gcc-12.3.0_musl'\'' '\''--with-system-zlib'\'' '\''--with-zstd'\'' '\''--enable-deterministic-archives'\'' '\''--enable-plugins'\'' '\''--enable-lto'\'' '\''--disable-gprofng'\'' '\''--disable-multilib'\'' '\''--disable-werror'\'' '\''--disable-nls'\'' '\''--disable-sim'\'' '\''--disable-gdb'\'' '\''--without-isl'\'' '\''--without-cloog'\'' '\''--with-float=soft'\'' '\''--enable-libssp'\'' --program-transform-name='\''s&^&mipsel-openwrt-linux-musl-&'\'' --disable-option-checking --disable-year2038'
build_configdirs=' libiberty'
build_cpu='x86_64'
build_libsubdir='build-x86_64-pc-linux-gnu'
build_noncanonical='x86_64-pc-linux-gnu'
build_os='linux-gnu'
build_subdir='build-x86_64-pc-linux-gnu'
build_tooldir='${exec_prefix}/mipsel-openwrt-linux-musl'
build_vendor='pc'
compare_exclusions='gcc/cc*-checksum$(objext) | gcc/ada/*tools/*'
configdirs=' intl libiberty opcodes bfd libctf libsframe binutils gas ld gprof etc'
datadir='${datarootdir}'
datarootdir='${prefix}/share'
do_compare='cmp --ignore-initial=16 $$f1 $$f2'
docdir='${datarootdir}/doc/${PACKAGE}'
dvidir='${docdir}'
exec_prefix='${prefix}'
extra_host_libiberty_configure_flags=''
extra_host_zlib_configure_flags=''
extra_isl_gmp_configure_flags=''
extra_liboffloadmic_configure_flags=''
extra_linker_plugin_configure_flags=''
extra_linker_plugin_flags=''
extra_mpc_gmp_configure_flags=''
extra_mpc_mpfr_configure_flags=''
extra_mpfr_configure_flags=''
get_gcc_base_ver='cat'
gmpinc=''
gmplibs='-lmpfr -lgmp'
host='x86_64-pc-linux-gnu'
host_alias='x86_64-pc-linux-gnu'
host_configargs=' --cache-file=./config.cache  --with-gnu-as --with-gnu-ld --with-system-zlib '\''--prefix=/home/notlean/openwrt-uboost/staging_dir/toolchain-mipsel_24kc_gcc-12.3.0_musl'\'' '\''--with-sysroot=/home/notlean/openwrt-uboost/staging_dir/toolchain-mipsel_24kc_gcc-12.3.0_musl'\'' '\''--with-system-zlib'\'' '\''--with-zstd'\'' '\''--enable-deterministic-archives'\'' '\''--enable-plugins'\'' '\''--enable-lto'\'' '\''--disable-gprofng'\'' '\''--disable-multilib'\'' '\''--disable-werror'\'' '\''--disable-nls'\'' '\''--disable-sim'\'' '\''--disable-gdb'\'' '\''--without-isl'\'' '\''--without-cloog'\'' '\''--with-float=soft'\'' '\''--enable-libssp'\'' --program-transform-name='\''s&^&mipsel-openwrt-linux-musl-&'\'' --disable-option-checking --disable-year2038'
host_cpu='x86_64'
host_noncanonical='x86_64-pc-linux-gnu'
host_os='linux-gnu'
host_shared='no'
host_subdir='.'
host_vendor='pc'
htmldir='${docdir}'
includedir='${prefix}/include'
infodir='${datarootdir}/info'
islinc=''
isllibs=''
libdir='${exec_prefix}/lib'
libexecdir='${exec_prefix}/libexec'
localedir='${datarootdir}/locale'
localstatedir='${prefix}/var'
mandir='${datarootdir}/man'
oldincludedir='/usr/include'
pdfdir='${docdir}'
poststage1_ldflags='-static-libstdc++ -static-libgcc'
poststage1_libs=''
prefix='/home/notlean/openwrt-uboost/staging_dir/toolchain-mipsel_24kc_gcc-12.3.0_musl'
program_transform_name='s&^&mipsel-openwrt-linux-musl-&'
psdir='${docdir}'
sbindir='${exec_prefix}/sbin'
sharedstatedir='${prefix}/com'
stage1_cflags='-g'
stage1_checking='--enable-checking=yes,types'
stage1_languages=',c,'
stage1_ldflags=''
stage1_libs=''
stage2_werror_flag=''
sysconfdir='${prefix}/etc'
target='mipsel-openwrt-linux-musl'
target_alias='mipsel-openwrt-linux-musl'
target_configargs='--cache-file=./config.cache --with-cross-host=x86_64-pc-linux-gnu   '\''--prefix=/home/notlean/openwrt-uboost/staging_dir/toolchain-mipsel_24kc_gcc-12.3.0_musl'\'' '\''--with-sysroot=/home/notlean/openwrt-uboost/staging_dir/toolchain-mipsel_24kc_gcc-12.3.0_musl'\'' '\''--with-system-zlib'\'' '\''--with-zstd'\'' '\''--enable-deterministic-archives'\'' '\''--enable-plugins'\'' '\''--enable-lto'\'' '\''--disable-gprofng'\'' '\''--disable-multilib'\'' '\''--disable-werror'\'' '\''--disable-nls'\'' '\''--disable-sim'\'' '\''--disable-gdb'\'' '\''--without-cloog'\'' '\''--with-float=soft'\'' '\''--enable-libssp'\'' --program-transform-name='\''s&^&mipsel-openwrt-linux-musl-&'\'' --disable-option-checking --disable-year2038'
target_configdirs=''
target_cpu='mipsel'
target_noncanonical='mipsel-openwrt-linux-musl'
target_os='linux-musl'
target_subdir='mipsel-openwrt-linux-musl'
target_vendor='openwrt'
tooldir='${exec_prefix}/mipsel-openwrt-linux-musl'

## ------------------- ##
## File substitutions. ##
## ------------------- ##

alphaieee_frag='/dev/null'
host_makefile_frag='/dev/null'
ospace_frag='/dev/null'
serialization_dependencies='serdep.tmp'
target_makefile_frag='./config/mt-mips-gnu'

## ----------- ##
## confdefs.h. ##
## ----------- ##

/* confdefs.h */
#define PACKAGE_NAME ""
#define PACKAGE_TARNAME ""
#define PACKAGE_VERSION ""
#define PACKAGE_STRING ""
#define PACKAGE_BUGREPORT ""
#define PACKAGE_URL ""
#define LT_OBJDIR ".libs/"

configure: exit 0
