This file contains any messages produced by compilers while
running configure, to aid debugging if configure makes a mistake.

It was created by MPFR configure 4.2.0, which was
generated by GNU Autoconf 2.71.  Invocation command line was

  $ ./configure --target=x86_64-pc-linux-gnu --host=x86_64-pc-linux-gnu --build=x86_64-pc-linux-gnu --disable-dependency-tracking --program-prefix= --program-suffix= --prefix=/home/notlean/openwrt-uboost/staging_dir/host --exec-prefix=/home/notlean/openwrt-uboost/staging_dir/host --sysconfdir=/home/notlean/openwrt-uboost/staging_dir/host/etc --localstatedir=/home/notlean/openwrt-uboost/staging_dir/host/var --sbindir=/home/notlean/openwrt-uboost/staging_dir/host/bin --enable-static --disable-shared --enable-thread-safe --with-gmp=/home/notlean/openwrt-uboost/staging_dir/host

## --------- ##
## Platform. ##
## --------- ##

hostname = Notlean
uname -m = x86_64
uname -r = 6.14.0-33-generic
uname -s = Linux
uname -v = #33~24.04.1-Ubuntu SMP PREEMPT_DYNAMIC Fri Sep 19 17:02:30 UTC 2

/usr/bin/uname -p = x86_64
/bin/uname -X     = unknown

/bin/arch              = x86_64
/usr/bin/arch -k       = unknown
/usr/convex/getsysinfo = unknown
/usr/bin/hostinfo      = unknown
/bin/machine           = unknown
/usr/bin/oslevel       = unknown
/bin/universe          = unknown

PATH: /home/notlean/openwrt-uboost/staging_dir/toolchain-mipsel_24kc_gcc-12.3.0_musl/bin/
PATH: /home/notlean/openwrt-uboost/staging_dir/toolchain-mipsel_24kc_gcc-12.3.0_musl/bin/
PATH: /home/notlean/openwrt-uboost/staging_dir/host/bin/
PATH: /home/notlean/openwrt-uboost/staging_dir/toolchain-mipsel_24kc_gcc-12.3.0_musl/bin/
PATH: /home/notlean/openwrt-uboost/staging_dir/host/bin/
PATH: /home/notlean/openwrt-uboost/staging_dir/host/bin/
PATH: /usr/local/sbin/
PATH: /usr/local/bin/
PATH: /usr/sbin/
PATH: /usr/bin/
PATH: /sbin/
PATH: /bin/
PATH: /usr/games/
PATH: /usr/local/games/
PATH: /snap/bin/
PATH: /snap/bin/


## ----------- ##
## Core tests. ##
## ----------- ##

configure:2866: looking for aux files: ltmain.sh ar-lib compile missing install-sh config.guess config.sub
configure:2879:  trying ./
configure:2908:   ./ltmain.sh found
configure:2908:   ./ar-lib found
configure:2908:   ./compile found
configure:2908:   ./missing found
configure:2890:   ./install-sh found
configure:2908:   ./config.guess found
configure:2908:   ./config.sub found
configure:3027: checking build system type
configure:3042: result: x86_64-pc-linux-gnu
configure:3062: checking host system type
configure:3076: result: x86_64-pc-linux-gnu
configure:3114: checking for a BSD-compatible install
configure:3187: result: /home/notlean/openwrt-uboost/staging_dir/host/bin/install -c
configure:3198: checking whether build environment is sane
configure:3253: result: yes
configure:3412: checking for a race-free mkdir -p
configure:3456: result: /usr/bin/mkdir -p
configure:3463: checking for gawk
configure:3484: found /usr/bin/gawk
configure:3495: result: gawk
configure:3506: checking whether make sets $(MAKE)
configure:3529: result: yes
configure:3559: checking whether make supports nested variables
configure:3577: result: yes
configure:3709: checking whether to enable maintainer-specific portions of Makefiles
configure:3719: result: yes
configure:3743: checking for grep that handles long lines and -e
configure:3807: result: /home/notlean/openwrt-uboost/staging_dir/host/bin/grep
configure:3812: checking for egrep
configure:3880: result: /home/notlean/openwrt-uboost/staging_dir/host/bin/grep -E
configure:3885: checking for a sed that does not truncate output
configure:3955: result: /home/notlean/openwrt-uboost/staging_dir/host/bin/sed
configure:4372: checking whether configure options are compatible
configure:4395: result: yes
configure:4482: checking for x86_64-pc-linux-gnu-gcc
configure:4514: result: gcc
configure:4912: checking for C compiler version
configure:4921: gcc --version >&5
gcc (Ubuntu 13.3.0-6ubuntu2~24.04) 13.3.0
Copyright (C) 2023 Free Software Foundation, Inc.
This is free software; see the source for copying conditions.  There is NO
warranty; not even for MERCHANTABILITY or FITNESS FOR A PARTICULAR PURPOSE.

configure:4932: $? = 0
configure:4921: gcc -v >&5
Using built-in specs.
COLLECT_GCC=gcc
COLLECT_LTO_WRAPPER=/usr/libexec/gcc/x86_64-linux-gnu/13/lto-wrapper
OFFLOAD_TARGET_NAMES=nvptx-none:amdgcn-amdhsa
OFFLOAD_TARGET_DEFAULT=1
Target: x86_64-linux-gnu
Configured with: ../src/configure -v --with-pkgversion='Ubuntu 13.3.0-6ubuntu2~24.04' --with-bugurl=file:///usr/share/doc/gcc-13/README.Bugs --enable-languages=c,ada,c++,go,d,fortran,objc,obj-c++,m2 --prefix=/usr --with-gcc-major-version-only --program-suffix=-13 --program-prefix=x86_64-linux-gnu- --enable-shared --enable-linker-build-id --libexecdir=/usr/libexec --without-included-gettext --enable-threads=posix --libdir=/usr/lib --enable-nls --enable-bootstrap --enable-clocale=gnu --enable-libstdcxx-debug --enable-libstdcxx-time=yes --with-default-libstdcxx-abi=new --enable-libstdcxx-backtrace --enable-gnu-unique-object --disable-vtable-verify --enable-plugin --enable-default-pie --with-system-zlib --enable-libphobos-checking=release --with-target-system-zlib=auto --enable-objc-gc=auto --enable-multiarch --disable-werror --enable-cet --with-arch-32=i686 --with-abi=m64 --with-multilib-list=m32,m64,mx32 --enable-multilib --with-tune=generic --enable-offload-targets=nvptx-none=/build/gcc-13-fG75Ri/gcc-13-13.3.0/debian/tmp-nvptx/usr,amdgcn-amdhsa=/build/gcc-13-fG75Ri/gcc-13-13.3.0/debian/tmp-gcn/usr --enable-offload-defaulted --without-cuda-driver --enable-checking=release --build=x86_64-linux-gnu --host=x86_64-linux-gnu --target=x86_64-linux-gnu --with-build-config=bootstrap-lto-lean --enable-link-serialization=2
Thread model: posix
Supported LTO compression algorithms: zlib zstd
gcc version 13.3.0 (Ubuntu 13.3.0-6ubuntu2~24.04) 
... rest of stderr output deleted ...
configure:4932: $? = 0
configure:4921: gcc -V >&5
gcc: error: unrecognized command-line option '-V'
gcc: fatal error: no input files
compilation terminated.
configure:4932: $? = 1
configure:4921: gcc -qversion >&5
gcc: error: unrecognized command-line option '-qversion'; did you mean '--version'?
gcc: fatal error: no input files
compilation terminated.
configure:4932: $? = 1
configure:4921: gcc -version >&5
gcc: error: unrecognized command-line option '-version'
gcc: fatal error: no input files
compilation terminated.
configure:4932: $? = 1
configure:4952: checking whether the C compiler works
configure:4974: gcc -O2 -I/home/notlean/openwrt-uboost/staging_dir/host/include  -I/home/notlean/openwrt-uboost/staging_dir/host/include  -I/home/notlean/openwrt-uboost/staging_dir/host/include -L/home/notlean/openwrt-uboost/staging_dir/host/lib  -L/home/notlean/openwrt-uboost/staging_dir/host/lib conftest.c  >&5
configure:4978: $? = 0
configure:5028: result: yes
configure:5031: checking for C compiler default output file name
configure:5033: result: a.out
configure:5039: checking for suffix of executables
configure:5046: gcc -o conftest -O2 -I/home/notlean/openwrt-uboost/staging_dir/host/include  -I/home/notlean/openwrt-uboost/staging_dir/host/include  -I/home/notlean/openwrt-uboost/staging_dir/host/include -L/home/notlean/openwrt-uboost/staging_dir/host/lib  -L/home/notlean/openwrt-uboost/staging_dir/host/lib conftest.c  >&5
configure:5050: $? = 0
configure:5073: result: 
configure:5095: checking whether we are cross compiling
configure:5103: gcc -o conftest -O2 -I/home/notlean/openwrt-uboost/staging_dir/host/include  -I/home/notlean/openwrt-uboost/staging_dir/host/include  -I/home/notlean/openwrt-uboost/staging_dir/host/include -L/home/notlean/openwrt-uboost/staging_dir/host/lib  -L/home/notlean/openwrt-uboost/staging_dir/host/lib conftest.c  >&5
configure:5107: $? = 0
configure:5114: ./conftest
configure:5118: $? = 0
configure:5133: result: no
configure:5138: checking for suffix of object files
configure:5161: gcc -c -O2 -I/home/notlean/openwrt-uboost/staging_dir/host/include  -I/home/notlean/openwrt-uboost/staging_dir/host/include  -I/home/notlean/openwrt-uboost/staging_dir/host/include conftest.c >&5
configure:5165: $? = 0
configure:5187: result: o
configure:5191: checking whether the compiler supports GNU C
configure:5211: gcc -c -O2 -I/home/notlean/openwrt-uboost/staging_dir/host/include  -I/home/notlean/openwrt-uboost/staging_dir/host/include  -I/home/notlean/openwrt-uboost/staging_dir/host/include conftest.c >&5
configure:5211: $? = 0
configure:5221: result: yes
configure:5232: checking whether gcc accepts -g
configure:5253: gcc -c -g -I/home/notlean/openwrt-uboost/staging_dir/host/include  -I/home/notlean/openwrt-uboost/staging_dir/host/include conftest.c >&5
configure:5253: $? = 0
configure:5297: result: yes
configure:5317: checking for gcc option to enable C11 features
configure:5332: gcc  -c -O2 -I/home/notlean/openwrt-uboost/staging_dir/host/include  -I/home/notlean/openwrt-uboost/staging_dir/host/include  -I/home/notlean/openwrt-uboost/staging_dir/host/include conftest.c >&5
configure:5332: $? = 0
configure:5350: result: none needed
configure:5466: checking whether gcc understands -c and -o together
configure:5489: gcc -c conftest.c -o conftest2.o
configure:5492: $? = 0
configure:5489: gcc -c conftest.c -o conftest2.o
configure:5492: $? = 0
configure:5504: result: yes
configure:5524: checking whether make supports the include directive
configure:5539: make -f confmf.GNU && cat confinc.out
make[4]: Entering directory '/home/notlean/openwrt-uboost/build_dir/host/mpfr-4.2.0'
make[4]: Leaving directory '/home/notlean/openwrt-uboost/build_dir/host/mpfr-4.2.0'
this is the am__doit target
configure:5542: $? = 0
configure:5561: result: yes (GNU style)
configure:5587: checking dependency style of gcc
configure:5699: result: none
configure:5719: checking how to run the C preprocessor
configure:5745: gcc -E -I/home/notlean/openwrt-uboost/staging_dir/host/include  -I/home/notlean/openwrt-uboost/staging_dir/host/include conftest.c
configure:5745: $? = 0
configure:5760: gcc -E -I/home/notlean/openwrt-uboost/staging_dir/host/include  -I/home/notlean/openwrt-uboost/staging_dir/host/include conftest.c
conftest.c:9:10: fatal error: ac_nonexistent.h: No such file or directory
    9 | #include <ac_nonexistent.h>
      |          ^~~~~~~~~~~~~~~~~~
compilation terminated.
configure:5760: $? = 1
configure: failed program was:
| /* confdefs.h */
| #define PACKAGE_NAME "MPFR"
| #define PACKAGE_TARNAME "mpfr"
| #define PACKAGE_VERSION "4.2.0"
| #define PACKAGE_STRING "MPFR 4.2.0"
| #define PACKAGE_BUGREPORT ""
| #define PACKAGE_URL ""
| /* end confdefs.h.  */
| #include <ac_nonexistent.h>
configure:5787: result: gcc -E
configure:5801: gcc -E -I/home/notlean/openwrt-uboost/staging_dir/host/include  -I/home/notlean/openwrt-uboost/staging_dir/host/include conftest.c
configure:5801: $? = 0
configure:5816: gcc -E -I/home/notlean/openwrt-uboost/staging_dir/host/include  -I/home/notlean/openwrt-uboost/staging_dir/host/include conftest.c
conftest.c:9:10: fatal error: ac_nonexistent.h: No such file or directory
    9 | #include <ac_nonexistent.h>
      |          ^~~~~~~~~~~~~~~~~~
compilation terminated.
configure:5816: $? = 1
configure: failed program was:
| /* confdefs.h */
| #define PACKAGE_NAME "MPFR"
| #define PACKAGE_TARNAME "mpfr"
| #define PACKAGE_VERSION "4.2.0"
| #define PACKAGE_STRING "MPFR 4.2.0"
| #define PACKAGE_BUGREPORT ""
| #define PACKAGE_URL ""
| /* end confdefs.h.  */
| #include <ac_nonexistent.h>
configure:5860: checking for x86_64-pc-linux-gnu-ar
configure:5895: result: no
configure:5860: checking for x86_64-pc-linux-gnu-lib
configure:5895: result: no
configure:5860: checking for x86_64-pc-linux-gnu-link
configure:5895: result: no
configure:5909: checking for ar
configure:5930: found /usr/bin/ar
configure:5941: result: ar
configure:5967: checking the archiver (ar) interface
configure:5984: gcc -c -O2 -I/home/notlean/openwrt-uboost/staging_dir/host/include  -I/home/notlean/openwrt-uboost/staging_dir/host/include  -I/home/notlean/openwrt-uboost/staging_dir/host/include conftest.c >&5
configure:5984: $? = 0
configure:5987: ar cru libconftest.a conftest.o >&5
ar: `u' modifier ignored since `D' is the default (see `U')
configure:5990: $? = 0
configure:6018: result: ar
configure:6086: checking how to print strings
configure:6113: result: printf
configure:6134: checking for a sed that does not truncate output
configure:6204: result: /home/notlean/openwrt-uboost/staging_dir/host/bin/sed
configure:6221: checking for fgrep
configure:6289: result: /home/notlean/openwrt-uboost/staging_dir/host/bin/grep -F
configure:6325: checking for ld used by gcc
configure:6393: result: /usr/bin/ld
configure:6400: checking if the linker (/usr/bin/ld) is GNU ld
configure:6416: result: yes
configure:6428: checking for BSD- or MS-compatible name lister (nm)
configure:6483: result: /usr/bin/nm -B
configure:6623: checking the name lister (/usr/bin/nm -B) interface
configure:6631: gcc -c -O2 -I/home/notlean/openwrt-uboost/staging_dir/host/include  -I/home/notlean/openwrt-uboost/staging_dir/host/include  -I/home/notlean/openwrt-uboost/staging_dir/host/include conftest.c >&5
configure:6634: /usr/bin/nm -B "conftest.o"
configure:6637: output
0000000000000000 B some_variable
configure:6644: result: BSD nm
configure:6647: checking whether ln -s works
configure:6651: result: yes
configure:6659: checking the maximum length of command line arguments
configure:6791: result: 1572864
configure:6839: checking how to convert x86_64-pc-linux-gnu file names to x86_64-pc-linux-gnu format
configure:6880: result: func_convert_file_noop
configure:6887: checking how to convert x86_64-pc-linux-gnu file names to toolchain format
configure:6908: result: func_convert_file_noop
configure:6915: checking for /usr/bin/ld option to reload object files
configure:6923: result: -r
configure:6957: checking for x86_64-pc-linux-gnu-file
configure:6992: result: no
configure:7002: checking for file
configure:7023: found /home/notlean/openwrt-uboost/staging_dir/host/bin/file
configure:7034: result: file
configure:7065: checking for x86_64-pc-linux-gnu-objdump
configure:7100: result: no
configure:7110: checking for objdump
configure:7131: found /usr/bin/objdump
configure:7142: result: objdump
configure:7171: checking how to recognize dependent libraries
configure:7372: result: pass_all
configure:7417: checking for x86_64-pc-linux-gnu-dlltool
configure:7452: result: no
configure:7462: checking for dlltool
configure:7497: result: no
configure:7524: checking how to associate runtime and link libraries
configure:7552: result: printf %s\n
configure:7568: checking for x86_64-pc-linux-gnu-ar
configure:7600: result: ar
configure:7702: checking for archiver @FILE support
configure:7720: gcc -c -O2 -I/home/notlean/openwrt-uboost/staging_dir/host/include  -I/home/notlean/openwrt-uboost/staging_dir/host/include  -I/home/notlean/openwrt-uboost/staging_dir/host/include conftest.c >&5
configure:7720: $? = 0
configure:7724: ar cr libconftest.a @conftest.lst >&5
configure:7727: $? = 0
configure:7732: ar cr libconftest.a @conftest.lst >&5
ar: conftest.o: No such file or directory
configure:7735: $? = 1
configure:7747: result: @
configure:7765: checking for x86_64-pc-linux-gnu-strip
configure:7800: result: no
configure:7810: checking for strip
configure:7831: found /usr/bin/strip
configure:7842: result: strip
configure:7874: checking for x86_64-pc-linux-gnu-ranlib
configure:7909: result: no
configure:7919: checking for ranlib
configure:7940: found /usr/bin/ranlib
configure:7951: result: ranlib
configure:8053: checking command to parse /usr/bin/nm -B output from gcc object
configure:8207: gcc -c -O2 -I/home/notlean/openwrt-uboost/staging_dir/host/include  -I/home/notlean/openwrt-uboost/staging_dir/host/include  -I/home/notlean/openwrt-uboost/staging_dir/host/include conftest.c >&5
configure:8210: $? = 0
configure:8214: /usr/bin/nm -B conftest.o \| /home/notlean/openwrt-uboost/staging_dir/host/bin/sed -n -e 's/^.*[ ]\([ABCDGIRSTW][ABCDGIRSTW]*\)[ ][ ]*\([_A-Za-z][_A-Za-z0-9]*\)$/\1 \2 \2/p' | /home/notlean/openwrt-uboost/staging_dir/host/bin/sed '/ __gnu_lto/d' \> conftest.nm
configure:8217: $? = 0
configure:8283: gcc -o conftest -O2 -I/home/notlean/openwrt-uboost/staging_dir/host/include  -I/home/notlean/openwrt-uboost/staging_dir/host/include  -I/home/notlean/openwrt-uboost/staging_dir/host/include -L/home/notlean/openwrt-uboost/staging_dir/host/lib  -L/home/notlean/openwrt-uboost/staging_dir/host/lib conftest.c conftstm.o >&5
configure:8286: $? = 0
configure:8324: result: ok
configure:8371: checking for sysroot
configure:8402: result: no
configure:8409: checking for a working dd
configure:8453: result: /usr/bin/dd
configure:8457: checking how to truncate binary pipes
configure:8473: result: /usr/bin/dd bs=4096 count=1
configure:8610: gcc -c -O2 -I/home/notlean/openwrt-uboost/staging_dir/host/include  -I/home/notlean/openwrt-uboost/staging_dir/host/include  -I/home/notlean/openwrt-uboost/staging_dir/host/include conftest.c >&5
configure:8613: $? = 0
configure:8765: checking for x86_64-pc-linux-gnu-mt
configure:8800: result: no
configure:8810: checking for mt
configure:8831: found /usr/bin/mt
configure:8842: result: mt
configure:8865: checking if mt is a manifest tool
configure:8872: mt '-?'
configure:8880: result: no
configure:9605: checking for stdio.h
configure:9605: gcc -c -O2 -I/home/notlean/openwrt-uboost/staging_dir/host/include  -I/home/notlean/openwrt-uboost/staging_dir/host/include  -I/home/notlean/openwrt-uboost/staging_dir/host/include conftest.c >&5
configure:9605: $? = 0
configure:9605: result: yes
configure:9605: checking for stdlib.h
configure:9605: gcc -c -O2 -I/home/notlean/openwrt-uboost/staging_dir/host/include  -I/home/notlean/openwrt-uboost/staging_dir/host/include  -I/home/notlean/openwrt-uboost/staging_dir/host/include conftest.c >&5
configure:9605: $? = 0
configure:9605: result: yes
configure:9605: checking for string.h
configure:9605: gcc -c -O2 -I/home/notlean/openwrt-uboost/staging_dir/host/include  -I/home/notlean/openwrt-uboost/staging_dir/host/include  -I/home/notlean/openwrt-uboost/staging_dir/host/include conftest.c >&5
configure:9605: $? = 0
configure:9605: result: yes
configure:9605: checking for inttypes.h
configure:9605: gcc -c -O2 -I/home/notlean/openwrt-uboost/staging_dir/host/include  -I/home/notlean/openwrt-uboost/staging_dir/host/include  -I/home/notlean/openwrt-uboost/staging_dir/host/include conftest.c >&5
configure:9605: $? = 0
configure:9605: result: yes
configure:9605: checking for stdint.h
configure:9605: gcc -c -O2 -I/home/notlean/openwrt-uboost/staging_dir/host/include  -I/home/notlean/openwrt-uboost/staging_dir/host/include  -I/home/notlean/openwrt-uboost/staging_dir/host/include conftest.c >&5
configure:9605: $? = 0
configure:9605: result: yes
configure:9605: checking for strings.h
configure:9605: gcc -c -O2 -I/home/notlean/openwrt-uboost/staging_dir/host/include  -I/home/notlean/openwrt-uboost/staging_dir/host/include  -I/home/notlean/openwrt-uboost/staging_dir/host/include conftest.c >&5
configure:9605: $? = 0
configure:9605: result: yes
configure:9605: checking for sys/stat.h
configure:9605: gcc -c -O2 -I/home/notlean/openwrt-uboost/staging_dir/host/include  -I/home/notlean/openwrt-uboost/staging_dir/host/include  -I/home/notlean/openwrt-uboost/staging_dir/host/include conftest.c >&5
configure:9605: $? = 0
configure:9605: result: yes
configure:9605: checking for sys/types.h
configure:9605: gcc -c -O2 -I/home/notlean/openwrt-uboost/staging_dir/host/include  -I/home/notlean/openwrt-uboost/staging_dir/host/include  -I/home/notlean/openwrt-uboost/staging_dir/host/include conftest.c >&5
configure:9605: $? = 0
configure:9605: result: yes
configure:9605: checking for unistd.h
configure:9605: gcc -c -O2 -I/home/notlean/openwrt-uboost/staging_dir/host/include  -I/home/notlean/openwrt-uboost/staging_dir/host/include  -I/home/notlean/openwrt-uboost/staging_dir/host/include conftest.c >&5
configure:9605: $? = 0
configure:9605: result: yes
configure:9630: checking for dlfcn.h
configure:9630: gcc -c -O2 -I/home/notlean/openwrt-uboost/staging_dir/host/include  -I/home/notlean/openwrt-uboost/staging_dir/host/include  -I/home/notlean/openwrt-uboost/staging_dir/host/include conftest.c >&5
configure:9630: $? = 0
configure:9630: result: yes
configure:10217: checking for objdir
configure:10233: result: .libs
configure:10493: checking if gcc supports -fno-rtti -fno-exceptions
configure:10512: gcc -c -O2 -I/home/notlean/openwrt-uboost/staging_dir/host/include  -I/home/notlean/openwrt-uboost/staging_dir/host/include  -I/home/notlean/openwrt-uboost/staging_dir/host/include -fno-rtti -fno-exceptions conftest.c >&5
cc1: warning: command-line option '-fno-rtti' is valid for C++/D/ObjC++ but not for C
configure:10516: $? = 0
configure:10529: result: no
configure:10887: checking for gcc option to produce PIC
configure:10895: result: -fPIC -DPIC
configure:10903: checking if gcc PIC flag -fPIC -DPIC works
configure:10922: gcc -c -O2 -I/home/notlean/openwrt-uboost/staging_dir/host/include  -I/home/notlean/openwrt-uboost/staging_dir/host/include  -I/home/notlean/openwrt-uboost/staging_dir/host/include -fPIC -DPIC -DPIC conftest.c >&5
configure:10926: $? = 0
configure:10939: result: yes
configure:10968: checking if gcc static flag -static works
configure:10997: result: yes
configure:11012: checking if gcc supports -c -o file.o
configure:11034: gcc -c -O2 -I/home/notlean/openwrt-uboost/staging_dir/host/include  -I/home/notlean/openwrt-uboost/staging_dir/host/include  -I/home/notlean/openwrt-uboost/staging_dir/host/include -o out/conftest2.o conftest.c >&5
configure:11038: $? = 0
configure:11060: result: yes
configure:11068: checking if gcc supports -c -o file.o
configure:11116: result: yes
configure:11149: checking whether the gcc linker (/usr/bin/ld -m elf_x86_64) supports shared libraries
configure:12417: result: yes
configure:12658: checking dynamic linker characteristics
configure:13240: gcc -o conftest -O2 -I/home/notlean/openwrt-uboost/staging_dir/host/include  -I/home/notlean/openwrt-uboost/staging_dir/host/include  -I/home/notlean/openwrt-uboost/staging_dir/host/include -L/home/notlean/openwrt-uboost/staging_dir/host/lib  -L/home/notlean/openwrt-uboost/staging_dir/host/lib -Wl,-rpath -Wl,/foo conftest.c  >&5
configure:13240: $? = 0
configure:13479: result: GNU/Linux ld.so
configure:13601: checking how to hardcode library paths into programs
configure:13626: result: immediate
configure:14178: checking whether stripping libraries is possible
configure:14187: result: yes
configure:14229: checking if libtool supports shared libraries
configure:14231: result: yes
configure:14234: checking whether to build shared libraries
configure:14259: result: no
configure:14262: checking whether to build static libraries
configure:14266: result: yes
configure:14304: checking for non-MS-Windows ICC
configure:14322: gcc -c -O2 -I/home/notlean/openwrt-uboost/staging_dir/host/include  -I/home/notlean/openwrt-uboost/staging_dir/host/include  -I/home/notlean/openwrt-uboost/staging_dir/host/include conftest.c >&5
conftest.c:23:3: error: #error "Not a non-MS-Windows ICC"
   23 | # error "Not a non-MS-Windows ICC"
      |   ^~~~~
conftest.c:24:6: error: expected ';' before 'int'
   24 | error
      |      ^
      |      ;
......
   27 | int
      | ~~~   
configure:14322: $? = 1
configure: failed program was:
| /* confdefs.h */
| #define PACKAGE_NAME "MPFR"
| #define PACKAGE_TARNAME "mpfr"
| #define PACKAGE_VERSION "4.2.0"
| #define PACKAGE_STRING "MPFR 4.2.0"
| #define PACKAGE_BUGREPORT ""
| #define PACKAGE_URL ""
| #define HAVE_STDIO_H 1
| #define HAVE_STDLIB_H 1
| #define HAVE_STRING_H 1
| #define HAVE_INTTYPES_H 1
| #define HAVE_STDINT_H 1
| #define HAVE_STRINGS_H 1
| #define HAVE_SYS_STAT_H 1
| #define HAVE_SYS_TYPES_H 1
| #define HAVE_UNISTD_H 1
| #define STDC_HEADERS 1
| #define HAVE_DLFCN_H 1
| #define LT_OBJDIR ".libs/"
| /* end confdefs.h.  */
| 
| #if (!defined(__ICC) && !defined(__INTEL_COMPILER)) || defined(_WIN32)
| # error "Not a non-MS-Windows ICC"
| error
| #endif
| 
| int
| main (void)
| {
| 
|   ;
|   return 0;
| }
configure:14330: result: no
configure:14418: checking for an ANSI C-conforming const
configure:14485: gcc -c -O2 -I/home/notlean/openwrt-uboost/staging_dir/host/include  -I/home/notlean/openwrt-uboost/staging_dir/host/include  -I/home/notlean/openwrt-uboost/staging_dir/host/include conftest.c >&5
configure:14485: $? = 0
configure:14493: result: yes
configure:14501: checking for working volatile
configure:14521: gcc -c -O2 -I/home/notlean/openwrt-uboost/staging_dir/host/include  -I/home/notlean/openwrt-uboost/staging_dir/host/include  -I/home/notlean/openwrt-uboost/staging_dir/host/include conftest.c >&5
configure:14521: $? = 0
configure:14529: result: yes
configure:14537: checking whether byte ordering is bigendian
configure:14553: gcc -c -O2 -I/home/notlean/openwrt-uboost/staging_dir/host/include  -I/home/notlean/openwrt-uboost/staging_dir/host/include  -I/home/notlean/openwrt-uboost/staging_dir/host/include conftest.c >&5
conftest.c:22:16: error: unknown type name 'not'
   22 |                not a universal capable compiler
      |                ^~~
conftest.c:22:22: error: expected '=', ',', ';', 'asm' or '__attribute__' before 'universal'
   22 |                not a universal capable compiler
      |                      ^~~~~~~~~
conftest.c:22:22: error: unknown type name 'universal'
configure:14553: $? = 1
configure: failed program was:
| /* confdefs.h */
| #define PACKAGE_NAME "MPFR"
| #define PACKAGE_TARNAME "mpfr"
| #define PACKAGE_VERSION "4.2.0"
| #define PACKAGE_STRING "MPFR 4.2.0"
| #define PACKAGE_BUGREPORT ""
| #define PACKAGE_URL ""
| #define HAVE_STDIO_H 1
| #define HAVE_STDLIB_H 1
| #define HAVE_STRING_H 1
| #define HAVE_INTTYPES_H 1
| #define HAVE_STDINT_H 1
| #define HAVE_STRINGS_H 1
| #define HAVE_SYS_STAT_H 1
| #define HAVE_SYS_TYPES_H 1
| #define HAVE_UNISTD_H 1
| #define STDC_HEADERS 1
| #define HAVE_DLFCN_H 1
| #define LT_OBJDIR ".libs/"
| /* end confdefs.h.  */
| #ifndef __APPLE_CC__
| 	       not a universal capable compiler
| 	     #endif
| 	     typedef int dummy;
| 
configure:14599: gcc -c -O2 -I/home/notlean/openwrt-uboost/staging_dir/host/include  -I/home/notlean/openwrt-uboost/staging_dir/host/include  -I/home/notlean/openwrt-uboost/staging_dir/host/include conftest.c >&5
configure:14599: $? = 0
configure:14618: gcc -c -O2 -I/home/notlean/openwrt-uboost/staging_dir/host/include  -I/home/notlean/openwrt-uboost/staging_dir/host/include  -I/home/notlean/openwrt-uboost/staging_dir/host/include conftest.c >&5
conftest.c: In function 'main':
conftest.c:28:18: error: unknown type name 'not'; did you mean 'ino_t'?
   28 |                  not big endian
      |                  ^~~
      |                  ino_t
conftest.c:28:26: error: expected '=', ',', ';', 'asm' or '__attribute__' before 'endian'
   28 |                  not big endian
      |                          ^~~~~~
configure:14618: $? = 1
configure: failed program was:
| /* confdefs.h */
| #define PACKAGE_NAME "MPFR"
| #define PACKAGE_TARNAME "mpfr"
| #define PACKAGE_VERSION "4.2.0"
| #define PACKAGE_STRING "MPFR 4.2.0"
| #define PACKAGE_BUGREPORT ""
| #define PACKAGE_URL ""
| #define HAVE_STDIO_H 1
| #define HAVE_STDLIB_H 1
| #define HAVE_STRING_H 1
| #define HAVE_INTTYPES_H 1
| #define HAVE_STDINT_H 1
| #define HAVE_STRINGS_H 1
| #define HAVE_SYS_STAT_H 1
| #define HAVE_SYS_TYPES_H 1
| #define HAVE_UNISTD_H 1
| #define STDC_HEADERS 1
| #define HAVE_DLFCN_H 1
| #define LT_OBJDIR ".libs/"
| /* end confdefs.h.  */
| #include <sys/types.h>
| 		#include <sys/param.h>
| 
| int
| main (void)
| {
| #if BYTE_ORDER != BIG_ENDIAN
| 		 not big endian
| 		#endif
| 
|   ;
|   return 0;
| }
configure:14752: result: no
configure:14775: checking for library containing clock_gettime
configure:14805: gcc -o conftest -O2 -I/home/notlean/openwrt-uboost/staging_dir/host/include  -I/home/notlean/openwrt-uboost/staging_dir/host/include  -I/home/notlean/openwrt-uboost/staging_dir/host/include -L/home/notlean/openwrt-uboost/staging_dir/host/lib  -L/home/notlean/openwrt-uboost/staging_dir/host/lib conftest.c  >&5
configure:14805: $? = 0
configure:14825: result: none required
configure:15015: gcc -o conftest -O2 -I/home/notlean/openwrt-uboost/staging_dir/host/include  -I/home/notlean/openwrt-uboost/staging_dir/host/include  -I/home/notlean/openwrt-uboost/staging_dir/host/include -L/home/notlean/openwrt-uboost/staging_dir/host/lib  -L/home/notlean/openwrt-uboost/staging_dir/host/lib conftest.c -lm  >&5
configure:15015: $? = 0
configure:15045: gcc -o conftest -O2 -I/home/notlean/openwrt-uboost/staging_dir/host/include  -I/home/notlean/openwrt-uboost/staging_dir/host/include  -I/home/notlean/openwrt-uboost/staging_dir/host/include -L/home/notlean/openwrt-uboost/staging_dir/host/lib  -L/home/notlean/openwrt-uboost/staging_dir/host/lib conftest.c -lquadmath  >&5
configure:15045: $? = 0
configure:15057: checking for size_t
configure:15057: gcc -c -O2 -I/home/notlean/openwrt-uboost/staging_dir/host/include  -I/home/notlean/openwrt-uboost/staging_dir/host/include  -I/home/notlean/openwrt-uboost/staging_dir/host/include conftest.c >&5
configure:15057: $? = 0
configure:15057: gcc -c -O2 -I/home/notlean/openwrt-uboost/staging_dir/host/include  -I/home/notlean/openwrt-uboost/staging_dir/host/include  -I/home/notlean/openwrt-uboost/staging_dir/host/include conftest.c >&5
conftest.c: In function 'main':
conftest.c:54:21: error: expected expression before ')' token
   54 | if (sizeof ((size_t)))
      |                     ^
configure:15057: $? = 1
configure: failed program was:
| /* confdefs.h */
| #define PACKAGE_NAME "MPFR"
| #define PACKAGE_TARNAME "mpfr"
| #define PACKAGE_VERSION "4.2.0"
| #define PACKAGE_STRING "MPFR 4.2.0"
| #define PACKAGE_BUGREPORT ""
| #define PACKAGE_URL ""
| #define HAVE_STDIO_H 1
| #define HAVE_STDLIB_H 1
| #define HAVE_STRING_H 1
| #define HAVE_INTTYPES_H 1
| #define HAVE_STDINT_H 1
| #define HAVE_STRINGS_H 1
| #define HAVE_SYS_STAT_H 1
| #define HAVE_SYS_TYPES_H 1
| #define HAVE_UNISTD_H 1
| #define STDC_HEADERS 1
| #define HAVE_DLFCN_H 1
| #define LT_OBJDIR ".libs/"
| #define HAVE_LITTLE_ENDIAN 1
| #define HAVE_CLOCK_GETTIME 1
| /* end confdefs.h.  */
| #include <stddef.h>
| #ifdef HAVE_STDIO_H
| # include <stdio.h>
| #endif
| #ifdef HAVE_STDLIB_H
| # include <stdlib.h>
| #endif
| #ifdef HAVE_STRING_H
| # include <string.h>
| #endif
| #ifdef HAVE_INTTYPES_H
| # include <inttypes.h>
| #endif
| #ifdef HAVE_STDINT_H
| # include <stdint.h>
| #endif
| #ifdef HAVE_STRINGS_H
| # include <strings.h>
| #endif
| #ifdef HAVE_SYS_TYPES_H
| # include <sys/types.h>
| #endif
| #ifdef HAVE_SYS_STAT_H
| # include <sys/stat.h>
| #endif
| #ifdef HAVE_UNISTD_H
| # include <unistd.h>
| #endif
| int
| main (void)
| {
| if (sizeof ((size_t)))
| 	    return 0;
|   ;
|   return 0;
| }
configure:15057: result: yes
configure:15950: checking for limits.h
configure:15950: gcc -c -O2 -I/home/notlean/openwrt-uboost/staging_dir/host/include  -I/home/notlean/openwrt-uboost/staging_dir/host/include  -I/home/notlean/openwrt-uboost/staging_dir/host/include conftest.c >&5
configure:15950: $? = 0
configure:15950: result: yes
configure:15958: checking for float.h
configure:15958: gcc -c -O2 -I/home/notlean/openwrt-uboost/staging_dir/host/include  -I/home/notlean/openwrt-uboost/staging_dir/host/include  -I/home/notlean/openwrt-uboost/staging_dir/host/include conftest.c >&5
configure:15958: $? = 0
configure:15958: result: yes
configure:15966: checking for string.h
configure:15966: result: yes
configure:15975: checking for locale.h
configure:15975: gcc -c -O2 -I/home/notlean/openwrt-uboost/staging_dir/host/include  -I/home/notlean/openwrt-uboost/staging_dir/host/include  -I/home/notlean/openwrt-uboost/staging_dir/host/include conftest.c >&5
configure:15975: $? = 0
configure:15975: result: yes
configure:15983: checking for wchar.h
configure:15983: gcc -c -O2 -I/home/notlean/openwrt-uboost/staging_dir/host/include  -I/home/notlean/openwrt-uboost/staging_dir/host/include  -I/home/notlean/openwrt-uboost/staging_dir/host/include conftest.c >&5
configure:15983: $? = 0
configure:15983: result: yes
configure:15991: checking for stdarg.h
configure:15991: gcc -c -O2 -I/home/notlean/openwrt-uboost/staging_dir/host/include  -I/home/notlean/openwrt-uboost/staging_dir/host/include  -I/home/notlean/openwrt-uboost/staging_dir/host/include conftest.c >&5
configure:15991: $? = 0
configure:15991: result: yes
configure:16009: checking for sys/fpu.h
configure:16009: gcc -c -O2 -I/home/notlean/openwrt-uboost/staging_dir/host/include  -I/home/notlean/openwrt-uboost/staging_dir/host/include  -I/home/notlean/openwrt-uboost/staging_dir/host/include conftest.c >&5
conftest.c:54:10: fatal error: sys/fpu.h: No such file or directory
   54 | #include <sys/fpu.h>
      |          ^~~~~~~~~~~
compilation terminated.
configure:16009: $? = 1
configure: failed program was:
| /* confdefs.h */
| #define PACKAGE_NAME "MPFR"
| #define PACKAGE_TARNAME "mpfr"
| #define PACKAGE_VERSION "4.2.0"
| #define PACKAGE_STRING "MPFR 4.2.0"
| #define PACKAGE_BUGREPORT ""
| #define PACKAGE_URL ""
| #define HAVE_STDIO_H 1
| #define HAVE_STDLIB_H 1
| #define HAVE_STRING_H 1
| #define HAVE_INTTYPES_H 1
| #define HAVE_STDINT_H 1
| #define HAVE_STRINGS_H 1
| #define HAVE_SYS_STAT_H 1
| #define HAVE_SYS_TYPES_H 1
| #define HAVE_UNISTD_H 1
| #define STDC_HEADERS 1
| #define HAVE_DLFCN_H 1
| #define LT_OBJDIR ".libs/"
| #define HAVE_LITTLE_ENDIAN 1
| #define HAVE_CLOCK_GETTIME 1
| #define HAVE_LOCALE_H 1
| #define HAVE_WCHAR_H 1
| #define HAVE_STDARG 1
| /* end confdefs.h.  */
| #include <stddef.h>
| #ifdef HAVE_STDIO_H
| # include <stdio.h>
| #endif
| #ifdef HAVE_STDLIB_H
| # include <stdlib.h>
| #endif
| #ifdef HAVE_STRING_H
| # include <string.h>
| #endif
| #ifdef HAVE_INTTYPES_H
| # include <inttypes.h>
| #endif
| #ifdef HAVE_STDINT_H
| # include <stdint.h>
| #endif
| #ifdef HAVE_STRINGS_H
| # include <strings.h>
| #endif
| #ifdef HAVE_SYS_TYPES_H
| # include <sys/types.h>
| #endif
| #ifdef HAVE_SYS_STAT_H
| # include <sys/stat.h>
| #endif
| #ifdef HAVE_UNISTD_H
| # include <unistd.h>
| #endif
| #include <sys/fpu.h>
configure:16009: result: no
configure:16017: checking for struct lconv.decimal_point
configure:16017: gcc -c -O2 -I/home/notlean/openwrt-uboost/staging_dir/host/include  -I/home/notlean/openwrt-uboost/staging_dir/host/include  -I/home/notlean/openwrt-uboost/staging_dir/host/include conftest.c >&5
configure:16017: $? = 0
configure:16017: result: yes
configure:16026: checking for struct lconv.thousands_sep
configure:16026: gcc -c -O2 -I/home/notlean/openwrt-uboost/staging_dir/host/include  -I/home/notlean/openwrt-uboost/staging_dir/host/include  -I/home/notlean/openwrt-uboost/staging_dir/host/include conftest.c >&5
configure:16026: $? = 0
configure:16026: result: yes
configure:16039: checking for working alloca.h
configure:16057: gcc -o conftest -O2 -I/home/notlean/openwrt-uboost/staging_dir/host/include  -I/home/notlean/openwrt-uboost/staging_dir/host/include  -I/home/notlean/openwrt-uboost/staging_dir/host/include -L/home/notlean/openwrt-uboost/staging_dir/host/lib  -L/home/notlean/openwrt-uboost/staging_dir/host/lib conftest.c  >&5
configure:16057: $? = 0
configure:16066: result: yes
configure:16074: checking for alloca
configure:16119: result: yes
configure:16188: checking for uintptr_t
configure:16188: gcc -c -O2 -I/home/notlean/openwrt-uboost/staging_dir/host/include  -I/home/notlean/openwrt-uboost/staging_dir/host/include  -I/home/notlean/openwrt-uboost/staging_dir/host/include conftest.c >&5
configure:16188: $? = 0
configure:16188: gcc -c -O2 -I/home/notlean/openwrt-uboost/staging_dir/host/include  -I/home/notlean/openwrt-uboost/staging_dir/host/include  -I/home/notlean/openwrt-uboost/staging_dir/host/include conftest.c >&5
conftest.c: In function 'main':
conftest.c:61:24: error: expected expression before ')' token
   61 | if (sizeof ((uintptr_t)))
      |                        ^
configure:16188: $? = 1
configure: failed program was:
| /* confdefs.h */
| #define PACKAGE_NAME "MPFR"
| #define PACKAGE_TARNAME "mpfr"
| #define PACKAGE_VERSION "4.2.0"
| #define PACKAGE_STRING "MPFR 4.2.0"
| #define PACKAGE_BUGREPORT ""
| #define PACKAGE_URL ""
| #define HAVE_STDIO_H 1
| #define HAVE_STDLIB_H 1
| #define HAVE_STRING_H 1
| #define HAVE_INTTYPES_H 1
| #define HAVE_STDINT_H 1
| #define HAVE_STRINGS_H 1
| #define HAVE_SYS_STAT_H 1
| #define HAVE_SYS_TYPES_H 1
| #define HAVE_UNISTD_H 1
| #define STDC_HEADERS 1
| #define HAVE_DLFCN_H 1
| #define LT_OBJDIR ".libs/"
| #define HAVE_LITTLE_ENDIAN 1
| #define HAVE_CLOCK_GETTIME 1
| #define HAVE_LOCALE_H 1
| #define HAVE_WCHAR_H 1
| #define HAVE_STDARG 1
| #define HAVE_STRUCT_LCONV_DECIMAL_POINT 1
| #define HAVE_STRUCT_LCONV_THOUSANDS_SEP 1
| #define HAVE_ALLOCA_H 1
| #define HAVE_ALLOCA 1
| /* end confdefs.h.  */
| #include <stddef.h>
| #ifdef HAVE_STDIO_H
| # include <stdio.h>
| #endif
| #ifdef HAVE_STDLIB_H
| # include <stdlib.h>
| #endif
| #ifdef HAVE_STRING_H
| # include <string.h>
| #endif
| #ifdef HAVE_INTTYPES_H
| # include <inttypes.h>
| #endif
| #ifdef HAVE_STDINT_H
| # include <stdint.h>
| #endif
| #ifdef HAVE_STRINGS_H
| # include <strings.h>
| #endif
| #ifdef HAVE_SYS_TYPES_H
| # include <sys/types.h>
| #endif
| #ifdef HAVE_SYS_STAT_H
| # include <sys/stat.h>
| #endif
| #ifdef HAVE_UNISTD_H
| # include <unistd.h>
| #endif
| int
| main (void)
| {
| if (sizeof ((uintptr_t)))
| 	    return 0;
|   ;
|   return 0;
| }
configure:16188: result: yes
configure:16225: checking how to copy va_list
configure:16243: gcc -o conftest -O2 -I/home/notlean/openwrt-uboost/staging_dir/host/include  -I/home/notlean/openwrt-uboost/staging_dir/host/include  -I/home/notlean/openwrt-uboost/staging_dir/host/include -L/home/notlean/openwrt-uboost/staging_dir/host/lib  -L/home/notlean/openwrt-uboost/staging_dir/host/lib conftest.c  >&5
configure:16243: $? = 0
configure:16246: result: va_copy
configure:16285: checking for setlocale
configure:16285: gcc -o conftest  -O2 -I/home/notlean/openwrt-uboost/staging_dir/host/include  -I/home/notlean/openwrt-uboost/staging_dir/host/include  -I/home/notlean/openwrt-uboost/staging_dir/host/include -L/home/notlean/openwrt-uboost/staging_dir/host/lib  -L/home/notlean/openwrt-uboost/staging_dir/host/lib conftest.c  >&5
configure:16285: $? = 0
configure:16285: result: yes
configure:16291: checking for gettimeofday
configure:16291: gcc -o conftest  -O2 -I/home/notlean/openwrt-uboost/staging_dir/host/include  -I/home/notlean/openwrt-uboost/staging_dir/host/include  -I/home/notlean/openwrt-uboost/staging_dir/host/include -L/home/notlean/openwrt-uboost/staging_dir/host/lib  -L/home/notlean/openwrt-uboost/staging_dir/host/lib conftest.c  >&5
configure:16291: $? = 0
configure:16291: result: yes
configure:16297: checking for signal
configure:16297: gcc -o conftest  -O2 -I/home/notlean/openwrt-uboost/staging_dir/host/include  -I/home/notlean/openwrt-uboost/staging_dir/host/include  -I/home/notlean/openwrt-uboost/staging_dir/host/include -L/home/notlean/openwrt-uboost/staging_dir/host/lib  -L/home/notlean/openwrt-uboost/staging_dir/host/lib conftest.c  >&5
configure:16297: $? = 0
configure:16297: result: yes
configure:16306: checking for sigaction and its associated structure
configure:16325: gcc -o conftest -O2 -I/home/notlean/openwrt-uboost/staging_dir/host/include  -I/home/notlean/openwrt-uboost/staging_dir/host/include  -I/home/notlean/openwrt-uboost/staging_dir/host/include -L/home/notlean/openwrt-uboost/staging_dir/host/lib  -L/home/notlean/openwrt-uboost/staging_dir/host/lib conftest.c  >&5
configure:16325: $? = 0
configure:16328: result: yes
configure:16341: checking for long long int
configure:16341: gcc -c -O2 -I/home/notlean/openwrt-uboost/staging_dir/host/include  -I/home/notlean/openwrt-uboost/staging_dir/host/include  -I/home/notlean/openwrt-uboost/staging_dir/host/include conftest.c >&5
configure:16341: $? = 0
configure:16341: gcc -c -O2 -I/home/notlean/openwrt-uboost/staging_dir/host/include  -I/home/notlean/openwrt-uboost/staging_dir/host/include  -I/home/notlean/openwrt-uboost/staging_dir/host/include conftest.c >&5
conftest.c: In function 'main':
conftest.c:67:28: error: expected expression before ')' token
   67 | if (sizeof ((long long int)))
      |                            ^
configure:16341: $? = 1
configure: failed program was:
| /* confdefs.h */
| #define PACKAGE_NAME "MPFR"
| #define PACKAGE_TARNAME "mpfr"
| #define PACKAGE_VERSION "4.2.0"
| #define PACKAGE_STRING "MPFR 4.2.0"
| #define PACKAGE_BUGREPORT ""
| #define PACKAGE_URL ""
| #define HAVE_STDIO_H 1
| #define HAVE_STDLIB_H 1
| #define HAVE_STRING_H 1
| #define HAVE_INTTYPES_H 1
| #define HAVE_STDINT_H 1
| #define HAVE_STRINGS_H 1
| #define HAVE_SYS_STAT_H 1
| #define HAVE_SYS_TYPES_H 1
| #define HAVE_UNISTD_H 1
| #define STDC_HEADERS 1
| #define HAVE_DLFCN_H 1
| #define LT_OBJDIR ".libs/"
| #define HAVE_LITTLE_ENDIAN 1
| #define HAVE_CLOCK_GETTIME 1
| #define HAVE_LOCALE_H 1
| #define HAVE_WCHAR_H 1
| #define HAVE_STDARG 1
| #define HAVE_STRUCT_LCONV_DECIMAL_POINT 1
| #define HAVE_STRUCT_LCONV_THOUSANDS_SEP 1
| #define HAVE_ALLOCA_H 1
| #define HAVE_ALLOCA 1
| #define HAVE_UINTPTR_T 1
| #define HAVE_VA_COPY 1
| #define HAVE_SETLOCALE 1
| #define HAVE_GETTIMEOFDAY 1
| #define HAVE_SIGNAL 1
| #define HAVE_SIGACTION 1
| /* end confdefs.h.  */
| #include <stddef.h>
| #ifdef HAVE_STDIO_H
| # include <stdio.h>
| #endif
| #ifdef HAVE_STDLIB_H
| # include <stdlib.h>
| #endif
| #ifdef HAVE_STRING_H
| # include <string.h>
| #endif
| #ifdef HAVE_INTTYPES_H
| # include <inttypes.h>
| #endif
| #ifdef HAVE_STDINT_H
| # include <stdint.h>
| #endif
| #ifdef HAVE_STRINGS_H
| # include <strings.h>
| #endif
| #ifdef HAVE_SYS_TYPES_H
| # include <sys/types.h>
| #endif
| #ifdef HAVE_SYS_STAT_H
| # include <sys/stat.h>
| #endif
| #ifdef HAVE_UNISTD_H
| # include <unistd.h>
| #endif
| int
| main (void)
| {
| if (sizeof ((long long int)))
| 	    return 0;
|   ;
|   return 0;
| }
configure:16341: result: yes
configure:16350: checking for intmax_t
configure:16350: gcc -c -O2 -I/home/notlean/openwrt-uboost/staging_dir/host/include  -I/home/notlean/openwrt-uboost/staging_dir/host/include  -I/home/notlean/openwrt-uboost/staging_dir/host/include conftest.c >&5
configure:16350: $? = 0
configure:16350: gcc -c -O2 -I/home/notlean/openwrt-uboost/staging_dir/host/include  -I/home/notlean/openwrt-uboost/staging_dir/host/include  -I/home/notlean/openwrt-uboost/staging_dir/host/include conftest.c >&5
conftest.c: In function 'main':
conftest.c:68:23: error: expected expression before ')' token
   68 | if (sizeof ((intmax_t)))
      |                       ^
configure:16350: $? = 1
configure: failed program was:
| /* confdefs.h */
| #define PACKAGE_NAME "MPFR"
| #define PACKAGE_TARNAME "mpfr"
| #define PACKAGE_VERSION "4.2.0"
| #define PACKAGE_STRING "MPFR 4.2.0"
| #define PACKAGE_BUGREPORT ""
| #define PACKAGE_URL ""
| #define HAVE_STDIO_H 1
| #define HAVE_STDLIB_H 1
| #define HAVE_STRING_H 1
| #define HAVE_INTTYPES_H 1
| #define HAVE_STDINT_H 1
| #define HAVE_STRINGS_H 1
| #define HAVE_SYS_STAT_H 1
| #define HAVE_SYS_TYPES_H 1
| #define HAVE_UNISTD_H 1
| #define STDC_HEADERS 1
| #define HAVE_DLFCN_H 1
| #define LT_OBJDIR ".libs/"
| #define HAVE_LITTLE_ENDIAN 1
| #define HAVE_CLOCK_GETTIME 1
| #define HAVE_LOCALE_H 1
| #define HAVE_WCHAR_H 1
| #define HAVE_STDARG 1
| #define HAVE_STRUCT_LCONV_DECIMAL_POINT 1
| #define HAVE_STRUCT_LCONV_THOUSANDS_SEP 1
| #define HAVE_ALLOCA_H 1
| #define HAVE_ALLOCA 1
| #define HAVE_UINTPTR_T 1
| #define HAVE_VA_COPY 1
| #define HAVE_SETLOCALE 1
| #define HAVE_GETTIMEOFDAY 1
| #define HAVE_SIGNAL 1
| #define HAVE_SIGACTION 1
| #define HAVE_LONG_LONG 1
| /* end confdefs.h.  */
| #include <stddef.h>
| #ifdef HAVE_STDIO_H
| # include <stdio.h>
| #endif
| #ifdef HAVE_STDLIB_H
| # include <stdlib.h>
| #endif
| #ifdef HAVE_STRING_H
| # include <string.h>
| #endif
| #ifdef HAVE_INTTYPES_H
| # include <inttypes.h>
| #endif
| #ifdef HAVE_STDINT_H
| # include <stdint.h>
| #endif
| #ifdef HAVE_STRINGS_H
| # include <strings.h>
| #endif
| #ifdef HAVE_SYS_TYPES_H
| # include <sys/types.h>
| #endif
| #ifdef HAVE_SYS_STAT_H
| # include <sys/stat.h>
| #endif
| #ifdef HAVE_UNISTD_H
| # include <unistd.h>
| #endif
| int
| main (void)
| {
| if (sizeof ((intmax_t)))
| 	    return 0;
|   ;
|   return 0;
| }
configure:16350: result: yes
configure:16360: checking for working INTMAX_MAX
configure:16381: gcc -c -O2 -I/home/notlean/openwrt-uboost/staging_dir/host/include  -I/home/notlean/openwrt-uboost/staging_dir/host/include  -I/home/notlean/openwrt-uboost/staging_dir/host/include -I./src -DMPFR_NEED_INTMAX_H conftest.c >&5
configure:16381: $? = 0
configure:16391: result: yes
configure:16400: checking for union fpc_csr
configure:16400: gcc -c -O2 -I/home/notlean/openwrt-uboost/staging_dir/host/include  -I/home/notlean/openwrt-uboost/staging_dir/host/include  -I/home/notlean/openwrt-uboost/staging_dir/host/include conftest.c >&5
conftest.c: In function 'main':
conftest.c:48:13: error: invalid application of 'sizeof' to incomplete type 'union fpc_csr'
   48 | if (sizeof (union fpc_csr))
      |             ^~~~~
configure:16400: $? = 1
configure: failed program was:
| /* confdefs.h */
| #define PACKAGE_NAME "MPFR"
| #define PACKAGE_TARNAME "mpfr"
| #define PACKAGE_VERSION "4.2.0"
| #define PACKAGE_STRING "MPFR 4.2.0"
| #define PACKAGE_BUGREPORT ""
| #define PACKAGE_URL ""
| #define HAVE_STDIO_H 1
| #define HAVE_STDLIB_H 1
| #define HAVE_STRING_H 1
| #define HAVE_INTTYPES_H 1
| #define HAVE_STDINT_H 1
| #define HAVE_STRINGS_H 1
| #define HAVE_SYS_STAT_H 1
| #define HAVE_SYS_TYPES_H 1
| #define HAVE_UNISTD_H 1
| #define STDC_HEADERS 1
| #define HAVE_DLFCN_H 1
| #define LT_OBJDIR ".libs/"
| #define HAVE_LITTLE_ENDIAN 1
| #define HAVE_CLOCK_GETTIME 1
| #define HAVE_LOCALE_H 1
| #define HAVE_WCHAR_H 1
| #define HAVE_STDARG 1
| #define HAVE_STRUCT_LCONV_DECIMAL_POINT 1
| #define HAVE_STRUCT_LCONV_THOUSANDS_SEP 1
| #define HAVE_ALLOCA_H 1
| #define HAVE_ALLOCA 1
| #define HAVE_UINTPTR_T 1
| #define HAVE_VA_COPY 1
| #define HAVE_SETLOCALE 1
| #define HAVE_GETTIMEOFDAY 1
| #define HAVE_SIGNAL 1
| #define HAVE_SIGACTION 1
| #define HAVE_LONG_LONG 1
| #define HAVE_INTMAX_T 1
| #define MPFR_HAVE_INTMAX_MAX 1
| /* end confdefs.h.  */
| 
| #if HAVE_SYS_FPU_H
| #  include <sys/fpu.h>
| #endif
| 
| 
| int
| main (void)
| {
| if (sizeof (union fpc_csr))
| 	 return 0;
|   ;
|   return 0;
| }
configure:16400: result: no
configure:16414: checking for _Noreturn
configure:16425: gcc -c -O2 -I/home/notlean/openwrt-uboost/staging_dir/host/include  -I/home/notlean/openwrt-uboost/staging_dir/host/include  -I/home/notlean/openwrt-uboost/staging_dir/host/include conftest.c >&5
configure:16425: $? = 0
configure:16434: result: yes
configure:16442: checking for __builtin_unreachable
configure:16461: gcc -o conftest -O2 -I/home/notlean/openwrt-uboost/staging_dir/host/include  -I/home/notlean/openwrt-uboost/staging_dir/host/include  -I/home/notlean/openwrt-uboost/staging_dir/host/include -L/home/notlean/openwrt-uboost/staging_dir/host/lib  -L/home/notlean/openwrt-uboost/staging_dir/host/lib conftest.c  >&5
configure:16461: $? = 0
configure:16471: result: yes
configure:16480: checking for constructor and destructor attributes
configure:16502: gcc -o conftest -O2 -I/home/notlean/openwrt-uboost/staging_dir/host/include  -I/home/notlean/openwrt-uboost/staging_dir/host/include  -I/home/notlean/openwrt-uboost/staging_dir/host/include -L/home/notlean/openwrt-uboost/staging_dir/host/lib  -L/home/notlean/openwrt-uboost/staging_dir/host/lib conftest.c  >&5
configure:16502: $? = 0
configure:16504: result: yes
configure:16522: checking for fesetround
configure:16542: gcc -o conftest -O2 -I/home/notlean/openwrt-uboost/staging_dir/host/include  -I/home/notlean/openwrt-uboost/staging_dir/host/include  -I/home/notlean/openwrt-uboost/staging_dir/host/include -L/home/notlean/openwrt-uboost/staging_dir/host/lib  -L/home/notlean/openwrt-uboost/staging_dir/host/lib conftest.c  -lm >&5
configure:16542: $? = 0
configure:16553: result: yes
configure:16562: checking for gcc float-conversion bug
configure:16604: gcc -o conftest -O2 -I/home/notlean/openwrt-uboost/staging_dir/host/include  -I/home/notlean/openwrt-uboost/staging_dir/host/include  -I/home/notlean/openwrt-uboost/staging_dir/host/include -L/home/notlean/openwrt-uboost/staging_dir/host/lib  -L/home/notlean/openwrt-uboost/staging_dir/host/lib conftest.c  -lm >&5
configure:16604: $? = 0
configure:16604: ./conftest
configure:16604: $? = 0
configure:16617: result: no
configure:16624: checking for subnormal double-precision numbers
configure:16647: gcc -o conftest -O2 -I/home/notlean/openwrt-uboost/staging_dir/host/include  -I/home/notlean/openwrt-uboost/staging_dir/host/include  -I/home/notlean/openwrt-uboost/staging_dir/host/include -L/home/notlean/openwrt-uboost/staging_dir/host/lib  -L/home/notlean/openwrt-uboost/staging_dir/host/lib conftest.c  >&5
configure:16647: $? = 0
configure:16647: ./conftest
1.112537e-308
configure:16647: $? = 0
configure:16659: result: yes
configure:16666: checking for subnormal single-precision numbers
configure:16689: gcc -o conftest -O2 -I/home/notlean/openwrt-uboost/staging_dir/host/include  -I/home/notlean/openwrt-uboost/staging_dir/host/include  -I/home/notlean/openwrt-uboost/staging_dir/host/include -L/home/notlean/openwrt-uboost/staging_dir/host/lib  -L/home/notlean/openwrt-uboost/staging_dir/host/lib conftest.c  >&5
configure:16689: $? = 0
configure:16689: ./conftest
5.877472e-39
configure:16689: $? = 0
configure:16701: result: yes
configure:16709: checking for signed zeros
configure:16728: gcc -o conftest -O2 -I/home/notlean/openwrt-uboost/staging_dir/host/include  -I/home/notlean/openwrt-uboost/staging_dir/host/include  -I/home/notlean/openwrt-uboost/staging_dir/host/include -L/home/notlean/openwrt-uboost/staging_dir/host/lib  -L/home/notlean/openwrt-uboost/staging_dir/host/lib conftest.c  >&5
configure:16728: $? = 0
configure:16728: ./conftest
configure:16728: $? = 0
configure:16740: result: yes
configure:16748: checking if the FP division by 0 fails
configure:16771: gcc -o conftest -O2 -I/home/notlean/openwrt-uboost/staging_dir/host/include  -I/home/notlean/openwrt-uboost/staging_dir/host/include  -I/home/notlean/openwrt-uboost/staging_dir/host/include -L/home/notlean/openwrt-uboost/staging_dir/host/lib  -L/home/notlean/openwrt-uboost/staging_dir/host/lib conftest.c  >&5
configure:16771: $? = 0
configure:16771: ./conftest
configure:16771: $? = 0
configure:16783: result: no
configure:16797: checking if NAN == NAN
configure:16823: gcc -o conftest -O2 -I/home/notlean/openwrt-uboost/staging_dir/host/include  -I/home/notlean/openwrt-uboost/staging_dir/host/include  -I/home/notlean/openwrt-uboost/staging_dir/host/include -L/home/notlean/openwrt-uboost/staging_dir/host/lib  -L/home/notlean/openwrt-uboost/staging_dir/host/lib conftest.c  >&5
configure:16823: $? = 0
configure:16823: ./conftest
configure:16823: $? = 1
configure: program exited with status 1
configure: failed program was:
| /* confdefs.h */
| #define PACKAGE_NAME "MPFR"
| #define PACKAGE_TARNAME "mpfr"
| #define PACKAGE_VERSION "4.2.0"
| #define PACKAGE_STRING "MPFR 4.2.0"
| #define PACKAGE_BUGREPORT ""
| #define PACKAGE_URL ""
| #define HAVE_STDIO_H 1
| #define HAVE_STDLIB_H 1
| #define HAVE_STRING_H 1
| #define HAVE_INTTYPES_H 1
| #define HAVE_STDINT_H 1
| #define HAVE_STRINGS_H 1
| #define HAVE_SYS_STAT_H 1
| #define HAVE_SYS_TYPES_H 1
| #define HAVE_UNISTD_H 1
| #define STDC_HEADERS 1
| #define HAVE_DLFCN_H 1
| #define LT_OBJDIR ".libs/"
| #define HAVE_LITTLE_ENDIAN 1
| #define HAVE_CLOCK_GETTIME 1
| #define HAVE_LOCALE_H 1
| #define HAVE_WCHAR_H 1
| #define HAVE_STDARG 1
| #define HAVE_STRUCT_LCONV_DECIMAL_POINT 1
| #define HAVE_STRUCT_LCONV_THOUSANDS_SEP 1
| #define HAVE_ALLOCA_H 1
| #define HAVE_ALLOCA 1
| #define HAVE_UINTPTR_T 1
| #define HAVE_VA_COPY 1
| #define HAVE_SETLOCALE 1
| #define HAVE_GETTIMEOFDAY 1
| #define HAVE_SIGNAL 1
| #define HAVE_SIGACTION 1
| #define HAVE_LONG_LONG 1
| #define HAVE_INTMAX_T 1
| #define MPFR_HAVE_INTMAX_MAX 1
| #define MPFR_HAVE_NORETURN 1
| #define MPFR_HAVE_BUILTIN_UNREACHABLE 1
| #define MPFR_HAVE_CONSTRUCTOR_ATTR 1
| #define MPFR_HAVE_FESETROUND 1
| #define HAVE_SUBNORM_DBL 1
| #define HAVE_SUBNORM_FLT 1
| #define HAVE_SIGNEDZ 1
| /* end confdefs.h.  */
| 
| #include <stdio.h>
| #include <math.h>
| #ifndef NAN
| # define NAN (0.0/0.0)
| #endif
| int main (void) {
|   double d;
|   d = NAN;
|   return d != d;
| }
| 
configure:16835: result: no
configure:16863: checking if charset has consecutive values
configure:16894: gcc -o conftest -O2 -I/home/notlean/openwrt-uboost/staging_dir/host/include  -I/home/notlean/openwrt-uboost/staging_dir/host/include  -I/home/notlean/openwrt-uboost/staging_dir/host/include -L/home/notlean/openwrt-uboost/staging_dir/host/lib  -L/home/notlean/openwrt-uboost/staging_dir/host/lib conftest.c  >&5
configure:16894: $? = 0
configure:16894: ./conftest
configure:16894: $? = 0
configure:16896: result: yes
configure:16914: checking for math/round
configure:16932: gcc -o conftest -O2 -I/home/notlean/openwrt-uboost/staging_dir/host/include  -I/home/notlean/openwrt-uboost/staging_dir/host/include  -I/home/notlean/openwrt-uboost/staging_dir/host/include -L/home/notlean/openwrt-uboost/staging_dir/host/lib  -L/home/notlean/openwrt-uboost/staging_dir/host/lib conftest.c  -lm >&5
configure:16932: $? = 0
configure:16935: result: yes
configure:16948: checking for math/trunc
configure:16966: gcc -o conftest -O2 -I/home/notlean/openwrt-uboost/staging_dir/host/include  -I/home/notlean/openwrt-uboost/staging_dir/host/include  -I/home/notlean/openwrt-uboost/staging_dir/host/include -L/home/notlean/openwrt-uboost/staging_dir/host/lib  -L/home/notlean/openwrt-uboost/staging_dir/host/lib conftest.c  -lm >&5
configure:16966: $? = 0
configure:16969: result: yes
configure:16982: checking for math/floor
configure:17000: gcc -o conftest -O2 -I/home/notlean/openwrt-uboost/staging_dir/host/include  -I/home/notlean/openwrt-uboost/staging_dir/host/include  -I/home/notlean/openwrt-uboost/staging_dir/host/include -L/home/notlean/openwrt-uboost/staging_dir/host/lib  -L/home/notlean/openwrt-uboost/staging_dir/host/lib conftest.c  -lm >&5
configure:17000: $? = 0
configure:17003: result: yes
configure:17016: checking for math/ceil
configure:17034: gcc -o conftest -O2 -I/home/notlean/openwrt-uboost/staging_dir/host/include  -I/home/notlean/openwrt-uboost/staging_dir/host/include  -I/home/notlean/openwrt-uboost/staging_dir/host/include -L/home/notlean/openwrt-uboost/staging_dir/host/lib  -L/home/notlean/openwrt-uboost/staging_dir/host/lib conftest.c  -lm >&5
configure:17034: $? = 0
configure:17037: result: yes
configure:17050: checking for math/nearbyint
configure:17068: gcc -o conftest -O2 -I/home/notlean/openwrt-uboost/staging_dir/host/include  -I/home/notlean/openwrt-uboost/staging_dir/host/include  -I/home/notlean/openwrt-uboost/staging_dir/host/include -L/home/notlean/openwrt-uboost/staging_dir/host/lib  -L/home/notlean/openwrt-uboost/staging_dir/host/lib conftest.c  -lm >&5
configure:17068: $? = 0
configure:17071: result: yes
configure:17089: checking format of floating-point type `double'
configure:17124: gcc -O2 -I/home/notlean/openwrt-uboost/staging_dir/host/include  -I/home/notlean/openwrt-uboost/staging_dir/host/include  -I/home/notlean/openwrt-uboost/staging_dir/host/include -L/home/notlean/openwrt-uboost/staging_dir/host/lib  -L/home/notlean/openwrt-uboost/staging_dir/host/lib conftest.c -o conftest >&5 2>&1
configure:17127: $? = 0
configure:17421: result: IEEE double, little endian
configure:17443: checking format of floating-point type `long double'
configure:17478: gcc -O2 -I/home/notlean/openwrt-uboost/staging_dir/host/include  -I/home/notlean/openwrt-uboost/staging_dir/host/include  -I/home/notlean/openwrt-uboost/staging_dir/host/include -L/home/notlean/openwrt-uboost/staging_dir/host/lib  -L/home/notlean/openwrt-uboost/staging_dir/host/lib conftest.c -o conftest >&5 2>&1
configure:17481: $? = 0
configure:17775: result: IEEE extended, little endian (16 bytes)
configure:17831: checking for TLS support using C11
configure:17853: gcc -o conftest -O2 -I/home/notlean/openwrt-uboost/staging_dir/host/include  -I/home/notlean/openwrt-uboost/staging_dir/host/include  -I/home/notlean/openwrt-uboost/staging_dir/host/include -I./src -L/home/notlean/openwrt-uboost/staging_dir/host/lib  -L/home/notlean/openwrt-uboost/staging_dir/host/lib conftest.c  >&5
configure:17853: $? = 0
configure:17853: ./conftest
configure:17853: $? = 0
configure:17855: result: yes
configure:17936: checking if compiler knows _Decimal64
configure:17949: gcc -c -O2 -I/home/notlean/openwrt-uboost/staging_dir/host/include  -I/home/notlean/openwrt-uboost/staging_dir/host/include  -I/home/notlean/openwrt-uboost/staging_dir/host/include conftest.c >&5
configure:17949: $? = 0
configure:17951: result: yes
configure:17953: checking decimal float format
configure:17981: gcc -o conftest -O2 -I/home/notlean/openwrt-uboost/staging_dir/host/include  -I/home/notlean/openwrt-uboost/staging_dir/host/include  -I/home/notlean/openwrt-uboost/staging_dir/host/include -L/home/notlean/openwrt-uboost/staging_dir/host/lib  -L/home/notlean/openwrt-uboost/staging_dir/host/lib conftest.c  >&5
configure:17981: $? = 0
configure:17981: ./conftest
configure:17981: $? = 81
configure: program exited with status 81
configure: failed program was:
| /* confdefs.h */
| #define PACKAGE_NAME "MPFR"
| #define PACKAGE_TARNAME "mpfr"
| #define PACKAGE_VERSION "4.2.0"
| #define PACKAGE_STRING "MPFR 4.2.0"
| #define PACKAGE_BUGREPORT ""
| #define PACKAGE_URL ""
| #define HAVE_STDIO_H 1
| #define HAVE_STDLIB_H 1
| #define HAVE_STRING_H 1
| #define HAVE_INTTYPES_H 1
| #define HAVE_STDINT_H 1
| #define HAVE_STRINGS_H 1
| #define HAVE_SYS_STAT_H 1
| #define HAVE_SYS_TYPES_H 1
| #define HAVE_UNISTD_H 1
| #define STDC_HEADERS 1
| #define HAVE_DLFCN_H 1
| #define LT_OBJDIR ".libs/"
| #define HAVE_LITTLE_ENDIAN 1
| #define HAVE_CLOCK_GETTIME 1
| #define HAVE_LOCALE_H 1
| #define HAVE_WCHAR_H 1
| #define HAVE_STDARG 1
| #define HAVE_STRUCT_LCONV_DECIMAL_POINT 1
| #define HAVE_STRUCT_LCONV_THOUSANDS_SEP 1
| #define HAVE_ALLOCA_H 1
| #define HAVE_ALLOCA 1
| #define HAVE_UINTPTR_T 1
| #define HAVE_VA_COPY 1
| #define HAVE_SETLOCALE 1
| #define HAVE_GETTIMEOFDAY 1
| #define HAVE_SIGNAL 1
| #define HAVE_SIGACTION 1
| #define HAVE_LONG_LONG 1
| #define HAVE_INTMAX_T 1
| #define MPFR_HAVE_INTMAX_MAX 1
| #define MPFR_HAVE_NORETURN 1
| #define MPFR_HAVE_BUILTIN_UNREACHABLE 1
| #define MPFR_HAVE_CONSTRUCTOR_ATTR 1
| #define MPFR_HAVE_FESETROUND 1
| #define HAVE_SUBNORM_DBL 1
| #define HAVE_SUBNORM_FLT 1
| #define HAVE_SIGNEDZ 1
| #define HAVE_ROUND 1
| #define HAVE_TRUNC 1
| #define HAVE_FLOOR 1
| #define HAVE_CEIL 1
| #define HAVE_NEARBYINT 1
| #define HAVE_DOUBLE_IEEE_LITTLE_ENDIAN 1
| #define HAVE_LDOUBLE_IEEE_EXT_LITTLE 1
| #define MPFR_USE_THREAD_SAFE 1
| #define MPFR_USE_C11_THREAD_SAFE 1
| /* end confdefs.h.  */
| 
| #include <stdlib.h>
| 
| int
| main (void)
| {
| 
| volatile _Decimal64 x = 1;
| union { double d; _Decimal64 d64; } y;
| if (x != x) return 83;
| y.d64 = 1234567890123456.0dd;
| return y.d == 0.14894469406741037E-123 ? 80 :
|        y.d == 0.59075095508629822E-68  ? 81 : 82;
| 
|   ;
|   return 0;
| }
configure:18000: result: BID
configure:18074: checking bit-field ordering for _Decimal128
configure:18117: gcc -o conftest -O2 -I/home/notlean/openwrt-uboost/staging_dir/host/include  -I/home/notlean/openwrt-uboost/staging_dir/host/include  -I/home/notlean/openwrt-uboost/staging_dir/host/include -L/home/notlean/openwrt-uboost/staging_dir/host/lib  -L/home/notlean/openwrt-uboost/staging_dir/host/lib conftest.c  >&5
configure:18117: $? = 0
configure:18117: ./conftest
configure:18117: $? = 80
configure: program exited with status 80
configure: failed program was:
| /* confdefs.h */
| #define PACKAGE_NAME "MPFR"
| #define PACKAGE_TARNAME "mpfr"
| #define PACKAGE_VERSION "4.2.0"
| #define PACKAGE_STRING "MPFR 4.2.0"
| #define PACKAGE_BUGREPORT ""
| #define PACKAGE_URL ""
| #define HAVE_STDIO_H 1
| #define HAVE_STDLIB_H 1
| #define HAVE_STRING_H 1
| #define HAVE_INTTYPES_H 1
| #define HAVE_STDINT_H 1
| #define HAVE_STRINGS_H 1
| #define HAVE_SYS_STAT_H 1
| #define HAVE_SYS_TYPES_H 1
| #define HAVE_UNISTD_H 1
| #define STDC_HEADERS 1
| #define HAVE_DLFCN_H 1
| #define LT_OBJDIR ".libs/"
| #define HAVE_LITTLE_ENDIAN 1
| #define HAVE_CLOCK_GETTIME 1
| #define HAVE_LOCALE_H 1
| #define HAVE_WCHAR_H 1
| #define HAVE_STDARG 1
| #define HAVE_STRUCT_LCONV_DECIMAL_POINT 1
| #define HAVE_STRUCT_LCONV_THOUSANDS_SEP 1
| #define HAVE_ALLOCA_H 1
| #define HAVE_ALLOCA 1
| #define HAVE_UINTPTR_T 1
| #define HAVE_VA_COPY 1
| #define HAVE_SETLOCALE 1
| #define HAVE_GETTIMEOFDAY 1
| #define HAVE_SIGNAL 1
| #define HAVE_SIGACTION 1
| #define HAVE_LONG_LONG 1
| #define HAVE_INTMAX_T 1
| #define MPFR_HAVE_INTMAX_MAX 1
| #define MPFR_HAVE_NORETURN 1
| #define MPFR_HAVE_BUILTIN_UNREACHABLE 1
| #define MPFR_HAVE_CONSTRUCTOR_ATTR 1
| #define MPFR_HAVE_FESETROUND 1
| #define HAVE_SUBNORM_DBL 1
| #define HAVE_SUBNORM_FLT 1
| #define HAVE_SIGNEDZ 1
| #define HAVE_ROUND 1
| #define HAVE_TRUNC 1
| #define HAVE_FLOOR 1
| #define HAVE_CEIL 1
| #define HAVE_NEARBYINT 1
| #define HAVE_DOUBLE_IEEE_LITTLE_ENDIAN 1
| #define HAVE_LDOUBLE_IEEE_EXT_LITTLE 1
| #define MPFR_USE_THREAD_SAFE 1
| #define MPFR_USE_C11_THREAD_SAFE 1
| #define MPFR_WANT_DECIMAL_FLOATS 1
| #define DECIMAL_BID_FORMAT 1
| /* end confdefs.h.  */
| 
| 
| int
| main (void)
| {
| 
|     union ieee_decimal128
|     {
|       struct
|       {
|         unsigned int t3:32;
|         unsigned int t2:32;
|         unsigned int t1:32;
|         unsigned int t0:14;
|         unsigned int comb:17;
|         unsigned int sig:1;
|       } s;
|       _Decimal128 d128;
|     } x;
| 
|     x.d128 = 1.0dl;
|     if (x.s.sig == 0 && x.s.comb == 49400 &&
|         x.s.t0 == 0 && x.s.t1 == 0 && x.s.t2 == 0 && x.s.t3 == 10)
|        return 80; /* little endian */
|     else if (x.s.sig == 0 && x.s.comb == 8 &&
|              x.s.t0 == 0 && x.s.t1 == 0 && x.s.t2 == 0 && x.s.t3 == 570933248)
|        return 81; /* big endian */
|     else
|        return 82; /* unknown encoding */
| 
|   ;
|   return 0;
| }
configure:18124: result: little endian
configure:18145: checking if _Float128 with hex constants is supported
configure:18161: gcc -o conftest -O2 -I/home/notlean/openwrt-uboost/staging_dir/host/include  -I/home/notlean/openwrt-uboost/staging_dir/host/include  -I/home/notlean/openwrt-uboost/staging_dir/host/include -L/home/notlean/openwrt-uboost/staging_dir/host/lib  -L/home/notlean/openwrt-uboost/staging_dir/host/lib conftest.c  >&5
configure:18161: $? = 0
configure:18163: result: yes
configure:18215: checking for Static Assertion support
configure:18236: gcc -c -O2 -I/home/notlean/openwrt-uboost/staging_dir/host/include  -I/home/notlean/openwrt-uboost/staging_dir/host/include  -I/home/notlean/openwrt-uboost/staging_dir/host/include -I./src conftest.c >&5
configure:18236: $? = 0
configure:18238: result: yes
configure:18351: checking whether gcc __attribute__ ((mode (XX))) works
configure:18368: gcc -c -O2 -I/home/notlean/openwrt-uboost/staging_dir/host/include  -I/home/notlean/openwrt-uboost/staging_dir/host/include  -I/home/notlean/openwrt-uboost/staging_dir/host/include conftest.c >&5
configure:18368: $? = 0
configure:18377: result: yes
configure:18391: checking for gmp.h
configure:18399: gcc -c -O2 -I/home/notlean/openwrt-uboost/staging_dir/host/include  -I/home/notlean/openwrt-uboost/staging_dir/host/include  -I/home/notlean/openwrt-uboost/staging_dir/host/include conftest.c >&5
configure:18399: $? = 0
configure:18401: result: yes
configure:18482: checking for recent GMP
configure:18494: gcc -c -O2 -I/home/notlean/openwrt-uboost/staging_dir/host/include  -I/home/notlean/openwrt-uboost/staging_dir/host/include  -I/home/notlean/openwrt-uboost/staging_dir/host/include conftest.c >&5
configure:18494: $? = 0
configure:18496: result: yes
configure:18507: checking usable gmp.h at link time
configure:18522: gcc -o conftest -O2 -I/home/notlean/openwrt-uboost/staging_dir/host/include  -I/home/notlean/openwrt-uboost/staging_dir/host/include  -I/home/notlean/openwrt-uboost/staging_dir/host/include -L/home/notlean/openwrt-uboost/staging_dir/host/lib  -L/home/notlean/openwrt-uboost/staging_dir/host/lib conftest.c  >&5
configure:18522: $? = 0
configure:18524: result: yes
configure:18565: checking for GMP_NUMB_BITS and sizeof(mp_limb_t) consistency
configure:18595: gcc -o conftest -O2 -I/home/notlean/openwrt-uboost/staging_dir/host/include  -I/home/notlean/openwrt-uboost/staging_dir/host/include  -I/home/notlean/openwrt-uboost/staging_dir/host/include -L/home/notlean/openwrt-uboost/staging_dir/host/lib  -L/home/notlean/openwrt-uboost/staging_dir/host/lib conftest.c  >&5
configure:18595: $? = 0
configure:18595: ./conftest
configure:18595: $? = 0
configure:18597: result: yes
configure:18612: checking for __gmpz_init in -lgmp
configure:18635: gcc -o conftest -O2 -I/home/notlean/openwrt-uboost/staging_dir/host/include  -I/home/notlean/openwrt-uboost/staging_dir/host/include  -I/home/notlean/openwrt-uboost/staging_dir/host/include -L/home/notlean/openwrt-uboost/staging_dir/host/lib  -L/home/notlean/openwrt-uboost/staging_dir/host/lib conftest.c -lgmp   >&5
configure:18635: $? = 0
configure:18645: result: yes
configure:18656: checking if gmp.h version and libgmp version are the same
configure:18696: gcc -o conftest -O2 -I/home/notlean/openwrt-uboost/staging_dir/host/include  -I/home/notlean/openwrt-uboost/staging_dir/host/include  -I/home/notlean/openwrt-uboost/staging_dir/host/include -L/home/notlean/openwrt-uboost/staging_dir/host/lib  -L/home/notlean/openwrt-uboost/staging_dir/host/lib conftest.c -lgmp  >&5
configure:18696: $? = 0
configure:18696: ./conftest
gmp.h: 6.2.1 / libgmp: 6.2.1
configure:18696: $? = 0
configure:18698: result: yes
configure:18701: checking for GMP library vs header correctness
configure:18748: gcc -o conftest -O2 -I/home/notlean/openwrt-uboost/staging_dir/host/include  -I/home/notlean/openwrt-uboost/staging_dir/host/include  -I/home/notlean/openwrt-uboost/staging_dir/host/include -L/home/notlean/openwrt-uboost/staging_dir/host/lib  -L/home/notlean/openwrt-uboost/staging_dir/host/lib conftest.c -lgmp  >&5
configure:18748: $? = 0
configure:18748: ./conftest
GMP_NAIL_BITS     = 0
GMP_NUMB_BITS     = 64
mp_bits_per_limb  = 64
sizeof(mp_limb_t) = 8
configure:18748: $? = 0
configure:18760: result: yes
configure:18769: checking for double-to-integer conversion bug
configure:18814: gcc -o conftest -O2 -I/home/notlean/openwrt-uboost/staging_dir/host/include  -I/home/notlean/openwrt-uboost/staging_dir/host/include  -I/home/notlean/openwrt-uboost/staging_dir/host/include -L/home/notlean/openwrt-uboost/staging_dir/host/lib  -L/home/notlean/openwrt-uboost/staging_dir/host/lib conftest.c -lgmp  >&5
configure:18814: $? = 0
configure:18814: ./conftest
configure:18814: $? = 0
configure:18826: result: no
configure:18837: checking if gmp_printf supports "%jd"
configure:18885: gcc -o conftest -O2 -I/home/notlean/openwrt-uboost/staging_dir/host/include  -I/home/notlean/openwrt-uboost/staging_dir/host/include  -I/home/notlean/openwrt-uboost/staging_dir/host/include -L/home/notlean/openwrt-uboost/staging_dir/host/lib  -L/home/notlean/openwrt-uboost/staging_dir/host/lib conftest.c -lgmp  >&5
configure:18885: $? = 0
configure:18885: ./conftest
configure:18885: $? = 0
configure:18887: result: yes
configure:18905: checking if gmp_printf supports "%hhd"
configure:18948: gcc -o conftest -O2 -I/home/notlean/openwrt-uboost/staging_dir/host/include  -I/home/notlean/openwrt-uboost/staging_dir/host/include  -I/home/notlean/openwrt-uboost/staging_dir/host/include -L/home/notlean/openwrt-uboost/staging_dir/host/lib  -L/home/notlean/openwrt-uboost/staging_dir/host/lib conftest.c -lgmp  >&5
configure:18948: $? = 0
configure:18948: ./conftest
configure:18948: $? = 0
configure:18950: result: yes
configure:18967: checking if gmp_printf supports "%lld"
configure:19010: gcc -o conftest -O2 -I/home/notlean/openwrt-uboost/staging_dir/host/include  -I/home/notlean/openwrt-uboost/staging_dir/host/include  -I/home/notlean/openwrt-uboost/staging_dir/host/include -L/home/notlean/openwrt-uboost/staging_dir/host/lib  -L/home/notlean/openwrt-uboost/staging_dir/host/lib conftest.c -lgmp  >&5
configure:19010: $? = 0
configure:19010: ./conftest
configure:19010: $? = 0
configure:19012: result: yes
configure:19029: checking if gmp_printf supports "%Lf"
configure:19074: gcc -o conftest -O2 -I/home/notlean/openwrt-uboost/staging_dir/host/include  -I/home/notlean/openwrt-uboost/staging_dir/host/include  -I/home/notlean/openwrt-uboost/staging_dir/host/include -L/home/notlean/openwrt-uboost/staging_dir/host/lib  -L/home/notlean/openwrt-uboost/staging_dir/host/lib conftest.c -lgmp  >&5
configure:19074: $? = 0
configure:19074: ./conftest
configure:19074: $? = 0
configure:19076: result: yes
configure:19095: checking if gmp_printf supports "%td"
configure:19145: gcc -o conftest -O2 -I/home/notlean/openwrt-uboost/staging_dir/host/include  -I/home/notlean/openwrt-uboost/staging_dir/host/include  -I/home/notlean/openwrt-uboost/staging_dir/host/include -L/home/notlean/openwrt-uboost/staging_dir/host/lib  -L/home/notlean/openwrt-uboost/staging_dir/host/lib conftest.c -lgmp  >&5
configure:19145: $? = 0
configure:19145: ./conftest
configure:19145: $? = 0
configure:19147: result: yes
configure:19166: checking if gmp_printf supports the ' group flag
configure:19192: gcc -o conftest -O2 -I/home/notlean/openwrt-uboost/staging_dir/host/include  -I/home/notlean/openwrt-uboost/staging_dir/host/include  -I/home/notlean/openwrt-uboost/staging_dir/host/include -L/home/notlean/openwrt-uboost/staging_dir/host/lib  -L/home/notlean/openwrt-uboost/staging_dir/host/lib conftest.c -lgmp  >&5
configure:19192: $? = 0
configure:19192: ./conftest
configure:19192: $? = 0
configure:19194: result: yes
configure:19255: checking for __gmpn_sbpi1_divappr_q
configure:19255: gcc -o conftest -O2 -I/home/notlean/openwrt-uboost/staging_dir/host/include  -I/home/notlean/openwrt-uboost/staging_dir/host/include  -I/home/notlean/openwrt-uboost/staging_dir/host/include -L/home/notlean/openwrt-uboost/staging_dir/host/lib  -L/home/notlean/openwrt-uboost/staging_dir/host/lib conftest.c -lgmp  >&5
configure:19255: $? = 0
configure:19255: result: yes
configure:19262: checking for __gmpn_invert_limb
configure:19262: gcc -o conftest -O2 -I/home/notlean/openwrt-uboost/staging_dir/host/include  -I/home/notlean/openwrt-uboost/staging_dir/host/include  -I/home/notlean/openwrt-uboost/staging_dir/host/include -L/home/notlean/openwrt-uboost/staging_dir/host/lib  -L/home/notlean/openwrt-uboost/staging_dir/host/lib conftest.c -lgmp  >&5
/usr/bin/ld: /home/notlean/openwrt-uboost/tmp/ccd5Gpzl.o: in function `main':
conftest.c:(.text.startup+0xb): undefined reference to `__gmpn_invert_limb'
collect2: error: ld returned 1 exit status
configure:19262: $? = 1
configure: failed program was:
| /* confdefs.h */
| #define PACKAGE_NAME "MPFR"
| #define PACKAGE_TARNAME "mpfr"
| #define PACKAGE_VERSION "4.2.0"
| #define PACKAGE_STRING "MPFR 4.2.0"
| #define PACKAGE_BUGREPORT ""
| #define PACKAGE_URL ""
| #define HAVE_STDIO_H 1
| #define HAVE_STDLIB_H 1
| #define HAVE_STRING_H 1
| #define HAVE_INTTYPES_H 1
| #define HAVE_STDINT_H 1
| #define HAVE_STRINGS_H 1
| #define HAVE_SYS_STAT_H 1
| #define HAVE_SYS_TYPES_H 1
| #define HAVE_UNISTD_H 1
| #define STDC_HEADERS 1
| #define HAVE_DLFCN_H 1
| #define LT_OBJDIR ".libs/"
| #define HAVE_LITTLE_ENDIAN 1
| #define HAVE_CLOCK_GETTIME 1
| #define HAVE_LOCALE_H 1
| #define HAVE_WCHAR_H 1
| #define HAVE_STDARG 1
| #define HAVE_STRUCT_LCONV_DECIMAL_POINT 1
| #define HAVE_STRUCT_LCONV_THOUSANDS_SEP 1
| #define HAVE_ALLOCA_H 1
| #define HAVE_ALLOCA 1
| #define HAVE_UINTPTR_T 1
| #define HAVE_VA_COPY 1
| #define HAVE_SETLOCALE 1
| #define HAVE_GETTIMEOFDAY 1
| #define HAVE_SIGNAL 1
| #define HAVE_SIGACTION 1
| #define HAVE_LONG_LONG 1
| #define HAVE_INTMAX_T 1
| #define MPFR_HAVE_INTMAX_MAX 1
| #define MPFR_HAVE_NORETURN 1
| #define MPFR_HAVE_BUILTIN_UNREACHABLE 1
| #define MPFR_HAVE_CONSTRUCTOR_ATTR 1
| #define MPFR_HAVE_FESETROUND 1
| #define HAVE_SUBNORM_DBL 1
| #define HAVE_SUBNORM_FLT 1
| #define HAVE_SIGNEDZ 1
| #define HAVE_ROUND 1
| #define HAVE_TRUNC 1
| #define HAVE_FLOOR 1
| #define HAVE_CEIL 1
| #define HAVE_NEARBYINT 1
| #define HAVE_DOUBLE_IEEE_LITTLE_ENDIAN 1
| #define HAVE_LDOUBLE_IEEE_EXT_LITTLE 1
| #define MPFR_USE_THREAD_SAFE 1
| #define MPFR_USE_C11_THREAD_SAFE 1
| #define MPFR_WANT_DECIMAL_FLOATS 1
| #define DECIMAL_BID_FORMAT 1
| #define HAVE_DECIMAL128_IEEE_LITTLE_ENDIAN 1
| #define MPFR_WANT_FLOAT128 1
| #define MPFR_USE_STATIC_ASSERT 1
| #define HAVE_ATTRIBUTE_MODE 1
| #define PRINTF_L 1
| #define PRINTF_T 1
| #define PRINTF_GROUPFLAG 1
| #define HAVE___GMPN_SBPI1_DIVAPPR_Q 1
| /* end confdefs.h.  */
| /* Define __gmpn_invert_limb to an innocuous variant, in case <limits.h> declares __gmpn_invert_limb.
|    For example, HP-UX 11i <limits.h> declares gettimeofday.  */
| #define __gmpn_invert_limb innocuous___gmpn_invert_limb
| 
| /* System header to define __stub macros and hopefully few prototypes,
|    which can conflict with char __gmpn_invert_limb (); below.  */
| 
| #include <limits.h>
| #undef __gmpn_invert_limb
| 
| /* Override any GCC internal prototype to avoid an error.
|    Use char because int might match the return type of a GCC
|    builtin and then its argument prototype would still apply.  */
| #ifdef __cplusplus
| extern "C"
| #endif
| char __gmpn_invert_limb ();
| /* The GNU C library defines this for functions which it implements
|     to always fail with ENOSYS.  Some functions are actually named
|     something starting with __ and the normal name is an alias.  */
| #if defined __stub___gmpn_invert_limb || defined __stub_____gmpn_invert_limb
| choke me
| #endif
| 
| int
| main (void)
| {
| return __gmpn_invert_limb ();
|   ;
|   return 0;
| }
configure:19262: result: no
configure:19269: checking for __gmpn_rsblsh1_n
configure:19269: gcc -o conftest -O2 -I/home/notlean/openwrt-uboost/staging_dir/host/include  -I/home/notlean/openwrt-uboost/staging_dir/host/include  -I/home/notlean/openwrt-uboost/staging_dir/host/include -L/home/notlean/openwrt-uboost/staging_dir/host/lib  -L/home/notlean/openwrt-uboost/staging_dir/host/lib conftest.c -lgmp  >&5
/usr/bin/ld: /home/notlean/openwrt-uboost/tmp/ccNC1jFI.o: in function `main':
conftest.c:(.text.startup+0xb): undefined reference to `__gmpn_rsblsh1_n'
collect2: error: ld returned 1 exit status
configure:19269: $? = 1
configure: failed program was:
| /* confdefs.h */
| #define PACKAGE_NAME "MPFR"
| #define PACKAGE_TARNAME "mpfr"
| #define PACKAGE_VERSION "4.2.0"
| #define PACKAGE_STRING "MPFR 4.2.0"
| #define PACKAGE_BUGREPORT ""
| #define PACKAGE_URL ""
| #define HAVE_STDIO_H 1
| #define HAVE_STDLIB_H 1
| #define HAVE_STRING_H 1
| #define HAVE_INTTYPES_H 1
| #define HAVE_STDINT_H 1
| #define HAVE_STRINGS_H 1
| #define HAVE_SYS_STAT_H 1
| #define HAVE_SYS_TYPES_H 1
| #define HAVE_UNISTD_H 1
| #define STDC_HEADERS 1
| #define HAVE_DLFCN_H 1
| #define LT_OBJDIR ".libs/"
| #define HAVE_LITTLE_ENDIAN 1
| #define HAVE_CLOCK_GETTIME 1
| #define HAVE_LOCALE_H 1
| #define HAVE_WCHAR_H 1
| #define HAVE_STDARG 1
| #define HAVE_STRUCT_LCONV_DECIMAL_POINT 1
| #define HAVE_STRUCT_LCONV_THOUSANDS_SEP 1
| #define HAVE_ALLOCA_H 1
| #define HAVE_ALLOCA 1
| #define HAVE_UINTPTR_T 1
| #define HAVE_VA_COPY 1
| #define HAVE_SETLOCALE 1
| #define HAVE_GETTIMEOFDAY 1
| #define HAVE_SIGNAL 1
| #define HAVE_SIGACTION 1
| #define HAVE_LONG_LONG 1
| #define HAVE_INTMAX_T 1
| #define MPFR_HAVE_INTMAX_MAX 1
| #define MPFR_HAVE_NORETURN 1
| #define MPFR_HAVE_BUILTIN_UNREACHABLE 1
| #define MPFR_HAVE_CONSTRUCTOR_ATTR 1
| #define MPFR_HAVE_FESETROUND 1
| #define HAVE_SUBNORM_DBL 1
| #define HAVE_SUBNORM_FLT 1
| #define HAVE_SIGNEDZ 1
| #define HAVE_ROUND 1
| #define HAVE_TRUNC 1
| #define HAVE_FLOOR 1
| #define HAVE_CEIL 1
| #define HAVE_NEARBYINT 1
| #define HAVE_DOUBLE_IEEE_LITTLE_ENDIAN 1
| #define HAVE_LDOUBLE_IEEE_EXT_LITTLE 1
| #define MPFR_USE_THREAD_SAFE 1
| #define MPFR_USE_C11_THREAD_SAFE 1
| #define MPFR_WANT_DECIMAL_FLOATS 1
| #define DECIMAL_BID_FORMAT 1
| #define HAVE_DECIMAL128_IEEE_LITTLE_ENDIAN 1
| #define MPFR_WANT_FLOAT128 1
| #define MPFR_USE_STATIC_ASSERT 1
| #define HAVE_ATTRIBUTE_MODE 1
| #define PRINTF_L 1
| #define PRINTF_T 1
| #define PRINTF_GROUPFLAG 1
| #define HAVE___GMPN_SBPI1_DIVAPPR_Q 1
| /* end confdefs.h.  */
| /* Define __gmpn_rsblsh1_n to an innocuous variant, in case <limits.h> declares __gmpn_rsblsh1_n.
|    For example, HP-UX 11i <limits.h> declares gettimeofday.  */
| #define __gmpn_rsblsh1_n innocuous___gmpn_rsblsh1_n
| 
| /* System header to define __stub macros and hopefully few prototypes,
|    which can conflict with char __gmpn_rsblsh1_n (); below.  */
| 
| #include <limits.h>
| #undef __gmpn_rsblsh1_n
| 
| /* Override any GCC internal prototype to avoid an error.
|    Use char because int might match the return type of a GCC
|    builtin and then its argument prototype would still apply.  */
| #ifdef __cplusplus
| extern "C"
| #endif
| char __gmpn_rsblsh1_n ();
| /* The GNU C library defines this for functions which it implements
|     to always fail with ENOSYS.  Some functions are actually named
|     something starting with __ and the normal name is an alias.  */
| #if defined __stub___gmpn_rsblsh1_n || defined __stub_____gmpn_rsblsh1_n
| choke me
| #endif
| 
| int
| main (void)
| {
| return __gmpn_rsblsh1_n ();
|   ;
|   return 0;
| }
configure:19269: result: no
configure:19279: checking for long to fit in mp_limb_t
configure:19308: gcc -o conftest -O2 -I/home/notlean/openwrt-uboost/staging_dir/host/include  -I/home/notlean/openwrt-uboost/staging_dir/host/include  -I/home/notlean/openwrt-uboost/staging_dir/host/include -I./src -L/home/notlean/openwrt-uboost/staging_dir/host/lib  -L/home/notlean/openwrt-uboost/staging_dir/host/lib conftest.c -lgmp  >&5
configure:19308: $? = 0
configure:19318: result: yes
configure:19331: checking for intmax_t to fit in mp_limb_t
configure:19361: gcc -o conftest -O2 -I/home/notlean/openwrt-uboost/staging_dir/host/include  -I/home/notlean/openwrt-uboost/staging_dir/host/include  -I/home/notlean/openwrt-uboost/staging_dir/host/include -I./src -DMPFR_NEED_INTMAX_H -L/home/notlean/openwrt-uboost/staging_dir/host/lib  -L/home/notlean/openwrt-uboost/staging_dir/host/lib conftest.c -lgmp  >&5
configure:19361: $? = 0
configure:19371: result: yes
configure:19428: checking for getrusage
configure:19428: gcc -o conftest -O2 -I/home/notlean/openwrt-uboost/staging_dir/host/include  -I/home/notlean/openwrt-uboost/staging_dir/host/include  -I/home/notlean/openwrt-uboost/staging_dir/host/include -L/home/notlean/openwrt-uboost/staging_dir/host/lib  -L/home/notlean/openwrt-uboost/staging_dir/host/lib conftest.c -lgmp  >&5
configure:19428: $? = 0
configure:19428: result: yes
configure:19591: checking that generated files are newer than configure
configure:19597: result: done
configure:19628: creating ./config.status

## ---------------------- ##
## Running config.status. ##
## ---------------------- ##

This file was extended by MPFR config.status 4.2.0, which was
generated by GNU Autoconf 2.71.  Invocation command line was

  CONFIG_FILES    = 
  CONFIG_HEADERS  = 
  CONFIG_LINKS    = 
  CONFIG_COMMANDS = 
  $ ./config.status 

on Notlean

config.status:1037: creating Makefile
config.status:1037: creating mpfr.pc
config.status:1037: creating doc/Makefile
config.status:1037: creating src/Makefile
config.status:1037: creating tests/Makefile
config.status:1037: creating tune/Makefile
config.status:1037: creating src/mparam.h
config.status:1037: creating tools/bench/Makefile
config.status:1209: executing depfiles commands
config.status:1209: executing libtool commands

## ---------------- ##
## Cache variables. ##
## ---------------- ##

ac_cv_build=x86_64-pc-linux-gnu
ac_cv_c_bigendian=no
ac_cv_c_compiler_gnu=yes
ac_cv_c_const=yes
ac_cv_c_volatile=yes
ac_cv_env_CC_set=set
ac_cv_env_CC_value=gcc
ac_cv_env_CFLAGS_set=set
ac_cv_env_CFLAGS_value='-O2 -I/home/notlean/openwrt-uboost/staging_dir/host/include '
ac_cv_env_CPPFLAGS_set=set
ac_cv_env_CPPFLAGS_value='-I/home/notlean/openwrt-uboost/staging_dir/host/include '
ac_cv_env_CPP_set=
ac_cv_env_CPP_value=
ac_cv_env_LDFLAGS_set=set
ac_cv_env_LDFLAGS_value='-L/home/notlean/openwrt-uboost/staging_dir/host/lib '
ac_cv_env_LIBS_set=
ac_cv_env_LIBS_value=
ac_cv_env_LT_SYS_LIBRARY_PATH_set=
ac_cv_env_LT_SYS_LIBRARY_PATH_value=
ac_cv_env_build_alias_set=set
ac_cv_env_build_alias_value=x86_64-pc-linux-gnu
ac_cv_env_host_alias_set=set
ac_cv_env_host_alias_value=x86_64-pc-linux-gnu
ac_cv_env_target_alias_set=set
ac_cv_env_target_alias_value=x86_64-pc-linux-gnu
ac_cv_func___gmpn_invert_limb=no
ac_cv_func___gmpn_rsblsh1_n=no
ac_cv_func___gmpn_sbpi1_divappr_q=yes
ac_cv_func_alloca_works=yes
ac_cv_func_getrusage=yes
ac_cv_func_gettimeofday=yes
ac_cv_func_setlocale=yes
ac_cv_func_signal=yes
ac_cv_header_dlfcn_h=yes
ac_cv_header_float_h=yes
ac_cv_header_inttypes_h=yes
ac_cv_header_limits_h=yes
ac_cv_header_locale_h=yes
ac_cv_header_stdarg_h=yes
ac_cv_header_stdint_h=yes
ac_cv_header_stdio_h=yes
ac_cv_header_stdlib_h=yes
ac_cv_header_string_h=yes
ac_cv_header_strings_h=yes
ac_cv_header_sys_fpu_h=no
ac_cv_header_sys_stat_h=yes
ac_cv_header_sys_types_h=yes
ac_cv_header_unistd_h=yes
ac_cv_header_wchar_h=yes
ac_cv_host=x86_64-pc-linux-gnu
ac_cv_lib_gmp___gmpz_init=yes
ac_cv_member_struct_lconv_decimal_point=yes
ac_cv_member_struct_lconv_thousands_sep=yes
ac_cv_objext=o
ac_cv_path_EGREP='/home/notlean/openwrt-uboost/staging_dir/host/bin/grep -E'
ac_cv_path_FGREP='/home/notlean/openwrt-uboost/staging_dir/host/bin/grep -F'
ac_cv_path_GREP=/home/notlean/openwrt-uboost/staging_dir/host/bin/grep
ac_cv_path_SED=/home/notlean/openwrt-uboost/staging_dir/host/bin/sed
ac_cv_path_install='/home/notlean/openwrt-uboost/staging_dir/host/bin/install -c'
ac_cv_path_lt_DD=/usr/bin/dd
ac_cv_path_mkdir=/usr/bin/mkdir
ac_cv_prog_AR=ar
ac_cv_prog_AWK=gawk
ac_cv_prog_CC=gcc
ac_cv_prog_CPP='gcc -E'
ac_cv_prog_ac_ct_AR=ar
ac_cv_prog_ac_ct_FILECMD=file
ac_cv_prog_ac_ct_MANIFEST_TOOL=mt
ac_cv_prog_ac_ct_OBJDUMP=objdump
ac_cv_prog_ac_ct_RANLIB=ranlib
ac_cv_prog_ac_ct_STRIP=strip
ac_cv_prog_cc_c11=
ac_cv_prog_cc_g=yes
ac_cv_prog_cc_stdc=
ac_cv_prog_make_make_set=yes
ac_cv_search_clock_gettime='none required'
ac_cv_type_intmax_t=yes
ac_cv_type_long_long_int=yes
ac_cv_type_size_t=yes
ac_cv_type_uintptr_t=yes
ac_cv_type_union_fpc_csr=no
ac_cv_working_alloca_h=yes
am_cv_CC_dependencies_compiler_type=none
am_cv_ar_interface=ar
am_cv_make_support_nested_variables=yes
am_cv_prog_cc_c_o=yes
gmp_cv_c_attribute_mode=yes
lt_cv_ar_at_file=@
lt_cv_deplibs_check_method=pass_all
lt_cv_file_magic_cmd='$MAGIC_CMD'
lt_cv_file_magic_test_file=
lt_cv_ld_reload_flag=-r
lt_cv_nm_interface='BSD nm'
lt_cv_objdir=.libs
lt_cv_path_LD=/usr/bin/ld
lt_cv_path_NM='/usr/bin/nm -B'
lt_cv_path_mainfest_tool=no
lt_cv_prog_compiler_c_o=yes
lt_cv_prog_compiler_pic='-fPIC -DPIC'
lt_cv_prog_compiler_pic_works=yes
lt_cv_prog_compiler_rtti_exceptions=no
lt_cv_prog_compiler_static_works=yes
lt_cv_prog_gnu_ld=yes
lt_cv_sharedlib_from_linklib_cmd='printf %s\n'
lt_cv_shlibpath_overrides_runpath=yes
lt_cv_sys_global_symbol_pipe='/home/notlean/openwrt-uboost/staging_dir/host/bin/sed -n -e '\''s/^.*[	 ]\([ABCDGIRSTW][ABCDGIRSTW]*\)[	 ][	 ]*\([_A-Za-z][_A-Za-z0-9]*\)$/\1 \2 \2/p'\'' | /home/notlean/openwrt-uboost/staging_dir/host/bin/sed '\''/ __gnu_lto/d'\'''
lt_cv_sys_global_symbol_to_c_name_address='/home/notlean/openwrt-uboost/staging_dir/host/bin/sed -n -e '\''s/^: \(.*\) .*$/  {"\1", (void *) 0},/p'\'' -e '\''s/^[ABCDGIRSTW][ABCDGIRSTW]* .* \(.*\)$/  {"\1", (void *) \&\1},/p'\'''
lt_cv_sys_global_symbol_to_c_name_address_lib_prefix='/home/notlean/openwrt-uboost/staging_dir/host/bin/sed -n -e '\''s/^: \(.*\) .*$/  {"\1", (void *) 0},/p'\'' -e '\''s/^[ABCDGIRSTW][ABCDGIRSTW]* .* \(lib.*\)$/  {"\1", (void *) \&\1},/p'\'' -e '\''s/^[ABCDGIRSTW][ABCDGIRSTW]* .* \(.*\)$/  {"lib\1", (void *) \&\1},/p'\'''
lt_cv_sys_global_symbol_to_cdecl='/home/notlean/openwrt-uboost/staging_dir/host/bin/sed -n -e '\''s/^T .* \(.*\)$/extern int \1();/p'\'' -e '\''s/^[ABCDGIRSTW][ABCDGIRSTW]* .* \(.*\)$/extern char \1;/p'\'''
lt_cv_sys_global_symbol_to_import=
lt_cv_sys_max_cmd_len=1572864
lt_cv_to_host_file_cmd=func_convert_file_noop
lt_cv_to_tool_file_cmd=func_convert_file_noop
lt_cv_truncate_bin='/usr/bin/dd bs=4096 count=1'
mpfr_cv_c_double_format='IEEE double, little endian'
mpfr_cv_c_long_double_format='IEEE extended, little endian (16 bytes)'
mpfr_cv_check_gmp=yes
mpfr_cv_dbl_int_bug=no
mpfr_cv_errdivzero=no
mpfr_cv_gcc_floatconv_bug=no
mpfr_cv_have_builtin_unreachable=yes
mpfr_cv_have_fesetround=yes
mpfr_cv_have_intmax_max=yes
mpfr_cv_have_noreturn=yes
mpfr_cv_have_signedz=yes
mpfr_cv_have_subnorm_dbl=yes
mpfr_cv_have_subnorm_flt=yes
mpfr_cv_intmax_within_limb=yes
mpfr_cv_long_within_limb=yes
mpfr_cv_nanisnan=no

## ----------------- ##
## Output variables. ##
## ----------------- ##

ACLOCAL='${SHELL} '\''/home/notlean/openwrt-uboost/build_dir/host/mpfr-4.2.0/missing'\'' aclocal-1.16'
ALLOCA=''
AMDEPBACKSLASH=''
AMDEP_FALSE=''
AMDEP_TRUE='#'
AMTAR='$${TAR-tar}'
AM_BACKSLASH='\'
AM_DEFAULT_V='$(AM_DEFAULT_VERBOSITY)'
AM_DEFAULT_VERBOSITY='1'
AM_V='$(shell if ( test "x$(V)" = "x0" ); then echo 0; elif ( test "x$(V)" = "x" ); then echo $(AM_DEFAULT_VERBOSITY); else echo 1; fi)'
AR='ar'
AS='as'
AUTOCONF='${SHELL} '\''/home/notlean/openwrt-uboost/build_dir/host/mpfr-4.2.0/missing'\'' autoconf'
AUTOHEADER='${SHELL} '\''/home/notlean/openwrt-uboost/build_dir/host/mpfr-4.2.0/missing'\'' autoheader'
AUTOMAKE='${SHELL} '\''/home/notlean/openwrt-uboost/build_dir/host/mpfr-4.2.0/missing'\'' automake-1.16'
AWK='gawk'
CC='gcc'
CCDEPMODE='depmode=none'
CFLAGS='-O2 -I/home/notlean/openwrt-uboost/staging_dir/host/include '
CPP='gcc -E'
CPPFLAGS='-I/home/notlean/openwrt-uboost/staging_dir/host/include  -I/home/notlean/openwrt-uboost/staging_dir/host/include'
CSCOPE='cscope'
CTAGS='ctags'
CYGPATH_W='echo'
DATAFILES=''
DEFS='-DHAVE_STDIO_H=1 -DHAVE_INTTYPES_H=1 -DHAVE_STDINT_H=1 -DLT_OBJDIR=\".libs/\" -DHAVE_LITTLE_ENDIAN=1 -DHAVE_CLOCK_GETTIME=1 -DHAVE_LOCALE_H=1 -DHAVE_WCHAR_H=1 -DHAVE_STDARG=1 -DHAVE_STRUCT_LCONV_DECIMAL_POINT=1 -DHAVE_STRUCT_LCONV_THOUSANDS_SEP=1 -DHAVE_ALLOCA_H=1 -DHAVE_ALLOCA=1 -DHAVE_UINTPTR_T=1 -DHAVE_VA_COPY=1 -DHAVE_SETLOCALE=1 -DHAVE_GETTIMEOFDAY=1 -DHAVE_SIGNAL=1 -DHAVE_SIGACTION=1 -DHAVE_LONG_LONG=1 -DHAVE_INTMAX_T=1 -DMPFR_HAVE_INTMAX_MAX=1 -DMPFR_HAVE_NORETURN=1 -DMPFR_HAVE_BUILTIN_UNREACHABLE=1 -DMPFR_HAVE_CONSTRUCTOR_ATTR=1 -DMPFR_HAVE_FESETROUND=1 -DHAVE_SUBNORM_DBL=1 -DHAVE_SUBNORM_FLT=1 -DHAVE_SIGNEDZ=1 -DHAVE_ROUND=1 -DHAVE_TRUNC=1 -DHAVE_FLOOR=1 -DHAVE_CEIL=1 -DHAVE_NEARBYINT=1 -DHAVE_DOUBLE_IEEE_LITTLE_ENDIAN=1 -DHAVE_LDOUBLE_IEEE_EXT_LITTLE=1 -DMPFR_USE_THREAD_SAFE=1 -DMPFR_USE_C11_THREAD_SAFE=1 -DMPFR_WANT_DECIMAL_FLOATS=1 -DDECIMAL_BID_FORMAT=1 -DHAVE_DECIMAL128_IEEE_LITTLE_ENDIAN=1 -DMPFR_WANT_FLOAT128=1 -DMPFR_USE_STATIC_ASSERT=1 -DHAVE_ATTRIBUTE_MODE=1 -DPRINTF_L=1 -DPRINTF_T=1 -DPRINTF_GROUPFLAG=1 -DHAVE___GMPN_SBPI1_DIVAPPR_Q=1 -DMPFR_LONG_WITHIN_LIMB=1 -DMPFR_INTMAX_WITHIN_LIMB=1 -DHAVE_GETRUSAGE=1'
DEPDIR='.deps'
DLLTOOL='false'
DSYMUTIL=''
DUMPBIN=''
ECHO_C=''
ECHO_N='-n'
ECHO_T=''
EGREP='/home/notlean/openwrt-uboost/staging_dir/host/bin/grep -E'
ETAGS='etags'
EXEEXT=''
FGREP='/home/notlean/openwrt-uboost/staging_dir/host/bin/grep -F'
FILECMD='file'
GREP='/home/notlean/openwrt-uboost/staging_dir/host/bin/grep'
INSTALL_DATA='${INSTALL} -m 644'
INSTALL_PROGRAM='${INSTALL}'
INSTALL_SCRIPT='${INSTALL}'
INSTALL_STRIP_PROGRAM='$(install_sh) -c -s'
LD='/usr/bin/ld -m elf_x86_64'
LDFLAGS='-L/home/notlean/openwrt-uboost/staging_dir/host/lib  -L/home/notlean/openwrt-uboost/staging_dir/host/lib'
LIBMPFR_LDFLAGS=''
LIBOBJS=''
LIBS='-lgmp '
LIBTOOL='$(SHELL) $(top_builddir)/libtool'
LIPO=''
LN_S='ln -s'
LTLIBOBJS=''
LT_SYS_LIBRARY_PATH=''
MAINT=''
MAINTAINER_MODE_FALSE='#'
MAINTAINER_MODE_TRUE=''
MAKEINFO='${SHELL} '\''/home/notlean/openwrt-uboost/build_dir/host/mpfr-4.2.0/missing'\'' makeinfo'
MANIFEST_TOOL=':'
MINI_GMP_FALSE=''
MINI_GMP_TRUE='#'
MKDIR_P='/usr/bin/mkdir -p'
MPFR_LDFLAGS=''
MPFR_LIBM='-lm'
MPFR_LIBQUADMATH='-lquadmath'
NM='/usr/bin/nm -B'
NMEDIT=''
OBJDUMP='objdump'
OBJEXT='o'
OTOOL64=''
OTOOL=''
PACKAGE='mpfr'
PACKAGE_BUGREPORT=''
PACKAGE_NAME='MPFR'
PACKAGE_STRING='MPFR 4.2.0'
PACKAGE_TARNAME='mpfr'
PACKAGE_URL=''
PACKAGE_VERSION='4.2.0'
PATH_SEPARATOR=':'
PTHREAD_CC=''
PTHREAD_CFLAGS=''
PTHREAD_CXX=''
PTHREAD_LIBS=''
RANLIB='ranlib'
SED='/home/notlean/openwrt-uboost/staging_dir/host/bin/sed'
SET_MAKE=''
SHELL='/usr/bin/env bash'
STRIP='strip'
TUNE_LIBS=''
VERSION='4.2.0'
ac_ct_AR='ar'
ac_ct_CC=''
ac_ct_DUMPBIN=''
am__EXEEXT_FALSE=''
am__EXEEXT_TRUE='#'
am__fastdepCC_FALSE=''
am__fastdepCC_TRUE='#'
am__include='include'
am__isrc=''
am__leading_dot='.'
am__nodep=''
am__quote=''
am__tar='$${TAR-tar} chof - "$$tardir"'
am__untar='$${TAR-tar} xf -'
ax_pthread_config=''
bindir='${exec_prefix}/bin'
build='x86_64-pc-linux-gnu'
build_alias='x86_64-pc-linux-gnu'
build_cpu='x86_64'
build_os='linux-gnu'
build_vendor='pc'
datadir='${datarootdir}'
datarootdir='${prefix}/share'
docdir='${datarootdir}/doc/${PACKAGE_TARNAME}'
dvidir='${docdir}'
exec_prefix='/home/notlean/openwrt-uboost/staging_dir/host'
host='x86_64-pc-linux-gnu'
host_alias='x86_64-pc-linux-gnu'
host_cpu='x86_64'
host_os='linux-gnu'
host_vendor='pc'
htmldir='${docdir}'
includedir='${prefix}/include'
infodir='${datarootdir}/info'
install_sh='${SHELL} /home/notlean/openwrt-uboost/build_dir/host/mpfr-4.2.0/install-sh'
libdir='${exec_prefix}/lib'
libexecdir='${exec_prefix}/libexec'
localedir='${datarootdir}/locale'
localstatedir='/home/notlean/openwrt-uboost/staging_dir/host/var'
mandir='${datarootdir}/man'
mini_gmp_path=''
mkdir_p='$(MKDIR_P)'
oldincludedir='/usr/include'
pdfdir='${docdir}'
prefix='/home/notlean/openwrt-uboost/staging_dir/host'
program_transform_name='s&$$&&;s&^&&'
psdir='${docdir}'
runstatedir='${localstatedir}/run'
sbindir='/home/notlean/openwrt-uboost/staging_dir/host/bin'
sharedstatedir='${prefix}/com'
sysconfdir='/home/notlean/openwrt-uboost/staging_dir/host/etc'
target_alias='x86_64-pc-linux-gnu'

## ----------- ##
## confdefs.h. ##
## ----------- ##

/* confdefs.h */
#define HAVE_STDIO_H 1
#define HAVE_INTTYPES_H 1
#define HAVE_STDINT_H 1
#define LT_OBJDIR ".libs/"
#define HAVE_LITTLE_ENDIAN 1
#define HAVE_CLOCK_GETTIME 1
#define HAVE_LOCALE_H 1
#define HAVE_WCHAR_H 1
#define HAVE_STDARG 1
#define HAVE_STRUCT_LCONV_DECIMAL_POINT 1
#define HAVE_STRUCT_LCONV_THOUSANDS_SEP 1
#define HAVE_ALLOCA_H 1
#define HAVE_ALLOCA 1
#define HAVE_UINTPTR_T 1
#define HAVE_VA_COPY 1
#define HAVE_SETLOCALE 1
#define HAVE_GETTIMEOFDAY 1
#define HAVE_SIGNAL 1
#define HAVE_SIGACTION 1
#define HAVE_LONG_LONG 1
#define HAVE_INTMAX_T 1
#define MPFR_HAVE_INTMAX_MAX 1
#define MPFR_HAVE_NORETURN 1
#define MPFR_HAVE_BUILTIN_UNREACHABLE 1
#define MPFR_HAVE_CONSTRUCTOR_ATTR 1
#define MPFR_HAVE_FESETROUND 1
#define HAVE_SUBNORM_DBL 1
#define HAVE_SUBNORM_FLT 1
#define HAVE_SIGNEDZ 1
#define HAVE_ROUND 1
#define HAVE_TRUNC 1
#define HAVE_FLOOR 1
#define HAVE_CEIL 1
#define HAVE_NEARBYINT 1
#define HAVE_DOUBLE_IEEE_LITTLE_ENDIAN 1
#define HAVE_LDOUBLE_IEEE_EXT_LITTLE 1
#define MPFR_USE_THREAD_SAFE 1
#define MPFR_USE_C11_THREAD_SAFE 1
#define MPFR_WANT_DECIMAL_FLOATS 1
#define DECIMAL_BID_FORMAT 1
#define HAVE_DECIMAL128_IEEE_LITTLE_ENDIAN 1
#define MPFR_WANT_FLOAT128 1
#define MPFR_USE_STATIC_ASSERT 1
#define HAVE_ATTRIBUTE_MODE 1
#define PRINTF_L 1
#define PRINTF_T 1
#define PRINTF_GROUPFLAG 1
#define HAVE___GMPN_SBPI1_DIVAPPR_Q 1
#define MPFR_LONG_WITHIN_LIMB 1
#define MPFR_INTMAX_WITHIN_LIMB 1
#define HAVE_GETRUSAGE 1

configure: exit 0
