This file contains any messages produced by compilers while
running configure, to aid debugging if configure makes a mistake.

It was created by GNU Autoconf configure 2.71, which was
generated by GNU Autoconf 2.71.  Invocation command line was

  $ ./configure --target=x86_64-pc-linux-gnu --host=x86_64-pc-linux-gnu --build=x86_64-pc-linux-gnu --disable-dependency-tracking --program-prefix= --program-suffix= --prefix=/home/notlean/openwrt-uboost/staging_dir/host --exec-prefix=/home/notlean/openwrt-uboost/staging_dir/host --sysconfdir=/home/notlean/openwrt-uboost/staging_dir/host/etc --localstatedir=/home/notlean/openwrt-uboost/staging_dir/host/var --sbindir=/home/notlean/openwrt-uboost/staging_dir/host/bin

## --------- ##
## Platform. ##
## --------- ##

hostname = Notlean
uname -m = x86_64
uname -r = 6.14.0-33-generic
uname -s = Linux
uname -v = #33~24.04.1-Ubuntu SMP PREEMPT_DYNAMIC Fri Sep 19 17:02:30 UTC 2

/usr/bin/uname -p = x86_64
/bin/uname -X     = unknown

/bin/arch              = x86_64
/usr/bin/arch -k       = unknown
/usr/convex/getsysinfo = unknown
/usr/bin/hostinfo      = unknown
/bin/machine           = unknown
/usr/bin/oslevel       = unknown
/bin/universe          = unknown

PATH: /home/notlean/openwrt-uboost/staging_dir/toolchain-mipsel_24kc_gcc-12.3.0_musl/bin/
PATH: /home/notlean/openwrt-uboost/staging_dir/toolchain-mipsel_24kc_gcc-12.3.0_musl/bin/
PATH: /home/notlean/openwrt-uboost/staging_dir/host/bin/
PATH: /home/notlean/openwrt-uboost/staging_dir/toolchain-mipsel_24kc_gcc-12.3.0_musl/bin/
PATH: /home/notlean/openwrt-uboost/staging_dir/host/bin/
PATH: /home/notlean/openwrt-uboost/staging_dir/host/bin/
PATH: /usr/local/sbin/
PATH: /usr/local/bin/
PATH: /usr/sbin/
PATH: /usr/bin/
PATH: /sbin/
PATH: /bin/
PATH: /usr/games/
PATH: /usr/local/games/
PATH: /snap/bin/
PATH: /snap/bin/


## ----------- ##
## Core tests. ##
## ----------- ##

configure:1760: looking for aux files: config.guess config.sub missing install-sh
configure:1773:  trying ./build-aux/
configure:1802:   ./build-aux/config.guess found
configure:1802:   ./build-aux/config.sub found
configure:1802:   ./build-aux/missing found
configure:1784:   ./build-aux/install-sh found
configure:1935: checking for a BSD-compatible install
configure:2008: result: /home/notlean/openwrt-uboost/staging_dir/host/bin/install -c
configure:2019: checking whether build environment is sane
configure:2074: result: yes
configure:2233: checking for a race-free mkdir -p
configure:2277: result: /usr/bin/mkdir -p
configure:2284: checking for gawk
configure:2305: found /usr/bin/gawk
configure:2316: result: gawk
configure:2327: checking whether make sets $(MAKE)
configure:2350: result: yes
configure:2380: checking whether make supports nested variables
configure:2398: result: yes
configure:2532: checking build system type
configure:2547: result: x86_64-pc-linux-gnu
configure:2567: checking host system type
configure:2581: result: x86_64-pc-linux-gnu
configure:2608: autobuild project... GNU Autoconf
configure:2614: autobuild revision... 2.71
configure:2619: autobuild hostname... Notlean
configure:2630: autobuild timestamp... 20251016T021653Z
configure:2657: checking for a shell whose -n mode is known to work
configure:2689: result: bash
configure:2694: checking for characters that cannot appear in file names
configure:2715: result: none
configure:2721: checking whether directories can have trailing spaces
configure:2736: result: yes
configure:2747: checking for expr
configure:2770: found /usr/bin/expr
configure:2782: result: /usr/bin/expr
configure:2801: checking for GNU M4 that supports accurate traces
configure:2856: result: /home/notlean/openwrt-uboost/staging_dir/host/bin/m4
configure:2859: checking whether /home/notlean/openwrt-uboost/staging_dir/host/bin/m4 accepts --gnu
configure:2870: result: yes
configure:2887: checking how m4 supports trace files
configure:2898: result: --debugfile
configure:2920: checking for perl
configure:2956: result: /usr/bin/env perl
configure:2975: checking whether /usr/bin/env perl Fcntl::flock is implemented
configure:2990: result: yes
configure:3006: checking for emacs
configure:3038: result: no
configure:3098: checking for emacs
configure:3130: result: no
configure:3155: checking where .elc files should go
configure:3185: result: ${datadir}/emacs/site-lisp
configure:3198: checking for grep that handles long lines and -e
configure:3262: result: /home/notlean/openwrt-uboost/staging_dir/host/bin/grep
configure:3267: checking for egrep
configure:3335: result: /home/notlean/openwrt-uboost/staging_dir/host/bin/grep -E
configure:3340: checking for a sed that does not truncate output
configure:3410: result: /home/notlean/openwrt-uboost/staging_dir/host/bin/sed
configure:3423: checking whether make is case sensitive
configure:3439: result: yes
configure:3599: checking that generated files are newer than configure
configure:3605: result: done
configure:3617: creating ./config.status

## ---------------------- ##
## Running config.status. ##
## ---------------------- ##

This file was extended by GNU Autoconf config.status 2.71, which was
generated by GNU Autoconf 2.71.  Invocation command line was

  CONFIG_FILES    = 
  CONFIG_HEADERS  = 
  CONFIG_LINKS    = 
  CONFIG_COMMANDS = 
  $ ./config.status 

on Notlean

config.status:784: creating tests/atlocal
config.status:784: creating Makefile
config.status:987: executing tests/atconfig commands
configure:4707: WARNING: unrecognized options: --disable-dependency-tracking

## ---------------- ##
## Cache variables. ##
## ---------------- ##

ac_cv_build=x86_64-pc-linux-gnu
ac_cv_dir_trailing_space=yes
ac_cv_env_EMACSLOADPATH_set=
ac_cv_env_EMACSLOADPATH_value=
ac_cv_env_EMACS_set=set
ac_cv_env_EMACS_value=no
ac_cv_env_M4_set=set
ac_cv_env_M4_value=/home/notlean/openwrt-uboost/staging_dir/host/bin/m4
ac_cv_env_build_alias_set=set
ac_cv_env_build_alias_value=x86_64-pc-linux-gnu
ac_cv_env_host_alias_set=set
ac_cv_env_host_alias_value=x86_64-pc-linux-gnu
ac_cv_env_target_alias_set=set
ac_cv_env_target_alias_value=x86_64-pc-linux-gnu
ac_cv_host=x86_64-pc-linux-gnu
ac_cv_path_EGREP='/home/notlean/openwrt-uboost/staging_dir/host/bin/grep -E'
ac_cv_path_EXPR=/usr/bin/expr
ac_cv_path_GREP=/home/notlean/openwrt-uboost/staging_dir/host/bin/grep
ac_cv_path_M4=/home/notlean/openwrt-uboost/staging_dir/host/bin/m4
ac_cv_path_PERL='/usr/bin/env perl'
ac_cv_path_SED=/home/notlean/openwrt-uboost/staging_dir/host/bin/sed
ac_cv_path_install='/home/notlean/openwrt-uboost/staging_dir/host/bin/install -c'
ac_cv_path_mkdir=/usr/bin/mkdir
ac_cv_perl_flock_implemented=yes
ac_cv_prog_AWK=gawk
ac_cv_prog_EMACS=no
ac_cv_prog_TEST_EMACS=no
ac_cv_prog_gnu_m4_debugfile=--debugfile
ac_cv_prog_gnu_m4_gnu=yes
ac_cv_prog_make_make_case=yes
ac_cv_prog_make_make_set=yes
ac_cv_sh_working_n=bash
ac_cv_unsupported_fs_chars=
am_cv_lispdir='${datadir}/emacs/site-lisp'
am_cv_make_support_nested_variables=yes

## ----------------- ##
## Output variables. ##
## ----------------- ##

ACLOCAL='${SHELL} '\''/home/notlean/openwrt-uboost/build_dir/host/autoconf-2.71/build-aux/missing'\'' aclocal-1.16'
AMTAR='$${TAR-tar}'
AM_BACKSLASH='\'
AM_DEFAULT_V='$(AM_DEFAULT_VERBOSITY)'
AM_DEFAULT_VERBOSITY='1'
AM_V='$(V)'
AUTOCONF='${SHELL} '\''/home/notlean/openwrt-uboost/build_dir/host/autoconf-2.71/build-aux/missing'\'' autoconf'
AUTOHEADER='${SHELL} '\''/home/notlean/openwrt-uboost/build_dir/host/autoconf-2.71/build-aux/missing'\'' autoheader'
AUTOMAKE='${SHELL} '\''/home/notlean/openwrt-uboost/build_dir/host/autoconf-2.71/build-aux/missing'\'' automake-1.16'
AWK='gawk'
CYGPATH_W='echo'
DEFS='-DPACKAGE_NAME=\"GNU\ Autoconf\" -DPACKAGE_TARNAME=\"autoconf\" -DPACKAGE_VERSION=\"2.71\" -DPACKAGE_STRING=\"GNU\ Autoconf\ 2.71\" -DPACKAGE_BUGREPORT=\"bug-autoconf@gnu.org\" -DPACKAGE_URL=\"https://www.gnu.org/software/autoconf/\" -DPACKAGE=\"autoconf\" -DVERSION=\"2.71\"'
ECHO_C=''
ECHO_N='-n'
ECHO_T=''
EGREP='/home/notlean/openwrt-uboost/staging_dir/host/bin/grep -E'
EMACS='no'
EMACSLOADPATH=''
EXPR='/usr/bin/expr'
GREP='/home/notlean/openwrt-uboost/staging_dir/host/bin/grep'
HELP2MAN='${SHELL} '\''/home/notlean/openwrt-uboost/build_dir/host/autoconf-2.71/build-aux/missing'\'' help2man'
INSTALL_DATA='${INSTALL} -m 644'
INSTALL_PROGRAM='${INSTALL}'
INSTALL_SCRIPT='${INSTALL}'
INSTALL_STRIP_PROGRAM='$(install_sh) -c -s'
LIBOBJS=''
LIBS=''
LTLIBOBJS=''
M4='/home/notlean/openwrt-uboost/staging_dir/host/bin/m4'
M4_DEBUGFILE='--debugfile'
M4_GNU='--gnu'
MAKEINFO='${SHELL} '\''/home/notlean/openwrt-uboost/build_dir/host/autoconf-2.71/build-aux/missing'\'' makeinfo'
MAKE_CASE_SENSITIVE_FALSE='#'
MAKE_CASE_SENSITIVE_TRUE=''
MKDIR_P='/usr/bin/mkdir -p'
PACKAGE='autoconf'
PACKAGE_BUGREPORT='bug-autoconf@gnu.org'
PACKAGE_NAME='GNU Autoconf'
PACKAGE_STRING='GNU Autoconf 2.71'
PACKAGE_TARNAME='autoconf'
PACKAGE_URL='https://www.gnu.org/software/autoconf/'
PACKAGE_VERSION='2.71'
PATH_SEPARATOR=':'
PERL='/usr/bin/env perl'
PERL_FLOCK='yes'
RELEASE_YEAR='2021'
SED='/home/notlean/openwrt-uboost/staging_dir/host/bin/sed'
SET_MAKE=''
SHELL='/usr/bin/env bash'
SHELL_N='bash'
STRIP=''
TEST_EMACS='no'
VERSION='2.71'
ac_cv_dir_trailing_space='yes'
ac_cv_unsupported_fs_chars=''
am__isrc=''
am__leading_dot='.'
am__tar='$${TAR-tar} chof - "$$tardir"'
am__untar='$${TAR-tar} xf -'
bindir='${exec_prefix}/bin'
build='x86_64-pc-linux-gnu'
build_alias='x86_64-pc-linux-gnu'
build_cpu='x86_64'
build_os='linux-gnu'
build_vendor='pc'
datadir='${datarootdir}'
datarootdir='${prefix}/share'
docdir='${datarootdir}/doc/${PACKAGE_TARNAME}'
dvidir='${docdir}'
exec_prefix='/home/notlean/openwrt-uboost/staging_dir/host'
host='x86_64-pc-linux-gnu'
host_alias='x86_64-pc-linux-gnu'
host_cpu='x86_64'
host_os='linux-gnu'
host_vendor='pc'
htmldir='${docdir}'
includedir='${prefix}/include'
infodir='${datarootdir}/info'
install_sh='${SHELL} /home/notlean/openwrt-uboost/build_dir/host/autoconf-2.71/build-aux/install-sh'
libdir='${exec_prefix}/lib'
libexecdir='${exec_prefix}/libexec'
lispdir='${datadir}/emacs/site-lisp'
localedir='${datarootdir}/locale'
localstatedir='/home/notlean/openwrt-uboost/staging_dir/host/var'
mandir='${datarootdir}/man'
mkdir_p='$(MKDIR_P)'
oldincludedir='/usr/include'
pdfdir='${docdir}'
prefix='/home/notlean/openwrt-uboost/staging_dir/host'
program_transform_name='s&$$&&;s&^&&'
psdir='${docdir}'
runstatedir='${localstatedir}/run'
sbindir='/home/notlean/openwrt-uboost/staging_dir/host/bin'
sharedstatedir='${prefix}/com'
sysconfdir='/home/notlean/openwrt-uboost/staging_dir/host/etc'
target_alias='x86_64-pc-linux-gnu'

## ----------- ##
## confdefs.h. ##
## ----------- ##

/* confdefs.h */
#define PACKAGE_NAME "GNU Autoconf"
#define PACKAGE_TARNAME "autoconf"
#define PACKAGE_VERSION "2.71"
#define PACKAGE_STRING "GNU Autoconf 2.71"
#define PACKAGE_BUGREPORT "bug-autoconf@gnu.org"
#define PACKAGE_URL "https://www.gnu.org/software/autoconf/"
#define PACKAGE "autoconf"
#define VERSION "2.71"

configure: exit 0
