This file contains any messages produced by compilers while
running configure, to aid debugging if configure makes a mistake.

It was created by GNU Libtool configure 2.4.7, which was
generated by GNU Autoconf 2.71.  Invocation command line was

  $ ./configure --target=x86_64-pc-linux-gnu --host=x86_64-pc-linux-gnu --build=x86_64-pc-linux-gnu --disable-dependency-tracking --program-prefix= --program-suffix= --prefix=/home/notlean/openwrt-uboost/staging_dir/host --exec-prefix=/home/notlean/openwrt-uboost/staging_dir/host --sysconfdir=/home/notlean/openwrt-uboost/staging_dir/host/etc --localstatedir=/home/notlean/openwrt-uboost/staging_dir/host/var --sbindir=/home/notlean/openwrt-uboost/staging_dir/host/bin

## --------- ##
## Platform. ##
## --------- ##

hostname = Notlean
uname -m = x86_64
uname -r = 6.14.0-33-generic
uname -s = Linux
uname -v = #33~24.04.1-Ubuntu SMP PREEMPT_DYNAMIC Fri Sep 19 17:02:30 UTC 2

/usr/bin/uname -p = x86_64
/bin/uname -X     = unknown

/bin/arch              = x86_64
/usr/bin/arch -k       = unknown
/usr/convex/getsysinfo = unknown
/usr/bin/hostinfo      = unknown
/bin/machine           = unknown
/usr/bin/oslevel       = unknown
/bin/universe          = unknown

PATH: /home/notlean/openwrt-uboost/staging_dir/toolchain-mipsel_24kc_gcc-12.3.0_musl/bin/
PATH: /home/notlean/openwrt-uboost/staging_dir/toolchain-mipsel_24kc_gcc-12.3.0_musl/bin/
PATH: /home/notlean/openwrt-uboost/staging_dir/host/bin/
PATH: /home/notlean/openwrt-uboost/staging_dir/toolchain-mipsel_24kc_gcc-12.3.0_musl/bin/
PATH: /home/notlean/openwrt-uboost/staging_dir/host/bin/
PATH: /home/notlean/openwrt-uboost/staging_dir/host/bin/
PATH: /usr/local/sbin/
PATH: /usr/local/bin/
PATH: /usr/sbin/
PATH: /usr/bin/
PATH: /sbin/
PATH: /bin/
PATH: /usr/games/
PATH: /usr/local/games/
PATH: /snap/bin/
PATH: /snap/bin/


## ----------- ##
## Core tests. ##
## ----------- ##

configure:3117: looking for aux files: ltmain.sh compile config.guess config.sub missing install-sh
configure:3130:  trying ./build-aux/
configure:3159:   ./build-aux/ltmain.sh found
configure:3159:   ./build-aux/compile found
configure:3159:   ./build-aux/config.guess found
configure:3159:   ./build-aux/config.sub found
configure:3159:   ./build-aux/missing found
configure:3141:   ./build-aux/install-sh found
configure:3332: checking for GNU M4 that supports accurate traces
configure:3387: result: /home/notlean/openwrt-uboost/staging_dir/host/bin/m4
configure:3390: checking whether /home/notlean/openwrt-uboost/staging_dir/host/bin/m4 accepts --gnu
configure:3401: result: yes
configure:3418: checking how m4 supports trace files
configure:3429: result: --debugfile
configure:3458: checking for a BSD-compatible install
configure:3531: result: /home/notlean/openwrt-uboost/staging_dir/host/bin/install -c
configure:3542: checking whether build environment is sane
configure:3597: result: yes
configure:3756: checking for a race-free mkdir -p
configure:3800: result: /usr/bin/mkdir -p
configure:3807: checking for gawk
configure:3828: found /usr/bin/gawk
configure:3839: result: gawk
configure:3850: checking whether make sets $(MAKE)
configure:3873: result: yes
configure:3903: checking whether make supports nested variables
configure:3921: result: yes
configure:4069: checking whether make supports nested variables
configure:4087: result: yes
configure:4114: checking build system type
configure:4129: result: x86_64-pc-linux-gnu
configure:4149: checking host system type
configure:4163: result: x86_64-pc-linux-gnu
configure:4190: autobuild project... GNU Libtool
configure:4196: autobuild revision... 2.4.7
configure:4201: autobuild hostname... Notlean
configure:4205: autobuild mode... default
configure:4213: autobuild timestamp... 20251016T021814Z
configure:4273: checking for x86_64-pc-linux-gnu-gcc
configure:4305: result: gcc
configure:4703: checking for C compiler version
configure:4712: gcc --version >&5
gcc (Ubuntu 13.3.0-6ubuntu2~24.04) 13.3.0
Copyright (C) 2023 Free Software Foundation, Inc.
This is free software; see the source for copying conditions.  There is NO
warranty; not even for MERCHANTABILITY or FITNESS FOR A PARTICULAR PURPOSE.

configure:4723: $? = 0
configure:4712: gcc -v >&5
Using built-in specs.
COLLECT_GCC=gcc
COLLECT_LTO_WRAPPER=/usr/libexec/gcc/x86_64-linux-gnu/13/lto-wrapper
OFFLOAD_TARGET_NAMES=nvptx-none:amdgcn-amdhsa
OFFLOAD_TARGET_DEFAULT=1
Target: x86_64-linux-gnu
Configured with: ../src/configure -v --with-pkgversion='Ubuntu 13.3.0-6ubuntu2~24.04' --with-bugurl=file:///usr/share/doc/gcc-13/README.Bugs --enable-languages=c,ada,c++,go,d,fortran,objc,obj-c++,m2 --prefix=/usr --with-gcc-major-version-only --program-suffix=-13 --program-prefix=x86_64-linux-gnu- --enable-shared --enable-linker-build-id --libexecdir=/usr/libexec --without-included-gettext --enable-threads=posix --libdir=/usr/lib --enable-nls --enable-bootstrap --enable-clocale=gnu --enable-libstdcxx-debug --enable-libstdcxx-time=yes --with-default-libstdcxx-abi=new --enable-libstdcxx-backtrace --enable-gnu-unique-object --disable-vtable-verify --enable-plugin --enable-default-pie --with-system-zlib --enable-libphobos-checking=release --with-target-system-zlib=auto --enable-objc-gc=auto --enable-multiarch --disable-werror --enable-cet --with-arch-32=i686 --with-abi=m64 --with-multilib-list=m32,m64,mx32 --enable-multilib --with-tune=generic --enable-offload-targets=nvptx-none=/build/gcc-13-fG75Ri/gcc-13-13.3.0/debian/tmp-nvptx/usr,amdgcn-amdhsa=/build/gcc-13-fG75Ri/gcc-13-13.3.0/debian/tmp-gcn/usr --enable-offload-defaulted --without-cuda-driver --enable-checking=release --build=x86_64-linux-gnu --host=x86_64-linux-gnu --target=x86_64-linux-gnu --with-build-config=bootstrap-lto-lean --enable-link-serialization=2
Thread model: posix
Supported LTO compression algorithms: zlib zstd
gcc version 13.3.0 (Ubuntu 13.3.0-6ubuntu2~24.04) 
... rest of stderr output deleted ...
configure:4723: $? = 0
configure:4712: gcc -V >&5
gcc: error: unrecognized command-line option '-V'
gcc: fatal error: no input files
compilation terminated.
configure:4723: $? = 1
configure:4712: gcc -qversion >&5
gcc: error: unrecognized command-line option '-qversion'; did you mean '--version'?
gcc: fatal error: no input files
compilation terminated.
configure:4723: $? = 1
configure:4712: gcc -version >&5
gcc: error: unrecognized command-line option '-version'
gcc: fatal error: no input files
compilation terminated.
configure:4723: $? = 1
configure:4743: checking whether the C compiler works
configure:4765: gcc -O2 -I/home/notlean/openwrt-uboost/staging_dir/host/include  -I/home/notlean/openwrt-uboost/staging_dir/host/include  -L/home/notlean/openwrt-uboost/staging_dir/host/lib  conftest.c  >&5
configure:4769: $? = 0
configure:4819: result: yes
configure:4822: checking for C compiler default output file name
configure:4824: result: a.out
configure:4830: checking for suffix of executables
configure:4837: gcc -o conftest -O2 -I/home/notlean/openwrt-uboost/staging_dir/host/include  -I/home/notlean/openwrt-uboost/staging_dir/host/include  -L/home/notlean/openwrt-uboost/staging_dir/host/lib  conftest.c  >&5
configure:4841: $? = 0
configure:4864: result: 
configure:4886: checking whether we are cross compiling
configure:4894: gcc -o conftest -O2 -I/home/notlean/openwrt-uboost/staging_dir/host/include  -I/home/notlean/openwrt-uboost/staging_dir/host/include  -L/home/notlean/openwrt-uboost/staging_dir/host/lib  conftest.c  >&5
configure:4898: $? = 0
configure:4905: ./conftest
configure:4909: $? = 0
configure:4924: result: no
configure:4929: checking for suffix of object files
configure:4952: gcc -c -O2 -I/home/notlean/openwrt-uboost/staging_dir/host/include  -I/home/notlean/openwrt-uboost/staging_dir/host/include  conftest.c >&5
configure:4956: $? = 0
configure:4978: result: o
configure:4982: checking whether the compiler supports GNU C
configure:5002: gcc -c -O2 -I/home/notlean/openwrt-uboost/staging_dir/host/include  -I/home/notlean/openwrt-uboost/staging_dir/host/include  conftest.c >&5
configure:5002: $? = 0
configure:5012: result: yes
configure:5023: checking whether gcc accepts -g
configure:5044: gcc -c -g -I/home/notlean/openwrt-uboost/staging_dir/host/include  conftest.c >&5
configure:5044: $? = 0
configure:5088: result: yes
configure:5108: checking for gcc option to enable C11 features
configure:5123: gcc  -c -O2 -I/home/notlean/openwrt-uboost/staging_dir/host/include  -I/home/notlean/openwrt-uboost/staging_dir/host/include  conftest.c >&5
configure:5123: $? = 0
configure:5141: result: none needed
configure:5257: checking whether gcc understands -c and -o together
configure:5280: gcc -c conftest.c -o conftest2.o
configure:5283: $? = 0
configure:5280: gcc -c conftest.c -o conftest2.o
configure:5283: $? = 0
configure:5295: result: yes
configure:5313: checking whether the compiler is clang
configure:5335: gcc -c -O2 -I/home/notlean/openwrt-uboost/staging_dir/host/include  -I/home/notlean/openwrt-uboost/staging_dir/host/include  conftest.c >&5
configure:5335: $? = 0
configure:5344: result: no
configure:5348: checking for compiler option needed when checking for declarations
configure:5381: result: none
configure:5393: checking whether make supports the include directive
configure:5408: make -f confmf.GNU && cat confinc.out
make[4]: Entering directory '/home/notlean/openwrt-uboost/build_dir/host/libtool-2.4.7'
make[4]: Leaving directory '/home/notlean/openwrt-uboost/build_dir/host/libtool-2.4.7'
this is the am__doit target
configure:5411: $? = 0
configure:5430: result: yes (GNU style)
configure:5456: checking dependency style of gcc
configure:5568: result: none
configure:5589: checking how to run the C preprocessor
configure:5615: gcc -E -I/home/notlean/openwrt-uboost/staging_dir/host/include  conftest.c
configure:5615: $? = 0
configure:5630: gcc -E -I/home/notlean/openwrt-uboost/staging_dir/host/include  conftest.c
conftest.c:11:10: fatal error: ac_nonexistent.h: No such file or directory
   11 | #include <ac_nonexistent.h>
      |          ^~~~~~~~~~~~~~~~~~
compilation terminated.
configure:5630: $? = 1
configure: failed program was:
| /* confdefs.h */
| #define PACKAGE_NAME "GNU Libtool"
| #define PACKAGE_TARNAME "libtool"
| #define PACKAGE_VERSION "2.4.7"
| #define PACKAGE_STRING "GNU Libtool 2.4.7"
| #define PACKAGE_BUGREPORT "bug-libtool@gnu.org"
| #define PACKAGE_URL "https://www.gnu.org/software/libtool/"
| #define PACKAGE "libtool"
| #define VERSION "2.4.7"
| /* end confdefs.h.  */
| #include <ac_nonexistent.h>
configure:5657: result: gcc -E
configure:5671: gcc -E -I/home/notlean/openwrt-uboost/staging_dir/host/include  conftest.c
configure:5671: $? = 0
configure:5686: gcc -E -I/home/notlean/openwrt-uboost/staging_dir/host/include  conftest.c
conftest.c:11:10: fatal error: ac_nonexistent.h: No such file or directory
   11 | #include <ac_nonexistent.h>
      |          ^~~~~~~~~~~~~~~~~~
compilation terminated.
configure:5686: $? = 1
configure: failed program was:
| /* confdefs.h */
| #define PACKAGE_NAME "GNU Libtool"
| #define PACKAGE_TARNAME "libtool"
| #define PACKAGE_VERSION "2.4.7"
| #define PACKAGE_STRING "GNU Libtool 2.4.7"
| #define PACKAGE_BUGREPORT "bug-libtool@gnu.org"
| #define PACKAGE_URL "https://www.gnu.org/software/libtool/"
| #define PACKAGE "libtool"
| #define VERSION "2.4.7"
| /* end confdefs.h.  */
| #include <ac_nonexistent.h>
configure:5717: checking for grep that handles long lines and -e
configure:5781: result: /home/notlean/openwrt-uboost/staging_dir/host/bin/grep
configure:5786: checking for egrep
configure:5854: result: /home/notlean/openwrt-uboost/staging_dir/host/bin/grep -E
configure:5862: checking for Minix Amsterdam compiler
configure:5888: result: no
configure:5905: checking for x86_64-pc-linux-gnu-ar
configure:5940: result: no
configure:5950: checking for ar
configure:5971: found /usr/bin/ar
configure:5982: result: ar
configure:6017: checking for x86_64-pc-linux-gnu-ranlib
configure:6052: result: no
configure:6062: checking for ranlib
configure:6083: found /usr/bin/ranlib
configure:6094: result: ranlib
configure:6149: checking how to run the C preprocessor
configure:6217: result: gcc -E
configure:6231: gcc -E -I/home/notlean/openwrt-uboost/staging_dir/host/include  conftest.c
configure:6231: $? = 0
configure:6246: gcc -E -I/home/notlean/openwrt-uboost/staging_dir/host/include  conftest.c
conftest.c:11:10: fatal error: ac_nonexistent.h: No such file or directory
   11 | #include <ac_nonexistent.h>
      |          ^~~~~~~~~~~~~~~~~~
compilation terminated.
configure:6246: $? = 1
configure: failed program was:
| /* confdefs.h */
| #define PACKAGE_NAME "GNU Libtool"
| #define PACKAGE_TARNAME "libtool"
| #define PACKAGE_VERSION "2.4.7"
| #define PACKAGE_STRING "GNU Libtool 2.4.7"
| #define PACKAGE_BUGREPORT "bug-libtool@gnu.org"
| #define PACKAGE_URL "https://www.gnu.org/software/libtool/"
| #define PACKAGE "libtool"
| #define VERSION "2.4.7"
| /* end confdefs.h.  */
| #include <ac_nonexistent.h>
configure:6327: checking how to print strings
configure:6354: result: printf
configure:6375: checking for a sed that does not truncate output
configure:6445: result: /home/notlean/openwrt-uboost/staging_dir/host/bin/sed
configure:6462: checking for fgrep
configure:6530: result: /home/notlean/openwrt-uboost/staging_dir/host/bin/grep -F
configure:6566: checking for ld used by gcc
configure:6634: result: /usr/bin/ld
configure:6641: checking if the linker (/usr/bin/ld) is GNU ld
configure:6657: result: yes
configure:6669: checking for BSD- or MS-compatible name lister (nm)
configure:6724: result: /usr/bin/nm -B
configure:6864: checking the name lister (/usr/bin/nm -B) interface
configure:6872: gcc -c -O2 -I/home/notlean/openwrt-uboost/staging_dir/host/include  -I/home/notlean/openwrt-uboost/staging_dir/host/include  conftest.c >&5
configure:6875: /usr/bin/nm -B "conftest.o"
configure:6878: output
0000000000000000 B some_variable
configure:6885: result: BSD nm
configure:6888: checking whether ln -s works
configure:6892: result: yes
configure:6900: checking the maximum length of command line arguments
configure:7032: result: 1572864
configure:7080: checking how to convert x86_64-pc-linux-gnu file names to x86_64-pc-linux-gnu format
configure:7121: result: func_convert_file_noop
configure:7128: checking how to convert x86_64-pc-linux-gnu file names to toolchain format
configure:7149: result: func_convert_file_noop
configure:7156: checking for /usr/bin/ld option to reload object files
configure:7164: result: -r
configure:7198: checking for x86_64-pc-linux-gnu-file
configure:7233: result: no
configure:7243: checking for file
configure:7264: found /home/notlean/openwrt-uboost/staging_dir/host/bin/file
configure:7275: result: file
configure:7306: checking for x86_64-pc-linux-gnu-objdump
configure:7341: result: no
configure:7351: checking for objdump
configure:7372: found /usr/bin/objdump
configure:7383: result: objdump
configure:7412: checking how to recognize dependent libraries
configure:7613: result: pass_all
configure:7658: checking for x86_64-pc-linux-gnu-dlltool
configure:7693: result: no
configure:7703: checking for dlltool
configure:7738: result: no
configure:7765: checking how to associate runtime and link libraries
configure:7793: result: printf %s\n
configure:7809: checking for x86_64-pc-linux-gnu-ar
configure:7841: result: ar
configure:7943: checking for archiver @FILE support
configure:7961: gcc -c -O2 -I/home/notlean/openwrt-uboost/staging_dir/host/include  -I/home/notlean/openwrt-uboost/staging_dir/host/include  conftest.c >&5
configure:7961: $? = 0
configure:7965: ar cr libconftest.a @conftest.lst >&5
configure:7968: $? = 0
configure:7973: ar cr libconftest.a @conftest.lst >&5
ar: conftest.o: No such file or directory
configure:7976: $? = 1
configure:7988: result: @
configure:8006: checking for x86_64-pc-linux-gnu-strip
configure:8041: result: no
configure:8051: checking for strip
configure:8072: found /usr/bin/strip
configure:8083: result: strip
configure:8115: checking for x86_64-pc-linux-gnu-ranlib
configure:8147: result: ranlib
configure:8294: checking command to parse /usr/bin/nm -B output from gcc object
configure:8448: gcc -c -O2 -I/home/notlean/openwrt-uboost/staging_dir/host/include  -I/home/notlean/openwrt-uboost/staging_dir/host/include  conftest.c >&5
configure:8451: $? = 0
configure:8455: /usr/bin/nm -B conftest.o \| /home/notlean/openwrt-uboost/staging_dir/host/bin/sed -n -e 's/^.*[ ]\([ABCDGIRSTW][ABCDGIRSTW]*\)[ ][ ]*\([_A-Za-z][_A-Za-z0-9]*\)$/\1 \2 \2/p' | /home/notlean/openwrt-uboost/staging_dir/host/bin/sed '/ __gnu_lto/d' \> conftest.nm
configure:8458: $? = 0
configure:8524: gcc -o conftest -O2 -I/home/notlean/openwrt-uboost/staging_dir/host/include  -I/home/notlean/openwrt-uboost/staging_dir/host/include  -L/home/notlean/openwrt-uboost/staging_dir/host/lib  conftest.c conftstm.o >&5
configure:8527: $? = 0
configure:8565: result: ok
configure:8612: checking for sysroot
configure:8643: result: no
configure:8650: checking for a working dd
configure:8694: result: /usr/bin/dd
configure:8698: checking how to truncate binary pipes
configure:8714: result: /usr/bin/dd bs=4096 count=1
configure:8851: gcc -c -O2 -I/home/notlean/openwrt-uboost/staging_dir/host/include  -I/home/notlean/openwrt-uboost/staging_dir/host/include  conftest.c >&5
configure:8854: $? = 0
configure:9006: checking for x86_64-pc-linux-gnu-mt
configure:9041: result: no
configure:9051: checking for mt
configure:9072: found /usr/bin/mt
configure:9083: result: mt
configure:9106: checking if mt is a manifest tool
configure:9113: mt '-?'
configure:9121: result: no
configure:9846: checking for stdio.h
configure:9846: gcc -c -O2 -I/home/notlean/openwrt-uboost/staging_dir/host/include  -I/home/notlean/openwrt-uboost/staging_dir/host/include  conftest.c >&5
configure:9846: $? = 0
configure:9846: result: yes
configure:9846: checking for stdlib.h
configure:9846: gcc -c -O2 -I/home/notlean/openwrt-uboost/staging_dir/host/include  -I/home/notlean/openwrt-uboost/staging_dir/host/include  conftest.c >&5
configure:9846: $? = 0
configure:9846: result: yes
configure:9846: checking for string.h
configure:9846: gcc -c -O2 -I/home/notlean/openwrt-uboost/staging_dir/host/include  -I/home/notlean/openwrt-uboost/staging_dir/host/include  conftest.c >&5
configure:9846: $? = 0
configure:9846: result: yes
configure:9846: checking for inttypes.h
configure:9846: gcc -c -O2 -I/home/notlean/openwrt-uboost/staging_dir/host/include  -I/home/notlean/openwrt-uboost/staging_dir/host/include  conftest.c >&5
configure:9846: $? = 0
configure:9846: result: yes
configure:9846: checking for stdint.h
configure:9846: gcc -c -O2 -I/home/notlean/openwrt-uboost/staging_dir/host/include  -I/home/notlean/openwrt-uboost/staging_dir/host/include  conftest.c >&5
configure:9846: $? = 0
configure:9846: result: yes
configure:9846: checking for strings.h
configure:9846: gcc -c -O2 -I/home/notlean/openwrt-uboost/staging_dir/host/include  -I/home/notlean/openwrt-uboost/staging_dir/host/include  conftest.c >&5
configure:9846: $? = 0
configure:9846: result: yes
configure:9846: checking for sys/stat.h
configure:9846: gcc -c -O2 -I/home/notlean/openwrt-uboost/staging_dir/host/include  -I/home/notlean/openwrt-uboost/staging_dir/host/include  conftest.c >&5
configure:9846: $? = 0
configure:9846: result: yes
configure:9846: checking for sys/types.h
configure:9846: gcc -c -O2 -I/home/notlean/openwrt-uboost/staging_dir/host/include  -I/home/notlean/openwrt-uboost/staging_dir/host/include  conftest.c >&5
configure:9846: $? = 0
configure:9846: result: yes
configure:9846: checking for unistd.h
configure:9846: gcc -c -O2 -I/home/notlean/openwrt-uboost/staging_dir/host/include  -I/home/notlean/openwrt-uboost/staging_dir/host/include  conftest.c >&5
configure:9846: $? = 0
configure:9846: result: yes
configure:9871: checking for dlfcn.h
configure:9871: gcc -c -O2 -I/home/notlean/openwrt-uboost/staging_dir/host/include  -I/home/notlean/openwrt-uboost/staging_dir/host/include  conftest.c >&5
configure:9871: $? = 0
configure:9871: result: yes
configure:10457: checking for objdir
configure:10473: result: .libs
configure:10737: checking if gcc supports -fno-rtti -fno-exceptions
configure:10756: gcc -c -O2 -I/home/notlean/openwrt-uboost/staging_dir/host/include  -I/home/notlean/openwrt-uboost/staging_dir/host/include  -fno-rtti -fno-exceptions conftest.c >&5
cc1: warning: command-line option '-fno-rtti' is valid for C++/D/ObjC++ but not for C
configure:10760: $? = 0
configure:10773: result: no
configure:11131: checking for gcc option to produce PIC
configure:11139: result: -fPIC -DPIC
configure:11147: checking if gcc PIC flag -fPIC -DPIC works
configure:11166: gcc -c -O2 -I/home/notlean/openwrt-uboost/staging_dir/host/include  -I/home/notlean/openwrt-uboost/staging_dir/host/include  -fPIC -DPIC -DPIC conftest.c >&5
configure:11170: $? = 0
configure:11183: result: yes
configure:11212: checking if gcc static flag -static works
configure:11241: result: yes
configure:11256: checking if gcc supports -c -o file.o
configure:11278: gcc -c -O2 -I/home/notlean/openwrt-uboost/staging_dir/host/include  -I/home/notlean/openwrt-uboost/staging_dir/host/include  -o out/conftest2.o conftest.c >&5
configure:11282: $? = 0
configure:11304: result: yes
configure:11312: checking if gcc supports -c -o file.o
configure:11360: result: yes
configure:11393: checking whether the gcc linker (/usr/bin/ld -m elf_x86_64) supports shared libraries
configure:12661: result: yes
configure:12698: checking whether -lc should be explicitly linked in
configure:12707: gcc -c -O2 -I/home/notlean/openwrt-uboost/staging_dir/host/include  -I/home/notlean/openwrt-uboost/staging_dir/host/include  conftest.c >&5
configure:12710: $? = 0
configure:12725: gcc -shared  -fPIC -DPIC conftest.o  -v -Wl,-soname -Wl,conftest -o conftest 2\>\&1 \| /home/notlean/openwrt-uboost/staging_dir/host/bin/grep  -lc  \>/dev/null 2\>\&1
configure:12728: $? = 0
configure:12742: result: no
configure:12902: checking dynamic linker characteristics
configure:13484: gcc -o conftest -O2 -I/home/notlean/openwrt-uboost/staging_dir/host/include  -I/home/notlean/openwrt-uboost/staging_dir/host/include  -L/home/notlean/openwrt-uboost/staging_dir/host/lib  -Wl,-rpath -Wl,/foo conftest.c  >&5
configure:13484: $? = 0
configure:13723: result: GNU/Linux ld.so
configure:13845: checking how to hardcode library paths into programs
configure:13870: result: immediate
configure:13972: checking for shl_load
configure:13972: gcc -o conftest -O2 -I/home/notlean/openwrt-uboost/staging_dir/host/include  -I/home/notlean/openwrt-uboost/staging_dir/host/include  -L/home/notlean/openwrt-uboost/staging_dir/host/lib  conftest.c  >&5
/usr/bin/ld: /home/notlean/openwrt-uboost/tmp/cc2Y8omJ.o: in function `main':
conftest.c:(.text.startup+0xb): undefined reference to `shl_load'
collect2: error: ld returned 1 exit status
configure:13972: $? = 1
configure: failed program was:
| /* confdefs.h */
| #define PACKAGE_NAME "GNU Libtool"
| #define PACKAGE_TARNAME "libtool"
| #define PACKAGE_VERSION "2.4.7"
| #define PACKAGE_STRING "GNU Libtool 2.4.7"
| #define PACKAGE_BUGREPORT "bug-libtool@gnu.org"
| #define PACKAGE_URL "https://www.gnu.org/software/libtool/"
| #define PACKAGE "libtool"
| #define VERSION "2.4.7"
| #define HAVE_STDIO_H 1
| #define HAVE_STDLIB_H 1
| #define HAVE_STRING_H 1
| #define HAVE_INTTYPES_H 1
| #define HAVE_STDINT_H 1
| #define HAVE_STRINGS_H 1
| #define HAVE_SYS_STAT_H 1
| #define HAVE_SYS_TYPES_H 1
| #define HAVE_UNISTD_H 1
| #define STDC_HEADERS 1
| #define HAVE_DLFCN_H 1
| #define LT_OBJDIR ".libs/"
| /* end confdefs.h.  */
| /* Define shl_load to an innocuous variant, in case <limits.h> declares shl_load.
|    For example, HP-UX 11i <limits.h> declares gettimeofday.  */
| #define shl_load innocuous_shl_load
| 
| /* System header to define __stub macros and hopefully few prototypes,
|    which can conflict with char shl_load (); below.  */
| 
| #include <limits.h>
| #undef shl_load
| 
| /* Override any GCC internal prototype to avoid an error.
|    Use char because int might match the return type of a GCC
|    builtin and then its argument prototype would still apply.  */
| #ifdef __cplusplus
| extern "C"
| #endif
| char shl_load ();
| /* The GNU C library defines this for functions which it implements
|     to always fail with ENOSYS.  Some functions are actually named
|     something starting with __ and the normal name is an alias.  */
| #if defined __stub_shl_load || defined __stub___shl_load
| choke me
| #endif
| 
| int
| main (void)
| {
| return shl_load ();
|   ;
|   return 0;
| }
configure:13972: result: no
configure:13977: checking for shl_load in -ldld
configure:14000: gcc -o conftest -O2 -I/home/notlean/openwrt-uboost/staging_dir/host/include  -I/home/notlean/openwrt-uboost/staging_dir/host/include  -L/home/notlean/openwrt-uboost/staging_dir/host/lib  conftest.c -ldld   >&5
/usr/bin/ld: cannot find -ldld: No such file or directory
collect2: error: ld returned 1 exit status
configure:14000: $? = 1
configure: failed program was:
| /* confdefs.h */
| #define PACKAGE_NAME "GNU Libtool"
| #define PACKAGE_TARNAME "libtool"
| #define PACKAGE_VERSION "2.4.7"
| #define PACKAGE_STRING "GNU Libtool 2.4.7"
| #define PACKAGE_BUGREPORT "bug-libtool@gnu.org"
| #define PACKAGE_URL "https://www.gnu.org/software/libtool/"
| #define PACKAGE "libtool"
| #define VERSION "2.4.7"
| #define HAVE_STDIO_H 1
| #define HAVE_STDLIB_H 1
| #define HAVE_STRING_H 1
| #define HAVE_INTTYPES_H 1
| #define HAVE_STDINT_H 1
| #define HAVE_STRINGS_H 1
| #define HAVE_SYS_STAT_H 1
| #define HAVE_SYS_TYPES_H 1
| #define HAVE_UNISTD_H 1
| #define STDC_HEADERS 1
| #define HAVE_DLFCN_H 1
| #define LT_OBJDIR ".libs/"
| /* end confdefs.h.  */
| 
| /* Override any GCC internal prototype to avoid an error.
|    Use char because int might match the return type of a GCC
|    builtin and then its argument prototype would still apply.  */
| char shl_load ();
| int
| main (void)
| {
| return shl_load ();
|   ;
|   return 0;
| }
configure:14010: result: no
configure:14016: checking for dlopen
configure:14016: gcc -o conftest -O2 -I/home/notlean/openwrt-uboost/staging_dir/host/include  -I/home/notlean/openwrt-uboost/staging_dir/host/include  -L/home/notlean/openwrt-uboost/staging_dir/host/lib  conftest.c  >&5
configure:14016: $? = 0
configure:14016: result: yes
configure:14174: checking whether a program can dlopen itself
configure:14255: gcc -o conftest -O2 -I/home/notlean/openwrt-uboost/staging_dir/host/include  -I/home/notlean/openwrt-uboost/staging_dir/host/include  -DHAVE_DLFCN_H -L/home/notlean/openwrt-uboost/staging_dir/host/lib  -Wl,--export-dynamic conftest.c   >&5
configure:14258: $? = 0
configure:14276: result: yes
configure:14281: checking whether a statically linked program can dlopen itself
configure:14362: gcc -o conftest -O2 -I/home/notlean/openwrt-uboost/staging_dir/host/include  -I/home/notlean/openwrt-uboost/staging_dir/host/include  -DHAVE_DLFCN_H -L/home/notlean/openwrt-uboost/staging_dir/host/lib  -Wl,--export-dynamic -static conftest.c   >&5
/usr/bin/ld: /home/notlean/openwrt-uboost/tmp/ccJK29TE.o: in function `main':
conftest.c:(.text.startup+0xd): warning: Using 'dlopen' in statically linked applications requires at runtime the shared libraries from the glibc version used for linking
configure:14365: $? = 0
conftest: undefined symbol: _fnord
configure:14383: result: no
configure:14422: checking whether stripping libraries is possible
configure:14431: result: yes
configure:14473: checking if libtool supports shared libraries
configure:14475: result: yes
configure:14478: checking whether to build shared libraries
configure:14503: result: yes
configure:14506: checking whether to build static libraries
configure:14510: result: yes
configure:14548: checking what extension is used for runtime loadable modules
configure:14561: result: .so
configure:14579: checking what variable specifies run-time module search path
configure:14587: result: LD_LIBRARY_PATH
configure:14595: checking for the default library search path
configure:14603: result: 
configure:14619: checking for gcc options needed to detect all undeclared functions
configure:14641: gcc -c -O2 -I/home/notlean/openwrt-uboost/staging_dir/host/include   -I/home/notlean/openwrt-uboost/staging_dir/host/include  conftest.c >&5
conftest.c: In function 'main':
conftest.c:29:8: error: 'strchr' undeclared (first use in this function)
   29 | (void) strchr;
      |        ^~~~~~
conftest.c:1:1: note: 'strchr' is defined in header '<string.h>'; did you forget to '#include <string.h>'?
    1 | /* confdefs.h */
conftest.c:29:8: note: each undeclared identifier is reported only once for each function it appears in
   29 | (void) strchr;
      |        ^~~~~~
configure:14641: $? = 1
configure: failed program was:
| /* confdefs.h */
| #define PACKAGE_NAME "GNU Libtool"
| #define PACKAGE_TARNAME "libtool"
| #define PACKAGE_VERSION "2.4.7"
| #define PACKAGE_STRING "GNU Libtool 2.4.7"
| #define PACKAGE_BUGREPORT "bug-libtool@gnu.org"
| #define PACKAGE_URL "https://www.gnu.org/software/libtool/"
| #define PACKAGE "libtool"
| #define VERSION "2.4.7"
| #define HAVE_STDIO_H 1
| #define HAVE_STDLIB_H 1
| #define HAVE_STRING_H 1
| #define HAVE_INTTYPES_H 1
| #define HAVE_STDINT_H 1
| #define HAVE_STRINGS_H 1
| #define HAVE_SYS_STAT_H 1
| #define HAVE_SYS_TYPES_H 1
| #define HAVE_UNISTD_H 1
| #define STDC_HEADERS 1
| #define HAVE_DLFCN_H 1
| #define LT_OBJDIR ".libs/"
| #define LT_MODULE_EXT ".so"
| #define LT_MODULE_PATH_VAR "LD_LIBRARY_PATH"
| /* end confdefs.h.  */
| 
| int
| main (void)
| {
| (void) strchr;
|   ;
|   return 0;
| }
configure:14668: gcc -c -O2 -I/home/notlean/openwrt-uboost/staging_dir/host/include   -I/home/notlean/openwrt-uboost/staging_dir/host/include  conftest.c >&5
configure:14668: $? = 0
configure:14685: result: none needed
configure:14712: checking for library containing dlopen
configure:14742: gcc -o conftest -O2 -I/home/notlean/openwrt-uboost/staging_dir/host/include  -I/home/notlean/openwrt-uboost/staging_dir/host/include  -L/home/notlean/openwrt-uboost/staging_dir/host/lib  conftest.c  >&5
configure:14742: $? = 0
configure:14762: result: none required
configure:14852: checking for dlerror
configure:14852: gcc -o conftest -O2 -I/home/notlean/openwrt-uboost/staging_dir/host/include  -I/home/notlean/openwrt-uboost/staging_dir/host/include  -L/home/notlean/openwrt-uboost/staging_dir/host/lib  conftest.c   >&5
configure:14852: $? = 0
configure:14852: result: yes
configure:14864: checking for shl_load
configure:14864: result: no
configure:14872: checking for shl_load in -ldld
configure:14905: result: no
configure:14951: checking for dld_link in -ldld
configure:14974: gcc -o conftest -O2 -I/home/notlean/openwrt-uboost/staging_dir/host/include  -I/home/notlean/openwrt-uboost/staging_dir/host/include  -L/home/notlean/openwrt-uboost/staging_dir/host/lib  conftest.c -ldld   >&5
/usr/bin/ld: cannot find -ldld: No such file or directory
collect2: error: ld returned 1 exit status
configure:14974: $? = 1
configure: failed program was:
| /* confdefs.h */
| #define PACKAGE_NAME "GNU Libtool"
| #define PACKAGE_TARNAME "libtool"
| #define PACKAGE_VERSION "2.4.7"
| #define PACKAGE_STRING "GNU Libtool 2.4.7"
| #define PACKAGE_BUGREPORT "bug-libtool@gnu.org"
| #define PACKAGE_URL "https://www.gnu.org/software/libtool/"
| #define PACKAGE "libtool"
| #define VERSION "2.4.7"
| #define HAVE_STDIO_H 1
| #define HAVE_STDLIB_H 1
| #define HAVE_STRING_H 1
| #define HAVE_INTTYPES_H 1
| #define HAVE_STDINT_H 1
| #define HAVE_STRINGS_H 1
| #define HAVE_SYS_STAT_H 1
| #define HAVE_SYS_TYPES_H 1
| #define HAVE_UNISTD_H 1
| #define STDC_HEADERS 1
| #define HAVE_DLFCN_H 1
| #define LT_OBJDIR ".libs/"
| #define LT_MODULE_EXT ".so"
| #define LT_MODULE_PATH_VAR "LD_LIBRARY_PATH"
| #define HAVE_LIBDL 1
| #define HAVE_DLERROR 1
| /* end confdefs.h.  */
| 
| /* Override any GCC internal prototype to avoid an error.
|    Use char because int might match the return type of a GCC
|    builtin and then its argument prototype would still apply.  */
| char dld_link ();
| int
| main (void)
| {
| return dld_link ();
|   ;
|   return 0;
| }
configure:14984: result: no
configure:15020: checking for _ prefix in compiled symbols
configure:15031: gcc -c -O2 -I/home/notlean/openwrt-uboost/staging_dir/host/include  -I/home/notlean/openwrt-uboost/staging_dir/host/include  conftest.c >&5
configure:15034: $? = 0
configure:15038: /usr/bin/nm -B conftest.o \| /home/notlean/openwrt-uboost/staging_dir/host/bin/sed -n -e 's/^.*[	 ]\([ABCDGIRSTW][ABCDGIRSTW]*\)[	 ][	 ]*\([_A-Za-z][_A-Za-z0-9]*\)$/\1 \2 \2/p' | /home/notlean/openwrt-uboost/staging_dir/host/bin/sed '/ __gnu_lto/d' \> conftest.nm
configure:15041: $? = 0
configure:15063: result: no
configure:15181: checking whether deplibs are loaded by dlopen
configure:15279: result: yes
configure:15288: checking for argz.h
configure:15288: gcc -c -O2 -I/home/notlean/openwrt-uboost/staging_dir/host/include  -I/home/notlean/openwrt-uboost/staging_dir/host/include  conftest.c >&5
configure:15288: $? = 0
configure:15288: result: yes
configure:15297: checking for error_t
configure:15297: gcc -c -O2 -I/home/notlean/openwrt-uboost/staging_dir/host/include  -I/home/notlean/openwrt-uboost/staging_dir/host/include  conftest.c >&5
configure:15297: $? = 0
configure:15297: gcc -c -O2 -I/home/notlean/openwrt-uboost/staging_dir/host/include  -I/home/notlean/openwrt-uboost/staging_dir/host/include  conftest.c >&5
conftest.c: In function 'main':
conftest.c:36:22: error: expected expression before ')' token
   36 | if (sizeof ((error_t)))
      |                      ^
configure:15297: $? = 1
configure: failed program was:
| /* confdefs.h */
| #define PACKAGE_NAME "GNU Libtool"
| #define PACKAGE_TARNAME "libtool"
| #define PACKAGE_VERSION "2.4.7"
| #define PACKAGE_STRING "GNU Libtool 2.4.7"
| #define PACKAGE_BUGREPORT "bug-libtool@gnu.org"
| #define PACKAGE_URL "https://www.gnu.org/software/libtool/"
| #define PACKAGE "libtool"
| #define VERSION "2.4.7"
| #define HAVE_STDIO_H 1
| #define HAVE_STDLIB_H 1
| #define HAVE_STRING_H 1
| #define HAVE_INTTYPES_H 1
| #define HAVE_STDINT_H 1
| #define HAVE_STRINGS_H 1
| #define HAVE_SYS_STAT_H 1
| #define HAVE_SYS_TYPES_H 1
| #define HAVE_UNISTD_H 1
| #define STDC_HEADERS 1
| #define HAVE_DLFCN_H 1
| #define LT_OBJDIR ".libs/"
| #define LT_MODULE_EXT ".so"
| #define LT_MODULE_PATH_VAR "LD_LIBRARY_PATH"
| #define HAVE_LIBDL 1
| #define HAVE_DLERROR 1
| #define HAVE_LIBDLLOADER 1
| #define HAVE_ARGZ_H 1
| /* end confdefs.h.  */
| #if defined(HAVE_ARGZ_H)
| #  include <argz.h>
| #endif
| 
| int
| main (void)
| {
| if (sizeof ((error_t)))
| 	    return 0;
|   ;
|   return 0;
| }
configure:15297: result: yes
configure:15322: checking for argz_add
configure:15322: gcc -o conftest -O2 -I/home/notlean/openwrt-uboost/staging_dir/host/include  -I/home/notlean/openwrt-uboost/staging_dir/host/include  -L/home/notlean/openwrt-uboost/staging_dir/host/lib  conftest.c  >&5
configure:15322: $? = 0
configure:15322: result: yes
configure:15322: checking for argz_append
configure:15322: gcc -o conftest -O2 -I/home/notlean/openwrt-uboost/staging_dir/host/include  -I/home/notlean/openwrt-uboost/staging_dir/host/include  -L/home/notlean/openwrt-uboost/staging_dir/host/lib  conftest.c  >&5
configure:15322: $? = 0
configure:15322: result: yes
configure:15322: checking for argz_count
configure:15322: gcc -o conftest -O2 -I/home/notlean/openwrt-uboost/staging_dir/host/include  -I/home/notlean/openwrt-uboost/staging_dir/host/include  -L/home/notlean/openwrt-uboost/staging_dir/host/lib  conftest.c  >&5
configure:15322: $? = 0
configure:15322: result: yes
configure:15322: checking for argz_create_sep
configure:15322: gcc -o conftest -O2 -I/home/notlean/openwrt-uboost/staging_dir/host/include  -I/home/notlean/openwrt-uboost/staging_dir/host/include  -L/home/notlean/openwrt-uboost/staging_dir/host/lib  conftest.c  >&5
configure:15322: $? = 0
configure:15322: result: yes
configure:15322: checking for argz_insert
configure:15322: gcc -o conftest -O2 -I/home/notlean/openwrt-uboost/staging_dir/host/include  -I/home/notlean/openwrt-uboost/staging_dir/host/include  -L/home/notlean/openwrt-uboost/staging_dir/host/lib  conftest.c  >&5
configure:15322: $? = 0
configure:15322: result: yes
configure:15322: checking for argz_next
configure:15322: gcc -o conftest -O2 -I/home/notlean/openwrt-uboost/staging_dir/host/include  -I/home/notlean/openwrt-uboost/staging_dir/host/include  -L/home/notlean/openwrt-uboost/staging_dir/host/lib  conftest.c  >&5
configure:15322: $? = 0
configure:15322: result: yes
configure:15322: checking for argz_stringify
configure:15322: gcc -o conftest -O2 -I/home/notlean/openwrt-uboost/staging_dir/host/include  -I/home/notlean/openwrt-uboost/staging_dir/host/include  -L/home/notlean/openwrt-uboost/staging_dir/host/lib  conftest.c  >&5
configure:15322: $? = 0
configure:15322: result: yes
configure:15342: checking if argz actually works
configure:15374: result: yes
configure:15394: checking whether libtool supports -dlopen/-dlpreopen
configure:15407: result: yes
configure:15458: checking for unistd.h
configure:15458: result: yes
configure:15465: checking for dl.h
configure:15465: gcc -c -O2 -I/home/notlean/openwrt-uboost/staging_dir/host/include  -I/home/notlean/openwrt-uboost/staging_dir/host/include  conftest.c >&5
conftest.c:69:10: fatal error: dl.h: No such file or directory
   69 | #include <dl.h>
      |          ^~~~~~
compilation terminated.
configure:15465: $? = 1
configure: failed program was:
| /* confdefs.h */
| #define PACKAGE_NAME "GNU Libtool"
| #define PACKAGE_TARNAME "libtool"
| #define PACKAGE_VERSION "2.4.7"
| #define PACKAGE_STRING "GNU Libtool 2.4.7"
| #define PACKAGE_BUGREPORT "bug-libtool@gnu.org"
| #define PACKAGE_URL "https://www.gnu.org/software/libtool/"
| #define PACKAGE "libtool"
| #define VERSION "2.4.7"
| #define HAVE_STDIO_H 1
| #define HAVE_STDLIB_H 1
| #define HAVE_STRING_H 1
| #define HAVE_INTTYPES_H 1
| #define HAVE_STDINT_H 1
| #define HAVE_STRINGS_H 1
| #define HAVE_SYS_STAT_H 1
| #define HAVE_SYS_TYPES_H 1
| #define HAVE_UNISTD_H 1
| #define STDC_HEADERS 1
| #define HAVE_DLFCN_H 1
| #define LT_OBJDIR ".libs/"
| #define LT_MODULE_EXT ".so"
| #define LT_MODULE_PATH_VAR "LD_LIBRARY_PATH"
| #define HAVE_LIBDL 1
| #define HAVE_DLERROR 1
| #define HAVE_LIBDLLOADER 1
| #define HAVE_ARGZ_H 1
| #define HAVE_ERROR_T 1
| #define HAVE_ARGZ_ADD 1
| #define HAVE_ARGZ_APPEND 1
| #define HAVE_ARGZ_COUNT 1
| #define HAVE_ARGZ_CREATE_SEP 1
| #define HAVE_ARGZ_INSERT 1
| #define HAVE_ARGZ_NEXT 1
| #define HAVE_ARGZ_STRINGIFY 1
| #define HAVE_WORKING_ARGZ 1
| #define HAVE_PRELOADED_SYMBOLS 1
| #define HAVE_UNISTD_H 1
| /* end confdefs.h.  */
| #include <stddef.h>
| #ifdef HAVE_STDIO_H
| # include <stdio.h>
| #endif
| #ifdef HAVE_STDLIB_H
| # include <stdlib.h>
| #endif
| #ifdef HAVE_STRING_H
| # include <string.h>
| #endif
| #ifdef HAVE_INTTYPES_H
| # include <inttypes.h>
| #endif
| #ifdef HAVE_STDINT_H
| # include <stdint.h>
| #endif
| #ifdef HAVE_STRINGS_H
| # include <strings.h>
| #endif
| #ifdef HAVE_SYS_TYPES_H
| # include <sys/types.h>
| #endif
| #ifdef HAVE_SYS_STAT_H
| # include <sys/stat.h>
| #endif
| #ifdef HAVE_UNISTD_H
| # include <unistd.h>
| #endif
| 
| #include <dl.h>
configure:15465: result: no
configure:15472: checking for sys/dl.h
configure:15472: gcc -c -O2 -I/home/notlean/openwrt-uboost/staging_dir/host/include  -I/home/notlean/openwrt-uboost/staging_dir/host/include  conftest.c >&5
conftest.c:69:10: fatal error: sys/dl.h: No such file or directory
   69 | #include <sys/dl.h>
      |          ^~~~~~~~~~
compilation terminated.
configure:15472: $? = 1
configure: failed program was:
| /* confdefs.h */
| #define PACKAGE_NAME "GNU Libtool"
| #define PACKAGE_TARNAME "libtool"
| #define PACKAGE_VERSION "2.4.7"
| #define PACKAGE_STRING "GNU Libtool 2.4.7"
| #define PACKAGE_BUGREPORT "bug-libtool@gnu.org"
| #define PACKAGE_URL "https://www.gnu.org/software/libtool/"
| #define PACKAGE "libtool"
| #define VERSION "2.4.7"
| #define HAVE_STDIO_H 1
| #define HAVE_STDLIB_H 1
| #define HAVE_STRING_H 1
| #define HAVE_INTTYPES_H 1
| #define HAVE_STDINT_H 1
| #define HAVE_STRINGS_H 1
| #define HAVE_SYS_STAT_H 1
| #define HAVE_SYS_TYPES_H 1
| #define HAVE_UNISTD_H 1
| #define STDC_HEADERS 1
| #define HAVE_DLFCN_H 1
| #define LT_OBJDIR ".libs/"
| #define LT_MODULE_EXT ".so"
| #define LT_MODULE_PATH_VAR "LD_LIBRARY_PATH"
| #define HAVE_LIBDL 1
| #define HAVE_DLERROR 1
| #define HAVE_LIBDLLOADER 1
| #define HAVE_ARGZ_H 1
| #define HAVE_ERROR_T 1
| #define HAVE_ARGZ_ADD 1
| #define HAVE_ARGZ_APPEND 1
| #define HAVE_ARGZ_COUNT 1
| #define HAVE_ARGZ_CREATE_SEP 1
| #define HAVE_ARGZ_INSERT 1
| #define HAVE_ARGZ_NEXT 1
| #define HAVE_ARGZ_STRINGIFY 1
| #define HAVE_WORKING_ARGZ 1
| #define HAVE_PRELOADED_SYMBOLS 1
| #define HAVE_UNISTD_H 1
| /* end confdefs.h.  */
| #include <stddef.h>
| #ifdef HAVE_STDIO_H
| # include <stdio.h>
| #endif
| #ifdef HAVE_STDLIB_H
| # include <stdlib.h>
| #endif
| #ifdef HAVE_STRING_H
| # include <string.h>
| #endif
| #ifdef HAVE_INTTYPES_H
| # include <inttypes.h>
| #endif
| #ifdef HAVE_STDINT_H
| # include <stdint.h>
| #endif
| #ifdef HAVE_STRINGS_H
| # include <strings.h>
| #endif
| #ifdef HAVE_SYS_TYPES_H
| # include <sys/types.h>
| #endif
| #ifdef HAVE_SYS_STAT_H
| # include <sys/stat.h>
| #endif
| #ifdef HAVE_UNISTD_H
| # include <unistd.h>
| #endif
| 
| #include <sys/dl.h>
configure:15472: result: no
configure:15479: checking for dld.h
configure:15479: gcc -c -O2 -I/home/notlean/openwrt-uboost/staging_dir/host/include  -I/home/notlean/openwrt-uboost/staging_dir/host/include  conftest.c >&5
conftest.c:69:10: fatal error: dld.h: No such file or directory
   69 | #include <dld.h>
      |          ^~~~~~~
compilation terminated.
configure:15479: $? = 1
configure: failed program was:
| /* confdefs.h */
| #define PACKAGE_NAME "GNU Libtool"
| #define PACKAGE_TARNAME "libtool"
| #define PACKAGE_VERSION "2.4.7"
| #define PACKAGE_STRING "GNU Libtool 2.4.7"
| #define PACKAGE_BUGREPORT "bug-libtool@gnu.org"
| #define PACKAGE_URL "https://www.gnu.org/software/libtool/"
| #define PACKAGE "libtool"
| #define VERSION "2.4.7"
| #define HAVE_STDIO_H 1
| #define HAVE_STDLIB_H 1
| #define HAVE_STRING_H 1
| #define HAVE_INTTYPES_H 1
| #define HAVE_STDINT_H 1
| #define HAVE_STRINGS_H 1
| #define HAVE_SYS_STAT_H 1
| #define HAVE_SYS_TYPES_H 1
| #define HAVE_UNISTD_H 1
| #define STDC_HEADERS 1
| #define HAVE_DLFCN_H 1
| #define LT_OBJDIR ".libs/"
| #define LT_MODULE_EXT ".so"
| #define LT_MODULE_PATH_VAR "LD_LIBRARY_PATH"
| #define HAVE_LIBDL 1
| #define HAVE_DLERROR 1
| #define HAVE_LIBDLLOADER 1
| #define HAVE_ARGZ_H 1
| #define HAVE_ERROR_T 1
| #define HAVE_ARGZ_ADD 1
| #define HAVE_ARGZ_APPEND 1
| #define HAVE_ARGZ_COUNT 1
| #define HAVE_ARGZ_CREATE_SEP 1
| #define HAVE_ARGZ_INSERT 1
| #define HAVE_ARGZ_NEXT 1
| #define HAVE_ARGZ_STRINGIFY 1
| #define HAVE_WORKING_ARGZ 1
| #define HAVE_PRELOADED_SYMBOLS 1
| #define HAVE_UNISTD_H 1
| /* end confdefs.h.  */
| #include <stddef.h>
| #ifdef HAVE_STDIO_H
| # include <stdio.h>
| #endif
| #ifdef HAVE_STDLIB_H
| # include <stdlib.h>
| #endif
| #ifdef HAVE_STRING_H
| # include <string.h>
| #endif
| #ifdef HAVE_INTTYPES_H
| # include <inttypes.h>
| #endif
| #ifdef HAVE_STDINT_H
| # include <stdint.h>
| #endif
| #ifdef HAVE_STRINGS_H
| # include <strings.h>
| #endif
| #ifdef HAVE_SYS_TYPES_H
| # include <sys/types.h>
| #endif
| #ifdef HAVE_SYS_STAT_H
| # include <sys/stat.h>
| #endif
| #ifdef HAVE_UNISTD_H
| # include <unistd.h>
| #endif
| 
| #include <dld.h>
configure:15479: result: no
configure:15486: checking for mach-o/dyld.h
configure:15486: gcc -c -O2 -I/home/notlean/openwrt-uboost/staging_dir/host/include  -I/home/notlean/openwrt-uboost/staging_dir/host/include  conftest.c >&5
conftest.c:69:10: fatal error: mach-o/dyld.h: No such file or directory
   69 | #include <mach-o/dyld.h>
      |          ^~~~~~~~~~~~~~~
compilation terminated.
configure:15486: $? = 1
configure: failed program was:
| /* confdefs.h */
| #define PACKAGE_NAME "GNU Libtool"
| #define PACKAGE_TARNAME "libtool"
| #define PACKAGE_VERSION "2.4.7"
| #define PACKAGE_STRING "GNU Libtool 2.4.7"
| #define PACKAGE_BUGREPORT "bug-libtool@gnu.org"
| #define PACKAGE_URL "https://www.gnu.org/software/libtool/"
| #define PACKAGE "libtool"
| #define VERSION "2.4.7"
| #define HAVE_STDIO_H 1
| #define HAVE_STDLIB_H 1
| #define HAVE_STRING_H 1
| #define HAVE_INTTYPES_H 1
| #define HAVE_STDINT_H 1
| #define HAVE_STRINGS_H 1
| #define HAVE_SYS_STAT_H 1
| #define HAVE_SYS_TYPES_H 1
| #define HAVE_UNISTD_H 1
| #define STDC_HEADERS 1
| #define HAVE_DLFCN_H 1
| #define LT_OBJDIR ".libs/"
| #define LT_MODULE_EXT ".so"
| #define LT_MODULE_PATH_VAR "LD_LIBRARY_PATH"
| #define HAVE_LIBDL 1
| #define HAVE_DLERROR 1
| #define HAVE_LIBDLLOADER 1
| #define HAVE_ARGZ_H 1
| #define HAVE_ERROR_T 1
| #define HAVE_ARGZ_ADD 1
| #define HAVE_ARGZ_APPEND 1
| #define HAVE_ARGZ_COUNT 1
| #define HAVE_ARGZ_CREATE_SEP 1
| #define HAVE_ARGZ_INSERT 1
| #define HAVE_ARGZ_NEXT 1
| #define HAVE_ARGZ_STRINGIFY 1
| #define HAVE_WORKING_ARGZ 1
| #define HAVE_PRELOADED_SYMBOLS 1
| #define HAVE_UNISTD_H 1
| /* end confdefs.h.  */
| #include <stddef.h>
| #ifdef HAVE_STDIO_H
| # include <stdio.h>
| #endif
| #ifdef HAVE_STDLIB_H
| # include <stdlib.h>
| #endif
| #ifdef HAVE_STRING_H
| # include <string.h>
| #endif
| #ifdef HAVE_INTTYPES_H
| # include <inttypes.h>
| #endif
| #ifdef HAVE_STDINT_H
| # include <stdint.h>
| #endif
| #ifdef HAVE_STRINGS_H
| # include <strings.h>
| #endif
| #ifdef HAVE_SYS_TYPES_H
| # include <sys/types.h>
| #endif
| #ifdef HAVE_SYS_STAT_H
| # include <sys/stat.h>
| #endif
| #ifdef HAVE_UNISTD_H
| # include <unistd.h>
| #endif
| 
| #include <mach-o/dyld.h>
configure:15486: result: no
configure:15493: checking for dirent.h
configure:15493: gcc -c -O2 -I/home/notlean/openwrt-uboost/staging_dir/host/include  -I/home/notlean/openwrt-uboost/staging_dir/host/include  conftest.c >&5
configure:15493: $? = 0
configure:15493: result: yes
configure:15506: checking for closedir
configure:15506: gcc -o conftest -O2 -I/home/notlean/openwrt-uboost/staging_dir/host/include  -I/home/notlean/openwrt-uboost/staging_dir/host/include  -L/home/notlean/openwrt-uboost/staging_dir/host/lib  conftest.c  >&5
configure:15506: $? = 0
configure:15506: result: yes
configure:15506: checking for opendir
configure:15506: gcc -o conftest -O2 -I/home/notlean/openwrt-uboost/staging_dir/host/include  -I/home/notlean/openwrt-uboost/staging_dir/host/include  -L/home/notlean/openwrt-uboost/staging_dir/host/lib  conftest.c  >&5
configure:15506: $? = 0
configure:15506: result: yes
configure:15506: checking for readdir
configure:15506: gcc -o conftest -O2 -I/home/notlean/openwrt-uboost/staging_dir/host/include  -I/home/notlean/openwrt-uboost/staging_dir/host/include  -L/home/notlean/openwrt-uboost/staging_dir/host/lib  conftest.c  >&5
configure:15506: $? = 0
configure:15506: result: yes
configure:15527: checking for strlcat
configure:15527: gcc -o conftest -O2 -I/home/notlean/openwrt-uboost/staging_dir/host/include  -I/home/notlean/openwrt-uboost/staging_dir/host/include  -L/home/notlean/openwrt-uboost/staging_dir/host/lib  conftest.c  >&5
configure:15527: $? = 0
configure:15527: result: yes
configure:15527: checking for strlcpy
configure:15527: gcc -o conftest -O2 -I/home/notlean/openwrt-uboost/staging_dir/host/include  -I/home/notlean/openwrt-uboost/staging_dir/host/include  -L/home/notlean/openwrt-uboost/staging_dir/host/lib  conftest.c  >&5
configure:15527: $? = 0
configure:15527: result: yes
configure:15689: checking for C++ compiler version
configure:15698: g++ --version >&5
g++ (Ubuntu 13.3.0-6ubuntu2~24.04) 13.3.0
Copyright (C) 2023 Free Software Foundation, Inc.
This is free software; see the source for copying conditions.  There is NO
warranty; not even for MERCHANTABILITY or FITNESS FOR A PARTICULAR PURPOSE.

configure:15709: $? = 0
configure:15698: g++ -v >&5
Using built-in specs.
COLLECT_GCC=g++
COLLECT_LTO_WRAPPER=/usr/libexec/gcc/x86_64-linux-gnu/13/lto-wrapper
OFFLOAD_TARGET_NAMES=nvptx-none:amdgcn-amdhsa
OFFLOAD_TARGET_DEFAULT=1
Target: x86_64-linux-gnu
Configured with: ../src/configure -v --with-pkgversion='Ubuntu 13.3.0-6ubuntu2~24.04' --with-bugurl=file:///usr/share/doc/gcc-13/README.Bugs --enable-languages=c,ada,c++,go,d,fortran,objc,obj-c++,m2 --prefix=/usr --with-gcc-major-version-only --program-suffix=-13 --program-prefix=x86_64-linux-gnu- --enable-shared --enable-linker-build-id --libexecdir=/usr/libexec --without-included-gettext --enable-threads=posix --libdir=/usr/lib --enable-nls --enable-bootstrap --enable-clocale=gnu --enable-libstdcxx-debug --enable-libstdcxx-time=yes --with-default-libstdcxx-abi=new --enable-libstdcxx-backtrace --enable-gnu-unique-object --disable-vtable-verify --enable-plugin --enable-default-pie --with-system-zlib --enable-libphobos-checking=release --with-target-system-zlib=auto --enable-objc-gc=auto --enable-multiarch --disable-werror --enable-cet --with-arch-32=i686 --with-abi=m64 --with-multilib-list=m32,m64,mx32 --enable-multilib --with-tune=generic --enable-offload-targets=nvptx-none=/build/gcc-13-fG75Ri/gcc-13-13.3.0/debian/tmp-nvptx/usr,amdgcn-amdhsa=/build/gcc-13-fG75Ri/gcc-13-13.3.0/debian/tmp-gcn/usr --enable-offload-defaulted --without-cuda-driver --enable-checking=release --build=x86_64-linux-gnu --host=x86_64-linux-gnu --target=x86_64-linux-gnu --with-build-config=bootstrap-lto-lean --enable-link-serialization=2
Thread model: posix
Supported LTO compression algorithms: zlib zstd
gcc version 13.3.0 (Ubuntu 13.3.0-6ubuntu2~24.04) 
... rest of stderr output deleted ...
configure:15709: $? = 0
configure:15698: g++ -V >&5
g++: error: unrecognized command-line option '-V'
g++: fatal error: no input files
compilation terminated.
configure:15709: $? = 1
configure:15698: g++ -qversion >&5
g++: error: unrecognized command-line option '-qversion'; did you mean '--version'?
g++: fatal error: no input files
compilation terminated.
configure:15709: $? = 1
configure:15713: checking whether the compiler supports GNU C++
configure:15733: g++ -c  -I/home/notlean/openwrt-uboost/staging_dir/host/include  conftest.cpp >&5
configure:15733: $? = 0
configure:15743: result: yes
configure:15754: checking whether g++ accepts -g
configure:15775: g++ -c -g -I/home/notlean/openwrt-uboost/staging_dir/host/include  conftest.cpp >&5
configure:15775: $? = 0
configure:15819: result: yes
configure:15839: checking for g++ option to enable C++11 features
configure:15854: g++  -c  -I/home/notlean/openwrt-uboost/staging_dir/host/include  conftest.cpp >&5
conftest.cpp: In function 'int main(int, char**)':
conftest.cpp:214:25: warning: empty parentheses were disambiguated as a function declaration [-Wvexing-parse]
  214 |   cxx11test::delegate d2();
      |                         ^~
conftest.cpp:214:25: note: remove parentheses to default-initialize a variable
  214 |   cxx11test::delegate d2();
      |                         ^~
      |                         --
conftest.cpp:214:25: note: or replace parentheses with braces to value-initialize a variable
configure:15854: $? = 0
configure:15872: result: none needed
configure:15938: checking dependency style of g++
configure:16050: result: none
configure:16084: checking how to run the C++ preprocessor
configure:16106: g++ -E -I/home/notlean/openwrt-uboost/staging_dir/host/include  conftest.cpp
configure:16106: $? = 0
configure:16121: g++ -E -I/home/notlean/openwrt-uboost/staging_dir/host/include  conftest.cpp
conftest.cpp:48:10: fatal error: ac_nonexistent.h: No such file or directory
   48 | #include <ac_nonexistent.h>
      |          ^~~~~~~~~~~~~~~~~~
compilation terminated.
configure:16121: $? = 1
configure: failed program was:
| /* confdefs.h */
| #define PACKAGE_NAME "GNU Libtool"
| #define PACKAGE_TARNAME "libtool"
| #define PACKAGE_VERSION "2.4.7"
| #define PACKAGE_STRING "GNU Libtool 2.4.7"
| #define PACKAGE_BUGREPORT "bug-libtool@gnu.org"
| #define PACKAGE_URL "https://www.gnu.org/software/libtool/"
| #define PACKAGE "libtool"
| #define VERSION "2.4.7"
| #define HAVE_STDIO_H 1
| #define HAVE_STDLIB_H 1
| #define HAVE_STRING_H 1
| #define HAVE_INTTYPES_H 1
| #define HAVE_STDINT_H 1
| #define HAVE_STRINGS_H 1
| #define HAVE_SYS_STAT_H 1
| #define HAVE_SYS_TYPES_H 1
| #define HAVE_UNISTD_H 1
| #define STDC_HEADERS 1
| #define HAVE_DLFCN_H 1
| #define LT_OBJDIR ".libs/"
| #define LT_MODULE_EXT ".so"
| #define LT_MODULE_PATH_VAR "LD_LIBRARY_PATH"
| #define HAVE_LIBDL 1
| #define HAVE_DLERROR 1
| #define HAVE_LIBDLLOADER 1
| #define HAVE_ARGZ_H 1
| #define HAVE_ERROR_T 1
| #define HAVE_ARGZ_ADD 1
| #define HAVE_ARGZ_APPEND 1
| #define HAVE_ARGZ_COUNT 1
| #define HAVE_ARGZ_CREATE_SEP 1
| #define HAVE_ARGZ_INSERT 1
| #define HAVE_ARGZ_NEXT 1
| #define HAVE_ARGZ_STRINGIFY 1
| #define HAVE_WORKING_ARGZ 1
| #define HAVE_PRELOADED_SYMBOLS 1
| #define HAVE_UNISTD_H 1
| #define HAVE_DIRENT_H 1
| #define HAVE_CLOSEDIR 1
| #define HAVE_OPENDIR 1
| #define HAVE_READDIR 1
| #define HAVE_STRLCAT 1
| #define HAVE_STRLCPY 1
| #define LT_LIBEXT "a"
| #define LT_LIBPREFIX "lib"
| /* end confdefs.h.  */
| #include <ac_nonexistent.h>
configure:16148: result: g++ -E
configure:16162: g++ -E -I/home/notlean/openwrt-uboost/staging_dir/host/include  conftest.cpp
configure:16162: $? = 0
configure:16177: g++ -E -I/home/notlean/openwrt-uboost/staging_dir/host/include  conftest.cpp
conftest.cpp:48:10: fatal error: ac_nonexistent.h: No such file or directory
   48 | #include <ac_nonexistent.h>
      |          ^~~~~~~~~~~~~~~~~~
compilation terminated.
configure:16177: $? = 1
configure: failed program was:
| /* confdefs.h */
| #define PACKAGE_NAME "GNU Libtool"
| #define PACKAGE_TARNAME "libtool"
| #define PACKAGE_VERSION "2.4.7"
| #define PACKAGE_STRING "GNU Libtool 2.4.7"
| #define PACKAGE_BUGREPORT "bug-libtool@gnu.org"
| #define PACKAGE_URL "https://www.gnu.org/software/libtool/"
| #define PACKAGE "libtool"
| #define VERSION "2.4.7"
| #define HAVE_STDIO_H 1
| #define HAVE_STDLIB_H 1
| #define HAVE_STRING_H 1
| #define HAVE_INTTYPES_H 1
| #define HAVE_STDINT_H 1
| #define HAVE_STRINGS_H 1
| #define HAVE_SYS_STAT_H 1
| #define HAVE_SYS_TYPES_H 1
| #define HAVE_UNISTD_H 1
| #define STDC_HEADERS 1
| #define HAVE_DLFCN_H 1
| #define LT_OBJDIR ".libs/"
| #define LT_MODULE_EXT ".so"
| #define LT_MODULE_PATH_VAR "LD_LIBRARY_PATH"
| #define HAVE_LIBDL 1
| #define HAVE_DLERROR 1
| #define HAVE_LIBDLLOADER 1
| #define HAVE_ARGZ_H 1
| #define HAVE_ERROR_T 1
| #define HAVE_ARGZ_ADD 1
| #define HAVE_ARGZ_APPEND 1
| #define HAVE_ARGZ_COUNT 1
| #define HAVE_ARGZ_CREATE_SEP 1
| #define HAVE_ARGZ_INSERT 1
| #define HAVE_ARGZ_NEXT 1
| #define HAVE_ARGZ_STRINGIFY 1
| #define HAVE_WORKING_ARGZ 1
| #define HAVE_PRELOADED_SYMBOLS 1
| #define HAVE_UNISTD_H 1
| #define HAVE_DIRENT_H 1
| #define HAVE_CLOSEDIR 1
| #define HAVE_OPENDIR 1
| #define HAVE_READDIR 1
| #define HAVE_STRLCAT 1
| #define HAVE_STRLCPY 1
| #define LT_LIBEXT "a"
| #define LT_LIBPREFIX "lib"
| /* end confdefs.h.  */
| #include <ac_nonexistent.h>
configure:16342: checking for ld used by g++
configure:16410: result: /usr/bin/ld -m elf_x86_64
configure:16417: checking if the linker (/usr/bin/ld -m elf_x86_64) is GNU ld
configure:16433: result: yes
configure:16488: checking whether the g++ linker (/usr/bin/ld -m elf_x86_64) supports shared libraries
configure:17566: result: yes
configure:17602: g++ -c  -I/home/notlean/openwrt-uboost/staging_dir/host/include  conftest.cpp >&5
configure:17605: $? = 0
configure:18086: checking for g++ option to produce PIC
configure:18094: result: -fPIC -DPIC
configure:18102: checking if g++ PIC flag -fPIC -DPIC works
configure:18121: g++ -c  -I/home/notlean/openwrt-uboost/staging_dir/host/include  -fPIC -DPIC -DPIC conftest.cpp >&5
configure:18125: $? = 0
configure:18138: result: yes
configure:18161: checking if g++ static flag -static works
configure:18190: result: yes
configure:18202: checking if g++ supports -c -o file.o
configure:18224: g++ -c  -I/home/notlean/openwrt-uboost/staging_dir/host/include  -o out/conftest2.o conftest.cpp >&5
configure:18228: $? = 0
configure:18250: result: yes
configure:18255: checking if g++ supports -c -o file.o
configure:18303: result: yes
configure:18333: checking whether the g++ linker (/usr/bin/ld -m elf_x86_64) supports shared libraries
configure:18373: result: yes
configure:18515: checking dynamic linker characteristics
configure:19263: result: GNU/Linux ld.so
configure:19328: checking how to hardcode library paths into programs
configure:19353: result: immediate
configure:19402: checking for x86_64-pc-linux-gnu-g77
configure:19437: result: no
configure:19402: checking for x86_64-pc-linux-gnu-xlf
configure:19437: result: no
configure:19402: checking for x86_64-pc-linux-gnu-f77
configure:19437: result: no
configure:19402: checking for x86_64-pc-linux-gnu-frt
configure:19437: result: no
configure:19402: checking for x86_64-pc-linux-gnu-pgf77
configure:19437: result: no
configure:19402: checking for x86_64-pc-linux-gnu-cf77
configure:19437: result: no
configure:19402: checking for x86_64-pc-linux-gnu-fort77
configure:19437: result: no
configure:19402: checking for x86_64-pc-linux-gnu-fl32
configure:19437: result: no
configure:19402: checking for x86_64-pc-linux-gnu-af77
configure:19437: result: no
configure:19402: checking for x86_64-pc-linux-gnu-xlf90
configure:19437: result: no
configure:19402: checking for x86_64-pc-linux-gnu-f90
configure:19437: result: no
configure:19402: checking for x86_64-pc-linux-gnu-pgf90
configure:19437: result: no
configure:19402: checking for x86_64-pc-linux-gnu-pghpf
configure:19437: result: no
configure:19402: checking for x86_64-pc-linux-gnu-epcf90
configure:19437: result: no
configure:19402: checking for x86_64-pc-linux-gnu-gfortran
configure:19437: result: no
configure:19402: checking for x86_64-pc-linux-gnu-g95
configure:19437: result: no
configure:19402: checking for x86_64-pc-linux-gnu-xlf95
configure:19437: result: no
configure:19402: checking for x86_64-pc-linux-gnu-f95
configure:19437: result: no
configure:19402: checking for x86_64-pc-linux-gnu-fort
configure:19437: result: no
configure:19402: checking for x86_64-pc-linux-gnu-ifort
configure:19437: result: no
configure:19402: checking for x86_64-pc-linux-gnu-ifc
configure:19437: result: no
configure:19402: checking for x86_64-pc-linux-gnu-efc
configure:19437: result: no
configure:19402: checking for x86_64-pc-linux-gnu-pgfortran
configure:19437: result: no
configure:19402: checking for x86_64-pc-linux-gnu-pgf95
configure:19437: result: no
configure:19402: checking for x86_64-pc-linux-gnu-lf95
configure:19437: result: no
configure:19402: checking for x86_64-pc-linux-gnu-ftn
configure:19437: result: no
configure:19402: checking for x86_64-pc-linux-gnu-nagfor
configure:19437: result: no
configure:19451: checking for g77
configure:19486: result: no
configure:19451: checking for xlf
configure:19486: result: no
configure:19451: checking for f77
configure:19486: result: no
configure:19451: checking for frt
configure:19486: result: no
configure:19451: checking for pgf77
configure:19486: result: no
configure:19451: checking for cf77
configure:19486: result: no
configure:19451: checking for fort77
configure:19486: result: no
configure:19451: checking for fl32
configure:19486: result: no
configure:19451: checking for af77
configure:19486: result: no
configure:19451: checking for xlf90
configure:19486: result: no
configure:19451: checking for f90
configure:19486: result: no
configure:19451: checking for pgf90
configure:19486: result: no
configure:19451: checking for pghpf
configure:19486: result: no
configure:19451: checking for epcf90
configure:19486: result: no
configure:19451: checking for gfortran
configure:19486: result: no
configure:19451: checking for g95
configure:19486: result: no
configure:19451: checking for xlf95
configure:19486: result: no
configure:19451: checking for f95
configure:19486: result: no
configure:19451: checking for fort
configure:19486: result: no
configure:19451: checking for ifort
configure:19486: result: no
configure:19451: checking for ifc
configure:19486: result: no
configure:19451: checking for efc
configure:19486: result: no
configure:19451: checking for pgfortran
configure:19486: result: no
configure:19451: checking for pgf95
configure:19486: result: no
configure:19451: checking for lf95
configure:19486: result: no
configure:19451: checking for ftn
configure:19486: result: no
configure:19451: checking for nagfor
configure:19486: result: no
configure:19509: checking for Fortran 77 compiler version
configure:19518:  --version >&5
./configure: line 19520: --version: command not found
configure:19529: $? = 127
configure:19518:  -v >&5
./configure: line 19520: -v: command not found
configure:19529: $? = 127
configure:19518:  -V >&5
./configure: line 19520: -V: command not found
configure:19529: $? = 127
configure:19518:  -qversion >&5
./configure: line 19520: -qversion: command not found
configure:19529: $? = 127
configure:19538: checking whether the compiler supports GNU Fortran 77
configure:19552:  -c  conftest.F >&5
./configure: line 2118: -c: command not found
configure:19552: $? = 127
configure: failed program was:
|       program main
| #ifndef __GNUC__
|        choke me
| #endif
| 
|       end
configure:19562: result: no
configure:19570: checking whether  accepts -g
configure:19582:  -c -g conftest.f >&5
./configure: line 2118: -c: command not found
configure:19582: $? = 127
configure: failed program was:
|       program main
| 
|       end
configure:19591: result: no
configure:22588: checking for x86_64-pc-linux-gnu-gfortran
configure:22623: result: no
configure:22588: checking for x86_64-pc-linux-gnu-g95
configure:22623: result: no
configure:22588: checking for x86_64-pc-linux-gnu-xlf95
configure:22623: result: no
configure:22588: checking for x86_64-pc-linux-gnu-f95
configure:22623: result: no
configure:22588: checking for x86_64-pc-linux-gnu-fort
configure:22623: result: no
configure:22588: checking for x86_64-pc-linux-gnu-ifort
configure:22623: result: no
configure:22588: checking for x86_64-pc-linux-gnu-ifc
configure:22623: result: no
configure:22588: checking for x86_64-pc-linux-gnu-efc
configure:22623: result: no
configure:22588: checking for x86_64-pc-linux-gnu-pgfortran
configure:22623: result: no
configure:22588: checking for x86_64-pc-linux-gnu-pgf95
configure:22623: result: no
configure:22588: checking for x86_64-pc-linux-gnu-lf95
configure:22623: result: no
configure:22588: checking for x86_64-pc-linux-gnu-ftn
configure:22623: result: no
configure:22588: checking for x86_64-pc-linux-gnu-nagfor
configure:22623: result: no
configure:22588: checking for x86_64-pc-linux-gnu-xlf90
configure:22623: result: no
configure:22588: checking for x86_64-pc-linux-gnu-f90
configure:22623: result: no
configure:22588: checking for x86_64-pc-linux-gnu-pgf90
configure:22623: result: no
configure:22588: checking for x86_64-pc-linux-gnu-pghpf
configure:22623: result: no
configure:22588: checking for x86_64-pc-linux-gnu-epcf90
configure:22623: result: no
configure:22588: checking for x86_64-pc-linux-gnu-g77
configure:22623: result: no
configure:22588: checking for x86_64-pc-linux-gnu-xlf
configure:22623: result: no
configure:22588: checking for x86_64-pc-linux-gnu-f77
configure:22623: result: no
configure:22588: checking for x86_64-pc-linux-gnu-frt
configure:22623: result: no
configure:22588: checking for x86_64-pc-linux-gnu-pgf77
configure:22623: result: no
configure:22588: checking for x86_64-pc-linux-gnu-cf77
configure:22623: result: no
configure:22588: checking for x86_64-pc-linux-gnu-fort77
configure:22623: result: no
configure:22588: checking for x86_64-pc-linux-gnu-fl32
configure:22623: result: no
configure:22588: checking for x86_64-pc-linux-gnu-af77
configure:22623: result: no
configure:22637: checking for gfortran
configure:22672: result: no
configure:22637: checking for g95
configure:22672: result: no
configure:22637: checking for xlf95
configure:22672: result: no
configure:22637: checking for f95
configure:22672: result: no
configure:22637: checking for fort
configure:22672: result: no
configure:22637: checking for ifort
configure:22672: result: no
configure:22637: checking for ifc
configure:22672: result: no
configure:22637: checking for efc
configure:22672: result: no
configure:22637: checking for pgfortran
configure:22672: result: no
configure:22637: checking for pgf95
configure:22672: result: no
configure:22637: checking for lf95
configure:22672: result: no
configure:22637: checking for ftn
configure:22672: result: no
configure:22637: checking for nagfor
configure:22672: result: no
configure:22637: checking for xlf90
configure:22672: result: no
configure:22637: checking for f90
configure:22672: result: no
configure:22637: checking for pgf90
configure:22672: result: no
configure:22637: checking for pghpf
configure:22672: result: no
configure:22637: checking for epcf90
configure:22672: result: no
configure:22637: checking for g77
configure:22672: result: no
configure:22637: checking for xlf
configure:22672: result: no
configure:22637: checking for f77
configure:22672: result: no
configure:22637: checking for frt
configure:22672: result: no
configure:22637: checking for pgf77
configure:22672: result: no
configure:22637: checking for cf77
configure:22672: result: no
configure:22637: checking for fort77
configure:22672: result: no
configure:22637: checking for fl32
configure:22672: result: no
configure:22637: checking for af77
configure:22672: result: no
configure:22695: checking for Fortran compiler version
configure:22704:  --version >&5
./configure: line 22706: --version: command not found
configure:22715: $? = 127
configure:22704:  -v >&5
./configure: line 22706: -v: command not found
configure:22715: $? = 127
configure:22704:  -V >&5
./configure: line 22706: -V: command not found
configure:22715: $? = 127
configure:22704:  -qversion >&5
./configure: line 22706: -qversion: command not found
configure:22715: $? = 127
configure:22724: checking whether the compiler supports GNU Fortran
configure:22738:  -c   conftest.F >&5
./configure: line 2204: -c: command not found
configure:22738: $? = 127
configure: failed program was:
|       program main
| #ifndef __GNUC__
|        choke me
| #endif
| 
|       end
configure:22748: result: no
configure:22756: checking whether  accepts -g
configure:22768:  -c -g  conftest.f >&5
./configure: line 2204: -c: command not found
configure:22768: $? = 127
configure: failed program was:
|       program main
| 
|       end
configure:22777: result: no
configure:25916: checking for x86_64-pc-linux-gnu-gccgo
configure:25951: result: no
configure:25961: checking for gccgo
configure:25996: result: no
configure:28167: checking for x86_64-pc-linux-gnu-gcj
configure:28202: result: no
configure:28212: checking for gcj
configure:28247: result: no
configure:30419: checking for x86_64-pc-linux-gnu-windres
configure:30454: result: no
configure:30464: checking for windres
configure:30499: result: no
configure:30639: checking for C compiler option to allow warnings
configure:30648: gcc -O2 -I/home/notlean/openwrt-uboost/staging_dir/host/include  -I/home/notlean/openwrt-uboost/staging_dir/host/include  -c conftest.c 2>conftest1.err
configure:30651: $? = 0
configure:30654: gcc -O2 -I/home/notlean/openwrt-uboost/staging_dir/host/include  -I/home/notlean/openwrt-uboost/staging_dir/host/include  -Wno-error -c conftest.c 2>conftest2.err
configure:30657: $? = 0
configure:30667: result: -Wno-error
configure:30677: checking for C++ compiler option to allow warnings
configure:30686: g++  -I/home/notlean/openwrt-uboost/staging_dir/host/include  -c conftest.cc 2>conftest1.err
configure:30689: $? = 0
configure:30692: g++  -I/home/notlean/openwrt-uboost/staging_dir/host/include  -Wno-error -c conftest.cc 2>conftest2.err
configure:30695: $? = 0
configure:30705: result: -Wno-error
configure:30748: gcc -O2 -I/home/notlean/openwrt-uboost/staging_dir/host/include  -I/home/notlean/openwrt-uboost/staging_dir/host/include  -E conftest.c > conftest.out
configure:30751: $? = 0
configure:30960: checking that generated files are newer than configure
configure:30966: result: done
configure:31062: creating ./config.status

## ---------------------- ##
## Running config.status. ##
## ---------------------- ##

This file was extended by GNU Libtool config.status 2.4.7, which was
generated by GNU Autoconf 2.71.  Invocation command line was

  CONFIG_FILES    = 
  CONFIG_HEADERS  = 
  CONFIG_LINKS    = 
  CONFIG_COMMANDS = 
  $ ./config.status 

on Notlean

config.status:1493: creating Makefile
config.status:1493: creating gnulib-tests/Makefile
config.status:1493: creating config.h
config.status:1753: executing tests/atconfig commands
config.status:1753: executing depfiles commands
config.status:1753: executing libtool commands

## ---------------- ##
## Cache variables. ##
## ---------------- ##

ac_cv_build=x86_64-pc-linux-gnu
ac_cv_c_compiler_gnu=yes
ac_cv_c_undeclared_builtin_options='none needed'
ac_cv_cxx_compiler_gnu=yes
ac_cv_env_CCC_set=
ac_cv_env_CCC_value=
ac_cv_env_CC_set=set
ac_cv_env_CC_value=gcc
ac_cv_env_CFLAGS_set=set
ac_cv_env_CFLAGS_value='-O2 -I/home/notlean/openwrt-uboost/staging_dir/host/include '
ac_cv_env_CPPFLAGS_set=set
ac_cv_env_CPPFLAGS_value='-I/home/notlean/openwrt-uboost/staging_dir/host/include '
ac_cv_env_CPP_set=
ac_cv_env_CPP_value=
ac_cv_env_CXXCPP_set=
ac_cv_env_CXXCPP_value=
ac_cv_env_CXXFLAGS_set=set
ac_cv_env_CXXFLAGS_value=
ac_cv_env_CXX_set=set
ac_cv_env_CXX_value=g++
ac_cv_env_F77_set=
ac_cv_env_F77_value=
ac_cv_env_FCFLAGS_set=
ac_cv_env_FCFLAGS_value=
ac_cv_env_FC_set=
ac_cv_env_FC_value=
ac_cv_env_FFLAGS_set=
ac_cv_env_FFLAGS_value=
ac_cv_env_LDFLAGS_set=set
ac_cv_env_LDFLAGS_value='-L/home/notlean/openwrt-uboost/staging_dir/host/lib '
ac_cv_env_LIBS_set=
ac_cv_env_LIBS_value=
ac_cv_env_LT_SYS_LIBRARY_PATH_set=
ac_cv_env_LT_SYS_LIBRARY_PATH_value=
ac_cv_env_M4_set=set
ac_cv_env_M4_value=/home/notlean/openwrt-uboost/staging_dir/host/bin/m4
ac_cv_env_build_alias_set=set
ac_cv_env_build_alias_value=x86_64-pc-linux-gnu
ac_cv_env_host_alias_set=set
ac_cv_env_host_alias_value=x86_64-pc-linux-gnu
ac_cv_env_target_alias_set=set
ac_cv_env_target_alias_value=x86_64-pc-linux-gnu
ac_cv_f77_compiler_gnu=no
ac_cv_fc_compiler_gnu=no
ac_cv_func_argz_add=yes
ac_cv_func_argz_append=yes
ac_cv_func_argz_count=yes
ac_cv_func_argz_create_sep=yes
ac_cv_func_argz_insert=yes
ac_cv_func_argz_next=yes
ac_cv_func_argz_stringify=yes
ac_cv_func_closedir=yes
ac_cv_func_dlerror=yes
ac_cv_func_dlopen=yes
ac_cv_func_opendir=yes
ac_cv_func_readdir=yes
ac_cv_func_shl_load=no
ac_cv_func_strlcat=yes
ac_cv_func_strlcpy=yes
ac_cv_header_argz_h=yes
ac_cv_header_dirent_h=yes
ac_cv_header_dl_h=no
ac_cv_header_dld_h=no
ac_cv_header_dlfcn_h=yes
ac_cv_header_inttypes_h=yes
ac_cv_header_mach_o_dyld_h=no
ac_cv_header_stdint_h=yes
ac_cv_header_stdio_h=yes
ac_cv_header_stdlib_h=yes
ac_cv_header_string_h=yes
ac_cv_header_strings_h=yes
ac_cv_header_sys_dl_h=no
ac_cv_header_sys_stat_h=yes
ac_cv_header_sys_types_h=yes
ac_cv_header_unistd_h=yes
ac_cv_host=x86_64-pc-linux-gnu
ac_cv_lib_dld_dld_link=no
ac_cv_lib_dld_shl_load=no
ac_cv_objext=o
ac_cv_path_EGREP='/home/notlean/openwrt-uboost/staging_dir/host/bin/grep -E'
ac_cv_path_FGREP='/home/notlean/openwrt-uboost/staging_dir/host/bin/grep -F'
ac_cv_path_GREP=/home/notlean/openwrt-uboost/staging_dir/host/bin/grep
ac_cv_path_M4=/home/notlean/openwrt-uboost/staging_dir/host/bin/m4
ac_cv_path_SED=/home/notlean/openwrt-uboost/staging_dir/host/bin/sed
ac_cv_path_install='/home/notlean/openwrt-uboost/staging_dir/host/bin/install -c'
ac_cv_path_lt_DD=/usr/bin/dd
ac_cv_path_mkdir=/usr/bin/mkdir
ac_cv_prog_AR=ar
ac_cv_prog_AWK=gawk
ac_cv_prog_CC=gcc
ac_cv_prog_CPP='gcc -E'
ac_cv_prog_CXXCPP='g++ -E'
ac_cv_prog_RANLIB=ranlib
ac_cv_prog_ac_ct_AR=ar
ac_cv_prog_ac_ct_FILECMD=file
ac_cv_prog_ac_ct_MANIFEST_TOOL=mt
ac_cv_prog_ac_ct_OBJDUMP=objdump
ac_cv_prog_ac_ct_RANLIB=ranlib
ac_cv_prog_ac_ct_STRIP=strip
ac_cv_prog_cc_c11=
ac_cv_prog_cc_g=yes
ac_cv_prog_cc_stdc=
ac_cv_prog_cxx_11=no
ac_cv_prog_cxx_cxx11=
ac_cv_prog_cxx_g=yes
ac_cv_prog_cxx_stdcxx=
ac_cv_prog_f77_g=no
ac_cv_prog_fc_g=no
ac_cv_prog_gnu_m4_debugfile=--debugfile
ac_cv_prog_gnu_m4_gnu=yes
ac_cv_prog_make_make_set=yes
ac_cv_search_dlopen='none required'
ac_cv_type_error_t=yes
am_cv_CC_dependencies_compiler_type=none
am_cv_CXX_dependencies_compiler_type=none
am_cv_make_support_nested_variables=yes
am_cv_prog_cc_c_o=yes
gl_cv_c_amsterdam_compiler=no
gl_cv_cc_wallow=-Wno-error
gl_cv_compiler_check_decl_option=none
gl_cv_compiler_clang=no
gl_cv_cxx_wallow=-Wno-error
libltdl_cv_lib_dl_dlopen=yes
libltdl_cv_preloaded_symbols=yes
libltdl_cv_shlibext=.so
libltdl_cv_shrext=.so
lt_cv_ar_at_file=@
lt_cv_archive_cmds_need_lc=no
lt_cv_deplibs_check_method=pass_all
lt_cv_dlopen=dlopen
lt_cv_dlopen_libs=
lt_cv_dlopen_self=yes
lt_cv_dlopen_self_static=no
lt_cv_file_magic_cmd='$MAGIC_CMD'
lt_cv_file_magic_test_file=
lt_cv_ld_reload_flag=-r
lt_cv_module_path_var=LD_LIBRARY_PATH
lt_cv_nm_interface='BSD nm'
lt_cv_objdir=.libs
lt_cv_path_LD=/usr/bin/ld
lt_cv_path_LDCXX='/usr/bin/ld -m elf_x86_64'
lt_cv_path_NM='/usr/bin/nm -B'
lt_cv_path_mainfest_tool=no
lt_cv_prog_compiler_c_o=yes
lt_cv_prog_compiler_c_o_CXX=yes
lt_cv_prog_compiler_c_o_RC=yes
lt_cv_prog_compiler_pic='-fPIC -DPIC'
lt_cv_prog_compiler_pic_CXX='-fPIC -DPIC'
lt_cv_prog_compiler_pic_works=yes
lt_cv_prog_compiler_pic_works_CXX=yes
lt_cv_prog_compiler_rtti_exceptions=no
lt_cv_prog_compiler_static_works=yes
lt_cv_prog_compiler_static_works_CXX=yes
lt_cv_prog_gnu_ld=yes
lt_cv_prog_gnu_ldcxx=yes
lt_cv_sharedlib_from_linklib_cmd='printf %s\n'
lt_cv_shlibpath_overrides_runpath=yes
lt_cv_sys_argz_works=yes
lt_cv_sys_dlopen_deplibs=yes
lt_cv_sys_dlsearch_path=
lt_cv_sys_global_symbol_pipe='/home/notlean/openwrt-uboost/staging_dir/host/bin/sed -n -e '\''s/^.*[	 ]\([ABCDGIRSTW][ABCDGIRSTW]*\)[	 ][	 ]*\([_A-Za-z][_A-Za-z0-9]*\)$/\1 \2 \2/p'\'' | /home/notlean/openwrt-uboost/staging_dir/host/bin/sed '\''/ __gnu_lto/d'\'''
lt_cv_sys_global_symbol_to_c_name_address='/home/notlean/openwrt-uboost/staging_dir/host/bin/sed -n -e '\''s/^: \(.*\) .*$/  {"\1", (void *) 0},/p'\'' -e '\''s/^[ABCDGIRSTW][ABCDGIRSTW]* .* \(.*\)$/  {"\1", (void *) \&\1},/p'\'''
lt_cv_sys_global_symbol_to_c_name_address_lib_prefix='/home/notlean/openwrt-uboost/staging_dir/host/bin/sed -n -e '\''s/^: \(.*\) .*$/  {"\1", (void *) 0},/p'\'' -e '\''s/^[ABCDGIRSTW][ABCDGIRSTW]* .* \(lib.*\)$/  {"\1", (void *) \&\1},/p'\'' -e '\''s/^[ABCDGIRSTW][ABCDGIRSTW]* .* \(.*\)$/  {"lib\1", (void *) \&\1},/p'\'''
lt_cv_sys_global_symbol_to_cdecl='/home/notlean/openwrt-uboost/staging_dir/host/bin/sed -n -e '\''s/^T .* \(.*\)$/extern int \1();/p'\'' -e '\''s/^[ABCDGIRSTW][ABCDGIRSTW]* .* \(.*\)$/extern char \1;/p'\'''
lt_cv_sys_global_symbol_to_import=
lt_cv_sys_max_cmd_len=1572864
lt_cv_sys_symbol_underscore=no
lt_cv_to_host_file_cmd=func_convert_file_noop
lt_cv_to_tool_file_cmd=func_convert_file_noop
lt_cv_truncate_bin='/usr/bin/dd bs=4096 count=1'

## ----------------- ##
## Output variables. ##
## ----------------- ##

ACLOCAL='${SHELL} '\''/home/notlean/openwrt-uboost/build_dir/host/libtool-2.4.7/build-aux/missing'\'' aclocal-1.16'
AMDEPBACKSLASH=''
AMDEP_FALSE=''
AMDEP_TRUE='#'
AMTAR='$${TAR-tar}'
AM_BACKSLASH='\'
AM_DEFAULT_V='$(AM_DEFAULT_VERBOSITY)'
AM_DEFAULT_VERBOSITY='0'
AM_V='$(shell if ( test "x$(V)" = "x0" ); then echo 0; elif ( test "x$(V)" = "x" ); then echo $(AM_DEFAULT_VERBOSITY); else echo 1; fi)'
AR='ar'
ARFLAGS='cr'
AS='as'
AUTOCONF='${SHELL} '\''/home/notlean/openwrt-uboost/build_dir/host/libtool-2.4.7/build-aux/missing'\'' autoconf'
AUTOHEADER='${SHELL} '\''/home/notlean/openwrt-uboost/build_dir/host/libtool-2.4.7/build-aux/missing'\'' autoheader'
AUTOM4TE='autom4te'
AUTOMAKE='${SHELL} '\''/home/notlean/openwrt-uboost/build_dir/host/libtool-2.4.7/build-aux/missing'\'' automake-1.16'
AUTOTEST='$(AUTOM4TE) --language=autotest'
AWK='gawk'
CC='gcc'
CCDEPMODE='depmode=none'
CFLAGS='-O2 -I/home/notlean/openwrt-uboost/staging_dir/host/include '
CONFIG_INCLUDE='config.h'
CONFIG_STATUS_DEPENDENCIES='$(top_srcdir)/.version'
CONVENIENCE_LTDL_FALSE=''
CONVENIENCE_LTDL_TRUE='#'
CPP='gcc -E'
CPPFLAGS='-I/home/notlean/openwrt-uboost/staging_dir/host/include '
CSCOPE='cscope'
CTAGS='ctags'
CXX='g++'
CXXCPP='g++ -E'
CXXDEPMODE='depmode=none'
CXXFLAGS=''
CYGPATH_W='echo'
DEFS='-DHAVE_CONFIG_H'
DEPDIR='.deps'
DLLTOOL='false'
DSYMUTIL=''
DUMPBIN=''
ECHO_C=''
ECHO_N='-n'
ECHO_T=''
EGREP='/home/notlean/openwrt-uboost/staging_dir/host/bin/grep -E'
ETAGS='etags'
EXEEXT=''
F77=''
FC=''
FCFLAGS=''
FFLAGS=''
FGREP='/home/notlean/openwrt-uboost/staging_dir/host/bin/grep -F'
FILECMD='file'
GCJ=''
GCJFLAGS='-g -O2'
GL_CFLAG_ALLOW_WARNINGS='-Wno-error'
GL_CFLAG_GNULIB_WARNINGS=' -Wno-cast-qual -Wno-conversion -Wno-float-equal -Wno-sign-compare -Wno-undef -Wno-unused-function -Wno-unused-parameter -Wno-float-conversion -Wimplicit-fallthrough -Wno-pedantic -Wno-sign-conversion -Wno-type-limits -Wno-unsuffixed-float-constants'
GL_COND_LIBTOOL_FALSE='#'
GL_COND_LIBTOOL_TRUE=''
GL_CXXFLAG_ALLOW_WARNINGS='-Wno-error'
GL_LIBOBJDEPS=''
GL_LIBOBJS=''
GL_LTLIBOBJS=''
GLtests_LIBOBJDEPS=''
GLtests_LIBOBJS=''
GLtests_LTLIBOBJS=''
GLtests_WITNESS='IN_LIBTOOL_GNULIB_TESTS'
GOC=''
GREP='/home/notlean/openwrt-uboost/staging_dir/host/bin/grep'
HELP2MAN='${SHELL} '\''/home/notlean/openwrt-uboost/build_dir/host/libtool-2.4.7/build-aux/missing'\'' help2man'
INSTALL_DATA='${INSTALL} -m 644'
INSTALL_LTDL_FALSE='#'
INSTALL_LTDL_TRUE=''
INSTALL_PROGRAM='${INSTALL}'
INSTALL_SCRIPT='${INSTALL}'
INSTALL_STRIP_PROGRAM='$(install_sh) -c -s'
LD='/usr/bin/ld -m elf_x86_64'
LDFLAGS='-L/home/notlean/openwrt-uboost/staging_dir/host/lib '
LIBADD_DL=' '
LIBADD_DLD_LINK=''
LIBADD_DLOPEN=''
LIBADD_SHL_LOAD=''
LIBOBJS=''
LIBS=''
LIBTOOL='$(SHELL) $(top_builddir)/libtool'
LIPO=''
LN_S='ln -s'
LTDLOPEN='libltdl'
LTLIBOBJS=''
LT_ARGZ_H=''
LT_CONFIG_H='config.h'
LT_DLLOADERS=' libltdl/dlopen.la'
LT_DLPREOPEN='-dlpreopen libltdl/dlopen.la '
LT_SYS_LIBRARY_PATH=''
M4='/home/notlean/openwrt-uboost/staging_dir/host/bin/m4'
M4_DEBUGFILE='--debugfile'
M4_GNU='--gnu'
MAKEINFO='${SHELL} '\''/home/notlean/openwrt-uboost/build_dir/host/libtool-2.4.7/build-aux/missing'\'' makeinfo'
MANIFEST_TOOL=':'
MKDIR_P='/usr/bin/mkdir -p'
NM='/usr/bin/nm -B'
NMEDIT=''
OBJDUMP='objdump'
OBJEXT='o'
OTOOL64=''
OTOOL=''
PACKAGE='libtool'
PACKAGE_BUGREPORT='bug-libtool@gnu.org'
PACKAGE_NAME='GNU Libtool'
PACKAGE_STRING='GNU Libtool 2.4.7'
PACKAGE_TARNAME='libtool'
PACKAGE_URL='https://www.gnu.org/software/libtool/'
PACKAGE_VERSION='2.4.7'
PATH_SEPARATOR=':'
RANLIB='ranlib'
RC=''
SED='/home/notlean/openwrt-uboost/staging_dir/host/bin/sed'
SET_MAKE=''
SHELL='/usr/bin/env bash'
STRIP='strip'
VERSION='2.4.7'
abs_aux_dir='/home/notlean/openwrt-uboost/build_dir/host/libtool-2.4.7/build-aux'
ac_ct_AR='ar'
ac_ct_CC=''
ac_ct_CXX=''
ac_ct_DUMPBIN=''
ac_ct_F77=''
ac_ct_FC=''
aclocaldir='$(datadir)/aclocal'
am__EXEEXT_FALSE=''
am__EXEEXT_TRUE='#'
am__fastdepCC_FALSE=''
am__fastdepCC_TRUE='#'
am__fastdepCXX_FALSE=''
am__fastdepCXX_TRUE='#'
am__include='include'
am__isrc=''
am__leading_dot='.'
am__nodep=''
am__quote=''
am__tar='$${TAR-tar} chof - "$$tardir"'
am__untar='$${TAR-tar} xf -'
aux_dir='build-aux'
bindir='${exec_prefix}/bin'
build='x86_64-pc-linux-gnu'
build_alias='x86_64-pc-linux-gnu'
build_cpu='x86_64'
build_os='linux-gnu'
build_vendor='pc'
datadir='${datarootdir}'
datarootdir='${prefix}/share'
docdir='${datarootdir}/doc/${PACKAGE_TARNAME}'
dvidir='${docdir}'
exec_prefix='/home/notlean/openwrt-uboost/staging_dir/host'
host='x86_64-pc-linux-gnu'
host_alias='x86_64-pc-linux-gnu'
host_cpu='x86_64'
host_os='linux-gnu'
host_vendor='pc'
htmldir='${docdir}'
includedir='${prefix}/include'
infodir='${datarootdir}/info'
install_sh='${SHELL} /home/notlean/openwrt-uboost/build_dir/host/libtool-2.4.7/build-aux/install-sh'
libdir='${exec_prefix}/lib'
libexecdir='${exec_prefix}/libexec'
localedir='${datarootdir}/locale'
localstatedir='/home/notlean/openwrt-uboost/staging_dir/host/var'
ltdl_dir='libltdl'
macro_dir='m4'
mandir='${datarootdir}/man'
mkdir_p='$(MKDIR_P)'
oldincludedir='/usr/include'
package_revision='2.4.7'
pdfdir='${docdir}'
pkgaux_scripts='compile config.guess config.sub depcomp install-sh missing'
pkgdatadir='$(datadir)/libtool'
prefix='/home/notlean/openwrt-uboost/staging_dir/host'
program_transform_name='s&$$&&;s&^&&'
psdir='${docdir}'
runstatedir='${localstatedir}/run'
sbindir='/home/notlean/openwrt-uboost/staging_dir/host/bin'
sharedstatedir='${prefix}/com'
sys_symbol_underscore='no'
sysconfdir='/home/notlean/openwrt-uboost/staging_dir/host/etc'
target_alias='x86_64-pc-linux-gnu'
to_host_file_cmd='func_convert_file_noop'
to_tool_file_cmd='func_convert_file_noop'
with_aix_soname='aix'

## ----------- ##
## confdefs.h. ##
## ----------- ##

/* confdefs.h */
#define PACKAGE_NAME "GNU Libtool"
#define PACKAGE_TARNAME "libtool"
#define PACKAGE_VERSION "2.4.7"
#define PACKAGE_STRING "GNU Libtool 2.4.7"
#define PACKAGE_BUGREPORT "bug-libtool@gnu.org"
#define PACKAGE_URL "https://www.gnu.org/software/libtool/"
#define PACKAGE "libtool"
#define VERSION "2.4.7"
#define HAVE_STDIO_H 1
#define HAVE_STDLIB_H 1
#define HAVE_STRING_H 1
#define HAVE_INTTYPES_H 1
#define HAVE_STDINT_H 1
#define HAVE_STRINGS_H 1
#define HAVE_SYS_STAT_H 1
#define HAVE_SYS_TYPES_H 1
#define HAVE_UNISTD_H 1
#define STDC_HEADERS 1
#define HAVE_DLFCN_H 1
#define LT_OBJDIR ".libs/"
#define LT_MODULE_EXT ".so"
#define LT_MODULE_PATH_VAR "LD_LIBRARY_PATH"
#define HAVE_LIBDL 1
#define HAVE_DLERROR 1
#define HAVE_LIBDLLOADER 1
#define HAVE_ARGZ_H 1
#define HAVE_ERROR_T 1
#define HAVE_ARGZ_ADD 1
#define HAVE_ARGZ_APPEND 1
#define HAVE_ARGZ_COUNT 1
#define HAVE_ARGZ_CREATE_SEP 1
#define HAVE_ARGZ_INSERT 1
#define HAVE_ARGZ_NEXT 1
#define HAVE_ARGZ_STRINGIFY 1
#define HAVE_WORKING_ARGZ 1
#define HAVE_PRELOADED_SYMBOLS 1
#define HAVE_UNISTD_H 1
#define HAVE_DIRENT_H 1
#define HAVE_CLOSEDIR 1
#define HAVE_OPENDIR 1
#define HAVE_READDIR 1
#define HAVE_STRLCAT 1
#define HAVE_STRLCPY 1
#define LT_LIBEXT "a"
#define LT_LIBPREFIX "lib"

configure: exit 0
