This file contains any messages produced by compilers while
running configure, to aid debugging if configure makes a mistake.

It was created by mtd-utils configure 2.1.5, which was
generated by GNU Autoconf 2.71.  Invocation command line was

  $ ./configure --target=x86_64-pc-linux-gnu --host=x86_64-pc-linux-gnu --build=x86_64-pc-linux-gnu --disable-dependency-tracking --program-prefix= --program-suffix= --prefix=/home/notlean/openwrt-uboost/staging_dir/host --exec-prefix=/home/notlean/openwrt-uboost/staging_dir/host --sysconfdir=/home/notlean/openwrt-uboost/staging_dir/host/etc --localstatedir=/home/notlean/openwrt-uboost/staging_dir/host/var --sbindir=/home/notlean/openwrt-uboost/staging_dir/host/bin --disable-tests --without-crypto --without-xattr --without-zstd --without-lzo

## --------- ##
## Platform. ##
## --------- ##

hostname = Notlean
uname -m = x86_64
uname -r = 6.14.0-33-generic
uname -s = Linux
uname -v = #33~24.04.1-Ubuntu SMP PREEMPT_DYNAMIC Fri Sep 19 17:02:30 UTC 2

/usr/bin/uname -p = x86_64
/bin/uname -X     = unknown

/bin/arch              = x86_64
/usr/bin/arch -k       = unknown
/usr/convex/getsysinfo = unknown
/usr/bin/hostinfo      = unknown
/bin/machine           = unknown
/usr/bin/oslevel       = unknown
/bin/universe          = unknown

PATH: /home/notlean/openwrt-uboost/staging_dir/toolchain-mipsel_24kc_gcc-12.3.0_musl/bin/
PATH: /home/notlean/openwrt-uboost/staging_dir/toolchain-mipsel_24kc_gcc-12.3.0_musl/bin/
PATH: /home/notlean/openwrt-uboost/staging_dir/host/bin/
PATH: /home/notlean/openwrt-uboost/staging_dir/toolchain-mipsel_24kc_gcc-12.3.0_musl/bin/
PATH: /home/notlean/openwrt-uboost/staging_dir/host/bin/
PATH: /home/notlean/openwrt-uboost/staging_dir/host/bin/
PATH: /usr/local/sbin/
PATH: /usr/local/bin/
PATH: /usr/sbin/
PATH: /usr/bin/
PATH: /sbin/
PATH: /bin/
PATH: /usr/games/
PATH: /usr/local/games/
PATH: /snap/bin/
PATH: /snap/bin/


## ----------- ##
## Core tests. ##
## ----------- ##

configure:2763: looking for aux files: compile config.guess config.sub ltmain.sh missing install-sh
configure:2776:  trying ./
configure:2805:   ./compile found
configure:2805:   ./config.guess found
configure:2805:   ./config.sub found
configure:2805:   ./ltmain.sh found
configure:2805:   ./missing found
configure:2787:   ./install-sh found
configure:2975: checking for a BSD-compatible install
configure:3048: result: /home/notlean/openwrt-uboost/staging_dir/host/bin/install -c
configure:3059: checking whether build environment is sane
configure:3114: result: yes
configure:3273: checking for a race-free mkdir -p
configure:3317: result: /usr/bin/mkdir -p
configure:3324: checking for gawk
configure:3345: found /usr/bin/gawk
configure:3356: result: gawk
configure:3367: checking whether make sets $(MAKE)
configure:3390: result: yes
configure:3420: checking whether make supports nested variables
configure:3438: result: yes
configure:3586: checking whether make supports nested variables
configure:3604: result: yes
configure:3647: checking build system type
configure:3662: result: x86_64-pc-linux-gnu
configure:3682: checking host system type
configure:3696: result: x86_64-pc-linux-gnu
configure:3737: checking how to print strings
configure:3764: result: printf
configure:3798: checking whether make supports the include directive
configure:3813: make -f confmf.GNU && cat confinc.out
make[4]: Entering directory '/home/notlean/openwrt-uboost/build_dir/host/mtd-utils-2.1.5'
make[4]: Leaving directory '/home/notlean/openwrt-uboost/build_dir/host/mtd-utils-2.1.5'
this is the am__doit target
configure:3816: $? = 0
configure:3835: result: yes (GNU style)
configure:3866: checking for x86_64-pc-linux-gnu-gcc
configure:3898: result: gcc
configure:4296: checking for C compiler version
configure:4305: gcc --version >&5
gcc (Ubuntu 13.3.0-6ubuntu2~24.04) 13.3.0
Copyright (C) 2023 Free Software Foundation, Inc.
This is free software; see the source for copying conditions.  There is NO
warranty; not even for MERCHANTABILITY or FITNESS FOR A PARTICULAR PURPOSE.

configure:4316: $? = 0
configure:4305: gcc -v >&5
Using built-in specs.
COLLECT_GCC=gcc
COLLECT_LTO_WRAPPER=/usr/libexec/gcc/x86_64-linux-gnu/13/lto-wrapper
OFFLOAD_TARGET_NAMES=nvptx-none:amdgcn-amdhsa
OFFLOAD_TARGET_DEFAULT=1
Target: x86_64-linux-gnu
Configured with: ../src/configure -v --with-pkgversion='Ubuntu 13.3.0-6ubuntu2~24.04' --with-bugurl=file:///usr/share/doc/gcc-13/README.Bugs --enable-languages=c,ada,c++,go,d,fortran,objc,obj-c++,m2 --prefix=/usr --with-gcc-major-version-only --program-suffix=-13 --program-prefix=x86_64-linux-gnu- --enable-shared --enable-linker-build-id --libexecdir=/usr/libexec --without-included-gettext --enable-threads=posix --libdir=/usr/lib --enable-nls --enable-bootstrap --enable-clocale=gnu --enable-libstdcxx-debug --enable-libstdcxx-time=yes --with-default-libstdcxx-abi=new --enable-libstdcxx-backtrace --enable-gnu-unique-object --disable-vtable-verify --enable-plugin --enable-default-pie --with-system-zlib --enable-libphobos-checking=release --with-target-system-zlib=auto --enable-objc-gc=auto --enable-multiarch --disable-werror --enable-cet --with-arch-32=i686 --with-abi=m64 --with-multilib-list=m32,m64,mx32 --enable-multilib --with-tune=generic --enable-offload-targets=nvptx-none=/build/gcc-13-fG75Ri/gcc-13-13.3.0/debian/tmp-nvptx/usr,amdgcn-amdhsa=/build/gcc-13-fG75Ri/gcc-13-13.3.0/debian/tmp-gcn/usr --enable-offload-defaulted --without-cuda-driver --enable-checking=release --build=x86_64-linux-gnu --host=x86_64-linux-gnu --target=x86_64-linux-gnu --with-build-config=bootstrap-lto-lean --enable-link-serialization=2
Thread model: posix
Supported LTO compression algorithms: zlib zstd
gcc version 13.3.0 (Ubuntu 13.3.0-6ubuntu2~24.04) 
... rest of stderr output deleted ...
configure:4316: $? = 0
configure:4305: gcc -V >&5
gcc: error: unrecognized command-line option '-V'
gcc: fatal error: no input files
compilation terminated.
configure:4316: $? = 1
configure:4305: gcc -qversion >&5
gcc: error: unrecognized command-line option '-qversion'; did you mean '--version'?
gcc: fatal error: no input files
compilation terminated.
configure:4316: $? = 1
configure:4305: gcc -version >&5
gcc: error: unrecognized command-line option '-version'
gcc: fatal error: no input files
compilation terminated.
configure:4316: $? = 1
configure:4336: checking whether the C compiler works
configure:4358: gcc -O2 -I/home/notlean/openwrt-uboost/staging_dir/host/include  -I/home/notlean/openwrt-uboost/staging_dir/host/include  -L/home/notlean/openwrt-uboost/staging_dir/host/lib  conftest.c  >&5
configure:4362: $? = 0
configure:4412: result: yes
configure:4415: checking for C compiler default output file name
configure:4417: result: a.out
configure:4423: checking for suffix of executables
configure:4430: gcc -o conftest -O2 -I/home/notlean/openwrt-uboost/staging_dir/host/include  -I/home/notlean/openwrt-uboost/staging_dir/host/include  -L/home/notlean/openwrt-uboost/staging_dir/host/lib  conftest.c  >&5
configure:4434: $? = 0
configure:4457: result: 
configure:4479: checking whether we are cross compiling
configure:4487: gcc -o conftest -O2 -I/home/notlean/openwrt-uboost/staging_dir/host/include  -I/home/notlean/openwrt-uboost/staging_dir/host/include  -L/home/notlean/openwrt-uboost/staging_dir/host/lib  conftest.c  >&5
configure:4491: $? = 0
configure:4498: ./conftest
configure:4502: $? = 0
configure:4517: result: no
configure:4522: checking for suffix of object files
configure:4545: gcc -c -O2 -I/home/notlean/openwrt-uboost/staging_dir/host/include  -I/home/notlean/openwrt-uboost/staging_dir/host/include  conftest.c >&5
configure:4549: $? = 0
configure:4571: result: o
configure:4575: checking whether the compiler supports GNU C
configure:4595: gcc -c -O2 -I/home/notlean/openwrt-uboost/staging_dir/host/include  -I/home/notlean/openwrt-uboost/staging_dir/host/include  conftest.c >&5
configure:4595: $? = 0
configure:4605: result: yes
configure:4616: checking whether gcc accepts -g
configure:4637: gcc -c -g -I/home/notlean/openwrt-uboost/staging_dir/host/include  conftest.c >&5
configure:4637: $? = 0
configure:4681: result: yes
configure:4701: checking for gcc option to enable C11 features
configure:4716: gcc  -c -O2 -I/home/notlean/openwrt-uboost/staging_dir/host/include  -I/home/notlean/openwrt-uboost/staging_dir/host/include  conftest.c >&5
configure:4716: $? = 0
configure:4734: result: none needed
configure:4850: checking whether gcc understands -c and -o together
configure:4873: gcc -c conftest.c -o conftest2.o
configure:4876: $? = 0
configure:4873: gcc -c conftest.c -o conftest2.o
configure:4876: $? = 0
configure:4888: result: yes
configure:4907: checking dependency style of gcc
configure:5019: result: none
configure:5034: checking for a sed that does not truncate output
configure:5104: result: /home/notlean/openwrt-uboost/staging_dir/host/bin/sed
configure:5121: checking for grep that handles long lines and -e
configure:5185: result: /home/notlean/openwrt-uboost/staging_dir/host/bin/grep
configure:5190: checking for egrep
configure:5258: result: /home/notlean/openwrt-uboost/staging_dir/host/bin/grep -E
configure:5263: checking for fgrep
configure:5331: result: /home/notlean/openwrt-uboost/staging_dir/host/bin/grep -F
configure:5367: checking for ld used by gcc
configure:5435: result: /usr/bin/ld
configure:5442: checking if the linker (/usr/bin/ld) is GNU ld
configure:5458: result: yes
configure:5470: checking for BSD- or MS-compatible name lister (nm)
configure:5525: result: /usr/bin/nm -B
configure:5665: checking the name lister (/usr/bin/nm -B) interface
configure:5673: gcc -c -O2 -I/home/notlean/openwrt-uboost/staging_dir/host/include  -I/home/notlean/openwrt-uboost/staging_dir/host/include  conftest.c >&5
configure:5676: /usr/bin/nm -B "conftest.o"
configure:5679: output
0000000000000000 B some_variable
configure:5686: result: BSD nm
configure:5689: checking whether ln -s works
configure:5693: result: yes
configure:5701: checking the maximum length of command line arguments
configure:5833: result: 1572864
configure:5881: checking how to convert x86_64-pc-linux-gnu file names to x86_64-pc-linux-gnu format
configure:5922: result: func_convert_file_noop
configure:5929: checking how to convert x86_64-pc-linux-gnu file names to toolchain format
configure:5950: result: func_convert_file_noop
configure:5957: checking for /usr/bin/ld option to reload object files
configure:5965: result: -r
configure:5999: checking for x86_64-pc-linux-gnu-file
configure:6034: result: no
configure:6044: checking for file
configure:6065: found /home/notlean/openwrt-uboost/staging_dir/host/bin/file
configure:6076: result: file
configure:6107: checking for x86_64-pc-linux-gnu-objdump
configure:6142: result: no
configure:6152: checking for objdump
configure:6173: found /usr/bin/objdump
configure:6184: result: objdump
configure:6216: checking how to recognize dependent libraries
configure:6417: result: pass_all
configure:6462: checking for x86_64-pc-linux-gnu-dlltool
configure:6497: result: no
configure:6507: checking for dlltool
configure:6542: result: no
configure:6572: checking how to associate runtime and link libraries
configure:6600: result: printf %s\n
configure:6617: checking for x86_64-pc-linux-gnu-ar
configure:6652: result: no
configure:6666: checking for ar
configure:6687: found /usr/bin/ar
configure:6698: result: ar
configure:6751: checking for archiver @FILE support
configure:6769: gcc -c -O2 -I/home/notlean/openwrt-uboost/staging_dir/host/include  -I/home/notlean/openwrt-uboost/staging_dir/host/include  conftest.c >&5
configure:6769: $? = 0
configure:6773: ar cr libconftest.a @conftest.lst >&5
configure:6776: $? = 0
configure:6781: ar cr libconftest.a @conftest.lst >&5
ar: conftest.o: No such file or directory
configure:6784: $? = 1
configure:6796: result: @
configure:6814: checking for x86_64-pc-linux-gnu-strip
configure:6849: result: no
configure:6859: checking for strip
configure:6880: found /usr/bin/strip
configure:6891: result: strip
configure:6923: checking for x86_64-pc-linux-gnu-ranlib
configure:6958: result: no
configure:6968: checking for ranlib
configure:6989: found /usr/bin/ranlib
configure:7000: result: ranlib
configure:7102: checking command to parse /usr/bin/nm -B output from gcc object
configure:7256: gcc -c -O2 -I/home/notlean/openwrt-uboost/staging_dir/host/include  -I/home/notlean/openwrt-uboost/staging_dir/host/include  conftest.c >&5
configure:7259: $? = 0
configure:7263: /usr/bin/nm -B conftest.o \| /home/notlean/openwrt-uboost/staging_dir/host/bin/sed -n -e 's/^.*[ ]\([ABCDGIRSTW][ABCDGIRSTW]*\)[ ][ ]*\([_A-Za-z][_A-Za-z0-9]*\)$/\1 \2 \2/p' | /home/notlean/openwrt-uboost/staging_dir/host/bin/sed '/ __gnu_lto/d' \> conftest.nm
configure:7266: $? = 0
configure:7332: gcc -o conftest -O2 -I/home/notlean/openwrt-uboost/staging_dir/host/include  -I/home/notlean/openwrt-uboost/staging_dir/host/include  -L/home/notlean/openwrt-uboost/staging_dir/host/lib  conftest.c conftstm.o >&5
configure:7335: $? = 0
configure:7373: result: ok
configure:7420: checking for sysroot
configure:7451: result: no
configure:7458: checking for a working dd
configure:7502: result: /usr/bin/dd
configure:7506: checking how to truncate binary pipes
configure:7522: result: /usr/bin/dd bs=4096 count=1
configure:7659: gcc -c -O2 -I/home/notlean/openwrt-uboost/staging_dir/host/include  -I/home/notlean/openwrt-uboost/staging_dir/host/include  conftest.c >&5
configure:7662: $? = 0
configure:7814: checking for x86_64-pc-linux-gnu-mt
configure:7849: result: no
configure:7859: checking for mt
configure:7880: found /usr/bin/mt
configure:7891: result: mt
configure:7914: checking if mt is a manifest tool
configure:7921: mt '-?'
configure:7929: result: no
configure:8654: checking for stdio.h
configure:8654: gcc -c -O2 -I/home/notlean/openwrt-uboost/staging_dir/host/include  -I/home/notlean/openwrt-uboost/staging_dir/host/include  conftest.c >&5
configure:8654: $? = 0
configure:8654: result: yes
configure:8654: checking for stdlib.h
configure:8654: gcc -c -O2 -I/home/notlean/openwrt-uboost/staging_dir/host/include  -I/home/notlean/openwrt-uboost/staging_dir/host/include  conftest.c >&5
configure:8654: $? = 0
configure:8654: result: yes
configure:8654: checking for string.h
configure:8654: gcc -c -O2 -I/home/notlean/openwrt-uboost/staging_dir/host/include  -I/home/notlean/openwrt-uboost/staging_dir/host/include  conftest.c >&5
configure:8654: $? = 0
configure:8654: result: yes
configure:8654: checking for inttypes.h
configure:8654: gcc -c -O2 -I/home/notlean/openwrt-uboost/staging_dir/host/include  -I/home/notlean/openwrt-uboost/staging_dir/host/include  conftest.c >&5
configure:8654: $? = 0
configure:8654: result: yes
configure:8654: checking for stdint.h
configure:8654: gcc -c -O2 -I/home/notlean/openwrt-uboost/staging_dir/host/include  -I/home/notlean/openwrt-uboost/staging_dir/host/include  conftest.c >&5
configure:8654: $? = 0
configure:8654: result: yes
configure:8654: checking for strings.h
configure:8654: gcc -c -O2 -I/home/notlean/openwrt-uboost/staging_dir/host/include  -I/home/notlean/openwrt-uboost/staging_dir/host/include  conftest.c >&5
configure:8654: $? = 0
configure:8654: result: yes
configure:8654: checking for sys/stat.h
configure:8654: gcc -c -O2 -I/home/notlean/openwrt-uboost/staging_dir/host/include  -I/home/notlean/openwrt-uboost/staging_dir/host/include  conftest.c >&5
configure:8654: $? = 0
configure:8654: result: yes
configure:8654: checking for sys/types.h
configure:8654: gcc -c -O2 -I/home/notlean/openwrt-uboost/staging_dir/host/include  -I/home/notlean/openwrt-uboost/staging_dir/host/include  conftest.c >&5
configure:8654: $? = 0
configure:8654: result: yes
configure:8654: checking for unistd.h
configure:8654: gcc -c -O2 -I/home/notlean/openwrt-uboost/staging_dir/host/include  -I/home/notlean/openwrt-uboost/staging_dir/host/include  conftest.c >&5
configure:8654: $? = 0
configure:8654: result: yes
configure:8679: checking for dlfcn.h
configure:8679: gcc -c -O2 -I/home/notlean/openwrt-uboost/staging_dir/host/include  -I/home/notlean/openwrt-uboost/staging_dir/host/include  conftest.c >&5
configure:8679: $? = 0
configure:8679: result: yes
configure:8938: checking for objdir
configure:8954: result: .libs
configure:9214: checking if gcc supports -fno-rtti -fno-exceptions
configure:9233: gcc -c -O2 -I/home/notlean/openwrt-uboost/staging_dir/host/include  -I/home/notlean/openwrt-uboost/staging_dir/host/include  -fno-rtti -fno-exceptions conftest.c >&5
cc1: warning: command-line option '-fno-rtti' is valid for C++/D/ObjC++ but not for C
configure:9237: $? = 0
configure:9250: result: no
configure:9608: checking for gcc option to produce PIC
configure:9616: result: -fPIC -DPIC
configure:9624: checking if gcc PIC flag -fPIC -DPIC works
configure:9643: gcc -c -O2 -I/home/notlean/openwrt-uboost/staging_dir/host/include  -I/home/notlean/openwrt-uboost/staging_dir/host/include  -fPIC -DPIC -DPIC conftest.c >&5
configure:9647: $? = 0
configure:9660: result: yes
configure:9689: checking if gcc static flag -static works
configure:9718: result: yes
configure:9733: checking if gcc supports -c -o file.o
configure:9755: gcc -c -O2 -I/home/notlean/openwrt-uboost/staging_dir/host/include  -I/home/notlean/openwrt-uboost/staging_dir/host/include  -o out/conftest2.o conftest.c >&5
configure:9759: $? = 0
configure:9781: result: yes
configure:9789: checking if gcc supports -c -o file.o
configure:9837: result: yes
configure:9870: checking whether the gcc linker (/usr/bin/ld -m elf_x86_64) supports shared libraries
configure:11138: result: yes
configure:11175: checking whether -lc should be explicitly linked in
configure:11184: gcc -c -O2 -I/home/notlean/openwrt-uboost/staging_dir/host/include  -I/home/notlean/openwrt-uboost/staging_dir/host/include  conftest.c >&5
configure:11187: $? = 0
configure:11202: gcc -shared  -fPIC -DPIC conftest.o  -v -Wl,-soname -Wl,conftest -o conftest 2\>\&1 \| /home/notlean/openwrt-uboost/staging_dir/host/bin/grep  -lc  \>/dev/null 2\>\&1
configure:11205: $? = 0
configure:11219: result: no
configure:11379: checking dynamic linker characteristics
configure:11961: gcc -o conftest -O2 -I/home/notlean/openwrt-uboost/staging_dir/host/include  -I/home/notlean/openwrt-uboost/staging_dir/host/include  -L/home/notlean/openwrt-uboost/staging_dir/host/lib  -Wl,-rpath -Wl,/foo conftest.c  >&5
configure:11961: $? = 0
configure:12200: result: GNU/Linux ld.so
configure:12322: checking how to hardcode library paths into programs
configure:12347: result: immediate
configure:12899: checking whether stripping libraries is possible
configure:12908: result: yes
configure:12950: checking if libtool supports shared libraries
configure:12952: result: yes
configure:12955: checking whether to build shared libraries
configure:12980: result: yes
configure:12983: checking whether to build static libraries
configure:12987: result: yes
configure:13061: checking for x86_64-pc-linux-gnu-gcc
configure:13093: result: gcc
configure:13491: checking for C compiler version
configure:13500: gcc --version >&5
gcc (Ubuntu 13.3.0-6ubuntu2~24.04) 13.3.0
Copyright (C) 2023 Free Software Foundation, Inc.
This is free software; see the source for copying conditions.  There is NO
warranty; not even for MERCHANTABILITY or FITNESS FOR A PARTICULAR PURPOSE.

configure:13511: $? = 0
configure:13500: gcc -v >&5
Using built-in specs.
COLLECT_GCC=gcc
COLLECT_LTO_WRAPPER=/usr/libexec/gcc/x86_64-linux-gnu/13/lto-wrapper
OFFLOAD_TARGET_NAMES=nvptx-none:amdgcn-amdhsa
OFFLOAD_TARGET_DEFAULT=1
Target: x86_64-linux-gnu
Configured with: ../src/configure -v --with-pkgversion='Ubuntu 13.3.0-6ubuntu2~24.04' --with-bugurl=file:///usr/share/doc/gcc-13/README.Bugs --enable-languages=c,ada,c++,go,d,fortran,objc,obj-c++,m2 --prefix=/usr --with-gcc-major-version-only --program-suffix=-13 --program-prefix=x86_64-linux-gnu- --enable-shared --enable-linker-build-id --libexecdir=/usr/libexec --without-included-gettext --enable-threads=posix --libdir=/usr/lib --enable-nls --enable-bootstrap --enable-clocale=gnu --enable-libstdcxx-debug --enable-libstdcxx-time=yes --with-default-libstdcxx-abi=new --enable-libstdcxx-backtrace --enable-gnu-unique-object --disable-vtable-verify --enable-plugin --enable-default-pie --with-system-zlib --enable-libphobos-checking=release --with-target-system-zlib=auto --enable-objc-gc=auto --enable-multiarch --disable-werror --enable-cet --with-arch-32=i686 --with-abi=m64 --with-multilib-list=m32,m64,mx32 --enable-multilib --with-tune=generic --enable-offload-targets=nvptx-none=/build/gcc-13-fG75Ri/gcc-13-13.3.0/debian/tmp-nvptx/usr,amdgcn-amdhsa=/build/gcc-13-fG75Ri/gcc-13-13.3.0/debian/tmp-gcn/usr --enable-offload-defaulted --without-cuda-driver --enable-checking=release --build=x86_64-linux-gnu --host=x86_64-linux-gnu --target=x86_64-linux-gnu --with-build-config=bootstrap-lto-lean --enable-link-serialization=2
Thread model: posix
Supported LTO compression algorithms: zlib zstd
gcc version 13.3.0 (Ubuntu 13.3.0-6ubuntu2~24.04) 
... rest of stderr output deleted ...
configure:13511: $? = 0
configure:13500: gcc -V >&5
gcc: error: unrecognized command-line option '-V'
gcc: fatal error: no input files
compilation terminated.
configure:13511: $? = 1
configure:13500: gcc -qversion >&5
gcc: error: unrecognized command-line option '-qversion'; did you mean '--version'?
gcc: fatal error: no input files
compilation terminated.
configure:13511: $? = 1
configure:13500: gcc -version >&5
gcc: error: unrecognized command-line option '-version'
gcc: fatal error: no input files
compilation terminated.
configure:13511: $? = 1
configure:13515: checking whether the compiler supports GNU C
configure:13545: result: yes
configure:13556: checking whether gcc accepts -g
configure:13621: result: yes
configure:13641: checking for gcc option to enable C11 features
configure:13674: result: none needed
configure:13790: checking whether gcc understands -c and -o together
configure:13828: result: yes
configure:13847: checking dependency style of gcc
configure:13959: result: none
configure:13977: checking for gcc option to enable large file support
configure:14009: gcc -c -O2 -I/home/notlean/openwrt-uboost/staging_dir/host/include  -I/home/notlean/openwrt-uboost/staging_dir/host/include  conftest.c >&5
configure:14009: $? = 0
configure:14020: result: none needed
configure:14276: checking pkg-config is at least version 0.9.0
configure:14279: result: yes
configure:14294: checking how to run the C preprocessor
configure:14320: gcc -E -I/home/notlean/openwrt-uboost/staging_dir/host/include  conftest.c
configure:14320: $? = 0
configure:14335: gcc -E -I/home/notlean/openwrt-uboost/staging_dir/host/include  conftest.c
conftest.c:23:10: fatal error: ac_nonexistent.h: No such file or directory
   23 | #include <ac_nonexistent.h>
      |          ^~~~~~~~~~~~~~~~~~
compilation terminated.
configure:14335: $? = 1
configure: failed program was:
| /* confdefs.h */
| #define PACKAGE_NAME "mtd-utils"
| #define PACKAGE_TARNAME "mtd-utils"
| #define PACKAGE_VERSION "2.1.5"
| #define PACKAGE_STRING "mtd-utils 2.1.5"
| #define PACKAGE_BUGREPORT "linux-mtd@lists.infradead.org"
| #define PACKAGE_URL ""
| #define PACKAGE "mtd-utils"
| #define VERSION "2.1.5"
| #define HAVE_STDIO_H 1
| #define HAVE_STDLIB_H 1
| #define HAVE_STRING_H 1
| #define HAVE_INTTYPES_H 1
| #define HAVE_STDINT_H 1
| #define HAVE_STRINGS_H 1
| #define HAVE_SYS_STAT_H 1
| #define HAVE_SYS_TYPES_H 1
| #define HAVE_UNISTD_H 1
| #define STDC_HEADERS 1
| #define HAVE_DLFCN_H 1
| #define LT_OBJDIR ".libs/"
| /* end confdefs.h.  */
| #include <ac_nonexistent.h>
configure:14362: result: gcc -E
configure:14376: gcc -E -I/home/notlean/openwrt-uboost/staging_dir/host/include  conftest.c
configure:14376: $? = 0
configure:14391: gcc -E -I/home/notlean/openwrt-uboost/staging_dir/host/include  conftest.c
conftest.c:23:10: fatal error: ac_nonexistent.h: No such file or directory
   23 | #include <ac_nonexistent.h>
      |          ^~~~~~~~~~~~~~~~~~
compilation terminated.
configure:14391: $? = 1
configure: failed program was:
| /* confdefs.h */
| #define PACKAGE_NAME "mtd-utils"
| #define PACKAGE_TARNAME "mtd-utils"
| #define PACKAGE_VERSION "2.1.5"
| #define PACKAGE_STRING "mtd-utils 2.1.5"
| #define PACKAGE_BUGREPORT "linux-mtd@lists.infradead.org"
| #define PACKAGE_URL ""
| #define PACKAGE "mtd-utils"
| #define VERSION "2.1.5"
| #define HAVE_STDIO_H 1
| #define HAVE_STDLIB_H 1
| #define HAVE_STRING_H 1
| #define HAVE_INTTYPES_H 1
| #define HAVE_STDINT_H 1
| #define HAVE_STRINGS_H 1
| #define HAVE_SYS_STAT_H 1
| #define HAVE_SYS_TYPES_H 1
| #define HAVE_UNISTD_H 1
| #define STDC_HEADERS 1
| #define HAVE_DLFCN_H 1
| #define LT_OBJDIR ".libs/"
| /* end confdefs.h.  */
| #include <ac_nonexistent.h>
configure:14424: checking whether compiler handles -Wall
configure:14449: gcc -E -Werror -I/home/notlean/openwrt-uboost/staging_dir/host/include  -Wall conftest.c
configure:14449: $? = 0
configure:14462: result: yes
configure:14471: checking whether compiler handles -Wextra
configure:14496: gcc -E -Werror -I/home/notlean/openwrt-uboost/staging_dir/host/include  -Wextra conftest.c
configure:14496: $? = 0
configure:14509: result: yes
configure:14518: checking whether compiler handles -Wunused
configure:14543: gcc -E -Werror -I/home/notlean/openwrt-uboost/staging_dir/host/include  -Wunused conftest.c
configure:14543: $? = 0
configure:14556: result: yes
configure:14565: checking whether compiler handles -Wmissing-prototypes
configure:14590: gcc -E -Werror -I/home/notlean/openwrt-uboost/staging_dir/host/include  -Wmissing-prototypes conftest.c
configure:14590: $? = 0
configure:14603: result: yes
configure:14612: checking whether compiler handles -Wmissing-declarations
configure:14637: gcc -E -Werror -I/home/notlean/openwrt-uboost/staging_dir/host/include  -Wmissing-declarations conftest.c
configure:14637: $? = 0
configure:14650: result: yes
configure:14659: checking whether compiler handles -Wwrite-strings
configure:14684: gcc -E -Werror -I/home/notlean/openwrt-uboost/staging_dir/host/include  -Wwrite-strings conftest.c
configure:14684: $? = 0
configure:14697: result: yes
configure:14706: checking whether compiler handles -Wjump-misses-init
configure:14731: gcc -E -Werror -I/home/notlean/openwrt-uboost/staging_dir/host/include  -Wjump-misses-init conftest.c
configure:14731: $? = 0
configure:14744: result: yes
configure:14753: checking whether compiler handles -Wuninitialized
configure:14778: gcc -E -Werror -I/home/notlean/openwrt-uboost/staging_dir/host/include  -Wuninitialized conftest.c
configure:14778: $? = 0
configure:14791: result: yes
configure:14800: checking whether compiler handles -Winit-self
configure:14825: gcc -E -Werror -I/home/notlean/openwrt-uboost/staging_dir/host/include  -Winit-self conftest.c
configure:14825: $? = 0
configure:14838: result: yes
configure:14847: checking whether compiler handles -Wlogical-op
configure:14872: gcc -E -Werror -I/home/notlean/openwrt-uboost/staging_dir/host/include  -Wlogical-op conftest.c
configure:14872: $? = 0
configure:14885: result: yes
configure:14894: checking whether compiler handles -Wunused-but-set-parameter
configure:14919: gcc -E -Werror -I/home/notlean/openwrt-uboost/staging_dir/host/include  -Wunused-but-set-parameter conftest.c
configure:14919: $? = 0
configure:14932: result: yes
configure:14941: checking whether compiler handles -Wunused-but-set-variable
configure:14966: gcc -E -Werror -I/home/notlean/openwrt-uboost/staging_dir/host/include  -Wunused-but-set-variable conftest.c
configure:14966: $? = 0
configure:14979: result: yes
configure:14988: checking whether compiler handles -Wunused-parameter
configure:15013: gcc -E -Werror -I/home/notlean/openwrt-uboost/staging_dir/host/include  -Wunused-parameter conftest.c
configure:15013: $? = 0
configure:15026: result: yes
configure:15035: checking whether compiler handles -Wunused-result
configure:15060: gcc -E -Werror -I/home/notlean/openwrt-uboost/staging_dir/host/include  -Wunused-result conftest.c
configure:15060: $? = 0
configure:15073: result: yes
configure:15082: checking whether compiler handles -Wunused-variable
configure:15107: gcc -E -Werror -I/home/notlean/openwrt-uboost/staging_dir/host/include  -Wunused-variable conftest.c
configure:15107: $? = 0
configure:15120: result: yes
configure:15129: checking whether compiler handles -Wduplicated-cond
configure:15154: gcc -E -Werror -I/home/notlean/openwrt-uboost/staging_dir/host/include  -Wduplicated-cond conftest.c
configure:15154: $? = 0
configure:15167: result: yes
configure:15176: checking whether compiler handles -Wduplicated-branches
configure:15201: gcc -E -Werror -I/home/notlean/openwrt-uboost/staging_dir/host/include  -Wduplicated-branches conftest.c
configure:15201: $? = 0
configure:15214: result: yes
configure:15223: checking whether compiler handles -Wrestrict
configure:15248: gcc -E -Werror -I/home/notlean/openwrt-uboost/staging_dir/host/include  -Wrestrict conftest.c
configure:15248: $? = 0
configure:15261: result: yes
configure:15270: checking whether compiler handles -Wnull-dereference
configure:15295: gcc -E -Werror -I/home/notlean/openwrt-uboost/staging_dir/host/include  -Wnull-dereference conftest.c
configure:15295: $? = 0
configure:15308: result: yes
configure:15318: checking whether compiler handles -Wno-shadow
configure:15343: gcc -E -Werror -I/home/notlean/openwrt-uboost/staging_dir/host/include  -Wno-shadow conftest.c
configure:15343: $? = 0
configure:15356: result: yes
configure:15365: checking whether compiler handles -Wno-sign-compare
configure:15390: gcc -E -Werror -I/home/notlean/openwrt-uboost/staging_dir/host/include  -Wno-sign-compare conftest.c
configure:15390: $? = 0
configure:15403: result: yes
configure:15703: checking for zlib
configure:15710: $PKG_CONFIG --exists --print-errors "zlib"
configure:15713: $? = 0
configure:15727: $PKG_CONFIG --exists --print-errors "zlib"
configure:15730: $? = 0
configure:15768: result: yes
configure:15851: checking for uuid
configure:15875: $PKG_CONFIG --exists --print-errors "uuid"
configure:15878: $? = 0
configure:15916: result: yes
configure:17064: checking for sys/random.h
configure:17064: gcc -c -O2 -I/home/notlean/openwrt-uboost/staging_dir/host/include  -I/home/notlean/openwrt-uboost/staging_dir/host/include  conftest.c >&5
configure:17064: $? = 0
configure:17064: result: yes
configure:17150: checking for execinfo.h
configure:17150: gcc -c -O2 -I/home/notlean/openwrt-uboost/staging_dir/host/include  -I/home/notlean/openwrt-uboost/staging_dir/host/include  conftest.c >&5
configure:17150: $? = 0
configure:17150: result: yes
configure:17317: checking size of off_t
configure:17323: gcc -o conftest -O2 -I/home/notlean/openwrt-uboost/staging_dir/host/include  -I/home/notlean/openwrt-uboost/staging_dir/host/include  -L/home/notlean/openwrt-uboost/staging_dir/host/lib  conftest.c  >&5
configure:17323: $? = 0
configure:17323: ./conftest
configure:17323: $? = 0
configure:17338: result: 8
configure:17350: checking size of loff_t
configure:17356: gcc -o conftest -O2 -I/home/notlean/openwrt-uboost/staging_dir/host/include  -I/home/notlean/openwrt-uboost/staging_dir/host/include  -L/home/notlean/openwrt-uboost/staging_dir/host/lib  conftest.c  >&5
configure:17356: $? = 0
configure:17356: ./conftest
configure:17356: $? = 0
configure:17371: result: 8
configure:17501: checking that generated files are newer than configure
configure:17507: result: done
configure:17618: creating ./config.status

## ---------------------- ##
## Running config.status. ##
## ---------------------- ##

This file was extended by mtd-utils config.status 2.1.5, which was
generated by GNU Autoconf 2.71.  Invocation command line was

  CONFIG_FILES    = 
  CONFIG_HEADERS  = 
  CONFIG_LINKS    = 
  CONFIG_COMMANDS = 
  $ ./config.status 

on Notlean

config.status:1142: creating tests/fs-tests/fs_help_all.sh
config.status:1142: creating tests/fs-tests/fs_run_all.sh
config.status:1142: creating tests/fs-tests/stress/fs_stress00.sh
config.status:1142: creating tests/fs-tests/stress/fs_stress01.sh
config.status:1142: creating tests/ubi-tests/runubitests.sh
config.status:1142: creating tests/ubi-tests/ubi-stress-test.sh
config.status:1142: creating Makefile
config.status:1142: creating include/config.h
config.status:1371: executing depfiles commands
config.status:1371: executing libtool commands

## ---------------- ##
## Cache variables. ##
## ---------------- ##

ac_cv_build=x86_64-pc-linux-gnu
ac_cv_c_compiler_gnu=yes
ac_cv_env_CC_set=set
ac_cv_env_CC_value=gcc
ac_cv_env_CFLAGS_set=set
ac_cv_env_CFLAGS_value='-O2 -I/home/notlean/openwrt-uboost/staging_dir/host/include '
ac_cv_env_CMOCKA_CFLAGS_set=
ac_cv_env_CMOCKA_CFLAGS_value=
ac_cv_env_CMOCKA_LIBS_set=
ac_cv_env_CMOCKA_LIBS_value=
ac_cv_env_CPPFLAGS_set=set
ac_cv_env_CPPFLAGS_value='-I/home/notlean/openwrt-uboost/staging_dir/host/include '
ac_cv_env_CPP_set=
ac_cv_env_CPP_value=
ac_cv_env_LDFLAGS_set=set
ac_cv_env_LDFLAGS_value='-L/home/notlean/openwrt-uboost/staging_dir/host/lib '
ac_cv_env_LIBSELINUX_CFLAGS_set=
ac_cv_env_LIBSELINUX_CFLAGS_value=
ac_cv_env_LIBSELINUX_LIBS_set=
ac_cv_env_LIBSELINUX_LIBS_value=
ac_cv_env_LIBS_set=
ac_cv_env_LIBS_value=
ac_cv_env_LT_SYS_LIBRARY_PATH_set=
ac_cv_env_LT_SYS_LIBRARY_PATH_value=
ac_cv_env_LZO_CFLAGS_set=
ac_cv_env_LZO_CFLAGS_value=
ac_cv_env_LZO_LIBS_set=
ac_cv_env_LZO_LIBS_value=
ac_cv_env_OPENSSL_CFLAGS_set=
ac_cv_env_OPENSSL_CFLAGS_value=
ac_cv_env_OPENSSL_LIBS_set=
ac_cv_env_OPENSSL_LIBS_value=
ac_cv_env_PKG_CONFIG_LIBDIR_set=set
ac_cv_env_PKG_CONFIG_LIBDIR_value=/home/notlean/openwrt-uboost/staging_dir/host/lib/pkgconfig
ac_cv_env_PKG_CONFIG_PATH_set=set
ac_cv_env_PKG_CONFIG_PATH_value=/home/notlean/openwrt-uboost/staging_dir/host/lib/pkgconfig:/home/notlean/openwrt-uboost/staging_dir/host/lib/pkgconfig
ac_cv_env_PKG_CONFIG_set=set
ac_cv_env_PKG_CONFIG_value=/home/notlean/openwrt-uboost/staging_dir/host/bin/pkg-config
ac_cv_env_UUID_CFLAGS_set=set
ac_cv_env_UUID_CFLAGS_value=-I/home/notlean/openwrt-uboost/staging_dir/host/include/e2fsprogs/uuid
ac_cv_env_UUID_LIBS_set=
ac_cv_env_UUID_LIBS_value=
ac_cv_env_ZLIB_CFLAGS_set=
ac_cv_env_ZLIB_CFLAGS_value=
ac_cv_env_ZLIB_LIBS_set=
ac_cv_env_ZLIB_LIBS_value=
ac_cv_env_ZSTD_CFLAGS_set=
ac_cv_env_ZSTD_CFLAGS_value=
ac_cv_env_ZSTD_LIBS_set=
ac_cv_env_ZSTD_LIBS_value=
ac_cv_env_build_alias_set=set
ac_cv_env_build_alias_value=x86_64-pc-linux-gnu
ac_cv_env_host_alias_set=set
ac_cv_env_host_alias_value=x86_64-pc-linux-gnu
ac_cv_env_target_alias_set=set
ac_cv_env_target_alias_value=x86_64-pc-linux-gnu
ac_cv_header_dlfcn_h=yes
ac_cv_header_execinfo_h=yes
ac_cv_header_inttypes_h=yes
ac_cv_header_stdint_h=yes
ac_cv_header_stdio_h=yes
ac_cv_header_stdlib_h=yes
ac_cv_header_string_h=yes
ac_cv_header_strings_h=yes
ac_cv_header_sys_random_h=yes
ac_cv_header_sys_stat_h=yes
ac_cv_header_sys_types_h=yes
ac_cv_header_unistd_h=yes
ac_cv_host=x86_64-pc-linux-gnu
ac_cv_objext=o
ac_cv_path_EGREP='/home/notlean/openwrt-uboost/staging_dir/host/bin/grep -E'
ac_cv_path_FGREP='/home/notlean/openwrt-uboost/staging_dir/host/bin/grep -F'
ac_cv_path_GREP=/home/notlean/openwrt-uboost/staging_dir/host/bin/grep
ac_cv_path_SED=/home/notlean/openwrt-uboost/staging_dir/host/bin/sed
ac_cv_path_install='/home/notlean/openwrt-uboost/staging_dir/host/bin/install -c'
ac_cv_path_lt_DD=/usr/bin/dd
ac_cv_path_mkdir=/usr/bin/mkdir
ac_cv_prog_AWK=gawk
ac_cv_prog_CC=gcc
ac_cv_prog_CPP='gcc -E'
ac_cv_prog_ac_ct_AR=ar
ac_cv_prog_ac_ct_FILECMD=file
ac_cv_prog_ac_ct_MANIFEST_TOOL=mt
ac_cv_prog_ac_ct_OBJDUMP=objdump
ac_cv_prog_ac_ct_RANLIB=ranlib
ac_cv_prog_ac_ct_STRIP=strip
ac_cv_prog_cc_c11=
ac_cv_prog_cc_g=yes
ac_cv_prog_cc_stdc=
ac_cv_prog_make_make_set=yes
ac_cv_sizeof_loff_t=8
ac_cv_sizeof_off_t=8
ac_cv_sys_largefile_opts='none needed'
am_cv_CC_dependencies_compiler_type=none
am_cv_make_support_nested_variables=yes
am_cv_prog_cc_c_o=yes
lt_cv_ar_at_file=@
lt_cv_archive_cmds_need_lc=no
lt_cv_deplibs_check_method=pass_all
lt_cv_file_magic_cmd='$MAGIC_CMD'
lt_cv_file_magic_test_file=
lt_cv_ld_reload_flag=-r
lt_cv_nm_interface='BSD nm'
lt_cv_objdir=.libs
lt_cv_path_LD=/usr/bin/ld
lt_cv_path_NM='/usr/bin/nm -B'
lt_cv_path_mainfest_tool=no
lt_cv_prog_compiler_c_o=yes
lt_cv_prog_compiler_pic='-fPIC -DPIC'
lt_cv_prog_compiler_pic_works=yes
lt_cv_prog_compiler_rtti_exceptions=no
lt_cv_prog_compiler_static_works=yes
lt_cv_prog_gnu_ld=yes
lt_cv_sharedlib_from_linklib_cmd='printf %s\n'
lt_cv_shlibpath_overrides_runpath=yes
lt_cv_sys_global_symbol_pipe='/home/notlean/openwrt-uboost/staging_dir/host/bin/sed -n -e '\''s/^.*[	 ]\([ABCDGIRSTW][ABCDGIRSTW]*\)[	 ][	 ]*\([_A-Za-z][_A-Za-z0-9]*\)$/\1 \2 \2/p'\'' | /home/notlean/openwrt-uboost/staging_dir/host/bin/sed '\''/ __gnu_lto/d'\'''
lt_cv_sys_global_symbol_to_c_name_address='/home/notlean/openwrt-uboost/staging_dir/host/bin/sed -n -e '\''s/^: \(.*\) .*$/  {"\1", (void *) 0},/p'\'' -e '\''s/^[ABCDGIRSTW][ABCDGIRSTW]* .* \(.*\)$/  {"\1", (void *) \&\1},/p'\'''
lt_cv_sys_global_symbol_to_c_name_address_lib_prefix='/home/notlean/openwrt-uboost/staging_dir/host/bin/sed -n -e '\''s/^: \(.*\) .*$/  {"\1", (void *) 0},/p'\'' -e '\''s/^[ABCDGIRSTW][ABCDGIRSTW]* .* \(lib.*\)$/  {"\1", (void *) \&\1},/p'\'' -e '\''s/^[ABCDGIRSTW][ABCDGIRSTW]* .* \(.*\)$/  {"lib\1", (void *) \&\1},/p'\'''
lt_cv_sys_global_symbol_to_cdecl='/home/notlean/openwrt-uboost/staging_dir/host/bin/sed -n -e '\''s/^T .* \(.*\)$/extern int \1();/p'\'' -e '\''s/^[ABCDGIRSTW][ABCDGIRSTW]* .* \(.*\)$/extern char \1;/p'\'''
lt_cv_sys_global_symbol_to_import=
lt_cv_sys_max_cmd_len=1572864
lt_cv_to_host_file_cmd=func_convert_file_noop
lt_cv_to_tool_file_cmd=func_convert_file_noop
lt_cv_truncate_bin='/usr/bin/dd bs=4096 count=1'
pkg_cv_UUID_CFLAGS=-I/home/notlean/openwrt-uboost/staging_dir/host/include/e2fsprogs/uuid
pkg_cv_UUID_LIBS='-L/home/notlean/openwrt-uboost/staging_dir/host/lib -luuid'
pkg_cv_ZLIB_CFLAGS=-I/home/notlean/openwrt-uboost/staging_dir/host/include
pkg_cv_ZLIB_LIBS='-L/home/notlean/openwrt-uboost/staging_dir/host/lib -lz'
ul_cv_warn__Wall=yes
ul_cv_warn__Wduplicated_branches=yes
ul_cv_warn__Wduplicated_cond=yes
ul_cv_warn__Wextra=yes
ul_cv_warn__Winit_self=yes
ul_cv_warn__Wjump_misses_init=yes
ul_cv_warn__Wlogical_op=yes
ul_cv_warn__Wmissing_declarations=yes
ul_cv_warn__Wmissing_prototypes=yes
ul_cv_warn__Wno_shadow=yes
ul_cv_warn__Wno_sign_compare=yes
ul_cv_warn__Wnull_dereference=yes
ul_cv_warn__Wrestrict=yes
ul_cv_warn__Wuninitialized=yes
ul_cv_warn__Wunused=yes
ul_cv_warn__Wunused_but_set_parameter=yes
ul_cv_warn__Wunused_but_set_variable=yes
ul_cv_warn__Wunused_parameter=yes
ul_cv_warn__Wunused_result=yes
ul_cv_warn__Wunused_variable=yes
ul_cv_warn__Wwrite_strings=yes

## ----------------- ##
## Output variables. ##
## ----------------- ##

ACLOCAL='${SHELL} '\''/home/notlean/openwrt-uboost/build_dir/host/mtd-utils-2.1.5/missing'\'' aclocal-1.16'
AMDEPBACKSLASH=''
AMDEP_FALSE=''
AMDEP_TRUE='#'
AMTAR='$${TAR-tar}'
AM_BACKSLASH='\'
AM_DEFAULT_V='$(AM_DEFAULT_VERBOSITY)'
AM_DEFAULT_VERBOSITY='0'
AM_V='$(shell if ( test "x$(V)" = "x0" ); then echo 0; elif ( test "x$(V)" = "x" ); then echo $(AM_DEFAULT_VERBOSITY); else echo 1; fi)'
AR='ar'
AUTOCONF='${SHELL} '\''/home/notlean/openwrt-uboost/build_dir/host/mtd-utils-2.1.5/missing'\'' autoconf'
AUTOHEADER='${SHELL} '\''/home/notlean/openwrt-uboost/build_dir/host/mtd-utils-2.1.5/missing'\'' autoheader'
AUTOMAKE='${SHELL} '\''/home/notlean/openwrt-uboost/build_dir/host/mtd-utils-2.1.5/missing'\'' automake-1.16'
AWK='gawk'
BUILD_JFFSX_FALSE='#'
BUILD_JFFSX_TRUE=''
BUILD_LSMTD_FALSE='#'
BUILD_LSMTD_TRUE=''
BUILD_TESTS_FALSE=''
BUILD_TESTS_TRUE='#'
BUILD_UBIFS_FALSE='#'
BUILD_UBIFS_TRUE=''
CC='gcc'
CCDEPMODE='depmode=none'
CFLAGS='-O2 -I/home/notlean/openwrt-uboost/staging_dir/host/include '
CMOCKA_CFLAGS=''
CMOCKA_LIBS=''
CPP='gcc -E'
CPPFLAGS='-I/home/notlean/openwrt-uboost/staging_dir/host/include '
CSCOPE='cscope'
CTAGS='ctags'
CYGPATH_W='echo'
DEFS='-DHAVE_CONFIG_H'
DEPDIR='.deps'
DLLTOOL='false'
DSYMUTIL=''
DUMPBIN=''
ECHO_C=''
ECHO_N='-n'
ECHO_T=''
EGREP='/home/notlean/openwrt-uboost/staging_dir/host/bin/grep -E'
ETAGS='etags'
EXEEXT=''
FGREP='/home/notlean/openwrt-uboost/staging_dir/host/bin/grep -F'
FILECMD='file'
GREP='/home/notlean/openwrt-uboost/staging_dir/host/bin/grep'
INSTALL_DATA='${INSTALL} -m 644'
INSTALL_PROGRAM='${INSTALL}'
INSTALL_SCRIPT='${INSTALL}'
INSTALL_STRIP_PROGRAM='$(install_sh) -c -s'
LD='/usr/bin/ld -m elf_x86_64'
LDFLAGS='-L/home/notlean/openwrt-uboost/staging_dir/host/lib '
LIBOBJS=''
LIBS=''
LIBSELINUX_CFLAGS=''
LIBSELINUX_LIBS=''
LIBTOOL='$(SHELL) $(top_builddir)/libtool'
LIPO=''
LN_S='ln -s'
LTLIBOBJS=''
LT_SYS_LIBRARY_PATH=''
LZO_CFLAGS=''
LZO_LIBS=''
MAKEINFO='${SHELL} '\''/home/notlean/openwrt-uboost/build_dir/host/mtd-utils-2.1.5/missing'\'' makeinfo'
MANIFEST_TOOL=':'
MKDIR_P='/usr/bin/mkdir -p'
NM='/usr/bin/nm -B'
NMEDIT=''
OBJDUMP='objdump'
OBJEXT='o'
OPENSSL_CFLAGS=''
OPENSSL_LIBS=''
OTOOL64=''
OTOOL=''
PACKAGE='mtd-utils'
PACKAGE_BUGREPORT='linux-mtd@lists.infradead.org'
PACKAGE_NAME='mtd-utils'
PACKAGE_STRING='mtd-utils 2.1.5'
PACKAGE_TARNAME='mtd-utils'
PACKAGE_URL=''
PACKAGE_VERSION='2.1.5'
PATH_SEPARATOR=':'
PKG_CONFIG='/home/notlean/openwrt-uboost/staging_dir/host/bin/pkg-config'
PKG_CONFIG_LIBDIR='/home/notlean/openwrt-uboost/staging_dir/host/lib/pkgconfig'
PKG_CONFIG_PATH='/home/notlean/openwrt-uboost/staging_dir/host/lib/pkgconfig:/home/notlean/openwrt-uboost/staging_dir/host/lib/pkgconfig'
PTHREAD_CC=''
PTHREAD_CFLAGS=''
PTHREAD_CXX=''
PTHREAD_LIBS=''
RANLIB='ranlib'
SED='/home/notlean/openwrt-uboost/staging_dir/host/bin/sed'
SET_MAKE=''
SHELL='/usr/bin/env bash'
STRIP='strip'
TESTBINDIR='/home/notlean/openwrt-uboost/staging_dir/host/libexec/mtd-utils'
UNIT_TESTS_FALSE=''
UNIT_TESTS_TRUE='#'
UUID_CFLAGS='-I/home/notlean/openwrt-uboost/staging_dir/host/include/e2fsprogs/uuid'
UUID_LIBS='-L/home/notlean/openwrt-uboost/staging_dir/host/lib -luuid'
VERSION='2.1.5'
WARN_CFLAGS=' -Wall -Wextra -Wunused -Wmissing-prototypes -Wmissing-declarations -Wwrite-strings -Wjump-misses-init -Wuninitialized -Winit-self -Wlogical-op -Wunused-but-set-parameter -Wunused-but-set-variable -Wunused-parameter -Wunused-result -Wunused-variable -Wduplicated-cond -Wduplicated-branches -Wrestrict -Wnull-dereference -Wno-shadow -Wno-sign-compare'
WITHOUT_LZO_FALSE='#'
WITHOUT_LZO_TRUE=''
WITHOUT_XATTR_FALSE='#'
WITHOUT_XATTR_TRUE=''
WITHOUT_ZSTD_FALSE='#'
WITHOUT_ZSTD_TRUE=''
WITH_CRYPTO_FALSE=''
WITH_CRYPTO_TRUE='#'
WITH_GETRANDOM_FALSE='#'
WITH_GETRANDOM_TRUE=''
WITH_SELINUX_FALSE=''
WITH_SELINUX_TRUE='#'
ZLIB_CFLAGS='-I/home/notlean/openwrt-uboost/staging_dir/host/include'
ZLIB_LIBS='-L/home/notlean/openwrt-uboost/staging_dir/host/lib -lz'
ZSTD_CFLAGS=''
ZSTD_LIBS=''
ac_ct_AR='ar'
ac_ct_CC=''
ac_ct_DUMPBIN=''
am__EXEEXT_FALSE=''
am__EXEEXT_TRUE='#'
am__fastdepCC_FALSE=''
am__fastdepCC_TRUE='#'
am__include='include'
am__isrc=''
am__leading_dot='.'
am__nodep=''
am__quote=''
am__tar='$${TAR-tar} chof - "$$tardir"'
am__untar='$${TAR-tar} xf -'
ax_pthread_config=''
bindir='${exec_prefix}/bin'
build='x86_64-pc-linux-gnu'
build_alias='x86_64-pc-linux-gnu'
build_cpu='x86_64'
build_os='linux-gnu'
build_vendor='pc'
datadir='${datarootdir}'
datarootdir='${prefix}/share'
docdir='${datarootdir}/doc/${PACKAGE_TARNAME}'
dvidir='${docdir}'
exec_prefix='/home/notlean/openwrt-uboost/staging_dir/host'
host='x86_64-pc-linux-gnu'
host_alias='x86_64-pc-linux-gnu'
host_cpu='x86_64'
host_os='linux-gnu'
host_vendor='pc'
htmldir='${docdir}'
includedir='${prefix}/include'
infodir='${datarootdir}/info'
install_sh='${SHELL} /home/notlean/openwrt-uboost/build_dir/host/mtd-utils-2.1.5/install-sh'
libdir='${exec_prefix}/lib'
libexecdir='${exec_prefix}/libexec'
localedir='${datarootdir}/locale'
localstatedir='/home/notlean/openwrt-uboost/staging_dir/host/var'
mandir='${datarootdir}/man'
mkdir_p='$(MKDIR_P)'
oldincludedir='/usr/include'
pdfdir='${docdir}'
prefix='/home/notlean/openwrt-uboost/staging_dir/host'
program_transform_name='s&$$&&;s&^&&'
psdir='${docdir}'
runstatedir='${localstatedir}/run'
sbindir='/home/notlean/openwrt-uboost/staging_dir/host/bin'
sharedstatedir='${prefix}/com'
sysconfdir='/home/notlean/openwrt-uboost/staging_dir/host/etc'
target_alias='x86_64-pc-linux-gnu'

## ----------- ##
## confdefs.h. ##
## ----------- ##

/* confdefs.h */
#define PACKAGE_NAME "mtd-utils"
#define PACKAGE_TARNAME "mtd-utils"
#define PACKAGE_VERSION "2.1.5"
#define PACKAGE_STRING "mtd-utils 2.1.5"
#define PACKAGE_BUGREPORT "linux-mtd@lists.infradead.org"
#define PACKAGE_URL ""
#define PACKAGE "mtd-utils"
#define VERSION "2.1.5"
#define HAVE_STDIO_H 1
#define HAVE_STDLIB_H 1
#define HAVE_STRING_H 1
#define HAVE_INTTYPES_H 1
#define HAVE_STDINT_H 1
#define HAVE_STRINGS_H 1
#define HAVE_SYS_STAT_H 1
#define HAVE_SYS_TYPES_H 1
#define HAVE_UNISTD_H 1
#define STDC_HEADERS 1
#define HAVE_DLFCN_H 1
#define LT_OBJDIR ".libs/"
#define TESTBINDIR "/home/notlean/openwrt-uboost/staging_dir/host/libexec/mtd-utils"
#define HAVE_SYS_RANDOM_H 1
#define HAVE_EXECINFO_H 1
#define SIZEOF_OFF_T 8
#define SIZEOF_LOFF_T 8

configure: exit 0
