This file contains any messages produced by compilers while
running configure, to aid debugging if configure makes a mistake.

It was created by configure, which was
generated by GNU Autoconf 2.69.  Invocation command line was

  $ /home/notlean/openwrt-uboost/build_dir/toolchain-mipsel_24kc_gcc-12.3.0_musl/gcc-12.3.0/configure --with-bugurl=http://bugs.openwrt.org/ --with-pkgversion=OpenWrt GCC 12.3.0 r23809-234f1a2efa --prefix=/home/notlean/openwrt-uboost/staging_dir/toolchain-mipsel_24kc_gcc-12.3.0_musl --build=x86_64-pc-linux-gnu --host=x86_64-pc-linux-gnu --target=mipsel-openwrt-linux-musl --with-gnu-ld --enable-target-optspace --disable-libgomp --disable-libmudflap --disable-multilib --disable-libmpx --disable-nls --disable-libssp --without-isl --without-cloog --with-host-libstdcxx=-lstdc++ --with-float=soft --with-system-zlib=/home/notlean/openwrt-uboost/staging_dir/host --with-zstd=/home/notlean/openwrt-uboost/staging_dir/host --with-gmp=/home/notlean/openwrt-uboost/staging_dir/host --with-mpfr=/home/notlean/openwrt-uboost/staging_dir/host --with-mpc=/home/notlean/openwrt-uboost/staging_dir/host --disable-decimal-float --with-diagnostics-color=auto-if-env --enable-__cxa_atexit --enable-libstdcxx-dual-abi --with-default-libstdcxx-abi=new --with-mips-plt CFLAGS=-O2 -I/home/notlean/openwrt-uboost/staging_dir/host/include  -pipe CXXFLAGS=-O2 -I/home/notlean/openwrt-uboost/staging_dir/host/include  -pipe CFLAGS_FOR_TARGET=-Os -pipe -mno-branch-likely -mips32r2 -mtune=24kc -fno-caller-saves -fno-plt -fhonour-copts -msoft-float -Wformat -Werror=format-security -fstack-protector -D_FORTIFY_SOURCE=1 -Wl,-z,now -Wl,-z,relro CXXFLAGS_FOR_TARGET=-Os -pipe -mno-branch-likely -mips32r2 -mtune=24kc -fno-caller-saves -fno-plt -fhonour-copts -msoft-float -Wformat -Werror=format-security -fstack-protector -D_FORTIFY_SOURCE=1 -Wl,-z,now -Wl,-z,relro GOCFLAGS_FOR_TARGET=-Os -pipe -mno-branch-likely -mips32r2 -mtune=24kc -fno-caller-saves -fno-plt -fhonour-copts -msoft-float -Wformat -Werror=format-security -fstack-protector -D_FORTIFY_SOURCE=1 -Wl,-z,now -Wl,-z,relro --with-headers=/home/notlean/openwrt-uboost/staging_dir/toolchain-mipsel_24kc_gcc-12.3.0_musl/include --enable-languages=c,c++ --enable-shared --enable-threads --with-slibdir=/home/notlean/openwrt-uboost/staging_dir/toolchain-mipsel_24kc_gcc-12.3.0_musl/lib --enable-plugins --enable-lto --with-libelf=/home/notlean/openwrt-uboost/staging_dir/host --disable-libsanitizer

## --------- ##
## Platform. ##
## --------- ##

hostname = Notlean
uname -m = x86_64
uname -r = 6.14.0-33-generic
uname -s = Linux
uname -v = #33~24.04.1-Ubuntu SMP PREEMPT_DYNAMIC Fri Sep 19 17:02:30 UTC 2

/usr/bin/uname -p = x86_64
/bin/uname -X     = unknown

/bin/arch              = x86_64
/usr/bin/arch -k       = unknown
/usr/convex/getsysinfo = unknown
/usr/bin/hostinfo      = unknown
/bin/machine           = unknown
/usr/bin/oslevel       = unknown
/bin/universe          = unknown

PATH: /home/notlean/openwrt-uboost/staging_dir/toolchain-mipsel_24kc_gcc-12.3.0_musl/bin
PATH: /home/notlean/openwrt-uboost/staging_dir/toolchain-mipsel_24kc_gcc-12.3.0_musl/bin
PATH: /home/notlean/openwrt-uboost/staging_dir/host/bin
PATH: /home/notlean/openwrt-uboost/staging_dir/toolchain-mipsel_24kc_gcc-12.3.0_musl/bin
PATH: /home/notlean/openwrt-uboost/staging_dir/host/bin
PATH: /home/notlean/openwrt-uboost/staging_dir/host/bin
PATH: /usr/local/sbin
PATH: /usr/local/bin
PATH: /usr/sbin
PATH: /usr/bin
PATH: /sbin
PATH: /bin
PATH: /usr/games
PATH: /usr/local/games
PATH: /snap/bin
PATH: /snap/bin


## ----------- ##
## Core tests. ##
## ----------- ##

configure:2378: checking build system type
configure:2392: result: x86_64-pc-linux-gnu
configure:2439: checking host system type
configure:2452: result: x86_64-pc-linux-gnu
configure:2472: checking target system type
configure:2485: result: mipsel-openwrt-linux-musl
configure:2539: checking for a BSD-compatible install
configure:2607: result: /home/notlean/openwrt-uboost/staging_dir/host/bin/install -c
configure:2618: checking whether ln works
configure:2640: result: yes
configure:2644: checking whether ln -s works
configure:2648: result: yes
configure:2655: checking for a sed that does not truncate output
configure:2719: result: /home/notlean/openwrt-uboost/staging_dir/host/bin/sed
configure:2728: checking for gawk
configure:2744: found /usr/bin/gawk
configure:2755: result: gawk
configure:3256: checking for libatomic support
configure:3266: result: yes
configure:3294: checking for libitm support
configure:3300: result: no
configure:3332: checking for libvtv support
configure:3338: result: no
configure:3462: checking for libphobos support
configure:3472: result: yes
configure:4144: checking for x86_64-pc-linux-gnu-gcc
configure:4174: result: no
configure:4184: checking for gcc
configure:4200: found /home/notlean/openwrt-uboost/staging_dir/host/bin/gcc
configure:4211: result: gcc
configure:4440: checking for C compiler version
configure:4449: gcc --version >&5
gcc (Ubuntu 13.3.0-6ubuntu2~24.04) 13.3.0
Copyright (C) 2023 Free Software Foundation, Inc.
This is free software; see the source for copying conditions.  There is NO
warranty; not even for MERCHANTABILITY or FITNESS FOR A PARTICULAR PURPOSE.

configure:4460: $? = 0
configure:4449: gcc -v >&5
Using built-in specs.
COLLECT_GCC=gcc
COLLECT_LTO_WRAPPER=/usr/libexec/gcc/x86_64-linux-gnu/13/lto-wrapper
OFFLOAD_TARGET_NAMES=nvptx-none:amdgcn-amdhsa
OFFLOAD_TARGET_DEFAULT=1
Target: x86_64-linux-gnu
Configured with: ../src/configure -v --with-pkgversion='Ubuntu 13.3.0-6ubuntu2~24.04' --with-bugurl=file:///usr/share/doc/gcc-13/README.Bugs --enable-languages=c,ada,c++,go,d,fortran,objc,obj-c++,m2 --prefix=/usr --with-gcc-major-version-only --program-suffix=-13 --program-prefix=x86_64-linux-gnu- --enable-shared --enable-linker-build-id --libexecdir=/usr/libexec --without-included-gettext --enable-threads=posix --libdir=/usr/lib --enable-nls --enable-bootstrap --enable-clocale=gnu --enable-libstdcxx-debug --enable-libstdcxx-time=yes --with-default-libstdcxx-abi=new --enable-libstdcxx-backtrace --enable-gnu-unique-object --disable-vtable-verify --enable-plugin --enable-default-pie --with-system-zlib --enable-libphobos-checking=release --with-target-system-zlib=auto --enable-objc-gc=auto --enable-multiarch --disable-werror --enable-cet --with-arch-32=i686 --with-abi=m64 --with-multilib-list=m32,m64,mx32 --enable-multilib --with-tune=generic --enable-offload-targets=nvptx-none=/build/gcc-13-fG75Ri/gcc-13-13.3.0/debian/tmp-nvptx/usr,amdgcn-amdhsa=/build/gcc-13-fG75Ri/gcc-13-13.3.0/debian/tmp-gcn/usr --enable-offload-defaulted --without-cuda-driver --enable-checking=release --build=x86_64-linux-gnu --host=x86_64-linux-gnu --target=x86_64-linux-gnu --with-build-config=bootstrap-lto-lean --enable-link-serialization=2
Thread model: posix
Supported LTO compression algorithms: zlib zstd
gcc version 13.3.0 (Ubuntu 13.3.0-6ubuntu2~24.04) 
... rest of stderr output deleted ...
configure:4460: $? = 0
configure:4449: gcc -V >&5
gcc: error: unrecognized command-line option '-V'
gcc: fatal error: no input files
compilation terminated.
configure:4460: $? = 1
configure:4449: gcc -qversion >&5
gcc: error: unrecognized command-line option '-qversion'; did you mean '--version'?
gcc: fatal error: no input files
compilation terminated.
configure:4460: $? = 1
configure:4480: checking whether the C compiler works
configure:4502: gcc -O2 -I/home/notlean/openwrt-uboost/staging_dir/host/include  -pipe   conftest.c  >&5
configure:4506: $? = 0
configure:4554: result: yes
configure:4557: checking for C compiler default output file name
configure:4559: result: a.out
configure:4565: checking for suffix of executables
configure:4572: gcc -o conftest -O2 -I/home/notlean/openwrt-uboost/staging_dir/host/include  -pipe   conftest.c  >&5
configure:4576: $? = 0
configure:4598: result: 
configure:4620: checking whether we are cross compiling
configure:4628: gcc -o conftest -O2 -I/home/notlean/openwrt-uboost/staging_dir/host/include  -pipe   conftest.c  >&5
configure:4632: $? = 0
configure:4639: ./conftest
configure:4643: $? = 0
configure:4658: result: no
configure:4663: checking for suffix of object files
configure:4685: gcc -c -O2 -I/home/notlean/openwrt-uboost/staging_dir/host/include  -pipe  conftest.c >&5
configure:4689: $? = 0
configure:4710: result: o
configure:4714: checking whether we are using the GNU C compiler
configure:4733: gcc -c -O2 -I/home/notlean/openwrt-uboost/staging_dir/host/include  -pipe  conftest.c >&5
configure:4733: $? = 0
configure:4742: result: yes
configure:4751: checking whether gcc accepts -g
configure:4771: gcc -c -g  conftest.c >&5
configure:4771: $? = 0
configure:4812: result: yes
configure:4829: checking for gcc option to accept ISO C89
configure:4892: gcc  -c -O2 -I/home/notlean/openwrt-uboost/staging_dir/host/include  -pipe  conftest.c >&5
configure:4892: $? = 0
configure:4905: result: none needed
configure:4925: checking for gcc option to accept ISO C99
configure:5074: gcc  -c -O2 -I/home/notlean/openwrt-uboost/staging_dir/host/include  -pipe  conftest.c >&5
configure:5074: $? = 0
configure:5087: result: none needed
configure:5116: checking for x86_64-pc-linux-gnu-g++
configure:5146: result: no
configure:5116: checking for x86_64-pc-linux-gnu-c++
configure:5146: result: no
configure:5116: checking for x86_64-pc-linux-gnu-gpp
configure:5146: result: no
configure:5116: checking for x86_64-pc-linux-gnu-aCC
configure:5146: result: no
configure:5116: checking for x86_64-pc-linux-gnu-CC
configure:5146: result: no
configure:5116: checking for x86_64-pc-linux-gnu-cxx
configure:5146: result: no
configure:5116: checking for x86_64-pc-linux-gnu-cc++
configure:5146: result: no
configure:5116: checking for x86_64-pc-linux-gnu-cl.exe
configure:5146: result: no
configure:5116: checking for x86_64-pc-linux-gnu-FCC
configure:5146: result: no
configure:5116: checking for x86_64-pc-linux-gnu-KCC
configure:5146: result: no
configure:5116: checking for x86_64-pc-linux-gnu-RCC
configure:5146: result: no
configure:5116: checking for x86_64-pc-linux-gnu-xlC_r
configure:5146: result: no
configure:5116: checking for x86_64-pc-linux-gnu-xlC
configure:5146: result: no
configure:5160: checking for g++
configure:5176: found /home/notlean/openwrt-uboost/staging_dir/host/bin/g++
configure:5187: result: g++
configure:5214: checking for C++ compiler version
configure:5223: g++ --version >&5
g++ (Ubuntu 13.3.0-6ubuntu2~24.04) 13.3.0
Copyright (C) 2023 Free Software Foundation, Inc.
This is free software; see the source for copying conditions.  There is NO
warranty; not even for MERCHANTABILITY or FITNESS FOR A PARTICULAR PURPOSE.

configure:5234: $? = 0
configure:5223: g++ -v >&5
Using built-in specs.
COLLECT_GCC=g++
COLLECT_LTO_WRAPPER=/usr/libexec/gcc/x86_64-linux-gnu/13/lto-wrapper
OFFLOAD_TARGET_NAMES=nvptx-none:amdgcn-amdhsa
OFFLOAD_TARGET_DEFAULT=1
Target: x86_64-linux-gnu
Configured with: ../src/configure -v --with-pkgversion='Ubuntu 13.3.0-6ubuntu2~24.04' --with-bugurl=file:///usr/share/doc/gcc-13/README.Bugs --enable-languages=c,ada,c++,go,d,fortran,objc,obj-c++,m2 --prefix=/usr --with-gcc-major-version-only --program-suffix=-13 --program-prefix=x86_64-linux-gnu- --enable-shared --enable-linker-build-id --libexecdir=/usr/libexec --without-included-gettext --enable-threads=posix --libdir=/usr/lib --enable-nls --enable-bootstrap --enable-clocale=gnu --enable-libstdcxx-debug --enable-libstdcxx-time=yes --with-default-libstdcxx-abi=new --enable-libstdcxx-backtrace --enable-gnu-unique-object --disable-vtable-verify --enable-plugin --enable-default-pie --with-system-zlib --enable-libphobos-checking=release --with-target-system-zlib=auto --enable-objc-gc=auto --enable-multiarch --disable-werror --enable-cet --with-arch-32=i686 --with-abi=m64 --with-multilib-list=m32,m64,mx32 --enable-multilib --with-tune=generic --enable-offload-targets=nvptx-none=/build/gcc-13-fG75Ri/gcc-13-13.3.0/debian/tmp-nvptx/usr,amdgcn-amdhsa=/build/gcc-13-fG75Ri/gcc-13-13.3.0/debian/tmp-gcn/usr --enable-offload-defaulted --without-cuda-driver --enable-checking=release --build=x86_64-linux-gnu --host=x86_64-linux-gnu --target=x86_64-linux-gnu --with-build-config=bootstrap-lto-lean --enable-link-serialization=2
Thread model: posix
Supported LTO compression algorithms: zlib zstd
gcc version 13.3.0 (Ubuntu 13.3.0-6ubuntu2~24.04) 
... rest of stderr output deleted ...
configure:5234: $? = 0
configure:5223: g++ -V >&5
g++: error: unrecognized command-line option '-V'
g++: fatal error: no input files
compilation terminated.
configure:5234: $? = 1
configure:5223: g++ -qversion >&5
g++: error: unrecognized command-line option '-qversion'; did you mean '--version'?
g++: fatal error: no input files
compilation terminated.
configure:5234: $? = 1
configure:5238: checking whether we are using the GNU C++ compiler
configure:5257: g++ -c -O2 -I/home/notlean/openwrt-uboost/staging_dir/host/include  -pipe  conftest.cpp >&5
configure:5257: $? = 0
configure:5266: result: yes
configure:5275: checking whether g++ accepts -g
configure:5295: g++ -c -g  conftest.cpp >&5
configure:5295: $? = 0
configure:5336: result: yes
configure:5385: checking whether g++ accepts -static-libstdc++ -static-libgcc
configure:5402: g++ -o conftest -O2 -I/home/notlean/openwrt-uboost/staging_dir/host/include  -pipe   -static-libstdc++ -static-libgcc conftest.cpp  >&5
configure:5402: $? = 0
configure:5403: result: yes
configure:5427: checking for x86_64-pc-linux-gnu-gnatbind
configure:5457: result: no
configure:5467: checking for gnatbind
configure:5497: result: no
configure:5519: checking for x86_64-pc-linux-gnu-gnatmake
configure:5549: result: no
configure:5559: checking for gnatmake
configure:5589: result: no
configure:5608: checking whether compiler driver understands Ada
configure:5631: result: no
configure:5645: checking for x86_64-pc-linux-gnu-gdc
configure:5675: result: no
configure:5685: checking for gdc
configure:5715: result: no
configure:5734: checking whether the D compiler works
configure:5751: result: no
configure:5759: checking how to compare bootstrapped objects
configure:5784: result: cmp --ignore-initial=16 $$f1 $$f2
configure:5851: checking whether g++ supports C++11 features by default
configure:6147: g++ -c -O2 -I/home/notlean/openwrt-uboost/staging_dir/host/include  -pipe  conftest.cpp >&5
configure:6147: $? = 0
configure:6154: result: yes
configure:7928: checking for objdir
configure:7943: result: .libs
configure:8098: checking for the correct version of gmp.h
configure:8117: gcc -c -O2 -I/home/notlean/openwrt-uboost/staging_dir/host/include  -pipe -I/home/notlean/openwrt-uboost/staging_dir/host/include -I/home/notlean/openwrt-uboost/staging_dir/host/include -I/home/notlean/openwrt-uboost/staging_dir/host/include   conftest.c >&5
configure:8117: $? = 0
configure:8135: gcc -c -O2 -I/home/notlean/openwrt-uboost/staging_dir/host/include  -pipe -I/home/notlean/openwrt-uboost/staging_dir/host/include -I/home/notlean/openwrt-uboost/staging_dir/host/include -I/home/notlean/openwrt-uboost/staging_dir/host/include   conftest.c >&5
configure:8135: $? = 0
configure:8136: result: yes
configure:8152: checking for the correct version of mpfr.h
configure:8170: gcc -c -O2 -I/home/notlean/openwrt-uboost/staging_dir/host/include  -pipe -I/home/notlean/openwrt-uboost/staging_dir/host/include -I/home/notlean/openwrt-uboost/staging_dir/host/include -I/home/notlean/openwrt-uboost/staging_dir/host/include   conftest.c >&5
configure:8170: $? = 0
configure:8187: gcc -c -O2 -I/home/notlean/openwrt-uboost/staging_dir/host/include  -pipe -I/home/notlean/openwrt-uboost/staging_dir/host/include -I/home/notlean/openwrt-uboost/staging_dir/host/include -I/home/notlean/openwrt-uboost/staging_dir/host/include   conftest.c >&5
configure:8187: $? = 0
configure:8188: result: yes
configure:8205: checking for the correct version of mpc.h
configure:8222: gcc -c -O2 -I/home/notlean/openwrt-uboost/staging_dir/host/include  -pipe -I/home/notlean/openwrt-uboost/staging_dir/host/include -I/home/notlean/openwrt-uboost/staging_dir/host/include -I/home/notlean/openwrt-uboost/staging_dir/host/include   conftest.c >&5
configure:8222: $? = 0
configure:8238: gcc -c -O2 -I/home/notlean/openwrt-uboost/staging_dir/host/include  -pipe -I/home/notlean/openwrt-uboost/staging_dir/host/include -I/home/notlean/openwrt-uboost/staging_dir/host/include -I/home/notlean/openwrt-uboost/staging_dir/host/include   conftest.c >&5
configure:8238: $? = 0
configure:8239: result: yes
configure:8257: checking for the correct version of the gmp/mpfr/mpc libraries
configure:8288: gcc -o conftest -O2 -I/home/notlean/openwrt-uboost/staging_dir/host/include  -pipe -I/home/notlean/openwrt-uboost/staging_dir/host/include -I/home/notlean/openwrt-uboost/staging_dir/host/include -I/home/notlean/openwrt-uboost/staging_dir/host/include    conftest.c  -L/home/notlean/openwrt-uboost/staging_dir/host/lib -L/home/notlean/openwrt-uboost/staging_dir/host/lib -L/home/notlean/openwrt-uboost/staging_dir/host/lib -lmpc -lmpfr -lgmp >&5
configure:8288: $? = 0
configure:8289: result: yes
configure:9646: checking for default BUILD_CONFIG
configure:9678: result: 
configure:9683: checking for --enable-vtable-verify
configure:9696: result: no
configure:10332: checking for bison
configure:10348: found /home/notlean/openwrt-uboost/staging_dir/host/bin/bison
configure:10359: result: bison -y
configure:10379: checking for bison
configure:10395: found /home/notlean/openwrt-uboost/staging_dir/host/bin/bison
configure:10406: result: bison
configure:10426: checking for gm4
configure:10453: result: /home/notlean/openwrt-uboost/staging_dir/host/bin/m4
configure:10473: checking for flex
configure:10489: found /home/notlean/openwrt-uboost/staging_dir/host/bin/flex
configure:10500: result: flex
configure:10521: checking for flex
configure:10537: found /home/notlean/openwrt-uboost/staging_dir/host/bin/flex
configure:10548: result: flex
configure:10568: checking for makeinfo
configure:10584: found /home/notlean/openwrt-uboost/staging_dir/host/bin/makeinfo
configure:10595: result: makeinfo
configure:10629: checking for expect
configure:10659: result: no
configure:10678: checking for runtest
configure:10708: result: no
configure:10784: checking for x86_64-pc-linux-gnu-ar
configure:10814: result: no
configure:10823: checking for ar
configure:10839: found /usr/bin/ar
configure:10850: result: ar
configure:10925: checking for x86_64-pc-linux-gnu-as
configure:10955: result: no
configure:10964: checking for as
configure:10980: found /usr/bin/as
configure:10991: result: as
configure:11066: checking for x86_64-pc-linux-gnu-dlltool
configure:11096: result: no
configure:11105: checking for dlltool
configure:11135: result: no
configure:11207: checking for x86_64-pc-linux-gnu-dsymutil
configure:11237: result: no
configure:11246: checking for dsymutil
configure:11276: result: no
configure:11348: checking for x86_64-pc-linux-gnu-ld
configure:11378: result: no
configure:11387: checking for ld
configure:11403: found /usr/bin/ld
configure:11414: result: ld
configure:11489: checking for x86_64-pc-linux-gnu-lipo
configure:11519: result: no
configure:11528: checking for lipo
configure:11558: result: no
configure:11630: checking for x86_64-pc-linux-gnu-nm
configure:11660: result: no
configure:11669: checking for nm
configure:11685: found /usr/bin/nm
configure:11696: result: nm
configure:11771: checking for x86_64-pc-linux-gnu-ranlib
configure:11801: result: no
configure:11810: checking for ranlib
configure:11826: found /usr/bin/ranlib
configure:11837: result: ranlib
configure:11907: checking for x86_64-pc-linux-gnu-strip
configure:11937: result: no
configure:11946: checking for strip
configure:11962: found /usr/bin/strip
configure:11973: result: strip
configure:12043: checking for x86_64-pc-linux-gnu-windres
configure:12073: result: no
configure:12082: checking for windres
configure:12112: result: no
configure:12184: checking for x86_64-pc-linux-gnu-windmc
configure:12214: result: no
configure:12223: checking for windmc
configure:12253: result: no
configure:12325: checking for x86_64-pc-linux-gnu-objcopy
configure:12355: result: no
configure:12364: checking for objcopy
configure:12380: found /usr/bin/objcopy
configure:12391: result: objcopy
configure:12466: checking for x86_64-pc-linux-gnu-objdump
configure:12496: result: no
configure:12505: checking for objdump
configure:12521: found /usr/bin/objdump
configure:12532: result: objdump
configure:12607: checking for x86_64-pc-linux-gnu-otool
configure:12637: result: no
configure:12646: checking for otool
configure:12676: result: no
configure:12748: checking for x86_64-pc-linux-gnu-readelf
configure:12778: result: no
configure:12787: checking for readelf
configure:12803: found /home/notlean/openwrt-uboost/staging_dir/toolchain-mipsel_24kc_gcc-12.3.0_musl/bin/readelf
configure:12814: result: readelf
configure:12930: checking for mipsel-openwrt-linux-musl-cc
configure:12960: result: no
configure:12930: checking for mipsel-openwrt-linux-musl-gcc
configure:12946: found /home/notlean/openwrt-uboost/staging_dir/toolchain-mipsel_24kc_gcc-12.3.0_musl/bin/mipsel-openwrt-linux-musl-gcc
configure:12957: result: mipsel-openwrt-linux-musl-gcc
configure:13091: checking for mipsel-openwrt-linux-musl-c++
configure:13121: result: no
configure:13091: checking for mipsel-openwrt-linux-musl-g++
configure:13121: result: no
configure:13091: checking for mipsel-openwrt-linux-musl-cxx
configure:13121: result: no
configure:13091: checking for mipsel-openwrt-linux-musl-gxx
configure:13121: result: no
configure:13252: checking for mipsel-openwrt-linux-musl-gcc
configure:13268: found /home/notlean/openwrt-uboost/staging_dir/toolchain-mipsel_24kc_gcc-12.3.0_musl/bin/mipsel-openwrt-linux-musl-gcc
configure:13279: result: mipsel-openwrt-linux-musl-gcc
configure:13408: checking for mipsel-openwrt-linux-musl-gfortran
configure:13438: result: no
configure:13569: checking for mipsel-openwrt-linux-musl-gccgo
configure:13599: result: no
configure:13730: checking for mipsel-openwrt-linux-musl-gdc
configure:13760: result: no
configure:13860: checking for ar
configure:13878: found /home/notlean/openwrt-uboost/staging_dir/toolchain-mipsel_24kc_gcc-12.3.0_musl/mipsel-openwrt-linux-musl/bin/ar
configure:13890: result: /home/notlean/openwrt-uboost/staging_dir/toolchain-mipsel_24kc_gcc-12.3.0_musl/mipsel-openwrt-linux-musl/bin/ar
configure:14090: checking for as
configure:14108: found /home/notlean/openwrt-uboost/staging_dir/toolchain-mipsel_24kc_gcc-12.3.0_musl/mipsel-openwrt-linux-musl/bin/as
configure:14120: result: /home/notlean/openwrt-uboost/staging_dir/toolchain-mipsel_24kc_gcc-12.3.0_musl/mipsel-openwrt-linux-musl/bin/as
configure:14320: checking for dlltool
configure:14353: result: no
configure:14431: checking for mipsel-openwrt-linux-musl-dlltool
configure:14461: result: no
configure:14550: checking for dsymutil
configure:14583: result: no
configure:14661: checking for mipsel-openwrt-linux-musl-dsymutil
configure:14691: result: no
configure:14780: checking for ld
configure:14798: found /home/notlean/openwrt-uboost/staging_dir/toolchain-mipsel_24kc_gcc-12.3.0_musl/mipsel-openwrt-linux-musl/bin/ld
configure:14810: result: /home/notlean/openwrt-uboost/staging_dir/toolchain-mipsel_24kc_gcc-12.3.0_musl/mipsel-openwrt-linux-musl/bin/ld
configure:15010: checking for lipo
configure:15043: result: no
configure:15121: checking for mipsel-openwrt-linux-musl-lipo
configure:15151: result: no
configure:15240: checking for nm
configure:15258: found /home/notlean/openwrt-uboost/staging_dir/toolchain-mipsel_24kc_gcc-12.3.0_musl/mipsel-openwrt-linux-musl/bin/nm
configure:15270: result: /home/notlean/openwrt-uboost/staging_dir/toolchain-mipsel_24kc_gcc-12.3.0_musl/mipsel-openwrt-linux-musl/bin/nm
configure:15470: checking for objcopy
configure:15488: found /home/notlean/openwrt-uboost/staging_dir/toolchain-mipsel_24kc_gcc-12.3.0_musl/mipsel-openwrt-linux-musl/bin/objcopy
configure:15500: result: /home/notlean/openwrt-uboost/staging_dir/toolchain-mipsel_24kc_gcc-12.3.0_musl/mipsel-openwrt-linux-musl/bin/objcopy
configure:15700: checking for objdump
configure:15718: found /home/notlean/openwrt-uboost/staging_dir/toolchain-mipsel_24kc_gcc-12.3.0_musl/mipsel-openwrt-linux-musl/bin/objdump
configure:15730: result: /home/notlean/openwrt-uboost/staging_dir/toolchain-mipsel_24kc_gcc-12.3.0_musl/mipsel-openwrt-linux-musl/bin/objdump
configure:15930: checking for otool
configure:15963: result: no
configure:16041: checking for mipsel-openwrt-linux-musl-otool
configure:16071: result: no
configure:16160: checking for ranlib
configure:16178: found /home/notlean/openwrt-uboost/staging_dir/toolchain-mipsel_24kc_gcc-12.3.0_musl/mipsel-openwrt-linux-musl/bin/ranlib
configure:16190: result: /home/notlean/openwrt-uboost/staging_dir/toolchain-mipsel_24kc_gcc-12.3.0_musl/mipsel-openwrt-linux-musl/bin/ranlib
configure:16390: checking for readelf
configure:16408: found /home/notlean/openwrt-uboost/staging_dir/toolchain-mipsel_24kc_gcc-12.3.0_musl/mipsel-openwrt-linux-musl/bin/readelf
configure:16420: result: /home/notlean/openwrt-uboost/staging_dir/toolchain-mipsel_24kc_gcc-12.3.0_musl/mipsel-openwrt-linux-musl/bin/readelf
configure:16620: checking for strip
configure:16638: found /home/notlean/openwrt-uboost/staging_dir/toolchain-mipsel_24kc_gcc-12.3.0_musl/mipsel-openwrt-linux-musl/bin/strip
configure:16650: result: /home/notlean/openwrt-uboost/staging_dir/toolchain-mipsel_24kc_gcc-12.3.0_musl/mipsel-openwrt-linux-musl/bin/strip
configure:16850: checking for windres
configure:16883: result: no
configure:16961: checking for mipsel-openwrt-linux-musl-windres
configure:16991: result: no
configure:17080: checking for windmc
configure:17113: result: no
configure:17191: checking for mipsel-openwrt-linux-musl-windmc
configure:17221: result: no
configure:17288: checking where to find the target ar
configure:17316: result: pre-installed in /home/notlean/openwrt-uboost/staging_dir/toolchain-mipsel_24kc_gcc-12.3.0_musl/mipsel-openwrt-linux-musl/bin
configure:17330: checking where to find the target as
configure:17358: result: pre-installed in /home/notlean/openwrt-uboost/staging_dir/toolchain-mipsel_24kc_gcc-12.3.0_musl/mipsel-openwrt-linux-musl/bin
configure:17372: checking where to find the target cc
configure:17395: result: just compiled
configure:17414: checking where to find the target c++
configure:17440: result: just compiled
configure:17459: checking where to find the target c++ for libstdc++
configure:17485: result: just compiled
configure:17504: checking where to find the target dlltool
configure:17541: result: pre-installed
configure:17546: checking where to find the target dsymutil
configure:17572: result: pre-installed
configure:17577: checking where to find the target gcc
configure:17600: result: just compiled
configure:17619: checking where to find the target gfortran
configure:17659: result: pre-installed
configure:17664: checking where to find the target gccgo
configure:17704: result: pre-installed
configure:17709: checking where to find the target gdc
configure:17749: result: pre-installed
configure:17754: checking where to find the target ld
configure:17782: result: pre-installed in /home/notlean/openwrt-uboost/staging_dir/toolchain-mipsel_24kc_gcc-12.3.0_musl/mipsel-openwrt-linux-musl/bin
configure:17796: checking where to find the target lipo
configure:17822: result: pre-installed
configure:17827: checking where to find the target nm
configure:17855: result: pre-installed in /home/notlean/openwrt-uboost/staging_dir/toolchain-mipsel_24kc_gcc-12.3.0_musl/mipsel-openwrt-linux-musl/bin
configure:17869: checking where to find the target objcopy
configure:17897: result: pre-installed in /home/notlean/openwrt-uboost/staging_dir/toolchain-mipsel_24kc_gcc-12.3.0_musl/mipsel-openwrt-linux-musl/bin
configure:17911: checking where to find the target objdump
configure:17939: result: pre-installed in /home/notlean/openwrt-uboost/staging_dir/toolchain-mipsel_24kc_gcc-12.3.0_musl/mipsel-openwrt-linux-musl/bin
configure:17953: checking where to find the target otool
configure:17979: result: pre-installed
configure:17984: checking where to find the target ranlib
configure:18012: result: pre-installed in /home/notlean/openwrt-uboost/staging_dir/toolchain-mipsel_24kc_gcc-12.3.0_musl/mipsel-openwrt-linux-musl/bin
configure:18026: checking where to find the target readelf
configure:18054: result: pre-installed in /home/notlean/openwrt-uboost/staging_dir/toolchain-mipsel_24kc_gcc-12.3.0_musl/mipsel-openwrt-linux-musl/bin
configure:18068: checking where to find the target strip
configure:18096: result: pre-installed in /home/notlean/openwrt-uboost/staging_dir/toolchain-mipsel_24kc_gcc-12.3.0_musl/mipsel-openwrt-linux-musl/bin
configure:18110: checking where to find the target windres
configure:18147: result: pre-installed
configure:18152: checking where to find the target windmc
configure:18189: result: pre-installed
configure:18222: checking whether to enable maintainer-specific portions of Makefiles
configure:18231: result: no
configure:18466: creating ./config.status

## ---------------------- ##
## Running config.status. ##
## ---------------------- ##

This file was extended by config.status, which was
generated by GNU Autoconf 2.69.  Invocation command line was

  CONFIG_FILES    = 
  CONFIG_HEADERS  = 
  CONFIG_LINKS    = 
  CONFIG_COMMANDS = 
  $ ./config.status 

on Notlean

config.status:1077: creating Makefile

## ---------------- ##
## Cache variables. ##
## ---------------- ##

ac_cv_build=x86_64-pc-linux-gnu
ac_cv_c_compiler_gnu=yes
ac_cv_cxx_compiler_gnu=yes
ac_cv_env_AR_FOR_TARGET_set=
ac_cv_env_AR_FOR_TARGET_value=
ac_cv_env_AR_set=
ac_cv_env_AR_value=
ac_cv_env_AS_FOR_TARGET_set=
ac_cv_env_AS_FOR_TARGET_value=
ac_cv_env_AS_set=
ac_cv_env_AS_value=
ac_cv_env_CCC_set=
ac_cv_env_CCC_value=
ac_cv_env_CC_FOR_TARGET_set=
ac_cv_env_CC_FOR_TARGET_value=
ac_cv_env_CC_set=
ac_cv_env_CC_value=
ac_cv_env_CFLAGS_set=set
ac_cv_env_CFLAGS_value='-O2 -I/home/notlean/openwrt-uboost/staging_dir/host/include  -pipe'
ac_cv_env_CPPFLAGS_set=
ac_cv_env_CPPFLAGS_value=
ac_cv_env_CXXFLAGS_set=set
ac_cv_env_CXXFLAGS_value='-O2 -I/home/notlean/openwrt-uboost/staging_dir/host/include  -pipe'
ac_cv_env_CXX_FOR_TARGET_set=
ac_cv_env_CXX_FOR_TARGET_value=
ac_cv_env_CXX_set=
ac_cv_env_CXX_value=
ac_cv_env_DLLTOOL_FOR_TARGET_set=
ac_cv_env_DLLTOOL_FOR_TARGET_value=
ac_cv_env_DLLTOOL_set=
ac_cv_env_DLLTOOL_value=
ac_cv_env_DSYMUTIL_FOR_TARGET_set=
ac_cv_env_DSYMUTIL_FOR_TARGET_value=
ac_cv_env_DSYMUTIL_set=
ac_cv_env_DSYMUTIL_value=
ac_cv_env_GCC_FOR_TARGET_set=
ac_cv_env_GCC_FOR_TARGET_value=
ac_cv_env_GDC_FOR_TARGET_set=
ac_cv_env_GDC_FOR_TARGET_value=
ac_cv_env_GFORTRAN_FOR_TARGET_set=
ac_cv_env_GFORTRAN_FOR_TARGET_value=
ac_cv_env_GOC_FOR_TARGET_set=
ac_cv_env_GOC_FOR_TARGET_value=
ac_cv_env_LDFLAGS_set=set
ac_cv_env_LDFLAGS_value=
ac_cv_env_LD_FOR_TARGET_set=
ac_cv_env_LD_FOR_TARGET_value=
ac_cv_env_LD_set=
ac_cv_env_LD_value=
ac_cv_env_LIBS_set=
ac_cv_env_LIBS_value=
ac_cv_env_LIPO_FOR_TARGET_set=
ac_cv_env_LIPO_FOR_TARGET_value=
ac_cv_env_LIPO_set=
ac_cv_env_LIPO_value=
ac_cv_env_NM_FOR_TARGET_set=
ac_cv_env_NM_FOR_TARGET_value=
ac_cv_env_NM_set=
ac_cv_env_NM_value=
ac_cv_env_OBJCOPY_FOR_TARGET_set=
ac_cv_env_OBJCOPY_FOR_TARGET_value=
ac_cv_env_OBJCOPY_set=
ac_cv_env_OBJCOPY_value=
ac_cv_env_OBJDUMP_FOR_TARGET_set=
ac_cv_env_OBJDUMP_FOR_TARGET_value=
ac_cv_env_OBJDUMP_set=
ac_cv_env_OBJDUMP_value=
ac_cv_env_OTOOL_FOR_TARGET_set=
ac_cv_env_OTOOL_FOR_TARGET_value=
ac_cv_env_OTOOL_set=
ac_cv_env_OTOOL_value=
ac_cv_env_RANLIB_FOR_TARGET_set=
ac_cv_env_RANLIB_FOR_TARGET_value=
ac_cv_env_RANLIB_set=
ac_cv_env_RANLIB_value=
ac_cv_env_READELF_FOR_TARGET_set=
ac_cv_env_READELF_FOR_TARGET_value=
ac_cv_env_READELF_set=
ac_cv_env_READELF_value=
ac_cv_env_STRIP_FOR_TARGET_set=
ac_cv_env_STRIP_FOR_TARGET_value=
ac_cv_env_STRIP_set=
ac_cv_env_STRIP_value=
ac_cv_env_WINDMC_FOR_TARGET_set=
ac_cv_env_WINDMC_FOR_TARGET_value=
ac_cv_env_WINDMC_set=
ac_cv_env_WINDMC_value=
ac_cv_env_WINDRES_FOR_TARGET_set=
ac_cv_env_WINDRES_FOR_TARGET_value=
ac_cv_env_WINDRES_set=
ac_cv_env_WINDRES_value=
ac_cv_env_build_alias_set=set
ac_cv_env_build_alias_value=x86_64-pc-linux-gnu
ac_cv_env_build_configargs_set=
ac_cv_env_build_configargs_value=
ac_cv_env_host_alias_set=set
ac_cv_env_host_alias_value=x86_64-pc-linux-gnu
ac_cv_env_host_configargs_set=
ac_cv_env_host_configargs_value=
ac_cv_env_target_alias_set=set
ac_cv_env_target_alias_value=mipsel-openwrt-linux-musl
ac_cv_env_target_configargs_set=
ac_cv_env_target_configargs_value=
ac_cv_host=x86_64-pc-linux-gnu
ac_cv_objext=o
ac_cv_path_AR_FOR_TARGET=/home/notlean/openwrt-uboost/staging_dir/toolchain-mipsel_24kc_gcc-12.3.0_musl/mipsel-openwrt-linux-musl/bin/ar
ac_cv_path_AS_FOR_TARGET=/home/notlean/openwrt-uboost/staging_dir/toolchain-mipsel_24kc_gcc-12.3.0_musl/mipsel-openwrt-linux-musl/bin/as
ac_cv_path_LD_FOR_TARGET=/home/notlean/openwrt-uboost/staging_dir/toolchain-mipsel_24kc_gcc-12.3.0_musl/mipsel-openwrt-linux-musl/bin/ld
ac_cv_path_NM_FOR_TARGET=/home/notlean/openwrt-uboost/staging_dir/toolchain-mipsel_24kc_gcc-12.3.0_musl/mipsel-openwrt-linux-musl/bin/nm
ac_cv_path_OBJCOPY_FOR_TARGET=/home/notlean/openwrt-uboost/staging_dir/toolchain-mipsel_24kc_gcc-12.3.0_musl/mipsel-openwrt-linux-musl/bin/objcopy
ac_cv_path_OBJDUMP_FOR_TARGET=/home/notlean/openwrt-uboost/staging_dir/toolchain-mipsel_24kc_gcc-12.3.0_musl/mipsel-openwrt-linux-musl/bin/objdump
ac_cv_path_RANLIB_FOR_TARGET=/home/notlean/openwrt-uboost/staging_dir/toolchain-mipsel_24kc_gcc-12.3.0_musl/mipsel-openwrt-linux-musl/bin/ranlib
ac_cv_path_READELF_FOR_TARGET=/home/notlean/openwrt-uboost/staging_dir/toolchain-mipsel_24kc_gcc-12.3.0_musl/mipsel-openwrt-linux-musl/bin/readelf
ac_cv_path_SED=/home/notlean/openwrt-uboost/staging_dir/host/bin/sed
ac_cv_path_STRIP_FOR_TARGET=/home/notlean/openwrt-uboost/staging_dir/toolchain-mipsel_24kc_gcc-12.3.0_musl/mipsel-openwrt-linux-musl/bin/strip
ac_cv_path_install='/home/notlean/openwrt-uboost/staging_dir/host/bin/install -c'
ac_cv_prog_AR=ar
ac_cv_prog_AS=as
ac_cv_prog_AWK=gawk
ac_cv_prog_BISON=bison
ac_cv_prog_CC_FOR_TARGET=mipsel-openwrt-linux-musl-gcc
ac_cv_prog_FLEX=flex
ac_cv_prog_GCC_FOR_TARGET=mipsel-openwrt-linux-musl-gcc
ac_cv_prog_LD=ld
ac_cv_prog_LEX=flex
ac_cv_prog_M4=/home/notlean/openwrt-uboost/staging_dir/host/bin/m4
ac_cv_prog_MAKEINFO=makeinfo
ac_cv_prog_NM=nm
ac_cv_prog_OBJCOPY=objcopy
ac_cv_prog_OBJDUMP=objdump
ac_cv_prog_RANLIB=ranlib
ac_cv_prog_READELF=readelf
ac_cv_prog_STRIP=strip
ac_cv_prog_YACC='bison -y'
ac_cv_prog_ac_ct_CC=gcc
ac_cv_prog_ac_ct_CXX=g++
ac_cv_prog_cc_c89=
ac_cv_prog_cc_c99=
ac_cv_prog_cc_g=yes
ac_cv_prog_cxx_g=yes
ac_cv_search_ZSTD_compress='/home/notlean/openwrt-uboost/staging_dir/host/lib/libzstd.a -pthread'
ac_cv_target=mipsel-openwrt-linux-musl
acx_cv_cc_gcc_supports_ada=no
acx_cv_d_compiler_works=no
acx_cv_prog_LN=ln
ax_cv_cxx_compile_cxx11=yes
gcc_cv_prog_cmp_skip='cmp --ignore-initial=16 $$f1 $$f2'
gcc_cv_tool_dirs=/home/notlean/openwrt-uboost/staging_dir/toolchain-mipsel_24kc_gcc-12.3.0_musl/libexec/gcc/mipsel-openwrt-linux-musl/12.3.0:/home/notlean/openwrt-uboost/staging_dir/toolchain-mipsel_24kc_gcc-12.3.0_musl/libexec/gcc/mipsel-openwrt-linux-musl:/usr/lib/gcc/mipsel-openwrt-linux-musl/12.3.0:/usr/lib/gcc/mipsel-openwrt-linux-musl:/home/notlean/openwrt-uboost/staging_dir/toolchain-mipsel_24kc_gcc-12.3.0_musl/mipsel-openwrt-linux-musl/bin/mipsel-openwrt-linux-musl/12.3.0:/home/notlean/openwrt-uboost/staging_dir/toolchain-mipsel_24kc_gcc-12.3.0_musl/mipsel-openwrt-linux-musl/bin:
gcc_cv_tool_prefix=/home/notlean/openwrt-uboost/staging_dir/toolchain-mipsel_24kc_gcc-12.3.0_musl
libgcc_cv_fixed_point=no
lt_cv_objdir=.libs

## ----------------- ##
## Output variables. ##
## ----------------- ##

AR='ar'
AR_FOR_BUILD='$(AR)'
AR_FOR_TARGET='/home/notlean/openwrt-uboost/staging_dir/toolchain-mipsel_24kc_gcc-12.3.0_musl/mipsel-openwrt-linux-musl/bin/ar'
AS='as'
AS_FOR_BUILD='$(AS)'
AS_FOR_TARGET='/home/notlean/openwrt-uboost/staging_dir/toolchain-mipsel_24kc_gcc-12.3.0_musl/mipsel-openwrt-linux-musl/bin/as'
AWK='gawk'
BISON='bison'
BUILD_CONFIG=''
CC='gcc'
CC_FOR_BUILD='$(CC)'
CC_FOR_TARGET='$$r/$(HOST_SUBDIR)/gcc/xgcc -B$$r/$(HOST_SUBDIR)/gcc/'
CFLAGS='-O2 -I/home/notlean/openwrt-uboost/staging_dir/host/include  -pipe'
CFLAGS_FOR_BUILD='-O2 -I/home/notlean/openwrt-uboost/staging_dir/host/include  -pipe'
CFLAGS_FOR_TARGET='-Os -pipe -mno-branch-likely -mips32r2 -mtune=24kc -fno-caller-saves -fno-plt -fhonour-copts -msoft-float -Wformat -Werror=format-security -fstack-protector -D_FORTIFY_SOURCE=1 -Wl,-z,now -Wl,-z,relro'
COMPILER_AS_FOR_TARGET='$$r/$(HOST_SUBDIR)/gcc/as'
COMPILER_LD_FOR_TARGET='$$r/$(HOST_SUBDIR)/gcc/collect-ld'
COMPILER_NM_FOR_TARGET='$$r/$(HOST_SUBDIR)/gcc/nm'
CONFIGURE_GDB_TK=''
CPPFLAGS=''
CPPFLAGS_FOR_BUILD=''
CPP_FOR_BUILD=''
CXX='g++'
CXXFLAGS='-O2 -I/home/notlean/openwrt-uboost/staging_dir/host/include  -pipe'
CXXFLAGS_FOR_BUILD='-O2 -I/home/notlean/openwrt-uboost/staging_dir/host/include  -pipe'
CXXFLAGS_FOR_TARGET='-Os -pipe -mno-branch-likely -mips32r2 -mtune=24kc -fno-caller-saves -fno-plt -fhonour-copts -msoft-float -Wformat -Werror=format-security -fstack-protector -D_FORTIFY_SOURCE=1 -Wl,-z,now -Wl,-z,relro'
CXX_FOR_BUILD='$(CXX)'
CXX_FOR_TARGET='$$r/$(HOST_SUBDIR)/gcc/xg++ -B$$r/$(HOST_SUBDIR)/gcc/ -nostdinc++ `if test -f $$r/$(TARGET_SUBDIR)/libstdc++-v3/scripts/testsuite_flags; then $(SHELL) $$r/$(TARGET_SUBDIR)/libstdc++-v3/scripts/testsuite_flags --build-includes; else echo -funconfigured-libstdc++-v3 ; fi` -L$$r/$(TARGET_SUBDIR)/libstdc++-v3/src -L$$r/$(TARGET_SUBDIR)/libstdc++-v3/src/.libs -L$$r/$(TARGET_SUBDIR)/libstdc++-v3/libsupc++/.libs'
DEBUG_PREFIX_CFLAGS_FOR_TARGET=''
DEFS='-DPACKAGE_NAME=\"\" -DPACKAGE_TARNAME=\"\" -DPACKAGE_VERSION=\"\" -DPACKAGE_STRING=\"\" -DPACKAGE_BUGREPORT=\"\" -DPACKAGE_URL=\"\" -DHAVE_CXX11=1 -DLT_OBJDIR=\".libs/\"'
DLLTOOL='dlltool'
DLLTOOL_FOR_BUILD='$(DLLTOOL)'
DLLTOOL_FOR_TARGET='mipsel-openwrt-linux-musl-dlltool'
DSYMUTIL='dsymutil'
DSYMUTIL_FOR_BUILD='$(DSYMUTIL)'
DSYMUTIL_FOR_TARGET='mipsel-openwrt-linux-musl-dsymutil'
ECHO_C=''
ECHO_N='-n'
ECHO_T=''
EXEEXT=''
EXPECT='expect'
FLAGS_FOR_TARGET=' -B$(build_tooldir)/bin/ -B$(build_tooldir)/lib/ -isystem $(build_tooldir)/include -isystem $(build_tooldir)/sys-include'
FLEX='flex'
GCC_FOR_TARGET='$$r/$(HOST_SUBDIR)/gcc/xgcc -B$$r/$(HOST_SUBDIR)/gcc/'
GCC_SHLIB_SUBDIR=''
GDB_TK=''
GDC='no'
GDCFLAGS=''
GDC_FOR_BUILD='$(GDC)'
GDC_FOR_TARGET='mipsel-openwrt-linux-musl-gdc'
GFORTRAN_FOR_BUILD='$(GFORTRAN)'
GFORTRAN_FOR_TARGET='mipsel-openwrt-linux-musl-gfortran'
GNATBIND='no'
GNATMAKE='no'
GOC_FOR_BUILD='$(GOC)'
GOC_FOR_TARGET='mipsel-openwrt-linux-musl-gccgo'
HAVE_CXX11='1'
HAVE_CXX11_FOR_BUILD=''
INSTALL_DATA='${INSTALL} -m 644'
INSTALL_GDB_TK=''
INSTALL_PROGRAM='${INSTALL}'
INSTALL_SCRIPT='${INSTALL}'
LD='ld'
LDFLAGS=''
LDFLAGS_FOR_BUILD=''
LDFLAGS_FOR_TARGET=''
LD_FOR_BUILD='$(LD)'
LD_FOR_TARGET='/home/notlean/openwrt-uboost/staging_dir/toolchain-mipsel_24kc_gcc-12.3.0_musl/mipsel-openwrt-linux-musl/bin/ld'
LEX='flex'
LIBOBJS=''
LIBS=''
LIPO='lipo'
LIPO_FOR_TARGET='mipsel-openwrt-linux-musl-lipo'
LN='ln'
LN_S='ln -s'
LTLIBOBJS=''
M4='/home/notlean/openwrt-uboost/staging_dir/host/bin/m4'
MAINT='#'
MAINTAINER_MODE_FALSE=''
MAINTAINER_MODE_TRUE='#'
MAKEINFO='/home/notlean/openwrt-uboost/build_dir/toolchain-mipsel_24kc_gcc-12.3.0_musl/gcc-12.3.0/missing makeinfo'
NM='nm'
NM_FOR_BUILD='$(NM)'
NM_FOR_TARGET='/home/notlean/openwrt-uboost/staging_dir/toolchain-mipsel_24kc_gcc-12.3.0_musl/mipsel-openwrt-linux-musl/bin/nm'
OBJCOPY='objcopy'
OBJCOPY_FOR_TARGET='/home/notlean/openwrt-uboost/staging_dir/toolchain-mipsel_24kc_gcc-12.3.0_musl/mipsel-openwrt-linux-musl/bin/objcopy'
OBJDUMP='objdump'
OBJDUMP_FOR_TARGET='/home/notlean/openwrt-uboost/staging_dir/toolchain-mipsel_24kc_gcc-12.3.0_musl/mipsel-openwrt-linux-musl/bin/objdump'
OBJEXT='o'
OTOOL='otool'
OTOOL_FOR_TARGET='mipsel-openwrt-linux-musl-otool'
PACKAGE_BUGREPORT=''
PACKAGE_NAME=''
PACKAGE_STRING=''
PACKAGE_TARNAME=''
PACKAGE_URL=''
PACKAGE_VERSION=''
PATH_SEPARATOR=':'
PGO_BUILD_GEN_CFLAGS=''
PGO_BUILD_LTO_CFLAGS=''
PGO_BUILD_USE_CFLAGS=''
RANLIB='ranlib'
RANLIB_FOR_BUILD='$(RANLIB)'
RANLIB_FOR_TARGET='/home/notlean/openwrt-uboost/staging_dir/toolchain-mipsel_24kc_gcc-12.3.0_musl/mipsel-openwrt-linux-musl/bin/ranlib'
RAW_CXX_FOR_TARGET='$$r/$(HOST_SUBDIR)/gcc/xgcc -shared-libgcc -B$$r/$(HOST_SUBDIR)/gcc -nostdinc++ -L$$r/$(TARGET_SUBDIR)/libstdc++-v3/src -L$$r/$(TARGET_SUBDIR)/libstdc++-v3/src/.libs -L$$r/$(TARGET_SUBDIR)/libstdc++-v3/libsupc++/.libs'
READELF='readelf'
READELF_FOR_TARGET='/home/notlean/openwrt-uboost/staging_dir/toolchain-mipsel_24kc_gcc-12.3.0_musl/mipsel-openwrt-linux-musl/bin/readelf'
RPATH_ENVVAR='LD_LIBRARY_PATH'
RUNTEST='runtest'
SED='/home/notlean/openwrt-uboost/staging_dir/host/bin/sed'
SHELL='/bin/bash'
STRIP='strip'
STRIP_FOR_TARGET='/home/notlean/openwrt-uboost/staging_dir/toolchain-mipsel_24kc_gcc-12.3.0_musl/mipsel-openwrt-linux-musl/bin/strip'
SYSROOT_CFLAGS_FOR_TARGET=''
TOPLEVEL_CONFIGURE_ARGUMENTS='/home/notlean/openwrt-uboost/build_dir/toolchain-mipsel_24kc_gcc-12.3.0_musl/gcc-12.3.0/configure --with-bugurl=http://bugs.openwrt.org/ --with-pkgversion='\''OpenWrt GCC 12.3.0 r23809-234f1a2efa'\'' --prefix=/home/notlean/openwrt-uboost/staging_dir/toolchain-mipsel_24kc_gcc-12.3.0_musl --build=x86_64-pc-linux-gnu --host=x86_64-pc-linux-gnu --target=mipsel-openwrt-linux-musl --with-gnu-ld --enable-target-optspace --disable-libgomp --disable-libmudflap --disable-multilib --disable-libmpx --disable-nls --disable-libssp --without-isl --without-cloog --with-host-libstdcxx=-lstdc++ --with-float=soft --with-system-zlib=/home/notlean/openwrt-uboost/staging_dir/host --with-zstd=/home/notlean/openwrt-uboost/staging_dir/host --with-gmp=/home/notlean/openwrt-uboost/staging_dir/host --with-mpfr=/home/notlean/openwrt-uboost/staging_dir/host --with-mpc=/home/notlean/openwrt-uboost/staging_dir/host --disable-decimal-float --with-diagnostics-color=auto-if-env --enable-__cxa_atexit --enable-libstdcxx-dual-abi --with-default-libstdcxx-abi=new --with-mips-plt CFLAGS='\''-O2 -I/home/notlean/openwrt-uboost/staging_dir/host/include  -pipe'\'' CXXFLAGS='\''-O2 -I/home/notlean/openwrt-uboost/staging_dir/host/include  -pipe'\'' '\''CFLAGS_FOR_TARGET=-Os -pipe -mno-branch-likely -mips32r2 -mtune=24kc -fno-caller-saves -fno-plt -fhonour-copts -msoft-float -Wformat -Werror=format-security -fstack-protector -D_FORTIFY_SOURCE=1 -Wl,-z,now -Wl,-z,relro'\'' '\''CXXFLAGS_FOR_TARGET=-Os -pipe -mno-branch-likely -mips32r2 -mtune=24kc -fno-caller-saves -fno-plt -fhonour-copts -msoft-float -Wformat -Werror=format-security -fstack-protector -D_FORTIFY_SOURCE=1 -Wl,-z,now -Wl,-z,relro'\'' '\''GOCFLAGS_FOR_TARGET=-Os -pipe -mno-branch-likely -mips32r2 -mtune=24kc -fno-caller-saves -fno-plt -fhonour-copts -msoft-float -Wformat -Werror=format-security -fstack-protector -D_FORTIFY_SOURCE=1 -Wl,-z,now -Wl,-z,relro'\'' --with-headers=/home/notlean/openwrt-uboost/staging_dir/toolchain-mipsel_24kc_gcc-12.3.0_musl/include --enable-languages=c,c++ --enable-shared --enable-threads --with-slibdir=/home/notlean/openwrt-uboost/staging_dir/toolchain-mipsel_24kc_gcc-12.3.0_musl/lib --enable-plugins --enable-lto --with-libelf=/home/notlean/openwrt-uboost/staging_dir/host --disable-libsanitizer'
WINDMC='windmc'
WINDMC_FOR_BUILD='$(WINDMC)'
WINDMC_FOR_TARGET='mipsel-openwrt-linux-musl-windmc'
WINDRES='windres'
WINDRES_FOR_BUILD='$(WINDRES)'
WINDRES_FOR_TARGET='mipsel-openwrt-linux-musl-windres'
YACC='bison -y'
ac_ct_CC='gcc'
ac_ct_CXX='g++'
bindir='${exec_prefix}/bin'
build='x86_64-pc-linux-gnu'
build_alias='x86_64-pc-linux-gnu'
build_configargs=' --cache-file=./config.cache '\''--with-bugurl=http://bugs.openwrt.org/'\'' '\''--with-pkgversion=OpenWrt GCC 12.3.0 r23809-234f1a2efa'\'' '\''--prefix=/home/notlean/openwrt-uboost/staging_dir/toolchain-mipsel_24kc_gcc-12.3.0_musl'\'' '\''--with-gnu-ld'\'' '\''--enable-target-optspace'\'' '\''--disable-libgomp'\'' '\''--disable-libmudflap'\'' '\''--disable-multilib'\'' '\''--disable-libmpx'\'' '\''--disable-nls'\'' '\''--disable-libssp'\'' '\''--without-isl'\'' '\''--without-cloog'\'' '\''--with-host-libstdcxx=-lstdc++'\'' '\''--with-float=soft'\'' '\''--with-system-zlib=/home/notlean/openwrt-uboost/staging_dir/host'\'' '\''--with-zstd=/home/notlean/openwrt-uboost/staging_dir/host'\'' '\''--with-gmp=/home/notlean/openwrt-uboost/staging_dir/host'\'' '\''--with-mpfr=/home/notlean/openwrt-uboost/staging_dir/host'\'' '\''--with-mpc=/home/notlean/openwrt-uboost/staging_dir/host'\'' '\''--disable-decimal-float'\'' '\''--with-diagnostics-color=auto-if-env'\'' '\''--enable-__cxa_atexit'\'' '\''--enable-libstdcxx-dual-abi'\'' '\''--with-default-libstdcxx-abi=new'\'' '\''--with-mips-plt'\'' '\''--with-headers=/home/notlean/openwrt-uboost/staging_dir/toolchain-mipsel_24kc_gcc-12.3.0_musl/include'\'' '\''--enable-shared'\'' '\''--enable-threads'\'' '\''--with-slibdir=/home/notlean/openwrt-uboost/staging_dir/toolchain-mipsel_24kc_gcc-12.3.0_musl/lib'\'' '\''--enable-plugins'\'' '\''--enable-lto'\'' '\''--with-libelf=/home/notlean/openwrt-uboost/staging_dir/host'\'' '\''--disable-libsanitizer'\'' '\''--enable-languages=c,c++,lto'\'' --program-transform-name='\''s&^&mipsel-openwrt-linux-musl-&'\'' --disable-option-checking'
build_configdirs=' libiberty libcpp fixincludes'
build_cpu='x86_64'
build_libsubdir='build-x86_64-pc-linux-gnu'
build_noncanonical='x86_64-pc-linux-gnu'
build_os='linux-gnu'
build_subdir='build-x86_64-pc-linux-gnu'
build_tooldir='${exec_prefix}/mipsel-openwrt-linux-musl'
build_vendor='pc'
compare_exclusions='gcc/cc*-checksum$(objext) | gcc/ada/*tools/*'
configdirs=' intl libiberty zlib libbacktrace libcpp libcody libdecnumber fixincludes gcc libcc1 c++tools lto-plugin'
datadir='${datarootdir}'
datarootdir='${prefix}/share'
do_compare='cmp --ignore-initial=16 $$f1 $$f2'
docdir='${datarootdir}/doc/${PACKAGE}'
dvidir='${docdir}'
exec_prefix='${prefix}'
extra_host_libiberty_configure_flags='--enable-shared'
extra_host_zlib_configure_flags=''
extra_isl_gmp_configure_flags=''
extra_liboffloadmic_configure_flags=''
extra_linker_plugin_configure_flags=''
extra_linker_plugin_flags=''
extra_mpc_gmp_configure_flags=''
extra_mpc_mpfr_configure_flags=''
extra_mpfr_configure_flags=''
get_gcc_base_ver='cat'
gmpinc='-I/home/notlean/openwrt-uboost/staging_dir/host/include -I/home/notlean/openwrt-uboost/staging_dir/host/include -I/home/notlean/openwrt-uboost/staging_dir/host/include '
gmplibs='-L/home/notlean/openwrt-uboost/staging_dir/host/lib -L/home/notlean/openwrt-uboost/staging_dir/host/lib -L/home/notlean/openwrt-uboost/staging_dir/host/lib -lmpc -lmpfr -lgmp'
host='x86_64-pc-linux-gnu'
host_alias='x86_64-pc-linux-gnu'
host_configargs=' --cache-file=./config.cache  '\''--with-bugurl=http://bugs.openwrt.org/'\'' '\''--with-pkgversion=OpenWrt GCC 12.3.0 r23809-234f1a2efa'\'' '\''--prefix=/home/notlean/openwrt-uboost/staging_dir/toolchain-mipsel_24kc_gcc-12.3.0_musl'\'' '\''--with-gnu-ld'\'' '\''--enable-target-optspace'\'' '\''--disable-libgomp'\'' '\''--disable-libmudflap'\'' '\''--disable-multilib'\'' '\''--disable-libmpx'\'' '\''--disable-nls'\'' '\''--disable-libssp'\'' '\''--without-isl'\'' '\''--without-cloog'\'' '\''--with-host-libstdcxx=-lstdc++'\'' '\''--with-float=soft'\'' '\''--with-system-zlib=/home/notlean/openwrt-uboost/staging_dir/host'\'' '\''--with-zstd=/home/notlean/openwrt-uboost/staging_dir/host'\'' '\''--with-gmp=/home/notlean/openwrt-uboost/staging_dir/host'\'' '\''--with-mpfr=/home/notlean/openwrt-uboost/staging_dir/host'\'' '\''--with-mpc=/home/notlean/openwrt-uboost/staging_dir/host'\'' '\''--disable-decimal-float'\'' '\''--with-diagnostics-color=auto-if-env'\'' '\''--enable-__cxa_atexit'\'' '\''--enable-libstdcxx-dual-abi'\'' '\''--with-default-libstdcxx-abi=new'\'' '\''--with-mips-plt'\'' '\''--with-headers=/home/notlean/openwrt-uboost/staging_dir/toolchain-mipsel_24kc_gcc-12.3.0_musl/include'\'' '\''--enable-shared'\'' '\''--enable-threads'\'' '\''--with-slibdir=/home/notlean/openwrt-uboost/staging_dir/toolchain-mipsel_24kc_gcc-12.3.0_musl/lib'\'' '\''--enable-plugins'\'' '\''--enable-lto'\'' '\''--with-libelf=/home/notlean/openwrt-uboost/staging_dir/host'\'' '\''--disable-libsanitizer'\'' '\''--enable-languages=c,c++,lto'\'' --program-transform-name='\''s&^&mipsel-openwrt-linux-musl-&'\'' --disable-option-checking'
host_cpu='x86_64'
host_noncanonical='x86_64-pc-linux-gnu'
host_os='linux-gnu'
host_shared='no'
host_subdir='.'
host_vendor='pc'
htmldir='${docdir}'
includedir='${prefix}/include'
infodir='${datarootdir}/info'
islinc=''
isllibs=''
libdir='${exec_prefix}/lib'
libexecdir='${exec_prefix}/libexec'
localedir='${datarootdir}/locale'
localstatedir='${prefix}/var'
mandir='${datarootdir}/man'
oldincludedir='/usr/include'
pdfdir='${docdir}'
poststage1_ldflags='-static-libstdc++ -static-libgcc'
poststage1_libs=''
prefix='/home/notlean/openwrt-uboost/staging_dir/toolchain-mipsel_24kc_gcc-12.3.0_musl'
program_transform_name='s&^&mipsel-openwrt-linux-musl-&'
psdir='${docdir}'
sbindir='${exec_prefix}/sbin'
sharedstatedir='${prefix}/com'
stage1_cflags='-g'
stage1_checking='--enable-checking=yes,types'
stage1_languages='c,c++,lto'
stage1_ldflags='-static-libstdc++ -static-libgcc'
stage1_libs=''
stage2_werror_flag=''
sysconfdir='${prefix}/etc'
target='mipsel-openwrt-linux-musl'
target_alias='mipsel-openwrt-linux-musl'
target_configargs='--cache-file=./config.cache --with-cross-host=x86_64-pc-linux-gnu   '\''--with-bugurl=http://bugs.openwrt.org/'\'' '\''--with-pkgversion=OpenWrt GCC 12.3.0 r23809-234f1a2efa'\'' '\''--prefix=/home/notlean/openwrt-uboost/staging_dir/toolchain-mipsel_24kc_gcc-12.3.0_musl'\'' '\''--with-gnu-ld'\'' '\''--enable-target-optspace'\'' '\''--disable-libgomp'\'' '\''--disable-libmudflap'\'' '\''--disable-multilib'\'' '\''--disable-libmpx'\'' '\''--disable-nls'\'' '\''--disable-libssp'\'' '\''--without-cloog'\'' '\''--with-host-libstdcxx=-lstdc++'\'' '\''--with-float=soft'\'' '\''--with-system-zlib=/home/notlean/openwrt-uboost/staging_dir/host'\'' '\''--with-zstd=/home/notlean/openwrt-uboost/staging_dir/host'\'' '\''--disable-decimal-float'\'' '\''--with-diagnostics-color=auto-if-env'\'' '\''--enable-__cxa_atexit'\'' '\''--enable-libstdcxx-dual-abi'\'' '\''--with-default-libstdcxx-abi=new'\'' '\''--with-mips-plt'\'' '\''--with-headers=/home/notlean/openwrt-uboost/staging_dir/toolchain-mipsel_24kc_gcc-12.3.0_musl/include'\'' '\''--enable-shared'\'' '\''--enable-threads'\'' '\''--with-slibdir=/home/notlean/openwrt-uboost/staging_dir/toolchain-mipsel_24kc_gcc-12.3.0_musl/lib'\'' '\''--enable-plugins'\'' '\''--enable-lto'\'' '\''--with-libelf=/home/notlean/openwrt-uboost/staging_dir/host'\'' '\''--disable-libsanitizer'\'' '\''--enable-languages=c,c++,lto'\'' --program-transform-name='\''s&^&mipsel-openwrt-linux-musl-&'\'' --disable-option-checking'
target_configdirs=' libgcc libatomic libstdc++-v3 libquadmath'
target_cpu='mipsel'
target_noncanonical='mipsel-openwrt-linux-musl'
target_os='linux-musl'
target_subdir='mipsel-openwrt-linux-musl'
target_vendor='openwrt'
tooldir='${exec_prefix}/mipsel-openwrt-linux-musl'

## ------------------- ##
## File substitutions. ##
## ------------------- ##

alphaieee_frag='/dev/null'
host_makefile_frag='/dev/null'
ospace_frag='/home/notlean/openwrt-uboost/build_dir/toolchain-mipsel_24kc_gcc-12.3.0_musl/gcc-12.3.0/config/mt-ospace'
serialization_dependencies='serdep.tmp'
target_makefile_frag='/home/notlean/openwrt-uboost/build_dir/toolchain-mipsel_24kc_gcc-12.3.0_musl/gcc-12.3.0/config/mt-mips-gnu'

## ----------- ##
## confdefs.h. ##
## ----------- ##

/* confdefs.h */
#define PACKAGE_NAME ""
#define PACKAGE_TARNAME ""
#define PACKAGE_VERSION ""
#define PACKAGE_STRING ""
#define PACKAGE_BUGREPORT ""
#define PACKAGE_URL ""
#define HAVE_CXX11 1
#define LT_OBJDIR ".libs/"

configure: exit 0
