This file contains any messages produced by compilers while
running configure, to aid debugging if configure makes a mistake.

It was created by acl configure 2.3.1, which was
generated by GNU Autoconf 2.71.  Invocation command line was

  $ ./configure --target=mipsel-openwrt-linux --host=mipsel-openwrt-linux --build=x86_64-pc-linux-gnu --disable-dependency-tracking --program-prefix= --program-suffix= --prefix=/usr --exec-prefix=/usr --bindir=/usr/bin --sbindir=/usr/sbin --libexecdir=/usr/lib --sysconfdir=/etc --datadir=/usr/share --localstatedir=/var --mandir=/usr/man --infodir=/usr/info --disable-nls --enable-static --enable-shared

## --------- ##
## Platform. ##
## --------- ##

hostname = Notlean
uname -m = x86_64
uname -r = 6.14.0-33-generic
uname -s = Linux
uname -v = #33~24.04.1-Ubuntu SMP PREEMPT_DYNAMIC Fri Sep 19 17:02:30 UTC 2

/usr/bin/uname -p = x86_64
/bin/uname -X     = unknown

/bin/arch              = x86_64
/usr/bin/arch -k       = unknown
/usr/convex/getsysinfo = unknown
/usr/bin/hostinfo      = unknown
/bin/machine           = unknown
/usr/bin/oslevel       = unknown
/bin/universe          = unknown

PATH: /home/notlean/openwrt-uboost/staging_dir/target-mipsel_24kc_musl/host/bin/
PATH: /home/notlean/openwrt-uboost/staging_dir/hostpkg/bin/
PATH: /home/notlean/openwrt-uboost/staging_dir/toolchain-mipsel_24kc_gcc-12.3.0_musl/bin/
PATH: /home/notlean/openwrt-uboost/staging_dir/toolchain-mipsel_24kc_gcc-12.3.0_musl/bin/
PATH: /home/notlean/openwrt-uboost/staging_dir/host/bin/
PATH: /home/notlean/openwrt-uboost/staging_dir/host/bin/
PATH: /usr/local/sbin/
PATH: /usr/local/bin/
PATH: /usr/sbin/
PATH: /usr/bin/
PATH: /sbin/
PATH: /bin/
PATH: /usr/games/
PATH: /usr/local/games/
PATH: /snap/bin/
PATH: /snap/bin/


## ----------- ##
## Core tests. ##
## ----------- ##

configure:2049: loading site script /home/notlean/openwrt-uboost/include/site/mipsel
| #!/bin/sh
| . $TOPDIR/include/site/linux
| ac_cv_c_littleendian=${ac_cv_c_littleendian=yes}
| ac_cv_c_bigendian=${ac_cv_c_bigendian=no}
| 
| ac_cv_sizeof___int64=0
| ac_cv_sizeof_char=1
| ac_cv_sizeof_int=4
| ac_cv_sizeof_int16_t=2
| ac_cv_sizeof_int32_t=4
| ac_cv_sizeof_int64_t=8
| ac_cv_sizeof_long_int=4
| ac_cv_sizeof_long_long=8
| ac_cv_sizeof_long=4
| ac_cv_sizeof_off_t=8
| ac_cv_sizeof_short_int=2
| ac_cv_sizeof_short=2
| ac_cv_sizeof_size_t=4
| ac_cv_sizeof_ssize_t=4
| ac_cv_sizeof_u_int16_t=2
| ac_cv_sizeof_u_int32_t=4
| ac_cv_sizeof_u_int64_t=8
| ac_cv_sizeof_uint16_t=2
| ac_cv_sizeof_uint32_t=4
| ac_cv_sizeof_uint64_t=8
| ac_cv_sizeof_unsigned_int=4
| ac_cv_sizeof_unsigned_long=4
| ac_cv_sizeof_unsigned_long_long=8
| ac_cv_sizeof_unsigned_short=2
| ac_cv_sizeof_void_p=4
configure:2410: looking for aux files: config.guess config.sub ltmain.sh ar-lib compile missing install-sh
configure:2423:  trying ./build-aux/
configure:2452:   ./build-aux/config.guess found
configure:2452:   ./build-aux/config.sub found
configure:2452:   ./build-aux/ltmain.sh found
configure:2452:   ./build-aux/ar-lib found
configure:2452:   ./build-aux/compile found
configure:2452:   ./build-aux/missing found
configure:2434:   ./build-aux/install-sh found
configure:2587: checking for a BSD-compatible install
configure:2660: result: /home/notlean/openwrt-uboost/staging_dir/host/bin/install -c
configure:2671: checking whether build environment is sane
configure:2726: result: yes
configure:2782: checking for mipsel-openwrt-linux-strip
configure:2814: result: mipsel-openwrt-linux-musl-strip
configure:2885: checking for a race-free mkdir -p
configure:2929: result: /usr/bin/mkdir -p
configure:2936: checking for gawk
configure:2957: found /usr/bin/gawk
configure:2968: result: gawk
configure:2979: checking whether make sets $(MAKE)
configure:3002: result: yes
configure:3032: checking whether make supports nested variables
configure:3050: result: yes
configure:3198: checking whether make supports nested variables
configure:3216: result: yes
configure:3245: checking for mipsel-openwrt-linux-gcc
configure:3277: result: mipsel-openwrt-linux-musl-gcc
configure:3675: checking for C compiler version
configure:3684: mipsel-openwrt-linux-musl-gcc --version >&5
mipsel-openwrt-linux-musl-gcc (OpenWrt GCC 12.3.0 r23809-234f1a2efa) 12.3.0
Copyright (C) 2022 Free Software Foundation, Inc.
This is free software; see the source for copying conditions.  There is NO
warranty; not even for MERCHANTABILITY or FITNESS FOR A PARTICULAR PURPOSE.

configure:3695: $? = 0
configure:3684: mipsel-openwrt-linux-musl-gcc -v >&5
Reading specs from /home/notlean/openwrt-uboost/staging_dir/toolchain-mipsel_24kc_gcc-12.3.0_musl/lib/gcc/mipsel-openwrt-linux-musl/12.3.0/specs
COLLECT_GCC=mipsel-openwrt-linux-musl-gcc
COLLECT_LTO_WRAPPER=/home/notlean/openwrt-uboost/staging_dir/toolchain-mipsel_24kc_gcc-12.3.0_musl/libexec/gcc/mipsel-openwrt-linux-musl/12.3.0/lto-wrapper
Target: mipsel-openwrt-linux-musl
Configured with: /home/notlean/openwrt-uboost/build_dir/toolchain-mipsel_24kc_gcc-12.3.0_musl/gcc-12.3.0/configure --with-bugurl=http://bugs.openwrt.org/ --with-pkgversion='OpenWrt GCC 12.3.0 r23809-234f1a2efa' --prefix=/home/notlean/openwrt-uboost/staging_dir/toolchain-mipsel_24kc_gcc-12.3.0_musl --build=x86_64-pc-linux-gnu --host=x86_64-pc-linux-gnu --target=mipsel-openwrt-linux-musl --with-gnu-ld --enable-target-optspace --disable-libgomp --disable-libmudflap --disable-multilib --disable-libmpx --disable-nls --disable-libssp --without-isl --without-cloog --with-host-libstdcxx=-lstdc++ --with-float=soft --with-system-zlib=/home/notlean/openwrt-uboost/staging_dir/host --with-zstd=/home/notlean/openwrt-uboost/staging_dir/host --with-gmp=/home/notlean/openwrt-uboost/staging_dir/host --with-mpfr=/home/notlean/openwrt-uboost/staging_dir/host --with-mpc=/home/notlean/openwrt-uboost/staging_dir/host --disable-decimal-float --with-diagnostics-color=auto-if-env --enable-__cxa_atexit --enable-libstdcxx-dual-abi --with-default-libstdcxx-abi=new --with-mips-plt CFLAGS='-O2 -I/home/notlean/openwrt-uboost/staging_dir/host/include  -pipe' CXXFLAGS='-O2 -I/home/notlean/openwrt-uboost/staging_dir/host/include  -pipe' 'CFLAGS_FOR_TARGET=-Os -pipe -mno-branch-likely -mips32r2 -mtune=24kc -fno-caller-saves -fno-plt -fhonour-copts -msoft-float -Wformat -Werror=format-security -fstack-protector -D_FORTIFY_SOURCE=1 -Wl,-z,now -Wl,-z,relro' 'CXXFLAGS_FOR_TARGET=-Os -pipe -mno-branch-likely -mips32r2 -mtune=24kc -fno-caller-saves -fno-plt -fhonour-copts -msoft-float -Wformat -Werror=format-security -fstack-protector -D_FORTIFY_SOURCE=1 -Wl,-z,now -Wl,-z,relro' 'GOCFLAGS_FOR_TARGET=-Os -pipe -mno-branch-likely -mips32r2 -mtune=24kc -fno-caller-saves -fno-plt -fhonour-copts -msoft-float -Wformat -Werror=format-security -fstack-protector -D_FORTIFY_SOURCE=1 -Wl,-z,now -Wl,-z,relro' --with-headers=/home/notlean/openwrt-uboost/staging_dir/toolchain-mipsel_24kc_gcc-12.3.0_musl/include --enable-languages=c,c++ --enable-shared --enable-threads --with-slibdir=/home/notlean/openwrt-uboost/staging_dir/toolchain-mipsel_24kc_gcc-12.3.0_musl/lib --enable-plugins --enable-lto --with-libelf=/home/notlean/openwrt-uboost/staging_dir/host --disable-libsanitizer
Thread model: posix
Supported LTO compression algorithms: zlib zstd
gcc version 12.3.0 (OpenWrt GCC 12.3.0 r23809-234f1a2efa) 
configure:3695: $? = 0
configure:3684: mipsel-openwrt-linux-musl-gcc -V >&5
mipsel-openwrt-linux-musl-gcc: error: unrecognized command-line option '-V'
mipsel-openwrt-linux-musl-gcc: fatal error: no input files
compilation terminated.
configure:3695: $? = 1
configure:3684: mipsel-openwrt-linux-musl-gcc -qversion >&5
mipsel-openwrt-linux-musl-gcc: error: unrecognized command-line option '-qversion'; did you mean '--version'?
mipsel-openwrt-linux-musl-gcc: fatal error: no input files
compilation terminated.
configure:3695: $? = 1
configure:3684: mipsel-openwrt-linux-musl-gcc -version >&5
mipsel-openwrt-linux-musl-gcc: error: unrecognized command-line option '-version'
mipsel-openwrt-linux-musl-gcc: fatal error: no input files
compilation terminated.
configure:3695: $? = 1
configure:3715: checking whether the C compiler works
configure:3737: mipsel-openwrt-linux-musl-gcc -Os -pipe -mno-branch-likely -mips32r2 -mtune=24kc -fno-caller-saves -fno-plt -fhonour-copts -msoft-float -fmacro-prefix-map=/home/notlean/openwrt-uboost/build_dir/target-mipsel_24kc_musl/acl-2.3.1=acl-2.3.1 -mips16 -minterlink-mips16 -Wformat -Werror=format-security -fstack-protector -D_FORTIFY_SOURCE=1 -Wl,-z,now -Wl,-z,relro  -I/home/notlean/openwrt-uboost/staging_dir/toolchain-mipsel_24kc_gcc-12.3.0_musl/usr/include -I/home/notlean/openwrt-uboost/staging_dir/toolchain-mipsel_24kc_gcc-12.3.0_musl/include/fortify -I/home/notlean/openwrt-uboost/staging_dir/toolchain-mipsel_24kc_gcc-12.3.0_musl/include  -L/home/notlean/openwrt-uboost/staging_dir/toolchain-mipsel_24kc_gcc-12.3.0_musl/usr/lib -L/home/notlean/openwrt-uboost/staging_dir/toolchain-mipsel_24kc_gcc-12.3.0_musl/lib -znow -zrelro  conftest.c  >&5
configure:3741: $? = 0
configure:3791: result: yes
configure:3794: checking for C compiler default output file name
configure:3796: result: a.out
configure:3802: checking for suffix of executables
configure:3809: mipsel-openwrt-linux-musl-gcc -o conftest -Os -pipe -mno-branch-likely -mips32r2 -mtune=24kc -fno-caller-saves -fno-plt -fhonour-copts -msoft-float -fmacro-prefix-map=/home/notlean/openwrt-uboost/build_dir/target-mipsel_24kc_musl/acl-2.3.1=acl-2.3.1 -mips16 -minterlink-mips16 -Wformat -Werror=format-security -fstack-protector -D_FORTIFY_SOURCE=1 -Wl,-z,now -Wl,-z,relro  -I/home/notlean/openwrt-uboost/staging_dir/toolchain-mipsel_24kc_gcc-12.3.0_musl/usr/include -I/home/notlean/openwrt-uboost/staging_dir/toolchain-mipsel_24kc_gcc-12.3.0_musl/include/fortify -I/home/notlean/openwrt-uboost/staging_dir/toolchain-mipsel_24kc_gcc-12.3.0_musl/include  -L/home/notlean/openwrt-uboost/staging_dir/toolchain-mipsel_24kc_gcc-12.3.0_musl/usr/lib -L/home/notlean/openwrt-uboost/staging_dir/toolchain-mipsel_24kc_gcc-12.3.0_musl/lib -znow -zrelro  conftest.c  >&5
configure:3813: $? = 0
configure:3836: result: 
configure:3858: checking whether we are cross compiling
configure:3896: result: yes
configure:3901: checking for suffix of object files
configure:3924: mipsel-openwrt-linux-musl-gcc -c -Os -pipe -mno-branch-likely -mips32r2 -mtune=24kc -fno-caller-saves -fno-plt -fhonour-copts -msoft-float -fmacro-prefix-map=/home/notlean/openwrt-uboost/build_dir/target-mipsel_24kc_musl/acl-2.3.1=acl-2.3.1 -mips16 -minterlink-mips16 -Wformat -Werror=format-security -fstack-protector -D_FORTIFY_SOURCE=1 -Wl,-z,now -Wl,-z,relro  -I/home/notlean/openwrt-uboost/staging_dir/toolchain-mipsel_24kc_gcc-12.3.0_musl/usr/include -I/home/notlean/openwrt-uboost/staging_dir/toolchain-mipsel_24kc_gcc-12.3.0_musl/include/fortify -I/home/notlean/openwrt-uboost/staging_dir/toolchain-mipsel_24kc_gcc-12.3.0_musl/include  conftest.c >&5
configure:3928: $? = 0
configure:3950: result: o
configure:3954: checking whether the compiler supports GNU C
configure:3974: mipsel-openwrt-linux-musl-gcc -c -Os -pipe -mno-branch-likely -mips32r2 -mtune=24kc -fno-caller-saves -fno-plt -fhonour-copts -msoft-float -fmacro-prefix-map=/home/notlean/openwrt-uboost/build_dir/target-mipsel_24kc_musl/acl-2.3.1=acl-2.3.1 -mips16 -minterlink-mips16 -Wformat -Werror=format-security -fstack-protector -D_FORTIFY_SOURCE=1 -Wl,-z,now -Wl,-z,relro  -I/home/notlean/openwrt-uboost/staging_dir/toolchain-mipsel_24kc_gcc-12.3.0_musl/usr/include -I/home/notlean/openwrt-uboost/staging_dir/toolchain-mipsel_24kc_gcc-12.3.0_musl/include/fortify -I/home/notlean/openwrt-uboost/staging_dir/toolchain-mipsel_24kc_gcc-12.3.0_musl/include  conftest.c >&5
configure:3974: $? = 0
configure:3984: result: yes
configure:3995: checking whether mipsel-openwrt-linux-musl-gcc accepts -g
configure:4016: mipsel-openwrt-linux-musl-gcc -c -g -I/home/notlean/openwrt-uboost/staging_dir/toolchain-mipsel_24kc_gcc-12.3.0_musl/usr/include -I/home/notlean/openwrt-uboost/staging_dir/toolchain-mipsel_24kc_gcc-12.3.0_musl/include/fortify -I/home/notlean/openwrt-uboost/staging_dir/toolchain-mipsel_24kc_gcc-12.3.0_musl/include  conftest.c >&5
cc1: note: someone does not honour COPTS correctly, passed 0 times
configure:4016: $? = 0
configure: failed program was:
| /* confdefs.h */
| #define PACKAGE_NAME "acl"
| #define PACKAGE_TARNAME "acl"
| #define PACKAGE_VERSION "2.3.1"
| #define PACKAGE_STRING "acl 2.3.1"
| #define PACKAGE_BUGREPORT "acl-devel@nongnu.org"
| #define PACKAGE_URL ""
| #define PACKAGE "acl"
| #define VERSION "2.3.1"
| /* end confdefs.h.  */
| 
| int
| main (void)
| {
| 
|   ;
|   return 0;
| }
configure:4032: mipsel-openwrt-linux-musl-gcc -c  -I/home/notlean/openwrt-uboost/staging_dir/toolchain-mipsel_24kc_gcc-12.3.0_musl/usr/include -I/home/notlean/openwrt-uboost/staging_dir/toolchain-mipsel_24kc_gcc-12.3.0_musl/include/fortify -I/home/notlean/openwrt-uboost/staging_dir/toolchain-mipsel_24kc_gcc-12.3.0_musl/include  conftest.c >&5
cc1: note: someone does not honour COPTS correctly, passed 0 times
configure:4032: $? = 0
configure: failed program was:
| /* confdefs.h */
| #define PACKAGE_NAME "acl"
| #define PACKAGE_TARNAME "acl"
| #define PACKAGE_VERSION "2.3.1"
| #define PACKAGE_STRING "acl 2.3.1"
| #define PACKAGE_BUGREPORT "acl-devel@nongnu.org"
| #define PACKAGE_URL ""
| #define PACKAGE "acl"
| #define VERSION "2.3.1"
| /* end confdefs.h.  */
| 
| int
| main (void)
| {
| 
|   ;
|   return 0;
| }
configure:4049: mipsel-openwrt-linux-musl-gcc -c -g -I/home/notlean/openwrt-uboost/staging_dir/toolchain-mipsel_24kc_gcc-12.3.0_musl/usr/include -I/home/notlean/openwrt-uboost/staging_dir/toolchain-mipsel_24kc_gcc-12.3.0_musl/include/fortify -I/home/notlean/openwrt-uboost/staging_dir/toolchain-mipsel_24kc_gcc-12.3.0_musl/include  conftest.c >&5
cc1: note: someone does not honour COPTS correctly, passed 0 times
configure:4049: $? = 0
configure:4060: result: yes
configure:4080: checking for mipsel-openwrt-linux-musl-gcc option to enable C11 features
configure:4095: mipsel-openwrt-linux-musl-gcc  -c -Os -pipe -mno-branch-likely -mips32r2 -mtune=24kc -fno-caller-saves -fno-plt -fhonour-copts -msoft-float -fmacro-prefix-map=/home/notlean/openwrt-uboost/build_dir/target-mipsel_24kc_musl/acl-2.3.1=acl-2.3.1 -mips16 -minterlink-mips16 -Wformat -Werror=format-security -fstack-protector -D_FORTIFY_SOURCE=1 -Wl,-z,now -Wl,-z,relro  -I/home/notlean/openwrt-uboost/staging_dir/toolchain-mipsel_24kc_gcc-12.3.0_musl/usr/include -I/home/notlean/openwrt-uboost/staging_dir/toolchain-mipsel_24kc_gcc-12.3.0_musl/include/fortify -I/home/notlean/openwrt-uboost/staging_dir/toolchain-mipsel_24kc_gcc-12.3.0_musl/include  conftest.c >&5
configure:4095: $? = 0
configure:4113: result: none needed
configure:4229: checking whether mipsel-openwrt-linux-musl-gcc understands -c and -o together
configure:4252: mipsel-openwrt-linux-musl-gcc -c conftest.c -o conftest2.o
cc1: note: someone does not honour COPTS correctly, passed 0 times
configure:4255: $? = 0
configure:4252: mipsel-openwrt-linux-musl-gcc -c conftest.c -o conftest2.o
cc1: note: someone does not honour COPTS correctly, passed 0 times
configure:4255: $? = 0
configure:4267: result: yes
configure:4287: checking whether make supports the include directive
configure:4302: make -f confmf.GNU && cat confinc.out
make[3]: Entering directory '/home/notlean/openwrt-uboost/build_dir/target-mipsel_24kc_musl/acl-2.3.1'
make[3]: Leaving directory '/home/notlean/openwrt-uboost/build_dir/target-mipsel_24kc_musl/acl-2.3.1'
this is the am__doit target
configure:4305: $? = 0
configure:4324: result: yes (GNU style)
configure:4350: checking dependency style of mipsel-openwrt-linux-musl-gcc
configure:4462: result: none
configure:4483: checking for stdio.h
configure:4483: mipsel-openwrt-linux-musl-gcc -c -Os -pipe -mno-branch-likely -mips32r2 -mtune=24kc -fno-caller-saves -fno-plt -fhonour-copts -msoft-float -fmacro-prefix-map=/home/notlean/openwrt-uboost/build_dir/target-mipsel_24kc_musl/acl-2.3.1=acl-2.3.1 -mips16 -minterlink-mips16 -Wformat -Werror=format-security -fstack-protector -D_FORTIFY_SOURCE=1 -Wl,-z,now -Wl,-z,relro  -I/home/notlean/openwrt-uboost/staging_dir/toolchain-mipsel_24kc_gcc-12.3.0_musl/usr/include -I/home/notlean/openwrt-uboost/staging_dir/toolchain-mipsel_24kc_gcc-12.3.0_musl/include/fortify -I/home/notlean/openwrt-uboost/staging_dir/toolchain-mipsel_24kc_gcc-12.3.0_musl/include  conftest.c >&5
configure:4483: $? = 0
configure:4483: result: yes
configure:4483: checking for stdlib.h
configure:4483: mipsel-openwrt-linux-musl-gcc -c -Os -pipe -mno-branch-likely -mips32r2 -mtune=24kc -fno-caller-saves -fno-plt -fhonour-copts -msoft-float -fmacro-prefix-map=/home/notlean/openwrt-uboost/build_dir/target-mipsel_24kc_musl/acl-2.3.1=acl-2.3.1 -mips16 -minterlink-mips16 -Wformat -Werror=format-security -fstack-protector -D_FORTIFY_SOURCE=1 -Wl,-z,now -Wl,-z,relro  -I/home/notlean/openwrt-uboost/staging_dir/toolchain-mipsel_24kc_gcc-12.3.0_musl/usr/include -I/home/notlean/openwrt-uboost/staging_dir/toolchain-mipsel_24kc_gcc-12.3.0_musl/include/fortify -I/home/notlean/openwrt-uboost/staging_dir/toolchain-mipsel_24kc_gcc-12.3.0_musl/include  conftest.c >&5
configure:4483: $? = 0
configure:4483: result: yes
configure:4483: checking for string.h
configure:4483: mipsel-openwrt-linux-musl-gcc -c -Os -pipe -mno-branch-likely -mips32r2 -mtune=24kc -fno-caller-saves -fno-plt -fhonour-copts -msoft-float -fmacro-prefix-map=/home/notlean/openwrt-uboost/build_dir/target-mipsel_24kc_musl/acl-2.3.1=acl-2.3.1 -mips16 -minterlink-mips16 -Wformat -Werror=format-security -fstack-protector -D_FORTIFY_SOURCE=1 -Wl,-z,now -Wl,-z,relro  -I/home/notlean/openwrt-uboost/staging_dir/toolchain-mipsel_24kc_gcc-12.3.0_musl/usr/include -I/home/notlean/openwrt-uboost/staging_dir/toolchain-mipsel_24kc_gcc-12.3.0_musl/include/fortify -I/home/notlean/openwrt-uboost/staging_dir/toolchain-mipsel_24kc_gcc-12.3.0_musl/include  conftest.c >&5
configure:4483: $? = 0
configure:4483: result: yes
configure:4483: checking for inttypes.h
configure:4483: mipsel-openwrt-linux-musl-gcc -c -Os -pipe -mno-branch-likely -mips32r2 -mtune=24kc -fno-caller-saves -fno-plt -fhonour-copts -msoft-float -fmacro-prefix-map=/home/notlean/openwrt-uboost/build_dir/target-mipsel_24kc_musl/acl-2.3.1=acl-2.3.1 -mips16 -minterlink-mips16 -Wformat -Werror=format-security -fstack-protector -D_FORTIFY_SOURCE=1 -Wl,-z,now -Wl,-z,relro  -I/home/notlean/openwrt-uboost/staging_dir/toolchain-mipsel_24kc_gcc-12.3.0_musl/usr/include -I/home/notlean/openwrt-uboost/staging_dir/toolchain-mipsel_24kc_gcc-12.3.0_musl/include/fortify -I/home/notlean/openwrt-uboost/staging_dir/toolchain-mipsel_24kc_gcc-12.3.0_musl/include  conftest.c >&5
configure:4483: $? = 0
configure:4483: result: yes
configure:4483: checking for stdint.h
configure:4483: mipsel-openwrt-linux-musl-gcc -c -Os -pipe -mno-branch-likely -mips32r2 -mtune=24kc -fno-caller-saves -fno-plt -fhonour-copts -msoft-float -fmacro-prefix-map=/home/notlean/openwrt-uboost/build_dir/target-mipsel_24kc_musl/acl-2.3.1=acl-2.3.1 -mips16 -minterlink-mips16 -Wformat -Werror=format-security -fstack-protector -D_FORTIFY_SOURCE=1 -Wl,-z,now -Wl,-z,relro  -I/home/notlean/openwrt-uboost/staging_dir/toolchain-mipsel_24kc_gcc-12.3.0_musl/usr/include -I/home/notlean/openwrt-uboost/staging_dir/toolchain-mipsel_24kc_gcc-12.3.0_musl/include/fortify -I/home/notlean/openwrt-uboost/staging_dir/toolchain-mipsel_24kc_gcc-12.3.0_musl/include  conftest.c >&5
configure:4483: $? = 0
configure:4483: result: yes
configure:4483: checking for strings.h
configure:4483: mipsel-openwrt-linux-musl-gcc -c -Os -pipe -mno-branch-likely -mips32r2 -mtune=24kc -fno-caller-saves -fno-plt -fhonour-copts -msoft-float -fmacro-prefix-map=/home/notlean/openwrt-uboost/build_dir/target-mipsel_24kc_musl/acl-2.3.1=acl-2.3.1 -mips16 -minterlink-mips16 -Wformat -Werror=format-security -fstack-protector -D_FORTIFY_SOURCE=1 -Wl,-z,now -Wl,-z,relro  -I/home/notlean/openwrt-uboost/staging_dir/toolchain-mipsel_24kc_gcc-12.3.0_musl/usr/include -I/home/notlean/openwrt-uboost/staging_dir/toolchain-mipsel_24kc_gcc-12.3.0_musl/include/fortify -I/home/notlean/openwrt-uboost/staging_dir/toolchain-mipsel_24kc_gcc-12.3.0_musl/include  conftest.c >&5
configure:4483: $? = 0
configure:4483: result: yes
configure:4483: checking for sys/stat.h
configure:4483: mipsel-openwrt-linux-musl-gcc -c -Os -pipe -mno-branch-likely -mips32r2 -mtune=24kc -fno-caller-saves -fno-plt -fhonour-copts -msoft-float -fmacro-prefix-map=/home/notlean/openwrt-uboost/build_dir/target-mipsel_24kc_musl/acl-2.3.1=acl-2.3.1 -mips16 -minterlink-mips16 -Wformat -Werror=format-security -fstack-protector -D_FORTIFY_SOURCE=1 -Wl,-z,now -Wl,-z,relro  -I/home/notlean/openwrt-uboost/staging_dir/toolchain-mipsel_24kc_gcc-12.3.0_musl/usr/include -I/home/notlean/openwrt-uboost/staging_dir/toolchain-mipsel_24kc_gcc-12.3.0_musl/include/fortify -I/home/notlean/openwrt-uboost/staging_dir/toolchain-mipsel_24kc_gcc-12.3.0_musl/include  conftest.c >&5
configure:4483: $? = 0
configure:4483: result: yes
configure:4483: checking for sys/types.h
configure:4483: mipsel-openwrt-linux-musl-gcc -c -Os -pipe -mno-branch-likely -mips32r2 -mtune=24kc -fno-caller-saves -fno-plt -fhonour-copts -msoft-float -fmacro-prefix-map=/home/notlean/openwrt-uboost/build_dir/target-mipsel_24kc_musl/acl-2.3.1=acl-2.3.1 -mips16 -minterlink-mips16 -Wformat -Werror=format-security -fstack-protector -D_FORTIFY_SOURCE=1 -Wl,-z,now -Wl,-z,relro  -I/home/notlean/openwrt-uboost/staging_dir/toolchain-mipsel_24kc_gcc-12.3.0_musl/usr/include -I/home/notlean/openwrt-uboost/staging_dir/toolchain-mipsel_24kc_gcc-12.3.0_musl/include/fortify -I/home/notlean/openwrt-uboost/staging_dir/toolchain-mipsel_24kc_gcc-12.3.0_musl/include  conftest.c >&5
configure:4483: $? = 0
configure:4483: result: yes
configure:4483: checking for unistd.h
configure:4483: mipsel-openwrt-linux-musl-gcc -c -Os -pipe -mno-branch-likely -mips32r2 -mtune=24kc -fno-caller-saves -fno-plt -fhonour-copts -msoft-float -fmacro-prefix-map=/home/notlean/openwrt-uboost/build_dir/target-mipsel_24kc_musl/acl-2.3.1=acl-2.3.1 -mips16 -minterlink-mips16 -Wformat -Werror=format-security -fstack-protector -D_FORTIFY_SOURCE=1 -Wl,-z,now -Wl,-z,relro  -I/home/notlean/openwrt-uboost/staging_dir/toolchain-mipsel_24kc_gcc-12.3.0_musl/usr/include -I/home/notlean/openwrt-uboost/staging_dir/toolchain-mipsel_24kc_gcc-12.3.0_musl/include/fortify -I/home/notlean/openwrt-uboost/staging_dir/toolchain-mipsel_24kc_gcc-12.3.0_musl/include  conftest.c >&5
configure:4483: $? = 0
configure:4483: result: yes
configure:4483: checking for wchar.h
configure:4483: mipsel-openwrt-linux-musl-gcc -c -Os -pipe -mno-branch-likely -mips32r2 -mtune=24kc -fno-caller-saves -fno-plt -fhonour-copts -msoft-float -fmacro-prefix-map=/home/notlean/openwrt-uboost/build_dir/target-mipsel_24kc_musl/acl-2.3.1=acl-2.3.1 -mips16 -minterlink-mips16 -Wformat -Werror=format-security -fstack-protector -D_FORTIFY_SOURCE=1 -Wl,-z,now -Wl,-z,relro  -I/home/notlean/openwrt-uboost/staging_dir/toolchain-mipsel_24kc_gcc-12.3.0_musl/usr/include -I/home/notlean/openwrt-uboost/staging_dir/toolchain-mipsel_24kc_gcc-12.3.0_musl/include/fortify -I/home/notlean/openwrt-uboost/staging_dir/toolchain-mipsel_24kc_gcc-12.3.0_musl/include  conftest.c >&5
configure:4483: $? = 0
configure:4483: result: yes
configure:4483: checking for minix/config.h
configure:4483: mipsel-openwrt-linux-musl-gcc -c -Os -pipe -mno-branch-likely -mips32r2 -mtune=24kc -fno-caller-saves -fno-plt -fhonour-copts -msoft-float -fmacro-prefix-map=/home/notlean/openwrt-uboost/build_dir/target-mipsel_24kc_musl/acl-2.3.1=acl-2.3.1 -mips16 -minterlink-mips16 -Wformat -Werror=format-security -fstack-protector -D_FORTIFY_SOURCE=1 -Wl,-z,now -Wl,-z,relro  -I/home/notlean/openwrt-uboost/staging_dir/toolchain-mipsel_24kc_gcc-12.3.0_musl/usr/include -I/home/notlean/openwrt-uboost/staging_dir/toolchain-mipsel_24kc_gcc-12.3.0_musl/include/fortify -I/home/notlean/openwrt-uboost/staging_dir/toolchain-mipsel_24kc_gcc-12.3.0_musl/include  conftest.c >&5
conftest.c:49:10: fatal error: minix/config.h: No such file or directory
   49 | #include <minix/config.h>
      |          ^~~~~~~~~~~~~~~~
compilation terminated.
configure:4483: $? = 1
configure: failed program was:
| /* confdefs.h */
| #define PACKAGE_NAME "acl"
| #define PACKAGE_TARNAME "acl"
| #define PACKAGE_VERSION "2.3.1"
| #define PACKAGE_STRING "acl 2.3.1"
| #define PACKAGE_BUGREPORT "acl-devel@nongnu.org"
| #define PACKAGE_URL ""
| #define PACKAGE "acl"
| #define VERSION "2.3.1"
| #define HAVE_STDIO_H 1
| #define HAVE_STDLIB_H 1
| #define HAVE_STRING_H 1
| #define HAVE_INTTYPES_H 1
| #define HAVE_STDINT_H 1
| #define HAVE_STRINGS_H 1
| #define HAVE_SYS_STAT_H 1
| #define HAVE_SYS_TYPES_H 1
| #define HAVE_UNISTD_H 1
| #define HAVE_WCHAR_H 1
| /* end confdefs.h.  */
| #include <stddef.h>
| #ifdef HAVE_STDIO_H
| # include <stdio.h>
| #endif
| #ifdef HAVE_STDLIB_H
| # include <stdlib.h>
| #endif
| #ifdef HAVE_STRING_H
| # include <string.h>
| #endif
| #ifdef HAVE_INTTYPES_H
| # include <inttypes.h>
| #endif
| #ifdef HAVE_STDINT_H
| # include <stdint.h>
| #endif
| #ifdef HAVE_STRINGS_H
| # include <strings.h>
| #endif
| #ifdef HAVE_SYS_TYPES_H
| # include <sys/types.h>
| #endif
| #ifdef HAVE_SYS_STAT_H
| # include <sys/stat.h>
| #endif
| #ifdef HAVE_UNISTD_H
| # include <unistd.h>
| #endif
| #include <minix/config.h>
configure:4483: result: no
configure:4514: checking whether it is safe to define __EXTENSIONS__
configure:4533: mipsel-openwrt-linux-musl-gcc -c -Os -pipe -mno-branch-likely -mips32r2 -mtune=24kc -fno-caller-saves -fno-plt -fhonour-copts -msoft-float -fmacro-prefix-map=/home/notlean/openwrt-uboost/build_dir/target-mipsel_24kc_musl/acl-2.3.1=acl-2.3.1 -mips16 -minterlink-mips16 -Wformat -Werror=format-security -fstack-protector -D_FORTIFY_SOURCE=1 -Wl,-z,now -Wl,-z,relro  -I/home/notlean/openwrt-uboost/staging_dir/toolchain-mipsel_24kc_gcc-12.3.0_musl/usr/include -I/home/notlean/openwrt-uboost/staging_dir/toolchain-mipsel_24kc_gcc-12.3.0_musl/include/fortify -I/home/notlean/openwrt-uboost/staging_dir/toolchain-mipsel_24kc_gcc-12.3.0_musl/include  conftest.c >&5
configure:4533: $? = 0
configure:4541: result: yes
configure:4544: checking whether _XOPEN_SOURCE should be defined
configure:4566: mipsel-openwrt-linux-musl-gcc -c -Os -pipe -mno-branch-likely -mips32r2 -mtune=24kc -fno-caller-saves -fno-plt -fhonour-copts -msoft-float -fmacro-prefix-map=/home/notlean/openwrt-uboost/build_dir/target-mipsel_24kc_musl/acl-2.3.1=acl-2.3.1 -mips16 -minterlink-mips16 -Wformat -Werror=format-security -fstack-protector -D_FORTIFY_SOURCE=1 -Wl,-z,now -Wl,-z,relro  -I/home/notlean/openwrt-uboost/staging_dir/toolchain-mipsel_24kc_gcc-12.3.0_musl/usr/include -I/home/notlean/openwrt-uboost/staging_dir/toolchain-mipsel_24kc_gcc-12.3.0_musl/include/fortify -I/home/notlean/openwrt-uboost/staging_dir/toolchain-mipsel_24kc_gcc-12.3.0_musl/include  conftest.c >&5
configure:4566: $? = 0
configure:4593: result: no
configure:4651: checking whether __attribute__((visibility())) is supported
configure:4673: result: yes
configure:4689: checking whether byte ordering is bigendian
configure:4904: result: no
configure:4924: checking for mipsel-openwrt-linux-musl-gcc option to enable large file support
configure:4956: mipsel-openwrt-linux-musl-gcc -c -Os -pipe -mno-branch-likely -mips32r2 -mtune=24kc -fno-caller-saves -fno-plt -fhonour-copts -msoft-float -fmacro-prefix-map=/home/notlean/openwrt-uboost/build_dir/target-mipsel_24kc_musl/acl-2.3.1=acl-2.3.1 -mips16 -minterlink-mips16 -Wformat -Werror=format-security -fstack-protector -D_FORTIFY_SOURCE=1 -Wl,-z,now -Wl,-z,relro  -fvisibility=hidden -I/home/notlean/openwrt-uboost/staging_dir/toolchain-mipsel_24kc_gcc-12.3.0_musl/usr/include -I/home/notlean/openwrt-uboost/staging_dir/toolchain-mipsel_24kc_gcc-12.3.0_musl/include/fortify -I/home/notlean/openwrt-uboost/staging_dir/toolchain-mipsel_24kc_gcc-12.3.0_musl/include  conftest.c >&5
configure:4956: $? = 0
configure:4967: result: none needed
configure:5109: checking for mipsel-openwrt-linux-ar
configure:5141: result: mipsel-openwrt-linux-musl-gcc-ar
configure:5216: checking the archiver (mipsel-openwrt-linux-musl-gcc-ar) interface
configure:5233: mipsel-openwrt-linux-musl-gcc -c -Os -pipe -mno-branch-likely -mips32r2 -mtune=24kc -fno-caller-saves -fno-plt -fhonour-copts -msoft-float -fmacro-prefix-map=/home/notlean/openwrt-uboost/build_dir/target-mipsel_24kc_musl/acl-2.3.1=acl-2.3.1 -mips16 -minterlink-mips16 -Wformat -Werror=format-security -fstack-protector -D_FORTIFY_SOURCE=1 -Wl,-z,now -Wl,-z,relro  -fvisibility=hidden -I/home/notlean/openwrt-uboost/staging_dir/toolchain-mipsel_24kc_gcc-12.3.0_musl/usr/include -I/home/notlean/openwrt-uboost/staging_dir/toolchain-mipsel_24kc_gcc-12.3.0_musl/include/fortify -I/home/notlean/openwrt-uboost/staging_dir/toolchain-mipsel_24kc_gcc-12.3.0_musl/include  conftest.c >&5
configure:5233: $? = 0
configure:5236: mipsel-openwrt-linux-musl-gcc-ar cru libconftest.a conftest.o >&5
/home/notlean/openwrt-uboost/staging_dir/toolchain-mipsel_24kc_gcc-12.3.0_musl/lib/gcc/mipsel-openwrt-linux-musl/12.3.0/../../../../mipsel-openwrt-linux-musl/bin/ar: `u' modifier ignored since `D' is the default (see `U')
configure:5239: $? = 0
configure:5267: result: ar
configure:5319: checking build system type
configure:5334: result: x86_64-pc-linux-gnu
configure:5354: checking host system type
configure:5368: result: mipsel-openwrt-linux-gnu
configure:5409: checking how to print strings
configure:5436: result: printf
configure:5457: checking for a sed that does not truncate output
configure:5527: result: /home/notlean/openwrt-uboost/staging_dir/host/bin/sed
configure:5544: checking for grep that handles long lines and -e
configure:5608: result: /home/notlean/openwrt-uboost/staging_dir/host/bin/grep
configure:5613: checking for egrep
configure:5681: result: /home/notlean/openwrt-uboost/staging_dir/host/bin/grep -E
configure:5686: checking for fgrep
configure:5754: result: /home/notlean/openwrt-uboost/staging_dir/host/bin/grep -F
configure:5790: checking for ld used by mipsel-openwrt-linux-musl-gcc
configure:5858: result: mipsel-openwrt-linux-musl-ld
configure:5865: checking if the linker (mipsel-openwrt-linux-musl-ld) is GNU ld
configure:5881: result: yes
configure:5893: checking for BSD- or MS-compatible name lister (nm)
configure:5948: result: mipsel-openwrt-linux-musl-gcc-nm
configure:6088: checking the name lister (mipsel-openwrt-linux-musl-gcc-nm) interface
configure:6096: mipsel-openwrt-linux-musl-gcc -c -Os -pipe -mno-branch-likely -mips32r2 -mtune=24kc -fno-caller-saves -fno-plt -fhonour-copts -msoft-float -fmacro-prefix-map=/home/notlean/openwrt-uboost/build_dir/target-mipsel_24kc_musl/acl-2.3.1=acl-2.3.1 -mips16 -minterlink-mips16 -Wformat -Werror=format-security -fstack-protector -D_FORTIFY_SOURCE=1 -Wl,-z,now -Wl,-z,relro  -fvisibility=hidden -I/home/notlean/openwrt-uboost/staging_dir/toolchain-mipsel_24kc_gcc-12.3.0_musl/usr/include -I/home/notlean/openwrt-uboost/staging_dir/toolchain-mipsel_24kc_gcc-12.3.0_musl/include/fortify -I/home/notlean/openwrt-uboost/staging_dir/toolchain-mipsel_24kc_gcc-12.3.0_musl/include  conftest.c >&5
configure:6099: mipsel-openwrt-linux-musl-gcc-nm "conftest.o"
configure:6102: output
00000000 B some_variable
configure:6109: result: BSD nm
configure:6112: checking whether ln -s works
configure:6116: result: yes
configure:6124: checking the maximum length of command line arguments
configure:6256: result: 1572864
configure:6304: checking how to convert x86_64-pc-linux-gnu file names to mipsel-openwrt-linux-gnu format
configure:6345: result: func_convert_file_noop
configure:6352: checking how to convert x86_64-pc-linux-gnu file names to toolchain format
configure:6373: result: func_convert_file_noop
configure:6380: checking for mipsel-openwrt-linux-musl-ld option to reload object files
configure:6388: result: -r
configure:6422: checking for mipsel-openwrt-linux-file
configure:6457: result: no
configure:6467: checking for file
configure:6488: found /home/notlean/openwrt-uboost/staging_dir/host/bin/file
configure:6499: result: file
configure:6511: WARNING: using cross tools not prefixed with host triplet
configure:6530: checking for mipsel-openwrt-linux-objdump
configure:6562: result: mipsel-openwrt-linux-musl-objdump
configure:6639: checking how to recognize dependent libraries
configure:6840: result: pass_all
configure:6885: checking for mipsel-openwrt-linux-dlltool
configure:6920: result: no
configure:6930: checking for dlltool
configure:6965: result: no
configure:6995: checking how to associate runtime and link libraries
configure:7023: result: printf %s\n
configure:7039: checking for mipsel-openwrt-linux-ar
configure:7071: result: mipsel-openwrt-linux-musl-gcc-ar
configure:7173: checking for archiver @FILE support
configure:7191: mipsel-openwrt-linux-musl-gcc -c -Os -pipe -mno-branch-likely -mips32r2 -mtune=24kc -fno-caller-saves -fno-plt -fhonour-copts -msoft-float -fmacro-prefix-map=/home/notlean/openwrt-uboost/build_dir/target-mipsel_24kc_musl/acl-2.3.1=acl-2.3.1 -mips16 -minterlink-mips16 -Wformat -Werror=format-security -fstack-protector -D_FORTIFY_SOURCE=1 -Wl,-z,now -Wl,-z,relro  -fvisibility=hidden -I/home/notlean/openwrt-uboost/staging_dir/toolchain-mipsel_24kc_gcc-12.3.0_musl/usr/include -I/home/notlean/openwrt-uboost/staging_dir/toolchain-mipsel_24kc_gcc-12.3.0_musl/include/fortify -I/home/notlean/openwrt-uboost/staging_dir/toolchain-mipsel_24kc_gcc-12.3.0_musl/include  conftest.c >&5
configure:7191: $? = 0
configure:7195: mipsel-openwrt-linux-musl-gcc-ar cr libconftest.a @conftest.lst >&5
configure:7198: $? = 0
configure:7203: mipsel-openwrt-linux-musl-gcc-ar cr libconftest.a @conftest.lst >&5
/home/notlean/openwrt-uboost/staging_dir/toolchain-mipsel_24kc_gcc-12.3.0_musl/lib/gcc/mipsel-openwrt-linux-musl/12.3.0/../../../../mipsel-openwrt-linux-musl/bin/ar: conftest.o: No such file or directory
configure:7206: $? = 1
configure:7218: result: @
configure:7236: checking for mipsel-openwrt-linux-strip
configure:7268: result: mipsel-openwrt-linux-musl-strip
configure:7345: checking for mipsel-openwrt-linux-ranlib
configure:7377: result: mipsel-openwrt-linux-musl-gcc-ranlib
configure:7524: checking command to parse mipsel-openwrt-linux-musl-gcc-nm output from mipsel-openwrt-linux-musl-gcc object
configure:7678: mipsel-openwrt-linux-musl-gcc -c -Os -pipe -mno-branch-likely -mips32r2 -mtune=24kc -fno-caller-saves -fno-plt -fhonour-copts -msoft-float -fmacro-prefix-map=/home/notlean/openwrt-uboost/build_dir/target-mipsel_24kc_musl/acl-2.3.1=acl-2.3.1 -mips16 -minterlink-mips16 -Wformat -Werror=format-security -fstack-protector -D_FORTIFY_SOURCE=1 -Wl,-z,now -Wl,-z,relro  -fvisibility=hidden -I/home/notlean/openwrt-uboost/staging_dir/toolchain-mipsel_24kc_gcc-12.3.0_musl/usr/include -I/home/notlean/openwrt-uboost/staging_dir/toolchain-mipsel_24kc_gcc-12.3.0_musl/include/fortify -I/home/notlean/openwrt-uboost/staging_dir/toolchain-mipsel_24kc_gcc-12.3.0_musl/include  conftest.c >&5
configure:7681: $? = 0
configure:7685: mipsel-openwrt-linux-musl-gcc-nm conftest.o \| /home/notlean/openwrt-uboost/staging_dir/host/bin/sed -n -e 's/^.*[ ]\([ABCDGIRSTW][ABCDGIRSTW]*\)[ ][ ]*\([_A-Za-z][_A-Za-z0-9]*\)$/\1 \2 \2/p' | /home/notlean/openwrt-uboost/staging_dir/host/bin/sed '/ __gnu_lto/d' \> conftest.nm
configure:7688: $? = 0
configure:7754: mipsel-openwrt-linux-musl-gcc -o conftest -Os -pipe -mno-branch-likely -mips32r2 -mtune=24kc -fno-caller-saves -fno-plt -fhonour-copts -msoft-float -fmacro-prefix-map=/home/notlean/openwrt-uboost/build_dir/target-mipsel_24kc_musl/acl-2.3.1=acl-2.3.1 -mips16 -minterlink-mips16 -Wformat -Werror=format-security -fstack-protector -D_FORTIFY_SOURCE=1 -Wl,-z,now -Wl,-z,relro  -fvisibility=hidden -I/home/notlean/openwrt-uboost/staging_dir/toolchain-mipsel_24kc_gcc-12.3.0_musl/usr/include -I/home/notlean/openwrt-uboost/staging_dir/toolchain-mipsel_24kc_gcc-12.3.0_musl/include/fortify -I/home/notlean/openwrt-uboost/staging_dir/toolchain-mipsel_24kc_gcc-12.3.0_musl/include  -L/home/notlean/openwrt-uboost/staging_dir/toolchain-mipsel_24kc_gcc-12.3.0_musl/usr/lib -L/home/notlean/openwrt-uboost/staging_dir/toolchain-mipsel_24kc_gcc-12.3.0_musl/lib -znow -zrelro  conftest.c conftstm.o >&5
configure:7757: $? = 0
configure:7795: result: ok
configure:7842: checking for sysroot
configure:7873: result: no
configure:7880: checking for a working dd
configure:7924: result: /usr/bin/dd
configure:7928: checking how to truncate binary pipes
configure:7944: result: /usr/bin/dd bs=4096 count=1
configure:8236: checking for mipsel-openwrt-linux-mt
configure:8271: result: no
configure:8281: checking for mt
configure:8302: found /usr/bin/mt
configure:8313: result: mt
configure:8336: checking if mt is a manifest tool
configure:8343: mt '-?'
configure:8351: result: no
configure:9072: checking for dlfcn.h
configure:9072: mipsel-openwrt-linux-musl-gcc -c -Os -pipe -mno-branch-likely -mips32r2 -mtune=24kc -fno-caller-saves -fno-plt -fhonour-copts -msoft-float -fmacro-prefix-map=/home/notlean/openwrt-uboost/build_dir/target-mipsel_24kc_musl/acl-2.3.1=acl-2.3.1 -mips16 -minterlink-mips16 -Wformat -Werror=format-security -fstack-protector -D_FORTIFY_SOURCE=1 -Wl,-z,now -Wl,-z,relro  -fvisibility=hidden -I/home/notlean/openwrt-uboost/staging_dir/toolchain-mipsel_24kc_gcc-12.3.0_musl/usr/include -I/home/notlean/openwrt-uboost/staging_dir/toolchain-mipsel_24kc_gcc-12.3.0_musl/include/fortify -I/home/notlean/openwrt-uboost/staging_dir/toolchain-mipsel_24kc_gcc-12.3.0_musl/include  conftest.c >&5
configure:9072: $? = 0
configure:9072: result: yes
configure:9331: checking for objdir
configure:9347: result: .libs
configure:9611: checking if mipsel-openwrt-linux-musl-gcc supports -fno-rtti -fno-exceptions
configure:9630: mipsel-openwrt-linux-musl-gcc -c -Os -pipe -mno-branch-likely -mips32r2 -mtune=24kc -fno-caller-saves -fno-plt -fhonour-copts -msoft-float -fmacro-prefix-map=/home/notlean/openwrt-uboost/build_dir/target-mipsel_24kc_musl/acl-2.3.1=acl-2.3.1 -mips16 -minterlink-mips16 -Wformat -Werror=format-security -fstack-protector -D_FORTIFY_SOURCE=1 -Wl,-z,now -Wl,-z,relro  -fvisibility=hidden -I/home/notlean/openwrt-uboost/staging_dir/toolchain-mipsel_24kc_gcc-12.3.0_musl/usr/include -I/home/notlean/openwrt-uboost/staging_dir/toolchain-mipsel_24kc_gcc-12.3.0_musl/include/fortify -I/home/notlean/openwrt-uboost/staging_dir/toolchain-mipsel_24kc_gcc-12.3.0_musl/include  -fno-rtti -fno-exceptions conftest.c >&5
cc1: warning: command-line option '-fno-rtti' is valid for C++/D/ObjC++ but not for C
configure:9634: $? = 0
configure:9647: result: no
configure:10005: checking for mipsel-openwrt-linux-musl-gcc option to produce PIC
configure:10013: result: -fPIC -DPIC
configure:10021: checking if mipsel-openwrt-linux-musl-gcc PIC flag -fPIC -DPIC works
configure:10040: mipsel-openwrt-linux-musl-gcc -c -Os -pipe -mno-branch-likely -mips32r2 -mtune=24kc -fno-caller-saves -fno-plt -fhonour-copts -msoft-float -fmacro-prefix-map=/home/notlean/openwrt-uboost/build_dir/target-mipsel_24kc_musl/acl-2.3.1=acl-2.3.1 -mips16 -minterlink-mips16 -Wformat -Werror=format-security -fstack-protector -D_FORTIFY_SOURCE=1 -Wl,-z,now -Wl,-z,relro  -fvisibility=hidden -I/home/notlean/openwrt-uboost/staging_dir/toolchain-mipsel_24kc_gcc-12.3.0_musl/usr/include -I/home/notlean/openwrt-uboost/staging_dir/toolchain-mipsel_24kc_gcc-12.3.0_musl/include/fortify -I/home/notlean/openwrt-uboost/staging_dir/toolchain-mipsel_24kc_gcc-12.3.0_musl/include  -fPIC -DPIC -DPIC conftest.c >&5
configure:10044: $? = 0
configure:10057: result: yes
configure:10086: checking if mipsel-openwrt-linux-musl-gcc static flag -static works
configure:10115: result: yes
configure:10130: checking if mipsel-openwrt-linux-musl-gcc supports -c -o file.o
configure:10152: mipsel-openwrt-linux-musl-gcc -c -Os -pipe -mno-branch-likely -mips32r2 -mtune=24kc -fno-caller-saves -fno-plt -fhonour-copts -msoft-float -fmacro-prefix-map=/home/notlean/openwrt-uboost/build_dir/target-mipsel_24kc_musl/acl-2.3.1=acl-2.3.1 -mips16 -minterlink-mips16 -Wformat -Werror=format-security -fstack-protector -D_FORTIFY_SOURCE=1 -Wl,-z,now -Wl,-z,relro  -fvisibility=hidden -I/home/notlean/openwrt-uboost/staging_dir/toolchain-mipsel_24kc_gcc-12.3.0_musl/usr/include -I/home/notlean/openwrt-uboost/staging_dir/toolchain-mipsel_24kc_gcc-12.3.0_musl/include/fortify -I/home/notlean/openwrt-uboost/staging_dir/toolchain-mipsel_24kc_gcc-12.3.0_musl/include  -o out/conftest2.o conftest.c >&5
configure:10156: $? = 0
configure:10178: result: yes
configure:10186: checking if mipsel-openwrt-linux-musl-gcc supports -c -o file.o
configure:10234: result: yes
configure:10267: checking whether the mipsel-openwrt-linux-musl-gcc linker (mipsel-openwrt-linux-musl-ld) supports shared libraries
configure:11535: result: yes
configure:11572: checking whether -lc should be explicitly linked in
configure:11581: mipsel-openwrt-linux-musl-gcc -c -Os -pipe -mno-branch-likely -mips32r2 -mtune=24kc -fno-caller-saves -fno-plt -fhonour-copts -msoft-float -fmacro-prefix-map=/home/notlean/openwrt-uboost/build_dir/target-mipsel_24kc_musl/acl-2.3.1=acl-2.3.1 -mips16 -minterlink-mips16 -Wformat -Werror=format-security -fstack-protector -D_FORTIFY_SOURCE=1 -Wl,-z,now -Wl,-z,relro  -fvisibility=hidden -I/home/notlean/openwrt-uboost/staging_dir/toolchain-mipsel_24kc_gcc-12.3.0_musl/usr/include -I/home/notlean/openwrt-uboost/staging_dir/toolchain-mipsel_24kc_gcc-12.3.0_musl/include/fortify -I/home/notlean/openwrt-uboost/staging_dir/toolchain-mipsel_24kc_gcc-12.3.0_musl/include  conftest.c >&5
configure:11584: $? = 0
configure:11599: mipsel-openwrt-linux-musl-gcc -shared  -fPIC -DPIC conftest.o  -v -Wl,-soname -Wl,conftest -o conftest 2\>\&1 \| /home/notlean/openwrt-uboost/staging_dir/host/bin/grep  -lc  \>/dev/null 2\>\&1
configure:11602: $? = 0
configure:11616: result: no
configure:11776: checking dynamic linker characteristics
configure:12358: mipsel-openwrt-linux-musl-gcc -o conftest -Os -pipe -mno-branch-likely -mips32r2 -mtune=24kc -fno-caller-saves -fno-plt -fhonour-copts -msoft-float -fmacro-prefix-map=/home/notlean/openwrt-uboost/build_dir/target-mipsel_24kc_musl/acl-2.3.1=acl-2.3.1 -mips16 -minterlink-mips16 -Wformat -Werror=format-security -fstack-protector -D_FORTIFY_SOURCE=1 -Wl,-z,now -Wl,-z,relro  -fvisibility=hidden -I/home/notlean/openwrt-uboost/staging_dir/toolchain-mipsel_24kc_gcc-12.3.0_musl/usr/include -I/home/notlean/openwrt-uboost/staging_dir/toolchain-mipsel_24kc_gcc-12.3.0_musl/include/fortify -I/home/notlean/openwrt-uboost/staging_dir/toolchain-mipsel_24kc_gcc-12.3.0_musl/include  -L/home/notlean/openwrt-uboost/staging_dir/toolchain-mipsel_24kc_gcc-12.3.0_musl/usr/lib -L/home/notlean/openwrt-uboost/staging_dir/toolchain-mipsel_24kc_gcc-12.3.0_musl/lib -znow -zrelro  -Wl,-rpath -Wl,/foo conftest.c  >&5
configure:12358: $? = 0
configure:12597: result: GNU/Linux ld.so
configure:12719: checking how to hardcode library paths into programs
configure:12744: result: immediate
configure:13296: checking whether stripping libraries is possible
configure:13305: result: yes
configure:13347: checking if libtool supports shared libraries
configure:13349: result: yes
configure:13352: checking whether to build shared libraries
configure:13377: result: yes
configure:13380: checking whether to build static libraries
configure:13384: result: yes
configure:13443: checking for attr/error_context.h
configure:13443: mipsel-openwrt-linux-musl-gcc -c -Os -pipe -mno-branch-likely -mips32r2 -mtune=24kc -fno-caller-saves -fno-plt -fhonour-copts -msoft-float -fmacro-prefix-map=/home/notlean/openwrt-uboost/build_dir/target-mipsel_24kc_musl/acl-2.3.1=acl-2.3.1 -mips16 -minterlink-mips16 -Wformat -Werror=format-security -fstack-protector -D_FORTIFY_SOURCE=1 -Wl,-z,now -Wl,-z,relro  -fvisibility=hidden -I/home/notlean/openwrt-uboost/staging_dir/toolchain-mipsel_24kc_gcc-12.3.0_musl/usr/include -I/home/notlean/openwrt-uboost/staging_dir/toolchain-mipsel_24kc_gcc-12.3.0_musl/include/fortify -I/home/notlean/openwrt-uboost/staging_dir/toolchain-mipsel_24kc_gcc-12.3.0_musl/include  -DNDEBUG conftest.c >&5
configure:13443: $? = 0
configure:13443: result: yes
configure:13458: checking for getxattr in -lattr
configure:13481: mipsel-openwrt-linux-musl-gcc -o conftest -Os -pipe -mno-branch-likely -mips32r2 -mtune=24kc -fno-caller-saves -fno-plt -fhonour-copts -msoft-float -fmacro-prefix-map=/home/notlean/openwrt-uboost/build_dir/target-mipsel_24kc_musl/acl-2.3.1=acl-2.3.1 -mips16 -minterlink-mips16 -Wformat -Werror=format-security -fstack-protector -D_FORTIFY_SOURCE=1 -Wl,-z,now -Wl,-z,relro  -fvisibility=hidden -I/home/notlean/openwrt-uboost/staging_dir/toolchain-mipsel_24kc_gcc-12.3.0_musl/usr/include -I/home/notlean/openwrt-uboost/staging_dir/toolchain-mipsel_24kc_gcc-12.3.0_musl/include/fortify -I/home/notlean/openwrt-uboost/staging_dir/toolchain-mipsel_24kc_gcc-12.3.0_musl/include  -DNDEBUG -L/home/notlean/openwrt-uboost/staging_dir/toolchain-mipsel_24kc_gcc-12.3.0_musl/usr/lib -L/home/notlean/openwrt-uboost/staging_dir/toolchain-mipsel_24kc_gcc-12.3.0_musl/lib -znow -zrelro  conftest.c -lattr   >&5
configure:13481: $? = 0
configure:13491: result: yes
configure:13622: checking that generated files are newer than configure
configure:13628: result: done
configure:13664: creating ./config.status

## ---------------------- ##
## Running config.status. ##
## ---------------------- ##

This file was extended by acl config.status 2.3.1, which was
generated by GNU Autoconf 2.71.  Invocation command line was

  CONFIG_FILES    = 
  CONFIG_HEADERS  = 
  CONFIG_LINKS    = 
  CONFIG_COMMANDS = 
  $ ./config.status 

on Notlean

config.status:1113: creating libacl.pc
config.status:1113: creating Makefile
config.status:1113: creating include/config.h
config.status:1342: executing depfiles commands
config.status:1342: executing libtool commands
config.status:1342: executing include/acl commands
config.status:1342: executing include/sys commands
configure:15814: WARNING: unrecognized options: --disable-nls

## ---------------- ##
## Cache variables. ##
## ---------------- ##

ac_cv_build=x86_64-pc-linux-gnu
ac_cv_c_bigendian=no
ac_cv_c_compiler_gnu=yes
ac_cv_c_gettext_without_libintl=yes
ac_cv_c_littleendian=yes
ac_cv_c_long_double=no
ac_cv_conv_longlong_to_float=yes
ac_cv_env_CC_set=set
ac_cv_env_CC_value=mipsel-openwrt-linux-musl-gcc
ac_cv_env_CFLAGS_set=set
ac_cv_env_CFLAGS_value='-Os -pipe -mno-branch-likely -mips32r2 -mtune=24kc -fno-caller-saves -fno-plt -fhonour-copts -msoft-float -fmacro-prefix-map=/home/notlean/openwrt-uboost/build_dir/target-mipsel_24kc_musl/acl-2.3.1=acl-2.3.1 -mips16 -minterlink-mips16 -Wformat -Werror=format-security -fstack-protector -D_FORTIFY_SOURCE=1 -Wl,-z,now -Wl,-z,relro '
ac_cv_env_CPPFLAGS_set=set
ac_cv_env_CPPFLAGS_value='-I/home/notlean/openwrt-uboost/staging_dir/toolchain-mipsel_24kc_gcc-12.3.0_musl/usr/include -I/home/notlean/openwrt-uboost/staging_dir/toolchain-mipsel_24kc_gcc-12.3.0_musl/include/fortify -I/home/notlean/openwrt-uboost/staging_dir/toolchain-mipsel_24kc_gcc-12.3.0_musl/include '
ac_cv_env_LDFLAGS_set=set
ac_cv_env_LDFLAGS_value='-L/home/notlean/openwrt-uboost/staging_dir/toolchain-mipsel_24kc_gcc-12.3.0_musl/usr/lib -L/home/notlean/openwrt-uboost/staging_dir/toolchain-mipsel_24kc_gcc-12.3.0_musl/lib -znow -zrelro '
ac_cv_env_LIBS_set=
ac_cv_env_LIBS_value=
ac_cv_env_LT_SYS_LIBRARY_PATH_set=
ac_cv_env_LT_SYS_LIBRARY_PATH_value=
ac_cv_env_build_alias_set=set
ac_cv_env_build_alias_value=x86_64-pc-linux-gnu
ac_cv_env_host_alias_set=set
ac_cv_env_host_alias_value=mipsel-openwrt-linux
ac_cv_env_target_alias_set=set
ac_cv_env_target_alias_value=mipsel-openwrt-linux
ac_cv_file__dev_zero=yes
ac_cv_func___adjtimex=yes
ac_cv_func___va_copy=no
ac_cv_func__exit=yes
ac_cv_func_bcmp=yes
ac_cv_func_bcopy=yes
ac_cv_func_bzero=yes
ac_cv_func_cimag=yes
ac_cv_func_creal=yes
ac_cv_func_fchmod=yes
ac_cv_func_getaddrinfo=yes
ac_cv_func_getcwd=yes
ac_cv_func_getdomainname=yes
ac_cv_func_getpgrp_void=yes
ac_cv_func_getpwuid_r=yes
ac_cv_func_gettimeofday=yes
ac_cv_func_index=yes
ac_cv_func_lstat=yes
ac_cv_func_lstat_dereferences_slashed_symlink=yes
ac_cv_func_lstat_empty_string_bug=no
ac_cv_func_malloc_0_nonnull=yes
ac_cv_func_malloc_works=yes
ac_cv_func_memcmp_clean=yes
ac_cv_func_memcmp_working=yes
ac_cv_func_posix_getgrgid_r=yes
ac_cv_func_posix_getpwuid_r=yes
ac_cv_func_psignal=yes
ac_cv_func_pthread_key_delete=yes
ac_cv_func_realloc_0_nonnull=yes
ac_cv_func_realloc_works=yes
ac_cv_func_rename=yes
ac_cv_func_rindex=yes
ac_cv_func_setgrent_void=yes
ac_cv_func_setlocale=yes
ac_cv_func_setpgrp_void=yes
ac_cv_func_setresuid=no
ac_cv_func_setvbuf_reversed=no
ac_cv_func_stat_empty_string_bug=no
ac_cv_func_stat_ignores_trailing_slash=no
ac_cv_func_strerror=yes
ac_cv_func_strftime=yes
ac_cv_func_utimes=yes
ac_cv_func_va_copy=no
ac_cv_func_vsnprintf=yes
ac_cv_have_accrights_in_msghdr=no
ac_cv_have_broken_snprintf=no
ac_cv_have_control_in_msghdr=yes
ac_cv_have_decl_sys_siglist=no
ac_cv_have_openpty_ctty_bug=yes
ac_cv_have_space_d_name_in_struct_dirent=yes
ac_cv_header_attr_error_context_h=yes
ac_cv_header_dlfcn_h=yes
ac_cv_header_inttypes_h=yes
ac_cv_header_minix_config_h=no
ac_cv_header_netinet_sctp_h=no
ac_cv_header_netinet_sctp_uio_h=no
ac_cv_header_stdint_h=yes
ac_cv_header_stdio_h=yes
ac_cv_header_stdlib_h=yes
ac_cv_header_string_h=yes
ac_cv_header_strings_h=yes
ac_cv_header_sys_stat_h=yes
ac_cv_header_sys_types_h=yes
ac_cv_header_unistd_h=yes
ac_cv_header_wchar_h=yes
ac_cv_host=mipsel-openwrt-linux-gnu
ac_cv_int64_t=yes
ac_cv_lbl_unaligned_fail=no
ac_cv_lib_attr_getxattr=yes
ac_cv_linux_kernel_pppoe=yes
ac_cv_linux_vers=2
ac_cv_objext=o
ac_cv_pack_bitfields_reversed=yes
ac_cv_path_EGREP='/home/notlean/openwrt-uboost/staging_dir/host/bin/grep -E'
ac_cv_path_FGREP='/home/notlean/openwrt-uboost/staging_dir/host/bin/grep -F'
ac_cv_path_GREP=/home/notlean/openwrt-uboost/staging_dir/host/bin/grep
ac_cv_path_LDCONFIG=
ac_cv_path_SED=/home/notlean/openwrt-uboost/staging_dir/host/bin/sed
ac_cv_path_install='/home/notlean/openwrt-uboost/staging_dir/host/bin/install -c'
ac_cv_path_lt_DD=/usr/bin/dd
ac_cv_path_mkdir=/usr/bin/mkdir
ac_cv_prog_AR=mipsel-openwrt-linux-musl-gcc-ar
ac_cv_prog_AWK=gawk
ac_cv_prog_CC=mipsel-openwrt-linux-musl-gcc
ac_cv_prog_OBJDUMP=mipsel-openwrt-linux-musl-objdump
ac_cv_prog_RANLIB=mipsel-openwrt-linux-musl-gcc-ranlib
ac_cv_prog_STRIP=mipsel-openwrt-linux-musl-strip
ac_cv_prog_ac_ct_FILECMD=file
ac_cv_prog_ac_ct_MANIFEST_TOOL=mt
ac_cv_prog_cc_c11=
ac_cv_prog_cc_g=yes
ac_cv_prog_cc_stdc=
ac_cv_prog_make_make_set=yes
ac_cv_regexec_segfault_emptystr=no
ac_cv_safe_to_define___extensions__=yes
ac_cv_sctp=no
ac_cv_should_define__xopen_source=no
ac_cv_sizeof___int64=0
ac_cv_sizeof_char=1
ac_cv_sizeof_int16_t=2
ac_cv_sizeof_int32_t=4
ac_cv_sizeof_int64_t=8
ac_cv_sizeof_int=4
ac_cv_sizeof_long=4
ac_cv_sizeof_long_int=4
ac_cv_sizeof_long_long=8
ac_cv_sizeof_off_t=8
ac_cv_sizeof_short=2
ac_cv_sizeof_short_int=2
ac_cv_sizeof_size_t=4
ac_cv_sizeof_ssize_t=4
ac_cv_sizeof_u_int16_t=2
ac_cv_sizeof_u_int32_t=4
ac_cv_sizeof_u_int64_t=8
ac_cv_sizeof_uint16_t=2
ac_cv_sizeof_uint32_t=4
ac_cv_sizeof_uint64_t=8
ac_cv_sizeof_unsigned_int=4
ac_cv_sizeof_unsigned_long=4
ac_cv_sizeof_unsigned_long_long=8
ac_cv_sizeof_unsigned_short=2
ac_cv_sizeof_void_p=4
ac_cv_sys_largefile_opts='none needed'
ac_cv_sys_restartable_syscalls=yes
ac_cv_time_r_type=POSIX
ac_cv_type_suseconds_t=yes
ac_cv_uchar=no
ac_cv_uint64_t=yes
ac_cv_uint=yes
ac_cv_ulong=yes
ac_cv_ushort=yes
ac_cv_va_copy=C99
ac_cv_va_val_copy=yes
am_cv_CC_dependencies_compiler_type=none
am_cv_ar_interface=ar
am_cv_make_support_nested_variables=yes
am_cv_prog_cc_c_o=yes
as_cv_unaligned_access=yes
libc_cv_visibility_attribute=yes
lt_cv_ar_at_file=@
lt_cv_archive_cmds_need_lc=no
lt_cv_deplibs_check_method=pass_all
lt_cv_file_magic_cmd='$MAGIC_CMD'
lt_cv_file_magic_test_file=
lt_cv_ld_reload_flag=-r
lt_cv_nm_interface='BSD nm'
lt_cv_objdir=.libs
lt_cv_path_LD=mipsel-openwrt-linux-musl-ld
lt_cv_path_NM=mipsel-openwrt-linux-musl-gcc-nm
lt_cv_path_mainfest_tool=no
lt_cv_prog_compiler_c_o=yes
lt_cv_prog_compiler_pic='-fPIC -DPIC'
lt_cv_prog_compiler_pic_works=yes
lt_cv_prog_compiler_rtti_exceptions=no
lt_cv_prog_compiler_static_works=yes
lt_cv_prog_gnu_ld=yes
lt_cv_sharedlib_from_linklib_cmd='printf %s\n'
lt_cv_shlibpath_overrides_runpath=no
lt_cv_sys_global_symbol_pipe='/home/notlean/openwrt-uboost/staging_dir/host/bin/sed -n -e '\''s/^.*[	 ]\([ABCDGIRSTW][ABCDGIRSTW]*\)[	 ][	 ]*\([_A-Za-z][_A-Za-z0-9]*\)$/\1 \2 \2/p'\'' | /home/notlean/openwrt-uboost/staging_dir/host/bin/sed '\''/ __gnu_lto/d'\'''
lt_cv_sys_global_symbol_to_c_name_address='/home/notlean/openwrt-uboost/staging_dir/host/bin/sed -n -e '\''s/^: \(.*\) .*$/  {"\1", (void *) 0},/p'\'' -e '\''s/^[ABCDGIRSTW][ABCDGIRSTW]* .* \(.*\)$/  {"\1", (void *) \&\1},/p'\'''
lt_cv_sys_global_symbol_to_c_name_address_lib_prefix='/home/notlean/openwrt-uboost/staging_dir/host/bin/sed -n -e '\''s/^: \(.*\) .*$/  {"\1", (void *) 0},/p'\'' -e '\''s/^[ABCDGIRSTW][ABCDGIRSTW]* .* \(lib.*\)$/  {"\1", (void *) \&\1},/p'\'' -e '\''s/^[ABCDGIRSTW][ABCDGIRSTW]* .* \(.*\)$/  {"lib\1", (void *) \&\1},/p'\'''
lt_cv_sys_global_symbol_to_cdecl='/home/notlean/openwrt-uboost/staging_dir/host/bin/sed -n -e '\''s/^T .* \(.*\)$/extern int \1();/p'\'' -e '\''s/^[ABCDGIRSTW][ABCDGIRSTW]* .* \(.*\)$/extern char \1;/p'\'''
lt_cv_sys_global_symbol_to_import=
lt_cv_sys_max_cmd_len=1572864
lt_cv_to_host_file_cmd=func_convert_file_noop
lt_cv_to_tool_file_cmd=func_convert_file_noop
lt_cv_truncate_bin='/usr/bin/dd bs=4096 count=1'

## ----------------- ##
## Output variables. ##
## ----------------- ##

ACLOCAL='${SHELL} '\''/home/notlean/openwrt-uboost/build_dir/target-mipsel_24kc_musl/acl-2.3.1/build-aux/missing'\'' aclocal-1.16'
AMDEPBACKSLASH=''
AMDEP_FALSE=''
AMDEP_TRUE='#'
AMTAR='$${TAR-tar}'
AM_BACKSLASH='\'
AM_DEFAULT_V='$(AM_DEFAULT_VERBOSITY)'
AM_DEFAULT_VERBOSITY='0'
AM_V='$(shell if ( test "x$(V)" = "x0" ); then echo 0; elif ( test "x$(V)" = "x" ); then echo $(AM_DEFAULT_VERBOSITY); else echo 1; fi)'
AR='mipsel-openwrt-linux-musl-gcc-ar'
AUTOCONF='${SHELL} '\''/home/notlean/openwrt-uboost/build_dir/target-mipsel_24kc_musl/acl-2.3.1/build-aux/missing'\'' autoconf'
AUTOHEADER='${SHELL} '\''/home/notlean/openwrt-uboost/build_dir/target-mipsel_24kc_musl/acl-2.3.1/build-aux/missing'\'' autoheader'
AUTOMAKE='${SHELL} '\''/home/notlean/openwrt-uboost/build_dir/target-mipsel_24kc_musl/acl-2.3.1/build-aux/missing'\'' automake-1.16'
AWK='gawk'
CC='mipsel-openwrt-linux-musl-gcc'
CCDEPMODE='depmode=none'
CFLAGS='-Os -pipe -mno-branch-likely -mips32r2 -mtune=24kc -fno-caller-saves -fno-plt -fhonour-copts -msoft-float -fmacro-prefix-map=/home/notlean/openwrt-uboost/build_dir/target-mipsel_24kc_musl/acl-2.3.1=acl-2.3.1 -mips16 -minterlink-mips16 -Wformat -Werror=format-security -fstack-protector -D_FORTIFY_SOURCE=1 -Wl,-z,now -Wl,-z,relro  -fvisibility=hidden'
CPPFLAGS='-I/home/notlean/openwrt-uboost/staging_dir/toolchain-mipsel_24kc_gcc-12.3.0_musl/usr/include -I/home/notlean/openwrt-uboost/staging_dir/toolchain-mipsel_24kc_gcc-12.3.0_musl/include/fortify -I/home/notlean/openwrt-uboost/staging_dir/toolchain-mipsel_24kc_gcc-12.3.0_musl/include  -DNDEBUG'
CSCOPE='cscope'
CTAGS='ctags'
CYGPATH_W='echo'
DEFS='-DHAVE_CONFIG_H'
DEPDIR='.deps'
DLLTOOL='false'
DSYMUTIL=''
DUMPBIN=''
ECHO_C=''
ECHO_N='-n'
ECHO_T=''
EGREP='/home/notlean/openwrt-uboost/staging_dir/host/bin/grep -E'
ETAGS='etags'
EXEEXT=''
FGREP='/home/notlean/openwrt-uboost/staging_dir/host/bin/grep -F'
FILECMD='file'
GREP='/home/notlean/openwrt-uboost/staging_dir/host/bin/grep'
INSTALL_DATA='${INSTALL} -m 644'
INSTALL_PROGRAM='${INSTALL}'
INSTALL_SCRIPT='${INSTALL}'
INSTALL_STRIP_PROGRAM='$(install_sh) -c -s'
LD='mipsel-openwrt-linux-musl-ld'
LDFLAGS='-L/home/notlean/openwrt-uboost/staging_dir/toolchain-mipsel_24kc_gcc-12.3.0_musl/usr/lib -L/home/notlean/openwrt-uboost/staging_dir/toolchain-mipsel_24kc_gcc-12.3.0_musl/lib -znow -zrelro '
LIBOBJS=''
LIBS='-lattr '
LIBTOOL='$(SHELL) $(top_builddir)/libtool'
LIPO=''
LN_S='ln -s'
LTLIBOBJS=''
LT_REVISION='2301'
LT_SYS_LIBRARY_PATH=''
MAKEINFO='${SHELL} '\''/home/notlean/openwrt-uboost/build_dir/target-mipsel_24kc_musl/acl-2.3.1/build-aux/missing'\'' makeinfo'
MANIFEST_TOOL=':'
MKDIR_P='/usr/bin/mkdir -p'
NM='mipsel-openwrt-linux-musl-gcc-nm'
NMEDIT=''
OBJDUMP='mipsel-openwrt-linux-musl-objdump'
OBJEXT='o'
OTOOL64=''
OTOOL=''
PACKAGE='acl'
PACKAGE_BUGREPORT='acl-devel@nongnu.org'
PACKAGE_NAME='acl'
PACKAGE_STRING='acl 2.3.1'
PACKAGE_TARNAME='acl'
PACKAGE_URL=''
PACKAGE_VERSION='2.3.1'
PATH_SEPARATOR=':'
RANLIB='mipsel-openwrt-linux-musl-gcc-ranlib'
SED='/home/notlean/openwrt-uboost/staging_dir/host/bin/sed'
SET_MAKE=''
SHELL='/bin/bash'
STRIP='mipsel-openwrt-linux-musl-strip'
VERSION='2.3.1'
ac_ct_AR=''
ac_ct_CC=''
ac_ct_DUMPBIN=''
am__EXEEXT_FALSE=''
am__EXEEXT_TRUE='#'
am__fastdepCC_FALSE=''
am__fastdepCC_TRUE='#'
am__include='include'
am__isrc=''
am__leading_dot='.'
am__nodep=''
am__quote=''
am__tar='$${TAR-tar} chof - "$$tardir"'
am__untar='$${TAR-tar} xf -'
bindir='/usr/bin'
build='x86_64-pc-linux-gnu'
build_alias='x86_64-pc-linux-gnu'
build_cpu='x86_64'
build_os='linux-gnu'
build_vendor='pc'
datadir='/usr/share'
datarootdir='${prefix}/share'
docdir='${datarootdir}/doc/${PACKAGE_TARNAME}'
dvidir='${docdir}'
exec_prefix='/usr'
host='mipsel-openwrt-linux-gnu'
host_alias='mipsel-openwrt-linux'
host_cpu='mipsel'
host_os='linux-gnu'
host_vendor='openwrt'
htmldir='${docdir}'
includedir='${prefix}/include'
infodir='/usr/info'
install_sh='${SHELL} /home/notlean/openwrt-uboost/build_dir/target-mipsel_24kc_musl/acl-2.3.1/build-aux/install-sh'
libattr='-lattr'
libdir='${exec_prefix}/lib'
libexecdir='/usr/lib'
localedir='${datarootdir}/locale'
localstatedir='/var'
mandir='/usr/man'
mkdir_p='$(MKDIR_P)'
oldincludedir='/usr/include'
pdfdir='${docdir}'
prefix='/usr'
program_transform_name='s&$$&&;s&^&&'
psdir='${docdir}'
runstatedir='${localstatedir}/run'
sbindir='/usr/sbin'
sharedstatedir='${prefix}/com'
sysconfdir='/etc'
target_alias='mipsel-openwrt-linux'

## ----------- ##
## confdefs.h. ##
## ----------- ##

/* confdefs.h */
#define PACKAGE_NAME "acl"
#define PACKAGE_TARNAME "acl"
#define PACKAGE_VERSION "2.3.1"
#define PACKAGE_STRING "acl 2.3.1"
#define PACKAGE_BUGREPORT "acl-devel@nongnu.org"
#define PACKAGE_URL ""
#define PACKAGE "acl"
#define VERSION "2.3.1"
#define HAVE_STDIO_H 1
#define HAVE_STDLIB_H 1
#define HAVE_STRING_H 1
#define HAVE_INTTYPES_H 1
#define HAVE_STDINT_H 1
#define HAVE_STRINGS_H 1
#define HAVE_SYS_STAT_H 1
#define HAVE_SYS_TYPES_H 1
#define HAVE_UNISTD_H 1
#define HAVE_WCHAR_H 1
#define STDC_HEADERS 1
#define _ALL_SOURCE 1
#define _DARWIN_C_SOURCE 1
#define _GNU_SOURCE 1
#define _HPUX_ALT_XOPEN_SOCKET_API 1
#define _NETBSD_SOURCE 1
#define _OPENBSD_SOURCE 1
#define _POSIX_PTHREAD_SEMANTICS 1
#define __STDC_WANT_IEC_60559_ATTRIBS_EXT__ 1
#define __STDC_WANT_IEC_60559_BFP_EXT__ 1
#define __STDC_WANT_IEC_60559_DFP_EXT__ 1
#define __STDC_WANT_IEC_60559_EXT__ 1
#define __STDC_WANT_IEC_60559_FUNCS_EXT__ 1
#define __STDC_WANT_IEC_60559_TYPES_EXT__ 1
#define __STDC_WANT_LIB_EXT2__ 1
#define __STDC_WANT_MATH_SPEC_FUNCS__ 1
#define _TANDEM_SOURCE 1
#define __EXTENSIONS__ 1
#define HAVE_VISIBILITY_ATTRIBUTE /**/
#define EXPORT __attribute__ ((visibility ("default"))) extern
#define HAVE_DLFCN_H 1
#define LT_OBJDIR ".libs/"
#define HAVE_ATTR_ERROR_CONTEXT_H 1
#define HAVE_LIBATTR 1

configure: exit 0
