This file contains any messages produced by compilers while
running configure, to aid debugging if configure makes a mistake.

It was created by configure, which was
generated by GNU Autoconf 2.69.  Invocation command line was

  $ /home/notlean/openwrt-uboost/build_dir/toolchain-mipsel_24kc_gcc-12.3.0_musl/gcc-12.3.0/configure --with-bugurl=http://bugs.openwrt.org/ --with-pkgversion=OpenWrt GCC 12.3.0 r23809-234f1a2efa --prefix=/home/notlean/openwrt-uboost/staging_dir/toolchain-mipsel_24kc_gcc-12.3.0_musl --build=x86_64-pc-linux-gnu --host=x86_64-pc-linux-gnu --target=mipsel-openwrt-linux-musl --with-gnu-ld --enable-target-optspace --disable-libgomp --disable-libmudflap --disable-multilib --disable-libmpx --disable-nls --disable-libssp --without-isl --without-cloog --with-host-libstdcxx=-lstdc++ --with-float=soft --with-system-zlib=/home/notlean/openwrt-uboost/staging_dir/host --with-zstd=/home/notlean/openwrt-uboost/staging_dir/host --with-gmp=/home/notlean/openwrt-uboost/staging_dir/host --with-mpfr=/home/notlean/openwrt-uboost/staging_dir/host --with-mpc=/home/notlean/openwrt-uboost/staging_dir/host --disable-decimal-float --with-diagnostics-color=auto-if-env --enable-__cxa_atexit --enable-libstdcxx-dual-abi --with-default-libstdcxx-abi=new --with-mips-plt CFLAGS=-O2 -I/home/notlean/openwrt-uboost/staging_dir/host/include  -pipe CXXFLAGS=-O2 -I/home/notlean/openwrt-uboost/staging_dir/host/include  -pipe CFLAGS_FOR_TARGET=-Os -pipe -mno-branch-likely -mips32r2 -mtune=24kc -fno-caller-saves -fno-plt -fhonour-copts -msoft-float -Wformat -Werror=format-security -fstack-protector -D_FORTIFY_SOURCE=1 -Wl,-z,now -Wl,-z,relro CXXFLAGS_FOR_TARGET=-Os -pipe -mno-branch-likely -mips32r2 -mtune=24kc -fno-caller-saves -fno-plt -fhonour-copts -msoft-float -Wformat -Werror=format-security -fstack-protector -D_FORTIFY_SOURCE=1 -Wl,-z,now -Wl,-z,relro GOCFLAGS_FOR_TARGET=-Os -pipe -mno-branch-likely -mips32r2 -mtune=24kc -fno-caller-saves -fno-plt -fhonour-copts -msoft-float -Wformat -Werror=format-security -fstack-protector -D_FORTIFY_SOURCE=1 -Wl,-z,now -Wl,-z,relro --with-newlib --with-sysroot=/home/notlean/openwrt-uboost/staging_dir/toolchain-mipsel_24kc_gcc-12.3.0_musl --enable-languages=c --disable-shared --disable-threads

## --------- ##
## Platform. ##
## --------- ##

hostname = Notlean
uname -m = x86_64
uname -r = 6.14.0-33-generic
uname -s = Linux
uname -v = #33~24.04.1-Ubuntu SMP PREEMPT_DYNAMIC Fri Sep 19 17:02:30 UTC 2

/usr/bin/uname -p = x86_64
/bin/uname -X     = unknown

/bin/arch              = x86_64
/usr/bin/arch -k       = unknown
/usr/convex/getsysinfo = unknown
/usr/bin/hostinfo      = unknown
/bin/machine           = unknown
/usr/bin/oslevel       = unknown
/bin/universe          = unknown

PATH: /home/notlean/openwrt-uboost/staging_dir/toolchain-mipsel_24kc_gcc-12.3.0_musl/bin
PATH: /home/notlean/openwrt-uboost/staging_dir/toolchain-mipsel_24kc_gcc-12.3.0_musl/bin
PATH: /home/notlean/openwrt-uboost/staging_dir/host/bin
PATH: /home/notlean/openwrt-uboost/staging_dir/toolchain-mipsel_24kc_gcc-12.3.0_musl/bin
PATH: /home/notlean/openwrt-uboost/staging_dir/host/bin
PATH: /home/notlean/openwrt-uboost/staging_dir/host/bin
PATH: /usr/local/sbin
PATH: /usr/local/bin
PATH: /usr/sbin
PATH: /usr/bin
PATH: /sbin
PATH: /bin
PATH: /usr/games
PATH: /usr/local/games
PATH: /snap/bin
PATH: /snap/bin


## ----------- ##
## Core tests. ##
## ----------- ##

configure:2378: checking build system type
configure:2392: result: x86_64-pc-linux-gnu
configure:2439: checking host system type
configure:2452: result: x86_64-pc-linux-gnu
configure:2472: checking target system type
configure:2485: result: mipsel-openwrt-linux-musl
configure:2539: checking for a BSD-compatible install
configure:2607: result: /home/notlean/openwrt-uboost/staging_dir/host/bin/install -c
configure:2618: checking whether ln works
configure:2640: result: yes
configure:2644: checking whether ln -s works
configure:2648: result: yes
configure:2655: checking for a sed that does not truncate output
configure:2719: result: /home/notlean/openwrt-uboost/staging_dir/host/bin/sed
configure:2728: checking for gawk
configure:2744: found /usr/bin/gawk
configure:2755: result: gawk
configure:3256: checking for libatomic support
configure:3266: result: yes
configure:3294: checking for libitm support
configure:3300: result: no
configure:3313: checking for libsanitizer support
configure:3323: result: yes
configure:3332: checking for libvtv support
configure:3338: result: no
configure:3462: checking for libphobos support
configure:3472: result: yes
configure:4144: checking for x86_64-pc-linux-gnu-gcc
configure:4174: result: no
configure:4184: checking for gcc
configure:4200: found /home/notlean/openwrt-uboost/staging_dir/host/bin/gcc
configure:4211: result: gcc
configure:4440: checking for C compiler version
configure:4449: gcc --version >&5
gcc (Ubuntu 13.3.0-6ubuntu2~24.04) 13.3.0
Copyright (C) 2023 Free Software Foundation, Inc.
This is free software; see the source for copying conditions.  There is NO
warranty; not even for MERCHANTABILITY or FITNESS FOR A PARTICULAR PURPOSE.

configure:4460: $? = 0
configure:4449: gcc -v >&5
Using built-in specs.
COLLECT_GCC=gcc
COLLECT_LTO_WRAPPER=/usr/libexec/gcc/x86_64-linux-gnu/13/lto-wrapper
OFFLOAD_TARGET_NAMES=nvptx-none:amdgcn-amdhsa
OFFLOAD_TARGET_DEFAULT=1
Target: x86_64-linux-gnu
Configured with: ../src/configure -v --with-pkgversion='Ubuntu 13.3.0-6ubuntu2~24.04' --with-bugurl=file:///usr/share/doc/gcc-13/README.Bugs --enable-languages=c,ada,c++,go,d,fortran,objc,obj-c++,m2 --prefix=/usr --with-gcc-major-version-only --program-suffix=-13 --program-prefix=x86_64-linux-gnu- --enable-shared --enable-linker-build-id --libexecdir=/usr/libexec --without-included-gettext --enable-threads=posix --libdir=/usr/lib --enable-nls --enable-bootstrap --enable-clocale=gnu --enable-libstdcxx-debug --enable-libstdcxx-time=yes --with-default-libstdcxx-abi=new --enable-libstdcxx-backtrace --enable-gnu-unique-object --disable-vtable-verify --enable-plugin --enable-default-pie --with-system-zlib --enable-libphobos-checking=release --with-target-system-zlib=auto --enable-objc-gc=auto --enable-multiarch --disable-werror --enable-cet --with-arch-32=i686 --with-abi=m64 --with-multilib-list=m32,m64,mx32 --enable-multilib --with-tune=generic --enable-offload-targets=nvptx-none=/build/gcc-13-fG75Ri/gcc-13-13.3.0/debian/tmp-nvptx/usr,amdgcn-amdhsa=/build/gcc-13-fG75Ri/gcc-13-13.3.0/debian/tmp-gcn/usr --enable-offload-defaulted --without-cuda-driver --enable-checking=release --build=x86_64-linux-gnu --host=x86_64-linux-gnu --target=x86_64-linux-gnu --with-build-config=bootstrap-lto-lean --enable-link-serialization=2
Thread model: posix
Supported LTO compression algorithms: zlib zstd
gcc version 13.3.0 (Ubuntu 13.3.0-6ubuntu2~24.04) 
... rest of stderr output deleted ...
configure:4460: $? = 0
configure:4449: gcc -V >&5
gcc: error: unrecognized command-line option '-V'
gcc: fatal error: no input files
compilation terminated.
configure:4460: $? = 1
configure:4449: gcc -qversion >&5
gcc: error: unrecognized command-line option '-qversion'; did you mean '--version'?
gcc: fatal error: no input files
compilation terminated.
configure:4460: $? = 1
configure:4480: checking whether the C compiler works
configure:4502: gcc -O2 -I/home/notlean/openwrt-uboost/staging_dir/host/include  -pipe   conftest.c  >&5
configure:4506: $? = 0
configure:4554: result: yes
configure:4557: checking for C compiler default output file name
configure:4559: result: a.out
configure:4565: checking for suffix of executables
configure:4572: gcc -o conftest -O2 -I/home/notlean/openwrt-uboost/staging_dir/host/include  -pipe   conftest.c  >&5
configure:4576: $? = 0
configure:4598: result: 
configure:4620: checking whether we are cross compiling
configure:4628: gcc -o conftest -O2 -I/home/notlean/openwrt-uboost/staging_dir/host/include  -pipe   conftest.c  >&5
configure:4632: $? = 0
configure:4639: ./conftest
configure:4643: $? = 0
configure:4658: result: no
configure:4663: checking for suffix of object files
configure:4685: gcc -c -O2 -I/home/notlean/openwrt-uboost/staging_dir/host/include  -pipe  conftest.c >&5
configure:4689: $? = 0
configure:4710: result: o
configure:4714: checking whether we are using the GNU C compiler
configure:4733: gcc -c -O2 -I/home/notlean/openwrt-uboost/staging_dir/host/include  -pipe  conftest.c >&5
configure:4733: $? = 0
configure:4742: result: yes
configure:4751: checking whether gcc accepts -g
configure:4771: gcc -c -g  conftest.c >&5
configure:4771: $? = 0
configure:4812: result: yes
configure:4829: checking for gcc option to accept ISO C89
configure:4892: gcc  -c -O2 -I/home/notlean/openwrt-uboost/staging_dir/host/include  -pipe  conftest.c >&5
configure:4892: $? = 0
configure:4905: result: none needed
configure:4925: checking for gcc option to accept ISO C99
configure:5074: gcc  -c -O2 -I/home/notlean/openwrt-uboost/staging_dir/host/include  -pipe  conftest.c >&5
configure:5074: $? = 0
configure:5087: result: none needed
configure:5116: checking for x86_64-pc-linux-gnu-g++
configure:5146: result: no
configure:5116: checking for x86_64-pc-linux-gnu-c++
configure:5146: result: no
configure:5116: checking for x86_64-pc-linux-gnu-gpp
configure:5146: result: no
configure:5116: checking for x86_64-pc-linux-gnu-aCC
configure:5146: result: no
configure:5116: checking for x86_64-pc-linux-gnu-CC
configure:5146: result: no
configure:5116: checking for x86_64-pc-linux-gnu-cxx
configure:5146: result: no
configure:5116: checking for x86_64-pc-linux-gnu-cc++
configure:5146: result: no
configure:5116: checking for x86_64-pc-linux-gnu-cl.exe
configure:5146: result: no
configure:5116: checking for x86_64-pc-linux-gnu-FCC
configure:5146: result: no
configure:5116: checking for x86_64-pc-linux-gnu-KCC
configure:5146: result: no
configure:5116: checking for x86_64-pc-linux-gnu-RCC
configure:5146: result: no
configure:5116: checking for x86_64-pc-linux-gnu-xlC_r
configure:5146: result: no
configure:5116: checking for x86_64-pc-linux-gnu-xlC
configure:5146: result: no
configure:5160: checking for g++
configure:5176: found /home/notlean/openwrt-uboost/staging_dir/host/bin/g++
configure:5187: result: g++
configure:5214: checking for C++ compiler version
configure:5223: g++ --version >&5
g++ (Ubuntu 13.3.0-6ubuntu2~24.04) 13.3.0
Copyright (C) 2023 Free Software Foundation, Inc.
This is free software; see the source for copying conditions.  There is NO
warranty; not even for MERCHANTABILITY or FITNESS FOR A PARTICULAR PURPOSE.

configure:5234: $? = 0
configure:5223: g++ -v >&5
Using built-in specs.
COLLECT_GCC=g++
COLLECT_LTO_WRAPPER=/usr/libexec/gcc/x86_64-linux-gnu/13/lto-wrapper
OFFLOAD_TARGET_NAMES=nvptx-none:amdgcn-amdhsa
OFFLOAD_TARGET_DEFAULT=1
Target: x86_64-linux-gnu
Configured with: ../src/configure -v --with-pkgversion='Ubuntu 13.3.0-6ubuntu2~24.04' --with-bugurl=file:///usr/share/doc/gcc-13/README.Bugs --enable-languages=c,ada,c++,go,d,fortran,objc,obj-c++,m2 --prefix=/usr --with-gcc-major-version-only --program-suffix=-13 --program-prefix=x86_64-linux-gnu- --enable-shared --enable-linker-build-id --libexecdir=/usr/libexec --without-included-gettext --enable-threads=posix --libdir=/usr/lib --enable-nls --enable-bootstrap --enable-clocale=gnu --enable-libstdcxx-debug --enable-libstdcxx-time=yes --with-default-libstdcxx-abi=new --enable-libstdcxx-backtrace --enable-gnu-unique-object --disable-vtable-verify --enable-plugin --enable-default-pie --with-system-zlib --enable-libphobos-checking=release --with-target-system-zlib=auto --enable-objc-gc=auto --enable-multiarch --disable-werror --enable-cet --with-arch-32=i686 --with-abi=m64 --with-multilib-list=m32,m64,mx32 --enable-multilib --with-tune=generic --enable-offload-targets=nvptx-none=/build/gcc-13-fG75Ri/gcc-13-13.3.0/debian/tmp-nvptx/usr,amdgcn-amdhsa=/build/gcc-13-fG75Ri/gcc-13-13.3.0/debian/tmp-gcn/usr --enable-offload-defaulted --without-cuda-driver --enable-checking=release --build=x86_64-linux-gnu --host=x86_64-linux-gnu --target=x86_64-linux-gnu --with-build-config=bootstrap-lto-lean --enable-link-serialization=2
Thread model: posix
Supported LTO compression algorithms: zlib zstd
gcc version 13.3.0 (Ubuntu 13.3.0-6ubuntu2~24.04) 
... rest of stderr output deleted ...
configure:5234: $? = 0
configure:5223: g++ -V >&5
g++: error: unrecognized command-line option '-V'
g++: fatal error: no input files
compilation terminated.
configure:5234: $? = 1
configure:5223: g++ -qversion >&5
g++: error: unrecognized command-line option '-qversion'; did you mean '--version'?
g++: fatal error: no input files
compilation terminated.
configure:5234: $? = 1
configure:5238: checking whether we are using the GNU C++ compiler
configure:5257: g++ -c -O2 -I/home/notlean/openwrt-uboost/staging_dir/host/include  -pipe  conftest.cpp >&5
configure:5257: $? = 0
configure:5266: result: yes
configure:5275: checking whether g++ accepts -g
configure:5295: g++ -c -g  conftest.cpp >&5
configure:5295: $? = 0
configure:5336: result: yes
configure:5385: checking whether g++ accepts -static-libstdc++ -static-libgcc
configure:5402: g++ -o conftest -O2 -I/home/notlean/openwrt-uboost/staging_dir/host/include  -pipe   -static-libstdc++ -static-libgcc conftest.cpp  >&5
configure:5402: $? = 0
configure:5403: result: yes
configure:5427: checking for x86_64-pc-linux-gnu-gnatbind
configure:5457: result: no
configure:5467: checking for gnatbind
configure:5497: result: no
configure:5519: checking for x86_64-pc-linux-gnu-gnatmake
configure:5549: result: no
configure:5559: checking for gnatmake
configure:5589: result: no
configure:5608: checking whether compiler driver understands Ada
configure:5631: result: no
configure:5645: checking for x86_64-pc-linux-gnu-gdc
configure:5675: result: no
configure:5685: checking for gdc
configure:5715: result: no
configure:5734: checking whether the D compiler works
configure:5751: result: no
configure:5759: checking how to compare bootstrapped objects
configure:5784: result: cmp --ignore-initial=16 $$f1 $$f2
configure:5851: checking whether g++ supports C++11 features by default
configure:6147: g++ -c -O2 -I/home/notlean/openwrt-uboost/staging_dir/host/include  -pipe  conftest.cpp >&5
configure:6147: $? = 0
configure:6154: result: yes
configure:7928: checking for objdir
configure:7943: result: .libs
configure:8098: checking for the correct version of gmp.h
configure:8117: gcc -c -O2 -I/home/notlean/openwrt-uboost/staging_dir/host/include  -pipe -I/home/notlean/openwrt-uboost/staging_dir/host/include -I/home/notlean/openwrt-uboost/staging_dir/host/include -I/home/notlean/openwrt-uboost/staging_dir/host/include   conftest.c >&5
configure:8117: $? = 0
configure:8135: gcc -c -O2 -I/home/notlean/openwrt-uboost/staging_dir/host/include  -pipe -I/home/notlean/openwrt-uboost/staging_dir/host/include -I/home/notlean/openwrt-uboost/staging_dir/host/include -I/home/notlean/openwrt-uboost/staging_dir/host/include   conftest.c >&5
configure:8135: $? = 0
configure:8136: result: yes
configure:8152: checking for the correct version of mpfr.h
configure:8170: gcc -c -O2 -I/home/notlean/openwrt-uboost/staging_dir/host/include  -pipe -I/home/notlean/openwrt-uboost/staging_dir/host/include -I/home/notlean/openwrt-uboost/staging_dir/host/include -I/home/notlean/openwrt-uboost/staging_dir/host/include   conftest.c >&5
configure:8170: $? = 0
configure:8187: gcc -c -O2 -I/home/notlean/openwrt-uboost/staging_dir/host/include  -pipe -I/home/notlean/openwrt-uboost/staging_dir/host/include -I/home/notlean/openwrt-uboost/staging_dir/host/include -I/home/notlean/openwrt-uboost/staging_dir/host/include   conftest.c >&5
configure:8187: $? = 0
configure:8188: result: yes
configure:8205: checking for the correct version of mpc.h
configure:8222: gcc -c -O2 -I/home/notlean/openwrt-uboost/staging_dir/host/include  -pipe -I/home/notlean/openwrt-uboost/staging_dir/host/include -I/home/notlean/openwrt-uboost/staging_dir/host/include -I/home/notlean/openwrt-uboost/staging_dir/host/include   conftest.c >&5
configure:8222: $? = 0
configure:8238: gcc -c -O2 -I/home/notlean/openwrt-uboost/staging_dir/host/include  -pipe -I/home/notlean/openwrt-uboost/staging_dir/host/include -I/home/notlean/openwrt-uboost/staging_dir/host/include -I/home/notlean/openwrt-uboost/staging_dir/host/include   conftest.c >&5
configure:8238: $? = 0
configure:8239: result: yes
configure:8257: checking for the correct version of the gmp/mpfr/mpc libraries
configure:8288: gcc -o conftest -O2 -I/home/notlean/openwrt-uboost/staging_dir/host/include  -pipe -I/home/notlean/openwrt-uboost/staging_dir/host/include -I/home/notlean/openwrt-uboost/staging_dir/host/include -I/home/notlean/openwrt-uboost/staging_dir/host/include    conftest.c  -L/home/notlean/openwrt-uboost/staging_dir/host/lib -L/home/notlean/openwrt-uboost/staging_dir/host/lib -L/home/notlean/openwrt-uboost/staging_dir/host/lib -lmpc -lmpfr -lgmp >&5
configure:8288: $? = 0
configure:8289: result: yes
configure:9655: checking for default BUILD_CONFIG
configure:9687: result: 
configure:9692: checking for --enable-vtable-verify
configure:9705: result: no
configure:10341: checking for bison
configure:10357: found /home/notlean/openwrt-uboost/staging_dir/host/bin/bison
configure:10368: result: bison -y
configure:10388: checking for bison
configure:10404: found /home/notlean/openwrt-uboost/staging_dir/host/bin/bison
configure:10415: result: bison
configure:10435: checking for gm4
configure:10462: result: /home/notlean/openwrt-uboost/staging_dir/host/bin/m4
configure:10482: checking for flex
configure:10498: found /home/notlean/openwrt-uboost/staging_dir/host/bin/flex
configure:10509: result: flex
configure:10530: checking for flex
configure:10546: found /home/notlean/openwrt-uboost/staging_dir/host/bin/flex
configure:10557: result: flex
configure:10577: checking for makeinfo
configure:10593: found /home/notlean/openwrt-uboost/staging_dir/host/bin/makeinfo
configure:10604: result: makeinfo
configure:10638: checking for expect
configure:10668: result: no
configure:10687: checking for runtest
configure:10717: result: no
configure:10793: checking for x86_64-pc-linux-gnu-ar
configure:10823: result: no
configure:10832: checking for ar
configure:10848: found /usr/bin/ar
configure:10859: result: ar
configure:10934: checking for x86_64-pc-linux-gnu-as
configure:10964: result: no
configure:10973: checking for as
configure:10989: found /usr/bin/as
configure:11000: result: as
configure:11075: checking for x86_64-pc-linux-gnu-dlltool
configure:11105: result: no
configure:11114: checking for dlltool
configure:11144: result: no
configure:11216: checking for x86_64-pc-linux-gnu-dsymutil
configure:11246: result: no
configure:11255: checking for dsymutil
configure:11285: result: no
configure:11357: checking for x86_64-pc-linux-gnu-ld
configure:11387: result: no
configure:11396: checking for ld
configure:11412: found /usr/bin/ld
configure:11423: result: ld
configure:11498: checking for x86_64-pc-linux-gnu-lipo
configure:11528: result: no
configure:11537: checking for lipo
configure:11567: result: no
configure:11639: checking for x86_64-pc-linux-gnu-nm
configure:11669: result: no
configure:11678: checking for nm
configure:11694: found /usr/bin/nm
configure:11705: result: nm
configure:11780: checking for x86_64-pc-linux-gnu-ranlib
configure:11810: result: no
configure:11819: checking for ranlib
configure:11835: found /usr/bin/ranlib
configure:11846: result: ranlib
configure:11916: checking for x86_64-pc-linux-gnu-strip
configure:11946: result: no
configure:11955: checking for strip
configure:11971: found /usr/bin/strip
configure:11982: result: strip
configure:12052: checking for x86_64-pc-linux-gnu-windres
configure:12082: result: no
configure:12091: checking for windres
configure:12121: result: no
configure:12193: checking for x86_64-pc-linux-gnu-windmc
configure:12223: result: no
configure:12232: checking for windmc
configure:12262: result: no
configure:12334: checking for x86_64-pc-linux-gnu-objcopy
configure:12364: result: no
configure:12373: checking for objcopy
configure:12389: found /usr/bin/objcopy
configure:12400: result: objcopy
configure:12475: checking for x86_64-pc-linux-gnu-objdump
configure:12505: result: no
configure:12514: checking for objdump
configure:12530: found /usr/bin/objdump
configure:12541: result: objdump
configure:12616: checking for x86_64-pc-linux-gnu-otool
configure:12646: result: no
configure:12655: checking for otool
configure:12685: result: no
configure:12757: checking for x86_64-pc-linux-gnu-readelf
configure:12787: result: no
configure:12796: checking for readelf
configure:12812: found /home/notlean/openwrt-uboost/staging_dir/toolchain-mipsel_24kc_gcc-12.3.0_musl/bin/readelf
configure:12823: result: readelf
configure:12939: checking for mipsel-openwrt-linux-musl-cc
configure:12969: result: no
configure:12939: checking for mipsel-openwrt-linux-musl-gcc
configure:12969: result: no
configure:13100: checking for mipsel-openwrt-linux-musl-c++
configure:13130: result: no
configure:13100: checking for mipsel-openwrt-linux-musl-g++
configure:13130: result: no
configure:13100: checking for mipsel-openwrt-linux-musl-cxx
configure:13130: result: no
configure:13100: checking for mipsel-openwrt-linux-musl-gxx
configure:13130: result: no
configure:13261: checking for mipsel-openwrt-linux-musl-gcc
configure:13291: result: no
configure:13417: checking for mipsel-openwrt-linux-musl-gfortran
configure:13447: result: no
configure:13578: checking for mipsel-openwrt-linux-musl-gccgo
configure:13608: result: no
configure:13739: checking for mipsel-openwrt-linux-musl-gdc
configure:13769: result: no
configure:13869: checking for ar
configure:13887: found /home/notlean/openwrt-uboost/staging_dir/toolchain-mipsel_24kc_gcc-12.3.0_musl/mipsel-openwrt-linux-musl/bin/ar
configure:13899: result: /home/notlean/openwrt-uboost/staging_dir/toolchain-mipsel_24kc_gcc-12.3.0_musl/mipsel-openwrt-linux-musl/bin/ar
configure:14099: checking for as
configure:14117: found /home/notlean/openwrt-uboost/staging_dir/toolchain-mipsel_24kc_gcc-12.3.0_musl/mipsel-openwrt-linux-musl/bin/as
configure:14129: result: /home/notlean/openwrt-uboost/staging_dir/toolchain-mipsel_24kc_gcc-12.3.0_musl/mipsel-openwrt-linux-musl/bin/as
configure:14329: checking for dlltool
configure:14362: result: no
configure:14440: checking for mipsel-openwrt-linux-musl-dlltool
configure:14470: result: no
configure:14559: checking for dsymutil
configure:14592: result: no
configure:14670: checking for mipsel-openwrt-linux-musl-dsymutil
configure:14700: result: no
configure:14789: checking for ld
configure:14807: found /home/notlean/openwrt-uboost/staging_dir/toolchain-mipsel_24kc_gcc-12.3.0_musl/mipsel-openwrt-linux-musl/bin/ld
configure:14819: result: /home/notlean/openwrt-uboost/staging_dir/toolchain-mipsel_24kc_gcc-12.3.0_musl/mipsel-openwrt-linux-musl/bin/ld
configure:15019: checking for lipo
configure:15052: result: no
configure:15130: checking for mipsel-openwrt-linux-musl-lipo
configure:15160: result: no
configure:15249: checking for nm
configure:15267: found /home/notlean/openwrt-uboost/staging_dir/toolchain-mipsel_24kc_gcc-12.3.0_musl/mipsel-openwrt-linux-musl/bin/nm
configure:15279: result: /home/notlean/openwrt-uboost/staging_dir/toolchain-mipsel_24kc_gcc-12.3.0_musl/mipsel-openwrt-linux-musl/bin/nm
configure:15479: checking for objcopy
configure:15497: found /home/notlean/openwrt-uboost/staging_dir/toolchain-mipsel_24kc_gcc-12.3.0_musl/mipsel-openwrt-linux-musl/bin/objcopy
configure:15509: result: /home/notlean/openwrt-uboost/staging_dir/toolchain-mipsel_24kc_gcc-12.3.0_musl/mipsel-openwrt-linux-musl/bin/objcopy
configure:15709: checking for objdump
configure:15727: found /home/notlean/openwrt-uboost/staging_dir/toolchain-mipsel_24kc_gcc-12.3.0_musl/mipsel-openwrt-linux-musl/bin/objdump
configure:15739: result: /home/notlean/openwrt-uboost/staging_dir/toolchain-mipsel_24kc_gcc-12.3.0_musl/mipsel-openwrt-linux-musl/bin/objdump
configure:15939: checking for otool
configure:15972: result: no
configure:16050: checking for mipsel-openwrt-linux-musl-otool
configure:16080: result: no
configure:16169: checking for ranlib
configure:16187: found /home/notlean/openwrt-uboost/staging_dir/toolchain-mipsel_24kc_gcc-12.3.0_musl/mipsel-openwrt-linux-musl/bin/ranlib
configure:16199: result: /home/notlean/openwrt-uboost/staging_dir/toolchain-mipsel_24kc_gcc-12.3.0_musl/mipsel-openwrt-linux-musl/bin/ranlib
configure:16399: checking for readelf
configure:16417: found /home/notlean/openwrt-uboost/staging_dir/toolchain-mipsel_24kc_gcc-12.3.0_musl/mipsel-openwrt-linux-musl/bin/readelf
configure:16429: result: /home/notlean/openwrt-uboost/staging_dir/toolchain-mipsel_24kc_gcc-12.3.0_musl/mipsel-openwrt-linux-musl/bin/readelf
configure:16629: checking for strip
configure:16647: found /home/notlean/openwrt-uboost/staging_dir/toolchain-mipsel_24kc_gcc-12.3.0_musl/mipsel-openwrt-linux-musl/bin/strip
configure:16659: result: /home/notlean/openwrt-uboost/staging_dir/toolchain-mipsel_24kc_gcc-12.3.0_musl/mipsel-openwrt-linux-musl/bin/strip
configure:16859: checking for windres
configure:16892: result: no
configure:16970: checking for mipsel-openwrt-linux-musl-windres
configure:17000: result: no
configure:17089: checking for windmc
configure:17122: result: no
configure:17200: checking for mipsel-openwrt-linux-musl-windmc
configure:17230: result: no
configure:17297: checking where to find the target ar
configure:17325: result: pre-installed in /home/notlean/openwrt-uboost/staging_dir/toolchain-mipsel_24kc_gcc-12.3.0_musl/mipsel-openwrt-linux-musl/bin
configure:17339: checking where to find the target as
configure:17367: result: pre-installed in /home/notlean/openwrt-uboost/staging_dir/toolchain-mipsel_24kc_gcc-12.3.0_musl/mipsel-openwrt-linux-musl/bin
configure:17381: checking where to find the target cc
configure:17404: result: just compiled
configure:17423: checking where to find the target c++
configure:17463: result: pre-installed
configure:17468: checking where to find the target c++ for libstdc++
configure:17508: result: pre-installed
configure:17513: checking where to find the target dlltool
configure:17550: result: pre-installed
configure:17555: checking where to find the target dsymutil
configure:17581: result: pre-installed
configure:17586: checking where to find the target gcc
configure:17609: result: just compiled
configure:17628: checking where to find the target gfortran
configure:17668: result: pre-installed
configure:17673: checking where to find the target gccgo
configure:17713: result: pre-installed
configure:17718: checking where to find the target gdc
configure:17758: result: pre-installed
configure:17763: checking where to find the target ld
configure:17791: result: pre-installed in /home/notlean/openwrt-uboost/staging_dir/toolchain-mipsel_24kc_gcc-12.3.0_musl/mipsel-openwrt-linux-musl/bin
configure:17805: checking where to find the target lipo
configure:17831: result: pre-installed
configure:17836: checking where to find the target nm
configure:17864: result: pre-installed in /home/notlean/openwrt-uboost/staging_dir/toolchain-mipsel_24kc_gcc-12.3.0_musl/mipsel-openwrt-linux-musl/bin
configure:17878: checking where to find the target objcopy
configure:17906: result: pre-installed in /home/notlean/openwrt-uboost/staging_dir/toolchain-mipsel_24kc_gcc-12.3.0_musl/mipsel-openwrt-linux-musl/bin
configure:17920: checking where to find the target objdump
configure:17948: result: pre-installed in /home/notlean/openwrt-uboost/staging_dir/toolchain-mipsel_24kc_gcc-12.3.0_musl/mipsel-openwrt-linux-musl/bin
configure:17962: checking where to find the target otool
configure:17988: result: pre-installed
configure:17993: checking where to find the target ranlib
configure:18021: result: pre-installed in /home/notlean/openwrt-uboost/staging_dir/toolchain-mipsel_24kc_gcc-12.3.0_musl/mipsel-openwrt-linux-musl/bin
configure:18035: checking where to find the target readelf
configure:18063: result: pre-installed in /home/notlean/openwrt-uboost/staging_dir/toolchain-mipsel_24kc_gcc-12.3.0_musl/mipsel-openwrt-linux-musl/bin
configure:18077: checking where to find the target strip
configure:18105: result: pre-installed in /home/notlean/openwrt-uboost/staging_dir/toolchain-mipsel_24kc_gcc-12.3.0_musl/mipsel-openwrt-linux-musl/bin
configure:18119: checking where to find the target windres
configure:18156: result: pre-installed
configure:18161: checking where to find the target windmc
configure:18198: result: pre-installed
configure:18231: checking whether to enable maintainer-specific portions of Makefiles
configure:18240: result: no
configure:18475: creating ./config.status

## ---------------------- ##
## Running config.status. ##
## ---------------------- ##

This file was extended by config.status, which was
generated by GNU Autoconf 2.69.  Invocation command line was

  CONFIG_FILES    = 
  CONFIG_HEADERS  = 
  CONFIG_LINKS    = 
  CONFIG_COMMANDS = 
  $ ./config.status 

on Notlean

config.status:1063: creating Makefile

## ---------------- ##
## Cache variables. ##
## ---------------- ##

ac_cv_build=x86_64-pc-linux-gnu
ac_cv_c_compiler_gnu=yes
ac_cv_cxx_compiler_gnu=yes
ac_cv_env_AR_FOR_TARGET_set=
ac_cv_env_AR_FOR_TARGET_value=
ac_cv_env_AR_set=
ac_cv_env_AR_value=
ac_cv_env_AS_FOR_TARGET_set=
ac_cv_env_AS_FOR_TARGET_value=
ac_cv_env_AS_set=
ac_cv_env_AS_value=
ac_cv_env_CCC_set=
ac_cv_env_CCC_value=
ac_cv_env_CC_FOR_TARGET_set=
ac_cv_env_CC_FOR_TARGET_value=
ac_cv_env_CC_set=
ac_cv_env_CC_value=
ac_cv_env_CFLAGS_set=set
ac_cv_env_CFLAGS_value='-O2 -I/home/notlean/openwrt-uboost/staging_dir/host/include  -pipe'
ac_cv_env_CPPFLAGS_set=
ac_cv_env_CPPFLAGS_value=
ac_cv_env_CXXFLAGS_set=set
ac_cv_env_CXXFLAGS_value='-O2 -I/home/notlean/openwrt-uboost/staging_dir/host/include  -pipe'
ac_cv_env_CXX_FOR_TARGET_set=
ac_cv_env_CXX_FOR_TARGET_value=
ac_cv_env_CXX_set=
ac_cv_env_CXX_value=
ac_cv_env_DLLTOOL_FOR_TARGET_set=
ac_cv_env_DLLTOOL_FOR_TARGET_value=
ac_cv_env_DLLTOOL_set=
ac_cv_env_DLLTOOL_value=
ac_cv_env_DSYMUTIL_FOR_TARGET_set=
ac_cv_env_DSYMUTIL_FOR_TARGET_value=
ac_cv_env_DSYMUTIL_set=
ac_cv_env_DSYMUTIL_value=
ac_cv_env_GCC_FOR_TARGET_set=
ac_cv_env_GCC_FOR_TARGET_value=
ac_cv_env_GDC_FOR_TARGET_set=
ac_cv_env_GDC_FOR_TARGET_value=
ac_cv_env_GFORTRAN_FOR_TARGET_set=
ac_cv_env_GFORTRAN_FOR_TARGET_value=
ac_cv_env_GOC_FOR_TARGET_set=
ac_cv_env_GOC_FOR_TARGET_value=
ac_cv_env_LDFLAGS_set=set
ac_cv_env_LDFLAGS_value=
ac_cv_env_LD_FOR_TARGET_set=
ac_cv_env_LD_FOR_TARGET_value=
ac_cv_env_LD_set=
ac_cv_env_LD_value=
ac_cv_env_LIBS_set=
ac_cv_env_LIBS_value=
ac_cv_env_LIPO_FOR_TARGET_set=
ac_cv_env_LIPO_FOR_TARGET_value=
ac_cv_env_LIPO_set=
ac_cv_env_LIPO_value=
ac_cv_env_NM_FOR_TARGET_set=
ac_cv_env_NM_FOR_TARGET_value=
ac_cv_env_NM_set=
ac_cv_env_NM_value=
ac_cv_env_OBJCOPY_FOR_TARGET_set=
ac_cv_env_OBJCOPY_FOR_TARGET_value=
ac_cv_env_OBJCOPY_set=
ac_cv_env_OBJCOPY_value=
ac_cv_env_OBJDUMP_FOR_TARGET_set=
ac_cv_env_OBJDUMP_FOR_TARGET_value=
ac_cv_env_OBJDUMP_set=
ac_cv_env_OBJDUMP_value=
ac_cv_env_OTOOL_FOR_TARGET_set=
ac_cv_env_OTOOL_FOR_TARGET_value=
ac_cv_env_OTOOL_set=
ac_cv_env_OTOOL_value=
ac_cv_env_RANLIB_FOR_TARGET_set=
ac_cv_env_RANLIB_FOR_TARGET_value=
ac_cv_env_RANLIB_set=
ac_cv_env_RANLIB_value=
ac_cv_env_READELF_FOR_TARGET_set=
ac_cv_env_READELF_FOR_TARGET_value=
ac_cv_env_READELF_set=
ac_cv_env_READELF_value=
ac_cv_env_STRIP_FOR_TARGET_set=
ac_cv_env_STRIP_FOR_TARGET_value=
ac_cv_env_STRIP_set=
ac_cv_env_STRIP_value=
ac_cv_env_WINDMC_FOR_TARGET_set=
ac_cv_env_WINDMC_FOR_TARGET_value=
ac_cv_env_WINDMC_set=
ac_cv_env_WINDMC_value=
ac_cv_env_WINDRES_FOR_TARGET_set=
ac_cv_env_WINDRES_FOR_TARGET_value=
ac_cv_env_WINDRES_set=
ac_cv_env_WINDRES_value=
ac_cv_env_build_alias_set=set
ac_cv_env_build_alias_value=x86_64-pc-linux-gnu
ac_cv_env_build_configargs_set=
ac_cv_env_build_configargs_value=
ac_cv_env_host_alias_set=set
ac_cv_env_host_alias_value=x86_64-pc-linux-gnu
ac_cv_env_host_configargs_set=
ac_cv_env_host_configargs_value=
ac_cv_env_target_alias_set=set
ac_cv_env_target_alias_value=mipsel-openwrt-linux-musl
ac_cv_env_target_configargs_set=
ac_cv_env_target_configargs_value=
ac_cv_host=x86_64-pc-linux-gnu
ac_cv_objext=o
ac_cv_path_AR_FOR_TARGET=/home/notlean/openwrt-uboost/staging_dir/toolchain-mipsel_24kc_gcc-12.3.0_musl/mipsel-openwrt-linux-musl/bin/ar
ac_cv_path_AS_FOR_TARGET=/home/notlean/openwrt-uboost/staging_dir/toolchain-mipsel_24kc_gcc-12.3.0_musl/mipsel-openwrt-linux-musl/bin/as
ac_cv_path_LD_FOR_TARGET=/home/notlean/openwrt-uboost/staging_dir/toolchain-mipsel_24kc_gcc-12.3.0_musl/mipsel-openwrt-linux-musl/bin/ld
ac_cv_path_NM_FOR_TARGET=/home/notlean/openwrt-uboost/staging_dir/toolchain-mipsel_24kc_gcc-12.3.0_musl/mipsel-openwrt-linux-musl/bin/nm
ac_cv_path_OBJCOPY_FOR_TARGET=/home/notlean/openwrt-uboost/staging_dir/toolchain-mipsel_24kc_gcc-12.3.0_musl/mipsel-openwrt-linux-musl/bin/objcopy
ac_cv_path_OBJDUMP_FOR_TARGET=/home/notlean/openwrt-uboost/staging_dir/toolchain-mipsel_24kc_gcc-12.3.0_musl/mipsel-openwrt-linux-musl/bin/objdump
ac_cv_path_RANLIB_FOR_TARGET=/home/notlean/openwrt-uboost/staging_dir/toolchain-mipsel_24kc_gcc-12.3.0_musl/mipsel-openwrt-linux-musl/bin/ranlib
ac_cv_path_READELF_FOR_TARGET=/home/notlean/openwrt-uboost/staging_dir/toolchain-mipsel_24kc_gcc-12.3.0_musl/mipsel-openwrt-linux-musl/bin/readelf
ac_cv_path_SED=/home/notlean/openwrt-uboost/staging_dir/host/bin/sed
ac_cv_path_STRIP_FOR_TARGET=/home/notlean/openwrt-uboost/staging_dir/toolchain-mipsel_24kc_gcc-12.3.0_musl/mipsel-openwrt-linux-musl/bin/strip
ac_cv_path_install='/home/notlean/openwrt-uboost/staging_dir/host/bin/install -c'
ac_cv_prog_AR=ar
ac_cv_prog_AS=as
ac_cv_prog_AWK=gawk
ac_cv_prog_BISON=bison
ac_cv_prog_FLEX=flex
ac_cv_prog_LD=ld
ac_cv_prog_LEX=flex
ac_cv_prog_M4=/home/notlean/openwrt-uboost/staging_dir/host/bin/m4
ac_cv_prog_MAKEINFO=makeinfo
ac_cv_prog_NM=nm
ac_cv_prog_OBJCOPY=objcopy
ac_cv_prog_OBJDUMP=objdump
ac_cv_prog_RANLIB=ranlib
ac_cv_prog_READELF=readelf
ac_cv_prog_STRIP=strip
ac_cv_prog_YACC='bison -y'
ac_cv_prog_ac_ct_CC=gcc
ac_cv_prog_ac_ct_CXX=g++
ac_cv_prog_cc_c89=
ac_cv_prog_cc_c99=
ac_cv_prog_cc_g=yes
ac_cv_prog_cxx_g=yes
ac_cv_search_ZSTD_compress='/home/notlean/openwrt-uboost/staging_dir/host/lib/libzstd.a -pthread'
ac_cv_target=mipsel-openwrt-linux-musl
acx_cv_cc_gcc_supports_ada=no
acx_cv_d_compiler_works=no
acx_cv_prog_LN=ln
ax_cv_cxx_compile_cxx11=yes
gcc_cv_prog_cmp_skip='cmp --ignore-initial=16 $$f1 $$f2'
gcc_cv_tool_dirs=/home/notlean/openwrt-uboost/staging_dir/toolchain-mipsel_24kc_gcc-12.3.0_musl/libexec/gcc/mipsel-openwrt-linux-musl/12.3.0:/home/notlean/openwrt-uboost/staging_dir/toolchain-mipsel_24kc_gcc-12.3.0_musl/libexec/gcc/mipsel-openwrt-linux-musl:/usr/lib/gcc/mipsel-openwrt-linux-musl/12.3.0:/usr/lib/gcc/mipsel-openwrt-linux-musl:/home/notlean/openwrt-uboost/staging_dir/toolchain-mipsel_24kc_gcc-12.3.0_musl/mipsel-openwrt-linux-musl/bin/mipsel-openwrt-linux-musl/12.3.0:/home/notlean/openwrt-uboost/staging_dir/toolchain-mipsel_24kc_gcc-12.3.0_musl/mipsel-openwrt-linux-musl/bin:
gcc_cv_tool_prefix=/home/notlean/openwrt-uboost/staging_dir/toolchain-mipsel_24kc_gcc-12.3.0_musl
libgcc_cv_fixed_point=no
lt_cv_objdir=.libs

## ----------------- ##
## Output variables. ##
## ----------------- ##

AR='ar'
AR_FOR_BUILD='$(AR)'
AR_FOR_TARGET='/home/notlean/openwrt-uboost/staging_dir/toolchain-mipsel_24kc_gcc-12.3.0_musl/mipsel-openwrt-linux-musl/bin/ar'
AS='as'
AS_FOR_BUILD='$(AS)'
AS_FOR_TARGET='/home/notlean/openwrt-uboost/staging_dir/toolchain-mipsel_24kc_gcc-12.3.0_musl/mipsel-openwrt-linux-musl/bin/as'
AWK='gawk'
BISON='bison'
BUILD_CONFIG=''
CC='gcc'
CC_FOR_BUILD='$(CC)'
CC_FOR_TARGET='$$r/$(HOST_SUBDIR)/gcc/xgcc -B$$r/$(HOST_SUBDIR)/gcc/'
CFLAGS='-O2 -I/home/notlean/openwrt-uboost/staging_dir/host/include  -pipe'
CFLAGS_FOR_BUILD='-O2 -I/home/notlean/openwrt-uboost/staging_dir/host/include  -pipe'
CFLAGS_FOR_TARGET='-Os -pipe -mno-branch-likely -mips32r2 -mtune=24kc -fno-caller-saves -fno-plt -fhonour-copts -msoft-float -Wformat -Werror=format-security -fstack-protector -D_FORTIFY_SOURCE=1 -Wl,-z,now -Wl,-z,relro'
COMPILER_AS_FOR_TARGET='$$r/$(HOST_SUBDIR)/gcc/as'
COMPILER_LD_FOR_TARGET='$$r/$(HOST_SUBDIR)/gcc/collect-ld'
COMPILER_NM_FOR_TARGET='$$r/$(HOST_SUBDIR)/gcc/nm'
CONFIGURE_GDB_TK=''
CPPFLAGS=''
CPPFLAGS_FOR_BUILD=''
CPP_FOR_BUILD=''
CXX='g++'
CXXFLAGS='-O2 -I/home/notlean/openwrt-uboost/staging_dir/host/include  -pipe'
CXXFLAGS_FOR_BUILD='-O2 -I/home/notlean/openwrt-uboost/staging_dir/host/include  -pipe'
CXXFLAGS_FOR_TARGET='-Os -pipe -mno-branch-likely -mips32r2 -mtune=24kc -fno-caller-saves -fno-plt -fhonour-copts -msoft-float -Wformat -Werror=format-security -fstack-protector -D_FORTIFY_SOURCE=1 -Wl,-z,now -Wl,-z,relro'
CXX_FOR_BUILD='$(CXX)'
CXX_FOR_TARGET='mipsel-openwrt-linux-musl-c++'
DEBUG_PREFIX_CFLAGS_FOR_TARGET=''
DEFS='-DPACKAGE_NAME=\"\" -DPACKAGE_TARNAME=\"\" -DPACKAGE_VERSION=\"\" -DPACKAGE_STRING=\"\" -DPACKAGE_BUGREPORT=\"\" -DPACKAGE_URL=\"\" -DHAVE_CXX11=1 -DLT_OBJDIR=\".libs/\"'
DLLTOOL='dlltool'
DLLTOOL_FOR_BUILD='$(DLLTOOL)'
DLLTOOL_FOR_TARGET='mipsel-openwrt-linux-musl-dlltool'
DSYMUTIL='dsymutil'
DSYMUTIL_FOR_BUILD='$(DSYMUTIL)'
DSYMUTIL_FOR_TARGET='mipsel-openwrt-linux-musl-dsymutil'
ECHO_C=''
ECHO_N='-n'
ECHO_T=''
EXEEXT=''
EXPECT='expect'
FLAGS_FOR_TARGET=' -B$(build_tooldir)/bin/ -B$(build_tooldir)/lib/ -isystem $(build_tooldir)/include -isystem $(build_tooldir)/sys-include'
FLEX='flex'
GCC_FOR_TARGET='$$r/$(HOST_SUBDIR)/gcc/xgcc -B$$r/$(HOST_SUBDIR)/gcc/'
GCC_SHLIB_SUBDIR=''
GDB_TK=''
GDC='no'
GDCFLAGS=''
GDC_FOR_BUILD='$(GDC)'
GDC_FOR_TARGET='mipsel-openwrt-linux-musl-gdc'
GFORTRAN_FOR_BUILD='$(GFORTRAN)'
GFORTRAN_FOR_TARGET='mipsel-openwrt-linux-musl-gfortran'
GNATBIND='no'
GNATMAKE='no'
GOC_FOR_BUILD='$(GOC)'
GOC_FOR_TARGET='mipsel-openwrt-linux-musl-gccgo'
HAVE_CXX11='1'
HAVE_CXX11_FOR_BUILD=''
INSTALL_DATA='${INSTALL} -m 644'
INSTALL_GDB_TK=''
INSTALL_PROGRAM='${INSTALL}'
INSTALL_SCRIPT='${INSTALL}'
LD='ld'
LDFLAGS=''
LDFLAGS_FOR_BUILD=''
LDFLAGS_FOR_TARGET=''
LD_FOR_BUILD='$(LD)'
LD_FOR_TARGET='/home/notlean/openwrt-uboost/staging_dir/toolchain-mipsel_24kc_gcc-12.3.0_musl/mipsel-openwrt-linux-musl/bin/ld'
LEX='flex'
LIBOBJS=''
LIBS=''
LIPO='lipo'
LIPO_FOR_TARGET='mipsel-openwrt-linux-musl-lipo'
LN='ln'
LN_S='ln -s'
LTLIBOBJS=''
M4='/home/notlean/openwrt-uboost/staging_dir/host/bin/m4'
MAINT='#'
MAINTAINER_MODE_FALSE=''
MAINTAINER_MODE_TRUE='#'
MAKEINFO='/home/notlean/openwrt-uboost/build_dir/toolchain-mipsel_24kc_gcc-12.3.0_musl/gcc-12.3.0/missing makeinfo'
NM='nm'
NM_FOR_BUILD='$(NM)'
NM_FOR_TARGET='/home/notlean/openwrt-uboost/staging_dir/toolchain-mipsel_24kc_gcc-12.3.0_musl/mipsel-openwrt-linux-musl/bin/nm'
OBJCOPY='objcopy'
OBJCOPY_FOR_TARGET='/home/notlean/openwrt-uboost/staging_dir/toolchain-mipsel_24kc_gcc-12.3.0_musl/mipsel-openwrt-linux-musl/bin/objcopy'
OBJDUMP='objdump'
OBJDUMP_FOR_TARGET='/home/notlean/openwrt-uboost/staging_dir/toolchain-mipsel_24kc_gcc-12.3.0_musl/mipsel-openwrt-linux-musl/bin/objdump'
OBJEXT='o'
OTOOL='otool'
OTOOL_FOR_TARGET='mipsel-openwrt-linux-musl-otool'
PACKAGE_BUGREPORT=''
PACKAGE_NAME=''
PACKAGE_STRING=''
PACKAGE_TARNAME=''
PACKAGE_URL=''
PACKAGE_VERSION=''
PATH_SEPARATOR=':'
PGO_BUILD_GEN_CFLAGS=''
PGO_BUILD_LTO_CFLAGS=''
PGO_BUILD_USE_CFLAGS=''
RANLIB='ranlib'
RANLIB_FOR_BUILD='$(RANLIB)'
RANLIB_FOR_TARGET='/home/notlean/openwrt-uboost/staging_dir/toolchain-mipsel_24kc_gcc-12.3.0_musl/mipsel-openwrt-linux-musl/bin/ranlib'
RAW_CXX_FOR_TARGET='mipsel-openwrt-linux-musl-c++'
READELF='readelf'
READELF_FOR_TARGET='/home/notlean/openwrt-uboost/staging_dir/toolchain-mipsel_24kc_gcc-12.3.0_musl/mipsel-openwrt-linux-musl/bin/readelf'
RPATH_ENVVAR='LD_LIBRARY_PATH'
RUNTEST='runtest'
SED='/home/notlean/openwrt-uboost/staging_dir/host/bin/sed'
SHELL='/bin/bash'
STRIP='strip'
STRIP_FOR_TARGET='/home/notlean/openwrt-uboost/staging_dir/toolchain-mipsel_24kc_gcc-12.3.0_musl/mipsel-openwrt-linux-musl/bin/strip'
SYSROOT_CFLAGS_FOR_TARGET=''
TOPLEVEL_CONFIGURE_ARGUMENTS='/home/notlean/openwrt-uboost/build_dir/toolchain-mipsel_24kc_gcc-12.3.0_musl/gcc-12.3.0/configure --with-bugurl=http://bugs.openwrt.org/ --with-pkgversion='\''OpenWrt GCC 12.3.0 r23809-234f1a2efa'\'' --prefix=/home/notlean/openwrt-uboost/staging_dir/toolchain-mipsel_24kc_gcc-12.3.0_musl --build=x86_64-pc-linux-gnu --host=x86_64-pc-linux-gnu --target=mipsel-openwrt-linux-musl --with-gnu-ld --enable-target-optspace --disable-libgomp --disable-libmudflap --disable-multilib --disable-libmpx --disable-nls --disable-libssp --without-isl --without-cloog --with-host-libstdcxx=-lstdc++ --with-float=soft --with-system-zlib=/home/notlean/openwrt-uboost/staging_dir/host --with-zstd=/home/notlean/openwrt-uboost/staging_dir/host --with-gmp=/home/notlean/openwrt-uboost/staging_dir/host --with-mpfr=/home/notlean/openwrt-uboost/staging_dir/host --with-mpc=/home/notlean/openwrt-uboost/staging_dir/host --disable-decimal-float --with-diagnostics-color=auto-if-env --enable-__cxa_atexit --enable-libstdcxx-dual-abi --with-default-libstdcxx-abi=new --with-mips-plt CFLAGS='\''-O2 -I/home/notlean/openwrt-uboost/staging_dir/host/include  -pipe'\'' CXXFLAGS='\''-O2 -I/home/notlean/openwrt-uboost/staging_dir/host/include  -pipe'\'' '\''CFLAGS_FOR_TARGET=-Os -pipe -mno-branch-likely -mips32r2 -mtune=24kc -fno-caller-saves -fno-plt -fhonour-copts -msoft-float -Wformat -Werror=format-security -fstack-protector -D_FORTIFY_SOURCE=1 -Wl,-z,now -Wl,-z,relro'\'' '\''CXXFLAGS_FOR_TARGET=-Os -pipe -mno-branch-likely -mips32r2 -mtune=24kc -fno-caller-saves -fno-plt -fhonour-copts -msoft-float -Wformat -Werror=format-security -fstack-protector -D_FORTIFY_SOURCE=1 -Wl,-z,now -Wl,-z,relro'\'' '\''GOCFLAGS_FOR_TARGET=-Os -pipe -mno-branch-likely -mips32r2 -mtune=24kc -fno-caller-saves -fno-plt -fhonour-copts -msoft-float -Wformat -Werror=format-security -fstack-protector -D_FORTIFY_SOURCE=1 -Wl,-z,now -Wl,-z,relro'\'' --with-newlib --with-sysroot=/home/notlean/openwrt-uboost/staging_dir/toolchain-mipsel_24kc_gcc-12.3.0_musl --enable-languages=c --disable-shared --disable-threads'
WINDMC='windmc'
WINDMC_FOR_BUILD='$(WINDMC)'
WINDMC_FOR_TARGET='mipsel-openwrt-linux-musl-windmc'
WINDRES='windres'
WINDRES_FOR_BUILD='$(WINDRES)'
WINDRES_FOR_TARGET='mipsel-openwrt-linux-musl-windres'
YACC='bison -y'
ac_ct_CC='gcc'
ac_ct_CXX='g++'
bindir='${exec_prefix}/bin'
build='x86_64-pc-linux-gnu'
build_alias='x86_64-pc-linux-gnu'
build_configargs=' --cache-file=./config.cache '\''--with-bugurl=http://bugs.openwrt.org/'\'' '\''--with-pkgversion=OpenWrt GCC 12.3.0 r23809-234f1a2efa'\'' '\''--prefix=/home/notlean/openwrt-uboost/staging_dir/toolchain-mipsel_24kc_gcc-12.3.0_musl'\'' '\''--with-gnu-ld'\'' '\''--enable-target-optspace'\'' '\''--disable-libgomp'\'' '\''--disable-libmudflap'\'' '\''--disable-multilib'\'' '\''--disable-libmpx'\'' '\''--disable-nls'\'' '\''--disable-libssp'\'' '\''--without-isl'\'' '\''--without-cloog'\'' '\''--with-host-libstdcxx=-lstdc++'\'' '\''--with-float=soft'\'' '\''--with-system-zlib=/home/notlean/openwrt-uboost/staging_dir/host'\'' '\''--with-zstd=/home/notlean/openwrt-uboost/staging_dir/host'\'' '\''--with-gmp=/home/notlean/openwrt-uboost/staging_dir/host'\'' '\''--with-mpfr=/home/notlean/openwrt-uboost/staging_dir/host'\'' '\''--with-mpc=/home/notlean/openwrt-uboost/staging_dir/host'\'' '\''--disable-decimal-float'\'' '\''--with-diagnostics-color=auto-if-env'\'' '\''--enable-__cxa_atexit'\'' '\''--enable-libstdcxx-dual-abi'\'' '\''--with-default-libstdcxx-abi=new'\'' '\''--with-mips-plt'\'' '\''--with-newlib'\'' '\''--with-sysroot=/home/notlean/openwrt-uboost/staging_dir/toolchain-mipsel_24kc_gcc-12.3.0_musl'\'' '\''--disable-shared'\'' '\''--disable-threads'\'' '\''--enable-languages=c,lto'\'' --program-transform-name='\''s&^&mipsel-openwrt-linux-musl-&'\'' --disable-option-checking'
build_configdirs=' libiberty libcpp fixincludes'
build_cpu='x86_64'
build_libsubdir='build-x86_64-pc-linux-gnu'
build_noncanonical='x86_64-pc-linux-gnu'
build_os='linux-gnu'
build_subdir='build-x86_64-pc-linux-gnu'
build_tooldir='${exec_prefix}/mipsel-openwrt-linux-musl'
build_vendor='pc'
compare_exclusions='gcc/cc*-checksum$(objext) | gcc/ada/*tools/*'
configdirs=' intl libiberty zlib libbacktrace libcpp libcody libdecnumber fixincludes gcc libcc1 c++tools lto-plugin'
datadir='${datarootdir}'
datarootdir='${prefix}/share'
do_compare='cmp --ignore-initial=16 $$f1 $$f2'
docdir='${datarootdir}/doc/${PACKAGE}'
dvidir='${docdir}'
exec_prefix='${prefix}'
extra_host_libiberty_configure_flags='--enable-shared'
extra_host_zlib_configure_flags=''
extra_isl_gmp_configure_flags=''
extra_liboffloadmic_configure_flags=''
extra_linker_plugin_configure_flags=''
extra_linker_plugin_flags=''
extra_mpc_gmp_configure_flags=''
extra_mpc_mpfr_configure_flags=''
extra_mpfr_configure_flags=''
get_gcc_base_ver='cat'
gmpinc='-I/home/notlean/openwrt-uboost/staging_dir/host/include -I/home/notlean/openwrt-uboost/staging_dir/host/include -I/home/notlean/openwrt-uboost/staging_dir/host/include '
gmplibs='-L/home/notlean/openwrt-uboost/staging_dir/host/lib -L/home/notlean/openwrt-uboost/staging_dir/host/lib -L/home/notlean/openwrt-uboost/staging_dir/host/lib -lmpc -lmpfr -lgmp'
host='x86_64-pc-linux-gnu'
host_alias='x86_64-pc-linux-gnu'
host_configargs=' --cache-file=./config.cache  '\''--with-bugurl=http://bugs.openwrt.org/'\'' '\''--with-pkgversion=OpenWrt GCC 12.3.0 r23809-234f1a2efa'\'' '\''--prefix=/home/notlean/openwrt-uboost/staging_dir/toolchain-mipsel_24kc_gcc-12.3.0_musl'\'' '\''--with-gnu-ld'\'' '\''--enable-target-optspace'\'' '\''--disable-libgomp'\'' '\''--disable-libmudflap'\'' '\''--disable-multilib'\'' '\''--disable-libmpx'\'' '\''--disable-nls'\'' '\''--disable-libssp'\'' '\''--without-isl'\'' '\''--without-cloog'\'' '\''--with-host-libstdcxx=-lstdc++'\'' '\''--with-float=soft'\'' '\''--with-system-zlib=/home/notlean/openwrt-uboost/staging_dir/host'\'' '\''--with-zstd=/home/notlean/openwrt-uboost/staging_dir/host'\'' '\''--with-gmp=/home/notlean/openwrt-uboost/staging_dir/host'\'' '\''--with-mpfr=/home/notlean/openwrt-uboost/staging_dir/host'\'' '\''--with-mpc=/home/notlean/openwrt-uboost/staging_dir/host'\'' '\''--disable-decimal-float'\'' '\''--with-diagnostics-color=auto-if-env'\'' '\''--enable-__cxa_atexit'\'' '\''--enable-libstdcxx-dual-abi'\'' '\''--with-default-libstdcxx-abi=new'\'' '\''--with-mips-plt'\'' '\''--with-newlib'\'' '\''--with-sysroot=/home/notlean/openwrt-uboost/staging_dir/toolchain-mipsel_24kc_gcc-12.3.0_musl'\'' '\''--disable-shared'\'' '\''--disable-threads'\'' '\''--enable-languages=c,lto'\'' --program-transform-name='\''s&^&mipsel-openwrt-linux-musl-&'\'' --disable-option-checking'
host_cpu='x86_64'
host_noncanonical='x86_64-pc-linux-gnu'
host_os='linux-gnu'
host_shared='no'
host_subdir='.'
host_vendor='pc'
htmldir='${docdir}'
includedir='${prefix}/include'
infodir='${datarootdir}/info'
islinc=''
isllibs=''
libdir='${exec_prefix}/lib'
libexecdir='${exec_prefix}/libexec'
localedir='${datarootdir}/locale'
localstatedir='${prefix}/var'
mandir='${datarootdir}/man'
oldincludedir='/usr/include'
pdfdir='${docdir}'
poststage1_ldflags='-static-libstdc++ -static-libgcc'
poststage1_libs=''
prefix='/home/notlean/openwrt-uboost/staging_dir/toolchain-mipsel_24kc_gcc-12.3.0_musl'
program_transform_name='s&^&mipsel-openwrt-linux-musl-&'
psdir='${docdir}'
sbindir='${exec_prefix}/sbin'
sharedstatedir='${prefix}/com'
stage1_cflags='-g'
stage1_checking='--enable-checking=yes,types'
stage1_languages='c,lto'
stage1_ldflags='-static-libstdc++ -static-libgcc'
stage1_libs=''
stage2_werror_flag=''
sysconfdir='${prefix}/etc'
target='mipsel-openwrt-linux-musl'
target_alias='mipsel-openwrt-linux-musl'
target_configargs='--cache-file=./config.cache --with-cross-host=x86_64-pc-linux-gnu   '\''--with-bugurl=http://bugs.openwrt.org/'\'' '\''--with-pkgversion=OpenWrt GCC 12.3.0 r23809-234f1a2efa'\'' '\''--prefix=/home/notlean/openwrt-uboost/staging_dir/toolchain-mipsel_24kc_gcc-12.3.0_musl'\'' '\''--with-gnu-ld'\'' '\''--enable-target-optspace'\'' '\''--disable-libgomp'\'' '\''--disable-libmudflap'\'' '\''--disable-multilib'\'' '\''--disable-libmpx'\'' '\''--disable-nls'\'' '\''--disable-libssp'\'' '\''--without-cloog'\'' '\''--with-host-libstdcxx=-lstdc++'\'' '\''--with-float=soft'\'' '\''--with-system-zlib=/home/notlean/openwrt-uboost/staging_dir/host'\'' '\''--with-zstd=/home/notlean/openwrt-uboost/staging_dir/host'\'' '\''--disable-decimal-float'\'' '\''--with-diagnostics-color=auto-if-env'\'' '\''--enable-__cxa_atexit'\'' '\''--enable-libstdcxx-dual-abi'\'' '\''--with-default-libstdcxx-abi=new'\'' '\''--with-mips-plt'\'' '\''--with-newlib'\'' '\''--with-sysroot=/home/notlean/openwrt-uboost/staging_dir/toolchain-mipsel_24kc_gcc-12.3.0_musl'\'' '\''--disable-shared'\'' '\''--disable-threads'\'' '\''--enable-languages=c,lto'\'' --program-transform-name='\''s&^&mipsel-openwrt-linux-musl-&'\'' --disable-option-checking'
target_configdirs=' libgcc libatomic libquadmath'
target_cpu='mipsel'
target_noncanonical='mipsel-openwrt-linux-musl'
target_os='linux-musl'
target_subdir='mipsel-openwrt-linux-musl'
target_vendor='openwrt'
tooldir='${exec_prefix}/mipsel-openwrt-linux-musl'

## ------------------- ##
## File substitutions. ##
## ------------------- ##

alphaieee_frag='/dev/null'
host_makefile_frag='/dev/null'
ospace_frag='/home/notlean/openwrt-uboost/build_dir/toolchain-mipsel_24kc_gcc-12.3.0_musl/gcc-12.3.0/config/mt-ospace'
serialization_dependencies='serdep.tmp'
target_makefile_frag='/home/notlean/openwrt-uboost/build_dir/toolchain-mipsel_24kc_gcc-12.3.0_musl/gcc-12.3.0/config/mt-mips-gnu'

## ----------- ##
## confdefs.h. ##
## ----------- ##

/* confdefs.h */
#define PACKAGE_NAME ""
#define PACKAGE_TARNAME ""
#define PACKAGE_VERSION ""
#define PACKAGE_STRING ""
#define PACKAGE_BUGREPORT ""
#define PACKAGE_URL ""
#define HAVE_CXX11 1
#define LT_OBJDIR ".libs/"

configure: exit 0
