This file contains any messages produced by compilers while
running configure, to aid debugging if configure makes a mistake.

It was created by expat configure 2.5.0, which was
generated by GNU Autoconf 2.71.  Invocation command line was

  $ ./configure --target=x86_64-pc-linux-gnu --host=x86_64-pc-linux-gnu --build=x86_64-pc-linux-gnu --disable-dependency-tracking --program-prefix= --program-suffix= --prefix=/home/notlean/openwrt-uboost/staging_dir/host --exec-prefix=/home/notlean/openwrt-uboost/staging_dir/host --sysconfdir=/home/notlean/openwrt-uboost/staging_dir/host/etc --localstatedir=/home/notlean/openwrt-uboost/staging_dir/host/var --sbindir=/home/notlean/openwrt-uboost/staging_dir/host/bin --disable-shared --without-docbook --with-pic

## --------- ##
## Platform. ##
## --------- ##

hostname = Notlean
uname -m = x86_64
uname -r = 6.14.0-33-generic
uname -s = Linux
uname -v = #33~24.04.1-Ubuntu SMP PREEMPT_DYNAMIC Fri Sep 19 17:02:30 UTC 2

/usr/bin/uname -p = x86_64
/bin/uname -X     = unknown

/bin/arch              = x86_64
/usr/bin/arch -k       = unknown
/usr/convex/getsysinfo = unknown
/usr/bin/hostinfo      = unknown
/bin/machine           = unknown
/usr/bin/oslevel       = unknown
/bin/universe          = unknown

PATH: /home/notlean/openwrt-uboost/staging_dir/toolchain-mipsel_24kc_gcc-12.3.0_musl/bin/
PATH: /home/notlean/openwrt-uboost/staging_dir/toolchain-mipsel_24kc_gcc-12.3.0_musl/bin/
PATH: /home/notlean/openwrt-uboost/staging_dir/host/bin/
PATH: /home/notlean/openwrt-uboost/staging_dir/toolchain-mipsel_24kc_gcc-12.3.0_musl/bin/
PATH: /home/notlean/openwrt-uboost/staging_dir/host/bin/
PATH: /home/notlean/openwrt-uboost/staging_dir/host/bin/
PATH: /usr/local/sbin/
PATH: /usr/local/bin/
PATH: /usr/sbin/
PATH: /usr/bin/
PATH: /sbin/
PATH: /bin/
PATH: /usr/games/
PATH: /usr/local/games/
PATH: /snap/bin/
PATH: /snap/bin/


## ----------- ##
## Core tests. ##
## ----------- ##

configure:3074: looking for aux files: ltmain.sh compile ar-lib missing install-sh config.guess config.sub
configure:3087:  trying ./conftools/
configure:3116:   ./conftools/ltmain.sh found
configure:3116:   ./conftools/compile found
configure:3116:   ./conftools/ar-lib found
configure:3116:   ./conftools/missing found
configure:3098:   ./conftools/install-sh found
configure:3116:   ./conftools/config.guess found
configure:3116:   ./conftools/config.sub found
configure:3239: checking build system type
configure:3254: result: x86_64-pc-linux-gnu
configure:3274: checking host system type
configure:3288: result: x86_64-pc-linux-gnu
configure:3325: checking for a BSD-compatible install
configure:3398: result: /home/notlean/openwrt-uboost/staging_dir/host/bin/install -c
configure:3409: checking whether build environment is sane
configure:3464: result: yes
configure:3623: checking for a race-free mkdir -p
configure:3667: result: /usr/bin/mkdir -p
configure:3674: checking for gawk
configure:3695: found /usr/bin/gawk
configure:3706: result: gawk
configure:3717: checking whether make sets $(MAKE)
configure:3740: result: yes
configure:3770: checking whether make supports nested variables
configure:3788: result: yes
configure:3949: checking whether make supports the include directive
configure:3964: make -f confmf.GNU && cat confinc.out
make[4]: Entering directory '/home/notlean/openwrt-uboost/build_dir/host/expat-2.5.0'
make[4]: Leaving directory '/home/notlean/openwrt-uboost/build_dir/host/expat-2.5.0'
this is the am__doit target
configure:3967: $? = 0
configure:3986: result: yes (GNU style)
configure:4017: checking for x86_64-pc-linux-gnu-gcc
configure:4049: result: gcc
configure:4447: checking for C compiler version
configure:4456: gcc --version >&5
gcc (Ubuntu 13.3.0-6ubuntu2~24.04) 13.3.0
Copyright (C) 2023 Free Software Foundation, Inc.
This is free software; see the source for copying conditions.  There is NO
warranty; not even for MERCHANTABILITY or FITNESS FOR A PARTICULAR PURPOSE.

configure:4467: $? = 0
configure:4456: gcc -v >&5
Using built-in specs.
COLLECT_GCC=gcc
COLLECT_LTO_WRAPPER=/usr/libexec/gcc/x86_64-linux-gnu/13/lto-wrapper
OFFLOAD_TARGET_NAMES=nvptx-none:amdgcn-amdhsa
OFFLOAD_TARGET_DEFAULT=1
Target: x86_64-linux-gnu
Configured with: ../src/configure -v --with-pkgversion='Ubuntu 13.3.0-6ubuntu2~24.04' --with-bugurl=file:///usr/share/doc/gcc-13/README.Bugs --enable-languages=c,ada,c++,go,d,fortran,objc,obj-c++,m2 --prefix=/usr --with-gcc-major-version-only --program-suffix=-13 --program-prefix=x86_64-linux-gnu- --enable-shared --enable-linker-build-id --libexecdir=/usr/libexec --without-included-gettext --enable-threads=posix --libdir=/usr/lib --enable-nls --enable-bootstrap --enable-clocale=gnu --enable-libstdcxx-debug --enable-libstdcxx-time=yes --with-default-libstdcxx-abi=new --enable-libstdcxx-backtrace --enable-gnu-unique-object --disable-vtable-verify --enable-plugin --enable-default-pie --with-system-zlib --enable-libphobos-checking=release --with-target-system-zlib=auto --enable-objc-gc=auto --enable-multiarch --disable-werror --enable-cet --with-arch-32=i686 --with-abi=m64 --with-multilib-list=m32,m64,mx32 --enable-multilib --with-tune=generic --enable-offload-targets=nvptx-none=/build/gcc-13-fG75Ri/gcc-13-13.3.0/debian/tmp-nvptx/usr,amdgcn-amdhsa=/build/gcc-13-fG75Ri/gcc-13-13.3.0/debian/tmp-gcn/usr --enable-offload-defaulted --without-cuda-driver --enable-checking=release --build=x86_64-linux-gnu --host=x86_64-linux-gnu --target=x86_64-linux-gnu --with-build-config=bootstrap-lto-lean --enable-link-serialization=2
Thread model: posix
Supported LTO compression algorithms: zlib zstd
gcc version 13.3.0 (Ubuntu 13.3.0-6ubuntu2~24.04) 
... rest of stderr output deleted ...
configure:4467: $? = 0
configure:4456: gcc -V >&5
gcc: error: unrecognized command-line option '-V'
gcc: fatal error: no input files
compilation terminated.
configure:4467: $? = 1
configure:4456: gcc -qversion >&5
gcc: error: unrecognized command-line option '-qversion'; did you mean '--version'?
gcc: fatal error: no input files
compilation terminated.
configure:4467: $? = 1
configure:4456: gcc -version >&5
gcc: error: unrecognized command-line option '-version'
gcc: fatal error: no input files
compilation terminated.
configure:4467: $? = 1
configure:4487: checking whether the C compiler works
configure:4509: gcc -O2 -I/home/notlean/openwrt-uboost/staging_dir/host/include  -I/home/notlean/openwrt-uboost/staging_dir/host/include  -L/home/notlean/openwrt-uboost/staging_dir/host/lib  conftest.c  >&5
configure:4513: $? = 0
configure:4563: result: yes
configure:4566: checking for C compiler default output file name
configure:4568: result: a.out
configure:4574: checking for suffix of executables
configure:4581: gcc -o conftest -O2 -I/home/notlean/openwrt-uboost/staging_dir/host/include  -I/home/notlean/openwrt-uboost/staging_dir/host/include  -L/home/notlean/openwrt-uboost/staging_dir/host/lib  conftest.c  >&5
configure:4585: $? = 0
configure:4608: result: 
configure:4630: checking whether we are cross compiling
configure:4638: gcc -o conftest -O2 -I/home/notlean/openwrt-uboost/staging_dir/host/include  -I/home/notlean/openwrt-uboost/staging_dir/host/include  -L/home/notlean/openwrt-uboost/staging_dir/host/lib  conftest.c  >&5
configure:4642: $? = 0
configure:4649: ./conftest
configure:4653: $? = 0
configure:4668: result: no
configure:4673: checking for suffix of object files
configure:4696: gcc -c -O2 -I/home/notlean/openwrt-uboost/staging_dir/host/include  -I/home/notlean/openwrt-uboost/staging_dir/host/include  conftest.c >&5
configure:4700: $? = 0
configure:4722: result: o
configure:4726: checking whether the compiler supports GNU C
configure:4746: gcc -c -O2 -I/home/notlean/openwrt-uboost/staging_dir/host/include  -I/home/notlean/openwrt-uboost/staging_dir/host/include  conftest.c >&5
configure:4746: $? = 0
configure:4756: result: yes
configure:4767: checking whether gcc accepts -g
configure:4788: gcc -c -g -I/home/notlean/openwrt-uboost/staging_dir/host/include  conftest.c >&5
configure:4788: $? = 0
configure:4832: result: yes
configure:4852: checking for gcc option to enable C11 features
configure:4867: gcc  -c -O2 -I/home/notlean/openwrt-uboost/staging_dir/host/include  -I/home/notlean/openwrt-uboost/staging_dir/host/include  conftest.c >&5
configure:4867: $? = 0
configure:4885: result: none needed
configure:5001: checking whether gcc understands -c and -o together
configure:5024: gcc -c conftest.c -o conftest2.o
configure:5027: $? = 0
configure:5024: gcc -c conftest.c -o conftest2.o
configure:5027: $? = 0
configure:5039: result: yes
configure:5058: checking dependency style of gcc
configure:5170: result: none
configure:5192: checking for x86_64-pc-linux-gnu-ar
configure:5227: result: no
configure:5192: checking for x86_64-pc-linux-gnu-lib
configure:5227: result: no
configure:5192: checking for x86_64-pc-linux-gnu-link
configure:5227: result: no
configure:5241: checking for ar
configure:5262: found /usr/bin/ar
configure:5273: result: ar
configure:5299: checking the archiver (ar) interface
configure:5316: gcc -c -O2 -I/home/notlean/openwrt-uboost/staging_dir/host/include  -I/home/notlean/openwrt-uboost/staging_dir/host/include  conftest.c >&5
configure:5316: $? = 0
configure:5319: ar cru libconftest.a conftest.o >&5
ar: `u' modifier ignored since `D' is the default (see `U')
configure:5322: $? = 0
configure:5350: result: ar
configure:5371: checking whether ln -s works
configure:5375: result: yes
configure:5382: checking whether make sets $(MAKE)
configure:5405: result: yes
configure:5463: checking how to print strings
configure:5490: result: printf
configure:5511: checking for a sed that does not truncate output
configure:5581: result: /home/notlean/openwrt-uboost/staging_dir/host/bin/sed
configure:5599: checking for grep that handles long lines and -e
configure:5663: result: /home/notlean/openwrt-uboost/staging_dir/host/bin/grep
configure:5668: checking for egrep
configure:5736: result: /home/notlean/openwrt-uboost/staging_dir/host/bin/grep -E
configure:5741: checking for fgrep
configure:5809: result: /home/notlean/openwrt-uboost/staging_dir/host/bin/grep -F
configure:5845: checking for ld used by gcc
configure:5913: result: /usr/bin/ld
configure:5920: checking if the linker (/usr/bin/ld) is GNU ld
configure:5936: result: yes
configure:5948: checking for BSD- or MS-compatible name lister (nm)
configure:6003: result: /usr/bin/nm -B
configure:6143: checking the name lister (/usr/bin/nm -B) interface
configure:6151: gcc -c -O2 -I/home/notlean/openwrt-uboost/staging_dir/host/include  -I/home/notlean/openwrt-uboost/staging_dir/host/include  conftest.c >&5
configure:6154: /usr/bin/nm -B "conftest.o"
configure:6157: output
0000000000000000 B some_variable
configure:6164: result: BSD nm
configure:6168: checking the maximum length of command line arguments
configure:6305: result: 1572864
configure:6353: checking how to convert x86_64-pc-linux-gnu file names to x86_64-pc-linux-gnu format
configure:6394: result: func_convert_file_noop
configure:6401: checking how to convert x86_64-pc-linux-gnu file names to toolchain format
configure:6422: result: func_convert_file_noop
configure:6429: checking for /usr/bin/ld option to reload object files
configure:6437: result: -r
configure:6471: checking for x86_64-pc-linux-gnu-file
configure:6506: result: no
configure:6516: checking for file
configure:6537: found /home/notlean/openwrt-uboost/staging_dir/host/bin/file
configure:6548: result: file
configure:6579: checking for x86_64-pc-linux-gnu-objdump
configure:6614: result: no
configure:6624: checking for objdump
configure:6645: found /usr/bin/objdump
configure:6656: result: objdump
configure:6685: checking how to recognize dependent libraries
configure:6886: result: pass_all
configure:6931: checking for x86_64-pc-linux-gnu-dlltool
configure:6966: result: no
configure:6976: checking for dlltool
configure:7011: result: no
configure:7038: checking how to associate runtime and link libraries
configure:7066: result: printf %s\n
configure:7082: checking for x86_64-pc-linux-gnu-ar
configure:7114: result: ar
configure:7216: checking for archiver @FILE support
configure:7234: gcc -c -O2 -I/home/notlean/openwrt-uboost/staging_dir/host/include  -I/home/notlean/openwrt-uboost/staging_dir/host/include  conftest.c >&5
configure:7234: $? = 0
configure:7238: ar cr libconftest.a @conftest.lst >&5
configure:7241: $? = 0
configure:7246: ar cr libconftest.a @conftest.lst >&5
ar: conftest.o: No such file or directory
configure:7249: $? = 1
configure:7261: result: @
configure:7279: checking for x86_64-pc-linux-gnu-strip
configure:7314: result: no
configure:7324: checking for strip
configure:7345: found /usr/bin/strip
configure:7356: result: strip
configure:7388: checking for x86_64-pc-linux-gnu-ranlib
configure:7423: result: no
configure:7433: checking for ranlib
configure:7454: found /usr/bin/ranlib
configure:7465: result: ranlib
configure:7567: checking command to parse /usr/bin/nm -B output from gcc object
configure:7721: gcc -c -O2 -I/home/notlean/openwrt-uboost/staging_dir/host/include  -I/home/notlean/openwrt-uboost/staging_dir/host/include  conftest.c >&5
configure:7724: $? = 0
configure:7728: /usr/bin/nm -B conftest.o \| /home/notlean/openwrt-uboost/staging_dir/host/bin/sed -n -e 's/^.*[ ]\([ABCDGIRSTW][ABCDGIRSTW]*\)[ ][ ]*\([_A-Za-z][_A-Za-z0-9]*\)$/\1 \2 \2/p' | /home/notlean/openwrt-uboost/staging_dir/host/bin/sed '/ __gnu_lto/d' \> conftest.nm
configure:7731: $? = 0
configure:7797: gcc -o conftest -O2 -I/home/notlean/openwrt-uboost/staging_dir/host/include  -I/home/notlean/openwrt-uboost/staging_dir/host/include  -L/home/notlean/openwrt-uboost/staging_dir/host/lib  conftest.c conftstm.o >&5
configure:7800: $? = 0
configure:7838: result: ok
configure:7885: checking for sysroot
configure:7916: result: no
configure:7923: checking for a working dd
configure:7967: result: /usr/bin/dd
configure:7971: checking how to truncate binary pipes
configure:7987: result: /usr/bin/dd bs=4096 count=1
configure:8124: gcc -c -O2 -I/home/notlean/openwrt-uboost/staging_dir/host/include  -I/home/notlean/openwrt-uboost/staging_dir/host/include  conftest.c >&5
configure:8127: $? = 0
configure:8279: checking for x86_64-pc-linux-gnu-mt
configure:8314: result: no
configure:8324: checking for mt
configure:8345: found /usr/bin/mt
configure:8356: result: mt
configure:8379: checking if mt is a manifest tool
configure:8386: mt '-?'
configure:8394: result: no
configure:9119: checking for stdio.h
configure:9119: gcc -c -O2 -I/home/notlean/openwrt-uboost/staging_dir/host/include  -I/home/notlean/openwrt-uboost/staging_dir/host/include  conftest.c >&5
configure:9119: $? = 0
configure:9119: result: yes
configure:9119: checking for stdlib.h
configure:9119: gcc -c -O2 -I/home/notlean/openwrt-uboost/staging_dir/host/include  -I/home/notlean/openwrt-uboost/staging_dir/host/include  conftest.c >&5
configure:9119: $? = 0
configure:9119: result: yes
configure:9119: checking for string.h
configure:9119: gcc -c -O2 -I/home/notlean/openwrt-uboost/staging_dir/host/include  -I/home/notlean/openwrt-uboost/staging_dir/host/include  conftest.c >&5
configure:9119: $? = 0
configure:9119: result: yes
configure:9119: checking for inttypes.h
configure:9119: gcc -c -O2 -I/home/notlean/openwrt-uboost/staging_dir/host/include  -I/home/notlean/openwrt-uboost/staging_dir/host/include  conftest.c >&5
configure:9119: $? = 0
configure:9119: result: yes
configure:9119: checking for stdint.h
configure:9119: gcc -c -O2 -I/home/notlean/openwrt-uboost/staging_dir/host/include  -I/home/notlean/openwrt-uboost/staging_dir/host/include  conftest.c >&5
configure:9119: $? = 0
configure:9119: result: yes
configure:9119: checking for strings.h
configure:9119: gcc -c -O2 -I/home/notlean/openwrt-uboost/staging_dir/host/include  -I/home/notlean/openwrt-uboost/staging_dir/host/include  conftest.c >&5
configure:9119: $? = 0
configure:9119: result: yes
configure:9119: checking for sys/stat.h
configure:9119: gcc -c -O2 -I/home/notlean/openwrt-uboost/staging_dir/host/include  -I/home/notlean/openwrt-uboost/staging_dir/host/include  conftest.c >&5
configure:9119: $? = 0
configure:9119: result: yes
configure:9119: checking for sys/types.h
configure:9119: gcc -c -O2 -I/home/notlean/openwrt-uboost/staging_dir/host/include  -I/home/notlean/openwrt-uboost/staging_dir/host/include  conftest.c >&5
configure:9119: $? = 0
configure:9119: result: yes
configure:9119: checking for unistd.h
configure:9119: gcc -c -O2 -I/home/notlean/openwrt-uboost/staging_dir/host/include  -I/home/notlean/openwrt-uboost/staging_dir/host/include  conftest.c >&5
configure:9119: $? = 0
configure:9119: result: yes
configure:9119: checking for sys/param.h
configure:9119: gcc -c -O2 -I/home/notlean/openwrt-uboost/staging_dir/host/include  -I/home/notlean/openwrt-uboost/staging_dir/host/include  conftest.c >&5
configure:9119: $? = 0
configure:9119: result: yes
configure:9144: checking for dlfcn.h
configure:9144: gcc -c -O2 -I/home/notlean/openwrt-uboost/staging_dir/host/include  -I/home/notlean/openwrt-uboost/staging_dir/host/include  conftest.c >&5
configure:9144: $? = 0
configure:9144: result: yes
configure:9731: checking for objdir
configure:9747: result: .libs
configure:10011: checking if gcc supports -fno-rtti -fno-exceptions
configure:10030: gcc -c -O2 -I/home/notlean/openwrt-uboost/staging_dir/host/include  -I/home/notlean/openwrt-uboost/staging_dir/host/include  -fno-rtti -fno-exceptions conftest.c >&5
cc1: warning: command-line option '-fno-rtti' is valid for C++/D/ObjC++ but not for C
configure:10034: $? = 0
configure:10047: result: no
configure:10405: checking for gcc option to produce PIC
configure:10413: result: -fPIC -DPIC
configure:10421: checking if gcc PIC flag -fPIC -DPIC works
configure:10440: gcc -c -O2 -I/home/notlean/openwrt-uboost/staging_dir/host/include  -I/home/notlean/openwrt-uboost/staging_dir/host/include  -fPIC -DPIC -DPIC conftest.c >&5
configure:10444: $? = 0
configure:10457: result: yes
configure:10486: checking if gcc static flag -static works
configure:10515: result: yes
configure:10530: checking if gcc supports -c -o file.o
configure:10552: gcc -c -O2 -I/home/notlean/openwrt-uboost/staging_dir/host/include  -I/home/notlean/openwrt-uboost/staging_dir/host/include  -o out/conftest2.o conftest.c >&5
configure:10556: $? = 0
configure:10578: result: yes
configure:10586: checking if gcc supports -c -o file.o
configure:10634: result: yes
configure:10667: checking whether the gcc linker (/usr/bin/ld -m elf_x86_64) supports shared libraries
configure:11935: result: yes
configure:12176: checking dynamic linker characteristics
configure:12771: gcc -o conftest -O2 -I/home/notlean/openwrt-uboost/staging_dir/host/include  -I/home/notlean/openwrt-uboost/staging_dir/host/include  -L/home/notlean/openwrt-uboost/staging_dir/host/lib  -Wl,-rpath -Wl,/foo conftest.c  >&5
configure:12771: $? = 0
configure:13010: result: GNU/Linux ld.so
configure:13132: checking how to hardcode library paths into programs
configure:13157: result: immediate
configure:13739: checking whether stripping libraries is possible
configure:13748: result: yes
configure:13790: checking if libtool supports shared libraries
configure:13792: result: yes
configure:13795: checking whether to build shared libraries
configure:13820: result: no
configure:13823: checking whether to build static libraries
configure:13827: result: yes
configure:13885: checking whether C compiler accepts -Wall
configure:13898: gcc -c -O2 -I/home/notlean/openwrt-uboost/staging_dir/host/include   -Werror -Wall -I/home/notlean/openwrt-uboost/staging_dir/host/include  conftest.c >&5
configure:13898: $? = 0
configure:13908: result: yes
configure:13937: : AM_CFLAGS="$AM_CFLAGS"
configure:13940: $? = 0
configure:13885: checking whether C compiler accepts -Wextra
configure:13898: gcc -c -O2 -I/home/notlean/openwrt-uboost/staging_dir/host/include   -Werror -Wextra -I/home/notlean/openwrt-uboost/staging_dir/host/include  conftest.c >&5
configure:13898: $? = 0
configure:13908: result: yes
configure:13926: : AM_CFLAGS="$AM_CFLAGS"
configure:13929: $? = 0
configure:13957: checking whether C compiler accepts -fexceptions
configure:13970: gcc -c -O2 -I/home/notlean/openwrt-uboost/staging_dir/host/include   -Werror -fexceptions -I/home/notlean/openwrt-uboost/staging_dir/host/include  conftest.c >&5
configure:13970: $? = 0
configure:13980: result: yes
configure:13998: : AM_CFLAGS="$AM_CFLAGS"
configure:14001: $? = 0
configure:14029: checking whether C compiler accepts -fno-strict-aliasing
configure:14042: gcc -c -O2 -I/home/notlean/openwrt-uboost/staging_dir/host/include   -Werror -fno-strict-aliasing -I/home/notlean/openwrt-uboost/staging_dir/host/include  conftest.c >&5
configure:14042: $? = 0
configure:14052: result: yes
configure:14070: : AM_CFLAGS="$AM_CFLAGS"
configure:14073: $? = 0
configure:14029: checking whether C compiler accepts -Wmissing-prototypes
configure:14042: gcc -c -O2 -I/home/notlean/openwrt-uboost/staging_dir/host/include   -Werror -Wmissing-prototypes -I/home/notlean/openwrt-uboost/staging_dir/host/include  conftest.c >&5
configure:14042: $? = 0
configure:14052: result: yes
configure:14070: : AM_CFLAGS="$AM_CFLAGS"
configure:14073: $? = 0
configure:14029: checking whether C compiler accepts -Wstrict-prototypes
configure:14042: gcc -c -O2 -I/home/notlean/openwrt-uboost/staging_dir/host/include   -Werror -Wstrict-prototypes -I/home/notlean/openwrt-uboost/staging_dir/host/include  conftest.c >&5
configure:14042: $? = 0
configure:14052: result: yes
configure:14070: : AM_CFLAGS="$AM_CFLAGS"
configure:14073: $? = 0
configure:14101: checking whether C compiler accepts -pedantic
configure:14114: gcc -c -O2 -I/home/notlean/openwrt-uboost/staging_dir/host/include   -Werror -pedantic -I/home/notlean/openwrt-uboost/staging_dir/host/include  conftest.c >&5
configure:14114: $? = 0
configure:14124: result: yes
configure:14142: : AM_CFLAGS="$AM_CFLAGS"
configure:14145: $? = 0
configure:14101: checking whether C compiler accepts -Wduplicated-cond
configure:14114: gcc -c -O2 -I/home/notlean/openwrt-uboost/staging_dir/host/include   -Werror -Wduplicated-cond -I/home/notlean/openwrt-uboost/staging_dir/host/include  conftest.c >&5
configure:14114: $? = 0
configure:14124: result: yes
configure:14142: : AM_CFLAGS="$AM_CFLAGS"
configure:14145: $? = 0
configure:14101: checking whether C compiler accepts -Wduplicated-branches
configure:14114: gcc -c -O2 -I/home/notlean/openwrt-uboost/staging_dir/host/include   -Werror -Wduplicated-branches -I/home/notlean/openwrt-uboost/staging_dir/host/include  conftest.c >&5
configure:14114: $? = 0
configure:14124: result: yes
configure:14142: : AM_CFLAGS="$AM_CFLAGS"
configure:14145: $? = 0
configure:14101: checking whether C compiler accepts -Wlogical-op
configure:14114: gcc -c -O2 -I/home/notlean/openwrt-uboost/staging_dir/host/include   -Werror -Wlogical-op -I/home/notlean/openwrt-uboost/staging_dir/host/include  conftest.c >&5
configure:14114: $? = 0
configure:14124: result: yes
configure:14142: : AM_CFLAGS="$AM_CFLAGS"
configure:14145: $? = 0
configure:14173: checking whether C compiler accepts -Wrestrict
configure:14186: gcc -c -O2 -I/home/notlean/openwrt-uboost/staging_dir/host/include   -Werror -Wrestrict -I/home/notlean/openwrt-uboost/staging_dir/host/include  conftest.c >&5
configure:14186: $? = 0
configure:14196: result: yes
configure:14214: : AM_CFLAGS="$AM_CFLAGS"
configure:14217: $? = 0
configure:14173: checking whether C compiler accepts -Wnull-dereference
configure:14186: gcc -c -O2 -I/home/notlean/openwrt-uboost/staging_dir/host/include   -Werror -Wnull-dereference -I/home/notlean/openwrt-uboost/staging_dir/host/include  conftest.c >&5
configure:14186: $? = 0
configure:14196: result: yes
configure:14214: : AM_CFLAGS="$AM_CFLAGS"
configure:14217: $? = 0
configure:14173: checking whether C compiler accepts -Wjump-misses-init
configure:14186: gcc -c -O2 -I/home/notlean/openwrt-uboost/staging_dir/host/include   -Werror -Wjump-misses-init -I/home/notlean/openwrt-uboost/staging_dir/host/include  conftest.c >&5
configure:14186: $? = 0
configure:14196: result: yes
configure:14214: : AM_CFLAGS="$AM_CFLAGS"
configure:14217: $? = 0
configure:14173: checking whether C compiler accepts -Wdouble-promotion
configure:14186: gcc -c -O2 -I/home/notlean/openwrt-uboost/staging_dir/host/include   -Werror -Wdouble-promotion -I/home/notlean/openwrt-uboost/staging_dir/host/include  conftest.c >&5
configure:14186: $? = 0
configure:14196: result: yes
configure:14214: : AM_CFLAGS="$AM_CFLAGS"
configure:14217: $? = 0
configure:14245: checking whether C compiler accepts -Wshadow
configure:14258: gcc -c -O2 -I/home/notlean/openwrt-uboost/staging_dir/host/include   -Werror -Wshadow -I/home/notlean/openwrt-uboost/staging_dir/host/include  conftest.c >&5
configure:14258: $? = 0
configure:14268: result: yes
configure:14286: : AM_CFLAGS="$AM_CFLAGS"
configure:14289: $? = 0
configure:14245: checking whether C compiler accepts -Wformat=2
configure:14258: gcc -c -O2 -I/home/notlean/openwrt-uboost/staging_dir/host/include   -Werror -Wformat=2 -I/home/notlean/openwrt-uboost/staging_dir/host/include  conftest.c >&5
configure:14258: $? = 0
configure:14268: result: yes
configure:14286: : AM_CFLAGS="$AM_CFLAGS"
configure:14289: $? = 0
configure:14245: checking whether C compiler accepts -Wno-pedantic-ms-format
configure:14258: gcc -c -O2 -I/home/notlean/openwrt-uboost/staging_dir/host/include   -Werror -Wno-pedantic-ms-format -I/home/notlean/openwrt-uboost/staging_dir/host/include  conftest.c >&5
configure:14258: $? = 0
configure:14268: result: yes
configure:14286: : AM_CFLAGS="$AM_CFLAGS"
configure:14289: $? = 0
configure:14245: checking whether C compiler accepts -Wmisleading-indentation
configure:14258: gcc -c -O2 -I/home/notlean/openwrt-uboost/staging_dir/host/include   -Werror -Wmisleading-indentation -I/home/notlean/openwrt-uboost/staging_dir/host/include  conftest.c >&5
configure:14258: $? = 0
configure:14268: result: yes
configure:14286: : AM_CFLAGS="$AM_CFLAGS"
configure:14289: $? = 0
configure:14447: checking for C++ compiler version
configure:14456: g++ --version >&5
g++ (Ubuntu 13.3.0-6ubuntu2~24.04) 13.3.0
Copyright (C) 2023 Free Software Foundation, Inc.
This is free software; see the source for copying conditions.  There is NO
warranty; not even for MERCHANTABILITY or FITNESS FOR A PARTICULAR PURPOSE.

configure:14467: $? = 0
configure:14456: g++ -v >&5
Using built-in specs.
COLLECT_GCC=g++
COLLECT_LTO_WRAPPER=/usr/libexec/gcc/x86_64-linux-gnu/13/lto-wrapper
OFFLOAD_TARGET_NAMES=nvptx-none:amdgcn-amdhsa
OFFLOAD_TARGET_DEFAULT=1
Target: x86_64-linux-gnu
Configured with: ../src/configure -v --with-pkgversion='Ubuntu 13.3.0-6ubuntu2~24.04' --with-bugurl=file:///usr/share/doc/gcc-13/README.Bugs --enable-languages=c,ada,c++,go,d,fortran,objc,obj-c++,m2 --prefix=/usr --with-gcc-major-version-only --program-suffix=-13 --program-prefix=x86_64-linux-gnu- --enable-shared --enable-linker-build-id --libexecdir=/usr/libexec --without-included-gettext --enable-threads=posix --libdir=/usr/lib --enable-nls --enable-bootstrap --enable-clocale=gnu --enable-libstdcxx-debug --enable-libstdcxx-time=yes --with-default-libstdcxx-abi=new --enable-libstdcxx-backtrace --enable-gnu-unique-object --disable-vtable-verify --enable-plugin --enable-default-pie --with-system-zlib --enable-libphobos-checking=release --with-target-system-zlib=auto --enable-objc-gc=auto --enable-multiarch --disable-werror --enable-cet --with-arch-32=i686 --with-abi=m64 --with-multilib-list=m32,m64,mx32 --enable-multilib --with-tune=generic --enable-offload-targets=nvptx-none=/build/gcc-13-fG75Ri/gcc-13-13.3.0/debian/tmp-nvptx/usr,amdgcn-amdhsa=/build/gcc-13-fG75Ri/gcc-13-13.3.0/debian/tmp-gcn/usr --enable-offload-defaulted --without-cuda-driver --enable-checking=release --build=x86_64-linux-gnu --host=x86_64-linux-gnu --target=x86_64-linux-gnu --with-build-config=bootstrap-lto-lean --enable-link-serialization=2
Thread model: posix
Supported LTO compression algorithms: zlib zstd
gcc version 13.3.0 (Ubuntu 13.3.0-6ubuntu2~24.04) 
... rest of stderr output deleted ...
configure:14467: $? = 0
configure:14456: g++ -V >&5
g++: error: unrecognized command-line option '-V'
g++: fatal error: no input files
compilation terminated.
configure:14467: $? = 1
configure:14456: g++ -qversion >&5
g++: error: unrecognized command-line option '-qversion'; did you mean '--version'?
g++: fatal error: no input files
compilation terminated.
configure:14467: $? = 1
configure:14471: checking whether the compiler supports GNU C++
configure:14491: g++ -c  -I/home/notlean/openwrt-uboost/staging_dir/host/include  conftest.cpp >&5
configure:14491: $? = 0
configure:14501: result: yes
configure:14512: checking whether g++ accepts -g
configure:14533: g++ -c -g -I/home/notlean/openwrt-uboost/staging_dir/host/include  conftest.cpp >&5
configure:14533: $? = 0
configure:14577: result: yes
configure:14597: checking for g++ option to enable C++11 features
configure:14612: g++  -c  -I/home/notlean/openwrt-uboost/staging_dir/host/include  conftest.cpp >&5
conftest.cpp: In function 'int main(int, char**)':
conftest.cpp:190:25: warning: empty parentheses were disambiguated as a function declaration [-Wvexing-parse]
  190 |   cxx11test::delegate d2();
      |                         ^~
conftest.cpp:190:25: note: remove parentheses to default-initialize a variable
  190 |   cxx11test::delegate d2();
      |                         ^~
      |                         --
conftest.cpp:190:25: note: or replace parentheses with braces to value-initialize a variable
configure:14612: $? = 0
configure:14630: result: none needed
configure:14696: checking dependency style of g++
configure:14808: result: none
configure:14841: checking how to run the C++ preprocessor
configure:14863: g++ -E -I/home/notlean/openwrt-uboost/staging_dir/host/include  conftest.cpp
configure:14863: $? = 0
configure:14878: g++ -E -I/home/notlean/openwrt-uboost/staging_dir/host/include  conftest.cpp
conftest.cpp:24:10: fatal error: ac_nonexistent.h: No such file or directory
   24 | #include <ac_nonexistent.h>
      |          ^~~~~~~~~~~~~~~~~~
compilation terminated.
configure:14878: $? = 1
configure: failed program was:
| /* confdefs.h */
| #define PACKAGE_NAME "expat"
| #define PACKAGE_TARNAME "expat"
| #define PACKAGE_VERSION "2.5.0"
| #define PACKAGE_STRING "expat 2.5.0"
| #define PACKAGE_BUGREPORT "expat-bugs@libexpat.org"
| #define PACKAGE_URL ""
| #define PACKAGE "expat"
| #define VERSION "2.5.0"
| #define HAVE_STDIO_H 1
| #define HAVE_STDLIB_H 1
| #define HAVE_STRING_H 1
| #define HAVE_INTTYPES_H 1
| #define HAVE_STDINT_H 1
| #define HAVE_STRINGS_H 1
| #define HAVE_SYS_STAT_H 1
| #define HAVE_SYS_TYPES_H 1
| #define HAVE_UNISTD_H 1
| #define HAVE_SYS_PARAM_H 1
| #define STDC_HEADERS 1
| #define HAVE_DLFCN_H 1
| #define LT_OBJDIR ".libs/"
| /* end confdefs.h.  */
| #include <ac_nonexistent.h>
configure:14905: result: g++ -E
configure:14919: g++ -E -I/home/notlean/openwrt-uboost/staging_dir/host/include  conftest.cpp
configure:14919: $? = 0
configure:14934: g++ -E -I/home/notlean/openwrt-uboost/staging_dir/host/include  conftest.cpp
conftest.cpp:24:10: fatal error: ac_nonexistent.h: No such file or directory
   24 | #include <ac_nonexistent.h>
      |          ^~~~~~~~~~~~~~~~~~
compilation terminated.
configure:14934: $? = 1
configure: failed program was:
| /* confdefs.h */
| #define PACKAGE_NAME "expat"
| #define PACKAGE_TARNAME "expat"
| #define PACKAGE_VERSION "2.5.0"
| #define PACKAGE_STRING "expat 2.5.0"
| #define PACKAGE_BUGREPORT "expat-bugs@libexpat.org"
| #define PACKAGE_URL ""
| #define PACKAGE "expat"
| #define VERSION "2.5.0"
| #define HAVE_STDIO_H 1
| #define HAVE_STDLIB_H 1
| #define HAVE_STRING_H 1
| #define HAVE_INTTYPES_H 1
| #define HAVE_STDINT_H 1
| #define HAVE_STRINGS_H 1
| #define HAVE_SYS_STAT_H 1
| #define HAVE_SYS_TYPES_H 1
| #define HAVE_UNISTD_H 1
| #define HAVE_SYS_PARAM_H 1
| #define STDC_HEADERS 1
| #define HAVE_DLFCN_H 1
| #define LT_OBJDIR ".libs/"
| /* end confdefs.h.  */
| #include <ac_nonexistent.h>
configure:15099: checking for ld used by g++
configure:15167: result: /usr/bin/ld -m elf_x86_64
configure:15174: checking if the linker (/usr/bin/ld -m elf_x86_64) is GNU ld
configure:15190: result: yes
configure:15245: checking whether the g++ linker (/usr/bin/ld -m elf_x86_64) supports shared libraries
configure:16323: result: yes
configure:16359: g++ -c  -I/home/notlean/openwrt-uboost/staging_dir/host/include  conftest.cpp >&5
configure:16362: $? = 0
configure:16843: checking for g++ option to produce PIC
configure:16851: result: -fPIC -DPIC
configure:16859: checking if g++ PIC flag -fPIC -DPIC works
configure:16878: g++ -c  -I/home/notlean/openwrt-uboost/staging_dir/host/include  -fPIC -DPIC -DPIC conftest.cpp >&5
configure:16882: $? = 0
configure:16895: result: yes
configure:16918: checking if g++ static flag -static works
configure:16947: result: yes
configure:16959: checking if g++ supports -c -o file.o
configure:16981: g++ -c  -I/home/notlean/openwrt-uboost/staging_dir/host/include  -o out/conftest2.o conftest.cpp >&5
configure:16985: $? = 0
configure:17007: result: yes
configure:17012: checking if g++ supports -c -o file.o
configure:17060: result: yes
configure:17090: checking whether the g++ linker (/usr/bin/ld -m elf_x86_64) supports shared libraries
configure:17130: result: yes
configure:17272: checking dynamic linker characteristics
configure:18033: result: GNU/Linux ld.so
configure:18098: checking how to hardcode library paths into programs
configure:18123: result: immediate
configure:18172: checking whether C++ compiler accepts -Wall
configure:18185: g++ -c   -Werror -Wall -I/home/notlean/openwrt-uboost/staging_dir/host/include  conftest.cpp >&5
configure:18185: $? = 0
configure:18195: result: yes
configure:18224: : AM_CXXFLAGS="$AM_CXXFLAGS"
configure:18227: $? = 0
configure:18172: checking whether C++ compiler accepts -Wextra
configure:18185: g++ -c   -Werror -Wextra -I/home/notlean/openwrt-uboost/staging_dir/host/include  conftest.cpp >&5
configure:18185: $? = 0
configure:18195: result: yes
configure:18213: : AM_CXXFLAGS="$AM_CXXFLAGS"
configure:18216: $? = 0
configure:18244: checking whether C++ compiler accepts -fexceptions
configure:18257: g++ -c   -Werror -fexceptions -I/home/notlean/openwrt-uboost/staging_dir/host/include  conftest.cpp >&5
configure:18257: $? = 0
configure:18267: result: yes
configure:18285: : AM_CXXFLAGS="$AM_CXXFLAGS"
configure:18288: $? = 0
configure:18316: checking whether C++ compiler accepts -fno-strict-aliasing
configure:18329: g++ -c   -Werror -fno-strict-aliasing -I/home/notlean/openwrt-uboost/staging_dir/host/include  conftest.cpp >&5
configure:18329: $? = 0
configure:18339: result: yes
configure:18357: : AM_CXXFLAGS="$AM_CXXFLAGS"
configure:18360: $? = 0
configure:18398: checking whether the linker accepts -fno-strict-aliasing
configure:18418: gcc -o conftest -O2 -I/home/notlean/openwrt-uboost/staging_dir/host/include  -I/home/notlean/openwrt-uboost/staging_dir/host/include  -L/home/notlean/openwrt-uboost/staging_dir/host/lib   -fno-strict-aliasing conftest.c  >&5
configure:18418: $? = 0
configure:18429: result: yes
configure:18458: : AM_LDFLAGS="$AM_LDFLAGS"
configure:18461: $? = 0
configure:18486: checking whether compiler supports visibility
configure:18502: gcc -c -O2 -I/home/notlean/openwrt-uboost/staging_dir/host/include  -fvisibility=hidden -Wall -Werror -Wno-unknown-warning-option -I/home/notlean/openwrt-uboost/staging_dir/host/include  conftest.c >&5
configure:18502: $? = 0
configure:18509: result: yes
configure:18528: : AM_CFLAGS="$AM_CFLAGS"
configure:18531: $? = 0
configure:18586: checking whether byte ordering is bigendian
configure:18602: gcc -c -O2 -I/home/notlean/openwrt-uboost/staging_dir/host/include  -I/home/notlean/openwrt-uboost/staging_dir/host/include  conftest.c >&5
conftest.c:25:16: error: unknown type name 'not'
   25 |                not a universal capable compiler
      |                ^~~
conftest.c:25:22: error: expected '=', ',', ';', 'asm' or '__attribute__' before 'universal'
   25 |                not a universal capable compiler
      |                      ^~~~~~~~~
conftest.c:25:22: error: unknown type name 'universal'
configure:18602: $? = 1
configure: failed program was:
| /* confdefs.h */
| #define PACKAGE_NAME "expat"
| #define PACKAGE_TARNAME "expat"
| #define PACKAGE_VERSION "2.5.0"
| #define PACKAGE_STRING "expat 2.5.0"
| #define PACKAGE_BUGREPORT "expat-bugs@libexpat.org"
| #define PACKAGE_URL ""
| #define PACKAGE "expat"
| #define VERSION "2.5.0"
| #define HAVE_STDIO_H 1
| #define HAVE_STDLIB_H 1
| #define HAVE_STRING_H 1
| #define HAVE_INTTYPES_H 1
| #define HAVE_STDINT_H 1
| #define HAVE_STRINGS_H 1
| #define HAVE_SYS_STAT_H 1
| #define HAVE_SYS_TYPES_H 1
| #define HAVE_UNISTD_H 1
| #define HAVE_SYS_PARAM_H 1
| #define STDC_HEADERS 1
| #define HAVE_DLFCN_H 1
| #define LT_OBJDIR ".libs/"
| /* end confdefs.h.  */
| #ifndef __APPLE_CC__
| 	       not a universal capable compiler
| 	     #endif
| 	     typedef int dummy;
| 
configure:18648: gcc -c -O2 -I/home/notlean/openwrt-uboost/staging_dir/host/include  -I/home/notlean/openwrt-uboost/staging_dir/host/include  conftest.c >&5
configure:18648: $? = 0
configure:18667: gcc -c -O2 -I/home/notlean/openwrt-uboost/staging_dir/host/include  -I/home/notlean/openwrt-uboost/staging_dir/host/include  conftest.c >&5
conftest.c: In function 'main':
conftest.c:31:18: error: unknown type name 'not'; did you mean 'ino_t'?
   31 |                  not big endian
      |                  ^~~
      |                  ino_t
conftest.c:31:26: error: expected '=', ',', ';', 'asm' or '__attribute__' before 'endian'
   31 |                  not big endian
      |                          ^~~~~~
configure:18667: $? = 1
configure: failed program was:
| /* confdefs.h */
| #define PACKAGE_NAME "expat"
| #define PACKAGE_TARNAME "expat"
| #define PACKAGE_VERSION "2.5.0"
| #define PACKAGE_STRING "expat 2.5.0"
| #define PACKAGE_BUGREPORT "expat-bugs@libexpat.org"
| #define PACKAGE_URL ""
| #define PACKAGE "expat"
| #define VERSION "2.5.0"
| #define HAVE_STDIO_H 1
| #define HAVE_STDLIB_H 1
| #define HAVE_STRING_H 1
| #define HAVE_INTTYPES_H 1
| #define HAVE_STDINT_H 1
| #define HAVE_STRINGS_H 1
| #define HAVE_SYS_STAT_H 1
| #define HAVE_SYS_TYPES_H 1
| #define HAVE_UNISTD_H 1
| #define HAVE_SYS_PARAM_H 1
| #define STDC_HEADERS 1
| #define HAVE_DLFCN_H 1
| #define LT_OBJDIR ".libs/"
| /* end confdefs.h.  */
| #include <sys/types.h>
| 		#include <sys/param.h>
| 
| int
| main (void)
| {
| #if BYTE_ORDER != BIG_ENDIAN
| 		 not big endian
| 		#endif
| 
|   ;
|   return 0;
| }
configure:18803: result: no
configure:18826: checking for an ANSI C-conforming const
configure:18893: gcc -c -O2 -I/home/notlean/openwrt-uboost/staging_dir/host/include  -I/home/notlean/openwrt-uboost/staging_dir/host/include  conftest.c >&5
configure:18893: $? = 0
configure:18901: result: yes
configure:18909: checking for size_t
configure:18909: gcc -c -O2 -I/home/notlean/openwrt-uboost/staging_dir/host/include  -I/home/notlean/openwrt-uboost/staging_dir/host/include  conftest.c >&5
configure:18909: $? = 0
configure:18909: gcc -c -O2 -I/home/notlean/openwrt-uboost/staging_dir/host/include  -I/home/notlean/openwrt-uboost/staging_dir/host/include  conftest.c >&5
conftest.c: In function 'main':
conftest.c:56:21: error: expected expression before ')' token
   56 | if (sizeof ((size_t)))
      |                     ^
configure:18909: $? = 1
configure: failed program was:
| /* confdefs.h */
| #define PACKAGE_NAME "expat"
| #define PACKAGE_TARNAME "expat"
| #define PACKAGE_VERSION "2.5.0"
| #define PACKAGE_STRING "expat 2.5.0"
| #define PACKAGE_BUGREPORT "expat-bugs@libexpat.org"
| #define PACKAGE_URL ""
| #define PACKAGE "expat"
| #define VERSION "2.5.0"
| #define HAVE_STDIO_H 1
| #define HAVE_STDLIB_H 1
| #define HAVE_STRING_H 1
| #define HAVE_INTTYPES_H 1
| #define HAVE_STDINT_H 1
| #define HAVE_STRINGS_H 1
| #define HAVE_SYS_STAT_H 1
| #define HAVE_SYS_TYPES_H 1
| #define HAVE_UNISTD_H 1
| #define HAVE_SYS_PARAM_H 1
| #define STDC_HEADERS 1
| #define HAVE_DLFCN_H 1
| #define LT_OBJDIR ".libs/"
| #define BYTEORDER 1234
| /* end confdefs.h.  */
| #include <stddef.h>
| #ifdef HAVE_STDIO_H
| # include <stdio.h>
| #endif
| #ifdef HAVE_STDLIB_H
| # include <stdlib.h>
| #endif
| #ifdef HAVE_STRING_H
| # include <string.h>
| #endif
| #ifdef HAVE_INTTYPES_H
| # include <inttypes.h>
| #endif
| #ifdef HAVE_STDINT_H
| # include <stdint.h>
| #endif
| #ifdef HAVE_STRINGS_H
| # include <strings.h>
| #endif
| #ifdef HAVE_SYS_TYPES_H
| # include <sys/types.h>
| #endif
| #ifdef HAVE_SYS_STAT_H
| # include <sys/stat.h>
| #endif
| #ifdef HAVE_UNISTD_H
| # include <unistd.h>
| #endif
| int
| main (void)
| {
| if (sizeof ((size_t)))
| 	    return 0;
|   ;
|   return 0;
| }
configure:18909: result: yes
configure:19126: checking for cos in -lm
configure:19155: gcc -o conftest -O2 -I/home/notlean/openwrt-uboost/staging_dir/host/include  -I/home/notlean/openwrt-uboost/staging_dir/host/include  -L/home/notlean/openwrt-uboost/staging_dir/host/lib  conftest.c -lm   >&5
conftest.c:35:6: warning: conflicting types for built-in function 'cos'; expected 'double(double)' [-Wbuiltin-declaration-mismatch]
   35 | char cos (void);
      |      ^~~
conftest.c:1:1: note: 'cos' is declared in header '<math.h>'
    1 | /* confdefs.h */
configure:19155: $? = 0
configure:19165: result: yes
configure:19243: checking for arc4random_buf (BSD or libbsd)
configure:19258: gcc -o conftest -O2 -I/home/notlean/openwrt-uboost/staging_dir/host/include  -I/home/notlean/openwrt-uboost/staging_dir/host/include  -L/home/notlean/openwrt-uboost/staging_dir/host/lib  conftest.c  >&5
conftest.c: In function 'main':
conftest.c:31:7: warning: argument 1 null where non-null expected [-Wnonnull]
   31 |       arc4random_buf(NULL, 0U);
      |       ^~~~~~~~~~~~~~
In file included from conftest.c:26:
/usr/include/stdlib.h:661:13: note: in a call to function 'arc4random_buf' declared 'nonnull'
  661 | extern void arc4random_buf (void *__buf, size_t __size)
      |             ^~~~~~~~~~~~~~
configure:19258: $? = 0
configure:19263: result: yes
configure:19314: checking for getrandom (Linux 3.17+, glibc 2.25+)
configure:19326: gcc -o conftest -O2 -I/home/notlean/openwrt-uboost/staging_dir/host/include  -I/home/notlean/openwrt-uboost/staging_dir/host/include  -L/home/notlean/openwrt-uboost/staging_dir/host/lib  conftest.c  >&5
configure:19326: $? = 0
configure:19331: result: yes
configure:19357: checking for syscall SYS_getrandom (Linux 3.17+)
configure:19371: gcc -o conftest -O2 -I/home/notlean/openwrt-uboost/staging_dir/host/include  -I/home/notlean/openwrt-uboost/staging_dir/host/include  -L/home/notlean/openwrt-uboost/staging_dir/host/lib  conftest.c  >&5
configure:19371: $? = 0
configure:19376: result: yes
configure:19390: checking for fcntl.h
configure:19390: gcc -c -O2 -I/home/notlean/openwrt-uboost/staging_dir/host/include  -I/home/notlean/openwrt-uboost/staging_dir/host/include  conftest.c >&5
configure:19390: $? = 0
configure:19390: result: yes
configure:19396: checking for unistd.h
configure:19396: result: yes
configure:19403: checking for off_t
configure:19403: gcc -c -O2 -I/home/notlean/openwrt-uboost/staging_dir/host/include  -I/home/notlean/openwrt-uboost/staging_dir/host/include  conftest.c >&5
configure:19403: $? = 0
configure:19403: gcc -c -O2 -I/home/notlean/openwrt-uboost/staging_dir/host/include  -I/home/notlean/openwrt-uboost/staging_dir/host/include  conftest.c >&5
conftest.c: In function 'main':
conftest.c:61:20: error: expected expression before ')' token
   61 | if (sizeof ((off_t)))
      |                    ^
configure:19403: $? = 1
configure: failed program was:
| /* confdefs.h */
| #define PACKAGE_NAME "expat"
| #define PACKAGE_TARNAME "expat"
| #define PACKAGE_VERSION "2.5.0"
| #define PACKAGE_STRING "expat 2.5.0"
| #define PACKAGE_BUGREPORT "expat-bugs@libexpat.org"
| #define PACKAGE_URL ""
| #define PACKAGE "expat"
| #define VERSION "2.5.0"
| #define HAVE_STDIO_H 1
| #define HAVE_STDLIB_H 1
| #define HAVE_STRING_H 1
| #define HAVE_INTTYPES_H 1
| #define HAVE_STDINT_H 1
| #define HAVE_STRINGS_H 1
| #define HAVE_SYS_STAT_H 1
| #define HAVE_SYS_TYPES_H 1
| #define HAVE_UNISTD_H 1
| #define HAVE_SYS_PARAM_H 1
| #define STDC_HEADERS 1
| #define HAVE_DLFCN_H 1
| #define LT_OBJDIR ".libs/"
| #define BYTEORDER 1234
| #define HAVE_ARC4RANDOM_BUF 1
| #define HAVE_GETRANDOM 1
| #define HAVE_SYSCALL_GETRANDOM 1
| #define HAVE_FCNTL_H 1
| #define HAVE_UNISTD_H 1
| /* end confdefs.h.  */
| #include <stddef.h>
| #ifdef HAVE_STDIO_H
| # include <stdio.h>
| #endif
| #ifdef HAVE_STDLIB_H
| # include <stdlib.h>
| #endif
| #ifdef HAVE_STRING_H
| # include <string.h>
| #endif
| #ifdef HAVE_INTTYPES_H
| # include <inttypes.h>
| #endif
| #ifdef HAVE_STDINT_H
| # include <stdint.h>
| #endif
| #ifdef HAVE_STRINGS_H
| # include <strings.h>
| #endif
| #ifdef HAVE_SYS_TYPES_H
| # include <sys/types.h>
| #endif
| #ifdef HAVE_SYS_STAT_H
| # include <sys/stat.h>
| #endif
| #ifdef HAVE_UNISTD_H
| # include <unistd.h>
| #endif
| int
| main (void)
| {
| if (sizeof ((off_t)))
| 	    return 0;
|   ;
|   return 0;
| }
configure:19403: result: yes
configure:19418: checking for getpagesize
configure:19418: gcc -o conftest -O2 -I/home/notlean/openwrt-uboost/staging_dir/host/include  -I/home/notlean/openwrt-uboost/staging_dir/host/include  -L/home/notlean/openwrt-uboost/staging_dir/host/lib  conftest.c  >&5
configure:19418: $? = 0
configure:19418: result: yes
configure:19429: checking for working mmap
configure:19581: gcc -o conftest -O2 -I/home/notlean/openwrt-uboost/staging_dir/host/include  -I/home/notlean/openwrt-uboost/staging_dir/host/include  -L/home/notlean/openwrt-uboost/staging_dir/host/lib  conftest.c  >&5
configure:19581: $? = 0
configure:19581: ./conftest
configure:19581: $? = 0
configure:19592: result: yes
configure:19788: checking size of void *
configure:19794: gcc -o conftest -O2 -I/home/notlean/openwrt-uboost/staging_dir/host/include  -I/home/notlean/openwrt-uboost/staging_dir/host/include  -L/home/notlean/openwrt-uboost/staging_dir/host/lib  conftest.c  >&5
configure:19794: $? = 0
configure:19794: ./conftest
configure:19794: $? = 0
configure:19809: result: 8
configure:19837: checking for shared library name prefix
configure:19845: result: lib
configure:19962: checking that generated files are newer than configure
configure:19968: result: done
configure:20032: creating ./config.status

## ---------------------- ##
## Running config.status. ##
## ---------------------- ##

This file was extended by expat config.status 2.5.0, which was
generated by GNU Autoconf 2.71.  Invocation command line was

  CONFIG_FILES    = 
  CONFIG_HEADERS  = 
  CONFIG_LINKS    = 
  CONFIG_COMMANDS = 
  $ ./config.status 

on Notlean

config.status:1241: creating Makefile
config.status:1241: creating expat.pc
config.status:1241: creating cmake/expat-config.cmake
config.status:1241: creating cmake/autotools/expat-config-version.cmake
config.status:1241: creating cmake/autotools/expat-noconfig.cmake
config.status:1241: creating doc/Makefile
config.status:1241: creating examples/Makefile
config.status:1241: creating lib/Makefile
config.status:1241: creating tests/Makefile
config.status:1241: creating tests/benchmark/Makefile
config.status:1241: creating xmlwf/Makefile
config.status:1241: creating run.sh
config.status:1241: creating expat_config.h
config.status:1427: expat_config.h is unchanged
config.status:1475: executing depfiles commands
config.status:1475: executing libtool commands
configure:22505:

Automake flags (can be overridden by user flags):
  AM_CPPFLAGS: 
    AM_CFLAGS: -Wall -Wextra -fexceptions -fno-strict-aliasing -Wmissing-prototypes -Wstrict-prototypes -pedantic -Wduplicated-cond -Wduplicated-branches -Wlogical-op -Wrestrict -Wnull-dereference -Wjump-misses-init -Wdouble-promotion -Wshadow -Wformat=2 -Wno-pedantic-ms-format -Wmisleading-indentation -fvisibility=hidden
  AM_CXXFLAGS: -Wall -Wextra -fexceptions -fno-strict-aliasing
   AM_LDFLAGS: -fno-strict-aliasing

User flags (override Automake flags on conflict):
     CPPFLAGS: -I/home/notlean/openwrt-uboost/staging_dir/host/include 
       CFLAGS: -O2 -I/home/notlean/openwrt-uboost/staging_dir/host/include 
     CXXFLAGS: 
      LDFLAGS: -L/home/notlean/openwrt-uboost/staging_dir/host/lib 

## ---------------- ##
## Cache variables. ##
## ---------------- ##

ac_cv_build=x86_64-pc-linux-gnu
ac_cv_c_bigendian=no
ac_cv_c_compiler_gnu=yes
ac_cv_c_const=yes
ac_cv_cxx_compiler_gnu=yes
ac_cv_env_CCC_set=
ac_cv_env_CCC_value=
ac_cv_env_CC_set=set
ac_cv_env_CC_value=gcc
ac_cv_env_CFLAGS_set=set
ac_cv_env_CFLAGS_value='-O2 -I/home/notlean/openwrt-uboost/staging_dir/host/include '
ac_cv_env_CPPFLAGS_set=set
ac_cv_env_CPPFLAGS_value='-I/home/notlean/openwrt-uboost/staging_dir/host/include '
ac_cv_env_CXXCPP_set=
ac_cv_env_CXXCPP_value=
ac_cv_env_CXXFLAGS_set=set
ac_cv_env_CXXFLAGS_value=
ac_cv_env_CXX_set=set
ac_cv_env_CXX_value=g++
ac_cv_env_DOCBOOK_TO_MAN_set=
ac_cv_env_DOCBOOK_TO_MAN_value=
ac_cv_env_LDFLAGS_set=set
ac_cv_env_LDFLAGS_value='-L/home/notlean/openwrt-uboost/staging_dir/host/lib '
ac_cv_env_LIBS_set=
ac_cv_env_LIBS_value=
ac_cv_env_LT_SYS_LIBRARY_PATH_set=
ac_cv_env_LT_SYS_LIBRARY_PATH_value=
ac_cv_env_build_alias_set=set
ac_cv_env_build_alias_value=x86_64-pc-linux-gnu
ac_cv_env_host_alias_set=set
ac_cv_env_host_alias_value=x86_64-pc-linux-gnu
ac_cv_env_target_alias_set=set
ac_cv_env_target_alias_value=x86_64-pc-linux-gnu
ac_cv_func_getpagesize=yes
ac_cv_func_mmap_fixed_mapped=yes
ac_cv_header_dlfcn_h=yes
ac_cv_header_fcntl_h=yes
ac_cv_header_inttypes_h=yes
ac_cv_header_stdint_h=yes
ac_cv_header_stdio_h=yes
ac_cv_header_stdlib_h=yes
ac_cv_header_string_h=yes
ac_cv_header_strings_h=yes
ac_cv_header_sys_param_h=yes
ac_cv_header_sys_stat_h=yes
ac_cv_header_sys_types_h=yes
ac_cv_header_unistd_h=yes
ac_cv_host=x86_64-pc-linux-gnu
ac_cv_lib_m_cos=yes
ac_cv_objext=o
ac_cv_path_EGREP='/home/notlean/openwrt-uboost/staging_dir/host/bin/grep -E'
ac_cv_path_FGREP='/home/notlean/openwrt-uboost/staging_dir/host/bin/grep -F'
ac_cv_path_GREP=/home/notlean/openwrt-uboost/staging_dir/host/bin/grep
ac_cv_path_SED=/home/notlean/openwrt-uboost/staging_dir/host/bin/sed
ac_cv_path_install='/home/notlean/openwrt-uboost/staging_dir/host/bin/install -c'
ac_cv_path_lt_DD=/usr/bin/dd
ac_cv_path_mkdir=/usr/bin/mkdir
ac_cv_prog_AR=ar
ac_cv_prog_AWK=gawk
ac_cv_prog_CC=gcc
ac_cv_prog_CXXCPP='g++ -E'
ac_cv_prog_ac_ct_AR=ar
ac_cv_prog_ac_ct_FILECMD=file
ac_cv_prog_ac_ct_MANIFEST_TOOL=mt
ac_cv_prog_ac_ct_OBJDUMP=objdump
ac_cv_prog_ac_ct_RANLIB=ranlib
ac_cv_prog_ac_ct_STRIP=strip
ac_cv_prog_cc_c11=
ac_cv_prog_cc_g=yes
ac_cv_prog_cc_stdc=
ac_cv_prog_cxx_11=no
ac_cv_prog_cxx_cxx11=
ac_cv_prog_cxx_g=yes
ac_cv_prog_cxx_stdcxx=
ac_cv_prog_make_make_set=yes
ac_cv_sizeof_void_p=8
ac_cv_type_off_t=yes
ac_cv_type_size_t=yes
am_cv_CC_dependencies_compiler_type=none
am_cv_CXX_dependencies_compiler_type=none
am_cv_ar_interface=ar
am_cv_make_support_nested_variables=yes
am_cv_prog_cc_c_o=yes
ax_cv_check_cflags___Wall=yes
ax_cv_check_cflags___Wdouble_promotion=yes
ax_cv_check_cflags___Wduplicated_branches=yes
ax_cv_check_cflags___Wduplicated_cond=yes
ax_cv_check_cflags___Wextra=yes
ax_cv_check_cflags___Wformat_2=yes
ax_cv_check_cflags___Wjump_misses_init=yes
ax_cv_check_cflags___Wlogical_op=yes
ax_cv_check_cflags___Wmisleading_indentation=yes
ax_cv_check_cflags___Wmissing_prototypes=yes
ax_cv_check_cflags___Wno_pedantic_ms_format=yes
ax_cv_check_cflags___Wnull_dereference=yes
ax_cv_check_cflags___Wrestrict=yes
ax_cv_check_cflags___Wshadow=yes
ax_cv_check_cflags___Wstrict_prototypes=yes
ax_cv_check_cflags___fexceptions=yes
ax_cv_check_cflags___fno_strict_aliasing=yes
ax_cv_check_cflags___pedantic=yes
ax_cv_check_cxxflags___Wall=yes
ax_cv_check_cxxflags___Wextra=yes
ax_cv_check_cxxflags___fexceptions=yes
ax_cv_check_cxxflags___fno_strict_aliasing=yes
ax_cv_check_ldflags___fno_strict_aliasing=yes
expatcfg_cv_compiler_supports_visibility=yes
lt_cv_ar_at_file=@
lt_cv_deplibs_check_method=pass_all
lt_cv_file_magic_cmd='$MAGIC_CMD'
lt_cv_file_magic_test_file=
lt_cv_ld_reload_flag=-r
lt_cv_nm_interface='BSD nm'
lt_cv_objdir=.libs
lt_cv_path_LD=/usr/bin/ld
lt_cv_path_LDCXX='/usr/bin/ld -m elf_x86_64'
lt_cv_path_NM='/usr/bin/nm -B'
lt_cv_path_mainfest_tool=no
lt_cv_prog_compiler_c_o=yes
lt_cv_prog_compiler_c_o_CXX=yes
lt_cv_prog_compiler_pic='-fPIC -DPIC'
lt_cv_prog_compiler_pic_CXX='-fPIC -DPIC'
lt_cv_prog_compiler_pic_works=yes
lt_cv_prog_compiler_pic_works_CXX=yes
lt_cv_prog_compiler_rtti_exceptions=no
lt_cv_prog_compiler_static_works=yes
lt_cv_prog_compiler_static_works_CXX=yes
lt_cv_prog_gnu_ld=yes
lt_cv_prog_gnu_ldcxx=yes
lt_cv_sharedlib_from_linklib_cmd='printf %s\n'
lt_cv_shlibpath_overrides_runpath=yes
lt_cv_sys_global_symbol_pipe='/home/notlean/openwrt-uboost/staging_dir/host/bin/sed -n -e '\''s/^.*[	 ]\([ABCDGIRSTW][ABCDGIRSTW]*\)[	 ][	 ]*\([_A-Za-z][_A-Za-z0-9]*\)$/\1 \2 \2/p'\'' | /home/notlean/openwrt-uboost/staging_dir/host/bin/sed '\''/ __gnu_lto/d'\'''
lt_cv_sys_global_symbol_to_c_name_address='/home/notlean/openwrt-uboost/staging_dir/host/bin/sed -n -e '\''s/^: \(.*\) .*$/  {"\1", (void *) 0},/p'\'' -e '\''s/^[ABCDGIRSTW][ABCDGIRSTW]* .* \(.*\)$/  {"\1", (void *) \&\1},/p'\'''
lt_cv_sys_global_symbol_to_c_name_address_lib_prefix='/home/notlean/openwrt-uboost/staging_dir/host/bin/sed -n -e '\''s/^: \(.*\) .*$/  {"\1", (void *) 0},/p'\'' -e '\''s/^[ABCDGIRSTW][ABCDGIRSTW]* .* \(lib.*\)$/  {"\1", (void *) \&\1},/p'\'' -e '\''s/^[ABCDGIRSTW][ABCDGIRSTW]* .* \(.*\)$/  {"lib\1", (void *) \&\1},/p'\'''
lt_cv_sys_global_symbol_to_cdecl='/home/notlean/openwrt-uboost/staging_dir/host/bin/sed -n -e '\''s/^T .* \(.*\)$/extern int \1();/p'\'' -e '\''s/^[ABCDGIRSTW][ABCDGIRSTW]* .* \(.*\)$/extern char \1;/p'\'''
lt_cv_sys_global_symbol_to_import=
lt_cv_sys_max_cmd_len=1572864
lt_cv_to_host_file_cmd=func_convert_file_noop
lt_cv_to_tool_file_cmd=func_convert_file_noop
lt_cv_truncate_bin='/usr/bin/dd bs=4096 count=1'

## ----------------- ##
## Output variables. ##
## ----------------- ##

ACLOCAL='${SHELL} '\''/home/notlean/openwrt-uboost/build_dir/host/expat-2.5.0/conftools/missing'\'' aclocal-1.16'
AMDEPBACKSLASH=''
AMDEP_FALSE=''
AMDEP_TRUE='#'
AMTAR='$${TAR-tar}'
AM_BACKSLASH='\'
AM_CFLAGS='-Wall -Wextra -fexceptions -fno-strict-aliasing -Wmissing-prototypes -Wstrict-prototypes -pedantic -Wduplicated-cond -Wduplicated-branches -Wlogical-op -Wrestrict -Wnull-dereference -Wjump-misses-init -Wdouble-promotion -Wshadow -Wformat=2 -Wno-pedantic-ms-format -Wmisleading-indentation -fvisibility=hidden'
AM_CPPFLAGS=''
AM_CXXFLAGS='-Wall -Wextra -fexceptions -fno-strict-aliasing'
AM_DEFAULT_V='$(AM_DEFAULT_VERBOSITY)'
AM_DEFAULT_VERBOSITY='1'
AM_LDFLAGS='-fno-strict-aliasing'
AM_V='$(V)'
AR='ar'
AS='as'
AUTOCONF='${SHELL} '\''/home/notlean/openwrt-uboost/build_dir/host/expat-2.5.0/conftools/missing'\'' autoconf'
AUTOHEADER='${SHELL} '\''/home/notlean/openwrt-uboost/build_dir/host/expat-2.5.0/conftools/missing'\'' autoheader'
AUTOMAKE='${SHELL} '\''/home/notlean/openwrt-uboost/build_dir/host/expat-2.5.0/conftools/missing'\'' automake-1.16'
AWK='gawk'
CC='gcc'
CCDEPMODE='depmode=none'
CFLAGS='-O2 -I/home/notlean/openwrt-uboost/staging_dir/host/include '
CMAKE_SHARED_LIBRARY_PREFIX='lib'
CPPFLAGS='-I/home/notlean/openwrt-uboost/staging_dir/host/include '
CSCOPE='cscope'
CTAGS='ctags'
CXX='g++'
CXXCPP='g++ -E'
CXXDEPMODE='depmode=none'
CXXFLAGS=''
CYGPATH_W='echo'
DEFS='-DHAVE_CONFIG_H'
DEPDIR='.deps'
DLLTOOL='false'
DOCBOOK_TO_MAN=''
DSYMUTIL=''
DUMPBIN=''
ECHO_C=''
ECHO_N='-n'
ECHO_T=''
EGREP='/home/notlean/openwrt-uboost/staging_dir/host/bin/grep -E'
ETAGS='etags'
EXEEXT=''
EXPAT_ATTR_INFO='OFF'
EXPAT_CHAR_TYPE='char'
EXPAT_CONTEXT_BYTES='1024'
EXPAT_DTD='ON'
EXPAT_LARGE_SIZE='OFF'
EXPAT_MIN_SIZE='OFF'
EXPAT_NS='ON'
FGREP='/home/notlean/openwrt-uboost/staging_dir/host/bin/grep -F'
FILECMD='file'
FILEMAP='unixfilemap'
GREP='/home/notlean/openwrt-uboost/staging_dir/host/bin/grep'
INSTALL_DATA='${INSTALL} -m 644'
INSTALL_PROGRAM='${INSTALL}'
INSTALL_SCRIPT='${INSTALL}'
INSTALL_STRIP_PROGRAM='$(install_sh) -c -s'
LD='/usr/bin/ld -m elf_x86_64'
LDFLAGS='-L/home/notlean/openwrt-uboost/staging_dir/host/lib '
LIBAGE='8'
LIBCURRENT='9'
LIBDIR_BASENAME='lib'
LIBM='-lm'
LIBOBJS=''
LIBREVISION='10'
LIBS=''
LIBTOOL='$(SHELL) $(top_builddir)/libtool'
LIPO=''
LN_S='ln -s'
LTLIBOBJS=''
LT_SYS_LIBRARY_PATH=''
MAKEINFO='${SHELL} '\''/home/notlean/openwrt-uboost/build_dir/host/expat-2.5.0/conftools/missing'\'' makeinfo'
MANIFEST_TOOL=':'
MINGW_FALSE=''
MINGW_TRUE='#'
MKDIR_P='/usr/bin/mkdir -p'
NM='/usr/bin/nm -B'
NMEDIT=''
OBJDUMP='objdump'
OBJEXT='o'
OTOOL64=''
OTOOL=''
PACKAGE='expat'
PACKAGE_BUGREPORT='expat-bugs@libexpat.org'
PACKAGE_NAME='expat'
PACKAGE_STRING='expat 2.5.0'
PACKAGE_TARNAME='expat'
PACKAGE_URL=''
PACKAGE_VERSION='2.5.0'
PATH_SEPARATOR=':'
RANLIB='ranlib'
SED='/home/notlean/openwrt-uboost/staging_dir/host/bin/sed'
SET_MAKE=''
SHELL='/usr/bin/env bash'
SO_MAJOR='1'
SO_MINOR='8'
SO_PATCH='10'
STRIP='strip'
UNICODE_FALSE=''
UNICODE_TRUE='#'
VERSION='2.5.0'
WITH_DOCBOOK_FALSE=''
WITH_DOCBOOK_TRUE='#'
WITH_EXAMPLES_FALSE='#'
WITH_EXAMPLES_TRUE=''
WITH_TESTS_FALSE='#'
WITH_TESTS_TRUE=''
WITH_XMLWF_FALSE='#'
WITH_XMLWF_TRUE=''
_INTERNAL_LARGE_SIZE_FALSE=''
_INTERNAL_LARGE_SIZE_TRUE='#'
_INTERNAL_MIN_SIZE_FALSE=''
_INTERNAL_MIN_SIZE_TRUE='#'
_INTERNAL_UNICODE_WCHAR_T_FALSE=''
_INTERNAL_UNICODE_WCHAR_T_TRUE='#'
ac_ct_AR='ar'
ac_ct_CC=''
ac_ct_CXX=''
ac_ct_DUMPBIN=''
ac_cv_sizeof_void_p='8'
am__EXEEXT_FALSE=''
am__EXEEXT_TRUE='#'
am__fastdepCC_FALSE=''
am__fastdepCC_TRUE='#'
am__fastdepCXX_FALSE=''
am__fastdepCXX_TRUE='#'
am__include='include'
am__isrc=''
am__leading_dot='.'
am__nodep=''
am__quote=''
am__tar='$${TAR-tar} chof - "$$tardir"'
am__untar='$${TAR-tar} xf -'
bindir='${exec_prefix}/bin'
build='x86_64-pc-linux-gnu'
build_alias='x86_64-pc-linux-gnu'
build_cpu='x86_64'
build_os='linux-gnu'
build_vendor='pc'
datadir='${datarootdir}'
datarootdir='${prefix}/share'
docdir='${datarootdir}/doc/${PACKAGE_TARNAME}'
dvidir='${docdir}'
exec_prefix='/home/notlean/openwrt-uboost/staging_dir/host'
host='x86_64-pc-linux-gnu'
host_alias='x86_64-pc-linux-gnu'
host_cpu='x86_64'
host_os='linux-gnu'
host_vendor='pc'
htmldir='${docdir}'
includedir='${prefix}/include'
infodir='${datarootdir}/info'
install_sh='${SHELL} /home/notlean/openwrt-uboost/build_dir/host/expat-2.5.0/conftools/install-sh'
libdir='${exec_prefix}/lib'
libexecdir='${exec_prefix}/libexec'
localedir='${datarootdir}/locale'
localstatedir='/home/notlean/openwrt-uboost/staging_dir/host/var'
mandir='${datarootdir}/man'
mkdir_p='$(MKDIR_P)'
oldincludedir='/usr/include'
pdfdir='${docdir}'
prefix='/home/notlean/openwrt-uboost/staging_dir/host'
program_transform_name='s&$$&&;s&^&&'
psdir='${docdir}'
runstatedir='${localstatedir}/run'
sbindir='/home/notlean/openwrt-uboost/staging_dir/host/bin'
sharedstatedir='${prefix}/com'
sysconfdir='/home/notlean/openwrt-uboost/staging_dir/host/etc'
target_alias='x86_64-pc-linux-gnu'

## ------------------- ##
## File substitutions. ##
## ------------------- ##

PACKAGE_INIT='./cmake/autotools/expat-package-init.cmake'

## ----------- ##
## confdefs.h. ##
## ----------- ##

/* confdefs.h */
#define PACKAGE_NAME "expat"
#define PACKAGE_TARNAME "expat"
#define PACKAGE_VERSION "2.5.0"
#define PACKAGE_STRING "expat 2.5.0"
#define PACKAGE_BUGREPORT "expat-bugs@libexpat.org"
#define PACKAGE_URL ""
#define PACKAGE "expat"
#define VERSION "2.5.0"
#define HAVE_STDIO_H 1
#define HAVE_STDLIB_H 1
#define HAVE_STRING_H 1
#define HAVE_INTTYPES_H 1
#define HAVE_STDINT_H 1
#define HAVE_STRINGS_H 1
#define HAVE_SYS_STAT_H 1
#define HAVE_SYS_TYPES_H 1
#define HAVE_UNISTD_H 1
#define HAVE_SYS_PARAM_H 1
#define STDC_HEADERS 1
#define HAVE_DLFCN_H 1
#define LT_OBJDIR ".libs/"
#define BYTEORDER 1234
#define HAVE_ARC4RANDOM_BUF 1
#define HAVE_GETRANDOM 1
#define HAVE_SYSCALL_GETRANDOM 1
#define HAVE_FCNTL_H 1
#define HAVE_UNISTD_H 1
#define HAVE_GETPAGESIZE 1
#define HAVE_MMAP 1
#define XML_NS 1
#define XML_DTD 1
#define XML_DEV_URANDOM 1
#define XML_CONTEXT_BYTES 1024
#define SIZEOF_VOID_P 8

configure: exit 0
