--------------------
./configure --prefix=/home/notlean/openwrt-uboost/staging_dir/host --sysconfdir=/home/notlean/openwrt-uboost/staging_dir/host/etc --localstatedir=/home/notlean/openwrt-uboost/staging_dir/host/var --libdir=/home/notlean/openwrt-uboost/staging_dir/host/lib --includedir=/home/notlean/openwrt-uboost/staging_dir/host/include --static
Thu Oct 16 02:16:08 UTC 2025
ignored option: --sysconfdir
ignored option: --localstatedir
=== ztest502745.c ===
extern int getchar();
int hello() {return getchar();}
===
gcc -c ztest502745.c
... using gcc

Checking for obsessive-compulsive compiler options...
=== ztest502745.c ===
int foo() { return 0; }
===
gcc -c -O2 -I/home/notlean/openwrt-uboost/staging_dir/host/include -DPIC -fPIC ztest502745.c

Building static library libz.a version 1.2.13 with gcc.

=== ztest502745.c ===
#include <stdio.h>
#include <stdlib.h>
size_t dummy = 0;
===
gcc -c -O2 -I/home/notlean/openwrt-uboost/staging_dir/host/include -DPIC -fPIC ztest502745.c
Checking for size_t... Yes.

=== ztest502745.c ===
#include <sys/types.h>
off64_t dummy = 0;
===
gcc -c -O2 -I/home/notlean/openwrt-uboost/staging_dir/host/include -DPIC -fPIC -D_LARGEFILE64_SOURCE=1 ztest502745.c
Checking for off64_t... Yes.
Checking for fseeko... Yes.

=== ztest502745.c ===
#include <string.h>
#include <errno.h>
int main() { return strlen(strerror(errno)); }
===
gcc -O2 -I/home/notlean/openwrt-uboost/staging_dir/host/include -DPIC -fPIC -D_LARGEFILE64_SOURCE=1 -o ztest502745 ztest502745.c
Checking for strerror... Yes.

=== ztest502745.c ===
#include <unistd.h>
int main() { return 0; }
===
gcc -c -O2 -I/home/notlean/openwrt-uboost/staging_dir/host/include -DPIC -fPIC -D_LARGEFILE64_SOURCE=1 ztest502745.c
Checking for unistd.h... Yes.

=== ztest502745.c ===
#include <stdarg.h>
int main() { return 0; }
===
gcc -c -O2 -I/home/notlean/openwrt-uboost/staging_dir/host/include -DPIC -fPIC -D_LARGEFILE64_SOURCE=1 ztest502745.c
Checking for stdarg.h... Yes.

=== ztest502745.c ===
#include <stdio.h>
#include <stdarg.h>
#include "zconf.h"
int main()
{
#ifndef STDC
  choke me
#endif
  return 0;
}
===
gcc -c -O2 -I/home/notlean/openwrt-uboost/staging_dir/host/include -DPIC -fPIC -D_LARGEFILE64_SOURCE=1 ztest502745.c
Checking whether to use vs[n]printf() or s[n]printf()... using vs[n]printf().

=== ztest502745.c ===
#include <stdio.h>
#include <stdarg.h>
int mytest(const char *fmt, ...)
{
  char buf[20];
  va_list ap;
  va_start(ap, fmt);
  vsnprintf(buf, sizeof(buf), fmt, ap);
  va_end(ap);
  return 0;
}
int main()
{
  return (mytest("Hello%d\n", 1));
}
===
gcc -O2 -I/home/notlean/openwrt-uboost/staging_dir/host/include -DPIC -fPIC -D_LARGEFILE64_SOURCE=1 -o ztest502745 ztest502745.c
Checking for vsnprintf() in stdio.h... Yes.

=== ztest502745.c ===
#include <stdio.h>
#include <stdarg.h>
int mytest(const char *fmt, ...)
{
  int n;
  char buf[20];
  va_list ap;
  va_start(ap, fmt);
  n = vsnprintf(buf, sizeof(buf), fmt, ap);
  va_end(ap);
  return n;
}
int main()
{
  return (mytest("Hello%d\n", 1));
}
===
gcc -c -O2 -I/home/notlean/openwrt-uboost/staging_dir/host/include -DPIC -fPIC -D_LARGEFILE64_SOURCE=1 ztest502745.c
Checking for return value of vsnprintf()... Yes.

=== ztest502745.c ===
#define ZLIB_INTERNAL __attribute__((visibility ("hidden")))
int ZLIB_INTERNAL foo;
int main()
{
  return 0;
}
===
gcc -c -O2 -I/home/notlean/openwrt-uboost/staging_dir/host/include -DPIC -fPIC -D_LARGEFILE64_SOURCE=1 ztest502745.c
Checking for attribute(visibility) support... Yes.

ALL = static all64
AR = ar
ARFLAGS = rc
CC = gcc
CFLAGS = -O2 -I/home/notlean/openwrt-uboost/staging_dir/host/include -DPIC -fPIC -D_LARGEFILE64_SOURCE=1 -DHAVE_HIDDEN
CPP =
EXE =
LDCONFIG = ldconfig
LDFLAGS = -L/home/notlean/openwrt-uboost/staging_dir/host/lib
LDSHARED = gcc
LDSHAREDLIBC = -lc
OBJC = $(OBJZ) $(OBJG)
PIC_OBJC = $(PIC_OBJZ) $(PIC_OBJG)
RANLIB = ranlib
SFLAGS = -O2 -I/home/notlean/openwrt-uboost/staging_dir/host/include -DPIC -fPIC -fPIC -D_LARGEFILE64_SOURCE=1 -DHAVE_HIDDEN
SHAREDLIB =
SHAREDLIBM =
SHAREDLIBV =
STATICLIB = libz.a
TEST = all teststatic test64
VER = 1.2.13
SRCDIR =
exec_prefix = ${prefix}
includedir = /home/notlean/openwrt-uboost/staging_dir/host/include
libdir = /home/notlean/openwrt-uboost/staging_dir/host/lib
mandir = ${prefix}/share/man
prefix = /home/notlean/openwrt-uboost/staging_dir/host
sharedlibdir = ${libdir}
uname = Linux
--------------------


