This file contains any messages produced by compilers while
running configure, to aid debugging if configure makes a mistake.

It was created by elfutils configure 0.189, which was
generated by GNU Autoconf 2.71.  Invocation command line was

  $ ./configure --target=x86_64-pc-linux-gnu --host=x86_64-pc-linux-gnu --build=x86_64-pc-linux-gnu --disable-dependency-tracking --program-prefix= --program-suffix= --prefix=/home/notlean/openwrt-uboost/staging_dir/host --exec-prefix=/home/notlean/openwrt-uboost/staging_dir/host --sysconfdir=/home/notlean/openwrt-uboost/staging_dir/host/etc --localstatedir=/home/notlean/openwrt-uboost/staging_dir/host/var --sbindir=/home/notlean/openwrt-uboost/staging_dir/host/bin --disable-debuginfod --disable-libdebuginfod --disable-nls --disable-shared --without-lzma --without-zstd

## --------- ##
## Platform. ##
## --------- ##

hostname = Notlean
uname -m = x86_64
uname -r = 6.14.0-33-generic
uname -s = Linux
uname -v = #33~24.04.1-Ubuntu SMP PREEMPT_DYNAMIC Fri Sep 19 17:02:30 UTC 2

/usr/bin/uname -p = x86_64
/bin/uname -X     = unknown

/bin/arch              = x86_64
/usr/bin/arch -k       = unknown
/usr/convex/getsysinfo = unknown
/usr/bin/hostinfo      = unknown
/bin/machine           = unknown
/usr/bin/oslevel       = unknown
/bin/universe          = unknown

PATH: /home/notlean/openwrt-uboost/staging_dir/toolchain-mipsel_24kc_gcc-12.3.0_musl/bin/
PATH: /home/notlean/openwrt-uboost/staging_dir/toolchain-mipsel_24kc_gcc-12.3.0_musl/bin/
PATH: /home/notlean/openwrt-uboost/staging_dir/host/bin/
PATH: /home/notlean/openwrt-uboost/staging_dir/toolchain-mipsel_24kc_gcc-12.3.0_musl/bin/
PATH: /home/notlean/openwrt-uboost/staging_dir/host/bin/
PATH: /home/notlean/openwrt-uboost/staging_dir/host/bin/
PATH: /usr/local/sbin/
PATH: /usr/local/bin/
PATH: /usr/sbin/
PATH: /usr/bin/
PATH: /sbin/
PATH: /bin/
PATH: /usr/games/
PATH: /usr/local/games/
PATH: /snap/bin/
PATH: /snap/bin/


## ----------- ##
## Core tests. ##
## ----------- ##

configure:3224: looking for aux files: config.rpath ar-lib compile config.guess config.sub missing install-sh
configure:3237:  trying ./config/
configure:3266:   ./config/config.rpath found
configure:3266:   ./config/ar-lib found
configure:3266:   ./config/compile found
configure:3266:   ./config/config.guess found
configure:3266:   ./config/config.sub found
configure:3266:   ./config/missing found
configure:3248:   ./config/install-sh found
configure:3393: Using no program-prefix
configure:3422: checking for a BSD-compatible install
configure:3495: result: /home/notlean/openwrt-uboost/staging_dir/host/bin/install -c
configure:3506: checking whether build environment is sane
configure:3561: result: yes
configure:3720: checking for a race-free mkdir -p
configure:3764: result: /usr/bin/mkdir -p
configure:3771: checking for gawk
configure:3792: found /usr/bin/gawk
configure:3803: result: gawk
configure:3814: checking whether make sets $(MAKE)
configure:3837: result: yes
configure:3867: checking whether make supports nested variables
configure:3885: result: yes
configure:4022: checking whether to enable maintainer-specific portions of Makefiles
configure:4032: result: no
configure:4058: checking whether make supports nested variables
configure:4076: result: yes
configure:4106: checking build system type
configure:4121: result: x86_64-pc-linux-gnu
configure:4141: checking host system type
configure:4155: result: x86_64-pc-linux-gnu
configure:4239: checking for x86_64-pc-linux-gnu-gcc
configure:4271: result: gcc
configure:4669: checking for C compiler version
configure:4678: gcc --version >&5
gcc (Ubuntu 13.3.0-6ubuntu2~24.04) 13.3.0
Copyright (C) 2023 Free Software Foundation, Inc.
This is free software; see the source for copying conditions.  There is NO
warranty; not even for MERCHANTABILITY or FITNESS FOR A PARTICULAR PURPOSE.

configure:4689: $? = 0
configure:4678: gcc -v >&5
Using built-in specs.
COLLECT_GCC=gcc
COLLECT_LTO_WRAPPER=/usr/libexec/gcc/x86_64-linux-gnu/13/lto-wrapper
OFFLOAD_TARGET_NAMES=nvptx-none:amdgcn-amdhsa
OFFLOAD_TARGET_DEFAULT=1
Target: x86_64-linux-gnu
Configured with: ../src/configure -v --with-pkgversion='Ubuntu 13.3.0-6ubuntu2~24.04' --with-bugurl=file:///usr/share/doc/gcc-13/README.Bugs --enable-languages=c,ada,c++,go,d,fortran,objc,obj-c++,m2 --prefix=/usr --with-gcc-major-version-only --program-suffix=-13 --program-prefix=x86_64-linux-gnu- --enable-shared --enable-linker-build-id --libexecdir=/usr/libexec --without-included-gettext --enable-threads=posix --libdir=/usr/lib --enable-nls --enable-bootstrap --enable-clocale=gnu --enable-libstdcxx-debug --enable-libstdcxx-time=yes --with-default-libstdcxx-abi=new --enable-libstdcxx-backtrace --enable-gnu-unique-object --disable-vtable-verify --enable-plugin --enable-default-pie --with-system-zlib --enable-libphobos-checking=release --with-target-system-zlib=auto --enable-objc-gc=auto --enable-multiarch --disable-werror --enable-cet --with-arch-32=i686 --with-abi=m64 --with-multilib-list=m32,m64,mx32 --enable-multilib --with-tune=generic --enable-offload-targets=nvptx-none=/build/gcc-13-fG75Ri/gcc-13-13.3.0/debian/tmp-nvptx/usr,amdgcn-amdhsa=/build/gcc-13-fG75Ri/gcc-13-13.3.0/debian/tmp-gcn/usr --enable-offload-defaulted --without-cuda-driver --enable-checking=release --build=x86_64-linux-gnu --host=x86_64-linux-gnu --target=x86_64-linux-gnu --with-build-config=bootstrap-lto-lean --enable-link-serialization=2
Thread model: posix
Supported LTO compression algorithms: zlib zstd
gcc version 13.3.0 (Ubuntu 13.3.0-6ubuntu2~24.04) 
... rest of stderr output deleted ...
configure:4689: $? = 0
configure:4678: gcc -V >&5
gcc: error: unrecognized command-line option '-V'
gcc: fatal error: no input files
compilation terminated.
configure:4689: $? = 1
configure:4678: gcc -qversion >&5
gcc: error: unrecognized command-line option '-qversion'; did you mean '--version'?
gcc: fatal error: no input files
compilation terminated.
configure:4689: $? = 1
configure:4678: gcc -version >&5
gcc: error: unrecognized command-line option '-version'
gcc: fatal error: no input files
compilation terminated.
configure:4689: $? = 1
configure:4709: checking whether the C compiler works
configure:4731: gcc -O2 -I/home/notlean/openwrt-uboost/staging_dir/host/include  -I/home/notlean/openwrt-uboost/staging_dir/host/include  -L/home/notlean/openwrt-uboost/staging_dir/host/lib  conftest.c  >&5
configure:4735: $? = 0
configure:4785: result: yes
configure:4788: checking for C compiler default output file name
configure:4790: result: a.out
configure:4796: checking for suffix of executables
configure:4803: gcc -o conftest -O2 -I/home/notlean/openwrt-uboost/staging_dir/host/include  -I/home/notlean/openwrt-uboost/staging_dir/host/include  -L/home/notlean/openwrt-uboost/staging_dir/host/lib  conftest.c  >&5
configure:4807: $? = 0
configure:4830: result: 
configure:4852: checking whether we are cross compiling
configure:4860: gcc -o conftest -O2 -I/home/notlean/openwrt-uboost/staging_dir/host/include  -I/home/notlean/openwrt-uboost/staging_dir/host/include  -L/home/notlean/openwrt-uboost/staging_dir/host/lib  conftest.c  >&5
configure:4864: $? = 0
configure:4871: ./conftest
configure:4875: $? = 0
configure:4890: result: no
configure:4895: checking for suffix of object files
configure:4918: gcc -c -O2 -I/home/notlean/openwrt-uboost/staging_dir/host/include  -I/home/notlean/openwrt-uboost/staging_dir/host/include  conftest.c >&5
configure:4922: $? = 0
configure:4944: result: o
configure:4948: checking whether the compiler supports GNU C
configure:4968: gcc -c -O2 -I/home/notlean/openwrt-uboost/staging_dir/host/include  -I/home/notlean/openwrt-uboost/staging_dir/host/include  conftest.c >&5
configure:4968: $? = 0
configure:4978: result: yes
configure:4989: checking whether gcc accepts -g
configure:5010: gcc -c -g -I/home/notlean/openwrt-uboost/staging_dir/host/include  conftest.c >&5
configure:5010: $? = 0
configure:5054: result: yes
configure:5074: checking for gcc option to enable C11 features
configure:5089: gcc  -c -O2 -I/home/notlean/openwrt-uboost/staging_dir/host/include  -I/home/notlean/openwrt-uboost/staging_dir/host/include  conftest.c >&5
configure:5089: $? = 0
configure:5107: result: none needed
configure:5223: checking whether gcc understands -c and -o together
configure:5246: gcc -c conftest.c -o conftest2.o
configure:5249: $? = 0
configure:5246: gcc -c conftest.c -o conftest2.o
configure:5249: $? = 0
configure:5261: result: yes
configure:5281: checking whether make supports the include directive
configure:5296: make -f confmf.GNU && cat confinc.out
make[4]: Entering directory '/home/notlean/openwrt-uboost/build_dir/host/elfutils-0.189'
make[4]: Leaving directory '/home/notlean/openwrt-uboost/build_dir/host/elfutils-0.189'
this is the am__doit target
configure:5299: $? = 0
configure:5318: result: yes (GNU style)
configure:5344: checking dependency style of gcc
configure:5456: result: none
configure:5599: checking for C++ compiler version
configure:5608: g++ --version >&5
g++ (Ubuntu 13.3.0-6ubuntu2~24.04) 13.3.0
Copyright (C) 2023 Free Software Foundation, Inc.
This is free software; see the source for copying conditions.  There is NO
warranty; not even for MERCHANTABILITY or FITNESS FOR A PARTICULAR PURPOSE.

configure:5619: $? = 0
configure:5608: g++ -v >&5
Using built-in specs.
COLLECT_GCC=g++
COLLECT_LTO_WRAPPER=/usr/libexec/gcc/x86_64-linux-gnu/13/lto-wrapper
OFFLOAD_TARGET_NAMES=nvptx-none:amdgcn-amdhsa
OFFLOAD_TARGET_DEFAULT=1
Target: x86_64-linux-gnu
Configured with: ../src/configure -v --with-pkgversion='Ubuntu 13.3.0-6ubuntu2~24.04' --with-bugurl=file:///usr/share/doc/gcc-13/README.Bugs --enable-languages=c,ada,c++,go,d,fortran,objc,obj-c++,m2 --prefix=/usr --with-gcc-major-version-only --program-suffix=-13 --program-prefix=x86_64-linux-gnu- --enable-shared --enable-linker-build-id --libexecdir=/usr/libexec --without-included-gettext --enable-threads=posix --libdir=/usr/lib --enable-nls --enable-bootstrap --enable-clocale=gnu --enable-libstdcxx-debug --enable-libstdcxx-time=yes --with-default-libstdcxx-abi=new --enable-libstdcxx-backtrace --enable-gnu-unique-object --disable-vtable-verify --enable-plugin --enable-default-pie --with-system-zlib --enable-libphobos-checking=release --with-target-system-zlib=auto --enable-objc-gc=auto --enable-multiarch --disable-werror --enable-cet --with-arch-32=i686 --with-abi=m64 --with-multilib-list=m32,m64,mx32 --enable-multilib --with-tune=generic --enable-offload-targets=nvptx-none=/build/gcc-13-fG75Ri/gcc-13-13.3.0/debian/tmp-nvptx/usr,amdgcn-amdhsa=/build/gcc-13-fG75Ri/gcc-13-13.3.0/debian/tmp-gcn/usr --enable-offload-defaulted --without-cuda-driver --enable-checking=release --build=x86_64-linux-gnu --host=x86_64-linux-gnu --target=x86_64-linux-gnu --with-build-config=bootstrap-lto-lean --enable-link-serialization=2
Thread model: posix
Supported LTO compression algorithms: zlib zstd
gcc version 13.3.0 (Ubuntu 13.3.0-6ubuntu2~24.04) 
... rest of stderr output deleted ...
configure:5619: $? = 0
configure:5608: g++ -V >&5
g++: error: unrecognized command-line option '-V'
g++: fatal error: no input files
compilation terminated.
configure:5619: $? = 1
configure:5608: g++ -qversion >&5
g++: error: unrecognized command-line option '-qversion'; did you mean '--version'?
g++: fatal error: no input files
compilation terminated.
configure:5619: $? = 1
configure:5623: checking whether the compiler supports GNU C++
configure:5643: g++ -c  -I/home/notlean/openwrt-uboost/staging_dir/host/include  conftest.cpp >&5
configure:5643: $? = 0
configure:5653: result: yes
configure:5664: checking whether g++ accepts -g
configure:5685: g++ -c -g -I/home/notlean/openwrt-uboost/staging_dir/host/include  conftest.cpp >&5
configure:5685: $? = 0
configure:5729: result: yes
configure:5749: checking for g++ option to enable C++11 features
configure:5764: g++  -c  -I/home/notlean/openwrt-uboost/staging_dir/host/include  conftest.cpp >&5
conftest.cpp: In function 'int main(int, char**)':
conftest.cpp:178:25: warning: empty parentheses were disambiguated as a function declaration [-Wvexing-parse]
  178 |   cxx11test::delegate d2();
      |                         ^~
conftest.cpp:178:25: note: remove parentheses to default-initialize a variable
  178 |   cxx11test::delegate d2();
      |                         ^~
      |                         --
conftest.cpp:178:25: note: or replace parentheses with braces to value-initialize a variable
configure:5764: $? = 0
configure:5782: result: none needed
configure:5848: checking dependency style of g++
configure:5960: result: none
configure:5978: checking for x86_64-pc-linux-gnu-ranlib
configure:6013: result: no
configure:6023: checking for ranlib
configure:6044: found /usr/bin/ranlib
configure:6055: result: ranlib
configure:6081: checking for bison
configure:6102: found /usr/bin/bison
configure:6113: result: bison -y
configure:6130: checking for flex
configure:6151: found /usr/bin/flex
configure:6162: result: flex
configure:6211: checking for lex output file root
configure:6224: flex conftest.l
configure:6228: $? = 0
configure:6236: result: lex.yy
configure:6251: checking for lex library
configure:6276: gcc -o conftest -O2 -I/home/notlean/openwrt-uboost/staging_dir/host/include  -I/home/notlean/openwrt-uboost/staging_dir/host/include  -L/home/notlean/openwrt-uboost/staging_dir/host/lib  conftest.c  >&5
configure:6276: $? = 0
configure:6289: result: none needed
configure:6309: checking whether yytext is a pointer
configure:6325: gcc -c -O2 -I/home/notlean/openwrt-uboost/staging_dir/host/include  -I/home/notlean/openwrt-uboost/staging_dir/host/include  conftest.c >&5
configure:6325: $? = 0
configure:6332: result: yes
configure:6351: checking for x86_64-pc-linux-gnu-ar
configure:6386: result: no
configure:6351: checking for x86_64-pc-linux-gnu-lib
configure:6386: result: no
configure:6351: checking for x86_64-pc-linux-gnu-link
configure:6386: result: no
configure:6400: checking for ar
configure:6421: found /usr/bin/ar
configure:6432: result: ar
configure:6458: checking the archiver (ar) interface
configure:6475: gcc -c -O2 -I/home/notlean/openwrt-uboost/staging_dir/host/include  -I/home/notlean/openwrt-uboost/staging_dir/host/include  conftest.c >&5
configure:6475: $? = 0
configure:6478: ar cru libconftest.a conftest.o >&5
ar: `u' modifier ignored since `D' is the default (see `U')
configure:6481: $? = 0
configure:6509: result: ar
configure:6532: checking for x86_64-pc-linux-gnu-readelf
configure:6567: result: no
configure:6577: checking for readelf
configure:6598: found /usr/bin/readelf
configure:6609: result: readelf
configure:6634: checking for x86_64-pc-linux-gnu-nm
configure:6669: result: no
configure:6679: checking for nm
configure:6700: found /usr/bin/nm
configure:6711: result: nm
configure:6734: checking whether gcc supports __attribute__((visibility()))
configure:6750: gcc -c -O2 -I/home/notlean/openwrt-uboost/staging_dir/host/include  -Werror -I/home/notlean/openwrt-uboost/staging_dir/host/include  conftest.c >&5
configure:6750: $? = 0
configure:6759: result: yes
configure:6767: checking whether gcc supports __attribute__((gcc_struct))
configure:6780: gcc -c -O2 -I/home/notlean/openwrt-uboost/staging_dir/host/include  -Werror -I/home/notlean/openwrt-uboost/staging_dir/host/include  conftest.c >&5
configure:6780: $? = 0
configure:6789: result: yes
configure:6797: checking whether gcc supports -fPIC
configure:6809: gcc -c -O2 -I/home/notlean/openwrt-uboost/staging_dir/host/include  -fPIC -Werror -I/home/notlean/openwrt-uboost/staging_dir/host/include  conftest.c >&5
configure:6809: $? = 0
configure:6819: result: yes
configure:6828: checking whether gcc supports -fPIE
configure:6840: gcc -c -O2 -I/home/notlean/openwrt-uboost/staging_dir/host/include  -fPIE -Werror -I/home/notlean/openwrt-uboost/staging_dir/host/include  conftest.c >&5
configure:6840: $? = 0
configure:6850: result: yes
configure:6911: checking whether gcc supports -Wl,-z,defs
configure:6930: gcc -o conftest -O2 -I/home/notlean/openwrt-uboost/staging_dir/host/include  -I/home/notlean/openwrt-uboost/staging_dir/host/include  -Wl,-z,defs -L/home/notlean/openwrt-uboost/staging_dir/host/lib  conftest.c  >&5
configure:6930: $? = 0
configure:6941: result: yes
configure:6949: checking whether the compiler generates build-ids
configure:6966: gcc -o conftest -O2 -I/home/notlean/openwrt-uboost/staging_dir/host/include  -I/home/notlean/openwrt-uboost/staging_dir/host/include  -L/home/notlean/openwrt-uboost/staging_dir/host/lib  conftest.c  >&5
configure:6966: $? = 0
configure:6978: result: yes
configure:6987: checking whether gcc supports -Wl,-z,relro
configure:7006: gcc -o conftest -O2 -I/home/notlean/openwrt-uboost/staging_dir/host/include  -I/home/notlean/openwrt-uboost/staging_dir/host/include  -Wl,-z,relro -L/home/notlean/openwrt-uboost/staging_dir/host/lib  conftest.c  >&5
configure:7006: $? = 0
configure:7017: result: yes
configure:7025: checking for __thread support
configure:7050: gcc -o conftest -fPIC -O2 -I/home/notlean/openwrt-uboost/staging_dir/host/include  -I/home/notlean/openwrt-uboost/staging_dir/host/include  -shared -Wl,-z,defs -Wl,-z,relro -L/home/notlean/openwrt-uboost/staging_dir/host/lib  conftest.c  >&5
configure:7050: $? = 0
configure:7061: result: yes
configure:7068: checking whether gcc provides stdatomic.h
configure:7078: gcc -c -O2 -I/home/notlean/openwrt-uboost/staging_dir/host/include  -I/home/notlean/openwrt-uboost/staging_dir/host/include  conftest.c >&5
configure:7078: $? = 0
configure:7086: result: yes
configure:7112: checking for special C compiler options needed for large files
configure:7160: result: no
configure:7166: checking for _FILE_OFFSET_BITS value needed for large files
configure:7192: gcc -c -O2 -I/home/notlean/openwrt-uboost/staging_dir/host/include  -I/home/notlean/openwrt-uboost/staging_dir/host/include  conftest.c >&5
configure:7192: $? = 0
configure:7226: result: no
configure:7309: checking whether fts.h is bad when included (with LFS)
configure:7319: gcc -c -O2 -I/home/notlean/openwrt-uboost/staging_dir/host/include  -I/home/notlean/openwrt-uboost/staging_dir/host/include  conftest.c >&5
configure:7319: $? = 0
configure:7327: result: no
configure:7337: checking whether to add -D_FORTIFY_SOURCE=2 or =3 to CFLAGS
configure:7356: gcc -c -D_FORTIFY_SOURCE=3 -O2 -I/home/notlean/openwrt-uboost/staging_dir/host/include  -Werror -I/home/notlean/openwrt-uboost/staging_dir/host/include  conftest.c >&5
configure:7356: $? = 0
configure:7358: result: yes -D_FORTIFY_SOURCE=3
configure:7853: checking for library containing gzdirect
configure:7883: gcc -o conftest -D_FORTIFY_SOURCE=3 -O2 -I/home/notlean/openwrt-uboost/staging_dir/host/include  -I/home/notlean/openwrt-uboost/staging_dir/host/include  -L/home/notlean/openwrt-uboost/staging_dir/host/lib  conftest.c  >&5
/usr/bin/ld: /home/notlean/openwrt-uboost/tmp/ccQRv8J3.o: in function `main':
conftest.c:(.text.startup+0xb): undefined reference to `gzdirect'
collect2: error: ld returned 1 exit status
configure:7883: $? = 1
configure: failed program was:
| /* confdefs.h */
| #define PACKAGE_NAME "elfutils"
| #define PACKAGE_TARNAME "elfutils"
| #define PACKAGE_VERSION "0.189"
| #define PACKAGE_STRING "elfutils 0.189"
| #define PACKAGE_BUGREPORT "https://sourceware.org/bugzilla"
| #define PACKAGE_URL "http://elfutils.org/"
| #define PACKAGE "elfutils"
| #define VERSION "0.189"
| #define DEFAULT_AR_DETERMINISTIC false
| #define YYTEXT_POINTER 1
| #define HAVE_VISIBILITY 1
| #define HAVE_GCC_STRUCT 1
| #define HAVE_STDATOMIC_H 1
| #define CHECK_UNDEFINED 0
| /* end confdefs.h.  */
| 
| /* Override any GCC internal prototype to avoid an error.
|    Use char because int might match the return type of a GCC
|    builtin and then its argument prototype would still apply.  */
| char gzdirect ();
| int
| main (void)
| {
| return gzdirect ();
|   ;
|   return 0;
| }
configure:7883: gcc -o conftest -D_FORTIFY_SOURCE=3 -O2 -I/home/notlean/openwrt-uboost/staging_dir/host/include  -I/home/notlean/openwrt-uboost/staging_dir/host/include  -L/home/notlean/openwrt-uboost/staging_dir/host/lib  conftest.c -lz   >&5
configure:7883: $? = 0
configure:7903: result: -lz
configure:7949: checking for library containing BZ2_bzdopen
configure:7979: gcc -o conftest -D_FORTIFY_SOURCE=3 -O2 -I/home/notlean/openwrt-uboost/staging_dir/host/include  -I/home/notlean/openwrt-uboost/staging_dir/host/include  -L/home/notlean/openwrt-uboost/staging_dir/host/lib  conftest.c  >&5
/usr/bin/ld: /home/notlean/openwrt-uboost/tmp/cckmF0ye.o: in function `main':
conftest.c:(.text.startup+0xb): undefined reference to `BZ2_bzdopen'
collect2: error: ld returned 1 exit status
configure:7979: $? = 1
configure: failed program was:
| /* confdefs.h */
| #define PACKAGE_NAME "elfutils"
| #define PACKAGE_TARNAME "elfutils"
| #define PACKAGE_VERSION "0.189"
| #define PACKAGE_STRING "elfutils 0.189"
| #define PACKAGE_BUGREPORT "https://sourceware.org/bugzilla"
| #define PACKAGE_URL "http://elfutils.org/"
| #define PACKAGE "elfutils"
| #define VERSION "0.189"
| #define DEFAULT_AR_DETERMINISTIC false
| #define YYTEXT_POINTER 1
| #define HAVE_VISIBILITY 1
| #define HAVE_GCC_STRUCT 1
| #define HAVE_STDATOMIC_H 1
| #define CHECK_UNDEFINED 0
| #define USE_ZLIB 1
| /* end confdefs.h.  */
| 
| /* Override any GCC internal prototype to avoid an error.
|    Use char because int might match the return type of a GCC
|    builtin and then its argument prototype would still apply.  */
| char BZ2_bzdopen ();
| int
| main (void)
| {
| return BZ2_bzdopen ();
|   ;
|   return 0;
| }
configure:7979: gcc -o conftest -D_FORTIFY_SOURCE=3 -O2 -I/home/notlean/openwrt-uboost/staging_dir/host/include  -I/home/notlean/openwrt-uboost/staging_dir/host/include  -L/home/notlean/openwrt-uboost/staging_dir/host/lib  conftest.c -lbz2   >&5
/usr/bin/ld: cannot find -lbz2: No such file or directory
collect2: error: ld returned 1 exit status
configure:7979: $? = 1
configure: failed program was:
| /* confdefs.h */
| #define PACKAGE_NAME "elfutils"
| #define PACKAGE_TARNAME "elfutils"
| #define PACKAGE_VERSION "0.189"
| #define PACKAGE_STRING "elfutils 0.189"
| #define PACKAGE_BUGREPORT "https://sourceware.org/bugzilla"
| #define PACKAGE_URL "http://elfutils.org/"
| #define PACKAGE "elfutils"
| #define VERSION "0.189"
| #define DEFAULT_AR_DETERMINISTIC false
| #define YYTEXT_POINTER 1
| #define HAVE_VISIBILITY 1
| #define HAVE_GCC_STRUCT 1
| #define HAVE_STDATOMIC_H 1
| #define CHECK_UNDEFINED 0
| #define USE_ZLIB 1
| /* end confdefs.h.  */
| 
| /* Override any GCC internal prototype to avoid an error.
|    Use char because int might match the return type of a GCC
|    builtin and then its argument prototype would still apply.  */
| char BZ2_bzdopen ();
| int
| main (void)
| {
| return BZ2_bzdopen ();
|   ;
|   return 0;
| }
configure:7999: result: no
configure:8448: checking for gcc options needed to detect all undeclared functions
configure:8470: gcc -c -D_FORTIFY_SOURCE=3 -O2 -I/home/notlean/openwrt-uboost/staging_dir/host/include   -I/home/notlean/openwrt-uboost/staging_dir/host/include  conftest.c >&5
conftest.c: In function 'main':
conftest.c:22:8: error: 'strchr' undeclared (first use in this function)
   22 | (void) strchr;
      |        ^~~~~~
conftest.c:1:1: note: 'strchr' is defined in header '<string.h>'; did you forget to '#include <string.h>'?
    1 | /* confdefs.h */
conftest.c:22:8: note: each undeclared identifier is reported only once for each function it appears in
   22 | (void) strchr;
      |        ^~~~~~
configure:8470: $? = 1
configure: failed program was:
| /* confdefs.h */
| #define PACKAGE_NAME "elfutils"
| #define PACKAGE_TARNAME "elfutils"
| #define PACKAGE_VERSION "0.189"
| #define PACKAGE_STRING "elfutils 0.189"
| #define PACKAGE_BUGREPORT "https://sourceware.org/bugzilla"
| #define PACKAGE_URL "http://elfutils.org/"
| #define PACKAGE "elfutils"
| #define VERSION "0.189"
| #define DEFAULT_AR_DETERMINISTIC false
| #define YYTEXT_POINTER 1
| #define HAVE_VISIBILITY 1
| #define HAVE_GCC_STRUCT 1
| #define HAVE_STDATOMIC_H 1
| #define CHECK_UNDEFINED 0
| #define USE_ZLIB 1
| /* end confdefs.h.  */
| 
| int
| main (void)
| {
| (void) strchr;
|   ;
|   return 0;
| }
configure:8497: gcc -c -D_FORTIFY_SOURCE=3 -O2 -I/home/notlean/openwrt-uboost/staging_dir/host/include   -I/home/notlean/openwrt-uboost/staging_dir/host/include  conftest.c >&5
configure:8497: $? = 0
configure:8514: result: none needed
configure:8528: checking whether memrchr is declared
configure:8528: gcc -c -D_FORTIFY_SOURCE=3 -O2 -I/home/notlean/openwrt-uboost/staging_dir/host/include   -I/home/notlean/openwrt-uboost/staging_dir/host/include  conftest.c >&5
configure:8528: $? = 0
configure:8528: result: yes
configure:8538: checking whether rawmemchr is declared
configure:8538: gcc -c -D_FORTIFY_SOURCE=3 -O2 -I/home/notlean/openwrt-uboost/staging_dir/host/include   -I/home/notlean/openwrt-uboost/staging_dir/host/include  conftest.c >&5
configure:8538: $? = 0
configure:8538: result: yes
configure:8549: checking whether powerof2 is declared
configure:8549: gcc -c -D_FORTIFY_SOURCE=3 -O2 -I/home/notlean/openwrt-uboost/staging_dir/host/include   -I/home/notlean/openwrt-uboost/staging_dir/host/include  conftest.c >&5
configure:8549: $? = 0
configure:8549: result: yes
configure:8559: checking whether mempcpy is declared
configure:8559: gcc -c -D_FORTIFY_SOURCE=3 -O2 -I/home/notlean/openwrt-uboost/staging_dir/host/include   -I/home/notlean/openwrt-uboost/staging_dir/host/include  conftest.c >&5
configure:8559: $? = 0
configure:8559: result: yes
configure:8570: checking whether reallocarray is declared
configure:8570: gcc -c -D_FORTIFY_SOURCE=3 -O2 -I/home/notlean/openwrt-uboost/staging_dir/host/include   -I/home/notlean/openwrt-uboost/staging_dir/host/include  conftest.c >&5
configure:8570: $? = 0
configure:8570: result: yes
configure:8582: checking for process_vm_readv
configure:8582: gcc -o conftest -D_FORTIFY_SOURCE=3 -O2 -I/home/notlean/openwrt-uboost/staging_dir/host/include  -I/home/notlean/openwrt-uboost/staging_dir/host/include  -L/home/notlean/openwrt-uboost/staging_dir/host/lib  conftest.c  >&5
configure:8582: $? = 0
configure:8582: result: yes
configure:8588: checking for mremap
configure:8588: gcc -o conftest -D_FORTIFY_SOURCE=3 -O2 -I/home/notlean/openwrt-uboost/staging_dir/host/include  -I/home/notlean/openwrt-uboost/staging_dir/host/include  -L/home/notlean/openwrt-uboost/staging_dir/host/lib  conftest.c  >&5
configure:8588: $? = 0
configure:8588: result: yes
configure:8606: checking for stdio.h
configure:8606: gcc -c -D_FORTIFY_SOURCE=3 -O2 -I/home/notlean/openwrt-uboost/staging_dir/host/include  -I/home/notlean/openwrt-uboost/staging_dir/host/include  conftest.c >&5
configure:8606: $? = 0
configure:8606: result: yes
configure:8606: checking for stdlib.h
configure:8606: gcc -c -D_FORTIFY_SOURCE=3 -O2 -I/home/notlean/openwrt-uboost/staging_dir/host/include  -I/home/notlean/openwrt-uboost/staging_dir/host/include  conftest.c >&5
configure:8606: $? = 0
configure:8606: result: yes
configure:8606: checking for string.h
configure:8606: gcc -c -D_FORTIFY_SOURCE=3 -O2 -I/home/notlean/openwrt-uboost/staging_dir/host/include  -I/home/notlean/openwrt-uboost/staging_dir/host/include  conftest.c >&5
configure:8606: $? = 0
configure:8606: result: yes
configure:8606: checking for inttypes.h
configure:8606: gcc -c -D_FORTIFY_SOURCE=3 -O2 -I/home/notlean/openwrt-uboost/staging_dir/host/include  -I/home/notlean/openwrt-uboost/staging_dir/host/include  conftest.c >&5
configure:8606: $? = 0
configure:8606: result: yes
configure:8606: checking for stdint.h
configure:8606: gcc -c -D_FORTIFY_SOURCE=3 -O2 -I/home/notlean/openwrt-uboost/staging_dir/host/include  -I/home/notlean/openwrt-uboost/staging_dir/host/include  conftest.c >&5
configure:8606: $? = 0
configure:8606: result: yes
configure:8606: checking for strings.h
configure:8606: gcc -c -D_FORTIFY_SOURCE=3 -O2 -I/home/notlean/openwrt-uboost/staging_dir/host/include  -I/home/notlean/openwrt-uboost/staging_dir/host/include  conftest.c >&5
configure:8606: $? = 0
configure:8606: result: yes
configure:8606: checking for sys/stat.h
configure:8606: gcc -c -D_FORTIFY_SOURCE=3 -O2 -I/home/notlean/openwrt-uboost/staging_dir/host/include  -I/home/notlean/openwrt-uboost/staging_dir/host/include  conftest.c >&5
configure:8606: $? = 0
configure:8606: result: yes
configure:8606: checking for sys/types.h
configure:8606: gcc -c -D_FORTIFY_SOURCE=3 -O2 -I/home/notlean/openwrt-uboost/staging_dir/host/include  -I/home/notlean/openwrt-uboost/staging_dir/host/include  conftest.c >&5
configure:8606: $? = 0
configure:8606: result: yes
configure:8606: checking for unistd.h
configure:8606: gcc -c -D_FORTIFY_SOURCE=3 -O2 -I/home/notlean/openwrt-uboost/staging_dir/host/include  -I/home/notlean/openwrt-uboost/staging_dir/host/include  conftest.c >&5
configure:8606: $? = 0
configure:8606: result: yes
configure:8631: checking for error.h
configure:8631: gcc -c -D_FORTIFY_SOURCE=3 -O2 -I/home/notlean/openwrt-uboost/staging_dir/host/include  -I/home/notlean/openwrt-uboost/staging_dir/host/include  conftest.c >&5
configure:8631: $? = 0
configure:8631: result: yes
configure:8638: checking for err.h
configure:8638: gcc -c -D_FORTIFY_SOURCE=3 -O2 -I/home/notlean/openwrt-uboost/staging_dir/host/include  -I/home/notlean/openwrt-uboost/staging_dir/host/include  conftest.c >&5
configure:8638: $? = 0
configure:8638: result: yes
configure:8646: checking for sched.h
configure:8646: gcc -c -D_FORTIFY_SOURCE=3 -O2 -I/home/notlean/openwrt-uboost/staging_dir/host/include  -I/home/notlean/openwrt-uboost/staging_dir/host/include  conftest.c >&5
configure:8646: $? = 0
configure:8646: result: yes
configure:8653: checking for sched_getaffinity
configure:8653: gcc -o conftest -D_FORTIFY_SOURCE=3 -O2 -I/home/notlean/openwrt-uboost/staging_dir/host/include  -I/home/notlean/openwrt-uboost/staging_dir/host/include  -L/home/notlean/openwrt-uboost/staging_dir/host/lib  conftest.c  >&5
configure:8653: $? = 0
configure:8653: result: yes
configure:8660: checking for sys/resource.h
configure:8660: gcc -c -D_FORTIFY_SOURCE=3 -O2 -I/home/notlean/openwrt-uboost/staging_dir/host/include  -I/home/notlean/openwrt-uboost/staging_dir/host/include  conftest.c >&5
configure:8660: $? = 0
configure:8660: result: yes
configure:8667: checking for getrlimit
configure:8667: gcc -o conftest -D_FORTIFY_SOURCE=3 -O2 -I/home/notlean/openwrt-uboost/staging_dir/host/include  -I/home/notlean/openwrt-uboost/staging_dir/host/include  -L/home/notlean/openwrt-uboost/staging_dir/host/lib  conftest.c  >&5
configure:8667: $? = 0
configure:8667: result: yes
configure:8677: checking whether strerror_r is declared
configure:8677: gcc -c -D_FORTIFY_SOURCE=3 -O2 -I/home/notlean/openwrt-uboost/staging_dir/host/include  -D_GNU_SOURCE  -I/home/notlean/openwrt-uboost/staging_dir/host/include  conftest.c >&5
configure:8677: $? = 0
configure:8677: result: yes
configure:8696: checking whether strerror_r returns char *
configure:8721: gcc -c -D_FORTIFY_SOURCE=3 -O2 -I/home/notlean/openwrt-uboost/staging_dir/host/include  -D_GNU_SOURCE -I/home/notlean/openwrt-uboost/staging_dir/host/include  conftest.c >&5
configure:8721: $? = 0
configure:8730: result: yes
configure:8750: checking for __cxa_demangle in -lstdc++
configure:8773: gcc -o conftest -D_FORTIFY_SOURCE=3 -O2 -I/home/notlean/openwrt-uboost/staging_dir/host/include  -I/home/notlean/openwrt-uboost/staging_dir/host/include  -L/home/notlean/openwrt-uboost/staging_dir/host/lib  conftest.c -lstdc++   >&5
configure:8773: $? = 0
configure:8783: result: yes
configure:8845: checking whether symbol versioning is supported
configure:8859: gcc -c -D_FORTIFY_SOURCE=3 -O2 -I/home/notlean/openwrt-uboost/staging_dir/host/include  -I/home/notlean/openwrt-uboost/staging_dir/host/include  conftest.c >&5
configure:8859: $? = 0
configure:8867: result: yes
configure:8893: checking whether gcc accepts -Wstack-usage
configure:8905: gcc -c -D_FORTIFY_SOURCE=3 -O2 -I/home/notlean/openwrt-uboost/staging_dir/host/include  -Wstack-usage=262144 -Werror -I/home/notlean/openwrt-uboost/staging_dir/host/include  conftest.c >&5
configure:8905: $? = 0
configure:8914: result: yes
configure:8926: checking whether gcc has a sane -Wlogical-op
configure:8939: gcc -c -D_FORTIFY_SOURCE=3 -O2 -I/home/notlean/openwrt-uboost/staging_dir/host/include  -Wlogical-op -Werror -I/home/notlean/openwrt-uboost/staging_dir/host/include  conftest.c >&5
configure:8939: $? = 0
configure:8948: result: yes
configure:8960: checking whether gcc accepts -Wduplicated-cond
configure:8972: gcc -c -D_FORTIFY_SOURCE=3 -O2 -I/home/notlean/openwrt-uboost/staging_dir/host/include  -Wduplicated-cond -Werror -I/home/notlean/openwrt-uboost/staging_dir/host/include  conftest.c >&5
configure:8972: $? = 0
configure:8981: result: yes
configure:8993: checking whether gcc accepts -Wnull-dereference
configure:9005: gcc -c -D_FORTIFY_SOURCE=3 -O2 -I/home/notlean/openwrt-uboost/staging_dir/host/include  -Wnull-dereference -Werror -I/home/notlean/openwrt-uboost/staging_dir/host/include  conftest.c >&5
configure:9005: $? = 0
configure:9014: result: yes
configure:9026: checking whether gcc accepts -Wimplicit-fallthrough
configure:9038: gcc -c -D_FORTIFY_SOURCE=3 -O2 -I/home/notlean/openwrt-uboost/staging_dir/host/include  -Wimplicit-fallthrough -Werror -I/home/notlean/openwrt-uboost/staging_dir/host/include  conftest.c >&5
configure:9038: $? = 0
configure:9047: result: yes
configure:9061: checking whether the compiler accepts -Wimplicit-fallthrough=5
configure:9073: gcc -c -D_FORTIFY_SOURCE=3 -O2 -I/home/notlean/openwrt-uboost/staging_dir/host/include  -Wimplicit-fallthrough=5 -Werror -I/home/notlean/openwrt-uboost/staging_dir/host/include  conftest.c >&5
configure:9073: $? = 0
configure:9082: result: yes
configure:9100: checking whether the compiler accepts -Wtrampolines
configure:9112: gcc -c -D_FORTIFY_SOURCE=3 -O2 -I/home/notlean/openwrt-uboost/staging_dir/host/include  -Wtrampolines -Werror -I/home/notlean/openwrt-uboost/staging_dir/host/include  conftest.c >&5
configure:9112: $? = 0
configure:9121: result: yes
configure:9132: checking whether the compiler accepts -Wno-packed-not-aligned
configure:9144: gcc -c -D_FORTIFY_SOURCE=3 -O2 -I/home/notlean/openwrt-uboost/staging_dir/host/include  -Wno-packed-not-aligned -Werror -I/home/notlean/openwrt-uboost/staging_dir/host/include  conftest.c >&5
configure:9144: $? = 0
configure:9153: result: yes
configure:9164: checking whether the compiler accepts -Wuse-after-free=3
configure:9176: gcc -c -D_FORTIFY_SOURCE=3 -O2 -I/home/notlean/openwrt-uboost/staging_dir/host/include  -Wuse-after-free=3 -Werror -I/home/notlean/openwrt-uboost/staging_dir/host/include  conftest.c >&5
configure:9176: $? = 0
configure:9185: result: yes
configure:9196: checking whether the compiler accepts -fno-addrsig
configure:9208: gcc -c -D_FORTIFY_SOURCE=3 -O2 -I/home/notlean/openwrt-uboost/staging_dir/host/include  -fno-addrsig -Werror -I/home/notlean/openwrt-uboost/staging_dir/host/include  conftest.c >&5
gcc: error: unrecognized command-line option '-fno-addrsig'
configure:9208: $? = 1
configure: failed program was:
| /* confdefs.h */
| #define PACKAGE_NAME "elfutils"
| #define PACKAGE_TARNAME "elfutils"
| #define PACKAGE_VERSION "0.189"
| #define PACKAGE_STRING "elfutils 0.189"
| #define PACKAGE_BUGREPORT "https://sourceware.org/bugzilla"
| #define PACKAGE_URL "http://elfutils.org/"
| #define PACKAGE "elfutils"
| #define VERSION "0.189"
| #define DEFAULT_AR_DETERMINISTIC false
| #define YYTEXT_POINTER 1
| #define HAVE_VISIBILITY 1
| #define HAVE_GCC_STRUCT 1
| #define HAVE_STDATOMIC_H 1
| #define CHECK_UNDEFINED 0
| #define USE_ZLIB 1
| #define HAVE_DECL_MEMRCHR 1
| #define HAVE_DECL_RAWMEMCHR 1
| #define HAVE_DECL_POWEROF2 1
| #define HAVE_DECL_MEMPCPY 1
| #define HAVE_DECL_REALLOCARRAY 1
| #define HAVE_PROCESS_VM_READV 1
| #define HAVE_MREMAP 1
| #define HAVE_STDIO_H 1
| #define HAVE_STDLIB_H 1
| #define HAVE_STRING_H 1
| #define HAVE_INTTYPES_H 1
| #define HAVE_STDINT_H 1
| #define HAVE_STRINGS_H 1
| #define HAVE_SYS_STAT_H 1
| #define HAVE_SYS_TYPES_H 1
| #define HAVE_UNISTD_H 1
| #define STDC_HEADERS 1
| #define HAVE_ERROR_H 1
| #define HAVE_ERR_H 1
| #define HAVE_SCHED_H 1
| #define HAVE_SCHED_GETAFFINITY 1
| #define HAVE_SYS_RESOURCE_H 1
| #define HAVE_GETRLIMIT 1
| #define HAVE_DECL_STRERROR_R 1
| #define HAVE_STRERROR_R 1
| #define STRERROR_R_CHAR_P 1
| #define USE_DEMANGLE 1
| #define HAVE_FALLTHROUGH 1
| /* end confdefs.h.  */
| 
configure:9217: result: no
configure:9225: checking for library containing argp_parse
configure:9255: gcc -o conftest -D_FORTIFY_SOURCE=3 -O2 -I/home/notlean/openwrt-uboost/staging_dir/host/include  -I/home/notlean/openwrt-uboost/staging_dir/host/include  -L/home/notlean/openwrt-uboost/staging_dir/host/lib  conftest.c  >&5
configure:9255: $? = 0
configure:9275: result: none required
configure:9296: checking for library containing fts_close
configure:9326: gcc -o conftest -D_FORTIFY_SOURCE=3 -O2 -I/home/notlean/openwrt-uboost/staging_dir/host/include  -I/home/notlean/openwrt-uboost/staging_dir/host/include  -L/home/notlean/openwrt-uboost/staging_dir/host/lib  conftest.c  >&5
configure:9326: $? = 0
configure:9346: result: none required
configure:9367: checking for library containing _obstack_free
configure:9397: gcc -o conftest -D_FORTIFY_SOURCE=3 -O2 -I/home/notlean/openwrt-uboost/staging_dir/host/include  -I/home/notlean/openwrt-uboost/staging_dir/host/include  -L/home/notlean/openwrt-uboost/staging_dir/host/lib  conftest.c  >&5
configure:9397: $? = 0
configure:9417: result: none required
configure:9477: checking for a sed that does not truncate output
configure:9547: result: /home/notlean/openwrt-uboost/staging_dir/host/bin/sed
configure:9553: checking whether NLS is requested
configure:9563: result: no
configure:9603: checking for msgfmt
configure: trying /usr/bin/msgfmt...
0 translated messages.
configure:9636: result: /usr/bin/msgfmt
configure:9645: checking for gmsgfmt
configure:9681: result: /usr/bin/msgfmt
configure:9726: checking for xgettext
configure: trying /usr/bin/xgettext...
/usr/bin/xgettext: warning: file '/dev/null' extension '' is unknown; will try C
configure:9759: result: /usr/bin/xgettext
configure:9804: checking for msgmerge
configure: trying /usr/bin/msgmerge...
configure:9836: result: /usr/bin/msgmerge
configure:9904: checking for ld used by gcc
configure:10032: result: /usr/bin/ld
configure:10039: checking if the linker (/usr/bin/ld) is GNU ld
configure:10055: result: yes
configure:10063: checking for shared library run path origin
configure:10077: result: done
configure:10099: checking 32-bit host C ABI
configure:10166: gcc -c -D_FORTIFY_SOURCE=3 -O2 -I/home/notlean/openwrt-uboost/staging_dir/host/include  -I/home/notlean/openwrt-uboost/staging_dir/host/include  conftest.c >&5
configure:10166: $? = 0
configure:10362: result: no
configure:10372: checking how to run the C preprocessor
configure:10398: gcc -E -I/home/notlean/openwrt-uboost/staging_dir/host/include  conftest.c
configure:10398: $? = 0
configure:10413: gcc -E -I/home/notlean/openwrt-uboost/staging_dir/host/include  conftest.c
conftest.c:46:10: fatal error: ac_nonexistent.h: No such file or directory
   46 | #include <ac_nonexistent.h>
      |          ^~~~~~~~~~~~~~~~~~
compilation terminated.
configure:10413: $? = 1
configure: failed program was:
| /* confdefs.h */
| #define PACKAGE_NAME "elfutils"
| #define PACKAGE_TARNAME "elfutils"
| #define PACKAGE_VERSION "0.189"
| #define PACKAGE_STRING "elfutils 0.189"
| #define PACKAGE_BUGREPORT "https://sourceware.org/bugzilla"
| #define PACKAGE_URL "http://elfutils.org/"
| #define PACKAGE "elfutils"
| #define VERSION "0.189"
| #define DEFAULT_AR_DETERMINISTIC false
| #define YYTEXT_POINTER 1
| #define HAVE_VISIBILITY 1
| #define HAVE_GCC_STRUCT 1
| #define HAVE_STDATOMIC_H 1
| #define CHECK_UNDEFINED 0
| #define USE_ZLIB 1
| #define HAVE_DECL_MEMRCHR 1
| #define HAVE_DECL_RAWMEMCHR 1
| #define HAVE_DECL_POWEROF2 1
| #define HAVE_DECL_MEMPCPY 1
| #define HAVE_DECL_REALLOCARRAY 1
| #define HAVE_PROCESS_VM_READV 1
| #define HAVE_MREMAP 1
| #define HAVE_STDIO_H 1
| #define HAVE_STDLIB_H 1
| #define HAVE_STRING_H 1
| #define HAVE_INTTYPES_H 1
| #define HAVE_STDINT_H 1
| #define HAVE_STRINGS_H 1
| #define HAVE_SYS_STAT_H 1
| #define HAVE_SYS_TYPES_H 1
| #define HAVE_UNISTD_H 1
| #define STDC_HEADERS 1
| #define HAVE_ERROR_H 1
| #define HAVE_ERR_H 1
| #define HAVE_SCHED_H 1
| #define HAVE_SCHED_GETAFFINITY 1
| #define HAVE_SYS_RESOURCE_H 1
| #define HAVE_GETRLIMIT 1
| #define HAVE_DECL_STRERROR_R 1
| #define HAVE_STRERROR_R 1
| #define STRERROR_R_CHAR_P 1
| #define USE_DEMANGLE 1
| #define HAVE_FALLTHROUGH 1
| /* end confdefs.h.  */
| #include <ac_nonexistent.h>
configure:10440: result: gcc -E
configure:10454: gcc -E -I/home/notlean/openwrt-uboost/staging_dir/host/include  conftest.c
configure:10454: $? = 0
configure:10469: gcc -E -I/home/notlean/openwrt-uboost/staging_dir/host/include  conftest.c
conftest.c:46:10: fatal error: ac_nonexistent.h: No such file or directory
   46 | #include <ac_nonexistent.h>
      |          ^~~~~~~~~~~~~~~~~~
compilation terminated.
configure:10469: $? = 1
configure: failed program was:
| /* confdefs.h */
| #define PACKAGE_NAME "elfutils"
| #define PACKAGE_TARNAME "elfutils"
| #define PACKAGE_VERSION "0.189"
| #define PACKAGE_STRING "elfutils 0.189"
| #define PACKAGE_BUGREPORT "https://sourceware.org/bugzilla"
| #define PACKAGE_URL "http://elfutils.org/"
| #define PACKAGE "elfutils"
| #define VERSION "0.189"
| #define DEFAULT_AR_DETERMINISTIC false
| #define YYTEXT_POINTER 1
| #define HAVE_VISIBILITY 1
| #define HAVE_GCC_STRUCT 1
| #define HAVE_STDATOMIC_H 1
| #define CHECK_UNDEFINED 0
| #define USE_ZLIB 1
| #define HAVE_DECL_MEMRCHR 1
| #define HAVE_DECL_RAWMEMCHR 1
| #define HAVE_DECL_POWEROF2 1
| #define HAVE_DECL_MEMPCPY 1
| #define HAVE_DECL_REALLOCARRAY 1
| #define HAVE_PROCESS_VM_READV 1
| #define HAVE_MREMAP 1
| #define HAVE_STDIO_H 1
| #define HAVE_STDLIB_H 1
| #define HAVE_STRING_H 1
| #define HAVE_INTTYPES_H 1
| #define HAVE_STDINT_H 1
| #define HAVE_STRINGS_H 1
| #define HAVE_SYS_STAT_H 1
| #define HAVE_SYS_TYPES_H 1
| #define HAVE_UNISTD_H 1
| #define STDC_HEADERS 1
| #define HAVE_ERROR_H 1
| #define HAVE_ERR_H 1
| #define HAVE_SCHED_H 1
| #define HAVE_SCHED_GETAFFINITY 1
| #define HAVE_SYS_RESOURCE_H 1
| #define HAVE_GETRLIMIT 1
| #define HAVE_DECL_STRERROR_R 1
| #define HAVE_STRERROR_R 1
| #define STRERROR_R_CHAR_P 1
| #define USE_DEMANGLE 1
| #define HAVE_FALLTHROUGH 1
| /* end confdefs.h.  */
| #include <ac_nonexistent.h>
configure:10500: checking for grep that handles long lines and -e
configure:10564: result: /home/notlean/openwrt-uboost/staging_dir/host/bin/grep
configure:10569: checking for egrep
configure:10637: result: /home/notlean/openwrt-uboost/staging_dir/host/bin/grep -E
configure:10646: checking for ELF binary format
configure:10670: result: yes
configure:10722: checking for the common suffixes of directories in the library search path
configure:10791: result: lib,lib,lib64
configure:11316: checking for CFPreferencesCopyAppValue
configure:11335: gcc -o conftest -D_FORTIFY_SOURCE=3 -O2 -I/home/notlean/openwrt-uboost/staging_dir/host/include  -I/home/notlean/openwrt-uboost/staging_dir/host/include  -L/home/notlean/openwrt-uboost/staging_dir/host/lib  conftest.c  -Wl,-framework -Wl,CoreFoundation >&5
conftest.c:46:10: fatal error: CoreFoundation/CFPreferences.h: No such file or directory
   46 | #include <CoreFoundation/CFPreferences.h>
      |          ^~~~~~~~~~~~~~~~~~~~~~~~~~~~~~~~
compilation terminated.
configure:11335: $? = 1
configure: failed program was:
| /* confdefs.h */
| #define PACKAGE_NAME "elfutils"
| #define PACKAGE_TARNAME "elfutils"
| #define PACKAGE_VERSION "0.189"
| #define PACKAGE_STRING "elfutils 0.189"
| #define PACKAGE_BUGREPORT "https://sourceware.org/bugzilla"
| #define PACKAGE_URL "http://elfutils.org/"
| #define PACKAGE "elfutils"
| #define VERSION "0.189"
| #define DEFAULT_AR_DETERMINISTIC false
| #define YYTEXT_POINTER 1
| #define HAVE_VISIBILITY 1
| #define HAVE_GCC_STRUCT 1
| #define HAVE_STDATOMIC_H 1
| #define CHECK_UNDEFINED 0
| #define USE_ZLIB 1
| #define HAVE_DECL_MEMRCHR 1
| #define HAVE_DECL_RAWMEMCHR 1
| #define HAVE_DECL_POWEROF2 1
| #define HAVE_DECL_MEMPCPY 1
| #define HAVE_DECL_REALLOCARRAY 1
| #define HAVE_PROCESS_VM_READV 1
| #define HAVE_MREMAP 1
| #define HAVE_STDIO_H 1
| #define HAVE_STDLIB_H 1
| #define HAVE_STRING_H 1
| #define HAVE_INTTYPES_H 1
| #define HAVE_STDINT_H 1
| #define HAVE_STRINGS_H 1
| #define HAVE_SYS_STAT_H 1
| #define HAVE_SYS_TYPES_H 1
| #define HAVE_UNISTD_H 1
| #define STDC_HEADERS 1
| #define HAVE_ERROR_H 1
| #define HAVE_ERR_H 1
| #define HAVE_SCHED_H 1
| #define HAVE_SCHED_GETAFFINITY 1
| #define HAVE_SYS_RESOURCE_H 1
| #define HAVE_GETRLIMIT 1
| #define HAVE_DECL_STRERROR_R 1
| #define HAVE_STRERROR_R 1
| #define STRERROR_R_CHAR_P 1
| #define USE_DEMANGLE 1
| #define HAVE_FALLTHROUGH 1
| /* end confdefs.h.  */
| #include <CoreFoundation/CFPreferences.h>
| int
| main (void)
| {
| CFPreferencesCopyAppValue(NULL, NULL)
|   ;
|   return 0;
| }
configure:11345: result: no
configure:11352: checking for CFLocaleCopyPreferredLanguages
configure:11371: gcc -o conftest -D_FORTIFY_SOURCE=3 -O2 -I/home/notlean/openwrt-uboost/staging_dir/host/include  -I/home/notlean/openwrt-uboost/staging_dir/host/include  -L/home/notlean/openwrt-uboost/staging_dir/host/lib  conftest.c  -Wl,-framework -Wl,CoreFoundation >&5
conftest.c:46:10: fatal error: CoreFoundation/CFLocale.h: No such file or directory
   46 | #include <CoreFoundation/CFLocale.h>
      |          ^~~~~~~~~~~~~~~~~~~~~~~~~~~
compilation terminated.
configure:11371: $? = 1
configure: failed program was:
| /* confdefs.h */
| #define PACKAGE_NAME "elfutils"
| #define PACKAGE_TARNAME "elfutils"
| #define PACKAGE_VERSION "0.189"
| #define PACKAGE_STRING "elfutils 0.189"
| #define PACKAGE_BUGREPORT "https://sourceware.org/bugzilla"
| #define PACKAGE_URL "http://elfutils.org/"
| #define PACKAGE "elfutils"
| #define VERSION "0.189"
| #define DEFAULT_AR_DETERMINISTIC false
| #define YYTEXT_POINTER 1
| #define HAVE_VISIBILITY 1
| #define HAVE_GCC_STRUCT 1
| #define HAVE_STDATOMIC_H 1
| #define CHECK_UNDEFINED 0
| #define USE_ZLIB 1
| #define HAVE_DECL_MEMRCHR 1
| #define HAVE_DECL_RAWMEMCHR 1
| #define HAVE_DECL_POWEROF2 1
| #define HAVE_DECL_MEMPCPY 1
| #define HAVE_DECL_REALLOCARRAY 1
| #define HAVE_PROCESS_VM_READV 1
| #define HAVE_MREMAP 1
| #define HAVE_STDIO_H 1
| #define HAVE_STDLIB_H 1
| #define HAVE_STRING_H 1
| #define HAVE_INTTYPES_H 1
| #define HAVE_STDINT_H 1
| #define HAVE_STRINGS_H 1
| #define HAVE_SYS_STAT_H 1
| #define HAVE_SYS_TYPES_H 1
| #define HAVE_UNISTD_H 1
| #define STDC_HEADERS 1
| #define HAVE_ERROR_H 1
| #define HAVE_ERR_H 1
| #define HAVE_SCHED_H 1
| #define HAVE_SCHED_GETAFFINITY 1
| #define HAVE_SYS_RESOURCE_H 1
| #define HAVE_GETRLIMIT 1
| #define HAVE_DECL_STRERROR_R 1
| #define HAVE_STRERROR_R 1
| #define STRERROR_R_CHAR_P 1
| #define USE_DEMANGLE 1
| #define HAVE_FALLTHROUGH 1
| /* end confdefs.h.  */
| #include <CoreFoundation/CFLocale.h>
| int
| main (void)
| {
| CFLocaleCopyPreferredLanguages();
|   ;
|   return 0;
| }
configure:11381: result: no
configure:12370: checking whether to use NLS
configure:12372: result: no
configure:12490: checking size of long
configure:12496: gcc -o conftest -D_FORTIFY_SOURCE=3 -O2 -I/home/notlean/openwrt-uboost/staging_dir/host/include  -I/home/notlean/openwrt-uboost/staging_dir/host/include  -L/home/notlean/openwrt-uboost/staging_dir/host/lib  conftest.c  >&5
configure:12496: $? = 0
configure:12496: ./conftest
configure:12496: $? = 0
configure:12511: result: 8
configure:12523: checking for struct user_regs_struct
configure:12523: gcc -c -D_FORTIFY_SOURCE=3 -O2 -I/home/notlean/openwrt-uboost/staging_dir/host/include  -I/home/notlean/openwrt-uboost/staging_dir/host/include  conftest.c >&5
configure:12523: $? = 0
configure:12523: gcc -c -D_FORTIFY_SOURCE=3 -O2 -I/home/notlean/openwrt-uboost/staging_dir/host/include  -I/home/notlean/openwrt-uboost/staging_dir/host/include  conftest.c >&5
conftest.c: In function 'main':
conftest.c:54:38: error: expected expression before ')' token
   54 | if (sizeof ((struct user_regs_struct)))
      |                                      ^
configure:12523: $? = 1
configure: failed program was:
| /* confdefs.h */
| #define PACKAGE_NAME "elfutils"
| #define PACKAGE_TARNAME "elfutils"
| #define PACKAGE_VERSION "0.189"
| #define PACKAGE_STRING "elfutils 0.189"
| #define PACKAGE_BUGREPORT "https://sourceware.org/bugzilla"
| #define PACKAGE_URL "http://elfutils.org/"
| #define PACKAGE "elfutils"
| #define VERSION "0.189"
| #define DEFAULT_AR_DETERMINISTIC false
| #define YYTEXT_POINTER 1
| #define HAVE_VISIBILITY 1
| #define HAVE_GCC_STRUCT 1
| #define HAVE_STDATOMIC_H 1
| #define CHECK_UNDEFINED 0
| #define USE_ZLIB 1
| #define HAVE_DECL_MEMRCHR 1
| #define HAVE_DECL_RAWMEMCHR 1
| #define HAVE_DECL_POWEROF2 1
| #define HAVE_DECL_MEMPCPY 1
| #define HAVE_DECL_REALLOCARRAY 1
| #define HAVE_PROCESS_VM_READV 1
| #define HAVE_MREMAP 1
| #define HAVE_STDIO_H 1
| #define HAVE_STDLIB_H 1
| #define HAVE_STRING_H 1
| #define HAVE_INTTYPES_H 1
| #define HAVE_STDINT_H 1
| #define HAVE_STRINGS_H 1
| #define HAVE_SYS_STAT_H 1
| #define HAVE_SYS_TYPES_H 1
| #define HAVE_UNISTD_H 1
| #define STDC_HEADERS 1
| #define HAVE_ERROR_H 1
| #define HAVE_ERR_H 1
| #define HAVE_SCHED_H 1
| #define HAVE_SCHED_GETAFFINITY 1
| #define HAVE_SYS_RESOURCE_H 1
| #define HAVE_GETRLIMIT 1
| #define HAVE_DECL_STRERROR_R 1
| #define HAVE_STRERROR_R 1
| #define STRERROR_R_CHAR_P 1
| #define USE_DEMANGLE 1
| #define HAVE_FALLTHROUGH 1
| #define SIZEOF_LONG 8
| /* end confdefs.h.  */
| #include <sys/ptrace.h>
|                #include <sys/time.h>
|                #include <sys/user.h>
| 
| int
| main (void)
| {
| if (sizeof ((struct user_regs_struct)))
| 	    return 0;
|   ;
|   return 0;
| }
configure:12523: result: yes
configure:12541: checking gcc option for 32-bit word size
configure:12555: gcc -m32 -c -D_FORTIFY_SOURCE=3 -O2 -I/home/notlean/openwrt-uboost/staging_dir/host/include  -I/home/notlean/openwrt-uboost/staging_dir/host/include  conftest.c >&5
configure:12555: $? = 0
configure:12564: result: -m32
configure:12569: checking for 64-bit host
configure:12592: result: yes
configure:12624: checking whether gcc -m32 makes executables we can run
configure:12647: gcc -m32 -o conftest -D_FORTIFY_SOURCE=3 -O2 -I/home/notlean/openwrt-uboost/staging_dir/host/include  -I/home/notlean/openwrt-uboost/staging_dir/host/include  -L/home/notlean/openwrt-uboost/staging_dir/host/lib  conftest.c  >&5
configure:12647: $? = 0
configure:12647: ./conftest
configure:12647: $? = 0
configure:12659: result: yes
configure:12831: checking for bunzip2
configure:12852: found /usr/bin/bunzip2
configure:12864: result: yes
configure:12880: checking for zstd
configure:12901: found /usr/bin/zstd
configure:12913: result: yes
configure:12953: checking whether g++ supports C++11 features with -std=c++11
configure:13256: g++ -std=c++11 -c -D_FORTIFY_SOURCE=3  -I/home/notlean/openwrt-uboost/staging_dir/host/include  conftest.cpp >&5
configure:13256: $? = 0
configure:13266: result: yes
configure:13545: checking for pthread_setname_np in -lpthread
configure:13568: gcc -o conftest -D_FORTIFY_SOURCE=3 -O2 -I/home/notlean/openwrt-uboost/staging_dir/host/include  -I/home/notlean/openwrt-uboost/staging_dir/host/include  -L/home/notlean/openwrt-uboost/staging_dir/host/lib  conftest.c -lpthread   >&5
configure:13568: $? = 0
configure:13578: result: yes
configure:14200: checking that generated files are newer than configure
configure:14206: result: done
configure:14381: creating ./config.status

## ---------------------- ##
## Running config.status. ##
## ---------------------- ##

This file was extended by elfutils config.status 0.189, which was
generated by GNU Autoconf 2.71.  Invocation command line was

  CONFIG_FILES    = 
  CONFIG_HEADERS  = 
  CONFIG_LINKS    = 
  CONFIG_COMMANDS = 
  $ ./config.status 

on Notlean

config.status:1066: creating config/Makefile
config.status:1066: creating Makefile
config.status:1066: creating elfutils.spec
config.status:1066: creating debuginfod/Makefile
config.status:1066: creating debuginfod/debuginfod.h
config.status:1066: creating doc/Makefile
config.status:1066: creating lib/Makefile
config.status:1066: creating libelf/Makefile
config.status:1066: creating libebl/Makefile
config.status:1066: creating libdwelf/Makefile
config.status:1066: creating libdw/Makefile
config.status:1066: creating libdwfl/Makefile
config.status:1066: creating libcpu/Makefile
config.status:1066: creating libasm/Makefile
config.status:1066: creating backends/Makefile
config.status:1066: creating src/Makefile
config.status:1066: creating po/Makefile.in
config.status:1066: creating tests/Makefile
config.status:1066: creating config/libelf.pc
config.status:1066: creating config/libdw.pc
config.status:1066: creating config/libdebuginfod.pc
config.status:1066: creating version.h
config.status:1066: creating config/profile.sh
config.status:1066: creating config/profile.csh
config.status:1066: creating config.h
config.status:1295: executing depfiles commands
config.status:1295: executing po-directories commands
configure:15835: WARNING: unrecognized options: --disable-shared
configure:15840:
=====================================================================
        elfutils: 0.189 (eu_version: 189)
=====================================================================

    Prefix                             : /home/notlean/openwrt-uboost/staging_dir/host
    Program prefix ("eu-" recommended) : NONE
    Source code location               : .
    Maintainer mode                    : 
    build arch                         : x86_64-pc-linux-gnu

    CFLAGS=-D_FORTIFY_SOURCE=3 -O2 -I/home/notlean/openwrt-uboost/staging_dir/host/include 
    CXXFLAGS=-D_FORTIFY_SOURCE=3 

  RECOMMENDED FEATURES (should all be yes)
    gzip support                       : yes
    bzip2 support                      : no
    lzma/xz support                    : no
    zstd support                       : no
    zstd compression support           : no
    libstdc++ demangle support         : yes
    File textrel check                 : yes
    Symbol versioning                  : yes

  NOT RECOMMENDED FEATURES (should all be no)
    Experimental thread safety         : no
    install elf.h                      : no

  OTHER FEATURES
    Deterministic archives by default  : false
    Native language support            : no
    Extra Valgrind annotations         : no
    libdebuginfod client support       : no
    Debuginfod server support          : no
    Default DEBUGINFOD_URLS            : 

  EXTRA TEST FEATURES (used with make check)
    have bunzip2 installed (required)  : yes
    have zstd installed                : yes
    C++11                              : yes
    debug branch prediction            : no
    gprof support                      : no
    gcov support                       : no
    run all tests under valgrind       : no
    gcc undefined behaviour sanitizer  : no
    gcc address sanitizer              : no
    clang memory sanitizer             : no
    use rpath in tests                 : no
    test biarch                        : yes


## ---------------- ##
## Cache variables. ##
## ---------------- ##

ac_cv_bad_fts=no
ac_cv_build=x86_64-pc-linux-gnu
ac_cv_buildid=yes
ac_cv_c_compiler_gnu=yes
ac_cv_c_undeclared_builtin_options='none needed'
ac_cv_cxx_compiler_gnu=yes
ac_cv_duplicated_cond=yes
ac_cv_env_CCC_set=
ac_cv_env_CCC_value=
ac_cv_env_CC_set=set
ac_cv_env_CC_value=gcc
ac_cv_env_CFLAGS_set=set
ac_cv_env_CFLAGS_value='-O2 -I/home/notlean/openwrt-uboost/staging_dir/host/include '
ac_cv_env_CPPFLAGS_set=set
ac_cv_env_CPPFLAGS_value='-I/home/notlean/openwrt-uboost/staging_dir/host/include '
ac_cv_env_CPP_set=
ac_cv_env_CPP_value=
ac_cv_env_CXXFLAGS_set=set
ac_cv_env_CXXFLAGS_value=
ac_cv_env_CXX_set=set
ac_cv_env_CXX_value=g++
ac_cv_env_LDFLAGS_set=set
ac_cv_env_LDFLAGS_value='-L/home/notlean/openwrt-uboost/staging_dir/host/lib '
ac_cv_env_LIBS_set=
ac_cv_env_LIBS_value=
ac_cv_env_PKG_CONFIG_LIBDIR_set=set
ac_cv_env_PKG_CONFIG_LIBDIR_value=/home/notlean/openwrt-uboost/staging_dir/host/lib/pkgconfig
ac_cv_env_PKG_CONFIG_PATH_set=set
ac_cv_env_PKG_CONFIG_PATH_value=/home/notlean/openwrt-uboost/staging_dir/host/lib/pkgconfig:/home/notlean/openwrt-uboost/staging_dir/host/lib/pkgconfig
ac_cv_env_PKG_CONFIG_set=set
ac_cv_env_PKG_CONFIG_value=/home/notlean/openwrt-uboost/staging_dir/host/bin/pkg-config
ac_cv_env_YACC_set=
ac_cv_env_YACC_value=
ac_cv_env_YFLAGS_set=
ac_cv_env_YFLAGS_value=
ac_cv_env_ZSTD_COMPRESS_CFLAGS_set=
ac_cv_env_ZSTD_COMPRESS_CFLAGS_value=
ac_cv_env_ZSTD_COMPRESS_LIBS_set=
ac_cv_env_ZSTD_COMPRESS_LIBS_value=
ac_cv_env_build_alias_set=set
ac_cv_env_build_alias_value=x86_64-pc-linux-gnu
ac_cv_env_host_alias_set=set
ac_cv_env_host_alias_value=x86_64-pc-linux-gnu
ac_cv_env_libarchive_CFLAGS_set=
ac_cv_env_libarchive_CFLAGS_value=
ac_cv_env_libarchive_LIBS_set=
ac_cv_env_libarchive_LIBS_value=
ac_cv_env_libcurl_CFLAGS_set=
ac_cv_env_libcurl_CFLAGS_value=
ac_cv_env_libcurl_LIBS_set=
ac_cv_env_libcurl_LIBS_value=
ac_cv_env_libmicrohttpd_CFLAGS_set=
ac_cv_env_libmicrohttpd_CFLAGS_value=
ac_cv_env_libmicrohttpd_LIBS_set=
ac_cv_env_libmicrohttpd_LIBS_value=
ac_cv_env_oldlibmicrohttpd_CFLAGS_set=
ac_cv_env_oldlibmicrohttpd_CFLAGS_value=
ac_cv_env_oldlibmicrohttpd_LIBS_set=
ac_cv_env_oldlibmicrohttpd_LIBS_value=
ac_cv_env_sqlite3_CFLAGS_set=
ac_cv_env_sqlite3_CFLAGS_value=
ac_cv_env_sqlite3_LIBS_set=
ac_cv_env_sqlite3_LIBS_value=
ac_cv_env_target_alias_set=set
ac_cv_env_target_alias_value=x86_64-pc-linux-gnu
ac_cv_fno_addrsig=no
ac_cv_fpic=yes
ac_cv_fpie=yes
ac_cv_func_getrlimit=yes
ac_cv_func_mremap=yes
ac_cv_func_process_vm_readv=yes
ac_cv_func_sched_getaffinity=yes
ac_cv_func_strerror_r_char_p=yes
ac_cv_gcc_struct=yes
ac_cv_has_stdatomic=yes
ac_cv_have_decl_mempcpy=yes
ac_cv_have_decl_memrchr=yes
ac_cv_have_decl_powerof2=yes
ac_cv_have_decl_rawmemchr=yes
ac_cv_have_decl_reallocarray=yes
ac_cv_have_decl_strerror_r=yes
ac_cv_header_err_h=yes
ac_cv_header_error_h=yes
ac_cv_header_inttypes_h=yes
ac_cv_header_sched_h=yes
ac_cv_header_stdint_h=yes
ac_cv_header_stdio_h=yes
ac_cv_header_stdlib_h=yes
ac_cv_header_string_h=yes
ac_cv_header_strings_h=yes
ac_cv_header_sys_resource_h=yes
ac_cv_header_sys_stat_h=yes
ac_cv_header_sys_types_h=yes
ac_cv_header_unistd_h=yes
ac_cv_host=x86_64-pc-linux-gnu
ac_cv_implicit_fallthrough=yes
ac_cv_implicit_fallthrough_5=yes
ac_cv_lib_lex='none needed'
ac_cv_lib_pthread_pthread_setname_np=yes
ac_cv_lib_stdcpp___cxa_demangle=yes
ac_cv_logical_op=yes
ac_cv_no_packed_not_aligned=yes
ac_cv_null_dereference=yes
ac_cv_objext=o
ac_cv_path_EGREP='/home/notlean/openwrt-uboost/staging_dir/host/bin/grep -E'
ac_cv_path_GMSGFMT=/usr/bin/msgfmt
ac_cv_path_GREP=/home/notlean/openwrt-uboost/staging_dir/host/bin/grep
ac_cv_path_MSGFMT=/usr/bin/msgfmt
ac_cv_path_MSGMERGE=/usr/bin/msgmerge
ac_cv_path_SED=/home/notlean/openwrt-uboost/staging_dir/host/bin/sed
ac_cv_path_XGETTEXT=/usr/bin/xgettext
ac_cv_path_install='/home/notlean/openwrt-uboost/staging_dir/host/bin/install -c'
ac_cv_path_mkdir=/usr/bin/mkdir
ac_cv_prog_AWK=gawk
ac_cv_prog_CC=gcc
ac_cv_prog_CPP='gcc -E'
ac_cv_prog_HAVE_BUNZIP2=yes
ac_cv_prog_HAVE_ZSTD=yes
ac_cv_prog_LEX=flex
ac_cv_prog_YACC='bison -y'
ac_cv_prog_ac_ct_AR=ar
ac_cv_prog_ac_ct_NM=nm
ac_cv_prog_ac_ct_RANLIB=ranlib
ac_cv_prog_ac_ct_READELF=readelf
ac_cv_prog_cc_c11=
ac_cv_prog_cc_g=yes
ac_cv_prog_cc_stdc=
ac_cv_prog_cxx_cxx11=
ac_cv_prog_cxx_g=yes
ac_cv_prog_cxx_stdcxx=
ac_cv_prog_lex_root=lex.yy
ac_cv_prog_lex_yytext_pointer=yes
ac_cv_prog_make_make_set=yes
ac_cv_search_BZ2_bzdopen=no
ac_cv_search__obstack_free='none required'
ac_cv_search_argp_parse='none required'
ac_cv_search_fts_close='none required'
ac_cv_search_gzdirect=-lz
ac_cv_sizeof_long=8
ac_cv_stack_usage=yes
ac_cv_symbol_versioning=yes
ac_cv_sys_file_offset_bits=no
ac_cv_sys_largefile_CC=no
ac_cv_tls=yes
ac_cv_trampolines=yes
ac_cv_type_struct_user_regs_struct=yes
ac_cv_use_after_free3=yes
ac_cv_visibility=yes
ac_cv_zdefs=yes
ac_cv_zrelro=yes
acl_cv_hardcode_direct=no
acl_cv_hardcode_libdir_flag_spec='${wl}-rpath ${wl}$libdir'
acl_cv_hardcode_libdir_separator=
acl_cv_hardcode_minus_L=no
acl_cv_libdirstems=lib,lib,lib64
acl_cv_libext=a
acl_cv_libname_spec='lib$name'
acl_cv_library_names_spec='$libname$shrext'
acl_cv_path_LD=/usr/bin/ld
acl_cv_prog_gnu_ld=yes
acl_cv_rpath=done
acl_cv_shlibext=so
acl_cv_wl=-Wl,
am_cv_CC_dependencies_compiler_type=none
am_cv_CXX_dependencies_compiler_type=none
am_cv_ar_interface=ar
am_cv_make_support_nested_variables=yes
am_cv_prog_cc_c_o=yes
ax_cv_cxx_compile_cxx11__std_cpp11=yes
gl_cv_elf=yes
gl_cv_host_cpu_c_abi_32bit=no
gt_cv_func_CFLocaleCopyPreferredLanguages=no
gt_cv_func_CFPreferencesCopyAppValue=no
utrace_cv_CC_m32=-m32
utrace_cv_cc_biarch=yes
utrace_cv_host64=yes

## ----------------- ##
## Output variables. ##
## ----------------- ##

ACLOCAL='${SHELL} '\''/home/notlean/openwrt-uboost/build_dir/host/elfutils-0.189/config/missing'\'' aclocal-1.16'
ADD_STACK_USAGE_WARNING_FALSE='#'
ADD_STACK_USAGE_WARNING_TRUE=''
AMDEPBACKSLASH=''
AMDEP_FALSE=''
AMDEP_TRUE='#'
AMTAR='$${TAR-tar}'
AM_BACKSLASH='\'
AM_DEFAULT_V='$(AM_DEFAULT_VERBOSITY)'
AM_DEFAULT_VERBOSITY='0'
AM_V='$(V)'
AR='ar'
AUTOCONF='${SHELL} '\''/home/notlean/openwrt-uboost/build_dir/host/elfutils-0.189/config/missing'\'' autoconf'
AUTOHEADER='${SHELL} '\''/home/notlean/openwrt-uboost/build_dir/host/elfutils-0.189/config/missing'\'' autoheader'
AUTOMAKE='${SHELL} '\''/home/notlean/openwrt-uboost/build_dir/host/elfutils-0.189/config/missing'\'' automake-1.16'
AWK='gawk'
BIARCH_FALSE='#'
BIARCH_TRUE=''
BUILD_STATIC_FALSE=''
BUILD_STATIC_TRUE='#'
BZ2_LIB=''
BZLIB_FALSE=''
BZLIB_TRUE='#'
CC='gcc'
CCDEPMODE='depmode=none'
CC_BIARCH='gcc -m32'
CFLAGS='-D_FORTIFY_SOURCE=3 -O2 -I/home/notlean/openwrt-uboost/staging_dir/host/include '
CPP='gcc -E'
CPPFLAGS='-I/home/notlean/openwrt-uboost/staging_dir/host/include '
CSCOPE='cscope'
CTAGS='ctags'
CXX='g++ -std=c++11'
CXXDEPMODE='depmode=none'
CXXFLAGS='-D_FORTIFY_SOURCE=3 '
CYGPATH_W='echo'
DEBUGINFOD_FALSE=''
DEBUGINFOD_TRUE='#'
DEBUGINFOD_URLS=''
DEBUGPRED='0'
DEFS='-DHAVE_CONFIG_H'
DEMANGLE_FALSE='#'
DEMANGLE_TRUE=''
DEPDIR='.deps'
DUMMY_LIBDEBUGINFOD_FALSE=''
DUMMY_LIBDEBUGINFOD_TRUE='#'
ECHO_C=''
ECHO_N='-n'
ECHO_T=''
EGREP='/home/notlean/openwrt-uboost/staging_dir/host/bin/grep -E'
ETAGS='etags'
EXEEXT=''
FATAL_TEXTREL_FALSE='#'
FATAL_TEXTREL_TRUE=''
GCOV=''
GCOV_FALSE=''
GCOV_TRUE='#'
GENHTML=''
GETTEXT_MACRO_VERSION='0.20'
GMSGFMT='/usr/bin/msgfmt'
GMSGFMT_015='/usr/bin/msgfmt'
GPROF_FALSE=''
GPROF_TRUE='#'
GREP='/home/notlean/openwrt-uboost/staging_dir/host/bin/grep'
HAVE_BISON=''
HAVE_BUNZIP2='yes'
HAVE_CXX11='yes'
HAVE_CXX11_FALSE='#'
HAVE_CXX11_TRUE=''
HAVE_DUPLICATED_COND_WARNING_FALSE='#'
HAVE_DUPLICATED_COND_WARNING_TRUE=''
HAVE_FLEX=''
HAVE_GAWK=''
HAVE_IMPLICIT_FALLTHROUGH_5_WARNING_FALSE='#'
HAVE_IMPLICIT_FALLTHROUGH_5_WARNING_TRUE=''
HAVE_IMPLICIT_FALLTHROUGH_WARNING_FALSE='#'
HAVE_IMPLICIT_FALLTHROUGH_WARNING_TRUE=''
HAVE_NO_PACKED_NOT_ALIGNED_WARNING_FALSE='#'
HAVE_NO_PACKED_NOT_ALIGNED_WARNING_TRUE=''
HAVE_NULL_DEREFERENCE_WARNING_FALSE='#'
HAVE_NULL_DEREFERENCE_WARNING_TRUE=''
HAVE_STDATOMIC_H_FALSE='#'
HAVE_STDATOMIC_H_TRUE=''
HAVE_TRAMPOLINES_WARNING_FALSE='#'
HAVE_TRAMPOLINES_WARNING_TRUE=''
HAVE_USE_AFTER_FREE3_WARNING_FALSE='#'
HAVE_USE_AFTER_FREE3_WARNING_TRUE=''
HAVE_VALGRIND=''
HAVE_ZSTD='yes'
HAVE_ZSTD_FALSE='#'
HAVE_ZSTD_TRUE=''
INSTALL_DATA='${INSTALL} -m 644'
INSTALL_ELFH_FALSE=''
INSTALL_ELFH_TRUE='#'
INSTALL_PROGRAM='${INSTALL}'
INSTALL_SCRIPT='${INSTALL}'
INSTALL_STRIP_PROGRAM='$(install_sh) -c -s'
INTLLIBS=''
INTL_MACOSX_LIBS=''
LCOV=''
LDFLAGS='-L/home/notlean/openwrt-uboost/staging_dir/host/lib '
LEX='flex'
LEXLIB=''
LEX_OUTPUT_ROOT='lex.yy'
LIBDEBUGINFOD_FALSE=''
LIBDEBUGINFOD_SONAME='libdebuginfod.so.1'
LIBDEBUGINFOD_TRUE='#'
LIBICONV='-liconv'
LIBINTL=''
LIBLZMA=''
LIBOBJS=''
LIBS=''
LIBZSTD=''
LTLIBICONV='-liconv'
LTLIBINTL=''
LTLIBOBJS=''
LZMA_FALSE=''
LZMA_TRUE='#'
MAINT='#'
MAINTAINER_MODE_FALSE=''
MAINTAINER_MODE_TRUE='#'
MAKEINFO='${SHELL} '\''/home/notlean/openwrt-uboost/build_dir/host/elfutils-0.189/config/missing'\'' makeinfo'
MKDIR_P='/usr/bin/mkdir -p'
MSGFMT='/usr/bin/msgfmt'
MSGMERGE='/usr/bin/msgmerge'
MSGMERGE_FOR_MSGFMT_OPTION='--for-msgfmt'
NM='nm'
NO_UNDEFINED='-Wl,--no-undefined'
OBJEXT='o'
OLD_LIBMICROHTTPD_FALSE=''
OLD_LIBMICROHTTPD_TRUE='#'
PACKAGE='elfutils'
PACKAGE_BUGREPORT='https://sourceware.org/bugzilla'
PACKAGE_NAME='elfutils'
PACKAGE_STRING='elfutils 0.189'
PACKAGE_TARNAME='elfutils'
PACKAGE_URL='http://elfutils.org/'
PACKAGE_VERSION='0.189'
PATH_SEPARATOR=':'
PKG_CONFIG='/home/notlean/openwrt-uboost/staging_dir/host/bin/pkg-config'
PKG_CONFIG_LIBDIR='/home/notlean/openwrt-uboost/staging_dir/host/lib/pkgconfig'
PKG_CONFIG_PATH='/home/notlean/openwrt-uboost/staging_dir/host/lib/pkgconfig:/home/notlean/openwrt-uboost/staging_dir/host/lib/pkgconfig'
POSUB=''
RANLIB='ranlib'
READELF='readelf'
SANE_LOGICAL_OP_WARNING_FALSE='#'
SANE_LOGICAL_OP_WARNING_TRUE=''
SED='/home/notlean/openwrt-uboost/staging_dir/host/bin/sed'
SET_MAKE=''
SHELL='/usr/bin/env bash'
STRIP=''
SYMBOL_VERSIONING_FALSE='#'
SYMBOL_VERSIONING_TRUE=''
TESTS_RPATH_FALSE=''
TESTS_RPATH_TRUE='#'
USE_ADDRESS_SANITIZER_FALSE=''
USE_ADDRESS_SANITIZER_TRUE='#'
USE_LOCKS_FALSE=''
USE_LOCKS_TRUE='#'
USE_MEMORY_SANITIZER_FALSE=''
USE_MEMORY_SANITIZER_TRUE='#'
USE_NLS='no'
USE_VALGRIND_FALSE=''
USE_VALGRIND_TRUE='#'
USE_VG_ANNOTATIONS_FALSE=''
USE_VG_ANNOTATIONS_TRUE='#'
USE_ZSTD_COMPRESS_FALSE=''
USE_ZSTD_COMPRESS_TRUE='#'
VERSION='0.189'
XGETTEXT='/usr/bin/xgettext'
XGETTEXT_015='/usr/bin/xgettext'
XGETTEXT_EXTRA_OPTIONS=''
YACC='bison -y'
YFLAGS=''
ZLIB_FALSE='#'
ZLIB_TRUE=''
ZSTD_COMPRESS_CFLAGS=''
ZSTD_COMPRESS_LIBS=''
ZSTD_FALSE=''
ZSTD_TRUE='#'
ac_ct_AR='ar'
ac_ct_CC=''
ac_ct_CXX=''
am__EXEEXT_FALSE=''
am__EXEEXT_TRUE='#'
am__fastdepCC_FALSE=''
am__fastdepCC_TRUE='#'
am__fastdepCXX_FALSE=''
am__fastdepCXX_TRUE='#'
am__include='include'
am__isrc=''
am__leading_dot='.'
am__nodep=''
am__quote=''
am__tar='$${TAR-tar} chof - "$$tardir"'
am__untar='$${TAR-tar} xf -'
argp_LDADD=''
bindir='${exec_prefix}/bin'
build='x86_64-pc-linux-gnu'
build_alias='x86_64-pc-linux-gnu'
build_cpu='x86_64'
build_os='linux-gnu'
build_vendor='pc'
datadir='${datarootdir}'
datarootdir='${prefix}/share'
docdir='${datarootdir}/doc/${PACKAGE_TARNAME}'
dso_LDFLAGS='-shared -Wl,-z,defs -Wl,-z,relro'
dvidir='${docdir}'
eu_version='189'
exec_prefix='/home/notlean/openwrt-uboost/staging_dir/host'
fpic_CFLAGS='-fPIC'
fpie_CFLAGS='-fPIE'
fts_LIBS=''
host='x86_64-pc-linux-gnu'
host_alias='x86_64-pc-linux-gnu'
host_cpu='x86_64'
host_os='linux-gnu'
host_vendor='pc'
htmldir='${docdir}'
includedir='${prefix}/include'
infodir='${datarootdir}/info'
install_sh='${SHELL} /home/notlean/openwrt-uboost/build_dir/host/elfutils-0.189/config/install-sh'
libarchive_CFLAGS=''
libarchive_LIBS=''
libcurl_CFLAGS=''
libcurl_LIBS=''
libdir='${exec_prefix}/lib'
libexecdir='${exec_prefix}/libexec'
libmicrohttpd_CFLAGS=''
libmicrohttpd_LIBS=''
localedir='${datarootdir}/locale'
localstatedir='/home/notlean/openwrt-uboost/staging_dir/host/var'
mandir='${datarootdir}/man'
mkdir_p='$(MKDIR_P)'
obstack_LIBS=''
oldincludedir='/usr/include'
oldlibmicrohttpd_CFLAGS=''
oldlibmicrohttpd_LIBS=''
pdfdir='${docdir}'
prefix='/home/notlean/openwrt-uboost/staging_dir/host'
program_transform_name='s&$$&&'
psdir='${docdir}'
runstatedir='${localstatedir}/run'
sbindir='/home/notlean/openwrt-uboost/staging_dir/host/bin'
sharedstatedir='${prefix}/com'
sqlite3_CFLAGS=''
sqlite3_LIBS=''
sysconfdir='/home/notlean/openwrt-uboost/staging_dir/host/etc'
target_alias='x86_64-pc-linux-gnu'
zip_LIBS=''
zstd_LIBS=''

## ----------- ##
## confdefs.h. ##
## ----------- ##

/* confdefs.h */
#define PACKAGE_NAME "elfutils"
#define PACKAGE_TARNAME "elfutils"
#define PACKAGE_VERSION "0.189"
#define PACKAGE_STRING "elfutils 0.189"
#define PACKAGE_BUGREPORT "https://sourceware.org/bugzilla"
#define PACKAGE_URL "http://elfutils.org/"
#define PACKAGE "elfutils"
#define VERSION "0.189"
#define DEFAULT_AR_DETERMINISTIC false
#define YYTEXT_POINTER 1
#define HAVE_VISIBILITY 1
#define HAVE_GCC_STRUCT 1
#define HAVE_STDATOMIC_H 1
#define CHECK_UNDEFINED 0
#define USE_ZLIB 1
#define HAVE_DECL_MEMRCHR 1
#define HAVE_DECL_RAWMEMCHR 1
#define HAVE_DECL_POWEROF2 1
#define HAVE_DECL_MEMPCPY 1
#define HAVE_DECL_REALLOCARRAY 1
#define HAVE_PROCESS_VM_READV 1
#define HAVE_MREMAP 1
#define HAVE_STDIO_H 1
#define HAVE_STDLIB_H 1
#define HAVE_STRING_H 1
#define HAVE_INTTYPES_H 1
#define HAVE_STDINT_H 1
#define HAVE_STRINGS_H 1
#define HAVE_SYS_STAT_H 1
#define HAVE_SYS_TYPES_H 1
#define HAVE_UNISTD_H 1
#define STDC_HEADERS 1
#define HAVE_ERROR_H 1
#define HAVE_ERR_H 1
#define HAVE_SCHED_H 1
#define HAVE_SCHED_GETAFFINITY 1
#define HAVE_SYS_RESOURCE_H 1
#define HAVE_GETRLIMIT 1
#define HAVE_DECL_STRERROR_R 1
#define HAVE_STRERROR_R 1
#define STRERROR_R_CHAR_P 1
#define USE_DEMANGLE 1
#define HAVE_FALLTHROUGH 1
#define SIZEOF_LONG 8
#define HAVE_SYS_USER_REGS 1
#define HAVE_CXX11 1
#define HAVE_PTHREAD_SETNAME_NP 1

configure: exit 0
