This file contains any messages produced by compilers while
running configure, to aid debugging if configure makes a mistake.

It was created by mpc configure 1.3.1, which was
generated by GNU Autoconf 2.69.  Invocation command line was

  $ ./configure --target=x86_64-pc-linux-gnu --host=x86_64-pc-linux-gnu --build=x86_64-pc-linux-gnu --disable-dependency-tracking --program-prefix= --program-suffix= --prefix=/home/notlean/openwrt-uboost/staging_dir/host --exec-prefix=/home/notlean/openwrt-uboost/staging_dir/host --sysconfdir=/home/notlean/openwrt-uboost/staging_dir/host/etc --localstatedir=/home/notlean/openwrt-uboost/staging_dir/host/var --sbindir=/home/notlean/openwrt-uboost/staging_dir/host/bin --enable-static --disable-shared --with-mpfr=/home/notlean/openwrt-uboost/staging_dir/host --with-gmp=/home/notlean/openwrt-uboost/staging_dir/host

## --------- ##
## Platform. ##
## --------- ##

hostname = Notlean
uname -m = x86_64
uname -r = 6.14.0-33-generic
uname -s = Linux
uname -v = #33~24.04.1-Ubuntu SMP PREEMPT_DYNAMIC Fri Sep 19 17:02:30 UTC 2

/usr/bin/uname -p = x86_64
/bin/uname -X     = unknown

/bin/arch              = x86_64
/usr/bin/arch -k       = unknown
/usr/convex/getsysinfo = unknown
/usr/bin/hostinfo      = unknown
/bin/machine           = unknown
/usr/bin/oslevel       = unknown
/bin/universe          = unknown

PATH: /home/notlean/openwrt-uboost/staging_dir/toolchain-mipsel_24kc_gcc-12.3.0_musl/bin
PATH: /home/notlean/openwrt-uboost/staging_dir/toolchain-mipsel_24kc_gcc-12.3.0_musl/bin
PATH: /home/notlean/openwrt-uboost/staging_dir/host/bin
PATH: /home/notlean/openwrt-uboost/staging_dir/toolchain-mipsel_24kc_gcc-12.3.0_musl/bin
PATH: /home/notlean/openwrt-uboost/staging_dir/host/bin
PATH: /home/notlean/openwrt-uboost/staging_dir/host/bin
PATH: /usr/local/sbin
PATH: /usr/local/bin
PATH: /usr/sbin
PATH: /usr/bin
PATH: /sbin
PATH: /bin
PATH: /usr/games
PATH: /usr/local/games
PATH: /snap/bin
PATH: /snap/bin


## ----------- ##
## Core tests. ##
## ----------- ##

configure:2352: checking for a BSD-compatible install
configure:2420: result: /home/notlean/openwrt-uboost/staging_dir/host/bin/install -c
configure:2431: checking whether build environment is sane
configure:2486: result: yes
configure:2632: checking for a thread-safe mkdir -p
configure:2671: result: /usr/bin/mkdir -p
configure:2678: checking for gawk
configure:2694: found /usr/bin/gawk
configure:2705: result: gawk
configure:2716: checking whether make sets $(MAKE)
configure:2738: result: yes
configure:2767: checking whether make supports nested variables
configure:2784: result: yes
configure:2925: checking whether to enable maintainer-specific portions of Makefiles
configure:2934: result: no
configure:2955: checking build system type
configure:2969: result: x86_64-pc-linux-gnu
configure:2989: checking host system type
configure:3002: result: x86_64-pc-linux-gnu
configure:3187: checking for grep that handles long lines and -e
configure:3245: result: /home/notlean/openwrt-uboost/staging_dir/host/bin/grep
configure:3250: checking for egrep
configure:3312: result: /home/notlean/openwrt-uboost/staging_dir/host/bin/grep -E
configure:3317: checking for a sed that does not truncate output
configure:3381: result: /home/notlean/openwrt-uboost/staging_dir/host/bin/sed
configure:3443: checking for x86_64-pc-linux-gnu-gcc
configure:3470: result: gcc
configure:3739: checking for C compiler version
configure:3748: gcc --version >&5
gcc (Ubuntu 13.3.0-6ubuntu2~24.04) 13.3.0
Copyright (C) 2023 Free Software Foundation, Inc.
This is free software; see the source for copying conditions.  There is NO
warranty; not even for MERCHANTABILITY or FITNESS FOR A PARTICULAR PURPOSE.

configure:3759: $? = 0
configure:3748: gcc -v >&5
Using built-in specs.
COLLECT_GCC=gcc
COLLECT_LTO_WRAPPER=/usr/libexec/gcc/x86_64-linux-gnu/13/lto-wrapper
OFFLOAD_TARGET_NAMES=nvptx-none:amdgcn-amdhsa
OFFLOAD_TARGET_DEFAULT=1
Target: x86_64-linux-gnu
Configured with: ../src/configure -v --with-pkgversion='Ubuntu 13.3.0-6ubuntu2~24.04' --with-bugurl=file:///usr/share/doc/gcc-13/README.Bugs --enable-languages=c,ada,c++,go,d,fortran,objc,obj-c++,m2 --prefix=/usr --with-gcc-major-version-only --program-suffix=-13 --program-prefix=x86_64-linux-gnu- --enable-shared --enable-linker-build-id --libexecdir=/usr/libexec --without-included-gettext --enable-threads=posix --libdir=/usr/lib --enable-nls --enable-bootstrap --enable-clocale=gnu --enable-libstdcxx-debug --enable-libstdcxx-time=yes --with-default-libstdcxx-abi=new --enable-libstdcxx-backtrace --enable-gnu-unique-object --disable-vtable-verify --enable-plugin --enable-default-pie --with-system-zlib --enable-libphobos-checking=release --with-target-system-zlib=auto --enable-objc-gc=auto --enable-multiarch --disable-werror --enable-cet --with-arch-32=i686 --with-abi=m64 --with-multilib-list=m32,m64,mx32 --enable-multilib --with-tune=generic --enable-offload-targets=nvptx-none=/build/gcc-13-fG75Ri/gcc-13-13.3.0/debian/tmp-nvptx/usr,amdgcn-amdhsa=/build/gcc-13-fG75Ri/gcc-13-13.3.0/debian/tmp-gcn/usr --enable-offload-defaulted --without-cuda-driver --enable-checking=release --build=x86_64-linux-gnu --host=x86_64-linux-gnu --target=x86_64-linux-gnu --with-build-config=bootstrap-lto-lean --enable-link-serialization=2
Thread model: posix
Supported LTO compression algorithms: zlib zstd
gcc version 13.3.0 (Ubuntu 13.3.0-6ubuntu2~24.04) 
... rest of stderr output deleted ...
configure:3759: $? = 0
configure:3748: gcc -V >&5
gcc: error: unrecognized command-line option '-V'
gcc: fatal error: no input files
compilation terminated.
configure:3759: $? = 1
configure:3748: gcc -qversion >&5
gcc: error: unrecognized command-line option '-qversion'; did you mean '--version'?
gcc: fatal error: no input files
compilation terminated.
configure:3759: $? = 1
configure:3779: checking whether the C compiler works
configure:3801: gcc -O2 -I/home/notlean/openwrt-uboost/staging_dir/host/include  -I/home/notlean/openwrt-uboost/staging_dir/host/include -I/home/notlean/openwrt-uboost/staging_dir/host/include -I/home/notlean/openwrt-uboost/staging_dir/host/include  -L/home/notlean/openwrt-uboost/staging_dir/host/lib -L/home/notlean/openwrt-uboost/staging_dir/host/lib -L/home/notlean/openwrt-uboost/staging_dir/host/lib  conftest.c  >&5
configure:3805: $? = 0
configure:3853: result: yes
configure:3856: checking for C compiler default output file name
configure:3858: result: a.out
configure:3864: checking for suffix of executables
configure:3871: gcc -o conftest -O2 -I/home/notlean/openwrt-uboost/staging_dir/host/include  -I/home/notlean/openwrt-uboost/staging_dir/host/include -I/home/notlean/openwrt-uboost/staging_dir/host/include -I/home/notlean/openwrt-uboost/staging_dir/host/include  -L/home/notlean/openwrt-uboost/staging_dir/host/lib -L/home/notlean/openwrt-uboost/staging_dir/host/lib -L/home/notlean/openwrt-uboost/staging_dir/host/lib  conftest.c  >&5
configure:3875: $? = 0
configure:3897: result: 
configure:3919: checking whether we are cross compiling
configure:3927: gcc -o conftest -O2 -I/home/notlean/openwrt-uboost/staging_dir/host/include  -I/home/notlean/openwrt-uboost/staging_dir/host/include -I/home/notlean/openwrt-uboost/staging_dir/host/include -I/home/notlean/openwrt-uboost/staging_dir/host/include  -L/home/notlean/openwrt-uboost/staging_dir/host/lib -L/home/notlean/openwrt-uboost/staging_dir/host/lib -L/home/notlean/openwrt-uboost/staging_dir/host/lib  conftest.c  >&5
configure:3931: $? = 0
configure:3938: ./conftest
configure:3942: $? = 0
configure:3957: result: no
configure:3962: checking for suffix of object files
configure:3984: gcc -c -O2 -I/home/notlean/openwrt-uboost/staging_dir/host/include  -I/home/notlean/openwrt-uboost/staging_dir/host/include -I/home/notlean/openwrt-uboost/staging_dir/host/include -I/home/notlean/openwrt-uboost/staging_dir/host/include  conftest.c >&5
configure:3988: $? = 0
configure:4009: result: o
configure:4013: checking whether we are using the GNU C compiler
configure:4032: gcc -c -O2 -I/home/notlean/openwrt-uboost/staging_dir/host/include  -I/home/notlean/openwrt-uboost/staging_dir/host/include -I/home/notlean/openwrt-uboost/staging_dir/host/include -I/home/notlean/openwrt-uboost/staging_dir/host/include  conftest.c >&5
configure:4032: $? = 0
configure:4041: result: yes
configure:4050: checking whether gcc accepts -g
configure:4070: gcc -c -g -I/home/notlean/openwrt-uboost/staging_dir/host/include -I/home/notlean/openwrt-uboost/staging_dir/host/include -I/home/notlean/openwrt-uboost/staging_dir/host/include  conftest.c >&5
configure:4070: $? = 0
configure:4111: result: yes
configure:4128: checking for gcc option to accept ISO C89
configure:4191: gcc  -c -O2 -I/home/notlean/openwrt-uboost/staging_dir/host/include  -I/home/notlean/openwrt-uboost/staging_dir/host/include -I/home/notlean/openwrt-uboost/staging_dir/host/include -I/home/notlean/openwrt-uboost/staging_dir/host/include  conftest.c >&5
configure:4191: $? = 0
configure:4204: result: none needed
configure:4229: checking whether gcc understands -c and -o together
configure:4251: gcc -c conftest.c -o conftest2.o
configure:4254: $? = 0
configure:4251: gcc -c conftest.c -o conftest2.o
configure:4254: $? = 0
configure:4266: result: yes
configure:4286: checking whether make supports the include directive
configure:4301: make -f confmf.GNU && cat confinc.out
make[4]: Entering directory '/home/notlean/openwrt-uboost/build_dir/host/mpc-1.3.1'
make[4]: Leaving directory '/home/notlean/openwrt-uboost/build_dir/host/mpc-1.3.1'
this is the am__doit target
configure:4304: $? = 0
configure:4323: result: yes (GNU style)
configure:4348: checking dependency style of gcc
configure:4459: result: none
configure:4488: checking for x86_64-pc-linux-gnu-ar
configure:4518: result: no
configure:4488: checking for x86_64-pc-linux-gnu-lib
configure:4518: result: no
configure:4488: checking for x86_64-pc-linux-gnu-link
configure:4518: result: no
configure:4532: checking for ar
configure:4548: found /usr/bin/ar
configure:4559: result: ar
configure:4585: checking the archiver (ar) interface
configure:4601: gcc -c -O2 -I/home/notlean/openwrt-uboost/staging_dir/host/include  -I/home/notlean/openwrt-uboost/staging_dir/host/include -I/home/notlean/openwrt-uboost/staging_dir/host/include -I/home/notlean/openwrt-uboost/staging_dir/host/include  conftest.c >&5
configure:4601: $? = 0
configure:4603: ar cru libconftest.a conftest.o >&5
ar: `u' modifier ignored since `D' is the default (see `U')
configure:4606: $? = 0
configure:4634: result: ar
configure:4702: checking how to print strings
configure:4729: result: printf
configure:4750: checking for a sed that does not truncate output
configure:4814: result: /home/notlean/openwrt-uboost/staging_dir/host/bin/sed
configure:4832: checking for fgrep
configure:4894: result: /home/notlean/openwrt-uboost/staging_dir/host/bin/grep -F
configure:4929: checking for ld used by gcc
configure:4996: result: /usr/bin/ld
configure:5003: checking if the linker (/usr/bin/ld) is GNU ld
configure:5018: result: yes
configure:5030: checking for BSD- or MS-compatible name lister (nm)
configure:5084: result: /usr/bin/nm -B
configure:5214: checking the name lister (/usr/bin/nm -B) interface
configure:5221: gcc -c -O2 -I/home/notlean/openwrt-uboost/staging_dir/host/include  -I/home/notlean/openwrt-uboost/staging_dir/host/include -I/home/notlean/openwrt-uboost/staging_dir/host/include -I/home/notlean/openwrt-uboost/staging_dir/host/include  conftest.c >&5
configure:5224: /usr/bin/nm -B "conftest.o"
configure:5227: output
0000000000000000 B some_variable
configure:5234: result: BSD nm
configure:5237: checking whether ln -s works
configure:5241: result: yes
configure:5249: checking the maximum length of command line arguments
configure:5380: result: 1572864
configure:5428: checking how to convert x86_64-pc-linux-gnu file names to x86_64-pc-linux-gnu format
configure:5468: result: func_convert_file_noop
configure:5475: checking how to convert x86_64-pc-linux-gnu file names to toolchain format
configure:5495: result: func_convert_file_noop
configure:5502: checking for /usr/bin/ld option to reload object files
configure:5509: result: -r
configure:5543: checking for x86_64-pc-linux-gnu-file
configure:5573: result: no
configure:5583: checking for file
configure:5599: found /home/notlean/openwrt-uboost/staging_dir/host/bin/file
configure:5610: result: file
configure:5641: checking for x86_64-pc-linux-gnu-objdump
configure:5671: result: no
configure:5681: checking for objdump
configure:5697: found /usr/bin/objdump
configure:5708: result: objdump
configure:5737: checking how to recognize dependent libraries
configure:5937: result: pass_all
configure:5982: checking for x86_64-pc-linux-gnu-dlltool
configure:6012: result: no
configure:6022: checking for dlltool
configure:6052: result: no
configure:6079: checking how to associate runtime and link libraries
configure:6106: result: printf %s\n
configure:6122: checking for x86_64-pc-linux-gnu-ar
configure:6149: result: ar
configure:6246: checking for archiver @FILE support
configure:6263: gcc -c -O2 -I/home/notlean/openwrt-uboost/staging_dir/host/include  -I/home/notlean/openwrt-uboost/staging_dir/host/include -I/home/notlean/openwrt-uboost/staging_dir/host/include -I/home/notlean/openwrt-uboost/staging_dir/host/include  conftest.c >&5
configure:6263: $? = 0
configure:6266: ar cr libconftest.a @conftest.lst >&5
configure:6269: $? = 0
configure:6274: ar cr libconftest.a @conftest.lst >&5
ar: conftest.o: No such file or directory
configure:6277: $? = 1
configure:6289: result: @
configure:6307: checking for x86_64-pc-linux-gnu-strip
configure:6337: result: no
configure:6347: checking for strip
configure:6363: found /usr/bin/strip
configure:6374: result: strip
configure:6406: checking for x86_64-pc-linux-gnu-ranlib
configure:6436: result: no
configure:6446: checking for ranlib
configure:6462: found /usr/bin/ranlib
configure:6473: result: ranlib
configure:6575: checking command to parse /usr/bin/nm -B output from gcc object
configure:6728: gcc -c -O2 -I/home/notlean/openwrt-uboost/staging_dir/host/include  -I/home/notlean/openwrt-uboost/staging_dir/host/include -I/home/notlean/openwrt-uboost/staging_dir/host/include -I/home/notlean/openwrt-uboost/staging_dir/host/include  conftest.c >&5
configure:6731: $? = 0
configure:6735: /usr/bin/nm -B conftest.o \| /home/notlean/openwrt-uboost/staging_dir/host/bin/sed -n -e 's/^.*[ ]\([ABCDGIRSTW][ABCDGIRSTW]*\)[ ][ ]*\([_A-Za-z][_A-Za-z0-9]*\)$/\1 \2 \2/p' | /home/notlean/openwrt-uboost/staging_dir/host/bin/sed '/ __gnu_lto/d' \> conftest.nm
configure:6738: $? = 0
configure:6804: gcc -o conftest -O2 -I/home/notlean/openwrt-uboost/staging_dir/host/include  -I/home/notlean/openwrt-uboost/staging_dir/host/include -I/home/notlean/openwrt-uboost/staging_dir/host/include -I/home/notlean/openwrt-uboost/staging_dir/host/include  -L/home/notlean/openwrt-uboost/staging_dir/host/lib -L/home/notlean/openwrt-uboost/staging_dir/host/lib -L/home/notlean/openwrt-uboost/staging_dir/host/lib  conftest.c conftstm.o >&5
configure:6807: $? = 0
configure:6845: result: ok
configure:6892: checking for sysroot
configure:6922: result: no
configure:6929: checking for a working dd
configure:6967: result: /usr/bin/dd
configure:6971: checking how to truncate binary pipes
configure:6986: result: /usr/bin/dd bs=4096 count=1
configure:7122: gcc -c -O2 -I/home/notlean/openwrt-uboost/staging_dir/host/include  -I/home/notlean/openwrt-uboost/staging_dir/host/include -I/home/notlean/openwrt-uboost/staging_dir/host/include -I/home/notlean/openwrt-uboost/staging_dir/host/include  conftest.c >&5
configure:7125: $? = 0
configure:7275: checking for x86_64-pc-linux-gnu-mt
configure:7305: result: no
configure:7315: checking for mt
configure:7331: found /usr/bin/mt
configure:7342: result: mt
configure:7365: checking if mt is a manifest tool
configure:7371: mt '-?'
configure:7379: result: no
configure:8051: checking how to run the C preprocessor
configure:8082: gcc -E -I/home/notlean/openwrt-uboost/staging_dir/host/include -I/home/notlean/openwrt-uboost/staging_dir/host/include -I/home/notlean/openwrt-uboost/staging_dir/host/include  conftest.c
configure:8082: $? = 0
configure:8096: gcc -E -I/home/notlean/openwrt-uboost/staging_dir/host/include -I/home/notlean/openwrt-uboost/staging_dir/host/include -I/home/notlean/openwrt-uboost/staging_dir/host/include  conftest.c
conftest.c:11:10: fatal error: ac_nonexistent.h: No such file or directory
   11 | #include <ac_nonexistent.h>
      |          ^~~~~~~~~~~~~~~~~~
compilation terminated.
configure:8096: $? = 1
configure: failed program was:
| /* confdefs.h */
| #define PACKAGE_NAME "mpc"
| #define PACKAGE_TARNAME "mpc"
| #define PACKAGE_VERSION "1.3.1"
| #define PACKAGE_STRING "mpc 1.3.1"
| #define PACKAGE_BUGREPORT "mpc-discuss@inria.fr"
| #define PACKAGE_URL ""
| #define PACKAGE "mpc"
| #define VERSION "1.3.1"
| /* end confdefs.h.  */
| #include <ac_nonexistent.h>
configure:8121: result: gcc -E
configure:8141: gcc -E -I/home/notlean/openwrt-uboost/staging_dir/host/include -I/home/notlean/openwrt-uboost/staging_dir/host/include -I/home/notlean/openwrt-uboost/staging_dir/host/include  conftest.c
configure:8141: $? = 0
configure:8155: gcc -E -I/home/notlean/openwrt-uboost/staging_dir/host/include -I/home/notlean/openwrt-uboost/staging_dir/host/include -I/home/notlean/openwrt-uboost/staging_dir/host/include  conftest.c
conftest.c:11:10: fatal error: ac_nonexistent.h: No such file or directory
   11 | #include <ac_nonexistent.h>
      |          ^~~~~~~~~~~~~~~~~~
compilation terminated.
configure:8155: $? = 1
configure: failed program was:
| /* confdefs.h */
| #define PACKAGE_NAME "mpc"
| #define PACKAGE_TARNAME "mpc"
| #define PACKAGE_VERSION "1.3.1"
| #define PACKAGE_STRING "mpc 1.3.1"
| #define PACKAGE_BUGREPORT "mpc-discuss@inria.fr"
| #define PACKAGE_URL ""
| #define PACKAGE "mpc"
| #define VERSION "1.3.1"
| /* end confdefs.h.  */
| #include <ac_nonexistent.h>
configure:8184: checking for ANSI C header files
configure:8204: gcc -c -O2 -I/home/notlean/openwrt-uboost/staging_dir/host/include  -I/home/notlean/openwrt-uboost/staging_dir/host/include -I/home/notlean/openwrt-uboost/staging_dir/host/include -I/home/notlean/openwrt-uboost/staging_dir/host/include  conftest.c >&5
configure:8204: $? = 0
configure:8277: gcc -o conftest -O2 -I/home/notlean/openwrt-uboost/staging_dir/host/include  -I/home/notlean/openwrt-uboost/staging_dir/host/include -I/home/notlean/openwrt-uboost/staging_dir/host/include -I/home/notlean/openwrt-uboost/staging_dir/host/include  -L/home/notlean/openwrt-uboost/staging_dir/host/lib -L/home/notlean/openwrt-uboost/staging_dir/host/lib -L/home/notlean/openwrt-uboost/staging_dir/host/lib  conftest.c  >&5
configure:8277: $? = 0
configure:8277: ./conftest
configure:8277: $? = 0
configure:8288: result: yes
configure:8301: checking for sys/types.h
configure:8301: gcc -c -O2 -I/home/notlean/openwrt-uboost/staging_dir/host/include  -I/home/notlean/openwrt-uboost/staging_dir/host/include -I/home/notlean/openwrt-uboost/staging_dir/host/include -I/home/notlean/openwrt-uboost/staging_dir/host/include  conftest.c >&5
configure:8301: $? = 0
configure:8301: result: yes
configure:8301: checking for sys/stat.h
configure:8301: gcc -c -O2 -I/home/notlean/openwrt-uboost/staging_dir/host/include  -I/home/notlean/openwrt-uboost/staging_dir/host/include -I/home/notlean/openwrt-uboost/staging_dir/host/include -I/home/notlean/openwrt-uboost/staging_dir/host/include  conftest.c >&5
configure:8301: $? = 0
configure:8301: result: yes
configure:8301: checking for stdlib.h
configure:8301: gcc -c -O2 -I/home/notlean/openwrt-uboost/staging_dir/host/include  -I/home/notlean/openwrt-uboost/staging_dir/host/include -I/home/notlean/openwrt-uboost/staging_dir/host/include -I/home/notlean/openwrt-uboost/staging_dir/host/include  conftest.c >&5
configure:8301: $? = 0
configure:8301: result: yes
configure:8301: checking for string.h
configure:8301: gcc -c -O2 -I/home/notlean/openwrt-uboost/staging_dir/host/include  -I/home/notlean/openwrt-uboost/staging_dir/host/include -I/home/notlean/openwrt-uboost/staging_dir/host/include -I/home/notlean/openwrt-uboost/staging_dir/host/include  conftest.c >&5
configure:8301: $? = 0
configure:8301: result: yes
configure:8301: checking for memory.h
configure:8301: gcc -c -O2 -I/home/notlean/openwrt-uboost/staging_dir/host/include  -I/home/notlean/openwrt-uboost/staging_dir/host/include -I/home/notlean/openwrt-uboost/staging_dir/host/include -I/home/notlean/openwrt-uboost/staging_dir/host/include  conftest.c >&5
configure:8301: $? = 0
configure:8301: result: yes
configure:8301: checking for strings.h
configure:8301: gcc -c -O2 -I/home/notlean/openwrt-uboost/staging_dir/host/include  -I/home/notlean/openwrt-uboost/staging_dir/host/include -I/home/notlean/openwrt-uboost/staging_dir/host/include -I/home/notlean/openwrt-uboost/staging_dir/host/include  conftest.c >&5
configure:8301: $? = 0
configure:8301: result: yes
configure:8301: checking for inttypes.h
configure:8301: gcc -c -O2 -I/home/notlean/openwrt-uboost/staging_dir/host/include  -I/home/notlean/openwrt-uboost/staging_dir/host/include -I/home/notlean/openwrt-uboost/staging_dir/host/include -I/home/notlean/openwrt-uboost/staging_dir/host/include  conftest.c >&5
configure:8301: $? = 0
configure:8301: result: yes
configure:8301: checking for stdint.h
configure:8301: gcc -c -O2 -I/home/notlean/openwrt-uboost/staging_dir/host/include  -I/home/notlean/openwrt-uboost/staging_dir/host/include -I/home/notlean/openwrt-uboost/staging_dir/host/include -I/home/notlean/openwrt-uboost/staging_dir/host/include  conftest.c >&5
configure:8301: $? = 0
configure:8301: result: yes
configure:8301: checking for unistd.h
configure:8301: gcc -c -O2 -I/home/notlean/openwrt-uboost/staging_dir/host/include  -I/home/notlean/openwrt-uboost/staging_dir/host/include -I/home/notlean/openwrt-uboost/staging_dir/host/include -I/home/notlean/openwrt-uboost/staging_dir/host/include  conftest.c >&5
configure:8301: $? = 0
configure:8301: result: yes
configure:8315: checking for dlfcn.h
configure:8315: gcc -c -O2 -I/home/notlean/openwrt-uboost/staging_dir/host/include  -I/home/notlean/openwrt-uboost/staging_dir/host/include -I/home/notlean/openwrt-uboost/staging_dir/host/include -I/home/notlean/openwrt-uboost/staging_dir/host/include  conftest.c >&5
configure:8315: $? = 0
configure:8315: result: yes
configure:8869: checking for objdir
configure:8884: result: .libs
configure:9148: checking if gcc supports -fno-rtti -fno-exceptions
configure:9166: gcc -c -O2 -I/home/notlean/openwrt-uboost/staging_dir/host/include  -I/home/notlean/openwrt-uboost/staging_dir/host/include -I/home/notlean/openwrt-uboost/staging_dir/host/include -I/home/notlean/openwrt-uboost/staging_dir/host/include  -fno-rtti -fno-exceptions conftest.c >&5
cc1: warning: command-line option '-fno-rtti' is valid for C++/D/ObjC++ but not for C
configure:9170: $? = 0
configure:9183: result: no
configure:9541: checking for gcc option to produce PIC
configure:9548: result: -fPIC -DPIC
configure:9556: checking if gcc PIC flag -fPIC -DPIC works
configure:9574: gcc -c -O2 -I/home/notlean/openwrt-uboost/staging_dir/host/include  -I/home/notlean/openwrt-uboost/staging_dir/host/include -I/home/notlean/openwrt-uboost/staging_dir/host/include -I/home/notlean/openwrt-uboost/staging_dir/host/include  -fPIC -DPIC -DPIC conftest.c >&5
configure:9578: $? = 0
configure:9591: result: yes
configure:9620: checking if gcc static flag -static works
configure:9648: result: yes
configure:9663: checking if gcc supports -c -o file.o
configure:9684: gcc -c -O2 -I/home/notlean/openwrt-uboost/staging_dir/host/include  -I/home/notlean/openwrt-uboost/staging_dir/host/include -I/home/notlean/openwrt-uboost/staging_dir/host/include -I/home/notlean/openwrt-uboost/staging_dir/host/include  -o out/conftest2.o conftest.c >&5
configure:9688: $? = 0
configure:9710: result: yes
configure:9718: checking if gcc supports -c -o file.o
configure:9765: result: yes
configure:9798: checking whether the gcc linker (/usr/bin/ld -m elf_x86_64) supports shared libraries
configure:11059: result: yes
configure:11299: checking dynamic linker characteristics
configure:11880: gcc -o conftest -O2 -I/home/notlean/openwrt-uboost/staging_dir/host/include  -I/home/notlean/openwrt-uboost/staging_dir/host/include -I/home/notlean/openwrt-uboost/staging_dir/host/include -I/home/notlean/openwrt-uboost/staging_dir/host/include  -L/home/notlean/openwrt-uboost/staging_dir/host/lib -L/home/notlean/openwrt-uboost/staging_dir/host/lib -L/home/notlean/openwrt-uboost/staging_dir/host/lib  -Wl,-rpath -Wl,/foo conftest.c  >&5
configure:11880: $? = 0
configure:12117: result: GNU/Linux ld.so
configure:12239: checking how to hardcode library paths into programs
configure:12264: result: immediate
configure:12812: checking whether stripping libraries is possible
configure:12821: result: yes
configure:12863: checking if libtool supports shared libraries
configure:12865: result: yes
configure:12868: checking whether to build shared libraries
configure:12893: result: no
configure:12896: checking whether to build static libraries
configure:12900: result: yes
configure:12939: checking for gmp.h
configure:12947: gcc -c -O2 -I/home/notlean/openwrt-uboost/staging_dir/host/include  -I/home/notlean/openwrt-uboost/staging_dir/host/include -I/home/notlean/openwrt-uboost/staging_dir/host/include -I/home/notlean/openwrt-uboost/staging_dir/host/include  conftest.c >&5
configure:12947: $? = 0
configure:12948: result: yes
configure:12963: checking for inttypes.h
configure:12963: result: yes
configure:12963: checking for stdint.h
configure:12963: result: yes
configure:12963: checking sys/time.h usability
configure:12963: gcc -c -O2 -I/home/notlean/openwrt-uboost/staging_dir/host/include  -I/home/notlean/openwrt-uboost/staging_dir/host/include -I/home/notlean/openwrt-uboost/staging_dir/host/include -I/home/notlean/openwrt-uboost/staging_dir/host/include  conftest.c >&5
configure:12963: $? = 0
configure:12963: result: yes
configure:12963: checking sys/time.h presence
configure:12963: gcc -E -I/home/notlean/openwrt-uboost/staging_dir/host/include -I/home/notlean/openwrt-uboost/staging_dir/host/include -I/home/notlean/openwrt-uboost/staging_dir/host/include  conftest.c
configure:12963: $? = 0
configure:12963: result: yes
configure:12963: checking for sys/time.h
configure:12963: result: yes
configure:12974: checking complex.h usability
configure:12974: gcc -c -O2 -I/home/notlean/openwrt-uboost/staging_dir/host/include  -I/home/notlean/openwrt-uboost/staging_dir/host/include -I/home/notlean/openwrt-uboost/staging_dir/host/include -I/home/notlean/openwrt-uboost/staging_dir/host/include  conftest.c >&5
configure:12974: $? = 0
configure:12974: result: yes
configure:12974: checking complex.h presence
configure:12974: gcc -E -I/home/notlean/openwrt-uboost/staging_dir/host/include -I/home/notlean/openwrt-uboost/staging_dir/host/include -I/home/notlean/openwrt-uboost/staging_dir/host/include  conftest.c
configure:12974: $? = 0
configure:12974: result: yes
configure:12974: checking for complex.h
configure:12974: result: yes
configure:12979: checking for library containing creal
configure:13010: gcc -o conftest -O2 -I/home/notlean/openwrt-uboost/staging_dir/host/include  -I/home/notlean/openwrt-uboost/staging_dir/host/include -I/home/notlean/openwrt-uboost/staging_dir/host/include -I/home/notlean/openwrt-uboost/staging_dir/host/include  -L/home/notlean/openwrt-uboost/staging_dir/host/lib -L/home/notlean/openwrt-uboost/staging_dir/host/lib -L/home/notlean/openwrt-uboost/staging_dir/host/lib  conftest.c  >&5
conftest.c:33:6: warning: conflicting types for built-in function 'creal'; expected 'double(_Complex double)' [-Wbuiltin-declaration-mismatch]
   33 | char creal ();
      |      ^~~~~
conftest.c:1:1: note: 'creal' is declared in header '<complex.h>'
    1 | /* confdefs.h */
/usr/bin/ld: /home/notlean/openwrt-uboost/tmp/ccNEkc7o.o: in function `main':
conftest.c:(.text.startup+0xb): undefined reference to `creal'
collect2: error: ld returned 1 exit status
configure:13010: $? = 1
configure: failed program was:
| /* confdefs.h */
| #define PACKAGE_NAME "mpc"
| #define PACKAGE_TARNAME "mpc"
| #define PACKAGE_VERSION "1.3.1"
| #define PACKAGE_STRING "mpc 1.3.1"
| #define PACKAGE_BUGREPORT "mpc-discuss@inria.fr"
| #define PACKAGE_URL ""
| #define PACKAGE "mpc"
| #define VERSION "1.3.1"
| #define STDC_HEADERS 1
| #define HAVE_SYS_TYPES_H 1
| #define HAVE_SYS_STAT_H 1
| #define HAVE_STDLIB_H 1
| #define HAVE_STRING_H 1
| #define HAVE_MEMORY_H 1
| #define HAVE_STRINGS_H 1
| #define HAVE_INTTYPES_H 1
| #define HAVE_STDINT_H 1
| #define HAVE_UNISTD_H 1
| #define HAVE_DLFCN_H 1
| #define LT_OBJDIR ".libs/"
| #define HAVE_INTTYPES_H 1
| #define HAVE_STDINT_H 1
| #define HAVE_SYS_TIME_H 1
| /* end confdefs.h.  */
| 
| /* Override any GCC internal prototype to avoid an error.
|    Use char because int might match the return type of a GCC
|    builtin and then its argument prototype would still apply.  */
| #ifdef __cplusplus
| extern "C"
| #endif
| char creal ();
| int
| main ()
| {
| return creal ();
|   ;
|   return 0;
| }
configure:13010: gcc -o conftest -O2 -I/home/notlean/openwrt-uboost/staging_dir/host/include  -I/home/notlean/openwrt-uboost/staging_dir/host/include -I/home/notlean/openwrt-uboost/staging_dir/host/include -I/home/notlean/openwrt-uboost/staging_dir/host/include  -L/home/notlean/openwrt-uboost/staging_dir/host/lib -L/home/notlean/openwrt-uboost/staging_dir/host/lib -L/home/notlean/openwrt-uboost/staging_dir/host/lib  conftest.c -lm   >&5
conftest.c:33:6: warning: conflicting types for built-in function 'creal'; expected 'double(_Complex double)' [-Wbuiltin-declaration-mismatch]
   33 | char creal ();
      |      ^~~~~
conftest.c:1:1: note: 'creal' is declared in header '<complex.h>'
    1 | /* confdefs.h */
configure:13010: $? = 0
configure:13027: result: -lm
configure:13036: checking whether creal, cimag and I can be used
configure:13053: gcc -o conftest -O2 -I/home/notlean/openwrt-uboost/staging_dir/host/include  -I/home/notlean/openwrt-uboost/staging_dir/host/include -I/home/notlean/openwrt-uboost/staging_dir/host/include -I/home/notlean/openwrt-uboost/staging_dir/host/include  -L/home/notlean/openwrt-uboost/staging_dir/host/lib -L/home/notlean/openwrt-uboost/staging_dir/host/lib -L/home/notlean/openwrt-uboost/staging_dir/host/lib  conftest.c -lm  >&5
configure:13053: $? = 0
configure:13055: result: yes
configure:13078: checking for an ANSI C-conforming const
configure:13144: gcc -c -O2 -I/home/notlean/openwrt-uboost/staging_dir/host/include  -I/home/notlean/openwrt-uboost/staging_dir/host/include -I/home/notlean/openwrt-uboost/staging_dir/host/include -I/home/notlean/openwrt-uboost/staging_dir/host/include  conftest.c >&5
configure:13144: $? = 0
configure:13151: result: yes
configure:13159: checking for size_t
configure:13159: gcc -c -O2 -I/home/notlean/openwrt-uboost/staging_dir/host/include  -I/home/notlean/openwrt-uboost/staging_dir/host/include -I/home/notlean/openwrt-uboost/staging_dir/host/include -I/home/notlean/openwrt-uboost/staging_dir/host/include  conftest.c >&5
configure:13159: $? = 0
configure:13159: gcc -c -O2 -I/home/notlean/openwrt-uboost/staging_dir/host/include  -I/home/notlean/openwrt-uboost/staging_dir/host/include -I/home/notlean/openwrt-uboost/staging_dir/host/include -I/home/notlean/openwrt-uboost/staging_dir/host/include  conftest.c >&5
conftest.c: In function 'main':
conftest.c:63:21: error: expected expression before ')' token
   63 | if (sizeof ((size_t)))
      |                     ^
configure:13159: $? = 1
configure: failed program was:
| /* confdefs.h */
| #define PACKAGE_NAME "mpc"
| #define PACKAGE_TARNAME "mpc"
| #define PACKAGE_VERSION "1.3.1"
| #define PACKAGE_STRING "mpc 1.3.1"
| #define PACKAGE_BUGREPORT "mpc-discuss@inria.fr"
| #define PACKAGE_URL ""
| #define PACKAGE "mpc"
| #define VERSION "1.3.1"
| #define STDC_HEADERS 1
| #define HAVE_SYS_TYPES_H 1
| #define HAVE_SYS_STAT_H 1
| #define HAVE_STDLIB_H 1
| #define HAVE_STRING_H 1
| #define HAVE_MEMORY_H 1
| #define HAVE_STRINGS_H 1
| #define HAVE_INTTYPES_H 1
| #define HAVE_STDINT_H 1
| #define HAVE_UNISTD_H 1
| #define HAVE_DLFCN_H 1
| #define LT_OBJDIR ".libs/"
| #define HAVE_INTTYPES_H 1
| #define HAVE_STDINT_H 1
| #define HAVE_SYS_TIME_H 1
| #define HAVE_COMPLEX_H 1
| /* end confdefs.h.  */
| #include <stdio.h>
| #ifdef HAVE_SYS_TYPES_H
| # include <sys/types.h>
| #endif
| #ifdef HAVE_SYS_STAT_H
| # include <sys/stat.h>
| #endif
| #ifdef STDC_HEADERS
| # include <stdlib.h>
| # include <stddef.h>
| #else
| # ifdef HAVE_STDLIB_H
| #  include <stdlib.h>
| # endif
| #endif
| #ifdef HAVE_STRING_H
| # if !defined STDC_HEADERS && defined HAVE_MEMORY_H
| #  include <memory.h>
| # endif
| # include <string.h>
| #endif
| #ifdef HAVE_STRINGS_H
| # include <strings.h>
| #endif
| #ifdef HAVE_INTTYPES_H
| # include <inttypes.h>
| #endif
| #ifdef HAVE_STDINT_H
| # include <stdint.h>
| #endif
| #ifdef HAVE_UNISTD_H
| # include <unistd.h>
| #endif
| int
| main ()
| {
| if (sizeof ((size_t)))
| 	    return 0;
|   ;
|   return 0;
| }
configure:13159: result: yes
configure:13175: checking for gettimeofday
configure:13175: gcc -o conftest -O2 -I/home/notlean/openwrt-uboost/staging_dir/host/include  -I/home/notlean/openwrt-uboost/staging_dir/host/include -I/home/notlean/openwrt-uboost/staging_dir/host/include -I/home/notlean/openwrt-uboost/staging_dir/host/include  -L/home/notlean/openwrt-uboost/staging_dir/host/lib -L/home/notlean/openwrt-uboost/staging_dir/host/lib -L/home/notlean/openwrt-uboost/staging_dir/host/lib  conftest.c -lm  >&5
configure:13175: $? = 0
configure:13175: result: yes
configure:13175: checking for localeconv
configure:13175: gcc -o conftest -O2 -I/home/notlean/openwrt-uboost/staging_dir/host/include  -I/home/notlean/openwrt-uboost/staging_dir/host/include -I/home/notlean/openwrt-uboost/staging_dir/host/include -I/home/notlean/openwrt-uboost/staging_dir/host/include  -L/home/notlean/openwrt-uboost/staging_dir/host/lib -L/home/notlean/openwrt-uboost/staging_dir/host/lib -L/home/notlean/openwrt-uboost/staging_dir/host/lib  conftest.c -lm  >&5
configure:13175: $? = 0
configure:13175: result: yes
configure:13175: checking for setlocale
configure:13175: gcc -o conftest -O2 -I/home/notlean/openwrt-uboost/staging_dir/host/include  -I/home/notlean/openwrt-uboost/staging_dir/host/include -I/home/notlean/openwrt-uboost/staging_dir/host/include -I/home/notlean/openwrt-uboost/staging_dir/host/include  -L/home/notlean/openwrt-uboost/staging_dir/host/lib -L/home/notlean/openwrt-uboost/staging_dir/host/lib -L/home/notlean/openwrt-uboost/staging_dir/host/lib  conftest.c -lm  >&5
configure:13175: $? = 0
configure:13175: result: yes
configure:13175: checking for getrusage
configure:13175: gcc -o conftest -O2 -I/home/notlean/openwrt-uboost/staging_dir/host/include  -I/home/notlean/openwrt-uboost/staging_dir/host/include -I/home/notlean/openwrt-uboost/staging_dir/host/include -I/home/notlean/openwrt-uboost/staging_dir/host/include  -L/home/notlean/openwrt-uboost/staging_dir/host/lib -L/home/notlean/openwrt-uboost/staging_dir/host/lib -L/home/notlean/openwrt-uboost/staging_dir/host/lib  conftest.c -lm  >&5
configure:13175: $? = 0
configure:13175: result: yes
configure:13187: checking for dup
configure:13187: gcc -o conftest -O2 -I/home/notlean/openwrt-uboost/staging_dir/host/include  -I/home/notlean/openwrt-uboost/staging_dir/host/include -I/home/notlean/openwrt-uboost/staging_dir/host/include -I/home/notlean/openwrt-uboost/staging_dir/host/include  -L/home/notlean/openwrt-uboost/staging_dir/host/lib -L/home/notlean/openwrt-uboost/staging_dir/host/lib -L/home/notlean/openwrt-uboost/staging_dir/host/lib  conftest.c -lm  >&5
configure:13187: $? = 0
configure:13187: result: yes
configure:13187: checking for dup2
configure:13187: gcc -o conftest -O2 -I/home/notlean/openwrt-uboost/staging_dir/host/include  -I/home/notlean/openwrt-uboost/staging_dir/host/include -I/home/notlean/openwrt-uboost/staging_dir/host/include -I/home/notlean/openwrt-uboost/staging_dir/host/include  -L/home/notlean/openwrt-uboost/staging_dir/host/lib -L/home/notlean/openwrt-uboost/staging_dir/host/lib -L/home/notlean/openwrt-uboost/staging_dir/host/lib  conftest.c -lm  >&5
configure:13187: $? = 0
configure:13187: result: yes
configure:13201: checking for fesetround in -lm
configure:13226: gcc -o conftest -O2 -I/home/notlean/openwrt-uboost/staging_dir/host/include  -I/home/notlean/openwrt-uboost/staging_dir/host/include -I/home/notlean/openwrt-uboost/staging_dir/host/include -I/home/notlean/openwrt-uboost/staging_dir/host/include  -L/home/notlean/openwrt-uboost/staging_dir/host/lib -L/home/notlean/openwrt-uboost/staging_dir/host/lib -L/home/notlean/openwrt-uboost/staging_dir/host/lib  conftest.c -lm  -lm  >&5
conftest.c:40:6: warning: conflicting types for built-in function 'fesetround'; expected 'int(int)' [-Wbuiltin-declaration-mismatch]
   40 | char fesetround ();
      |      ^~~~~~~~~~
configure:13226: $? = 0
configure:13235: result: yes
configure:13248: checking for __gmpz_init in -lgmp
configure:13273: gcc -o conftest -O2 -I/home/notlean/openwrt-uboost/staging_dir/host/include  -I/home/notlean/openwrt-uboost/staging_dir/host/include -I/home/notlean/openwrt-uboost/staging_dir/host/include -I/home/notlean/openwrt-uboost/staging_dir/host/include  -L/home/notlean/openwrt-uboost/staging_dir/host/lib -L/home/notlean/openwrt-uboost/staging_dir/host/lib -L/home/notlean/openwrt-uboost/staging_dir/host/lib  conftest.c -lgmp  -lm -lm  >&5
configure:13273: $? = 0
configure:13282: result: yes
configure:13291: checking for MPFR
configure:13306: gcc -o conftest -O2 -I/home/notlean/openwrt-uboost/staging_dir/host/include  -I/home/notlean/openwrt-uboost/staging_dir/host/include -I/home/notlean/openwrt-uboost/staging_dir/host/include -I/home/notlean/openwrt-uboost/staging_dir/host/include  -L/home/notlean/openwrt-uboost/staging_dir/host/lib -L/home/notlean/openwrt-uboost/staging_dir/host/lib -L/home/notlean/openwrt-uboost/staging_dir/host/lib  conftest.c -lmpfr -lgmp -lm -lm  >&5
configure:13306: $? = 0
configure:13307: result: yes
configure:13325: checking for recent GMP
configure:13337: gcc -c -O2 -I/home/notlean/openwrt-uboost/staging_dir/host/include  -I/home/notlean/openwrt-uboost/staging_dir/host/include -I/home/notlean/openwrt-uboost/staging_dir/host/include -I/home/notlean/openwrt-uboost/staging_dir/host/include  conftest.c >&5
configure:13337: $? = 0
configure:13338: result: yes
configure:13351: checking for recent MPFR
configure:13363: gcc -c -O2 -I/home/notlean/openwrt-uboost/staging_dir/host/include  -I/home/notlean/openwrt-uboost/staging_dir/host/include -I/home/notlean/openwrt-uboost/staging_dir/host/include -I/home/notlean/openwrt-uboost/staging_dir/host/include  conftest.c >&5
configure:13363: $? = 0
configure:13364: result: yes
configure:13588: checking if gcc accepts -dumpversion option
configure:13613: cat conftest.c 1>&5
int main()
{
	return 0;
}
configure:13616: $? = 0
configure:13620: gcc  -dumpversion -c conftest.c 1>&5
13
configure:13623: $? = 0
configure:13626: result: yes
configure:13653: checking gcc version
configure:13667: result: 13
configure:13850: checking that generated files are newer than configure
configure:13856: result: done
configure:13883: creating ./config.status

## ---------------------- ##
## Running config.status. ##
## ---------------------- ##

This file was extended by mpc config.status 1.3.1, which was
generated by GNU Autoconf 2.69.  Invocation command line was

  CONFIG_FILES    = 
  CONFIG_HEADERS  = 
  CONFIG_LINKS    = 
  CONFIG_COMMANDS = 
  $ ./config.status 

on Notlean

config.status:1123: creating Makefile
config.status:1123: creating src/Makefile
config.status:1123: creating tests/Makefile
config.status:1123: creating doc/Makefile
config.status:1123: creating tools/Makefile
config.status:1123: creating tools/bench/Makefile
config.status:1123: creating tools/mpcheck/Makefile
config.status:1123: creating config.h
config.status:1352: executing depfiles commands
config.status:1352: executing libtool commands

## ---------------- ##
## Cache variables. ##
## ---------------- ##

ac_cv_build=x86_64-pc-linux-gnu
ac_cv_c_compiler_gnu=yes
ac_cv_c_const=yes
ac_cv_env_CC_set=set
ac_cv_env_CC_value=gcc
ac_cv_env_CFLAGS_set=set
ac_cv_env_CFLAGS_value='-O2 -I/home/notlean/openwrt-uboost/staging_dir/host/include '
ac_cv_env_CPPFLAGS_set=set
ac_cv_env_CPPFLAGS_value='-I/home/notlean/openwrt-uboost/staging_dir/host/include '
ac_cv_env_CPP_set=
ac_cv_env_CPP_value=
ac_cv_env_LDFLAGS_set=set
ac_cv_env_LDFLAGS_value='-L/home/notlean/openwrt-uboost/staging_dir/host/lib '
ac_cv_env_LIBS_set=
ac_cv_env_LIBS_value=
ac_cv_env_LT_SYS_LIBRARY_PATH_set=
ac_cv_env_LT_SYS_LIBRARY_PATH_value=
ac_cv_env_build_alias_set=set
ac_cv_env_build_alias_value=x86_64-pc-linux-gnu
ac_cv_env_host_alias_set=set
ac_cv_env_host_alias_value=x86_64-pc-linux-gnu
ac_cv_env_target_alias_set=set
ac_cv_env_target_alias_value=x86_64-pc-linux-gnu
ac_cv_func_dup2=yes
ac_cv_func_dup=yes
ac_cv_func_getrusage=yes
ac_cv_func_gettimeofday=yes
ac_cv_func_localeconv=yes
ac_cv_func_setlocale=yes
ac_cv_header_complex_h=yes
ac_cv_header_dlfcn_h=yes
ac_cv_header_inttypes_h=yes
ac_cv_header_memory_h=yes
ac_cv_header_stdc=yes
ac_cv_header_stdint_h=yes
ac_cv_header_stdlib_h=yes
ac_cv_header_string_h=yes
ac_cv_header_strings_h=yes
ac_cv_header_sys_stat_h=yes
ac_cv_header_sys_time_h=yes
ac_cv_header_sys_types_h=yes
ac_cv_header_unistd_h=yes
ac_cv_host=x86_64-pc-linux-gnu
ac_cv_lib_gmp___gmpz_init=yes
ac_cv_lib_m_fesetround=yes
ac_cv_objext=o
ac_cv_path_EGREP='/home/notlean/openwrt-uboost/staging_dir/host/bin/grep -E'
ac_cv_path_FGREP='/home/notlean/openwrt-uboost/staging_dir/host/bin/grep -F'
ac_cv_path_GREP=/home/notlean/openwrt-uboost/staging_dir/host/bin/grep
ac_cv_path_SED=/home/notlean/openwrt-uboost/staging_dir/host/bin/sed
ac_cv_path_install='/home/notlean/openwrt-uboost/staging_dir/host/bin/install -c'
ac_cv_path_lt_DD=/usr/bin/dd
ac_cv_path_mkdir=/usr/bin/mkdir
ac_cv_prog_AR=ar
ac_cv_prog_AWK=gawk
ac_cv_prog_CC=gcc
ac_cv_prog_CPP='gcc -E'
ac_cv_prog_ac_ct_AR=ar
ac_cv_prog_ac_ct_FILECMD=file
ac_cv_prog_ac_ct_MANIFEST_TOOL=mt
ac_cv_prog_ac_ct_OBJDUMP=objdump
ac_cv_prog_ac_ct_RANLIB=ranlib
ac_cv_prog_ac_ct_STRIP=strip
ac_cv_prog_cc_c89=
ac_cv_prog_cc_g=yes
ac_cv_prog_make_make_set=yes
ac_cv_search_creal=-lm
ac_cv_type_size_t=yes
am_cv_CC_dependencies_compiler_type=none
am_cv_ar_interface=ar
am_cv_make_support_nested_variables=yes
am_cv_prog_cc_c_o=yes
ax_cv_gcc_version=13
lt_cv_ar_at_file=@
lt_cv_deplibs_check_method=pass_all
lt_cv_file_magic_cmd='$MAGIC_CMD'
lt_cv_file_magic_test_file=
lt_cv_ld_reload_flag=-r
lt_cv_nm_interface='BSD nm'
lt_cv_objdir=.libs
lt_cv_path_LD=/usr/bin/ld
lt_cv_path_NM='/usr/bin/nm -B'
lt_cv_path_mainfest_tool=no
lt_cv_prog_compiler_c_o=yes
lt_cv_prog_compiler_pic='-fPIC -DPIC'
lt_cv_prog_compiler_pic_works=yes
lt_cv_prog_compiler_rtti_exceptions=no
lt_cv_prog_compiler_static_works=yes
lt_cv_prog_gnu_ld=yes
lt_cv_sharedlib_from_linklib_cmd='printf %s\n'
lt_cv_shlibpath_overrides_runpath=yes
lt_cv_sys_global_symbol_pipe='/home/notlean/openwrt-uboost/staging_dir/host/bin/sed -n -e '\''s/^.*[	 ]\([ABCDGIRSTW][ABCDGIRSTW]*\)[	 ][	 ]*\([_A-Za-z][_A-Za-z0-9]*\)$/\1 \2 \2/p'\'' | /home/notlean/openwrt-uboost/staging_dir/host/bin/sed '\''/ __gnu_lto/d'\'''
lt_cv_sys_global_symbol_to_c_name_address='/home/notlean/openwrt-uboost/staging_dir/host/bin/sed -n -e '\''s/^: \(.*\) .*$/  {"\1", (void *) 0},/p'\'' -e '\''s/^[ABCDGIRSTW][ABCDGIRSTW]* .* \(.*\)$/  {"\1", (void *) \&\1},/p'\'''
lt_cv_sys_global_symbol_to_c_name_address_lib_prefix='/home/notlean/openwrt-uboost/staging_dir/host/bin/sed -n -e '\''s/^: \(.*\) .*$/  {"\1", (void *) 0},/p'\'' -e '\''s/^[ABCDGIRSTW][ABCDGIRSTW]* .* \(lib.*\)$/  {"\1", (void *) \&\1},/p'\'' -e '\''s/^[ABCDGIRSTW][ABCDGIRSTW]* .* \(.*\)$/  {"lib\1", (void *) \&\1},/p'\'''
lt_cv_sys_global_symbol_to_cdecl='/home/notlean/openwrt-uboost/staging_dir/host/bin/sed -n -e '\''s/^T .* \(.*\)$/extern int \1();/p'\'' -e '\''s/^[ABCDGIRSTW][ABCDGIRSTW]* .* \(.*\)$/extern char \1;/p'\'''
lt_cv_sys_global_symbol_to_import=
lt_cv_sys_max_cmd_len=1572864
lt_cv_to_host_file_cmd=func_convert_file_noop
lt_cv_to_tool_file_cmd=func_convert_file_noop
lt_cv_truncate_bin='/usr/bin/dd bs=4096 count=1'

## ----------------- ##
## Output variables. ##
## ----------------- ##

ACLOCAL='${SHELL} '\''/home/notlean/openwrt-uboost/build_dir/host/mpc-1.3.1/build-aux/missing'\'' aclocal-1.16'
AMDEPBACKSLASH=''
AMDEP_FALSE=''
AMDEP_TRUE='#'
AMTAR='$${TAR-tar}'
AM_BACKSLASH='\'
AM_DEFAULT_V='$(AM_DEFAULT_VERBOSITY)'
AM_DEFAULT_VERBOSITY='1'
AM_V='$(V)'
AR='ar'
AS='as'
AUTOCONF='${SHELL} '\''/home/notlean/openwrt-uboost/build_dir/host/mpc-1.3.1/build-aux/missing'\'' autoconf'
AUTOHEADER='${SHELL} '\''/home/notlean/openwrt-uboost/build_dir/host/mpc-1.3.1/build-aux/missing'\'' autoheader'
AUTOMAKE='${SHELL} '\''/home/notlean/openwrt-uboost/build_dir/host/mpc-1.3.1/build-aux/missing'\'' automake-1.16'
AWK='gawk'
CC='gcc'
CCDEPMODE='depmode=none'
CFLAGS='-O2 -I/home/notlean/openwrt-uboost/staging_dir/host/include '
CPP='gcc -E'
CPPFLAGS='-I/home/notlean/openwrt-uboost/staging_dir/host/include -I/home/notlean/openwrt-uboost/staging_dir/host/include -I/home/notlean/openwrt-uboost/staging_dir/host/include '
CSCOPE='cscope'
CTAGS='ctags'
CYGPATH_W='echo'
DEFS='-DHAVE_CONFIG_H'
DEPDIR='.deps'
DLLTOOL='false'
DSYMUTIL=''
DUMPBIN=''
ECHO_C=''
ECHO_N='-n'
ECHO_T=''
EGREP='/home/notlean/openwrt-uboost/staging_dir/host/bin/grep -E'
ETAGS='etags'
EXEEXT=''
FGREP='/home/notlean/openwrt-uboost/staging_dir/host/bin/grep -F'
FILECMD='file'
GCC_VERSION='13'
GITVERSION=''
GREP='/home/notlean/openwrt-uboost/staging_dir/host/bin/grep'
HASGIT=''
INSTALL_DATA='${INSTALL} -m 644'
INSTALL_PROGRAM='${INSTALL}'
INSTALL_SCRIPT='${INSTALL}'
INSTALL_STRIP_PROGRAM='$(install_sh) -c -s'
LD='/usr/bin/ld -m elf_x86_64'
LDFLAGS='-L/home/notlean/openwrt-uboost/staging_dir/host/lib -L/home/notlean/openwrt-uboost/staging_dir/host/lib -L/home/notlean/openwrt-uboost/staging_dir/host/lib '
LIBOBJS=''
LIBS='-lmpfr -lgmp -lm -lm '
LIBTOOL='$(SHELL) $(top_builddir)/libtool'
LIPO=''
LN_S='ln -s'
LTLIBOBJS=''
LT_SYS_LIBRARY_PATH=''
MAINT='#'
MAINTAINER_MODE_FALSE=''
MAINTAINER_MODE_TRUE='#'
MAKEINFO='${SHELL} '\''/home/notlean/openwrt-uboost/build_dir/host/mpc-1.3.1/build-aux/missing'\'' makeinfo'
MANIFEST_TOOL=':'
MKDIR_P='/usr/bin/mkdir -p'
MPC_LDFLAGS=''
MPC_LOG_H=''
NM='/usr/bin/nm -B'
NMEDIT=''
OBJDUMP='objdump'
OBJEXT='o'
OTOOL64=''
OTOOL=''
PACKAGE='mpc'
PACKAGE_BUGREPORT='mpc-discuss@inria.fr'
PACKAGE_NAME='mpc'
PACKAGE_STRING='mpc 1.3.1'
PACKAGE_TARNAME='mpc'
PACKAGE_URL=''
PACKAGE_VERSION='1.3.1'
PATH_SEPARATOR=':'
RANLIB='ranlib'
SED='/home/notlean/openwrt-uboost/staging_dir/host/bin/sed'
SET_MAKE=''
SHELL='/usr/bin/env bash'
STRIP='strip'
VALGRIND=''
VALGRIND_OPTS=''
VERSION='1.3.1'
ac_ct_AR='ar'
ac_ct_CC=''
ac_ct_DUMPBIN=''
am__EXEEXT_FALSE=''
am__EXEEXT_TRUE='#'
am__fastdepCC_FALSE=''
am__fastdepCC_TRUE='#'
am__include='include'
am__isrc=''
am__leading_dot='.'
am__nodep=''
am__quote=''
am__tar='$${TAR-tar} chof - "$$tardir"'
am__untar='$${TAR-tar} xf -'
bindir='${exec_prefix}/bin'
build='x86_64-pc-linux-gnu'
build_alias='x86_64-pc-linux-gnu'
build_cpu='x86_64'
build_os='linux-gnu'
build_vendor='pc'
datadir='${datarootdir}'
datarootdir='${prefix}/share'
docdir='${datarootdir}/doc/${PACKAGE_TARNAME}'
dvidir='${docdir}'
exec_prefix='/home/notlean/openwrt-uboost/staging_dir/host'
host='x86_64-pc-linux-gnu'
host_alias='x86_64-pc-linux-gnu'
host_cpu='x86_64'
host_os='linux-gnu'
host_vendor='pc'
htmldir='${docdir}'
includedir='${prefix}/include'
infodir='${datarootdir}/info'
install_sh='${SHELL} /home/notlean/openwrt-uboost/build_dir/host/mpc-1.3.1/build-aux/install-sh'
libdir='${exec_prefix}/lib'
libexecdir='${exec_prefix}/libexec'
localedir='${datarootdir}/locale'
localstatedir='/home/notlean/openwrt-uboost/staging_dir/host/var'
mandir='${datarootdir}/man'
mkdir_p='$(MKDIR_P)'
oldincludedir='/usr/include'
pdfdir='${docdir}'
prefix='/home/notlean/openwrt-uboost/staging_dir/host'
program_transform_name='s&$$&&;s&^&&'
psdir='${docdir}'
sbindir='/home/notlean/openwrt-uboost/staging_dir/host/bin'
sharedstatedir='${prefix}/com'
sysconfdir='/home/notlean/openwrt-uboost/staging_dir/host/etc'
target_alias='x86_64-pc-linux-gnu'

## ----------- ##
## confdefs.h. ##
## ----------- ##

/* confdefs.h */
#define PACKAGE_NAME "mpc"
#define PACKAGE_TARNAME "mpc"
#define PACKAGE_VERSION "1.3.1"
#define PACKAGE_STRING "mpc 1.3.1"
#define PACKAGE_BUGREPORT "mpc-discuss@inria.fr"
#define PACKAGE_URL ""
#define PACKAGE "mpc"
#define VERSION "1.3.1"
#define STDC_HEADERS 1
#define HAVE_SYS_TYPES_H 1
#define HAVE_SYS_STAT_H 1
#define HAVE_STDLIB_H 1
#define HAVE_STRING_H 1
#define HAVE_MEMORY_H 1
#define HAVE_STRINGS_H 1
#define HAVE_INTTYPES_H 1
#define HAVE_STDINT_H 1
#define HAVE_UNISTD_H 1
#define HAVE_DLFCN_H 1
#define LT_OBJDIR ".libs/"
#define HAVE_INTTYPES_H 1
#define HAVE_STDINT_H 1
#define HAVE_SYS_TIME_H 1
#define HAVE_COMPLEX_H 1
#define HAVE_GETTIMEOFDAY 1
#define HAVE_LOCALECONV 1
#define HAVE_SETLOCALE 1
#define HAVE_GETRUSAGE 1
#define HAVE_DUP 1
#define HAVE_DUP2 1
#define HAVE_LIBM 1
#define MPC_GCC "yes"
#define MPC_CC "gcc"
#define MPC_GCC_VERSION "13"

configure: exit 0
