This file contains any messages produced by compilers while
running configure, to aid debugging if configure makes a mistake.

It was created by libnetfilter_conntrack configure 1.0.9, which was
generated by GNU Autoconf 2.69.  Invocation command line was

  $ ./configure --target=mipsel-openwrt-linux --host=mipsel-openwrt-linux --build=x86_64-pc-linux-gnu --disable-dependency-tracking --program-prefix= --program-suffix= --prefix=/usr --exec-prefix=/usr --bindir=/usr/bin --sbindir=/usr/sbin --libexecdir=/usr/lib --sysconfdir=/etc --datadir=/usr/share --localstatedir=/var --mandir=/usr/man --infodir=/usr/info --disable-nls --enable-static --enable-shared

## --------- ##
## Platform. ##
## --------- ##

hostname = Notlean
uname -m = x86_64
uname -r = 6.14.0-33-generic
uname -s = Linux
uname -v = #33~24.04.1-Ubuntu SMP PREEMPT_DYNAMIC Fri Sep 19 17:02:30 UTC 2

/usr/bin/uname -p = x86_64
/bin/uname -X     = unknown

/bin/arch              = x86_64
/usr/bin/arch -k       = unknown
/usr/convex/getsysinfo = unknown
/usr/bin/hostinfo      = unknown
/bin/machine           = unknown
/usr/bin/oslevel       = unknown
/bin/universe          = unknown

PATH: /home/notlean/openwrt-uboost/staging_dir/target-mipsel_24kc_musl/host/bin
PATH: /home/notlean/openwrt-uboost/staging_dir/hostpkg/bin
PATH: /home/notlean/openwrt-uboost/staging_dir/toolchain-mipsel_24kc_gcc-12.3.0_musl/bin
PATH: /home/notlean/openwrt-uboost/staging_dir/toolchain-mipsel_24kc_gcc-12.3.0_musl/bin
PATH: /home/notlean/openwrt-uboost/staging_dir/host/bin
PATH: /home/notlean/openwrt-uboost/staging_dir/toolchain-mipsel_24kc_gcc-12.3.0_musl/bin
PATH: /home/notlean/openwrt-uboost/staging_dir/host/bin
PATH: /home/notlean/openwrt-uboost/staging_dir/host/bin
PATH: /usr/local/sbin
PATH: /usr/local/bin
PATH: /usr/sbin
PATH: /usr/bin
PATH: /sbin
PATH: /bin
PATH: /usr/games
PATH: /usr/local/games
PATH: /snap/bin
PATH: /snap/bin


## ----------- ##
## Core tests. ##
## ----------- ##

configure:2148: loading site script /home/notlean/openwrt-uboost/include/site/mipsel
| #!/bin/sh
| . $TOPDIR/include/site/linux
| ac_cv_c_littleendian=${ac_cv_c_littleendian=yes}
| ac_cv_c_bigendian=${ac_cv_c_bigendian=no}
| 
| ac_cv_sizeof___int64=0
| ac_cv_sizeof_char=1
| ac_cv_sizeof_int=4
| ac_cv_sizeof_int16_t=2
| ac_cv_sizeof_int32_t=4
| ac_cv_sizeof_int64_t=8
| ac_cv_sizeof_long_int=4
| ac_cv_sizeof_long_long=8
| ac_cv_sizeof_long=4
| ac_cv_sizeof_off_t=8
| ac_cv_sizeof_short_int=2
| ac_cv_sizeof_short=2
| ac_cv_sizeof_size_t=4
| ac_cv_sizeof_ssize_t=4
| ac_cv_sizeof_u_int16_t=2
| ac_cv_sizeof_u_int32_t=4
| ac_cv_sizeof_u_int64_t=8
| ac_cv_sizeof_uint16_t=2
| ac_cv_sizeof_uint32_t=4
| ac_cv_sizeof_uint64_t=8
| ac_cv_sizeof_unsigned_int=4
| ac_cv_sizeof_unsigned_long=4
| ac_cv_sizeof_unsigned_long_long=8
| ac_cv_sizeof_unsigned_short=2
| ac_cv_sizeof_void_p=4
configure:2277: checking build system type
configure:2291: result: x86_64-pc-linux-gnu
configure:2311: checking host system type
configure:2324: result: mipsel-openwrt-linux-gnu
configure:2364: checking for a BSD-compatible install
configure:2432: result: /home/notlean/openwrt-uboost/staging_dir/host/bin/install -c
configure:2443: checking whether build environment is sane
configure:2498: result: yes
configure:2552: checking for mipsel-openwrt-linux-strip
configure:2579: result: mipsel-openwrt-linux-musl-strip
configure:2644: checking for a thread-safe mkdir -p
configure:2683: result: /usr/bin/mkdir -p
configure:2690: checking for gawk
configure:2706: found /usr/bin/gawk
configure:2717: result: gawk
configure:2728: checking whether make sets $(MAKE)
configure:2750: result: yes
configure:2779: checking whether make supports nested variables
configure:2796: result: yes
configure:2875: checking how to create a pax tar archive
configure:2886: tar --version
tar (GNU tar) 1.34
Copyright (C) 2021 Free Software Foundation, Inc.
License GPLv3+: GNU GPL version 3 or later <https://gnu.org/licenses/gpl.html>.
This is free software: you are free to change and redistribute it.
There is NO WARRANTY, to the extent permitted by law.

Written by John Gilmore and Jay Fenlason.
configure:2889: $? = 0
configure:2929: tardir=conftest.dir && eval tar --format=posix -chf - "$tardir" >conftest.tar
configure:2932: $? = 0
configure:2936: tar -xf - <conftest.tar
configure:2939: $? = 0
configure:2941: cat conftest.dir/file
GrepMe
configure:2944: $? = 0
configure:2957: result: gnutar
configure:3011: checking whether make supports the include directive
configure:3026: make -f confmf.GNU && cat confinc.out
make[4]: Entering directory '/home/notlean/openwrt-uboost/build_dir/target-mipsel_24kc_musl/libnetfilter_conntrack-1.0.9'
make[4]: Leaving directory '/home/notlean/openwrt-uboost/build_dir/target-mipsel_24kc_musl/libnetfilter_conntrack-1.0.9'
this is the am__doit target
configure:3029: $? = 0
configure:3048: result: yes (GNU style)
configure:3078: checking for mipsel-openwrt-linux-gcc
configure:3105: result: mipsel-openwrt-linux-musl-gcc
configure:3374: checking for C compiler version
configure:3383: mipsel-openwrt-linux-musl-gcc --version >&5
mipsel-openwrt-linux-musl-gcc (OpenWrt GCC 12.3.0 r23809-234f1a2efa) 12.3.0
Copyright (C) 2022 Free Software Foundation, Inc.
This is free software; see the source for copying conditions.  There is NO
warranty; not even for MERCHANTABILITY or FITNESS FOR A PARTICULAR PURPOSE.

configure:3394: $? = 0
configure:3383: mipsel-openwrt-linux-musl-gcc -v >&5
Reading specs from /home/notlean/openwrt-uboost/staging_dir/toolchain-mipsel_24kc_gcc-12.3.0_musl/lib/gcc/mipsel-openwrt-linux-musl/12.3.0/specs
COLLECT_GCC=mipsel-openwrt-linux-musl-gcc
COLLECT_LTO_WRAPPER=/home/notlean/openwrt-uboost/staging_dir/toolchain-mipsel_24kc_gcc-12.3.0_musl/libexec/gcc/mipsel-openwrt-linux-musl/12.3.0/lto-wrapper
Target: mipsel-openwrt-linux-musl
Configured with: /home/notlean/openwrt-uboost/build_dir/toolchain-mipsel_24kc_gcc-12.3.0_musl/gcc-12.3.0/configure --with-bugurl=http://bugs.openwrt.org/ --with-pkgversion='OpenWrt GCC 12.3.0 r23809-234f1a2efa' --prefix=/home/notlean/openwrt-uboost/staging_dir/toolchain-mipsel_24kc_gcc-12.3.0_musl --build=x86_64-pc-linux-gnu --host=x86_64-pc-linux-gnu --target=mipsel-openwrt-linux-musl --with-gnu-ld --enable-target-optspace --disable-libgomp --disable-libmudflap --disable-multilib --disable-libmpx --disable-nls --disable-libssp --without-isl --without-cloog --with-host-libstdcxx=-lstdc++ --with-float=soft --with-system-zlib=/home/notlean/openwrt-uboost/staging_dir/host --with-zstd=/home/notlean/openwrt-uboost/staging_dir/host --with-gmp=/home/notlean/openwrt-uboost/staging_dir/host --with-mpfr=/home/notlean/openwrt-uboost/staging_dir/host --with-mpc=/home/notlean/openwrt-uboost/staging_dir/host --disable-decimal-float --with-diagnostics-color=auto-if-env --enable-__cxa_atexit --enable-libstdcxx-dual-abi --with-default-libstdcxx-abi=new --with-mips-plt CFLAGS='-O2 -I/home/notlean/openwrt-uboost/staging_dir/host/include  -pipe' CXXFLAGS='-O2 -I/home/notlean/openwrt-uboost/staging_dir/host/include  -pipe' 'CFLAGS_FOR_TARGET=-Os -pipe -mno-branch-likely -mips32r2 -mtune=24kc -fno-caller-saves -fno-plt -fhonour-copts -msoft-float -Wformat -Werror=format-security -fstack-protector -D_FORTIFY_SOURCE=1 -Wl,-z,now -Wl,-z,relro' 'CXXFLAGS_FOR_TARGET=-Os -pipe -mno-branch-likely -mips32r2 -mtune=24kc -fno-caller-saves -fno-plt -fhonour-copts -msoft-float -Wformat -Werror=format-security -fstack-protector -D_FORTIFY_SOURCE=1 -Wl,-z,now -Wl,-z,relro' 'GOCFLAGS_FOR_TARGET=-Os -pipe -mno-branch-likely -mips32r2 -mtune=24kc -fno-caller-saves -fno-plt -fhonour-copts -msoft-float -Wformat -Werror=format-security -fstack-protector -D_FORTIFY_SOURCE=1 -Wl,-z,now -Wl,-z,relro' --with-headers=/home/notlean/openwrt-uboost/staging_dir/toolchain-mipsel_24kc_gcc-12.3.0_musl/include --enable-languages=c,c++ --enable-shared --enable-threads --with-slibdir=/home/notlean/openwrt-uboost/staging_dir/toolchain-mipsel_24kc_gcc-12.3.0_musl/lib --enable-plugins --enable-lto --with-libelf=/home/notlean/openwrt-uboost/staging_dir/host --disable-libsanitizer
Thread model: posix
Supported LTO compression algorithms: zlib zstd
gcc version 12.3.0 (OpenWrt GCC 12.3.0 r23809-234f1a2efa) 
configure:3394: $? = 0
configure:3383: mipsel-openwrt-linux-musl-gcc -V >&5
mipsel-openwrt-linux-musl-gcc: error: unrecognized command-line option '-V'
mipsel-openwrt-linux-musl-gcc: fatal error: no input files
compilation terminated.
configure:3394: $? = 1
configure:3383: mipsel-openwrt-linux-musl-gcc -qversion >&5
mipsel-openwrt-linux-musl-gcc: error: unrecognized command-line option '-qversion'; did you mean '--version'?
mipsel-openwrt-linux-musl-gcc: fatal error: no input files
compilation terminated.
configure:3394: $? = 1
configure:3414: checking whether the C compiler works
configure:3436: mipsel-openwrt-linux-musl-gcc -Os -pipe -mno-branch-likely -mips32r2 -mtune=24kc -fno-caller-saves -fno-plt -fhonour-copts -msoft-float -fmacro-prefix-map=/home/notlean/openwrt-uboost/build_dir/target-mipsel_24kc_musl/libnetfilter_conntrack-1.0.9=libnetfilter_conntrack-1.0.9 -mips16 -minterlink-mips16 -Wformat -Werror=format-security -fstack-protector -D_FORTIFY_SOURCE=1 -Wl,-z,now -Wl,-z,relro -DPIC -fpic  -I/home/notlean/openwrt-uboost/staging_dir/toolchain-mipsel_24kc_gcc-12.3.0_musl/usr/include -I/home/notlean/openwrt-uboost/staging_dir/toolchain-mipsel_24kc_gcc-12.3.0_musl/include/fortify -I/home/notlean/openwrt-uboost/staging_dir/toolchain-mipsel_24kc_gcc-12.3.0_musl/include  -L/home/notlean/openwrt-uboost/staging_dir/toolchain-mipsel_24kc_gcc-12.3.0_musl/usr/lib -L/home/notlean/openwrt-uboost/staging_dir/toolchain-mipsel_24kc_gcc-12.3.0_musl/lib -znow -zrelro  conftest.c  >&5
configure:3440: $? = 0
configure:3488: result: yes
configure:3491: checking for C compiler default output file name
configure:3493: result: a.out
configure:3499: checking for suffix of executables
configure:3506: mipsel-openwrt-linux-musl-gcc -o conftest -Os -pipe -mno-branch-likely -mips32r2 -mtune=24kc -fno-caller-saves -fno-plt -fhonour-copts -msoft-float -fmacro-prefix-map=/home/notlean/openwrt-uboost/build_dir/target-mipsel_24kc_musl/libnetfilter_conntrack-1.0.9=libnetfilter_conntrack-1.0.9 -mips16 -minterlink-mips16 -Wformat -Werror=format-security -fstack-protector -D_FORTIFY_SOURCE=1 -Wl,-z,now -Wl,-z,relro -DPIC -fpic  -I/home/notlean/openwrt-uboost/staging_dir/toolchain-mipsel_24kc_gcc-12.3.0_musl/usr/include -I/home/notlean/openwrt-uboost/staging_dir/toolchain-mipsel_24kc_gcc-12.3.0_musl/include/fortify -I/home/notlean/openwrt-uboost/staging_dir/toolchain-mipsel_24kc_gcc-12.3.0_musl/include  -L/home/notlean/openwrt-uboost/staging_dir/toolchain-mipsel_24kc_gcc-12.3.0_musl/usr/lib -L/home/notlean/openwrt-uboost/staging_dir/toolchain-mipsel_24kc_gcc-12.3.0_musl/lib -znow -zrelro  conftest.c  >&5
configure:3510: $? = 0
configure:3532: result: 
configure:3554: checking whether we are cross compiling
configure:3592: result: yes
configure:3597: checking for suffix of object files
configure:3619: mipsel-openwrt-linux-musl-gcc -c -Os -pipe -mno-branch-likely -mips32r2 -mtune=24kc -fno-caller-saves -fno-plt -fhonour-copts -msoft-float -fmacro-prefix-map=/home/notlean/openwrt-uboost/build_dir/target-mipsel_24kc_musl/libnetfilter_conntrack-1.0.9=libnetfilter_conntrack-1.0.9 -mips16 -minterlink-mips16 -Wformat -Werror=format-security -fstack-protector -D_FORTIFY_SOURCE=1 -Wl,-z,now -Wl,-z,relro -DPIC -fpic  -I/home/notlean/openwrt-uboost/staging_dir/toolchain-mipsel_24kc_gcc-12.3.0_musl/usr/include -I/home/notlean/openwrt-uboost/staging_dir/toolchain-mipsel_24kc_gcc-12.3.0_musl/include/fortify -I/home/notlean/openwrt-uboost/staging_dir/toolchain-mipsel_24kc_gcc-12.3.0_musl/include  conftest.c >&5
configure:3623: $? = 0
configure:3644: result: o
configure:3648: checking whether we are using the GNU C compiler
configure:3667: mipsel-openwrt-linux-musl-gcc -c -Os -pipe -mno-branch-likely -mips32r2 -mtune=24kc -fno-caller-saves -fno-plt -fhonour-copts -msoft-float -fmacro-prefix-map=/home/notlean/openwrt-uboost/build_dir/target-mipsel_24kc_musl/libnetfilter_conntrack-1.0.9=libnetfilter_conntrack-1.0.9 -mips16 -minterlink-mips16 -Wformat -Werror=format-security -fstack-protector -D_FORTIFY_SOURCE=1 -Wl,-z,now -Wl,-z,relro -DPIC -fpic  -I/home/notlean/openwrt-uboost/staging_dir/toolchain-mipsel_24kc_gcc-12.3.0_musl/usr/include -I/home/notlean/openwrt-uboost/staging_dir/toolchain-mipsel_24kc_gcc-12.3.0_musl/include/fortify -I/home/notlean/openwrt-uboost/staging_dir/toolchain-mipsel_24kc_gcc-12.3.0_musl/include  conftest.c >&5
configure:3667: $? = 0
configure:3676: result: yes
configure:3685: checking whether mipsel-openwrt-linux-musl-gcc accepts -g
configure:3705: mipsel-openwrt-linux-musl-gcc -c -g -I/home/notlean/openwrt-uboost/staging_dir/toolchain-mipsel_24kc_gcc-12.3.0_musl/usr/include -I/home/notlean/openwrt-uboost/staging_dir/toolchain-mipsel_24kc_gcc-12.3.0_musl/include/fortify -I/home/notlean/openwrt-uboost/staging_dir/toolchain-mipsel_24kc_gcc-12.3.0_musl/include  conftest.c >&5
cc1: note: someone does not honour COPTS correctly, passed 0 times
configure:3705: $? = 0
configure: failed program was:
| /* confdefs.h */
| #define PACKAGE_NAME "libnetfilter_conntrack"
| #define PACKAGE_TARNAME "libnetfilter_conntrack"
| #define PACKAGE_VERSION "1.0.9"
| #define PACKAGE_STRING "libnetfilter_conntrack 1.0.9"
| #define PACKAGE_BUGREPORT ""
| #define PACKAGE_URL ""
| #define PACKAGE "libnetfilter_conntrack"
| #define VERSION "1.0.9"
| /* end confdefs.h.  */
| 
| int
| main ()
| {
| 
|   ;
|   return 0;
| }
configure:3720: mipsel-openwrt-linux-musl-gcc -c  -I/home/notlean/openwrt-uboost/staging_dir/toolchain-mipsel_24kc_gcc-12.3.0_musl/usr/include -I/home/notlean/openwrt-uboost/staging_dir/toolchain-mipsel_24kc_gcc-12.3.0_musl/include/fortify -I/home/notlean/openwrt-uboost/staging_dir/toolchain-mipsel_24kc_gcc-12.3.0_musl/include  conftest.c >&5
cc1: note: someone does not honour COPTS correctly, passed 0 times
configure:3720: $? = 0
configure: failed program was:
| /* confdefs.h */
| #define PACKAGE_NAME "libnetfilter_conntrack"
| #define PACKAGE_TARNAME "libnetfilter_conntrack"
| #define PACKAGE_VERSION "1.0.9"
| #define PACKAGE_STRING "libnetfilter_conntrack 1.0.9"
| #define PACKAGE_BUGREPORT ""
| #define PACKAGE_URL ""
| #define PACKAGE "libnetfilter_conntrack"
| #define VERSION "1.0.9"
| /* end confdefs.h.  */
| 
| int
| main ()
| {
| 
|   ;
|   return 0;
| }
configure:3736: mipsel-openwrt-linux-musl-gcc -c -g -I/home/notlean/openwrt-uboost/staging_dir/toolchain-mipsel_24kc_gcc-12.3.0_musl/usr/include -I/home/notlean/openwrt-uboost/staging_dir/toolchain-mipsel_24kc_gcc-12.3.0_musl/include/fortify -I/home/notlean/openwrt-uboost/staging_dir/toolchain-mipsel_24kc_gcc-12.3.0_musl/include  conftest.c >&5
cc1: note: someone does not honour COPTS correctly, passed 0 times
configure:3736: $? = 0
configure:3746: result: yes
configure:3763: checking for mipsel-openwrt-linux-musl-gcc option to accept ISO C89
configure:3826: mipsel-openwrt-linux-musl-gcc  -c -Os -pipe -mno-branch-likely -mips32r2 -mtune=24kc -fno-caller-saves -fno-plt -fhonour-copts -msoft-float -fmacro-prefix-map=/home/notlean/openwrt-uboost/build_dir/target-mipsel_24kc_musl/libnetfilter_conntrack-1.0.9=libnetfilter_conntrack-1.0.9 -mips16 -minterlink-mips16 -Wformat -Werror=format-security -fstack-protector -D_FORTIFY_SOURCE=1 -Wl,-z,now -Wl,-z,relro -DPIC -fpic  -I/home/notlean/openwrt-uboost/staging_dir/toolchain-mipsel_24kc_gcc-12.3.0_musl/usr/include -I/home/notlean/openwrt-uboost/staging_dir/toolchain-mipsel_24kc_gcc-12.3.0_musl/include/fortify -I/home/notlean/openwrt-uboost/staging_dir/toolchain-mipsel_24kc_gcc-12.3.0_musl/include  conftest.c >&5
configure:3826: $? = 0
configure:3839: result: none needed
configure:3864: checking whether mipsel-openwrt-linux-musl-gcc understands -c and -o together
configure:3886: mipsel-openwrt-linux-musl-gcc -c conftest.c -o conftest2.o
cc1: note: someone does not honour COPTS correctly, passed 0 times
configure:3889: $? = 0
configure:3886: mipsel-openwrt-linux-musl-gcc -c conftest.c -o conftest2.o
cc1: note: someone does not honour COPTS correctly, passed 0 times
configure:3889: $? = 0
configure:3901: result: yes
configure:3920: checking dependency style of mipsel-openwrt-linux-musl-gcc
configure:4031: result: none
configure:4052: checking for mipsel-openwrt-linux-ar
configure:4079: result: mipsel-openwrt-linux-musl-gcc-ar
configure:4149: checking the archiver (mipsel-openwrt-linux-musl-gcc-ar) interface
configure:4165: mipsel-openwrt-linux-musl-gcc -c -Os -pipe -mno-branch-likely -mips32r2 -mtune=24kc -fno-caller-saves -fno-plt -fhonour-copts -msoft-float -fmacro-prefix-map=/home/notlean/openwrt-uboost/build_dir/target-mipsel_24kc_musl/libnetfilter_conntrack-1.0.9=libnetfilter_conntrack-1.0.9 -mips16 -minterlink-mips16 -Wformat -Werror=format-security -fstack-protector -D_FORTIFY_SOURCE=1 -Wl,-z,now -Wl,-z,relro -DPIC -fpic  -I/home/notlean/openwrt-uboost/staging_dir/toolchain-mipsel_24kc_gcc-12.3.0_musl/usr/include -I/home/notlean/openwrt-uboost/staging_dir/toolchain-mipsel_24kc_gcc-12.3.0_musl/include/fortify -I/home/notlean/openwrt-uboost/staging_dir/toolchain-mipsel_24kc_gcc-12.3.0_musl/include  conftest.c >&5
configure:4165: $? = 0
configure:4167: mipsel-openwrt-linux-musl-gcc-ar cru libconftest.a conftest.o >&5
/home/notlean/openwrt-uboost/staging_dir/toolchain-mipsel_24kc_gcc-12.3.0_musl/lib/gcc/mipsel-openwrt-linux-musl/12.3.0/../../../../mipsel-openwrt-linux-musl/bin/ar: `u' modifier ignored since `D' is the default (see `U')
configure:4170: $? = 0
configure:4198: result: ar
configure:4230: checking whether make supports nested variables
configure:4247: result: yes
configure:4267: checking for mipsel-openwrt-linux-gcc
configure:4294: result: mipsel-openwrt-linux-musl-gcc
configure:4563: checking for C compiler version
configure:4572: mipsel-openwrt-linux-musl-gcc --version >&5
mipsel-openwrt-linux-musl-gcc (OpenWrt GCC 12.3.0 r23809-234f1a2efa) 12.3.0
Copyright (C) 2022 Free Software Foundation, Inc.
This is free software; see the source for copying conditions.  There is NO
warranty; not even for MERCHANTABILITY or FITNESS FOR A PARTICULAR PURPOSE.

configure:4583: $? = 0
configure:4572: mipsel-openwrt-linux-musl-gcc -v >&5
Reading specs from /home/notlean/openwrt-uboost/staging_dir/toolchain-mipsel_24kc_gcc-12.3.0_musl/lib/gcc/mipsel-openwrt-linux-musl/12.3.0/specs
COLLECT_GCC=mipsel-openwrt-linux-musl-gcc
COLLECT_LTO_WRAPPER=/home/notlean/openwrt-uboost/staging_dir/toolchain-mipsel_24kc_gcc-12.3.0_musl/libexec/gcc/mipsel-openwrt-linux-musl/12.3.0/lto-wrapper
Target: mipsel-openwrt-linux-musl
Configured with: /home/notlean/openwrt-uboost/build_dir/toolchain-mipsel_24kc_gcc-12.3.0_musl/gcc-12.3.0/configure --with-bugurl=http://bugs.openwrt.org/ --with-pkgversion='OpenWrt GCC 12.3.0 r23809-234f1a2efa' --prefix=/home/notlean/openwrt-uboost/staging_dir/toolchain-mipsel_24kc_gcc-12.3.0_musl --build=x86_64-pc-linux-gnu --host=x86_64-pc-linux-gnu --target=mipsel-openwrt-linux-musl --with-gnu-ld --enable-target-optspace --disable-libgomp --disable-libmudflap --disable-multilib --disable-libmpx --disable-nls --disable-libssp --without-isl --without-cloog --with-host-libstdcxx=-lstdc++ --with-float=soft --with-system-zlib=/home/notlean/openwrt-uboost/staging_dir/host --with-zstd=/home/notlean/openwrt-uboost/staging_dir/host --with-gmp=/home/notlean/openwrt-uboost/staging_dir/host --with-mpfr=/home/notlean/openwrt-uboost/staging_dir/host --with-mpc=/home/notlean/openwrt-uboost/staging_dir/host --disable-decimal-float --with-diagnostics-color=auto-if-env --enable-__cxa_atexit --enable-libstdcxx-dual-abi --with-default-libstdcxx-abi=new --with-mips-plt CFLAGS='-O2 -I/home/notlean/openwrt-uboost/staging_dir/host/include  -pipe' CXXFLAGS='-O2 -I/home/notlean/openwrt-uboost/staging_dir/host/include  -pipe' 'CFLAGS_FOR_TARGET=-Os -pipe -mno-branch-likely -mips32r2 -mtune=24kc -fno-caller-saves -fno-plt -fhonour-copts -msoft-float -Wformat -Werror=format-security -fstack-protector -D_FORTIFY_SOURCE=1 -Wl,-z,now -Wl,-z,relro' 'CXXFLAGS_FOR_TARGET=-Os -pipe -mno-branch-likely -mips32r2 -mtune=24kc -fno-caller-saves -fno-plt -fhonour-copts -msoft-float -Wformat -Werror=format-security -fstack-protector -D_FORTIFY_SOURCE=1 -Wl,-z,now -Wl,-z,relro' 'GOCFLAGS_FOR_TARGET=-Os -pipe -mno-branch-likely -mips32r2 -mtune=24kc -fno-caller-saves -fno-plt -fhonour-copts -msoft-float -Wformat -Werror=format-security -fstack-protector -D_FORTIFY_SOURCE=1 -Wl,-z,now -Wl,-z,relro' --with-headers=/home/notlean/openwrt-uboost/staging_dir/toolchain-mipsel_24kc_gcc-12.3.0_musl/include --enable-languages=c,c++ --enable-shared --enable-threads --with-slibdir=/home/notlean/openwrt-uboost/staging_dir/toolchain-mipsel_24kc_gcc-12.3.0_musl/lib --enable-plugins --enable-lto --with-libelf=/home/notlean/openwrt-uboost/staging_dir/host --disable-libsanitizer
Thread model: posix
Supported LTO compression algorithms: zlib zstd
gcc version 12.3.0 (OpenWrt GCC 12.3.0 r23809-234f1a2efa) 
configure:4583: $? = 0
configure:4572: mipsel-openwrt-linux-musl-gcc -V >&5
mipsel-openwrt-linux-musl-gcc: error: unrecognized command-line option '-V'
mipsel-openwrt-linux-musl-gcc: fatal error: no input files
compilation terminated.
configure:4583: $? = 1
configure:4572: mipsel-openwrt-linux-musl-gcc -qversion >&5
mipsel-openwrt-linux-musl-gcc: error: unrecognized command-line option '-qversion'; did you mean '--version'?
mipsel-openwrt-linux-musl-gcc: fatal error: no input files
compilation terminated.
configure:4583: $? = 1
configure:4587: checking whether we are using the GNU C compiler
configure:4615: result: yes
configure:4624: checking whether mipsel-openwrt-linux-musl-gcc accepts -g
configure:4685: result: yes
configure:4702: checking for mipsel-openwrt-linux-musl-gcc option to accept ISO C89
configure:4778: result: none needed
configure:4803: checking whether mipsel-openwrt-linux-musl-gcc understands -c and -o together
configure:4840: result: yes
configure:4859: checking dependency style of mipsel-openwrt-linux-musl-gcc
configure:4970: result: none
configure:5031: checking how to print strings
configure:5058: result: printf
configure:5079: checking for a sed that does not truncate output
configure:5143: result: /home/notlean/openwrt-uboost/staging_dir/host/bin/sed
configure:5161: checking for grep that handles long lines and -e
configure:5219: result: /home/notlean/openwrt-uboost/staging_dir/host/bin/grep
configure:5224: checking for egrep
configure:5286: result: /home/notlean/openwrt-uboost/staging_dir/host/bin/grep -E
configure:5291: checking for fgrep
configure:5353: result: /home/notlean/openwrt-uboost/staging_dir/host/bin/grep -F
configure:5388: checking for ld used by mipsel-openwrt-linux-musl-gcc
configure:5455: result: mipsel-openwrt-linux-musl-ld
configure:5462: checking if the linker (mipsel-openwrt-linux-musl-ld) is GNU ld
configure:5477: result: yes
configure:5489: checking for BSD- or MS-compatible name lister (nm)
configure:5543: result: mipsel-openwrt-linux-musl-gcc-nm
configure:5673: checking the name lister (mipsel-openwrt-linux-musl-gcc-nm) interface
configure:5680: mipsel-openwrt-linux-musl-gcc -c -Os -pipe -mno-branch-likely -mips32r2 -mtune=24kc -fno-caller-saves -fno-plt -fhonour-copts -msoft-float -fmacro-prefix-map=/home/notlean/openwrt-uboost/build_dir/target-mipsel_24kc_musl/libnetfilter_conntrack-1.0.9=libnetfilter_conntrack-1.0.9 -mips16 -minterlink-mips16 -Wformat -Werror=format-security -fstack-protector -D_FORTIFY_SOURCE=1 -Wl,-z,now -Wl,-z,relro -DPIC -fpic  -I/home/notlean/openwrt-uboost/staging_dir/toolchain-mipsel_24kc_gcc-12.3.0_musl/usr/include -I/home/notlean/openwrt-uboost/staging_dir/toolchain-mipsel_24kc_gcc-12.3.0_musl/include/fortify -I/home/notlean/openwrt-uboost/staging_dir/toolchain-mipsel_24kc_gcc-12.3.0_musl/include  conftest.c >&5
configure:5683: mipsel-openwrt-linux-musl-gcc-nm "conftest.o"
configure:5686: output
00000000 B some_variable
configure:5693: result: BSD nm
configure:5696: checking whether ln -s works
configure:5700: result: yes
configure:5708: checking the maximum length of command line arguments
configure:5839: result: 1572864
configure:5887: checking how to convert x86_64-pc-linux-gnu file names to mipsel-openwrt-linux-gnu format
configure:5927: result: func_convert_file_noop
configure:5934: checking how to convert x86_64-pc-linux-gnu file names to toolchain format
configure:5954: result: func_convert_file_noop
configure:5961: checking for mipsel-openwrt-linux-musl-ld option to reload object files
configure:5968: result: -r
configure:6002: checking for mipsel-openwrt-linux-objdump
configure:6029: result: mipsel-openwrt-linux-musl-objdump
configure:6101: checking how to recognize dependent libraries
configure:6301: result: pass_all
configure:6346: checking for mipsel-openwrt-linux-dlltool
configure:6376: result: no
configure:6386: checking for dlltool
configure:6416: result: no
configure:6446: checking how to associate runtime and link libraries
configure:6473: result: printf %s\n
configure:6489: checking for mipsel-openwrt-linux-ar
configure:6516: result: mipsel-openwrt-linux-musl-gcc-ar
configure:6597: checking for archiver @FILE support
configure:6614: mipsel-openwrt-linux-musl-gcc -c -Os -pipe -mno-branch-likely -mips32r2 -mtune=24kc -fno-caller-saves -fno-plt -fhonour-copts -msoft-float -fmacro-prefix-map=/home/notlean/openwrt-uboost/build_dir/target-mipsel_24kc_musl/libnetfilter_conntrack-1.0.9=libnetfilter_conntrack-1.0.9 -mips16 -minterlink-mips16 -Wformat -Werror=format-security -fstack-protector -D_FORTIFY_SOURCE=1 -Wl,-z,now -Wl,-z,relro -DPIC -fpic  -I/home/notlean/openwrt-uboost/staging_dir/toolchain-mipsel_24kc_gcc-12.3.0_musl/usr/include -I/home/notlean/openwrt-uboost/staging_dir/toolchain-mipsel_24kc_gcc-12.3.0_musl/include/fortify -I/home/notlean/openwrt-uboost/staging_dir/toolchain-mipsel_24kc_gcc-12.3.0_musl/include  conftest.c >&5
configure:6614: $? = 0
configure:6617: mipsel-openwrt-linux-musl-gcc-ar cr libconftest.a @conftest.lst >&5
configure:6620: $? = 0
configure:6625: mipsel-openwrt-linux-musl-gcc-ar cr libconftest.a @conftest.lst >&5
/home/notlean/openwrt-uboost/staging_dir/toolchain-mipsel_24kc_gcc-12.3.0_musl/lib/gcc/mipsel-openwrt-linux-musl/12.3.0/../../../../mipsel-openwrt-linux-musl/bin/ar: conftest.o: No such file or directory
configure:6628: $? = 1
configure:6640: result: @
configure:6658: checking for mipsel-openwrt-linux-strip
configure:6685: result: mipsel-openwrt-linux-musl-strip
configure:6757: checking for mipsel-openwrt-linux-ranlib
configure:6784: result: mipsel-openwrt-linux-musl-gcc-ranlib
configure:6926: checking command to parse mipsel-openwrt-linux-musl-gcc-nm output from mipsel-openwrt-linux-musl-gcc object
configure:7079: mipsel-openwrt-linux-musl-gcc -c -Os -pipe -mno-branch-likely -mips32r2 -mtune=24kc -fno-caller-saves -fno-plt -fhonour-copts -msoft-float -fmacro-prefix-map=/home/notlean/openwrt-uboost/build_dir/target-mipsel_24kc_musl/libnetfilter_conntrack-1.0.9=libnetfilter_conntrack-1.0.9 -mips16 -minterlink-mips16 -Wformat -Werror=format-security -fstack-protector -D_FORTIFY_SOURCE=1 -Wl,-z,now -Wl,-z,relro -DPIC -fpic  -I/home/notlean/openwrt-uboost/staging_dir/toolchain-mipsel_24kc_gcc-12.3.0_musl/usr/include -I/home/notlean/openwrt-uboost/staging_dir/toolchain-mipsel_24kc_gcc-12.3.0_musl/include/fortify -I/home/notlean/openwrt-uboost/staging_dir/toolchain-mipsel_24kc_gcc-12.3.0_musl/include  conftest.c >&5
configure:7082: $? = 0
configure:7086: mipsel-openwrt-linux-musl-gcc-nm conftest.o | sed -n -e 's/^.*[	 ]\([ABCDGIRSTW][ABCDGIRSTW]*\)[	 ][	 ]*\([_A-Za-z][_A-Za-z0-9]*\)$/\1 \2 \2/p' | sed '/ __gnu_lto/d' > conftest.nm
configure:7152: mipsel-openwrt-linux-musl-gcc -o conftest -Os -pipe -mno-branch-likely -mips32r2 -mtune=24kc -fno-caller-saves -fno-plt -fhonour-copts -msoft-float -fmacro-prefix-map=/home/notlean/openwrt-uboost/build_dir/target-mipsel_24kc_musl/libnetfilter_conntrack-1.0.9=libnetfilter_conntrack-1.0.9 -mips16 -minterlink-mips16 -Wformat -Werror=format-security -fstack-protector -D_FORTIFY_SOURCE=1 -Wl,-z,now -Wl,-z,relro -DPIC -fpic  -I/home/notlean/openwrt-uboost/staging_dir/toolchain-mipsel_24kc_gcc-12.3.0_musl/usr/include -I/home/notlean/openwrt-uboost/staging_dir/toolchain-mipsel_24kc_gcc-12.3.0_musl/include/fortify -I/home/notlean/openwrt-uboost/staging_dir/toolchain-mipsel_24kc_gcc-12.3.0_musl/include  -L/home/notlean/openwrt-uboost/staging_dir/toolchain-mipsel_24kc_gcc-12.3.0_musl/usr/lib -L/home/notlean/openwrt-uboost/staging_dir/toolchain-mipsel_24kc_gcc-12.3.0_musl/lib -znow -zrelro  conftest.c conftstm.o >&5
configure:7155: $? = 0
configure:7193: result: ok
configure:7240: checking for sysroot
configure:7270: result: no
configure:7277: checking for a working dd
configure:7315: result: /usr/bin/dd
configure:7319: checking how to truncate binary pipes
configure:7334: result: /usr/bin/dd bs=4096 count=1
configure:7623: checking for mipsel-openwrt-linux-mt
configure:7653: result: no
configure:7663: checking for mt
configure:7679: found /usr/bin/mt
configure:7690: result: mt
configure:7702: WARNING: using cross tools not prefixed with host triplet
configure:7713: checking if mt is a manifest tool
configure:7719: mt '-?'
configure:7727: result: no
configure:8404: checking how to run the C preprocessor
configure:8435: mipsel-openwrt-linux-musl-gcc -E -I/home/notlean/openwrt-uboost/staging_dir/toolchain-mipsel_24kc_gcc-12.3.0_musl/usr/include -I/home/notlean/openwrt-uboost/staging_dir/toolchain-mipsel_24kc_gcc-12.3.0_musl/include/fortify -I/home/notlean/openwrt-uboost/staging_dir/toolchain-mipsel_24kc_gcc-12.3.0_musl/include  conftest.c
configure:8435: $? = 0
configure:8449: mipsel-openwrt-linux-musl-gcc -E -I/home/notlean/openwrt-uboost/staging_dir/toolchain-mipsel_24kc_gcc-12.3.0_musl/usr/include -I/home/notlean/openwrt-uboost/staging_dir/toolchain-mipsel_24kc_gcc-12.3.0_musl/include/fortify -I/home/notlean/openwrt-uboost/staging_dir/toolchain-mipsel_24kc_gcc-12.3.0_musl/include  conftest.c
conftest.c:11:10: fatal error: ac_nonexistent.h: No such file or directory
   11 | #include <ac_nonexistent.h>
      |          ^~~~~~~~~~~~~~~~~~
compilation terminated.
configure:8449: $? = 1
configure: failed program was:
| /* confdefs.h */
| #define PACKAGE_NAME "libnetfilter_conntrack"
| #define PACKAGE_TARNAME "libnetfilter_conntrack"
| #define PACKAGE_VERSION "1.0.9"
| #define PACKAGE_STRING "libnetfilter_conntrack 1.0.9"
| #define PACKAGE_BUGREPORT ""
| #define PACKAGE_URL ""
| #define PACKAGE "libnetfilter_conntrack"
| #define VERSION "1.0.9"
| /* end confdefs.h.  */
| #include <ac_nonexistent.h>
configure:8474: result: mipsel-openwrt-linux-musl-gcc -E
configure:8494: mipsel-openwrt-linux-musl-gcc -E -I/home/notlean/openwrt-uboost/staging_dir/toolchain-mipsel_24kc_gcc-12.3.0_musl/usr/include -I/home/notlean/openwrt-uboost/staging_dir/toolchain-mipsel_24kc_gcc-12.3.0_musl/include/fortify -I/home/notlean/openwrt-uboost/staging_dir/toolchain-mipsel_24kc_gcc-12.3.0_musl/include  conftest.c
configure:8494: $? = 0
configure:8508: mipsel-openwrt-linux-musl-gcc -E -I/home/notlean/openwrt-uboost/staging_dir/toolchain-mipsel_24kc_gcc-12.3.0_musl/usr/include -I/home/notlean/openwrt-uboost/staging_dir/toolchain-mipsel_24kc_gcc-12.3.0_musl/include/fortify -I/home/notlean/openwrt-uboost/staging_dir/toolchain-mipsel_24kc_gcc-12.3.0_musl/include  conftest.c
conftest.c:11:10: fatal error: ac_nonexistent.h: No such file or directory
   11 | #include <ac_nonexistent.h>
      |          ^~~~~~~~~~~~~~~~~~
compilation terminated.
configure:8508: $? = 1
configure: failed program was:
| /* confdefs.h */
| #define PACKAGE_NAME "libnetfilter_conntrack"
| #define PACKAGE_TARNAME "libnetfilter_conntrack"
| #define PACKAGE_VERSION "1.0.9"
| #define PACKAGE_STRING "libnetfilter_conntrack 1.0.9"
| #define PACKAGE_BUGREPORT ""
| #define PACKAGE_URL ""
| #define PACKAGE "libnetfilter_conntrack"
| #define VERSION "1.0.9"
| /* end confdefs.h.  */
| #include <ac_nonexistent.h>
configure:8537: checking for ANSI C header files
configure:8557: mipsel-openwrt-linux-musl-gcc -c -Os -pipe -mno-branch-likely -mips32r2 -mtune=24kc -fno-caller-saves -fno-plt -fhonour-copts -msoft-float -fmacro-prefix-map=/home/notlean/openwrt-uboost/build_dir/target-mipsel_24kc_musl/libnetfilter_conntrack-1.0.9=libnetfilter_conntrack-1.0.9 -mips16 -minterlink-mips16 -Wformat -Werror=format-security -fstack-protector -D_FORTIFY_SOURCE=1 -Wl,-z,now -Wl,-z,relro -DPIC -fpic  -I/home/notlean/openwrt-uboost/staging_dir/toolchain-mipsel_24kc_gcc-12.3.0_musl/usr/include -I/home/notlean/openwrt-uboost/staging_dir/toolchain-mipsel_24kc_gcc-12.3.0_musl/include/fortify -I/home/notlean/openwrt-uboost/staging_dir/toolchain-mipsel_24kc_gcc-12.3.0_musl/include  conftest.c >&5
configure:8557: $? = 0
configure:8641: result: yes
configure:8654: checking for sys/types.h
configure:8654: mipsel-openwrt-linux-musl-gcc -c -Os -pipe -mno-branch-likely -mips32r2 -mtune=24kc -fno-caller-saves -fno-plt -fhonour-copts -msoft-float -fmacro-prefix-map=/home/notlean/openwrt-uboost/build_dir/target-mipsel_24kc_musl/libnetfilter_conntrack-1.0.9=libnetfilter_conntrack-1.0.9 -mips16 -minterlink-mips16 -Wformat -Werror=format-security -fstack-protector -D_FORTIFY_SOURCE=1 -Wl,-z,now -Wl,-z,relro -DPIC -fpic  -I/home/notlean/openwrt-uboost/staging_dir/toolchain-mipsel_24kc_gcc-12.3.0_musl/usr/include -I/home/notlean/openwrt-uboost/staging_dir/toolchain-mipsel_24kc_gcc-12.3.0_musl/include/fortify -I/home/notlean/openwrt-uboost/staging_dir/toolchain-mipsel_24kc_gcc-12.3.0_musl/include  conftest.c >&5
configure:8654: $? = 0
configure:8654: result: yes
configure:8654: checking for sys/stat.h
configure:8654: mipsel-openwrt-linux-musl-gcc -c -Os -pipe -mno-branch-likely -mips32r2 -mtune=24kc -fno-caller-saves -fno-plt -fhonour-copts -msoft-float -fmacro-prefix-map=/home/notlean/openwrt-uboost/build_dir/target-mipsel_24kc_musl/libnetfilter_conntrack-1.0.9=libnetfilter_conntrack-1.0.9 -mips16 -minterlink-mips16 -Wformat -Werror=format-security -fstack-protector -D_FORTIFY_SOURCE=1 -Wl,-z,now -Wl,-z,relro -DPIC -fpic  -I/home/notlean/openwrt-uboost/staging_dir/toolchain-mipsel_24kc_gcc-12.3.0_musl/usr/include -I/home/notlean/openwrt-uboost/staging_dir/toolchain-mipsel_24kc_gcc-12.3.0_musl/include/fortify -I/home/notlean/openwrt-uboost/staging_dir/toolchain-mipsel_24kc_gcc-12.3.0_musl/include  conftest.c >&5
configure:8654: $? = 0
configure:8654: result: yes
configure:8654: checking for stdlib.h
configure:8654: mipsel-openwrt-linux-musl-gcc -c -Os -pipe -mno-branch-likely -mips32r2 -mtune=24kc -fno-caller-saves -fno-plt -fhonour-copts -msoft-float -fmacro-prefix-map=/home/notlean/openwrt-uboost/build_dir/target-mipsel_24kc_musl/libnetfilter_conntrack-1.0.9=libnetfilter_conntrack-1.0.9 -mips16 -minterlink-mips16 -Wformat -Werror=format-security -fstack-protector -D_FORTIFY_SOURCE=1 -Wl,-z,now -Wl,-z,relro -DPIC -fpic  -I/home/notlean/openwrt-uboost/staging_dir/toolchain-mipsel_24kc_gcc-12.3.0_musl/usr/include -I/home/notlean/openwrt-uboost/staging_dir/toolchain-mipsel_24kc_gcc-12.3.0_musl/include/fortify -I/home/notlean/openwrt-uboost/staging_dir/toolchain-mipsel_24kc_gcc-12.3.0_musl/include  conftest.c >&5
configure:8654: $? = 0
configure:8654: result: yes
configure:8654: checking for string.h
configure:8654: mipsel-openwrt-linux-musl-gcc -c -Os -pipe -mno-branch-likely -mips32r2 -mtune=24kc -fno-caller-saves -fno-plt -fhonour-copts -msoft-float -fmacro-prefix-map=/home/notlean/openwrt-uboost/build_dir/target-mipsel_24kc_musl/libnetfilter_conntrack-1.0.9=libnetfilter_conntrack-1.0.9 -mips16 -minterlink-mips16 -Wformat -Werror=format-security -fstack-protector -D_FORTIFY_SOURCE=1 -Wl,-z,now -Wl,-z,relro -DPIC -fpic  -I/home/notlean/openwrt-uboost/staging_dir/toolchain-mipsel_24kc_gcc-12.3.0_musl/usr/include -I/home/notlean/openwrt-uboost/staging_dir/toolchain-mipsel_24kc_gcc-12.3.0_musl/include/fortify -I/home/notlean/openwrt-uboost/staging_dir/toolchain-mipsel_24kc_gcc-12.3.0_musl/include  conftest.c >&5
configure:8654: $? = 0
configure:8654: result: yes
configure:8654: checking for memory.h
configure:8654: mipsel-openwrt-linux-musl-gcc -c -Os -pipe -mno-branch-likely -mips32r2 -mtune=24kc -fno-caller-saves -fno-plt -fhonour-copts -msoft-float -fmacro-prefix-map=/home/notlean/openwrt-uboost/build_dir/target-mipsel_24kc_musl/libnetfilter_conntrack-1.0.9=libnetfilter_conntrack-1.0.9 -mips16 -minterlink-mips16 -Wformat -Werror=format-security -fstack-protector -D_FORTIFY_SOURCE=1 -Wl,-z,now -Wl,-z,relro -DPIC -fpic  -I/home/notlean/openwrt-uboost/staging_dir/toolchain-mipsel_24kc_gcc-12.3.0_musl/usr/include -I/home/notlean/openwrt-uboost/staging_dir/toolchain-mipsel_24kc_gcc-12.3.0_musl/include/fortify -I/home/notlean/openwrt-uboost/staging_dir/toolchain-mipsel_24kc_gcc-12.3.0_musl/include  conftest.c >&5
configure:8654: $? = 0
configure:8654: result: yes
configure:8654: checking for strings.h
configure:8654: mipsel-openwrt-linux-musl-gcc -c -Os -pipe -mno-branch-likely -mips32r2 -mtune=24kc -fno-caller-saves -fno-plt -fhonour-copts -msoft-float -fmacro-prefix-map=/home/notlean/openwrt-uboost/build_dir/target-mipsel_24kc_musl/libnetfilter_conntrack-1.0.9=libnetfilter_conntrack-1.0.9 -mips16 -minterlink-mips16 -Wformat -Werror=format-security -fstack-protector -D_FORTIFY_SOURCE=1 -Wl,-z,now -Wl,-z,relro -DPIC -fpic  -I/home/notlean/openwrt-uboost/staging_dir/toolchain-mipsel_24kc_gcc-12.3.0_musl/usr/include -I/home/notlean/openwrt-uboost/staging_dir/toolchain-mipsel_24kc_gcc-12.3.0_musl/include/fortify -I/home/notlean/openwrt-uboost/staging_dir/toolchain-mipsel_24kc_gcc-12.3.0_musl/include  conftest.c >&5
configure:8654: $? = 0
configure:8654: result: yes
configure:8654: checking for inttypes.h
configure:8654: mipsel-openwrt-linux-musl-gcc -c -Os -pipe -mno-branch-likely -mips32r2 -mtune=24kc -fno-caller-saves -fno-plt -fhonour-copts -msoft-float -fmacro-prefix-map=/home/notlean/openwrt-uboost/build_dir/target-mipsel_24kc_musl/libnetfilter_conntrack-1.0.9=libnetfilter_conntrack-1.0.9 -mips16 -minterlink-mips16 -Wformat -Werror=format-security -fstack-protector -D_FORTIFY_SOURCE=1 -Wl,-z,now -Wl,-z,relro -DPIC -fpic  -I/home/notlean/openwrt-uboost/staging_dir/toolchain-mipsel_24kc_gcc-12.3.0_musl/usr/include -I/home/notlean/openwrt-uboost/staging_dir/toolchain-mipsel_24kc_gcc-12.3.0_musl/include/fortify -I/home/notlean/openwrt-uboost/staging_dir/toolchain-mipsel_24kc_gcc-12.3.0_musl/include  conftest.c >&5
configure:8654: $? = 0
configure:8654: result: yes
configure:8654: checking for stdint.h
configure:8654: mipsel-openwrt-linux-musl-gcc -c -Os -pipe -mno-branch-likely -mips32r2 -mtune=24kc -fno-caller-saves -fno-plt -fhonour-copts -msoft-float -fmacro-prefix-map=/home/notlean/openwrt-uboost/build_dir/target-mipsel_24kc_musl/libnetfilter_conntrack-1.0.9=libnetfilter_conntrack-1.0.9 -mips16 -minterlink-mips16 -Wformat -Werror=format-security -fstack-protector -D_FORTIFY_SOURCE=1 -Wl,-z,now -Wl,-z,relro -DPIC -fpic  -I/home/notlean/openwrt-uboost/staging_dir/toolchain-mipsel_24kc_gcc-12.3.0_musl/usr/include -I/home/notlean/openwrt-uboost/staging_dir/toolchain-mipsel_24kc_gcc-12.3.0_musl/include/fortify -I/home/notlean/openwrt-uboost/staging_dir/toolchain-mipsel_24kc_gcc-12.3.0_musl/include  conftest.c >&5
configure:8654: $? = 0
configure:8654: result: yes
configure:8654: checking for unistd.h
configure:8654: mipsel-openwrt-linux-musl-gcc -c -Os -pipe -mno-branch-likely -mips32r2 -mtune=24kc -fno-caller-saves -fno-plt -fhonour-copts -msoft-float -fmacro-prefix-map=/home/notlean/openwrt-uboost/build_dir/target-mipsel_24kc_musl/libnetfilter_conntrack-1.0.9=libnetfilter_conntrack-1.0.9 -mips16 -minterlink-mips16 -Wformat -Werror=format-security -fstack-protector -D_FORTIFY_SOURCE=1 -Wl,-z,now -Wl,-z,relro -DPIC -fpic  -I/home/notlean/openwrt-uboost/staging_dir/toolchain-mipsel_24kc_gcc-12.3.0_musl/usr/include -I/home/notlean/openwrt-uboost/staging_dir/toolchain-mipsel_24kc_gcc-12.3.0_musl/include/fortify -I/home/notlean/openwrt-uboost/staging_dir/toolchain-mipsel_24kc_gcc-12.3.0_musl/include  conftest.c >&5
configure:8654: $? = 0
configure:8654: result: yes
configure:8668: checking for dlfcn.h
configure:8668: mipsel-openwrt-linux-musl-gcc -c -Os -pipe -mno-branch-likely -mips32r2 -mtune=24kc -fno-caller-saves -fno-plt -fhonour-copts -msoft-float -fmacro-prefix-map=/home/notlean/openwrt-uboost/build_dir/target-mipsel_24kc_musl/libnetfilter_conntrack-1.0.9=libnetfilter_conntrack-1.0.9 -mips16 -minterlink-mips16 -Wformat -Werror=format-security -fstack-protector -D_FORTIFY_SOURCE=1 -Wl,-z,now -Wl,-z,relro -DPIC -fpic  -I/home/notlean/openwrt-uboost/staging_dir/toolchain-mipsel_24kc_gcc-12.3.0_musl/usr/include -I/home/notlean/openwrt-uboost/staging_dir/toolchain-mipsel_24kc_gcc-12.3.0_musl/include/fortify -I/home/notlean/openwrt-uboost/staging_dir/toolchain-mipsel_24kc_gcc-12.3.0_musl/include  conftest.c >&5
configure:8668: $? = 0
configure:8668: result: yes
configure:8923: checking for objdir
configure:8938: result: .libs
configure:9202: checking if mipsel-openwrt-linux-musl-gcc supports -fno-rtti -fno-exceptions
configure:9220: mipsel-openwrt-linux-musl-gcc -c -Os -pipe -mno-branch-likely -mips32r2 -mtune=24kc -fno-caller-saves -fno-plt -fhonour-copts -msoft-float -fmacro-prefix-map=/home/notlean/openwrt-uboost/build_dir/target-mipsel_24kc_musl/libnetfilter_conntrack-1.0.9=libnetfilter_conntrack-1.0.9 -mips16 -minterlink-mips16 -Wformat -Werror=format-security -fstack-protector -D_FORTIFY_SOURCE=1 -Wl,-z,now -Wl,-z,relro -DPIC -fpic  -I/home/notlean/openwrt-uboost/staging_dir/toolchain-mipsel_24kc_gcc-12.3.0_musl/usr/include -I/home/notlean/openwrt-uboost/staging_dir/toolchain-mipsel_24kc_gcc-12.3.0_musl/include/fortify -I/home/notlean/openwrt-uboost/staging_dir/toolchain-mipsel_24kc_gcc-12.3.0_musl/include  -fno-rtti -fno-exceptions conftest.c >&5
cc1: warning: command-line option '-fno-rtti' is valid for C++/D/ObjC++ but not for C
configure:9224: $? = 0
configure:9237: result: no
configure:9601: checking for mipsel-openwrt-linux-musl-gcc option to produce PIC
configure:9608: result: -fPIC -DPIC
configure:9616: checking if mipsel-openwrt-linux-musl-gcc PIC flag -fPIC -DPIC works
configure:9634: mipsel-openwrt-linux-musl-gcc -c -Os -pipe -mno-branch-likely -mips32r2 -mtune=24kc -fno-caller-saves -fno-plt -fhonour-copts -msoft-float -fmacro-prefix-map=/home/notlean/openwrt-uboost/build_dir/target-mipsel_24kc_musl/libnetfilter_conntrack-1.0.9=libnetfilter_conntrack-1.0.9 -mips16 -minterlink-mips16 -Wformat -Werror=format-security -fstack-protector -D_FORTIFY_SOURCE=1 -Wl,-z,now -Wl,-z,relro -DPIC -fpic  -I/home/notlean/openwrt-uboost/staging_dir/toolchain-mipsel_24kc_gcc-12.3.0_musl/usr/include -I/home/notlean/openwrt-uboost/staging_dir/toolchain-mipsel_24kc_gcc-12.3.0_musl/include/fortify -I/home/notlean/openwrt-uboost/staging_dir/toolchain-mipsel_24kc_gcc-12.3.0_musl/include  -fPIC -DPIC -DPIC conftest.c >&5
configure:9638: $? = 0
configure:9651: result: yes
configure:9680: checking if mipsel-openwrt-linux-musl-gcc static flag -static works
configure:9708: result: yes
configure:9723: checking if mipsel-openwrt-linux-musl-gcc supports -c -o file.o
configure:9744: mipsel-openwrt-linux-musl-gcc -c -Os -pipe -mno-branch-likely -mips32r2 -mtune=24kc -fno-caller-saves -fno-plt -fhonour-copts -msoft-float -fmacro-prefix-map=/home/notlean/openwrt-uboost/build_dir/target-mipsel_24kc_musl/libnetfilter_conntrack-1.0.9=libnetfilter_conntrack-1.0.9 -mips16 -minterlink-mips16 -Wformat -Werror=format-security -fstack-protector -D_FORTIFY_SOURCE=1 -Wl,-z,now -Wl,-z,relro -DPIC -fpic  -I/home/notlean/openwrt-uboost/staging_dir/toolchain-mipsel_24kc_gcc-12.3.0_musl/usr/include -I/home/notlean/openwrt-uboost/staging_dir/toolchain-mipsel_24kc_gcc-12.3.0_musl/include/fortify -I/home/notlean/openwrt-uboost/staging_dir/toolchain-mipsel_24kc_gcc-12.3.0_musl/include  -o out/conftest2.o conftest.c >&5
configure:9748: $? = 0
configure:9770: result: yes
configure:9778: checking if mipsel-openwrt-linux-musl-gcc supports -c -o file.o
configure:9825: result: yes
configure:9858: checking whether the mipsel-openwrt-linux-musl-gcc linker (mipsel-openwrt-linux-musl-ld) supports shared libraries
configure:11121: result: yes
configure:11158: checking whether -lc should be explicitly linked in
configure:11166: mipsel-openwrt-linux-musl-gcc -c -Os -pipe -mno-branch-likely -mips32r2 -mtune=24kc -fno-caller-saves -fno-plt -fhonour-copts -msoft-float -fmacro-prefix-map=/home/notlean/openwrt-uboost/build_dir/target-mipsel_24kc_musl/libnetfilter_conntrack-1.0.9=libnetfilter_conntrack-1.0.9 -mips16 -minterlink-mips16 -Wformat -Werror=format-security -fstack-protector -D_FORTIFY_SOURCE=1 -Wl,-z,now -Wl,-z,relro -DPIC -fpic  -I/home/notlean/openwrt-uboost/staging_dir/toolchain-mipsel_24kc_gcc-12.3.0_musl/usr/include -I/home/notlean/openwrt-uboost/staging_dir/toolchain-mipsel_24kc_gcc-12.3.0_musl/include/fortify -I/home/notlean/openwrt-uboost/staging_dir/toolchain-mipsel_24kc_gcc-12.3.0_musl/include  conftest.c >&5
configure:11169: $? = 0
configure:11184: mipsel-openwrt-linux-musl-gcc -shared  -fPIC -DPIC conftest.o  -v -Wl,-soname -Wl,conftest -o conftest 2\>\&1 \| /home/notlean/openwrt-uboost/staging_dir/host/bin/grep  -lc  \>/dev/null 2\>\&1
configure:11187: $? = 0
configure:11201: result: no
configure:11361: checking dynamic linker characteristics
configure:11942: mipsel-openwrt-linux-musl-gcc -o conftest -Os -pipe -mno-branch-likely -mips32r2 -mtune=24kc -fno-caller-saves -fno-plt -fhonour-copts -msoft-float -fmacro-prefix-map=/home/notlean/openwrt-uboost/build_dir/target-mipsel_24kc_musl/libnetfilter_conntrack-1.0.9=libnetfilter_conntrack-1.0.9 -mips16 -minterlink-mips16 -Wformat -Werror=format-security -fstack-protector -D_FORTIFY_SOURCE=1 -Wl,-z,now -Wl,-z,relro -DPIC -fpic  -I/home/notlean/openwrt-uboost/staging_dir/toolchain-mipsel_24kc_gcc-12.3.0_musl/usr/include -I/home/notlean/openwrt-uboost/staging_dir/toolchain-mipsel_24kc_gcc-12.3.0_musl/include/fortify -I/home/notlean/openwrt-uboost/staging_dir/toolchain-mipsel_24kc_gcc-12.3.0_musl/include  -L/home/notlean/openwrt-uboost/staging_dir/toolchain-mipsel_24kc_gcc-12.3.0_musl/usr/lib -L/home/notlean/openwrt-uboost/staging_dir/toolchain-mipsel_24kc_gcc-12.3.0_musl/lib -znow -zrelro  -Wl,-rpath -Wl,/foo conftest.c  >&5
configure:11942: $? = 0
configure:12191: result: GNU/Linux ld.so
configure:12313: checking how to hardcode library paths into programs
configure:12338: result: immediate
configure:12886: checking whether stripping libraries is possible
configure:12891: result: yes
configure:12926: checking if libtool supports shared libraries
configure:12928: result: yes
configure:12931: checking whether to build shared libraries
configure:12956: result: yes
configure:12959: checking whether to build static libraries
configure:12963: result: yes
configure:13001: checking whether ln -s works
configure:13005: result: yes
configure:13127: checking pkg-config is at least version 0.9.0
configure:13130: result: yes
configure:13140: checking for libnfnetlink >= 1.0.0
configure:13147: $PKG_CONFIG --exists --print-errors "libnfnetlink >= 1.0.0"
configure:13150: $? = 0
configure:13164: $PKG_CONFIG --exists --print-errors "libnfnetlink >= 1.0.0"
configure:13167: $? = 0
configure:13225: result: yes
configure:13231: checking for libmnl >= 1.0.3
configure:13238: $PKG_CONFIG --exists --print-errors "libmnl >= 1.0.3"
configure:13241: $? = 0
configure:13255: $PKG_CONFIG --exists --print-errors "libmnl >= 1.0.3"
configure:13258: $? = 0
configure:13316: result: yes
configure:13323: checking arpa/inet.h usability
configure:13323: mipsel-openwrt-linux-musl-gcc -c -Os -pipe -mno-branch-likely -mips32r2 -mtune=24kc -fno-caller-saves -fno-plt -fhonour-copts -msoft-float -fmacro-prefix-map=/home/notlean/openwrt-uboost/build_dir/target-mipsel_24kc_musl/libnetfilter_conntrack-1.0.9=libnetfilter_conntrack-1.0.9 -mips16 -minterlink-mips16 -Wformat -Werror=format-security -fstack-protector -D_FORTIFY_SOURCE=1 -Wl,-z,now -Wl,-z,relro -DPIC -fpic  -I/home/notlean/openwrt-uboost/staging_dir/toolchain-mipsel_24kc_gcc-12.3.0_musl/usr/include -I/home/notlean/openwrt-uboost/staging_dir/toolchain-mipsel_24kc_gcc-12.3.0_musl/include/fortify -I/home/notlean/openwrt-uboost/staging_dir/toolchain-mipsel_24kc_gcc-12.3.0_musl/include  conftest.c >&5
configure:13323: $? = 0
configure:13323: result: yes
configure:13323: checking arpa/inet.h presence
configure:13323: mipsel-openwrt-linux-musl-gcc -E -I/home/notlean/openwrt-uboost/staging_dir/toolchain-mipsel_24kc_gcc-12.3.0_musl/usr/include -I/home/notlean/openwrt-uboost/staging_dir/toolchain-mipsel_24kc_gcc-12.3.0_musl/include/fortify -I/home/notlean/openwrt-uboost/staging_dir/toolchain-mipsel_24kc_gcc-12.3.0_musl/include  conftest.c
configure:13323: $? = 0
configure:13323: result: yes
configure:13323: checking for arpa/inet.h
configure:13323: result: yes
configure:13335: checking for inet_ntop
configure:13335: mipsel-openwrt-linux-musl-gcc -o conftest -Os -pipe -mno-branch-likely -mips32r2 -mtune=24kc -fno-caller-saves -fno-plt -fhonour-copts -msoft-float -fmacro-prefix-map=/home/notlean/openwrt-uboost/build_dir/target-mipsel_24kc_musl/libnetfilter_conntrack-1.0.9=libnetfilter_conntrack-1.0.9 -mips16 -minterlink-mips16 -Wformat -Werror=format-security -fstack-protector -D_FORTIFY_SOURCE=1 -Wl,-z,now -Wl,-z,relro -DPIC -fpic  -I/home/notlean/openwrt-uboost/staging_dir/toolchain-mipsel_24kc_gcc-12.3.0_musl/usr/include -I/home/notlean/openwrt-uboost/staging_dir/toolchain-mipsel_24kc_gcc-12.3.0_musl/include/fortify -I/home/notlean/openwrt-uboost/staging_dir/toolchain-mipsel_24kc_gcc-12.3.0_musl/include  -L/home/notlean/openwrt-uboost/staging_dir/toolchain-mipsel_24kc_gcc-12.3.0_musl/usr/lib -L/home/notlean/openwrt-uboost/staging_dir/toolchain-mipsel_24kc_gcc-12.3.0_musl/lib -znow -zrelro  conftest.c  >&5
configure:13335: $? = 0
configure:13335: result: yes
configure:13346: checking for setns
configure:13346: mipsel-openwrt-linux-musl-gcc -o conftest -Os -pipe -mno-branch-likely -mips32r2 -mtune=24kc -fno-caller-saves -fno-plt -fhonour-copts -msoft-float -fmacro-prefix-map=/home/notlean/openwrt-uboost/build_dir/target-mipsel_24kc_musl/libnetfilter_conntrack-1.0.9=libnetfilter_conntrack-1.0.9 -mips16 -minterlink-mips16 -Wformat -Werror=format-security -fstack-protector -D_FORTIFY_SOURCE=1 -Wl,-z,now -Wl,-z,relro -DPIC -fpic  -I/home/notlean/openwrt-uboost/staging_dir/toolchain-mipsel_24kc_gcc-12.3.0_musl/usr/include -I/home/notlean/openwrt-uboost/staging_dir/toolchain-mipsel_24kc_gcc-12.3.0_musl/include/fortify -I/home/notlean/openwrt-uboost/staging_dir/toolchain-mipsel_24kc_gcc-12.3.0_musl/include  -L/home/notlean/openwrt-uboost/staging_dir/toolchain-mipsel_24kc_gcc-12.3.0_musl/usr/lib -L/home/notlean/openwrt-uboost/staging_dir/toolchain-mipsel_24kc_gcc-12.3.0_musl/lib -znow -zrelro  conftest.c  >&5
configure:13346: $? = 0
configure:13346: result: yes
configure:13356: checking if inet_ntop supports IPv6
configure:13359: result: no
configure:13511: checking that generated files are newer than configure
configure:13517: result: done
configure:13544: creating ./config.status

## ---------------------- ##
## Running config.status. ##
## ---------------------- ##

This file was extended by libnetfilter_conntrack config.status 1.0.9, which was
generated by GNU Autoconf 2.69.  Invocation command line was

  CONFIG_FILES    = 
  CONFIG_HEADERS  = 
  CONFIG_LINKS    = 
  CONFIG_COMMANDS = 
  $ ./config.status 

on Notlean

config.status:1111: creating Makefile
config.status:1111: creating src/Makefile
config.status:1111: creating include/Makefile
config.status:1111: creating utils/Makefile
config.status:1111: creating examples/Makefile
config.status:1111: creating tests/Makefile
config.status:1111: creating include/libnetfilter_conntrack/Makefile
config.status:1111: creating include/internal/Makefile
config.status:1111: creating src/conntrack/Makefile
config.status:1111: creating src/expect/Makefile
config.status:1111: creating libnetfilter_conntrack.pc
config.status:1111: creating doxygen.cfg
config.status:1111: creating config.h
config.status:1340: executing depfiles commands
config.status:1340: executing libtool commands
configure:15696: WARNING: unrecognized options: --disable-nls

## ---------------- ##
## Cache variables. ##
## ---------------- ##

ac_cv_build=x86_64-pc-linux-gnu
ac_cv_c_bigendian=no
ac_cv_c_compiler_gnu=yes
ac_cv_c_gettext_without_libintl=yes
ac_cv_c_littleendian=yes
ac_cv_c_long_double=no
ac_cv_conv_longlong_to_float=yes
ac_cv_env_CC_set=set
ac_cv_env_CC_value=mipsel-openwrt-linux-musl-gcc
ac_cv_env_CFLAGS_set=set
ac_cv_env_CFLAGS_value='-Os -pipe -mno-branch-likely -mips32r2 -mtune=24kc -fno-caller-saves -fno-plt -fhonour-copts -msoft-float -fmacro-prefix-map=/home/notlean/openwrt-uboost/build_dir/target-mipsel_24kc_musl/libnetfilter_conntrack-1.0.9=libnetfilter_conntrack-1.0.9 -mips16 -minterlink-mips16 -Wformat -Werror=format-security -fstack-protector -D_FORTIFY_SOURCE=1 -Wl,-z,now -Wl,-z,relro -DPIC -fpic '
ac_cv_env_CPPFLAGS_set=set
ac_cv_env_CPPFLAGS_value='-I/home/notlean/openwrt-uboost/staging_dir/toolchain-mipsel_24kc_gcc-12.3.0_musl/usr/include -I/home/notlean/openwrt-uboost/staging_dir/toolchain-mipsel_24kc_gcc-12.3.0_musl/include/fortify -I/home/notlean/openwrt-uboost/staging_dir/toolchain-mipsel_24kc_gcc-12.3.0_musl/include '
ac_cv_env_CPP_set=
ac_cv_env_CPP_value=
ac_cv_env_LDFLAGS_set=set
ac_cv_env_LDFLAGS_value='-L/home/notlean/openwrt-uboost/staging_dir/toolchain-mipsel_24kc_gcc-12.3.0_musl/usr/lib -L/home/notlean/openwrt-uboost/staging_dir/toolchain-mipsel_24kc_gcc-12.3.0_musl/lib -znow -zrelro '
ac_cv_env_LIBMNL_CFLAGS_set=
ac_cv_env_LIBMNL_CFLAGS_value=
ac_cv_env_LIBMNL_LIBS_set=
ac_cv_env_LIBMNL_LIBS_value=
ac_cv_env_LIBNFNETLINK_CFLAGS_set=
ac_cv_env_LIBNFNETLINK_CFLAGS_value=
ac_cv_env_LIBNFNETLINK_LIBS_set=
ac_cv_env_LIBNFNETLINK_LIBS_value=
ac_cv_env_LIBS_set=
ac_cv_env_LIBS_value=
ac_cv_env_LT_SYS_LIBRARY_PATH_set=
ac_cv_env_LT_SYS_LIBRARY_PATH_value=
ac_cv_env_PKG_CONFIG_LIBDIR_set=set
ac_cv_env_PKG_CONFIG_LIBDIR_value=/home/notlean/openwrt-uboost/staging_dir/target-mipsel_24kc_musl/usr/lib/pkgconfig:/home/notlean/openwrt-uboost/staging_dir/target-mipsel_24kc_musl/usr/share/pkgconfig
ac_cv_env_PKG_CONFIG_PATH_set=set
ac_cv_env_PKG_CONFIG_PATH_value=/home/notlean/openwrt-uboost/staging_dir/target-mipsel_24kc_musl/usr/lib/pkgconfig:/home/notlean/openwrt-uboost/staging_dir/target-mipsel_24kc_musl/usr/share/pkgconfig
ac_cv_env_PKG_CONFIG_set=set
ac_cv_env_PKG_CONFIG_value=/home/notlean/openwrt-uboost/staging_dir/host/bin/pkg-config
ac_cv_env_build_alias_set=set
ac_cv_env_build_alias_value=x86_64-pc-linux-gnu
ac_cv_env_host_alias_set=set
ac_cv_env_host_alias_value=mipsel-openwrt-linux
ac_cv_env_target_alias_set=set
ac_cv_env_target_alias_value=mipsel-openwrt-linux
ac_cv_file__dev_zero=yes
ac_cv_func___adjtimex=yes
ac_cv_func___va_copy=no
ac_cv_func__exit=yes
ac_cv_func_bcmp=yes
ac_cv_func_bcopy=yes
ac_cv_func_bzero=yes
ac_cv_func_cimag=yes
ac_cv_func_creal=yes
ac_cv_func_fchmod=yes
ac_cv_func_getaddrinfo=yes
ac_cv_func_getcwd=yes
ac_cv_func_getdomainname=yes
ac_cv_func_getpgrp_void=yes
ac_cv_func_getpwuid_r=yes
ac_cv_func_gettimeofday=yes
ac_cv_func_index=yes
ac_cv_func_inet_ntop=yes
ac_cv_func_lstat=yes
ac_cv_func_lstat_dereferences_slashed_symlink=yes
ac_cv_func_lstat_empty_string_bug=no
ac_cv_func_malloc_0_nonnull=yes
ac_cv_func_malloc_works=yes
ac_cv_func_memcmp_clean=yes
ac_cv_func_memcmp_working=yes
ac_cv_func_posix_getgrgid_r=yes
ac_cv_func_posix_getpwuid_r=yes
ac_cv_func_psignal=yes
ac_cv_func_pthread_key_delete=yes
ac_cv_func_realloc_0_nonnull=yes
ac_cv_func_realloc_works=yes
ac_cv_func_rename=yes
ac_cv_func_rindex=yes
ac_cv_func_setgrent_void=yes
ac_cv_func_setlocale=yes
ac_cv_func_setns=yes
ac_cv_func_setpgrp_void=yes
ac_cv_func_setresuid=no
ac_cv_func_setvbuf_reversed=no
ac_cv_func_stat_empty_string_bug=no
ac_cv_func_stat_ignores_trailing_slash=no
ac_cv_func_strerror=yes
ac_cv_func_strftime=yes
ac_cv_func_utimes=yes
ac_cv_func_va_copy=no
ac_cv_func_vsnprintf=yes
ac_cv_have_accrights_in_msghdr=no
ac_cv_have_broken_snprintf=no
ac_cv_have_control_in_msghdr=yes
ac_cv_have_decl_sys_siglist=no
ac_cv_have_openpty_ctty_bug=yes
ac_cv_have_space_d_name_in_struct_dirent=yes
ac_cv_header_arpa_inet_h=yes
ac_cv_header_dlfcn_h=yes
ac_cv_header_inttypes_h=yes
ac_cv_header_memory_h=yes
ac_cv_header_netinet_sctp_h=no
ac_cv_header_netinet_sctp_uio_h=no
ac_cv_header_stdc=yes
ac_cv_header_stdint_h=yes
ac_cv_header_stdlib_h=yes
ac_cv_header_string_h=yes
ac_cv_header_strings_h=yes
ac_cv_header_sys_stat_h=yes
ac_cv_header_sys_types_h=yes
ac_cv_header_unistd_h=yes
ac_cv_host=mipsel-openwrt-linux-gnu
ac_cv_int64_t=yes
ac_cv_lbl_unaligned_fail=no
ac_cv_linux_kernel_pppoe=yes
ac_cv_linux_vers=2
ac_cv_objext=o
ac_cv_pack_bitfields_reversed=yes
ac_cv_path_EGREP='/home/notlean/openwrt-uboost/staging_dir/host/bin/grep -E'
ac_cv_path_FGREP='/home/notlean/openwrt-uboost/staging_dir/host/bin/grep -F'
ac_cv_path_GREP=/home/notlean/openwrt-uboost/staging_dir/host/bin/grep
ac_cv_path_LDCONFIG=
ac_cv_path_SED=/home/notlean/openwrt-uboost/staging_dir/host/bin/sed
ac_cv_path_install='/home/notlean/openwrt-uboost/staging_dir/host/bin/install -c'
ac_cv_path_lt_DD=/usr/bin/dd
ac_cv_path_mkdir=/usr/bin/mkdir
ac_cv_prog_AR=mipsel-openwrt-linux-musl-gcc-ar
ac_cv_prog_AWK=gawk
ac_cv_prog_CC=mipsel-openwrt-linux-musl-gcc
ac_cv_prog_CPP='mipsel-openwrt-linux-musl-gcc -E'
ac_cv_prog_OBJDUMP=mipsel-openwrt-linux-musl-objdump
ac_cv_prog_RANLIB=mipsel-openwrt-linux-musl-gcc-ranlib
ac_cv_prog_STRIP=mipsel-openwrt-linux-musl-strip
ac_cv_prog_ac_ct_MANIFEST_TOOL=mt
ac_cv_prog_cc_c89=
ac_cv_prog_cc_g=yes
ac_cv_prog_make_make_set=yes
ac_cv_regexec_segfault_emptystr=no
ac_cv_sctp=no
ac_cv_sizeof___int64=0
ac_cv_sizeof_char=1
ac_cv_sizeof_int16_t=2
ac_cv_sizeof_int32_t=4
ac_cv_sizeof_int64_t=8
ac_cv_sizeof_int=4
ac_cv_sizeof_long=4
ac_cv_sizeof_long_int=4
ac_cv_sizeof_long_long=8
ac_cv_sizeof_off_t=8
ac_cv_sizeof_short=2
ac_cv_sizeof_short_int=2
ac_cv_sizeof_size_t=4
ac_cv_sizeof_ssize_t=4
ac_cv_sizeof_u_int16_t=2
ac_cv_sizeof_u_int32_t=4
ac_cv_sizeof_u_int64_t=8
ac_cv_sizeof_uint16_t=2
ac_cv_sizeof_uint32_t=4
ac_cv_sizeof_uint64_t=8
ac_cv_sizeof_unsigned_int=4
ac_cv_sizeof_unsigned_long=4
ac_cv_sizeof_unsigned_long_long=8
ac_cv_sizeof_unsigned_short=2
ac_cv_sizeof_void_p=4
ac_cv_sys_restartable_syscalls=yes
ac_cv_time_r_type=POSIX
ac_cv_type_suseconds_t=yes
ac_cv_uchar=no
ac_cv_uint64_t=yes
ac_cv_uint=yes
ac_cv_ulong=yes
ac_cv_ushort=yes
ac_cv_va_copy=C99
ac_cv_va_val_copy=yes
am_cv_CC_dependencies_compiler_type=none
am_cv_ar_interface=ar
am_cv_make_support_nested_variables=yes
am_cv_prog_cc_c_o=yes
am_cv_prog_tar_pax=gnutar
as_cv_unaligned_access=yes
lt_cv_ar_at_file=@
lt_cv_archive_cmds_need_lc=no
lt_cv_deplibs_check_method=pass_all
lt_cv_file_magic_cmd='$MAGIC_CMD'
lt_cv_file_magic_test_file=
lt_cv_ld_reload_flag=-r
lt_cv_nm_interface='BSD nm'
lt_cv_objdir=.libs
lt_cv_path_LD=mipsel-openwrt-linux-musl-ld
lt_cv_path_NM=mipsel-openwrt-linux-musl-gcc-nm
lt_cv_path_mainfest_tool=no
lt_cv_prog_compiler_c_o=yes
lt_cv_prog_compiler_pic='-fPIC -DPIC'
lt_cv_prog_compiler_pic_works=yes
lt_cv_prog_compiler_rtti_exceptions=no
lt_cv_prog_compiler_static_works=yes
lt_cv_prog_gnu_ld=yes
lt_cv_sharedlib_from_linklib_cmd='printf %s\n'
lt_cv_shlibpath_overrides_runpath=no
lt_cv_sys_global_symbol_pipe='sed -n -e '\''s/^.*[	 ]\([ABCDGIRSTW][ABCDGIRSTW]*\)[	 ][	 ]*\([_A-Za-z][_A-Za-z0-9]*\)$/\1 \2 \2/p'\'' | sed '\''/ __gnu_lto/d'\'''
lt_cv_sys_global_symbol_to_c_name_address='sed -n -e '\''s/^: \(.*\) .*$/  {"\1", (void *) 0},/p'\'' -e '\''s/^[ABCDGIRSTW][ABCDGIRSTW]* .* \(.*\)$/  {"\1", (void *) \&\1},/p'\'''
lt_cv_sys_global_symbol_to_c_name_address_lib_prefix='sed -n -e '\''s/^: \(.*\) .*$/  {"\1", (void *) 0},/p'\'' -e '\''s/^[ABCDGIRSTW][ABCDGIRSTW]* .* \(lib.*\)$/  {"\1", (void *) \&\1},/p'\'' -e '\''s/^[ABCDGIRSTW][ABCDGIRSTW]* .* \(.*\)$/  {"lib\1", (void *) \&\1},/p'\'''
lt_cv_sys_global_symbol_to_cdecl='sed -n -e '\''s/^T .* \(.*\)$/extern int \1();/p'\'' -e '\''s/^[ABCDGIRSTW][ABCDGIRSTW]* .* \(.*\)$/extern char \1;/p'\'''
lt_cv_sys_global_symbol_to_import=
lt_cv_sys_max_cmd_len=1572864
lt_cv_to_host_file_cmd=func_convert_file_noop
lt_cv_to_tool_file_cmd=func_convert_file_noop
lt_cv_truncate_bin='/usr/bin/dd bs=4096 count=1'
pkg_cv_LIBMNL_CFLAGS=-I/home/notlean/openwrt-uboost/staging_dir/target-mipsel_24kc_musl/usr/include
pkg_cv_LIBMNL_LIBS='-L/home/notlean/openwrt-uboost/staging_dir/target-mipsel_24kc_musl/usr/lib -lmnl'
pkg_cv_LIBNFNETLINK_CFLAGS=-I/home/notlean/openwrt-uboost/staging_dir/target-mipsel_24kc_musl/usr/include
pkg_cv_LIBNFNETLINK_LIBS='-L/home/notlean/openwrt-uboost/staging_dir/target-mipsel_24kc_musl/usr/lib -lnfnetlink'

## ----------------- ##
## Output variables. ##
## ----------------- ##

ACLOCAL='${SHELL} '\''/home/notlean/openwrt-uboost/build_dir/target-mipsel_24kc_musl/libnetfilter_conntrack-1.0.9/build-aux/missing'\'' aclocal-1.16'
AMDEPBACKSLASH=''
AMDEP_FALSE=''
AMDEP_TRUE='#'
AMTAR='$${TAR-tar}'
AM_BACKSLASH='\'
AM_DEFAULT_V='$(AM_DEFAULT_VERBOSITY)'
AM_DEFAULT_VERBOSITY='0'
AM_V='$(V)'
AR='mipsel-openwrt-linux-musl-gcc-ar'
AUTOCONF='${SHELL} '\''/home/notlean/openwrt-uboost/build_dir/target-mipsel_24kc_musl/libnetfilter_conntrack-1.0.9/build-aux/missing'\'' autoconf'
AUTOHEADER='${SHELL} '\''/home/notlean/openwrt-uboost/build_dir/target-mipsel_24kc_musl/libnetfilter_conntrack-1.0.9/build-aux/missing'\'' autoheader'
AUTOMAKE='${SHELL} '\''/home/notlean/openwrt-uboost/build_dir/target-mipsel_24kc_musl/libnetfilter_conntrack-1.0.9/build-aux/missing'\'' automake-1.16'
AWK='gawk'
CC='mipsel-openwrt-linux-musl-gcc'
CCDEPMODE='depmode=none'
CFLAGS='-Os -pipe -mno-branch-likely -mips32r2 -mtune=24kc -fno-caller-saves -fno-plt -fhonour-copts -msoft-float -fmacro-prefix-map=/home/notlean/openwrt-uboost/build_dir/target-mipsel_24kc_musl/libnetfilter_conntrack-1.0.9=libnetfilter_conntrack-1.0.9 -mips16 -minterlink-mips16 -Wformat -Werror=format-security -fstack-protector -D_FORTIFY_SOURCE=1 -Wl,-z,now -Wl,-z,relro -DPIC -fpic '
CPP='mipsel-openwrt-linux-musl-gcc -E'
CPPFLAGS='-I/home/notlean/openwrt-uboost/staging_dir/toolchain-mipsel_24kc_gcc-12.3.0_musl/usr/include -I/home/notlean/openwrt-uboost/staging_dir/toolchain-mipsel_24kc_gcc-12.3.0_musl/include/fortify -I/home/notlean/openwrt-uboost/staging_dir/toolchain-mipsel_24kc_gcc-12.3.0_musl/include '
CYGPATH_W='echo'
DEFS='-DHAVE_CONFIG_H'
DEPDIR='.deps'
DLLTOOL='false'
DSYMUTIL=''
DUMPBIN=''
ECHO_C=''
ECHO_N='-n'
ECHO_T=''
EGREP='/home/notlean/openwrt-uboost/staging_dir/host/bin/grep -E'
EXEEXT=''
FGREP='/home/notlean/openwrt-uboost/staging_dir/host/bin/grep -F'
GREP='/home/notlean/openwrt-uboost/staging_dir/host/bin/grep'
INSTALL_DATA='${INSTALL} -m 644'
INSTALL_PROGRAM='${INSTALL}'
INSTALL_SCRIPT='${INSTALL}'
INSTALL_STRIP_PROGRAM='$(install_sh) -c -s'
LD='mipsel-openwrt-linux-musl-ld'
LDFLAGS='-L/home/notlean/openwrt-uboost/staging_dir/toolchain-mipsel_24kc_gcc-12.3.0_musl/usr/lib -L/home/notlean/openwrt-uboost/staging_dir/toolchain-mipsel_24kc_gcc-12.3.0_musl/lib -znow -zrelro '
LIBMNL_CFLAGS='-I/home/notlean/openwrt-uboost/staging_dir/target-mipsel_24kc_musl/usr/include'
LIBMNL_LIBS='-L/home/notlean/openwrt-uboost/staging_dir/target-mipsel_24kc_musl/usr/lib -lmnl'
LIBNFNETLINK_CFLAGS='-I/home/notlean/openwrt-uboost/staging_dir/target-mipsel_24kc_musl/usr/include'
LIBNFNETLINK_LIBS='-L/home/notlean/openwrt-uboost/staging_dir/target-mipsel_24kc_musl/usr/lib -lnfnetlink'
LIBOBJS=''
LIBS=''
LIBTOOL='$(SHELL) $(top_builddir)/libtool'
LIPO=''
LN_S='ln -s'
LTLIBOBJS=''
LT_SYS_LIBRARY_PATH=''
MAKEINFO='${SHELL} '\''/home/notlean/openwrt-uboost/build_dir/target-mipsel_24kc_musl/libnetfilter_conntrack-1.0.9/build-aux/missing'\'' makeinfo'
MANIFEST_TOOL=':'
MKDIR_P='/usr/bin/mkdir -p'
NM='mipsel-openwrt-linux-musl-gcc-nm'
NMEDIT=''
OBJDUMP='mipsel-openwrt-linux-musl-objdump'
OBJEXT='o'
OTOOL64=''
OTOOL=''
PACKAGE='libnetfilter_conntrack'
PACKAGE_BUGREPORT=''
PACKAGE_NAME='libnetfilter_conntrack'
PACKAGE_STRING='libnetfilter_conntrack 1.0.9'
PACKAGE_TARNAME='libnetfilter_conntrack'
PACKAGE_URL=''
PACKAGE_VERSION='1.0.9'
PATH_SEPARATOR=':'
PKG_CONFIG='/home/notlean/openwrt-uboost/staging_dir/host/bin/pkg-config'
PKG_CONFIG_LIBDIR='/home/notlean/openwrt-uboost/staging_dir/target-mipsel_24kc_musl/usr/lib/pkgconfig:/home/notlean/openwrt-uboost/staging_dir/target-mipsel_24kc_musl/usr/share/pkgconfig'
PKG_CONFIG_PATH='/home/notlean/openwrt-uboost/staging_dir/target-mipsel_24kc_musl/usr/lib/pkgconfig:/home/notlean/openwrt-uboost/staging_dir/target-mipsel_24kc_musl/usr/share/pkgconfig'
RANLIB='mipsel-openwrt-linux-musl-gcc-ranlib'
SED='/home/notlean/openwrt-uboost/staging_dir/host/bin/sed'
SET_MAKE=''
SHELL='/bin/bash'
STRIP='mipsel-openwrt-linux-musl-strip'
VERSION='1.0.9'
ac_ct_AR=''
ac_ct_CC=''
ac_ct_DUMPBIN=''
am__EXEEXT_FALSE=''
am__EXEEXT_TRUE='#'
am__fastdepCC_FALSE=''
am__fastdepCC_TRUE='#'
am__include='include'
am__isrc=''
am__leading_dot='.'
am__nodep=''
am__quote=''
am__tar='tar --format=posix -chf - "$$tardir"'
am__untar='tar -xf -'
bindir='/usr/bin'
build='x86_64-pc-linux-gnu'
build_alias='x86_64-pc-linux-gnu'
build_cpu='x86_64'
build_os='linux-gnu'
build_vendor='pc'
datadir='/usr/share'
datarootdir='${prefix}/share'
docdir='${datarootdir}/doc/${PACKAGE_TARNAME}'
dvidir='${docdir}'
exec_prefix='/usr'
host='mipsel-openwrt-linux-gnu'
host_alias='mipsel-openwrt-linux'
host_cpu='mipsel'
host_os='linux-gnu'
host_vendor='openwrt'
htmldir='${docdir}'
includedir='${prefix}/include'
infodir='/usr/info'
install_sh='${SHELL} /home/notlean/openwrt-uboost/build_dir/target-mipsel_24kc_musl/libnetfilter_conntrack-1.0.9/build-aux/install-sh'
libdir='${exec_prefix}/lib'
libexecdir='/usr/lib'
localedir='${datarootdir}/locale'
localstatedir='/var'
mandir='/usr/man'
mkdir_p='$(MKDIR_P)'
oldincludedir='/usr/include'
pdfdir='${docdir}'
prefix='/usr'
program_transform_name='s&$$&&;s&^&&'
psdir='${docdir}'
runstatedir='${localstatedir}/run'
sbindir='/usr/sbin'
sharedstatedir='${prefix}/com'
sysconfdir='/etc'
target_alias='mipsel-openwrt-linux'

## ----------- ##
## confdefs.h. ##
## ----------- ##

/* confdefs.h */
#define PACKAGE_NAME "libnetfilter_conntrack"
#define PACKAGE_TARNAME "libnetfilter_conntrack"
#define PACKAGE_VERSION "1.0.9"
#define PACKAGE_STRING "libnetfilter_conntrack 1.0.9"
#define PACKAGE_BUGREPORT ""
#define PACKAGE_URL ""
#define PACKAGE "libnetfilter_conntrack"
#define VERSION "1.0.9"
#define STDC_HEADERS 1
#define HAVE_SYS_TYPES_H 1
#define HAVE_SYS_STAT_H 1
#define HAVE_STDLIB_H 1
#define HAVE_STRING_H 1
#define HAVE_MEMORY_H 1
#define HAVE_STRINGS_H 1
#define HAVE_INTTYPES_H 1
#define HAVE_STDINT_H 1
#define HAVE_UNISTD_H 1
#define HAVE_DLFCN_H 1
#define LT_OBJDIR ".libs/"
#define HAVE_ARPA_INET_H 1
#define HAVE_INET_NTOP 1
#define HAVE_SETNS 1

configure: exit 0
