This file contains any messages produced by compilers while
running configure, to aid debugging if configure makes a mistake.

It was created by configure, which was
generated by GNU Autoconf 2.69.  Invocation command line was

  $ ./configure --prefix=/home/notlean/openwrt-uboost/staging_dir/toolchain-mipsel_24kc_gcc-12.3.0_musl --build=x86_64-pc-linux-gnu --host=x86_64-pc-linux-gnu --target=mipsel-openwrt-linux-musl --with-gmp=/home/notlean/openwrt-uboost/staging_dir/host --with-mpfr=/home/notlean/openwrt-uboost/staging_dir/host --with-mpc=/home/notlean/openwrt-uboost/staging_dir/host --with-expat=/home/notlean/openwrt-uboost/staging_dir/host --disable-werror --without-uiout --enable-tui --disable-gdbtk --without-x --without-included-gettext --enable-threads --disable-unit-tests --disable-ubsan --disable-binutils --disable-ld --disable-gas --disable-sim --without-python

## --------- ##
## Platform. ##
## --------- ##

hostname = Notlean
uname -m = x86_64
uname -r = 6.14.0-33-generic
uname -s = Linux
uname -v = #33~24.04.1-Ubuntu SMP PREEMPT_DYNAMIC Fri Sep 19 17:02:30 UTC 2

/usr/bin/uname -p = x86_64
/bin/uname -X     = unknown

/bin/arch              = x86_64
/usr/bin/arch -k       = unknown
/usr/convex/getsysinfo = unknown
/usr/bin/hostinfo      = unknown
/bin/machine           = unknown
/usr/bin/oslevel       = unknown
/bin/universe          = unknown

PATH: /home/notlean/openwrt-uboost/staging_dir/toolchain-mipsel_24kc_gcc-12.3.0_musl/bin
PATH: /home/notlean/openwrt-uboost/staging_dir/toolchain-mipsel_24kc_gcc-12.3.0_musl/bin
PATH: /home/notlean/openwrt-uboost/staging_dir/host/bin
PATH: /home/notlean/openwrt-uboost/staging_dir/toolchain-mipsel_24kc_gcc-12.3.0_musl/bin
PATH: /home/notlean/openwrt-uboost/staging_dir/host/bin
PATH: /home/notlean/openwrt-uboost/staging_dir/host/bin
PATH: /usr/local/sbin
PATH: /usr/local/bin
PATH: /usr/sbin
PATH: /usr/bin
PATH: /sbin
PATH: /bin
PATH: /usr/games
PATH: /usr/local/games
PATH: /snap/bin
PATH: /snap/bin


## ----------- ##
## Core tests. ##
## ----------- ##

configure:2354: checking build system type
configure:2368: result: x86_64-pc-linux-gnu
configure:2415: checking host system type
configure:2428: result: x86_64-pc-linux-gnu
configure:2448: checking target system type
configure:2461: result: mipsel-openwrt-linux-musl
configure:2515: checking for a BSD-compatible install
configure:2583: result: /home/notlean/openwrt-uboost/staging_dir/host/bin/install -c
configure:2594: checking whether ln works
configure:2616: result: yes
configure:2620: checking whether ln -s works
configure:2624: result: yes
configure:2631: checking for a sed that does not truncate output
configure:2695: result: /home/notlean/openwrt-uboost/staging_dir/host/bin/sed
configure:2704: checking for gawk
configure:2720: found /usr/bin/gawk
configure:2731: result: gawk
configure:3067: WARNING: neither ld nor gold are enabled
configure:3517: checking for gdbserver support
configure:3523: result: no
configure:4043: checking for x86_64-pc-linux-gnu-gcc
configure:4070: result: gcc
configure:4339: checking for C compiler version
configure:4348: gcc --version >&5
gcc (Ubuntu 13.3.0-6ubuntu2~24.04) 13.3.0
Copyright (C) 2023 Free Software Foundation, Inc.
This is free software; see the source for copying conditions.  There is NO
warranty; not even for MERCHANTABILITY or FITNESS FOR A PARTICULAR PURPOSE.

configure:4359: $? = 0
configure:4348: gcc -v >&5
Using built-in specs.
COLLECT_GCC=gcc
COLLECT_LTO_WRAPPER=/usr/libexec/gcc/x86_64-linux-gnu/13/lto-wrapper
OFFLOAD_TARGET_NAMES=nvptx-none:amdgcn-amdhsa
OFFLOAD_TARGET_DEFAULT=1
Target: x86_64-linux-gnu
Configured with: ../src/configure -v --with-pkgversion='Ubuntu 13.3.0-6ubuntu2~24.04' --with-bugurl=file:///usr/share/doc/gcc-13/README.Bugs --enable-languages=c,ada,c++,go,d,fortran,objc,obj-c++,m2 --prefix=/usr --with-gcc-major-version-only --program-suffix=-13 --program-prefix=x86_64-linux-gnu- --enable-shared --enable-linker-build-id --libexecdir=/usr/libexec --without-included-gettext --enable-threads=posix --libdir=/usr/lib --enable-nls --enable-bootstrap --enable-clocale=gnu --enable-libstdcxx-debug --enable-libstdcxx-time=yes --with-default-libstdcxx-abi=new --enable-libstdcxx-backtrace --enable-gnu-unique-object --disable-vtable-verify --enable-plugin --enable-default-pie --with-system-zlib --enable-libphobos-checking=release --with-target-system-zlib=auto --enable-objc-gc=auto --enable-multiarch --disable-werror --enable-cet --with-arch-32=i686 --with-abi=m64 --with-multilib-list=m32,m64,mx32 --enable-multilib --with-tune=generic --enable-offload-targets=nvptx-none=/build/gcc-13-fG75Ri/gcc-13-13.3.0/debian/tmp-nvptx/usr,amdgcn-amdhsa=/build/gcc-13-fG75Ri/gcc-13-13.3.0/debian/tmp-gcn/usr --enable-offload-defaulted --without-cuda-driver --enable-checking=release --build=x86_64-linux-gnu --host=x86_64-linux-gnu --target=x86_64-linux-gnu --with-build-config=bootstrap-lto-lean --enable-link-serialization=2
Thread model: posix
Supported LTO compression algorithms: zlib zstd
gcc version 13.3.0 (Ubuntu 13.3.0-6ubuntu2~24.04) 
... rest of stderr output deleted ...
configure:4359: $? = 0
configure:4348: gcc -V >&5
gcc: error: unrecognized command-line option '-V'
gcc: fatal error: no input files
compilation terminated.
configure:4359: $? = 1
configure:4348: gcc -qversion >&5
gcc: error: unrecognized command-line option '-qversion'; did you mean '--version'?
gcc: fatal error: no input files
compilation terminated.
configure:4359: $? = 1
configure:4379: checking whether the C compiler works
configure:4401: gcc -O2 -I/home/notlean/openwrt-uboost/staging_dir/host/include  -I/home/notlean/openwrt-uboost/staging_dir/host/include  -L/home/notlean/openwrt-uboost/staging_dir/host/lib  conftest.c  >&5
configure:4405: $? = 0
configure:4453: result: yes
configure:4456: checking for C compiler default output file name
configure:4458: result: a.out
configure:4464: checking for suffix of executables
configure:4471: gcc -o conftest -O2 -I/home/notlean/openwrt-uboost/staging_dir/host/include  -I/home/notlean/openwrt-uboost/staging_dir/host/include  -L/home/notlean/openwrt-uboost/staging_dir/host/lib  conftest.c  >&5
configure:4475: $? = 0
configure:4497: result: 
configure:4519: checking whether we are cross compiling
configure:4527: gcc -o conftest -O2 -I/home/notlean/openwrt-uboost/staging_dir/host/include  -I/home/notlean/openwrt-uboost/staging_dir/host/include  -L/home/notlean/openwrt-uboost/staging_dir/host/lib  conftest.c  >&5
configure:4531: $? = 0
configure:4538: ./conftest
configure:4542: $? = 0
configure:4557: result: no
configure:4562: checking for suffix of object files
configure:4584: gcc -c -O2 -I/home/notlean/openwrt-uboost/staging_dir/host/include  -I/home/notlean/openwrt-uboost/staging_dir/host/include  conftest.c >&5
configure:4588: $? = 0
configure:4609: result: o
configure:4613: checking whether we are using the GNU C compiler
configure:4632: gcc -c -O2 -I/home/notlean/openwrt-uboost/staging_dir/host/include  -I/home/notlean/openwrt-uboost/staging_dir/host/include  conftest.c >&5
configure:4632: $? = 0
configure:4641: result: yes
configure:4650: checking whether gcc accepts -g
configure:4670: gcc -c -g -I/home/notlean/openwrt-uboost/staging_dir/host/include  conftest.c >&5
configure:4670: $? = 0
configure:4711: result: yes
configure:4728: checking for gcc option to accept ISO C89
configure:4791: gcc  -c -O2 -I/home/notlean/openwrt-uboost/staging_dir/host/include  -I/home/notlean/openwrt-uboost/staging_dir/host/include  conftest.c >&5
configure:4791: $? = 0
configure:4804: result: none needed
configure:4824: checking for gcc option to accept ISO C99
configure:4973: gcc  -c -O2 -I/home/notlean/openwrt-uboost/staging_dir/host/include  -I/home/notlean/openwrt-uboost/staging_dir/host/include  conftest.c >&5
configure:4973: $? = 0
configure:4986: result: none needed
configure:5113: checking for C++ compiler version
configure:5122: g++ --version >&5
g++ (Ubuntu 13.3.0-6ubuntu2~24.04) 13.3.0
Copyright (C) 2023 Free Software Foundation, Inc.
This is free software; see the source for copying conditions.  There is NO
warranty; not even for MERCHANTABILITY or FITNESS FOR A PARTICULAR PURPOSE.

configure:5133: $? = 0
configure:5122: g++ -v >&5
Using built-in specs.
COLLECT_GCC=g++
COLLECT_LTO_WRAPPER=/usr/libexec/gcc/x86_64-linux-gnu/13/lto-wrapper
OFFLOAD_TARGET_NAMES=nvptx-none:amdgcn-amdhsa
OFFLOAD_TARGET_DEFAULT=1
Target: x86_64-linux-gnu
Configured with: ../src/configure -v --with-pkgversion='Ubuntu 13.3.0-6ubuntu2~24.04' --with-bugurl=file:///usr/share/doc/gcc-13/README.Bugs --enable-languages=c,ada,c++,go,d,fortran,objc,obj-c++,m2 --prefix=/usr --with-gcc-major-version-only --program-suffix=-13 --program-prefix=x86_64-linux-gnu- --enable-shared --enable-linker-build-id --libexecdir=/usr/libexec --without-included-gettext --enable-threads=posix --libdir=/usr/lib --enable-nls --enable-bootstrap --enable-clocale=gnu --enable-libstdcxx-debug --enable-libstdcxx-time=yes --with-default-libstdcxx-abi=new --enable-libstdcxx-backtrace --enable-gnu-unique-object --disable-vtable-verify --enable-plugin --enable-default-pie --with-system-zlib --enable-libphobos-checking=release --with-target-system-zlib=auto --enable-objc-gc=auto --enable-multiarch --disable-werror --enable-cet --with-arch-32=i686 --with-abi=m64 --with-multilib-list=m32,m64,mx32 --enable-multilib --with-tune=generic --enable-offload-targets=nvptx-none=/build/gcc-13-fG75Ri/gcc-13-13.3.0/debian/tmp-nvptx/usr,amdgcn-amdhsa=/build/gcc-13-fG75Ri/gcc-13-13.3.0/debian/tmp-gcn/usr --enable-offload-defaulted --without-cuda-driver --enable-checking=release --build=x86_64-linux-gnu --host=x86_64-linux-gnu --target=x86_64-linux-gnu --with-build-config=bootstrap-lto-lean --enable-link-serialization=2
Thread model: posix
Supported LTO compression algorithms: zlib zstd
gcc version 13.3.0 (Ubuntu 13.3.0-6ubuntu2~24.04) 
... rest of stderr output deleted ...
configure:5133: $? = 0
configure:5122: g++ -V >&5
g++: error: unrecognized command-line option '-V'
g++: fatal error: no input files
compilation terminated.
configure:5133: $? = 1
configure:5122: g++ -qversion >&5
g++: error: unrecognized command-line option '-qversion'; did you mean '--version'?
g++: fatal error: no input files
compilation terminated.
configure:5133: $? = 1
configure:5137: checking whether we are using the GNU C++ compiler
configure:5156: g++ -c  -I/home/notlean/openwrt-uboost/staging_dir/host/include  conftest.cpp >&5
configure:5156: $? = 0
configure:5165: result: yes
configure:5174: checking whether g++ accepts -g
configure:5194: g++ -c -g -I/home/notlean/openwrt-uboost/staging_dir/host/include  conftest.cpp >&5
configure:5194: $? = 0
configure:5235: result: yes
configure:5284: checking whether g++ accepts -static-libstdc++ -static-libgcc
configure:5301: g++ -o conftest  -I/home/notlean/openwrt-uboost/staging_dir/host/include  -L/home/notlean/openwrt-uboost/staging_dir/host/lib  -static-libstdc++ -static-libgcc conftest.cpp  >&5
configure:5301: $? = 0
configure:5302: result: yes
configure:5326: checking for x86_64-pc-linux-gnu-gnatbind
configure:5356: result: no
configure:5366: checking for gnatbind
configure:5396: result: no
configure:5418: checking for x86_64-pc-linux-gnu-gnatmake
configure:5448: result: no
configure:5458: checking for gnatmake
configure:5488: result: no
configure:5507: checking whether compiler driver understands Ada
configure:5530: result: false
configure:5539: checking how to compare bootstrapped objects
configure:5564: result: cmp --ignore-initial=16 $$f1 $$f2
configure:5709: checking for objdir
configure:5724: result: .libs
configure:6289: checking for isl 0.15 or later
configure:6302: gcc -o conftest -O2 -I/home/notlean/openwrt-uboost/staging_dir/host/include   -I/home/notlean/openwrt-uboost/staging_dir/host/include -I/home/notlean/openwrt-uboost/staging_dir/host/include -I/home/notlean/openwrt-uboost/staging_dir/host/include  -I/home/notlean/openwrt-uboost/staging_dir/host/include  -L/home/notlean/openwrt-uboost/staging_dir/host/lib   -lisl -L/home/notlean/openwrt-uboost/staging_dir/host/lib -L/home/notlean/openwrt-uboost/staging_dir/host/lib -L/home/notlean/openwrt-uboost/staging_dir/host/lib -lmpc -lmpfr -lgmp conftest.c  -lisl -lgmp >&5
conftest.c:10:10: fatal error: isl/schedule.h: No such file or directory
   10 | #include <isl/schedule.h>
      |          ^~~~~~~~~~~~~~~~
compilation terminated.
configure:6302: $? = 1
configure: failed program was:
| /* confdefs.h */
| #define PACKAGE_NAME ""
| #define PACKAGE_TARNAME ""
| #define PACKAGE_VERSION ""
| #define PACKAGE_STRING ""
| #define PACKAGE_BUGREPORT ""
| #define PACKAGE_URL ""
| #define LT_OBJDIR ".libs/"
| /* end confdefs.h.  */
| #include <isl/schedule.h>
| int
| main ()
| {
| isl_options_set_schedule_serialize_sccs (NULL, 0);
|   ;
|   return 0;
| }
configure:6309: result: no
configure:6313: result: required isl version is 0.15 or later
configure:7416: checking for default BUILD_CONFIG
configure:7448: result: 
configure:7453: checking for --enable-vtable-verify
configure:7466: result: no
configure:8087: checking for bison
configure:8103: found /home/notlean/openwrt-uboost/staging_dir/host/bin/bison
configure:8114: result: bison -y
configure:8134: checking for bison
configure:8150: found /home/notlean/openwrt-uboost/staging_dir/host/bin/bison
configure:8161: result: bison
configure:8181: checking for gm4
configure:8208: result: /home/notlean/openwrt-uboost/staging_dir/host/bin/m4
configure:8228: checking for flex
configure:8244: found /home/notlean/openwrt-uboost/staging_dir/host/bin/flex
configure:8255: result: flex
configure:8276: checking for flex
configure:8292: found /home/notlean/openwrt-uboost/staging_dir/host/bin/flex
configure:8303: result: flex
configure:8323: checking for makeinfo
configure:8339: found /home/notlean/openwrt-uboost/staging_dir/host/bin/makeinfo
configure:8350: result: makeinfo
configure:8384: checking for expect
configure:8414: result: no
configure:8433: checking for runtest
configure:8463: result: no
configure:8539: checking for x86_64-pc-linux-gnu-ar
configure:8569: result: no
configure:8578: checking for ar
configure:8594: found /usr/bin/ar
configure:8605: result: ar
configure:8680: checking for x86_64-pc-linux-gnu-as
configure:8710: result: no
configure:8719: checking for as
configure:8735: found /usr/bin/as
configure:8746: result: as
configure:8821: checking for x86_64-pc-linux-gnu-dlltool
configure:8851: result: no
configure:8860: checking for dlltool
configure:8890: result: no
configure:8962: checking for x86_64-pc-linux-gnu-ld
configure:8992: result: no
configure:9001: checking for ld
configure:9017: found /usr/bin/ld
configure:9028: result: ld
configure:9103: checking for x86_64-pc-linux-gnu-lipo
configure:9133: result: no
configure:9142: checking for lipo
configure:9172: result: no
configure:9244: checking for x86_64-pc-linux-gnu-nm
configure:9274: result: no
configure:9283: checking for nm
configure:9299: found /usr/bin/nm
configure:9310: result: nm
configure:9385: checking for x86_64-pc-linux-gnu-ranlib
configure:9415: result: no
configure:9424: checking for ranlib
configure:9440: found /usr/bin/ranlib
configure:9451: result: ranlib
configure:9521: checking for x86_64-pc-linux-gnu-strip
configure:9551: result: no
configure:9560: checking for strip
configure:9576: found /usr/bin/strip
configure:9587: result: strip
configure:9657: checking for x86_64-pc-linux-gnu-windres
configure:9687: result: no
configure:9696: checking for windres
configure:9726: result: no
configure:9798: checking for x86_64-pc-linux-gnu-windmc
configure:9828: result: no
configure:9837: checking for windmc
configure:9867: result: no
configure:9939: checking for x86_64-pc-linux-gnu-objcopy
configure:9969: result: no
configure:9978: checking for objcopy
configure:9994: found /usr/bin/objcopy
configure:10005: result: objcopy
configure:10080: checking for x86_64-pc-linux-gnu-objdump
configure:10110: result: no
configure:10119: checking for objdump
configure:10135: found /usr/bin/objdump
configure:10146: result: objdump
configure:10221: checking for x86_64-pc-linux-gnu-readelf
configure:10251: result: no
configure:10260: checking for readelf
configure:10276: found /usr/bin/readelf
configure:10287: result: readelf
configure:10313: checking for -plugin option
configure:10331: checking for x86_64-pc-linux-gnu-ar
configure:10358: result: ar
configure:10433: result: --plugin /usr/libexec/gcc/x86_64-linux-gnu/13/liblto_plugin.so
configure:10545: checking for mipsel-openwrt-linux-musl-cc
configure:10575: result: no
configure:10545: checking for mipsel-openwrt-linux-musl-gcc
configure:10575: result: no
configure:10706: checking for mipsel-openwrt-linux-musl-c++
configure:10736: result: no
configure:10706: checking for mipsel-openwrt-linux-musl-g++
configure:10736: result: no
configure:10706: checking for mipsel-openwrt-linux-musl-cxx
configure:10736: result: no
configure:10706: checking for mipsel-openwrt-linux-musl-gxx
configure:10736: result: no
configure:10867: checking for mipsel-openwrt-linux-musl-gcc
configure:10897: result: no
configure:11023: checking for mipsel-openwrt-linux-musl-gfortran
configure:11053: result: no
configure:11184: checking for mipsel-openwrt-linux-musl-gccgo
configure:11214: result: no
configure:11425: checking for mipsel-openwrt-linux-musl-ar
configure:11455: result: no
configure:11655: checking for mipsel-openwrt-linux-musl-as
configure:11685: result: no
configure:11885: checking for mipsel-openwrt-linux-musl-dlltool
configure:11915: result: no
configure:12115: checking for mipsel-openwrt-linux-musl-ld
configure:12145: result: no
configure:12345: checking for mipsel-openwrt-linux-musl-lipo
configure:12375: result: no
configure:12575: checking for mipsel-openwrt-linux-musl-nm
configure:12605: result: no
configure:12805: checking for mipsel-openwrt-linux-musl-objcopy
configure:12835: result: no
configure:13035: checking for mipsel-openwrt-linux-musl-objdump
configure:13065: result: no
configure:13265: checking for mipsel-openwrt-linux-musl-ranlib
configure:13295: result: no
configure:13495: checking for mipsel-openwrt-linux-musl-readelf
configure:13525: result: no
configure:13725: checking for mipsel-openwrt-linux-musl-strip
configure:13755: result: no
configure:13955: checking for mipsel-openwrt-linux-musl-windres
configure:13985: result: no
configure:14185: checking for mipsel-openwrt-linux-musl-windmc
configure:14215: result: no
configure:14282: checking where to find the target ar
configure:14319: result: pre-installed
configure:14324: checking where to find the target as
configure:14361: result: pre-installed
configure:14366: checking where to find the target cc
configure:14403: result: pre-installed
configure:14408: checking where to find the target c++
configure:14448: result: pre-installed
configure:14453: checking where to find the target c++ for libstdc++
configure:14493: result: pre-installed
configure:14498: checking where to find the target dlltool
configure:14535: result: pre-installed
configure:14540: checking where to find the target gcc
configure:14577: result: pre-installed
configure:14582: checking where to find the target gfortran
configure:14622: result: pre-installed
configure:14627: checking where to find the target gccgo
configure:14667: result: pre-installed
configure:14672: checking where to find the target ld
configure:14709: result: pre-installed
configure:14714: checking where to find the target lipo
configure:14740: result: pre-installed
configure:14745: checking where to find the target nm
configure:14782: result: pre-installed
configure:14787: checking where to find the target objcopy
configure:14824: result: pre-installed
configure:14829: checking where to find the target objdump
configure:14866: result: pre-installed
configure:14871: checking where to find the target ranlib
configure:14908: result: pre-installed
configure:14913: checking where to find the target readelf
configure:14950: result: pre-installed
configure:14955: checking where to find the target strip
configure:14992: result: pre-installed
configure:14997: checking where to find the target windres
configure:15034: result: pre-installed
configure:15039: checking where to find the target windmc
configure:15076: result: pre-installed
configure:15109: checking whether to enable maintainer-specific portions of Makefiles
configure:15118: result: no
configure:15353: creating ./config.status

## ---------------------- ##
## Running config.status. ##
## ---------------------- ##

This file was extended by config.status, which was
generated by GNU Autoconf 2.69.  Invocation command line was

  CONFIG_FILES    = 
  CONFIG_HEADERS  = 
  CONFIG_LINKS    = 
  CONFIG_COMMANDS = 
  $ ./config.status 

on Notlean

config.status:1005: creating Makefile

## ---------------- ##
## Cache variables. ##
## ---------------- ##

ac_cv_build=x86_64-pc-linux-gnu
ac_cv_c_compiler_gnu=yes
ac_cv_cxx_compiler_gnu=yes
ac_cv_env_AR_FOR_TARGET_set=
ac_cv_env_AR_FOR_TARGET_value=
ac_cv_env_AR_set=
ac_cv_env_AR_value=
ac_cv_env_AS_FOR_TARGET_set=
ac_cv_env_AS_FOR_TARGET_value=
ac_cv_env_AS_set=
ac_cv_env_AS_value=
ac_cv_env_CCC_set=
ac_cv_env_CCC_value=
ac_cv_env_CC_FOR_TARGET_set=
ac_cv_env_CC_FOR_TARGET_value=
ac_cv_env_CC_set=set
ac_cv_env_CC_value=gcc
ac_cv_env_CFLAGS_set=set
ac_cv_env_CFLAGS_value='-O2 -I/home/notlean/openwrt-uboost/staging_dir/host/include '
ac_cv_env_CPPFLAGS_set=set
ac_cv_env_CPPFLAGS_value='-I/home/notlean/openwrt-uboost/staging_dir/host/include '
ac_cv_env_CXXFLAGS_set=set
ac_cv_env_CXXFLAGS_value=
ac_cv_env_CXX_FOR_TARGET_set=
ac_cv_env_CXX_FOR_TARGET_value=
ac_cv_env_CXX_set=set
ac_cv_env_CXX_value=g++
ac_cv_env_DLLTOOL_FOR_TARGET_set=
ac_cv_env_DLLTOOL_FOR_TARGET_value=
ac_cv_env_DLLTOOL_set=
ac_cv_env_DLLTOOL_value=
ac_cv_env_GCC_FOR_TARGET_set=
ac_cv_env_GCC_FOR_TARGET_value=
ac_cv_env_GFORTRAN_FOR_TARGET_set=
ac_cv_env_GFORTRAN_FOR_TARGET_value=
ac_cv_env_GOC_FOR_TARGET_set=
ac_cv_env_GOC_FOR_TARGET_value=
ac_cv_env_LDFLAGS_set=set
ac_cv_env_LDFLAGS_value='-L/home/notlean/openwrt-uboost/staging_dir/host/lib '
ac_cv_env_LD_FOR_TARGET_set=
ac_cv_env_LD_FOR_TARGET_value=
ac_cv_env_LD_set=
ac_cv_env_LD_value=
ac_cv_env_LIBS_set=
ac_cv_env_LIBS_value=
ac_cv_env_LIPO_FOR_TARGET_set=
ac_cv_env_LIPO_FOR_TARGET_value=
ac_cv_env_LIPO_set=
ac_cv_env_LIPO_value=
ac_cv_env_NM_FOR_TARGET_set=
ac_cv_env_NM_FOR_TARGET_value=
ac_cv_env_NM_set=
ac_cv_env_NM_value=
ac_cv_env_OBJCOPY_FOR_TARGET_set=
ac_cv_env_OBJCOPY_FOR_TARGET_value=
ac_cv_env_OBJCOPY_set=
ac_cv_env_OBJCOPY_value=
ac_cv_env_OBJDUMP_FOR_TARGET_set=
ac_cv_env_OBJDUMP_FOR_TARGET_value=
ac_cv_env_OBJDUMP_set=
ac_cv_env_OBJDUMP_value=
ac_cv_env_RANLIB_FOR_TARGET_set=
ac_cv_env_RANLIB_FOR_TARGET_value=
ac_cv_env_RANLIB_set=
ac_cv_env_RANLIB_value=
ac_cv_env_READELF_FOR_TARGET_set=
ac_cv_env_READELF_FOR_TARGET_value=
ac_cv_env_READELF_set=
ac_cv_env_READELF_value=
ac_cv_env_STRIP_FOR_TARGET_set=
ac_cv_env_STRIP_FOR_TARGET_value=
ac_cv_env_STRIP_set=
ac_cv_env_STRIP_value=
ac_cv_env_WINDMC_FOR_TARGET_set=
ac_cv_env_WINDMC_FOR_TARGET_value=
ac_cv_env_WINDMC_set=
ac_cv_env_WINDMC_value=
ac_cv_env_WINDRES_FOR_TARGET_set=
ac_cv_env_WINDRES_FOR_TARGET_value=
ac_cv_env_WINDRES_set=
ac_cv_env_WINDRES_value=
ac_cv_env_build_alias_set=set
ac_cv_env_build_alias_value=x86_64-pc-linux-gnu
ac_cv_env_build_configargs_set=
ac_cv_env_build_configargs_value=
ac_cv_env_host_alias_set=set
ac_cv_env_host_alias_value=x86_64-pc-linux-gnu
ac_cv_env_host_configargs_set=
ac_cv_env_host_configargs_value=
ac_cv_env_target_alias_set=set
ac_cv_env_target_alias_value=mipsel-openwrt-linux-musl
ac_cv_env_target_configargs_set=
ac_cv_env_target_configargs_value=
ac_cv_host=x86_64-pc-linux-gnu
ac_cv_objext=o
ac_cv_path_SED=/home/notlean/openwrt-uboost/staging_dir/host/bin/sed
ac_cv_path_install='/home/notlean/openwrt-uboost/staging_dir/host/bin/install -c'
ac_cv_prog_AR=ar
ac_cv_prog_AS=as
ac_cv_prog_AWK=gawk
ac_cv_prog_BISON=bison
ac_cv_prog_CC=gcc
ac_cv_prog_FLEX=flex
ac_cv_prog_LD=ld
ac_cv_prog_LEX=flex
ac_cv_prog_M4=/home/notlean/openwrt-uboost/staging_dir/host/bin/m4
ac_cv_prog_MAKEINFO=makeinfo
ac_cv_prog_NM=nm
ac_cv_prog_OBJCOPY=objcopy
ac_cv_prog_OBJDUMP=objdump
ac_cv_prog_RANLIB=ranlib
ac_cv_prog_READELF=readelf
ac_cv_prog_STRIP=strip
ac_cv_prog_YACC='bison -y'
ac_cv_prog_cc_c89=
ac_cv_prog_cc_c99=
ac_cv_prog_cc_g=yes
ac_cv_prog_cxx_g=yes
ac_cv_target=mipsel-openwrt-linux-musl
acx_cv_cc_gcc_supports_ada=false
acx_cv_prog_LN=ln
gcc_cv_isl=no
gcc_cv_prog_cmp_skip='cmp --ignore-initial=16 $$f1 $$f2'
gcc_cv_tool_dirs=
gcc_cv_tool_prefix=/home/notlean/openwrt-uboost/staging_dir/toolchain-mipsel_24kc_gcc-12.3.0_musl
gdb_cv_func_sigsetjmp=yes
lt_cv_objdir=.libs

## ----------------- ##
## Output variables. ##
## ----------------- ##

AR='ar'
AR_FOR_BUILD='$(AR)'
AR_FOR_TARGET='mipsel-openwrt-linux-musl-ar'
AR_PLUGIN_OPTION='--plugin /usr/libexec/gcc/x86_64-linux-gnu/13/liblto_plugin.so'
AS='as'
AS_FOR_BUILD='$(AS)'
AS_FOR_TARGET='mipsel-openwrt-linux-musl-as'
AWK='gawk'
BISON='bison'
BUILD_CONFIG=''
CC='gcc'
CC_FOR_BUILD='$(CC)'
CC_FOR_TARGET='mipsel-openwrt-linux-musl-cc'
CFLAGS='-O2 -I/home/notlean/openwrt-uboost/staging_dir/host/include '
CFLAGS_FOR_BUILD='-O2 -I/home/notlean/openwrt-uboost/staging_dir/host/include '
CFLAGS_FOR_TARGET='-g -O2'
COMPILER_AS_FOR_TARGET='$(AS_FOR_TARGET)'
COMPILER_LD_FOR_TARGET='$(LD_FOR_TARGET)'
COMPILER_NM_FOR_TARGET='$(NM_FOR_TARGET)'
CONFIGURE_GDB_TK=''
CPPFLAGS='-I/home/notlean/openwrt-uboost/staging_dir/host/include '
CXX='g++'
CXXFLAGS=''
CXXFLAGS_FOR_BUILD=''
CXXFLAGS_FOR_TARGET='-g -O2'
CXX_FOR_BUILD='$(CXX)'
CXX_FOR_TARGET='mipsel-openwrt-linux-musl-c++'
DEBUG_PREFIX_CFLAGS_FOR_TARGET=''
DEFS='-DPACKAGE_NAME=\"\" -DPACKAGE_TARNAME=\"\" -DPACKAGE_VERSION=\"\" -DPACKAGE_STRING=\"\" -DPACKAGE_BUGREPORT=\"\" -DPACKAGE_URL=\"\" -DLT_OBJDIR=\".libs/\"'
DLLTOOL='dlltool'
DLLTOOL_FOR_BUILD='$(DLLTOOL)'
DLLTOOL_FOR_TARGET='mipsel-openwrt-linux-musl-dlltool'
ECHO_C=''
ECHO_N='-n'
ECHO_T=''
EXEEXT=''
EXPECT='expect'
FLAGS_FOR_TARGET=''
FLEX='flex'
GCC_FOR_TARGET='mipsel-openwrt-linux-musl-gcc'
GCC_SHLIB_SUBDIR=''
GDB_TK=''
GFORTRAN_FOR_BUILD='$(GFORTRAN)'
GFORTRAN_FOR_TARGET='mipsel-openwrt-linux-musl-gfortran'
GNATBIND='no'
GNATMAKE='no'
GOC_FOR_BUILD='$(GOC)'
GOC_FOR_TARGET='mipsel-openwrt-linux-musl-gccgo'
INSTALL_DATA='${INSTALL} -m 644'
INSTALL_GDB_TK=''
INSTALL_PROGRAM='${INSTALL}'
INSTALL_SCRIPT='${INSTALL}'
LD='ld'
LDFLAGS='-L/home/notlean/openwrt-uboost/staging_dir/host/lib '
LDFLAGS_FOR_BUILD='-L/home/notlean/openwrt-uboost/staging_dir/host/lib '
LDFLAGS_FOR_TARGET=''
LD_FOR_BUILD='$(LD)'
LD_FOR_TARGET='mipsel-openwrt-linux-musl-ld'
LEX='flex'
LIBOBJS=''
LIBS=''
LIPO='lipo'
LIPO_FOR_TARGET='mipsel-openwrt-linux-musl-lipo'
LN='ln'
LN_S='ln -s'
LTLIBOBJS=''
M4='/home/notlean/openwrt-uboost/staging_dir/host/bin/m4'
MAINT='#'
MAINTAINER_MODE_FALSE=''
MAINTAINER_MODE_TRUE='#'
MAKEINFO='/home/notlean/openwrt-uboost/build_dir/toolchain-mipsel_24kc_gcc-12.3.0_musl/gdb-12.1/missing makeinfo'
NM='nm'
NM_FOR_BUILD='$(NM)'
NM_FOR_TARGET='mipsel-openwrt-linux-musl-nm'
OBJCOPY='objcopy'
OBJCOPY_FOR_TARGET='mipsel-openwrt-linux-musl-objcopy'
OBJDUMP='objdump'
OBJDUMP_FOR_TARGET='mipsel-openwrt-linux-musl-objdump'
OBJEXT='o'
PACKAGE_BUGREPORT=''
PACKAGE_NAME=''
PACKAGE_STRING=''
PACKAGE_TARNAME=''
PACKAGE_URL=''
PACKAGE_VERSION=''
PATH_SEPARATOR=':'
PGO_BUILD_GEN_CFLAGS=''
PGO_BUILD_LTO_CFLAGS=''
PGO_BUILD_USE_CFLAGS=''
RANLIB='ranlib'
RANLIB_FOR_BUILD='$(RANLIB)'
RANLIB_FOR_TARGET='mipsel-openwrt-linux-musl-ranlib'
RANLIB_PLUGIN_OPTION='--plugin /usr/libexec/gcc/x86_64-linux-gnu/13/liblto_plugin.so'
RAW_CXX_FOR_TARGET='mipsel-openwrt-linux-musl-c++'
READELF='readelf'
READELF_FOR_TARGET='mipsel-openwrt-linux-musl-readelf'
RPATH_ENVVAR='LD_LIBRARY_PATH'
RUNTEST='runtest'
SED='/home/notlean/openwrt-uboost/staging_dir/host/bin/sed'
SHELL='/usr/bin/env bash'
STRIP='strip'
STRIP_FOR_TARGET='mipsel-openwrt-linux-musl-strip'
SYSROOT_CFLAGS_FOR_TARGET=''
TOPLEVEL_CONFIGURE_ARGUMENTS='./configure --prefix=/home/notlean/openwrt-uboost/staging_dir/toolchain-mipsel_24kc_gcc-12.3.0_musl --build=x86_64-pc-linux-gnu --host=x86_64-pc-linux-gnu --target=mipsel-openwrt-linux-musl --with-gmp=/home/notlean/openwrt-uboost/staging_dir/host --with-mpfr=/home/notlean/openwrt-uboost/staging_dir/host --with-mpc=/home/notlean/openwrt-uboost/staging_dir/host --with-expat=/home/notlean/openwrt-uboost/staging_dir/host --disable-werror --without-uiout --enable-tui --disable-gdbtk --without-x --without-included-gettext --enable-threads --disable-unit-tests --disable-ubsan --disable-binutils --disable-ld --disable-gas --disable-sim --without-python'
WINDMC='windmc'
WINDMC_FOR_BUILD='$(WINDMC)'
WINDMC_FOR_TARGET='mipsel-openwrt-linux-musl-windmc'
WINDRES='windres'
WINDRES_FOR_BUILD='$(WINDRES)'
WINDRES_FOR_TARGET='mipsel-openwrt-linux-musl-windres'
YACC='bison -y'
ac_ct_CC=''
ac_ct_CXX=''
bindir='${exec_prefix}/bin'
build='x86_64-pc-linux-gnu'
build_alias='x86_64-pc-linux-gnu'
build_configargs=' --cache-file=./config.cache '\''--prefix=/home/notlean/openwrt-uboost/staging_dir/toolchain-mipsel_24kc_gcc-12.3.0_musl'\'' '\''--with-gmp=/home/notlean/openwrt-uboost/staging_dir/host'\'' '\''--with-mpfr=/home/notlean/openwrt-uboost/staging_dir/host'\'' '\''--with-mpc=/home/notlean/openwrt-uboost/staging_dir/host'\'' '\''--with-expat=/home/notlean/openwrt-uboost/staging_dir/host'\'' '\''--disable-werror'\'' '\''--without-uiout'\'' '\''--enable-tui'\'' '\''--disable-gdbtk'\'' '\''--without-x'\'' '\''--without-included-gettext'\'' '\''--enable-threads'\'' '\''--disable-unit-tests'\'' '\''--disable-ubsan'\'' '\''--disable-binutils'\'' '\''--disable-ld'\'' '\''--disable-gas'\'' '\''--disable-sim'\'' '\''--without-python'\'' --program-transform-name='\''s&^&mipsel-openwrt-linux-musl-&'\'' --disable-option-checking'
build_configdirs=' libiberty'
build_cpu='x86_64'
build_libsubdir='build-x86_64-pc-linux-gnu'
build_noncanonical='x86_64-pc-linux-gnu'
build_os='linux-gnu'
build_subdir='build-x86_64-pc-linux-gnu'
build_tooldir='${exec_prefix}/mipsel-openwrt-linux-musl'
build_vendor='pc'
compare_exclusions='gcc/cc*-checksum$(objext) | gcc/ada/*tools/*'
configdirs=' intl libiberty opcodes bfd readline zlib libbacktrace libdecnumber libctf gdb etc gnulib gdbsupport'
datadir='${datarootdir}'
datarootdir='${prefix}/share'
do_compare='cmp --ignore-initial=16 $$f1 $$f2'
docdir='${datarootdir}/doc/${PACKAGE}'
dvidir='${docdir}'
exec_prefix='${prefix}'
extra_host_libiberty_configure_flags=''
extra_host_zlib_configure_flags=''
extra_isl_gmp_configure_flags=''
extra_liboffloadmic_configure_flags=''
extra_linker_plugin_configure_flags=''
extra_linker_plugin_flags=''
extra_mpc_gmp_configure_flags=''
extra_mpc_mpfr_configure_flags=''
extra_mpfr_configure_flags=''
get_gcc_base_ver='cat'
gmpinc='-I/home/notlean/openwrt-uboost/staging_dir/host/include -I/home/notlean/openwrt-uboost/staging_dir/host/include -I/home/notlean/openwrt-uboost/staging_dir/host/include '
gmplibs='-L/home/notlean/openwrt-uboost/staging_dir/host/lib -L/home/notlean/openwrt-uboost/staging_dir/host/lib -L/home/notlean/openwrt-uboost/staging_dir/host/lib -lmpc -lmpfr -lgmp'
host='x86_64-pc-linux-gnu'
host_alias='x86_64-pc-linux-gnu'
host_configargs=' --cache-file=./config.cache  '\''--prefix=/home/notlean/openwrt-uboost/staging_dir/toolchain-mipsel_24kc_gcc-12.3.0_musl'\'' '\''--with-gmp=/home/notlean/openwrt-uboost/staging_dir/host'\'' '\''--with-mpfr=/home/notlean/openwrt-uboost/staging_dir/host'\'' '\''--with-mpc=/home/notlean/openwrt-uboost/staging_dir/host'\'' '\''--with-expat=/home/notlean/openwrt-uboost/staging_dir/host'\'' '\''--disable-werror'\'' '\''--without-uiout'\'' '\''--enable-tui'\'' '\''--disable-gdbtk'\'' '\''--without-x'\'' '\''--without-included-gettext'\'' '\''--enable-threads'\'' '\''--disable-unit-tests'\'' '\''--disable-ubsan'\'' '\''--disable-binutils'\'' '\''--disable-ld'\'' '\''--disable-gas'\'' '\''--disable-sim'\'' '\''--without-python'\'' --program-transform-name='\''s&^&mipsel-openwrt-linux-musl-&'\'' --disable-option-checking'
host_cpu='x86_64'
host_noncanonical='x86_64-pc-linux-gnu'
host_os='linux-gnu'
host_shared='no'
host_subdir='.'
host_vendor='pc'
htmldir='${docdir}'
includedir='${prefix}/include'
infodir='${datarootdir}/info'
islinc=''
isllibs=''
libdir='${exec_prefix}/lib'
libexecdir='${exec_prefix}/libexec'
localedir='${datarootdir}/locale'
localstatedir='${prefix}/var'
mandir='${datarootdir}/man'
oldincludedir='/usr/include'
pdfdir='${docdir}'
poststage1_ldflags='-static-libstdc++ -static-libgcc'
poststage1_libs=''
prefix='/home/notlean/openwrt-uboost/staging_dir/toolchain-mipsel_24kc_gcc-12.3.0_musl'
program_transform_name='s&^&mipsel-openwrt-linux-musl-&'
psdir='${docdir}'
sbindir='${exec_prefix}/sbin'
sharedstatedir='${prefix}/com'
stage1_cflags='-g'
stage1_checking='--enable-checking=yes,types'
stage1_languages=',c,'
stage1_ldflags=''
stage1_libs=''
stage2_werror_flag=''
sysconfdir='${prefix}/etc'
target='mipsel-openwrt-linux-musl'
target_alias='mipsel-openwrt-linux-musl'
target_configargs='--cache-file=./config.cache --enable-multilib --with-cross-host=x86_64-pc-linux-gnu   '\''--prefix=/home/notlean/openwrt-uboost/staging_dir/toolchain-mipsel_24kc_gcc-12.3.0_musl'\'' '\''--with-expat=/home/notlean/openwrt-uboost/staging_dir/host'\'' '\''--disable-werror'\'' '\''--without-uiout'\'' '\''--enable-tui'\'' '\''--disable-gdbtk'\'' '\''--without-x'\'' '\''--without-included-gettext'\'' '\''--enable-threads'\'' '\''--disable-unit-tests'\'' '\''--disable-ubsan'\'' '\''--disable-binutils'\'' '\''--disable-ld'\'' '\''--disable-gas'\'' '\''--disable-sim'\'' '\''--without-python'\'' --program-transform-name='\''s&^&mipsel-openwrt-linux-musl-&'\'' --disable-option-checking'
target_configdirs=''
target_cpu='mipsel'
target_noncanonical='mipsel-openwrt-linux-musl'
target_os='linux-musl'
target_subdir='mipsel-openwrt-linux-musl'
target_vendor='openwrt'
tooldir='${exec_prefix}/mipsel-openwrt-linux-musl'

## ------------------- ##
## File substitutions. ##
## ------------------- ##

alphaieee_frag='/dev/null'
host_makefile_frag='/dev/null'
ospace_frag='/dev/null'
serialization_dependencies='serdep.tmp'
target_makefile_frag='./config/mt-mips-gnu'

## ----------- ##
## confdefs.h. ##
## ----------- ##

/* confdefs.h */
#define PACKAGE_NAME ""
#define PACKAGE_TARNAME ""
#define PACKAGE_VERSION ""
#define PACKAGE_STRING ""
#define PACKAGE_BUGREPORT ""
#define PACKAGE_URL ""
#define LT_OBJDIR ".libs/"

configure: exit 0
