This file contains any messages produced by compilers while
running configure, to aid debugging if configure makes a mistake.

It was created by configure, which was
generated by GNU Autoconf 2.69.  Invocation command line was

  $ /home/notlean/openwrt-uboost/build_dir/toolchain-mipsel_24kc_gcc-12.3.0_musl/gcc-12.3.0/c++tools/configure --srcdir=/home/notlean/openwrt-uboost/build_dir/toolchain-mipsel_24kc_gcc-12.3.0_musl/gcc-12.3.0/c++tools --cache-file=./config.cache --with-bugurl=http://bugs.openwrt.org/ --with-pkgversion=OpenWrt GCC 12.3.0 r23809-234f1a2efa --prefix=/home/notlean/openwrt-uboost/staging_dir/toolchain-mipsel_24kc_gcc-12.3.0_musl --with-gnu-ld --enable-target-optspace --disable-libgomp --disable-libmudflap --disable-multilib --disable-libmpx --disable-nls --disable-libssp --without-isl --without-cloog --with-host-libstdcxx=-lstdc++ --with-float=soft --with-system-zlib=/home/notlean/openwrt-uboost/staging_dir/host --with-zstd=/home/notlean/openwrt-uboost/staging_dir/host --with-gmp=/home/notlean/openwrt-uboost/staging_dir/host --with-mpfr=/home/notlean/openwrt-uboost/staging_dir/host --with-mpc=/home/notlean/openwrt-uboost/staging_dir/host --disable-decimal-float --with-diagnostics-color=auto-if-env --enable-__cxa_atexit --enable-libstdcxx-dual-abi --with-default-libstdcxx-abi=new --with-mips-plt --with-headers=/home/notlean/openwrt-uboost/staging_dir/toolchain-mipsel_24kc_gcc-12.3.0_musl/include --enable-shared --enable-threads --with-slibdir=/home/notlean/openwrt-uboost/staging_dir/toolchain-mipsel_24kc_gcc-12.3.0_musl/lib --enable-plugins --enable-lto --with-libelf=/home/notlean/openwrt-uboost/staging_dir/host --disable-libsanitizer --enable-languages=c,c++,lto --program-transform-name=s&^&mipsel-openwrt-linux-musl-& --disable-option-checking --build=x86_64-pc-linux-gnu --host=x86_64-pc-linux-gnu --target=mipsel-openwrt-linux-musl

## --------- ##
## Platform. ##
## --------- ##

hostname = Notlean
uname -m = x86_64
uname -r = 6.14.0-33-generic
uname -s = Linux
uname -v = #33~24.04.1-Ubuntu SMP PREEMPT_DYNAMIC Fri Sep 19 17:02:30 UTC 2

/usr/bin/uname -p = x86_64
/bin/uname -X     = unknown

/bin/arch              = x86_64
/usr/bin/arch -k       = unknown
/usr/convex/getsysinfo = unknown
/usr/bin/hostinfo      = unknown
/bin/machine           = unknown
/usr/bin/oslevel       = unknown
/bin/universe          = unknown

PATH: /home/notlean/openwrt-uboost/staging_dir/toolchain-mipsel_24kc_gcc-12.3.0_musl/bin
PATH: /home/notlean/openwrt-uboost/staging_dir/toolchain-mipsel_24kc_gcc-12.3.0_musl/bin
PATH: /home/notlean/openwrt-uboost/staging_dir/host/bin
PATH: /home/notlean/openwrt-uboost/staging_dir/toolchain-mipsel_24kc_gcc-12.3.0_musl/bin
PATH: /home/notlean/openwrt-uboost/staging_dir/host/bin
PATH: /home/notlean/openwrt-uboost/staging_dir/host/bin
PATH: /usr/local/sbin
PATH: /usr/local/bin
PATH: /usr/sbin
PATH: /usr/bin
PATH: /sbin
PATH: /bin
PATH: /usr/games
PATH: /usr/local/games
PATH: /snap/bin
PATH: /snap/bin


## ----------- ##
## Core tests. ##
## ----------- ##

configure:1992: creating cache ./config.cache
configure:2102: checking build system type
configure:2116: result: x86_64-pc-linux-gnu
configure:2154: checking host system type
configure:2167: result: x86_64-pc-linux-gnu
configure:2187: checking target system type
configure:2200: result: mipsel-openwrt-linux-musl
configure:2241: checking for a BSD-compatible install
configure:2309: result: /home/notlean/openwrt-uboost/staging_dir/host/bin/install -c
configure:2435: checking for C++ compiler version
configure:2444: g++ --version >&5
g++ (Ubuntu 13.3.0-6ubuntu2~24.04) 13.3.0
Copyright (C) 2023 Free Software Foundation, Inc.
This is free software; see the source for copying conditions.  There is NO
warranty; not even for MERCHANTABILITY or FITNESS FOR A PARTICULAR PURPOSE.

configure:2455: $? = 0
configure:2444: g++ -v >&5
Using built-in specs.
COLLECT_GCC=g++
COLLECT_LTO_WRAPPER=/usr/libexec/gcc/x86_64-linux-gnu/13/lto-wrapper
OFFLOAD_TARGET_NAMES=nvptx-none:amdgcn-amdhsa
OFFLOAD_TARGET_DEFAULT=1
Target: x86_64-linux-gnu
Configured with: ../src/configure -v --with-pkgversion='Ubuntu 13.3.0-6ubuntu2~24.04' --with-bugurl=file:///usr/share/doc/gcc-13/README.Bugs --enable-languages=c,ada,c++,go,d,fortran,objc,obj-c++,m2 --prefix=/usr --with-gcc-major-version-only --program-suffix=-13 --program-prefix=x86_64-linux-gnu- --enable-shared --enable-linker-build-id --libexecdir=/usr/libexec --without-included-gettext --enable-threads=posix --libdir=/usr/lib --enable-nls --enable-bootstrap --enable-clocale=gnu --enable-libstdcxx-debug --enable-libstdcxx-time=yes --with-default-libstdcxx-abi=new --enable-libstdcxx-backtrace --enable-gnu-unique-object --disable-vtable-verify --enable-plugin --enable-default-pie --with-system-zlib --enable-libphobos-checking=release --with-target-system-zlib=auto --enable-objc-gc=auto --enable-multiarch --disable-werror --enable-cet --with-arch-32=i686 --with-abi=m64 --with-multilib-list=m32,m64,mx32 --enable-multilib --with-tune=generic --enable-offload-targets=nvptx-none=/build/gcc-13-fG75Ri/gcc-13-13.3.0/debian/tmp-nvptx/usr,amdgcn-amdhsa=/build/gcc-13-fG75Ri/gcc-13-13.3.0/debian/tmp-gcn/usr --enable-offload-defaulted --without-cuda-driver --enable-checking=release --build=x86_64-linux-gnu --host=x86_64-linux-gnu --target=x86_64-linux-gnu --with-build-config=bootstrap-lto-lean --enable-link-serialization=2
Thread model: posix
Supported LTO compression algorithms: zlib zstd
gcc version 13.3.0 (Ubuntu 13.3.0-6ubuntu2~24.04) 
... rest of stderr output deleted ...
configure:2455: $? = 0
configure:2444: g++ -V >&5
g++: error: unrecognized command-line option '-V'
g++: fatal error: no input files
compilation terminated.
configure:2455: $? = 1
configure:2444: g++ -qversion >&5
g++: error: unrecognized command-line option '-qversion'; did you mean '--version'?
g++: fatal error: no input files
compilation terminated.
configure:2455: $? = 1
configure:2475: checking whether the C++ compiler works
configure:2497: g++ -O2 -I/home/notlean/openwrt-uboost/staging_dir/host/include  -pipe      -static-libstdc++ -static-libgcc  conftest.cpp  >&5
configure:2501: $? = 0
configure:2549: result: yes
configure:2552: checking for C++ compiler default output file name
configure:2554: result: a.out
configure:2560: checking for suffix of executables
configure:2567: g++ -o conftest -O2 -I/home/notlean/openwrt-uboost/staging_dir/host/include  -pipe      -static-libstdc++ -static-libgcc  conftest.cpp  >&5
configure:2571: $? = 0
configure:2593: result: 
configure:2615: checking whether we are cross compiling
configure:2623: g++ -o conftest -O2 -I/home/notlean/openwrt-uboost/staging_dir/host/include  -pipe      -static-libstdc++ -static-libgcc  conftest.cpp  >&5
configure:2627: $? = 0
configure:2634: ./conftest
configure:2638: $? = 0
configure:2653: result: no
configure:2658: checking for suffix of object files
configure:2680: g++ -c -O2 -I/home/notlean/openwrt-uboost/staging_dir/host/include  -pipe      conftest.cpp >&5
configure:2684: $? = 0
configure:2705: result: o
configure:2709: checking whether we are using the GNU C++ compiler
configure:2728: g++ -c -O2 -I/home/notlean/openwrt-uboost/staging_dir/host/include  -pipe      conftest.cpp >&5
configure:2728: $? = 0
configure:2737: result: yes
configure:2746: checking whether g++ accepts -g
configure:2766: g++ -c -g  conftest.cpp >&5
configure:2766: $? = 0
configure:2807: result: yes
configure:2835: checking for autoconf
configure:2851: found /home/notlean/openwrt-uboost/staging_dir/host/bin/autoconf
configure:2862: result: autoconf
configure:2878: checking for autoheader
configure:2894: found /home/notlean/openwrt-uboost/staging_dir/host/bin/autoheader
configure:2905: result: autoheader
configure:2925: checking whether to build C++ tools
configure:2935: result: yes
configure:2952: checking maintainer-mode
configure:2954: result: no
configure:3002: checking for O_CLOEXEC
configure:3021: g++ -c -O2 -I/home/notlean/openwrt-uboost/staging_dir/host/include  -pipe      conftest.cpp >&5
configure:3021: $? = 0
configure:3028: result: yes
configure:3041: checking how to run the C++ preprocessor
configure:3068: g++ -E  conftest.cpp
configure:3068: $? = 0
configure:3082: g++ -E  conftest.cpp
conftest.cpp:11:10: fatal error: ac_nonexistent.h: No such file or directory
   11 | #include <ac_nonexistent.h>
      |          ^~~~~~~~~~~~~~~~~~
compilation terminated.
configure:3082: $? = 1
configure: failed program was:
| /* confdefs.h */
| #define PACKAGE_NAME ""
| #define PACKAGE_TARNAME ""
| #define PACKAGE_VERSION ""
| #define PACKAGE_STRING ""
| #define PACKAGE_BUGREPORT ""
| #define PACKAGE_URL ""
| #define ENABLE_ASSERT_CHECKING 1
| #define HOST_HAS_O_CLOEXEC 1
| /* end confdefs.h.  */
| #include <ac_nonexistent.h>
configure:3107: result: g++ -E
configure:3127: g++ -E  conftest.cpp
configure:3127: $? = 0
configure:3141: g++ -E  conftest.cpp
conftest.cpp:11:10: fatal error: ac_nonexistent.h: No such file or directory
   11 | #include <ac_nonexistent.h>
      |          ^~~~~~~~~~~~~~~~~~
compilation terminated.
configure:3141: $? = 1
configure: failed program was:
| /* confdefs.h */
| #define PACKAGE_NAME ""
| #define PACKAGE_TARNAME ""
| #define PACKAGE_VERSION ""
| #define PACKAGE_STRING ""
| #define PACKAGE_BUGREPORT ""
| #define PACKAGE_URL ""
| #define ENABLE_ASSERT_CHECKING 1
| #define HOST_HAS_O_CLOEXEC 1
| /* end confdefs.h.  */
| #include <ac_nonexistent.h>
configure:3170: checking for grep that handles long lines and -e
configure:3228: result: /home/notlean/openwrt-uboost/staging_dir/host/bin/grep
configure:3233: checking for egrep
configure:3295: result: /home/notlean/openwrt-uboost/staging_dir/host/bin/grep -E
configure:3300: checking for ANSI C header files
configure:3320: g++ -c -O2 -I/home/notlean/openwrt-uboost/staging_dir/host/include  -pipe      conftest.cpp >&5
configure:3320: $? = 0
configure:3393: g++ -o conftest -O2 -I/home/notlean/openwrt-uboost/staging_dir/host/include  -pipe      -static-libstdc++ -static-libgcc  conftest.cpp  >&5
configure:3393: $? = 0
configure:3393: ./conftest
configure:3393: $? = 0
configure:3404: result: yes
configure:3417: checking for sys/types.h
configure:3417: g++ -c -O2 -I/home/notlean/openwrt-uboost/staging_dir/host/include  -pipe      conftest.cpp >&5
configure:3417: $? = 0
configure:3417: result: yes
configure:3417: checking for sys/stat.h
configure:3417: g++ -c -O2 -I/home/notlean/openwrt-uboost/staging_dir/host/include  -pipe      conftest.cpp >&5
configure:3417: $? = 0
configure:3417: result: yes
configure:3417: checking for stdlib.h
configure:3417: g++ -c -O2 -I/home/notlean/openwrt-uboost/staging_dir/host/include  -pipe      conftest.cpp >&5
configure:3417: $? = 0
configure:3417: result: yes
configure:3417: checking for string.h
configure:3417: g++ -c -O2 -I/home/notlean/openwrt-uboost/staging_dir/host/include  -pipe      conftest.cpp >&5
configure:3417: $? = 0
configure:3417: result: yes
configure:3417: checking for memory.h
configure:3417: g++ -c -O2 -I/home/notlean/openwrt-uboost/staging_dir/host/include  -pipe      conftest.cpp >&5
configure:3417: $? = 0
configure:3417: result: yes
configure:3417: checking for strings.h
configure:3417: g++ -c -O2 -I/home/notlean/openwrt-uboost/staging_dir/host/include  -pipe      conftest.cpp >&5
configure:3417: $? = 0
configure:3417: result: yes
configure:3417: checking for inttypes.h
configure:3417: g++ -c -O2 -I/home/notlean/openwrt-uboost/staging_dir/host/include  -pipe      conftest.cpp >&5
configure:3417: $? = 0
configure:3417: result: yes
configure:3417: checking for stdint.h
configure:3417: g++ -c -O2 -I/home/notlean/openwrt-uboost/staging_dir/host/include  -pipe      conftest.cpp >&5
configure:3417: $? = 0
configure:3417: result: yes
configure:3417: checking for unistd.h
configure:3417: g++ -c -O2 -I/home/notlean/openwrt-uboost/staging_dir/host/include  -pipe      conftest.cpp >&5
configure:3417: $? = 0
configure:3417: result: yes
configure:3431: checking sys/mman.h usability
configure:3431: g++ -c -O2 -I/home/notlean/openwrt-uboost/staging_dir/host/include  -pipe      conftest.cpp >&5
configure:3431: $? = 0
configure:3431: result: yes
configure:3431: checking sys/mman.h presence
configure:3431: g++ -E  conftest.cpp
configure:3431: $? = 0
configure:3431: result: yes
configure:3431: checking for sys/mman.h
configure:3431: result: yes
configure:3449: checking for AF_UNIX
configure:3474: g++ -c -O2 -I/home/notlean/openwrt-uboost/staging_dir/host/include  -pipe      conftest.cpp >&5
configure:3474: $? = 0
configure:3481: result: yes
configure:3491: checking for AF_INET6
configure:3528: g++ -c -O2 -I/home/notlean/openwrt-uboost/staging_dir/host/include  -pipe      conftest.cpp >&5
configure:3528: $? = 0
configure:3535: result: yes
configure:3545: checking for epoll
configure:3569: g++ -c -O2 -I/home/notlean/openwrt-uboost/staging_dir/host/include  -pipe      conftest.cpp >&5
conftest.cpp: In function 'int main()':
conftest.cpp:35:13: warning: argument 2 null where non-null expected [-Wnonnull]
   35 | epoll_pwait (fd, 0, 0, -1, 0);
      | ~~~~~~~~~~~~^~~~~~~~~~~~~~~~~
In file included from conftest.cpp:25:
/usr/include/x86_64-linux-gnu/sys/epoll.h:134:12: note: in a call to function 'int epoll_pwait(int, epoll_event*, int, int, const __sigset_t*)' declared 'nonnull'
  134 | extern int epoll_pwait (int __epfd, struct epoll_event *__events,
      |            ^~~~~~~~~~~
configure:3569: $? = 0
configure:3576: result: yes
configure:3586: checking for pselect
configure:3605: g++ -c -O2 -I/home/notlean/openwrt-uboost/staging_dir/host/include  -pipe      conftest.cpp >&5
configure:3605: $? = 0
configure:3612: result: yes
configure:3623: checking for select
configure:3642: g++ -c -O2 -I/home/notlean/openwrt-uboost/staging_dir/host/include  -pipe      conftest.cpp >&5
configure:3642: $? = 0
configure:3649: result: yes
configure:3659: checking for accept4
configure:3678: g++ -c -O2 -I/home/notlean/openwrt-uboost/staging_dir/host/include  -pipe      conftest.cpp >&5
configure:3678: $? = 0
configure:3685: result: yes
configure:3695: checking for inet_ntop
configure:3717: g++ -c -O2 -I/home/notlean/openwrt-uboost/staging_dir/host/include  -pipe      conftest.cpp >&5
configure:3717: $? = 0
configure:3724: result: yes
configure:3752: checking for library containing gethostbyname
configure:3783: g++ -o conftest -O2 -I/home/notlean/openwrt-uboost/staging_dir/host/include  -pipe      -static-libstdc++ -static-libgcc  conftest.cpp  >&5
configure:3783: $? = 0
configure:3800: result: none required
configure:3808: checking for library containing socket
configure:3839: g++ -o conftest -O2 -I/home/notlean/openwrt-uboost/staging_dir/host/include  -pipe      -static-libstdc++ -static-libgcc  conftest.cpp  >&5
configure:3839: $? = 0
configure:3856: result: none required
configure:3973: updating cache ./config.cache
configure:4022: creating ./config.status

## ---------------------- ##
## Running config.status. ##
## ---------------------- ##

This file was extended by config.status, which was
generated by GNU Autoconf 2.69.  Invocation command line was

  CONFIG_FILES    = 
  CONFIG_HEADERS  = 
  CONFIG_LINKS    = 
  CONFIG_COMMANDS = 
  $ ./config.status 

on Notlean

config.status:831: creating Makefile
config.status:831: creating config.h

## ---------------- ##
## Cache variables. ##
## ---------------- ##

ac_cv_accept4=yes
ac_cv_af_inet6=yes
ac_cv_af_unix=yes
ac_cv_build=x86_64-pc-linux-gnu
ac_cv_cxx_compiler_gnu=yes
ac_cv_env_CCC_set=
ac_cv_env_CCC_value=
ac_cv_env_CPPFLAGS_set=
ac_cv_env_CPPFLAGS_value=
ac_cv_env_CXXCPP_set=
ac_cv_env_CXXCPP_value=
ac_cv_env_CXXFLAGS_set=set
ac_cv_env_CXXFLAGS_value='-O2 -I/home/notlean/openwrt-uboost/staging_dir/host/include  -pipe    '
ac_cv_env_CXX_set=set
ac_cv_env_CXX_value=g++
ac_cv_env_LDFLAGS_set=set
ac_cv_env_LDFLAGS_value='-static-libstdc++ -static-libgcc '
ac_cv_env_LIBS_set=
ac_cv_env_LIBS_value=
ac_cv_env_build_alias_set=set
ac_cv_env_build_alias_value=x86_64-pc-linux-gnu
ac_cv_env_host_alias_set=set
ac_cv_env_host_alias_value=x86_64-pc-linux-gnu
ac_cv_env_target_alias_set=set
ac_cv_env_target_alias_value=mipsel-openwrt-linux-musl
ac_cv_epoll=yes
ac_cv_header_inttypes_h=yes
ac_cv_header_memory_h=yes
ac_cv_header_stdc=yes
ac_cv_header_stdint_h=yes
ac_cv_header_stdlib_h=yes
ac_cv_header_string_h=yes
ac_cv_header_strings_h=yes
ac_cv_header_sys_mman_h=yes
ac_cv_header_sys_stat_h=yes
ac_cv_header_sys_types_h=yes
ac_cv_header_unistd_h=yes
ac_cv_host=x86_64-pc-linux-gnu
ac_cv_inet_ntop=yes
ac_cv_o_cloexec=yes
ac_cv_objext=o
ac_cv_path_EGREP='/home/notlean/openwrt-uboost/staging_dir/host/bin/grep -E'
ac_cv_path_GREP=/home/notlean/openwrt-uboost/staging_dir/host/bin/grep
ac_cv_prog_AUTOCONF=autoconf
ac_cv_prog_AUTOHEADER=autoheader
ac_cv_prog_CXXCPP='g++ -E'
ac_cv_prog_cxx_g=yes
ac_cv_pselect=yes
ac_cv_search_ZSTD_compress='/home/notlean/openwrt-uboost/staging_dir/host/lib/libzstd.a -pthread'
ac_cv_search_gethostbyname='none required'
ac_cv_search_socket='none required'
ac_cv_select=yes
ac_cv_target=mipsel-openwrt-linux-musl
gcc_cv_libc_provides_ssp=yes
libgcc_cv_fixed_point=no

## ----------------- ##
## Output variables. ##
## ----------------- ##

AUTOCONF='autoconf'
AUTOHEADER='autoheader'
CPPFLAGS=''
CXX='g++'
CXXCPP='g++ -E'
CXXFLAGS='-O2 -I/home/notlean/openwrt-uboost/staging_dir/host/include  -pipe    '
CXX_AUX_TOOLS='yes'
DEFS='-DHAVE_CONFIG_H'
ECHO_C=''
ECHO_N='-n'
ECHO_T=''
EGREP='/home/notlean/openwrt-uboost/staging_dir/host/bin/grep -E'
EXEEXT=''
GREP='/home/notlean/openwrt-uboost/staging_dir/host/bin/grep'
INSTALL_DATA='/home/notlean/openwrt-uboost/staging_dir/host/bin/install -c -m 644'
INSTALL_PROGRAM='/home/notlean/openwrt-uboost/staging_dir/host/bin/install -c'
INSTALL_SCRIPT='/home/notlean/openwrt-uboost/staging_dir/host/bin/install -c'
LDFLAGS='-static-libstdc++ -static-libgcc '
LIBOBJS=''
LIBS=''
LTLIBOBJS=''
MAINTAINER=''
NETLIBS=''
OBJEXT='o'
PACKAGE_BUGREPORT=''
PACKAGE_NAME=''
PACKAGE_STRING=''
PACKAGE_TARNAME=''
PACKAGE_URL=''
PACKAGE_VERSION=''
PATH_SEPARATOR=':'
PIEFLAG=''
SHELL='/bin/bash'
ac_ct_CXX=''
bindir='${exec_prefix}/bin'
build='x86_64-pc-linux-gnu'
build_alias='x86_64-pc-linux-gnu'
build_cpu='x86_64'
build_os='linux-gnu'
build_vendor='pc'
datadir='${datarootdir}'
datarootdir='${prefix}/share'
docdir='${datarootdir}/doc/${PACKAGE}'
dvidir='${docdir}'
exec_prefix='${prefix}'
get_gcc_base_ver='cat'
host='x86_64-pc-linux-gnu'
host_alias='x86_64-pc-linux-gnu'
host_cpu='x86_64'
host_os='linux-gnu'
host_vendor='pc'
htmldir='${docdir}'
includedir='${prefix}/include'
infodir='${datarootdir}/info'
libdir='${exec_prefix}/lib'
libexecdir='${exec_prefix}/libexec'
localedir='${datarootdir}/locale'
localstatedir='${prefix}/var'
mandir='${datarootdir}/man'
oldincludedir='/usr/include'
pdfdir='${docdir}'
prefix='/home/notlean/openwrt-uboost/staging_dir/toolchain-mipsel_24kc_gcc-12.3.0_musl'
program_transform_name='s&^&mipsel-openwrt-linux-musl-&'
psdir='${docdir}'
sbindir='${exec_prefix}/sbin'
sharedstatedir='${prefix}/com'
sysconfdir='${prefix}/etc'
target='mipsel-openwrt-linux-musl'
target_alias='mipsel-openwrt-linux-musl'
target_cpu='mipsel'
target_noncanonical='mipsel-openwrt-linux-musl'
target_os='linux-musl'
target_vendor='openwrt'

## ----------- ##
## confdefs.h. ##
## ----------- ##

/* confdefs.h */
#define PACKAGE_NAME ""
#define PACKAGE_TARNAME ""
#define PACKAGE_VERSION ""
#define PACKAGE_STRING ""
#define PACKAGE_BUGREPORT ""
#define PACKAGE_URL ""
#define ENABLE_ASSERT_CHECKING 1
#define HOST_HAS_O_CLOEXEC 1
#define STDC_HEADERS 1
#define HAVE_SYS_TYPES_H 1
#define HAVE_SYS_STAT_H 1
#define HAVE_STDLIB_H 1
#define HAVE_STRING_H 1
#define HAVE_MEMORY_H 1
#define HAVE_STRINGS_H 1
#define HAVE_INTTYPES_H 1
#define HAVE_STDINT_H 1
#define HAVE_UNISTD_H 1
#define HAVE_SYS_MMAN_H 1
#define HAVE_AF_UNIX 1
#define HAVE_AF_INET6 1
#define HAVE_EPOLL 1
#define HAVE_PSELECT 1
#define HAVE_SELECT 1
#define HAVE_ACCEPT4 1
#define HAVE_INET_NTOP 1

configure: exit 0
