This file contains any messages produced by compilers while
running configure, to aid debugging if configure makes a mistake.

It was created by libnetfilter_queue configure 1.0.5, which was
generated by GNU Autoconf 2.71.  Invocation command line was

  $ ./configure --target=mipsel-openwrt-linux --host=mipsel-openwrt-linux --build=x86_64-pc-linux-gnu --disable-dependency-tracking --program-prefix= --program-suffix= --prefix=/usr --exec-prefix=/usr --bindir=/usr/bin --sbindir=/usr/sbin --libexecdir=/usr/lib --sysconfdir=/etc --datadir=/usr/share --localstatedir=/var --mandir=/usr/man --infodir=/usr/info --disable-nls --enable-static --enable-shared

## --------- ##
## Platform. ##
## --------- ##

hostname = Notlean
uname -m = x86_64
uname -r = 6.14.0-33-generic
uname -s = Linux
uname -v = #33~24.04.1-Ubuntu SMP PREEMPT_DYNAMIC Fri Sep 19 17:02:30 UTC 2

/usr/bin/uname -p = x86_64
/bin/uname -X     = unknown

/bin/arch              = x86_64
/usr/bin/arch -k       = unknown
/usr/convex/getsysinfo = unknown
/usr/bin/hostinfo      = unknown
/bin/machine           = unknown
/usr/bin/oslevel       = unknown
/bin/universe          = unknown

PATH: /home/notlean/openwrt-uboost/staging_dir/target-mipsel_24kc_musl/host/bin/
PATH: /home/notlean/openwrt-uboost/staging_dir/hostpkg/bin/
PATH: /home/notlean/openwrt-uboost/staging_dir/toolchain-mipsel_24kc_gcc-12.3.0_musl/bin/
PATH: /home/notlean/openwrt-uboost/staging_dir/toolchain-mipsel_24kc_gcc-12.3.0_musl/bin/
PATH: /home/notlean/openwrt-uboost/staging_dir/host/bin/
PATH: /home/notlean/openwrt-uboost/staging_dir/toolchain-mipsel_24kc_gcc-12.3.0_musl/bin/
PATH: /home/notlean/openwrt-uboost/staging_dir/host/bin/
PATH: /home/notlean/openwrt-uboost/staging_dir/host/bin/
PATH: /usr/local/sbin/
PATH: /usr/local/bin/
PATH: /usr/sbin/
PATH: /usr/bin/
PATH: /sbin/
PATH: /bin/
PATH: /usr/games/
PATH: /usr/local/games/
PATH: /snap/bin/
PATH: /snap/bin/


## ----------- ##
## Core tests. ##
## ----------- ##

configure:2025: loading site script /home/notlean/openwrt-uboost/include/site/mipsel
| #!/bin/sh
| . $TOPDIR/include/site/linux
| ac_cv_c_littleendian=${ac_cv_c_littleendian=yes}
| ac_cv_c_bigendian=${ac_cv_c_bigendian=no}
| 
| ac_cv_sizeof___int64=0
| ac_cv_sizeof_char=1
| ac_cv_sizeof_int=4
| ac_cv_sizeof_int16_t=2
| ac_cv_sizeof_int32_t=4
| ac_cv_sizeof_int64_t=8
| ac_cv_sizeof_long_int=4
| ac_cv_sizeof_long_long=8
| ac_cv_sizeof_long=4
| ac_cv_sizeof_off_t=8
| ac_cv_sizeof_short_int=2
| ac_cv_sizeof_short=2
| ac_cv_sizeof_size_t=4
| ac_cv_sizeof_ssize_t=4
| ac_cv_sizeof_u_int16_t=2
| ac_cv_sizeof_u_int32_t=4
| ac_cv_sizeof_u_int64_t=8
| ac_cv_sizeof_uint16_t=2
| ac_cv_sizeof_uint32_t=4
| ac_cv_sizeof_uint64_t=8
| ac_cv_sizeof_unsigned_int=4
| ac_cv_sizeof_unsigned_long=4
| ac_cv_sizeof_unsigned_long_long=8
| ac_cv_sizeof_unsigned_short=2
| ac_cv_sizeof_void_p=4
configure:2384: looking for aux files: ltmain.sh compile ar-lib missing install-sh config.guess config.sub
configure:2397:  trying ./build-aux/
configure:2426:   ./build-aux/ltmain.sh found
configure:2426:   ./build-aux/compile found
configure:2426:   ./build-aux/ar-lib found
configure:2426:   ./build-aux/missing found
configure:2408:   ./build-aux/install-sh found
configure:2426:   ./build-aux/config.guess found
configure:2426:   ./build-aux/config.sub found
configure:2545: checking build system type
configure:2560: result: x86_64-pc-linux-gnu
configure:2580: checking host system type
configure:2594: result: mipsel-openwrt-linux-gnu
configure:2635: checking for a BSD-compatible install
configure:2708: result: /home/notlean/openwrt-uboost/staging_dir/host/bin/install -c
configure:2719: checking whether build environment is sane
configure:2774: result: yes
configure:2830: checking for mipsel-openwrt-linux-strip
configure:2862: result: mipsel-openwrt-linux-musl-strip
configure:2933: checking for a race-free mkdir -p
configure:2977: result: /usr/bin/mkdir -p
configure:2984: checking for gawk
configure:3005: found /usr/bin/gawk
configure:3016: result: gawk
configure:3027: checking whether make sets $(MAKE)
configure:3050: result: yes
configure:3080: checking whether make supports nested variables
configure:3098: result: yes
configure:3173: checking how to create a pax tar archive
configure:3184: tar --version
tar (GNU tar) 1.34
Copyright (C) 2021 Free Software Foundation, Inc.
License GPLv3+: GNU GPL version 3 or later <https://gnu.org/licenses/gpl.html>.
This is free software: you are free to change and redistribute it.
There is NO WARRANTY, to the extent permitted by law.

Written by John Gilmore and Jay Fenlason.
configure:3187: $? = 0
configure:3227: tardir=conftest.dir && eval tar --format=posix -chf - "$tardir" >conftest.tar
configure:3230: $? = 0
configure:3234: tar -xf - <conftest.tar
configure:3237: $? = 0
configure:3239: cat conftest.dir/file
GrepMe
configure:3242: $? = 0
configure:3256: result: gnutar
configure:3333: checking whether make supports the include directive
configure:3348: make -f confmf.GNU && cat confinc.out
make[4]: Entering directory '/home/notlean/openwrt-uboost/build_dir/target-mipsel_24kc_musl/libnetfilter_queue-1.0.5'
make[4]: Leaving directory '/home/notlean/openwrt-uboost/build_dir/target-mipsel_24kc_musl/libnetfilter_queue-1.0.5'
this is the am__doit target
configure:3351: $? = 0
configure:3370: result: yes (GNU style)
configure:3401: checking for mipsel-openwrt-linux-gcc
configure:3433: result: mipsel-openwrt-linux-musl-gcc
configure:3831: checking for C compiler version
configure:3840: mipsel-openwrt-linux-musl-gcc --version >&5
mipsel-openwrt-linux-musl-gcc (OpenWrt GCC 12.3.0 r23809-234f1a2efa) 12.3.0
Copyright (C) 2022 Free Software Foundation, Inc.
This is free software; see the source for copying conditions.  There is NO
warranty; not even for MERCHANTABILITY or FITNESS FOR A PARTICULAR PURPOSE.

configure:3851: $? = 0
configure:3840: mipsel-openwrt-linux-musl-gcc -v >&5
Reading specs from /home/notlean/openwrt-uboost/staging_dir/toolchain-mipsel_24kc_gcc-12.3.0_musl/lib/gcc/mipsel-openwrt-linux-musl/12.3.0/specs
COLLECT_GCC=mipsel-openwrt-linux-musl-gcc
COLLECT_LTO_WRAPPER=/home/notlean/openwrt-uboost/staging_dir/toolchain-mipsel_24kc_gcc-12.3.0_musl/libexec/gcc/mipsel-openwrt-linux-musl/12.3.0/lto-wrapper
Target: mipsel-openwrt-linux-musl
Configured with: /home/notlean/openwrt-uboost/build_dir/toolchain-mipsel_24kc_gcc-12.3.0_musl/gcc-12.3.0/configure --with-bugurl=http://bugs.openwrt.org/ --with-pkgversion='OpenWrt GCC 12.3.0 r23809-234f1a2efa' --prefix=/home/notlean/openwrt-uboost/staging_dir/toolchain-mipsel_24kc_gcc-12.3.0_musl --build=x86_64-pc-linux-gnu --host=x86_64-pc-linux-gnu --target=mipsel-openwrt-linux-musl --with-gnu-ld --enable-target-optspace --disable-libgomp --disable-libmudflap --disable-multilib --disable-libmpx --disable-nls --disable-libssp --without-isl --without-cloog --with-host-libstdcxx=-lstdc++ --with-float=soft --with-system-zlib=/home/notlean/openwrt-uboost/staging_dir/host --with-zstd=/home/notlean/openwrt-uboost/staging_dir/host --with-gmp=/home/notlean/openwrt-uboost/staging_dir/host --with-mpfr=/home/notlean/openwrt-uboost/staging_dir/host --with-mpc=/home/notlean/openwrt-uboost/staging_dir/host --disable-decimal-float --with-diagnostics-color=auto-if-env --enable-__cxa_atexit --enable-libstdcxx-dual-abi --with-default-libstdcxx-abi=new --with-mips-plt CFLAGS='-O2 -I/home/notlean/openwrt-uboost/staging_dir/host/include  -pipe' CXXFLAGS='-O2 -I/home/notlean/openwrt-uboost/staging_dir/host/include  -pipe' 'CFLAGS_FOR_TARGET=-Os -pipe -mno-branch-likely -mips32r2 -mtune=24kc -fno-caller-saves -fno-plt -fhonour-copts -msoft-float -Wformat -Werror=format-security -fstack-protector -D_FORTIFY_SOURCE=1 -Wl,-z,now -Wl,-z,relro' 'CXXFLAGS_FOR_TARGET=-Os -pipe -mno-branch-likely -mips32r2 -mtune=24kc -fno-caller-saves -fno-plt -fhonour-copts -msoft-float -Wformat -Werror=format-security -fstack-protector -D_FORTIFY_SOURCE=1 -Wl,-z,now -Wl,-z,relro' 'GOCFLAGS_FOR_TARGET=-Os -pipe -mno-branch-likely -mips32r2 -mtune=24kc -fno-caller-saves -fno-plt -fhonour-copts -msoft-float -Wformat -Werror=format-security -fstack-protector -D_FORTIFY_SOURCE=1 -Wl,-z,now -Wl,-z,relro' --with-headers=/home/notlean/openwrt-uboost/staging_dir/toolchain-mipsel_24kc_gcc-12.3.0_musl/include --enable-languages=c,c++ --enable-shared --enable-threads --with-slibdir=/home/notlean/openwrt-uboost/staging_dir/toolchain-mipsel_24kc_gcc-12.3.0_musl/lib --enable-plugins --enable-lto --with-libelf=/home/notlean/openwrt-uboost/staging_dir/host --disable-libsanitizer
Thread model: posix
Supported LTO compression algorithms: zlib zstd
gcc version 12.3.0 (OpenWrt GCC 12.3.0 r23809-234f1a2efa) 
configure:3851: $? = 0
configure:3840: mipsel-openwrt-linux-musl-gcc -V >&5
mipsel-openwrt-linux-musl-gcc: error: unrecognized command-line option '-V'
mipsel-openwrt-linux-musl-gcc: fatal error: no input files
compilation terminated.
configure:3851: $? = 1
configure:3840: mipsel-openwrt-linux-musl-gcc -qversion >&5
mipsel-openwrt-linux-musl-gcc: error: unrecognized command-line option '-qversion'; did you mean '--version'?
mipsel-openwrt-linux-musl-gcc: fatal error: no input files
compilation terminated.
configure:3851: $? = 1
configure:3840: mipsel-openwrt-linux-musl-gcc -version >&5
mipsel-openwrt-linux-musl-gcc: error: unrecognized command-line option '-version'
mipsel-openwrt-linux-musl-gcc: fatal error: no input files
compilation terminated.
configure:3851: $? = 1
configure:3871: checking whether the C compiler works
configure:3893: mipsel-openwrt-linux-musl-gcc -Os -pipe -mno-branch-likely -mips32r2 -mtune=24kc -fno-caller-saves -fno-plt -fhonour-copts -msoft-float -fmacro-prefix-map=/home/notlean/openwrt-uboost/build_dir/target-mipsel_24kc_musl/libnetfilter_queue-1.0.5=libnetfilter_queue-1.0.5 -mips16 -minterlink-mips16 -Wformat -Werror=format-security -fstack-protector -D_FORTIFY_SOURCE=1 -Wl,-z,now -Wl,-z,relro -DPIC -fpic -D_GNU_SOURCE=1  -I/home/notlean/openwrt-uboost/staging_dir/toolchain-mipsel_24kc_gcc-12.3.0_musl/usr/include -I/home/notlean/openwrt-uboost/staging_dir/toolchain-mipsel_24kc_gcc-12.3.0_musl/include/fortify -I/home/notlean/openwrt-uboost/staging_dir/toolchain-mipsel_24kc_gcc-12.3.0_musl/include  -L/home/notlean/openwrt-uboost/staging_dir/toolchain-mipsel_24kc_gcc-12.3.0_musl/usr/lib -L/home/notlean/openwrt-uboost/staging_dir/toolchain-mipsel_24kc_gcc-12.3.0_musl/lib -znow -zrelro  conftest.c  >&5
configure:3897: $? = 0
configure:3947: result: yes
configure:3950: checking for C compiler default output file name
configure:3952: result: a.out
configure:3958: checking for suffix of executables
configure:3965: mipsel-openwrt-linux-musl-gcc -o conftest -Os -pipe -mno-branch-likely -mips32r2 -mtune=24kc -fno-caller-saves -fno-plt -fhonour-copts -msoft-float -fmacro-prefix-map=/home/notlean/openwrt-uboost/build_dir/target-mipsel_24kc_musl/libnetfilter_queue-1.0.5=libnetfilter_queue-1.0.5 -mips16 -minterlink-mips16 -Wformat -Werror=format-security -fstack-protector -D_FORTIFY_SOURCE=1 -Wl,-z,now -Wl,-z,relro -DPIC -fpic -D_GNU_SOURCE=1  -I/home/notlean/openwrt-uboost/staging_dir/toolchain-mipsel_24kc_gcc-12.3.0_musl/usr/include -I/home/notlean/openwrt-uboost/staging_dir/toolchain-mipsel_24kc_gcc-12.3.0_musl/include/fortify -I/home/notlean/openwrt-uboost/staging_dir/toolchain-mipsel_24kc_gcc-12.3.0_musl/include  -L/home/notlean/openwrt-uboost/staging_dir/toolchain-mipsel_24kc_gcc-12.3.0_musl/usr/lib -L/home/notlean/openwrt-uboost/staging_dir/toolchain-mipsel_24kc_gcc-12.3.0_musl/lib -znow -zrelro  conftest.c  >&5
configure:3969: $? = 0
configure:3992: result: 
configure:4014: checking whether we are cross compiling
configure:4052: result: yes
configure:4057: checking for suffix of object files
configure:4080: mipsel-openwrt-linux-musl-gcc -c -Os -pipe -mno-branch-likely -mips32r2 -mtune=24kc -fno-caller-saves -fno-plt -fhonour-copts -msoft-float -fmacro-prefix-map=/home/notlean/openwrt-uboost/build_dir/target-mipsel_24kc_musl/libnetfilter_queue-1.0.5=libnetfilter_queue-1.0.5 -mips16 -minterlink-mips16 -Wformat -Werror=format-security -fstack-protector -D_FORTIFY_SOURCE=1 -Wl,-z,now -Wl,-z,relro -DPIC -fpic -D_GNU_SOURCE=1  -I/home/notlean/openwrt-uboost/staging_dir/toolchain-mipsel_24kc_gcc-12.3.0_musl/usr/include -I/home/notlean/openwrt-uboost/staging_dir/toolchain-mipsel_24kc_gcc-12.3.0_musl/include/fortify -I/home/notlean/openwrt-uboost/staging_dir/toolchain-mipsel_24kc_gcc-12.3.0_musl/include  conftest.c >&5
configure:4084: $? = 0
configure:4106: result: o
configure:4110: checking whether the compiler supports GNU C
configure:4130: mipsel-openwrt-linux-musl-gcc -c -Os -pipe -mno-branch-likely -mips32r2 -mtune=24kc -fno-caller-saves -fno-plt -fhonour-copts -msoft-float -fmacro-prefix-map=/home/notlean/openwrt-uboost/build_dir/target-mipsel_24kc_musl/libnetfilter_queue-1.0.5=libnetfilter_queue-1.0.5 -mips16 -minterlink-mips16 -Wformat -Werror=format-security -fstack-protector -D_FORTIFY_SOURCE=1 -Wl,-z,now -Wl,-z,relro -DPIC -fpic -D_GNU_SOURCE=1  -I/home/notlean/openwrt-uboost/staging_dir/toolchain-mipsel_24kc_gcc-12.3.0_musl/usr/include -I/home/notlean/openwrt-uboost/staging_dir/toolchain-mipsel_24kc_gcc-12.3.0_musl/include/fortify -I/home/notlean/openwrt-uboost/staging_dir/toolchain-mipsel_24kc_gcc-12.3.0_musl/include  conftest.c >&5
configure:4130: $? = 0
configure:4140: result: yes
configure:4151: checking whether mipsel-openwrt-linux-musl-gcc accepts -g
configure:4172: mipsel-openwrt-linux-musl-gcc -c -g -I/home/notlean/openwrt-uboost/staging_dir/toolchain-mipsel_24kc_gcc-12.3.0_musl/usr/include -I/home/notlean/openwrt-uboost/staging_dir/toolchain-mipsel_24kc_gcc-12.3.0_musl/include/fortify -I/home/notlean/openwrt-uboost/staging_dir/toolchain-mipsel_24kc_gcc-12.3.0_musl/include  conftest.c >&5
cc1: note: someone does not honour COPTS correctly, passed 0 times
configure:4172: $? = 0
configure: failed program was:
| /* confdefs.h */
| #define PACKAGE_NAME "libnetfilter_queue"
| #define PACKAGE_TARNAME "libnetfilter_queue"
| #define PACKAGE_VERSION "1.0.5"
| #define PACKAGE_STRING "libnetfilter_queue 1.0.5"
| #define PACKAGE_BUGREPORT ""
| #define PACKAGE_URL ""
| #define PACKAGE "libnetfilter_queue"
| #define VERSION "1.0.5"
| /* end confdefs.h.  */
| 
| int
| main (void)
| {
| 
|   ;
|   return 0;
| }
configure:4188: mipsel-openwrt-linux-musl-gcc -c  -I/home/notlean/openwrt-uboost/staging_dir/toolchain-mipsel_24kc_gcc-12.3.0_musl/usr/include -I/home/notlean/openwrt-uboost/staging_dir/toolchain-mipsel_24kc_gcc-12.3.0_musl/include/fortify -I/home/notlean/openwrt-uboost/staging_dir/toolchain-mipsel_24kc_gcc-12.3.0_musl/include  conftest.c >&5
cc1: note: someone does not honour COPTS correctly, passed 0 times
configure:4188: $? = 0
configure: failed program was:
| /* confdefs.h */
| #define PACKAGE_NAME "libnetfilter_queue"
| #define PACKAGE_TARNAME "libnetfilter_queue"
| #define PACKAGE_VERSION "1.0.5"
| #define PACKAGE_STRING "libnetfilter_queue 1.0.5"
| #define PACKAGE_BUGREPORT ""
| #define PACKAGE_URL ""
| #define PACKAGE "libnetfilter_queue"
| #define VERSION "1.0.5"
| /* end confdefs.h.  */
| 
| int
| main (void)
| {
| 
|   ;
|   return 0;
| }
configure:4205: mipsel-openwrt-linux-musl-gcc -c -g -I/home/notlean/openwrt-uboost/staging_dir/toolchain-mipsel_24kc_gcc-12.3.0_musl/usr/include -I/home/notlean/openwrt-uboost/staging_dir/toolchain-mipsel_24kc_gcc-12.3.0_musl/include/fortify -I/home/notlean/openwrt-uboost/staging_dir/toolchain-mipsel_24kc_gcc-12.3.0_musl/include  conftest.c >&5
cc1: note: someone does not honour COPTS correctly, passed 0 times
configure:4205: $? = 0
configure:4216: result: yes
configure:4236: checking for mipsel-openwrt-linux-musl-gcc option to enable C11 features
configure:4251: mipsel-openwrt-linux-musl-gcc  -c -Os -pipe -mno-branch-likely -mips32r2 -mtune=24kc -fno-caller-saves -fno-plt -fhonour-copts -msoft-float -fmacro-prefix-map=/home/notlean/openwrt-uboost/build_dir/target-mipsel_24kc_musl/libnetfilter_queue-1.0.5=libnetfilter_queue-1.0.5 -mips16 -minterlink-mips16 -Wformat -Werror=format-security -fstack-protector -D_FORTIFY_SOURCE=1 -Wl,-z,now -Wl,-z,relro -DPIC -fpic -D_GNU_SOURCE=1  -I/home/notlean/openwrt-uboost/staging_dir/toolchain-mipsel_24kc_gcc-12.3.0_musl/usr/include -I/home/notlean/openwrt-uboost/staging_dir/toolchain-mipsel_24kc_gcc-12.3.0_musl/include/fortify -I/home/notlean/openwrt-uboost/staging_dir/toolchain-mipsel_24kc_gcc-12.3.0_musl/include  conftest.c >&5
configure:4251: $? = 0
configure:4269: result: none needed
configure:4385: checking whether mipsel-openwrt-linux-musl-gcc understands -c and -o together
configure:4408: mipsel-openwrt-linux-musl-gcc -c conftest.c -o conftest2.o
cc1: note: someone does not honour COPTS correctly, passed 0 times
configure:4411: $? = 0
configure:4408: mipsel-openwrt-linux-musl-gcc -c conftest.c -o conftest2.o
cc1: note: someone does not honour COPTS correctly, passed 0 times
configure:4411: $? = 0
configure:4423: result: yes
configure:4442: checking dependency style of mipsel-openwrt-linux-musl-gcc
configure:4554: result: none
configure:4576: checking for mipsel-openwrt-linux-ar
configure:4608: result: mipsel-openwrt-linux-musl-gcc-ar
configure:4683: checking the archiver (mipsel-openwrt-linux-musl-gcc-ar) interface
configure:4700: mipsel-openwrt-linux-musl-gcc -c -Os -pipe -mno-branch-likely -mips32r2 -mtune=24kc -fno-caller-saves -fno-plt -fhonour-copts -msoft-float -fmacro-prefix-map=/home/notlean/openwrt-uboost/build_dir/target-mipsel_24kc_musl/libnetfilter_queue-1.0.5=libnetfilter_queue-1.0.5 -mips16 -minterlink-mips16 -Wformat -Werror=format-security -fstack-protector -D_FORTIFY_SOURCE=1 -Wl,-z,now -Wl,-z,relro -DPIC -fpic -D_GNU_SOURCE=1  -I/home/notlean/openwrt-uboost/staging_dir/toolchain-mipsel_24kc_gcc-12.3.0_musl/usr/include -I/home/notlean/openwrt-uboost/staging_dir/toolchain-mipsel_24kc_gcc-12.3.0_musl/include/fortify -I/home/notlean/openwrt-uboost/staging_dir/toolchain-mipsel_24kc_gcc-12.3.0_musl/include  conftest.c >&5
configure:4700: $? = 0
configure:4703: mipsel-openwrt-linux-musl-gcc-ar cru libconftest.a conftest.o >&5
/home/notlean/openwrt-uboost/staging_dir/toolchain-mipsel_24kc_gcc-12.3.0_musl/lib/gcc/mipsel-openwrt-linux-musl/12.3.0/../../../../mipsel-openwrt-linux-musl/bin/ar: `u' modifier ignored since `D' is the default (see `U')
configure:4706: $? = 0
configure:4734: result: ar
configure:4767: checking whether make supports nested variables
configure:4785: result: yes
configure:4805: checking for mipsel-openwrt-linux-gcc
configure:4837: result: mipsel-openwrt-linux-musl-gcc
configure:5235: checking for C compiler version
configure:5244: mipsel-openwrt-linux-musl-gcc --version >&5
mipsel-openwrt-linux-musl-gcc (OpenWrt GCC 12.3.0 r23809-234f1a2efa) 12.3.0
Copyright (C) 2022 Free Software Foundation, Inc.
This is free software; see the source for copying conditions.  There is NO
warranty; not even for MERCHANTABILITY or FITNESS FOR A PARTICULAR PURPOSE.

configure:5255: $? = 0
configure:5244: mipsel-openwrt-linux-musl-gcc -v >&5
Reading specs from /home/notlean/openwrt-uboost/staging_dir/toolchain-mipsel_24kc_gcc-12.3.0_musl/lib/gcc/mipsel-openwrt-linux-musl/12.3.0/specs
COLLECT_GCC=mipsel-openwrt-linux-musl-gcc
COLLECT_LTO_WRAPPER=/home/notlean/openwrt-uboost/staging_dir/toolchain-mipsel_24kc_gcc-12.3.0_musl/libexec/gcc/mipsel-openwrt-linux-musl/12.3.0/lto-wrapper
Target: mipsel-openwrt-linux-musl
Configured with: /home/notlean/openwrt-uboost/build_dir/toolchain-mipsel_24kc_gcc-12.3.0_musl/gcc-12.3.0/configure --with-bugurl=http://bugs.openwrt.org/ --with-pkgversion='OpenWrt GCC 12.3.0 r23809-234f1a2efa' --prefix=/home/notlean/openwrt-uboost/staging_dir/toolchain-mipsel_24kc_gcc-12.3.0_musl --build=x86_64-pc-linux-gnu --host=x86_64-pc-linux-gnu --target=mipsel-openwrt-linux-musl --with-gnu-ld --enable-target-optspace --disable-libgomp --disable-libmudflap --disable-multilib --disable-libmpx --disable-nls --disable-libssp --without-isl --without-cloog --with-host-libstdcxx=-lstdc++ --with-float=soft --with-system-zlib=/home/notlean/openwrt-uboost/staging_dir/host --with-zstd=/home/notlean/openwrt-uboost/staging_dir/host --with-gmp=/home/notlean/openwrt-uboost/staging_dir/host --with-mpfr=/home/notlean/openwrt-uboost/staging_dir/host --with-mpc=/home/notlean/openwrt-uboost/staging_dir/host --disable-decimal-float --with-diagnostics-color=auto-if-env --enable-__cxa_atexit --enable-libstdcxx-dual-abi --with-default-libstdcxx-abi=new --with-mips-plt CFLAGS='-O2 -I/home/notlean/openwrt-uboost/staging_dir/host/include  -pipe' CXXFLAGS='-O2 -I/home/notlean/openwrt-uboost/staging_dir/host/include  -pipe' 'CFLAGS_FOR_TARGET=-Os -pipe -mno-branch-likely -mips32r2 -mtune=24kc -fno-caller-saves -fno-plt -fhonour-copts -msoft-float -Wformat -Werror=format-security -fstack-protector -D_FORTIFY_SOURCE=1 -Wl,-z,now -Wl,-z,relro' 'CXXFLAGS_FOR_TARGET=-Os -pipe -mno-branch-likely -mips32r2 -mtune=24kc -fno-caller-saves -fno-plt -fhonour-copts -msoft-float -Wformat -Werror=format-security -fstack-protector -D_FORTIFY_SOURCE=1 -Wl,-z,now -Wl,-z,relro' 'GOCFLAGS_FOR_TARGET=-Os -pipe -mno-branch-likely -mips32r2 -mtune=24kc -fno-caller-saves -fno-plt -fhonour-copts -msoft-float -Wformat -Werror=format-security -fstack-protector -D_FORTIFY_SOURCE=1 -Wl,-z,now -Wl,-z,relro' --with-headers=/home/notlean/openwrt-uboost/staging_dir/toolchain-mipsel_24kc_gcc-12.3.0_musl/include --enable-languages=c,c++ --enable-shared --enable-threads --with-slibdir=/home/notlean/openwrt-uboost/staging_dir/toolchain-mipsel_24kc_gcc-12.3.0_musl/lib --enable-plugins --enable-lto --with-libelf=/home/notlean/openwrt-uboost/staging_dir/host --disable-libsanitizer
Thread model: posix
Supported LTO compression algorithms: zlib zstd
gcc version 12.3.0 (OpenWrt GCC 12.3.0 r23809-234f1a2efa) 
configure:5255: $? = 0
configure:5244: mipsel-openwrt-linux-musl-gcc -V >&5
mipsel-openwrt-linux-musl-gcc: error: unrecognized command-line option '-V'
mipsel-openwrt-linux-musl-gcc: fatal error: no input files
compilation terminated.
configure:5255: $? = 1
configure:5244: mipsel-openwrt-linux-musl-gcc -qversion >&5
mipsel-openwrt-linux-musl-gcc: error: unrecognized command-line option '-qversion'; did you mean '--version'?
mipsel-openwrt-linux-musl-gcc: fatal error: no input files
compilation terminated.
configure:5255: $? = 1
configure:5244: mipsel-openwrt-linux-musl-gcc -version >&5
mipsel-openwrt-linux-musl-gcc: error: unrecognized command-line option '-version'
mipsel-openwrt-linux-musl-gcc: fatal error: no input files
compilation terminated.
configure:5255: $? = 1
configure:5259: checking whether the compiler supports GNU C
configure:5289: result: yes
configure:5300: checking whether mipsel-openwrt-linux-musl-gcc accepts -g
configure:5365: result: yes
configure:5385: checking for mipsel-openwrt-linux-musl-gcc option to enable C11 features
configure:5418: result: none needed
configure:5534: checking whether mipsel-openwrt-linux-musl-gcc understands -c and -o together
configure:5572: result: yes
configure:5591: checking dependency style of mipsel-openwrt-linux-musl-gcc
configure:5703: result: none
configure:5798: checking how to print strings
configure:5825: result: printf
configure:5846: checking for a sed that does not truncate output
configure:5916: result: /home/notlean/openwrt-uboost/staging_dir/host/bin/sed
configure:5933: checking for grep that handles long lines and -e
configure:5997: result: /home/notlean/openwrt-uboost/staging_dir/host/bin/grep
configure:6002: checking for egrep
configure:6070: result: /home/notlean/openwrt-uboost/staging_dir/host/bin/grep -E
configure:6075: checking for fgrep
configure:6143: result: /home/notlean/openwrt-uboost/staging_dir/host/bin/grep -F
configure:6179: checking for ld used by mipsel-openwrt-linux-musl-gcc
configure:6247: result: mipsel-openwrt-linux-musl-ld
configure:6254: checking if the linker (mipsel-openwrt-linux-musl-ld) is GNU ld
configure:6270: result: yes
configure:6282: checking for BSD- or MS-compatible name lister (nm)
configure:6337: result: mipsel-openwrt-linux-musl-gcc-nm
configure:6477: checking the name lister (mipsel-openwrt-linux-musl-gcc-nm) interface
configure:6485: mipsel-openwrt-linux-musl-gcc -c -Os -pipe -mno-branch-likely -mips32r2 -mtune=24kc -fno-caller-saves -fno-plt -fhonour-copts -msoft-float -fmacro-prefix-map=/home/notlean/openwrt-uboost/build_dir/target-mipsel_24kc_musl/libnetfilter_queue-1.0.5=libnetfilter_queue-1.0.5 -mips16 -minterlink-mips16 -Wformat -Werror=format-security -fstack-protector -D_FORTIFY_SOURCE=1 -Wl,-z,now -Wl,-z,relro -DPIC -fpic -D_GNU_SOURCE=1  -I/home/notlean/openwrt-uboost/staging_dir/toolchain-mipsel_24kc_gcc-12.3.0_musl/usr/include -I/home/notlean/openwrt-uboost/staging_dir/toolchain-mipsel_24kc_gcc-12.3.0_musl/include/fortify -I/home/notlean/openwrt-uboost/staging_dir/toolchain-mipsel_24kc_gcc-12.3.0_musl/include  conftest.c >&5
configure:6488: mipsel-openwrt-linux-musl-gcc-nm "conftest.o"
configure:6491: output
00000000 B some_variable
configure:6498: result: BSD nm
configure:6501: checking whether ln -s works
configure:6505: result: yes
configure:6513: checking the maximum length of command line arguments
configure:6645: result: 1572864
configure:6693: checking how to convert x86_64-pc-linux-gnu file names to mipsel-openwrt-linux-gnu format
configure:6734: result: func_convert_file_noop
configure:6741: checking how to convert x86_64-pc-linux-gnu file names to toolchain format
configure:6762: result: func_convert_file_noop
configure:6769: checking for mipsel-openwrt-linux-musl-ld option to reload object files
configure:6777: result: -r
configure:6811: checking for mipsel-openwrt-linux-file
configure:6846: result: no
configure:6856: checking for file
configure:6877: found /home/notlean/openwrt-uboost/staging_dir/host/bin/file
configure:6888: result: file
configure:6900: WARNING: using cross tools not prefixed with host triplet
configure:6919: checking for mipsel-openwrt-linux-objdump
configure:6951: result: mipsel-openwrt-linux-musl-objdump
configure:7028: checking how to recognize dependent libraries
configure:7229: result: pass_all
configure:7274: checking for mipsel-openwrt-linux-dlltool
configure:7309: result: no
configure:7319: checking for dlltool
configure:7354: result: no
configure:7384: checking how to associate runtime and link libraries
configure:7412: result: printf %s\n
configure:7428: checking for mipsel-openwrt-linux-ar
configure:7460: result: mipsel-openwrt-linux-musl-gcc-ar
configure:7562: checking for archiver @FILE support
configure:7580: mipsel-openwrt-linux-musl-gcc -c -Os -pipe -mno-branch-likely -mips32r2 -mtune=24kc -fno-caller-saves -fno-plt -fhonour-copts -msoft-float -fmacro-prefix-map=/home/notlean/openwrt-uboost/build_dir/target-mipsel_24kc_musl/libnetfilter_queue-1.0.5=libnetfilter_queue-1.0.5 -mips16 -minterlink-mips16 -Wformat -Werror=format-security -fstack-protector -D_FORTIFY_SOURCE=1 -Wl,-z,now -Wl,-z,relro -DPIC -fpic -D_GNU_SOURCE=1  -I/home/notlean/openwrt-uboost/staging_dir/toolchain-mipsel_24kc_gcc-12.3.0_musl/usr/include -I/home/notlean/openwrt-uboost/staging_dir/toolchain-mipsel_24kc_gcc-12.3.0_musl/include/fortify -I/home/notlean/openwrt-uboost/staging_dir/toolchain-mipsel_24kc_gcc-12.3.0_musl/include  conftest.c >&5
configure:7580: $? = 0
configure:7584: mipsel-openwrt-linux-musl-gcc-ar cr libconftest.a @conftest.lst >&5
configure:7587: $? = 0
configure:7592: mipsel-openwrt-linux-musl-gcc-ar cr libconftest.a @conftest.lst >&5
/home/notlean/openwrt-uboost/staging_dir/toolchain-mipsel_24kc_gcc-12.3.0_musl/lib/gcc/mipsel-openwrt-linux-musl/12.3.0/../../../../mipsel-openwrt-linux-musl/bin/ar: conftest.o: No such file or directory
configure:7595: $? = 1
configure:7607: result: @
configure:7625: checking for mipsel-openwrt-linux-strip
configure:7657: result: mipsel-openwrt-linux-musl-strip
configure:7734: checking for mipsel-openwrt-linux-ranlib
configure:7766: result: mipsel-openwrt-linux-musl-gcc-ranlib
configure:7913: checking command to parse mipsel-openwrt-linux-musl-gcc-nm output from mipsel-openwrt-linux-musl-gcc object
configure:8067: mipsel-openwrt-linux-musl-gcc -c -Os -pipe -mno-branch-likely -mips32r2 -mtune=24kc -fno-caller-saves -fno-plt -fhonour-copts -msoft-float -fmacro-prefix-map=/home/notlean/openwrt-uboost/build_dir/target-mipsel_24kc_musl/libnetfilter_queue-1.0.5=libnetfilter_queue-1.0.5 -mips16 -minterlink-mips16 -Wformat -Werror=format-security -fstack-protector -D_FORTIFY_SOURCE=1 -Wl,-z,now -Wl,-z,relro -DPIC -fpic -D_GNU_SOURCE=1  -I/home/notlean/openwrt-uboost/staging_dir/toolchain-mipsel_24kc_gcc-12.3.0_musl/usr/include -I/home/notlean/openwrt-uboost/staging_dir/toolchain-mipsel_24kc_gcc-12.3.0_musl/include/fortify -I/home/notlean/openwrt-uboost/staging_dir/toolchain-mipsel_24kc_gcc-12.3.0_musl/include  conftest.c >&5
configure:8070: $? = 0
configure:8074: mipsel-openwrt-linux-musl-gcc-nm conftest.o \| /home/notlean/openwrt-uboost/staging_dir/host/bin/sed -n -e 's/^.*[ ]\([ABCDGIRSTW][ABCDGIRSTW]*\)[ ][ ]*\([_A-Za-z][_A-Za-z0-9]*\)$/\1 \2 \2/p' | /home/notlean/openwrt-uboost/staging_dir/host/bin/sed '/ __gnu_lto/d' \> conftest.nm
configure:8077: $? = 0
configure:8143: mipsel-openwrt-linux-musl-gcc -o conftest -Os -pipe -mno-branch-likely -mips32r2 -mtune=24kc -fno-caller-saves -fno-plt -fhonour-copts -msoft-float -fmacro-prefix-map=/home/notlean/openwrt-uboost/build_dir/target-mipsel_24kc_musl/libnetfilter_queue-1.0.5=libnetfilter_queue-1.0.5 -mips16 -minterlink-mips16 -Wformat -Werror=format-security -fstack-protector -D_FORTIFY_SOURCE=1 -Wl,-z,now -Wl,-z,relro -DPIC -fpic -D_GNU_SOURCE=1  -I/home/notlean/openwrt-uboost/staging_dir/toolchain-mipsel_24kc_gcc-12.3.0_musl/usr/include -I/home/notlean/openwrt-uboost/staging_dir/toolchain-mipsel_24kc_gcc-12.3.0_musl/include/fortify -I/home/notlean/openwrt-uboost/staging_dir/toolchain-mipsel_24kc_gcc-12.3.0_musl/include  -L/home/notlean/openwrt-uboost/staging_dir/toolchain-mipsel_24kc_gcc-12.3.0_musl/usr/lib -L/home/notlean/openwrt-uboost/staging_dir/toolchain-mipsel_24kc_gcc-12.3.0_musl/lib -znow -zrelro  conftest.c conftstm.o >&5
configure:8146: $? = 0
configure:8184: result: ok
configure:8231: checking for sysroot
configure:8262: result: no
configure:8269: checking for a working dd
configure:8313: result: /usr/bin/dd
configure:8317: checking how to truncate binary pipes
configure:8333: result: /usr/bin/dd bs=4096 count=1
configure:8625: checking for mipsel-openwrt-linux-mt
configure:8660: result: no
configure:8670: checking for mt
configure:8691: found /usr/bin/mt
configure:8702: result: mt
configure:8725: checking if mt is a manifest tool
configure:8732: mt '-?'
configure:8740: result: no
configure:9465: checking for stdio.h
configure:9465: mipsel-openwrt-linux-musl-gcc -c -Os -pipe -mno-branch-likely -mips32r2 -mtune=24kc -fno-caller-saves -fno-plt -fhonour-copts -msoft-float -fmacro-prefix-map=/home/notlean/openwrt-uboost/build_dir/target-mipsel_24kc_musl/libnetfilter_queue-1.0.5=libnetfilter_queue-1.0.5 -mips16 -minterlink-mips16 -Wformat -Werror=format-security -fstack-protector -D_FORTIFY_SOURCE=1 -Wl,-z,now -Wl,-z,relro -DPIC -fpic -D_GNU_SOURCE=1  -I/home/notlean/openwrt-uboost/staging_dir/toolchain-mipsel_24kc_gcc-12.3.0_musl/usr/include -I/home/notlean/openwrt-uboost/staging_dir/toolchain-mipsel_24kc_gcc-12.3.0_musl/include/fortify -I/home/notlean/openwrt-uboost/staging_dir/toolchain-mipsel_24kc_gcc-12.3.0_musl/include  conftest.c >&5
configure:9465: $? = 0
configure:9465: result: yes
configure:9465: checking for stdlib.h
configure:9465: mipsel-openwrt-linux-musl-gcc -c -Os -pipe -mno-branch-likely -mips32r2 -mtune=24kc -fno-caller-saves -fno-plt -fhonour-copts -msoft-float -fmacro-prefix-map=/home/notlean/openwrt-uboost/build_dir/target-mipsel_24kc_musl/libnetfilter_queue-1.0.5=libnetfilter_queue-1.0.5 -mips16 -minterlink-mips16 -Wformat -Werror=format-security -fstack-protector -D_FORTIFY_SOURCE=1 -Wl,-z,now -Wl,-z,relro -DPIC -fpic -D_GNU_SOURCE=1  -I/home/notlean/openwrt-uboost/staging_dir/toolchain-mipsel_24kc_gcc-12.3.0_musl/usr/include -I/home/notlean/openwrt-uboost/staging_dir/toolchain-mipsel_24kc_gcc-12.3.0_musl/include/fortify -I/home/notlean/openwrt-uboost/staging_dir/toolchain-mipsel_24kc_gcc-12.3.0_musl/include  conftest.c >&5
configure:9465: $? = 0
configure:9465: result: yes
configure:9465: checking for string.h
configure:9465: mipsel-openwrt-linux-musl-gcc -c -Os -pipe -mno-branch-likely -mips32r2 -mtune=24kc -fno-caller-saves -fno-plt -fhonour-copts -msoft-float -fmacro-prefix-map=/home/notlean/openwrt-uboost/build_dir/target-mipsel_24kc_musl/libnetfilter_queue-1.0.5=libnetfilter_queue-1.0.5 -mips16 -minterlink-mips16 -Wformat -Werror=format-security -fstack-protector -D_FORTIFY_SOURCE=1 -Wl,-z,now -Wl,-z,relro -DPIC -fpic -D_GNU_SOURCE=1  -I/home/notlean/openwrt-uboost/staging_dir/toolchain-mipsel_24kc_gcc-12.3.0_musl/usr/include -I/home/notlean/openwrt-uboost/staging_dir/toolchain-mipsel_24kc_gcc-12.3.0_musl/include/fortify -I/home/notlean/openwrt-uboost/staging_dir/toolchain-mipsel_24kc_gcc-12.3.0_musl/include  conftest.c >&5
configure:9465: $? = 0
configure:9465: result: yes
configure:9465: checking for inttypes.h
configure:9465: mipsel-openwrt-linux-musl-gcc -c -Os -pipe -mno-branch-likely -mips32r2 -mtune=24kc -fno-caller-saves -fno-plt -fhonour-copts -msoft-float -fmacro-prefix-map=/home/notlean/openwrt-uboost/build_dir/target-mipsel_24kc_musl/libnetfilter_queue-1.0.5=libnetfilter_queue-1.0.5 -mips16 -minterlink-mips16 -Wformat -Werror=format-security -fstack-protector -D_FORTIFY_SOURCE=1 -Wl,-z,now -Wl,-z,relro -DPIC -fpic -D_GNU_SOURCE=1  -I/home/notlean/openwrt-uboost/staging_dir/toolchain-mipsel_24kc_gcc-12.3.0_musl/usr/include -I/home/notlean/openwrt-uboost/staging_dir/toolchain-mipsel_24kc_gcc-12.3.0_musl/include/fortify -I/home/notlean/openwrt-uboost/staging_dir/toolchain-mipsel_24kc_gcc-12.3.0_musl/include  conftest.c >&5
configure:9465: $? = 0
configure:9465: result: yes
configure:9465: checking for stdint.h
configure:9465: mipsel-openwrt-linux-musl-gcc -c -Os -pipe -mno-branch-likely -mips32r2 -mtune=24kc -fno-caller-saves -fno-plt -fhonour-copts -msoft-float -fmacro-prefix-map=/home/notlean/openwrt-uboost/build_dir/target-mipsel_24kc_musl/libnetfilter_queue-1.0.5=libnetfilter_queue-1.0.5 -mips16 -minterlink-mips16 -Wformat -Werror=format-security -fstack-protector -D_FORTIFY_SOURCE=1 -Wl,-z,now -Wl,-z,relro -DPIC -fpic -D_GNU_SOURCE=1  -I/home/notlean/openwrt-uboost/staging_dir/toolchain-mipsel_24kc_gcc-12.3.0_musl/usr/include -I/home/notlean/openwrt-uboost/staging_dir/toolchain-mipsel_24kc_gcc-12.3.0_musl/include/fortify -I/home/notlean/openwrt-uboost/staging_dir/toolchain-mipsel_24kc_gcc-12.3.0_musl/include  conftest.c >&5
configure:9465: $? = 0
configure:9465: result: yes
configure:9465: checking for strings.h
configure:9465: mipsel-openwrt-linux-musl-gcc -c -Os -pipe -mno-branch-likely -mips32r2 -mtune=24kc -fno-caller-saves -fno-plt -fhonour-copts -msoft-float -fmacro-prefix-map=/home/notlean/openwrt-uboost/build_dir/target-mipsel_24kc_musl/libnetfilter_queue-1.0.5=libnetfilter_queue-1.0.5 -mips16 -minterlink-mips16 -Wformat -Werror=format-security -fstack-protector -D_FORTIFY_SOURCE=1 -Wl,-z,now -Wl,-z,relro -DPIC -fpic -D_GNU_SOURCE=1  -I/home/notlean/openwrt-uboost/staging_dir/toolchain-mipsel_24kc_gcc-12.3.0_musl/usr/include -I/home/notlean/openwrt-uboost/staging_dir/toolchain-mipsel_24kc_gcc-12.3.0_musl/include/fortify -I/home/notlean/openwrt-uboost/staging_dir/toolchain-mipsel_24kc_gcc-12.3.0_musl/include  conftest.c >&5
configure:9465: $? = 0
configure:9465: result: yes
configure:9465: checking for sys/stat.h
configure:9465: mipsel-openwrt-linux-musl-gcc -c -Os -pipe -mno-branch-likely -mips32r2 -mtune=24kc -fno-caller-saves -fno-plt -fhonour-copts -msoft-float -fmacro-prefix-map=/home/notlean/openwrt-uboost/build_dir/target-mipsel_24kc_musl/libnetfilter_queue-1.0.5=libnetfilter_queue-1.0.5 -mips16 -minterlink-mips16 -Wformat -Werror=format-security -fstack-protector -D_FORTIFY_SOURCE=1 -Wl,-z,now -Wl,-z,relro -DPIC -fpic -D_GNU_SOURCE=1  -I/home/notlean/openwrt-uboost/staging_dir/toolchain-mipsel_24kc_gcc-12.3.0_musl/usr/include -I/home/notlean/openwrt-uboost/staging_dir/toolchain-mipsel_24kc_gcc-12.3.0_musl/include/fortify -I/home/notlean/openwrt-uboost/staging_dir/toolchain-mipsel_24kc_gcc-12.3.0_musl/include  conftest.c >&5
configure:9465: $? = 0
configure:9465: result: yes
configure:9465: checking for sys/types.h
configure:9465: mipsel-openwrt-linux-musl-gcc -c -Os -pipe -mno-branch-likely -mips32r2 -mtune=24kc -fno-caller-saves -fno-plt -fhonour-copts -msoft-float -fmacro-prefix-map=/home/notlean/openwrt-uboost/build_dir/target-mipsel_24kc_musl/libnetfilter_queue-1.0.5=libnetfilter_queue-1.0.5 -mips16 -minterlink-mips16 -Wformat -Werror=format-security -fstack-protector -D_FORTIFY_SOURCE=1 -Wl,-z,now -Wl,-z,relro -DPIC -fpic -D_GNU_SOURCE=1  -I/home/notlean/openwrt-uboost/staging_dir/toolchain-mipsel_24kc_gcc-12.3.0_musl/usr/include -I/home/notlean/openwrt-uboost/staging_dir/toolchain-mipsel_24kc_gcc-12.3.0_musl/include/fortify -I/home/notlean/openwrt-uboost/staging_dir/toolchain-mipsel_24kc_gcc-12.3.0_musl/include  conftest.c >&5
configure:9465: $? = 0
configure:9465: result: yes
configure:9465: checking for unistd.h
configure:9465: mipsel-openwrt-linux-musl-gcc -c -Os -pipe -mno-branch-likely -mips32r2 -mtune=24kc -fno-caller-saves -fno-plt -fhonour-copts -msoft-float -fmacro-prefix-map=/home/notlean/openwrt-uboost/build_dir/target-mipsel_24kc_musl/libnetfilter_queue-1.0.5=libnetfilter_queue-1.0.5 -mips16 -minterlink-mips16 -Wformat -Werror=format-security -fstack-protector -D_FORTIFY_SOURCE=1 -Wl,-z,now -Wl,-z,relro -DPIC -fpic -D_GNU_SOURCE=1  -I/home/notlean/openwrt-uboost/staging_dir/toolchain-mipsel_24kc_gcc-12.3.0_musl/usr/include -I/home/notlean/openwrt-uboost/staging_dir/toolchain-mipsel_24kc_gcc-12.3.0_musl/include/fortify -I/home/notlean/openwrt-uboost/staging_dir/toolchain-mipsel_24kc_gcc-12.3.0_musl/include  conftest.c >&5
configure:9465: $? = 0
configure:9465: result: yes
configure:9490: checking for dlfcn.h
configure:9490: mipsel-openwrt-linux-musl-gcc -c -Os -pipe -mno-branch-likely -mips32r2 -mtune=24kc -fno-caller-saves -fno-plt -fhonour-copts -msoft-float -fmacro-prefix-map=/home/notlean/openwrt-uboost/build_dir/target-mipsel_24kc_musl/libnetfilter_queue-1.0.5=libnetfilter_queue-1.0.5 -mips16 -minterlink-mips16 -Wformat -Werror=format-security -fstack-protector -D_FORTIFY_SOURCE=1 -Wl,-z,now -Wl,-z,relro -DPIC -fpic -D_GNU_SOURCE=1  -I/home/notlean/openwrt-uboost/staging_dir/toolchain-mipsel_24kc_gcc-12.3.0_musl/usr/include -I/home/notlean/openwrt-uboost/staging_dir/toolchain-mipsel_24kc_gcc-12.3.0_musl/include/fortify -I/home/notlean/openwrt-uboost/staging_dir/toolchain-mipsel_24kc_gcc-12.3.0_musl/include  conftest.c >&5
configure:9490: $? = 0
configure:9490: result: yes
configure:9718: checking for objdir
configure:9734: result: .libs
configure:9998: checking if mipsel-openwrt-linux-musl-gcc supports -fno-rtti -fno-exceptions
configure:10017: mipsel-openwrt-linux-musl-gcc -c -Os -pipe -mno-branch-likely -mips32r2 -mtune=24kc -fno-caller-saves -fno-plt -fhonour-copts -msoft-float -fmacro-prefix-map=/home/notlean/openwrt-uboost/build_dir/target-mipsel_24kc_musl/libnetfilter_queue-1.0.5=libnetfilter_queue-1.0.5 -mips16 -minterlink-mips16 -Wformat -Werror=format-security -fstack-protector -D_FORTIFY_SOURCE=1 -Wl,-z,now -Wl,-z,relro -DPIC -fpic -D_GNU_SOURCE=1  -I/home/notlean/openwrt-uboost/staging_dir/toolchain-mipsel_24kc_gcc-12.3.0_musl/usr/include -I/home/notlean/openwrt-uboost/staging_dir/toolchain-mipsel_24kc_gcc-12.3.0_musl/include/fortify -I/home/notlean/openwrt-uboost/staging_dir/toolchain-mipsel_24kc_gcc-12.3.0_musl/include  -fno-rtti -fno-exceptions conftest.c >&5
cc1: warning: command-line option '-fno-rtti' is valid for C++/D/ObjC++ but not for C
configure:10021: $? = 0
configure:10034: result: no
configure:10392: checking for mipsel-openwrt-linux-musl-gcc option to produce PIC
configure:10400: result: -fPIC -DPIC
configure:10408: checking if mipsel-openwrt-linux-musl-gcc PIC flag -fPIC -DPIC works
configure:10427: mipsel-openwrt-linux-musl-gcc -c -Os -pipe -mno-branch-likely -mips32r2 -mtune=24kc -fno-caller-saves -fno-plt -fhonour-copts -msoft-float -fmacro-prefix-map=/home/notlean/openwrt-uboost/build_dir/target-mipsel_24kc_musl/libnetfilter_queue-1.0.5=libnetfilter_queue-1.0.5 -mips16 -minterlink-mips16 -Wformat -Werror=format-security -fstack-protector -D_FORTIFY_SOURCE=1 -Wl,-z,now -Wl,-z,relro -DPIC -fpic -D_GNU_SOURCE=1  -I/home/notlean/openwrt-uboost/staging_dir/toolchain-mipsel_24kc_gcc-12.3.0_musl/usr/include -I/home/notlean/openwrt-uboost/staging_dir/toolchain-mipsel_24kc_gcc-12.3.0_musl/include/fortify -I/home/notlean/openwrt-uboost/staging_dir/toolchain-mipsel_24kc_gcc-12.3.0_musl/include  -fPIC -DPIC -DPIC conftest.c >&5
configure:10431: $? = 0
configure:10444: result: yes
configure:10473: checking if mipsel-openwrt-linux-musl-gcc static flag -static works
configure:10502: result: yes
configure:10517: checking if mipsel-openwrt-linux-musl-gcc supports -c -o file.o
configure:10539: mipsel-openwrt-linux-musl-gcc -c -Os -pipe -mno-branch-likely -mips32r2 -mtune=24kc -fno-caller-saves -fno-plt -fhonour-copts -msoft-float -fmacro-prefix-map=/home/notlean/openwrt-uboost/build_dir/target-mipsel_24kc_musl/libnetfilter_queue-1.0.5=libnetfilter_queue-1.0.5 -mips16 -minterlink-mips16 -Wformat -Werror=format-security -fstack-protector -D_FORTIFY_SOURCE=1 -Wl,-z,now -Wl,-z,relro -DPIC -fpic -D_GNU_SOURCE=1  -I/home/notlean/openwrt-uboost/staging_dir/toolchain-mipsel_24kc_gcc-12.3.0_musl/usr/include -I/home/notlean/openwrt-uboost/staging_dir/toolchain-mipsel_24kc_gcc-12.3.0_musl/include/fortify -I/home/notlean/openwrt-uboost/staging_dir/toolchain-mipsel_24kc_gcc-12.3.0_musl/include  -o out/conftest2.o conftest.c >&5
configure:10543: $? = 0
configure:10565: result: yes
configure:10573: checking if mipsel-openwrt-linux-musl-gcc supports -c -o file.o
configure:10621: result: yes
configure:10654: checking whether the mipsel-openwrt-linux-musl-gcc linker (mipsel-openwrt-linux-musl-ld) supports shared libraries
configure:11922: result: yes
configure:11959: checking whether -lc should be explicitly linked in
configure:11968: mipsel-openwrt-linux-musl-gcc -c -Os -pipe -mno-branch-likely -mips32r2 -mtune=24kc -fno-caller-saves -fno-plt -fhonour-copts -msoft-float -fmacro-prefix-map=/home/notlean/openwrt-uboost/build_dir/target-mipsel_24kc_musl/libnetfilter_queue-1.0.5=libnetfilter_queue-1.0.5 -mips16 -minterlink-mips16 -Wformat -Werror=format-security -fstack-protector -D_FORTIFY_SOURCE=1 -Wl,-z,now -Wl,-z,relro -DPIC -fpic -D_GNU_SOURCE=1  -I/home/notlean/openwrt-uboost/staging_dir/toolchain-mipsel_24kc_gcc-12.3.0_musl/usr/include -I/home/notlean/openwrt-uboost/staging_dir/toolchain-mipsel_24kc_gcc-12.3.0_musl/include/fortify -I/home/notlean/openwrt-uboost/staging_dir/toolchain-mipsel_24kc_gcc-12.3.0_musl/include  conftest.c >&5
configure:11971: $? = 0
configure:11986: mipsel-openwrt-linux-musl-gcc -shared  -fPIC -DPIC conftest.o  -v -Wl,-soname -Wl,conftest -o conftest 2\>\&1 \| /home/notlean/openwrt-uboost/staging_dir/host/bin/grep  -lc  \>/dev/null 2\>\&1
configure:11989: $? = 0
configure:12003: result: no
configure:12163: checking dynamic linker characteristics
configure:12745: mipsel-openwrt-linux-musl-gcc -o conftest -Os -pipe -mno-branch-likely -mips32r2 -mtune=24kc -fno-caller-saves -fno-plt -fhonour-copts -msoft-float -fmacro-prefix-map=/home/notlean/openwrt-uboost/build_dir/target-mipsel_24kc_musl/libnetfilter_queue-1.0.5=libnetfilter_queue-1.0.5 -mips16 -minterlink-mips16 -Wformat -Werror=format-security -fstack-protector -D_FORTIFY_SOURCE=1 -Wl,-z,now -Wl,-z,relro -DPIC -fpic -D_GNU_SOURCE=1  -I/home/notlean/openwrt-uboost/staging_dir/toolchain-mipsel_24kc_gcc-12.3.0_musl/usr/include -I/home/notlean/openwrt-uboost/staging_dir/toolchain-mipsel_24kc_gcc-12.3.0_musl/include/fortify -I/home/notlean/openwrt-uboost/staging_dir/toolchain-mipsel_24kc_gcc-12.3.0_musl/include  -L/home/notlean/openwrt-uboost/staging_dir/toolchain-mipsel_24kc_gcc-12.3.0_musl/usr/lib -L/home/notlean/openwrt-uboost/staging_dir/toolchain-mipsel_24kc_gcc-12.3.0_musl/lib -znow -zrelro  -Wl,-rpath -Wl,/foo conftest.c  >&5
configure:12745: $? = 0
configure:12984: result: GNU/Linux ld.so
configure:13106: checking how to hardcode library paths into programs
configure:13131: result: immediate
configure:13683: checking whether stripping libraries is possible
configure:13692: result: yes
configure:13734: checking if libtool supports shared libraries
configure:13736: result: yes
configure:13739: checking whether to build shared libraries
configure:13764: result: yes
configure:13767: checking whether to build static libraries
configure:13771: result: yes
configure:13818: checking whether compiler accepts -fvisibility=hidden
configure:13828: mipsel-openwrt-linux-musl-gcc -c -Os -pipe -mno-branch-likely -mips32r2 -mtune=24kc -fno-caller-saves -fno-plt -fhonour-copts -msoft-float -fmacro-prefix-map=/home/notlean/openwrt-uboost/build_dir/target-mipsel_24kc_musl/libnetfilter_queue-1.0.5=libnetfilter_queue-1.0.5 -mips16 -minterlink-mips16 -Wformat -Werror=format-security -fstack-protector -D_FORTIFY_SOURCE=1 -Wl,-z,now -Wl,-z,relro -DPIC -fpic -D_GNU_SOURCE=1  -fvisibility=hidden -I/home/notlean/openwrt-uboost/staging_dir/toolchain-mipsel_24kc_gcc-12.3.0_musl/usr/include -I/home/notlean/openwrt-uboost/staging_dir/toolchain-mipsel_24kc_gcc-12.3.0_musl/include/fortify -I/home/notlean/openwrt-uboost/staging_dir/toolchain-mipsel_24kc_gcc-12.3.0_musl/include  conftest.c >&5
configure:13828: $? = 0
configure:13837: result: yes
configure:13979: checking pkg-config is at least version 0.9.0
configure:13982: result: yes
configure:13992: checking for libnfnetlink >= 0.0.41
configure:13999: $PKG_CONFIG --exists --print-errors "libnfnetlink >= 0.0.41"
configure:14002: $? = 0
configure:14016: $PKG_CONFIG --exists --print-errors "libnfnetlink >= 0.0.41"
configure:14019: $? = 0
configure:14077: result: yes
configure:14083: checking for libmnl >= 1.0.3
configure:14090: $PKG_CONFIG --exists --print-errors "libmnl >= 1.0.3"
configure:14093: $? = 0
configure:14107: $PKG_CONFIG --exists --print-errors "libmnl >= 1.0.3"
configure:14110: $? = 0
configure:14168: result: yes
configure:14347: checking that generated files are newer than configure
configure:14353: result: done
configure:14384: creating ./config.status

## ---------------------- ##
## Running config.status. ##
## ---------------------- ##

This file was extended by libnetfilter_queue config.status 1.0.5, which was
generated by GNU Autoconf 2.71.  Invocation command line was

  CONFIG_FILES    = 
  CONFIG_HEADERS  = 
  CONFIG_LINKS    = 
  CONFIG_COMMANDS = 
  $ ./config.status 

on Notlean

config.status:1110: creating Makefile
config.status:1110: creating src/Makefile
config.status:1110: creating utils/Makefile
config.status:1110: creating examples/Makefile
config.status:1110: creating libnetfilter_queue.pc
config.status:1110: creating doxygen.cfg
config.status:1110: creating include/Makefile
config.status:1110: creating include/libnetfilter_queue/Makefile
config.status:1110: creating doxygen/Makefile
config.status:1110: creating include/linux/Makefile
config.status:1110: creating include/linux/netfilter/Makefile
config.status:1110: creating config.h
config.status:1339: executing depfiles commands
config.status:1339: executing libtool commands
configure:16535: WARNING: unrecognized options: --disable-nls

## ---------------- ##
## Cache variables. ##
## ---------------- ##

ac_cv_build=x86_64-pc-linux-gnu
ac_cv_c_bigendian=no
ac_cv_c_compiler_gnu=yes
ac_cv_c_gettext_without_libintl=yes
ac_cv_c_littleendian=yes
ac_cv_c_long_double=no
ac_cv_conv_longlong_to_float=yes
ac_cv_env_CC_set=set
ac_cv_env_CC_value=mipsel-openwrt-linux-musl-gcc
ac_cv_env_CFLAGS_set=set
ac_cv_env_CFLAGS_value='-Os -pipe -mno-branch-likely -mips32r2 -mtune=24kc -fno-caller-saves -fno-plt -fhonour-copts -msoft-float -fmacro-prefix-map=/home/notlean/openwrt-uboost/build_dir/target-mipsel_24kc_musl/libnetfilter_queue-1.0.5=libnetfilter_queue-1.0.5 -mips16 -minterlink-mips16 -Wformat -Werror=format-security -fstack-protector -D_FORTIFY_SOURCE=1 -Wl,-z,now -Wl,-z,relro -DPIC -fpic -D_GNU_SOURCE=1 '
ac_cv_env_CPPFLAGS_set=set
ac_cv_env_CPPFLAGS_value='-I/home/notlean/openwrt-uboost/staging_dir/toolchain-mipsel_24kc_gcc-12.3.0_musl/usr/include -I/home/notlean/openwrt-uboost/staging_dir/toolchain-mipsel_24kc_gcc-12.3.0_musl/include/fortify -I/home/notlean/openwrt-uboost/staging_dir/toolchain-mipsel_24kc_gcc-12.3.0_musl/include '
ac_cv_env_LDFLAGS_set=set
ac_cv_env_LDFLAGS_value='-L/home/notlean/openwrt-uboost/staging_dir/toolchain-mipsel_24kc_gcc-12.3.0_musl/usr/lib -L/home/notlean/openwrt-uboost/staging_dir/toolchain-mipsel_24kc_gcc-12.3.0_musl/lib -znow -zrelro '
ac_cv_env_LIBMNL_CFLAGS_set=
ac_cv_env_LIBMNL_CFLAGS_value=
ac_cv_env_LIBMNL_LIBS_set=
ac_cv_env_LIBMNL_LIBS_value=
ac_cv_env_LIBNFNETLINK_CFLAGS_set=
ac_cv_env_LIBNFNETLINK_CFLAGS_value=
ac_cv_env_LIBNFNETLINK_LIBS_set=
ac_cv_env_LIBNFNETLINK_LIBS_value=
ac_cv_env_LIBS_set=
ac_cv_env_LIBS_value=
ac_cv_env_LT_SYS_LIBRARY_PATH_set=
ac_cv_env_LT_SYS_LIBRARY_PATH_value=
ac_cv_env_PKG_CONFIG_LIBDIR_set=set
ac_cv_env_PKG_CONFIG_LIBDIR_value=/home/notlean/openwrt-uboost/staging_dir/target-mipsel_24kc_musl/usr/lib/pkgconfig:/home/notlean/openwrt-uboost/staging_dir/target-mipsel_24kc_musl/usr/share/pkgconfig
ac_cv_env_PKG_CONFIG_PATH_set=set
ac_cv_env_PKG_CONFIG_PATH_value=/home/notlean/openwrt-uboost/staging_dir/target-mipsel_24kc_musl/usr/lib/pkgconfig:/home/notlean/openwrt-uboost/staging_dir/target-mipsel_24kc_musl/usr/share/pkgconfig
ac_cv_env_PKG_CONFIG_set=set
ac_cv_env_PKG_CONFIG_value=/home/notlean/openwrt-uboost/staging_dir/host/bin/pkg-config
ac_cv_env_build_alias_set=set
ac_cv_env_build_alias_value=x86_64-pc-linux-gnu
ac_cv_env_host_alias_set=set
ac_cv_env_host_alias_value=mipsel-openwrt-linux
ac_cv_env_target_alias_set=set
ac_cv_env_target_alias_value=mipsel-openwrt-linux
ac_cv_file__dev_zero=yes
ac_cv_func___adjtimex=yes
ac_cv_func___va_copy=no
ac_cv_func__exit=yes
ac_cv_func_bcmp=yes
ac_cv_func_bcopy=yes
ac_cv_func_bzero=yes
ac_cv_func_cimag=yes
ac_cv_func_creal=yes
ac_cv_func_fchmod=yes
ac_cv_func_getaddrinfo=yes
ac_cv_func_getcwd=yes
ac_cv_func_getdomainname=yes
ac_cv_func_getpgrp_void=yes
ac_cv_func_getpwuid_r=yes
ac_cv_func_gettimeofday=yes
ac_cv_func_index=yes
ac_cv_func_lstat=yes
ac_cv_func_lstat_dereferences_slashed_symlink=yes
ac_cv_func_lstat_empty_string_bug=no
ac_cv_func_malloc_0_nonnull=yes
ac_cv_func_malloc_works=yes
ac_cv_func_memcmp_clean=yes
ac_cv_func_memcmp_working=yes
ac_cv_func_posix_getgrgid_r=yes
ac_cv_func_posix_getpwuid_r=yes
ac_cv_func_psignal=yes
ac_cv_func_pthread_key_delete=yes
ac_cv_func_realloc_0_nonnull=yes
ac_cv_func_realloc_works=yes
ac_cv_func_rename=yes
ac_cv_func_rindex=yes
ac_cv_func_setgrent_void=yes
ac_cv_func_setlocale=yes
ac_cv_func_setpgrp_void=yes
ac_cv_func_setresuid=no
ac_cv_func_setvbuf_reversed=no
ac_cv_func_stat_empty_string_bug=no
ac_cv_func_stat_ignores_trailing_slash=no
ac_cv_func_strerror=yes
ac_cv_func_strftime=yes
ac_cv_func_utimes=yes
ac_cv_func_va_copy=no
ac_cv_func_vsnprintf=yes
ac_cv_fvisibility_hidden=yes
ac_cv_have_accrights_in_msghdr=no
ac_cv_have_broken_snprintf=no
ac_cv_have_control_in_msghdr=yes
ac_cv_have_decl_sys_siglist=no
ac_cv_have_openpty_ctty_bug=yes
ac_cv_have_space_d_name_in_struct_dirent=yes
ac_cv_header_dlfcn_h=yes
ac_cv_header_inttypes_h=yes
ac_cv_header_netinet_sctp_h=no
ac_cv_header_netinet_sctp_uio_h=no
ac_cv_header_stdint_h=yes
ac_cv_header_stdio_h=yes
ac_cv_header_stdlib_h=yes
ac_cv_header_string_h=yes
ac_cv_header_strings_h=yes
ac_cv_header_sys_stat_h=yes
ac_cv_header_sys_types_h=yes
ac_cv_header_unistd_h=yes
ac_cv_host=mipsel-openwrt-linux-gnu
ac_cv_int64_t=yes
ac_cv_lbl_unaligned_fail=no
ac_cv_linux_kernel_pppoe=yes
ac_cv_linux_vers=2
ac_cv_objext=o
ac_cv_pack_bitfields_reversed=yes
ac_cv_path_EGREP='/home/notlean/openwrt-uboost/staging_dir/host/bin/grep -E'
ac_cv_path_FGREP='/home/notlean/openwrt-uboost/staging_dir/host/bin/grep -F'
ac_cv_path_GREP=/home/notlean/openwrt-uboost/staging_dir/host/bin/grep
ac_cv_path_LDCONFIG=
ac_cv_path_SED=/home/notlean/openwrt-uboost/staging_dir/host/bin/sed
ac_cv_path_install='/home/notlean/openwrt-uboost/staging_dir/host/bin/install -c'
ac_cv_path_lt_DD=/usr/bin/dd
ac_cv_path_mkdir=/usr/bin/mkdir
ac_cv_prog_AR=mipsel-openwrt-linux-musl-gcc-ar
ac_cv_prog_AWK=gawk
ac_cv_prog_CC=mipsel-openwrt-linux-musl-gcc
ac_cv_prog_OBJDUMP=mipsel-openwrt-linux-musl-objdump
ac_cv_prog_RANLIB=mipsel-openwrt-linux-musl-gcc-ranlib
ac_cv_prog_STRIP=mipsel-openwrt-linux-musl-strip
ac_cv_prog_ac_ct_FILECMD=file
ac_cv_prog_ac_ct_MANIFEST_TOOL=mt
ac_cv_prog_cc_c11=
ac_cv_prog_cc_g=yes
ac_cv_prog_cc_stdc=
ac_cv_prog_make_make_set=yes
ac_cv_regexec_segfault_emptystr=no
ac_cv_sctp=no
ac_cv_sizeof___int64=0
ac_cv_sizeof_char=1
ac_cv_sizeof_int16_t=2
ac_cv_sizeof_int32_t=4
ac_cv_sizeof_int64_t=8
ac_cv_sizeof_int=4
ac_cv_sizeof_long=4
ac_cv_sizeof_long_int=4
ac_cv_sizeof_long_long=8
ac_cv_sizeof_off_t=8
ac_cv_sizeof_short=2
ac_cv_sizeof_short_int=2
ac_cv_sizeof_size_t=4
ac_cv_sizeof_ssize_t=4
ac_cv_sizeof_u_int16_t=2
ac_cv_sizeof_u_int32_t=4
ac_cv_sizeof_u_int64_t=8
ac_cv_sizeof_uint16_t=2
ac_cv_sizeof_uint32_t=4
ac_cv_sizeof_uint64_t=8
ac_cv_sizeof_unsigned_int=4
ac_cv_sizeof_unsigned_long=4
ac_cv_sizeof_unsigned_long_long=8
ac_cv_sizeof_unsigned_short=2
ac_cv_sizeof_void_p=4
ac_cv_sys_restartable_syscalls=yes
ac_cv_time_r_type=POSIX
ac_cv_type_suseconds_t=yes
ac_cv_uchar=no
ac_cv_uint64_t=yes
ac_cv_uint=yes
ac_cv_ulong=yes
ac_cv_ushort=yes
ac_cv_va_copy=C99
ac_cv_va_val_copy=yes
am_cv_CC_dependencies_compiler_type=none
am_cv_ar_interface=ar
am_cv_make_support_nested_variables=yes
am_cv_prog_cc_c_o=yes
am_cv_prog_tar_pax=gnutar
as_cv_unaligned_access=yes
lt_cv_ar_at_file=@
lt_cv_archive_cmds_need_lc=no
lt_cv_deplibs_check_method=pass_all
lt_cv_file_magic_cmd='$MAGIC_CMD'
lt_cv_file_magic_test_file=
lt_cv_ld_reload_flag=-r
lt_cv_nm_interface='BSD nm'
lt_cv_objdir=.libs
lt_cv_path_LD=mipsel-openwrt-linux-musl-ld
lt_cv_path_NM=mipsel-openwrt-linux-musl-gcc-nm
lt_cv_path_mainfest_tool=no
lt_cv_prog_compiler_c_o=yes
lt_cv_prog_compiler_pic='-fPIC -DPIC'
lt_cv_prog_compiler_pic_works=yes
lt_cv_prog_compiler_rtti_exceptions=no
lt_cv_prog_compiler_static_works=yes
lt_cv_prog_gnu_ld=yes
lt_cv_sharedlib_from_linklib_cmd='printf %s\n'
lt_cv_shlibpath_overrides_runpath=no
lt_cv_sys_global_symbol_pipe='/home/notlean/openwrt-uboost/staging_dir/host/bin/sed -n -e '\''s/^.*[	 ]\([ABCDGIRSTW][ABCDGIRSTW]*\)[	 ][	 ]*\([_A-Za-z][_A-Za-z0-9]*\)$/\1 \2 \2/p'\'' | /home/notlean/openwrt-uboost/staging_dir/host/bin/sed '\''/ __gnu_lto/d'\'''
lt_cv_sys_global_symbol_to_c_name_address='/home/notlean/openwrt-uboost/staging_dir/host/bin/sed -n -e '\''s/^: \(.*\) .*$/  {"\1", (void *) 0},/p'\'' -e '\''s/^[ABCDGIRSTW][ABCDGIRSTW]* .* \(.*\)$/  {"\1", (void *) \&\1},/p'\'''
lt_cv_sys_global_symbol_to_c_name_address_lib_prefix='/home/notlean/openwrt-uboost/staging_dir/host/bin/sed -n -e '\''s/^: \(.*\) .*$/  {"\1", (void *) 0},/p'\'' -e '\''s/^[ABCDGIRSTW][ABCDGIRSTW]* .* \(lib.*\)$/  {"\1", (void *) \&\1},/p'\'' -e '\''s/^[ABCDGIRSTW][ABCDGIRSTW]* .* \(.*\)$/  {"lib\1", (void *) \&\1},/p'\'''
lt_cv_sys_global_symbol_to_cdecl='/home/notlean/openwrt-uboost/staging_dir/host/bin/sed -n -e '\''s/^T .* \(.*\)$/extern int \1();/p'\'' -e '\''s/^[ABCDGIRSTW][ABCDGIRSTW]* .* \(.*\)$/extern char \1;/p'\'''
lt_cv_sys_global_symbol_to_import=
lt_cv_sys_max_cmd_len=1572864
lt_cv_to_host_file_cmd=func_convert_file_noop
lt_cv_to_tool_file_cmd=func_convert_file_noop
lt_cv_truncate_bin='/usr/bin/dd bs=4096 count=1'
pkg_cv_LIBMNL_CFLAGS=-I/home/notlean/openwrt-uboost/staging_dir/target-mipsel_24kc_musl/usr/include
pkg_cv_LIBMNL_LIBS='-L/home/notlean/openwrt-uboost/staging_dir/target-mipsel_24kc_musl/usr/lib -lmnl'
pkg_cv_LIBNFNETLINK_CFLAGS=-I/home/notlean/openwrt-uboost/staging_dir/target-mipsel_24kc_musl/usr/include
pkg_cv_LIBNFNETLINK_LIBS='-L/home/notlean/openwrt-uboost/staging_dir/target-mipsel_24kc_musl/usr/lib -lnfnetlink'

## ----------------- ##
## Output variables. ##
## ----------------- ##

ACLOCAL='${SHELL} '\''/home/notlean/openwrt-uboost/build_dir/target-mipsel_24kc_musl/libnetfilter_queue-1.0.5/build-aux/missing'\'' aclocal-1.16'
AMDEPBACKSLASH=''
AMDEP_FALSE=''
AMDEP_TRUE='#'
AMTAR='$${TAR-tar}'
AM_BACKSLASH='\'
AM_DEFAULT_V='$(AM_DEFAULT_VERBOSITY)'
AM_DEFAULT_VERBOSITY='0'
AM_V='$(shell if ( test "x$(V)" = "x0" ); then echo 0; elif ( test "x$(V)" = "x" ); then echo $(AM_DEFAULT_VERBOSITY); else echo 1; fi)'
AR='mipsel-openwrt-linux-musl-gcc-ar'
AUTOCONF='${SHELL} '\''/home/notlean/openwrt-uboost/build_dir/target-mipsel_24kc_musl/libnetfilter_queue-1.0.5/build-aux/missing'\'' autoconf'
AUTOHEADER='${SHELL} '\''/home/notlean/openwrt-uboost/build_dir/target-mipsel_24kc_musl/libnetfilter_queue-1.0.5/build-aux/missing'\'' autoheader'
AUTOMAKE='${SHELL} '\''/home/notlean/openwrt-uboost/build_dir/target-mipsel_24kc_musl/libnetfilter_queue-1.0.5/build-aux/missing'\'' automake-1.16'
AWK='gawk'
CC='mipsel-openwrt-linux-musl-gcc'
CCDEPMODE='depmode=none'
CFLAGS='-Os -pipe -mno-branch-likely -mips32r2 -mtune=24kc -fno-caller-saves -fno-plt -fhonour-copts -msoft-float -fmacro-prefix-map=/home/notlean/openwrt-uboost/build_dir/target-mipsel_24kc_musl/libnetfilter_queue-1.0.5=libnetfilter_queue-1.0.5 -mips16 -minterlink-mips16 -Wformat -Werror=format-security -fstack-protector -D_FORTIFY_SOURCE=1 -Wl,-z,now -Wl,-z,relro -DPIC -fpic -D_GNU_SOURCE=1 '
CPPFLAGS='-I/home/notlean/openwrt-uboost/staging_dir/toolchain-mipsel_24kc_gcc-12.3.0_musl/usr/include -I/home/notlean/openwrt-uboost/staging_dir/toolchain-mipsel_24kc_gcc-12.3.0_musl/include/fortify -I/home/notlean/openwrt-uboost/staging_dir/toolchain-mipsel_24kc_gcc-12.3.0_musl/include '
CSCOPE='cscope'
CTAGS='ctags'
CYGPATH_W='echo'
DEFS='-DHAVE_CONFIG_H'
DEPDIR='.deps'
DLLTOOL='false'
DOXYGEN=''
DSYMUTIL=''
DUMPBIN=''
ECHO_C=''
ECHO_N='-n'
ECHO_T=''
EGREP='/home/notlean/openwrt-uboost/staging_dir/host/bin/grep -E'
ETAGS='etags'
EXEEXT=''
FGREP='/home/notlean/openwrt-uboost/staging_dir/host/bin/grep -F'
FILECMD='file'
GCC_FVISIBILITY_HIDDEN='-fvisibility=hidden'
GREP='/home/notlean/openwrt-uboost/staging_dir/host/bin/grep'
HAVE_DOXYGEN_FALSE=''
HAVE_DOXYGEN_TRUE='#'
INSTALL_DATA='${INSTALL} -m 644'
INSTALL_PROGRAM='${INSTALL}'
INSTALL_SCRIPT='${INSTALL}'
INSTALL_STRIP_PROGRAM='$(install_sh) -c -s'
LD='mipsel-openwrt-linux-musl-ld'
LDFLAGS='-L/home/notlean/openwrt-uboost/staging_dir/toolchain-mipsel_24kc_gcc-12.3.0_musl/usr/lib -L/home/notlean/openwrt-uboost/staging_dir/toolchain-mipsel_24kc_gcc-12.3.0_musl/lib -znow -zrelro '
LIBMNL_CFLAGS='-I/home/notlean/openwrt-uboost/staging_dir/target-mipsel_24kc_musl/usr/include'
LIBMNL_LIBS='-L/home/notlean/openwrt-uboost/staging_dir/target-mipsel_24kc_musl/usr/lib -lmnl'
LIBNFNETLINK_CFLAGS='-I/home/notlean/openwrt-uboost/staging_dir/target-mipsel_24kc_musl/usr/include'
LIBNFNETLINK_LIBS='-L/home/notlean/openwrt-uboost/staging_dir/target-mipsel_24kc_musl/usr/lib -lnfnetlink'
LIBOBJS=''
LIBS=''
LIBTOOL='$(SHELL) $(top_builddir)/libtool'
LIPO=''
LN_S='ln -s'
LTLIBOBJS=''
LT_SYS_LIBRARY_PATH=''
MAKEINFO='${SHELL} '\''/home/notlean/openwrt-uboost/build_dir/target-mipsel_24kc_musl/libnetfilter_queue-1.0.5/build-aux/missing'\'' makeinfo'
MANIFEST_TOOL=':'
MKDIR_P='/usr/bin/mkdir -p'
NM='mipsel-openwrt-linux-musl-gcc-nm'
NMEDIT=''
OBJDUMP='mipsel-openwrt-linux-musl-objdump'
OBJEXT='o'
OTOOL64=''
OTOOL=''
PACKAGE='libnetfilter_queue'
PACKAGE_BUGREPORT=''
PACKAGE_NAME='libnetfilter_queue'
PACKAGE_STRING='libnetfilter_queue 1.0.5'
PACKAGE_TARNAME='libnetfilter_queue'
PACKAGE_URL=''
PACKAGE_VERSION='1.0.5'
PATH_SEPARATOR=':'
PKG_CONFIG='/home/notlean/openwrt-uboost/staging_dir/host/bin/pkg-config'
PKG_CONFIG_LIBDIR='/home/notlean/openwrt-uboost/staging_dir/target-mipsel_24kc_musl/usr/lib/pkgconfig:/home/notlean/openwrt-uboost/staging_dir/target-mipsel_24kc_musl/usr/share/pkgconfig'
PKG_CONFIG_PATH='/home/notlean/openwrt-uboost/staging_dir/target-mipsel_24kc_musl/usr/lib/pkgconfig:/home/notlean/openwrt-uboost/staging_dir/target-mipsel_24kc_musl/usr/share/pkgconfig'
RANLIB='mipsel-openwrt-linux-musl-gcc-ranlib'
SED='/home/notlean/openwrt-uboost/staging_dir/host/bin/sed'
SET_MAKE=''
SHELL='/bin/bash'
STRIP='mipsel-openwrt-linux-musl-strip'
VERSION='1.0.5'
ac_ct_AR=''
ac_ct_CC=''
ac_ct_DUMPBIN=''
am__EXEEXT_FALSE=''
am__EXEEXT_TRUE='#'
am__fastdepCC_FALSE=''
am__fastdepCC_TRUE='#'
am__include='include'
am__isrc=''
am__leading_dot='.'
am__nodep=''
am__quote=''
am__tar='tar --format=posix -chf - "$$tardir"'
am__untar='tar -xf -'
bindir='/usr/bin'
build='x86_64-pc-linux-gnu'
build_alias='x86_64-pc-linux-gnu'
build_cpu='x86_64'
build_os='linux-gnu'
build_vendor='pc'
datadir='/usr/share'
datarootdir='${prefix}/share'
docdir='${datarootdir}/doc/${PACKAGE_TARNAME}'
dvidir='${docdir}'
exec_prefix='/usr'
host='mipsel-openwrt-linux-gnu'
host_alias='mipsel-openwrt-linux'
host_cpu='mipsel'
host_os='linux-gnu'
host_vendor='openwrt'
htmldir='${docdir}'
includedir='${prefix}/include'
infodir='/usr/info'
install_sh='${SHELL} /home/notlean/openwrt-uboost/build_dir/target-mipsel_24kc_musl/libnetfilter_queue-1.0.5/build-aux/install-sh'
libdir='${exec_prefix}/lib'
libexecdir='/usr/lib'
localedir='${datarootdir}/locale'
localstatedir='/var'
mandir='/usr/man'
mkdir_p='$(MKDIR_P)'
oldincludedir='/usr/include'
pdfdir='${docdir}'
prefix='/usr'
program_transform_name='s&$$&&;s&^&&'
psdir='${docdir}'
runstatedir='${localstatedir}/run'
sbindir='/usr/sbin'
sharedstatedir='${prefix}/com'
sysconfdir='/etc'
target_alias='mipsel-openwrt-linux'

## ----------- ##
## confdefs.h. ##
## ----------- ##

/* confdefs.h */
#define PACKAGE_NAME "libnetfilter_queue"
#define PACKAGE_TARNAME "libnetfilter_queue"
#define PACKAGE_VERSION "1.0.5"
#define PACKAGE_STRING "libnetfilter_queue 1.0.5"
#define PACKAGE_BUGREPORT ""
#define PACKAGE_URL ""
#define PACKAGE "libnetfilter_queue"
#define VERSION "1.0.5"
#define HAVE_STDIO_H 1
#define HAVE_STDLIB_H 1
#define HAVE_STRING_H 1
#define HAVE_INTTYPES_H 1
#define HAVE_STDINT_H 1
#define HAVE_STRINGS_H 1
#define HAVE_SYS_STAT_H 1
#define HAVE_SYS_TYPES_H 1
#define HAVE_UNISTD_H 1
#define STDC_HEADERS 1
#define HAVE_DLFCN_H 1
#define LT_OBJDIR ".libs/"
#define HAVE_VISIBILITY_HIDDEN 1

configure: exit 0
