This file contains any messages produced by compilers while
running configure, to aid debugging if configure makes a mistake.

It was created by GNU C Runtime Library configure 1.0, which was
generated by GNU Autoconf 2.69.  Invocation command line was

  $ /home/notlean/openwrt-uboost/build_dir/toolchain-mipsel_24kc_gcc-12.3.0_musl/gcc-12.3.0/libgcc/configure --srcdir=/home/notlean/openwrt-uboost/build_dir/toolchain-mipsel_24kc_gcc-12.3.0_musl/gcc-12.3.0/libgcc --cache-file=./config.cache --with-cross-host=x86_64-pc-linux-gnu --with-bugurl=http://bugs.openwrt.org/ --with-pkgversion=OpenWrt GCC 12.3.0 r23809-234f1a2efa --prefix=/home/notlean/openwrt-uboost/staging_dir/toolchain-mipsel_24kc_gcc-12.3.0_musl --with-gnu-ld --enable-target-optspace --disable-libgomp --disable-libmudflap --disable-multilib --disable-libmpx --disable-nls --disable-libssp --without-cloog --with-host-libstdcxx=-lstdc++ --with-float=soft --with-system-zlib=/home/notlean/openwrt-uboost/staging_dir/host --with-zstd=/home/notlean/openwrt-uboost/staging_dir/host --disable-decimal-float --with-diagnostics-color=auto-if-env --enable-__cxa_atexit --enable-libstdcxx-dual-abi --with-default-libstdcxx-abi=new --with-mips-plt --with-headers=/home/notlean/openwrt-uboost/staging_dir/toolchain-mipsel_24kc_gcc-12.3.0_musl/include --enable-shared --enable-threads --with-slibdir=/home/notlean/openwrt-uboost/staging_dir/toolchain-mipsel_24kc_gcc-12.3.0_musl/lib --enable-plugins --enable-lto --with-libelf=/home/notlean/openwrt-uboost/staging_dir/host --disable-libsanitizer --enable-languages=c,c++,lto --program-transform-name=s&^&mipsel-openwrt-linux-musl-& --disable-option-checking --with-target-subdir=mipsel-openwrt-linux-musl --build=x86_64-pc-linux-gnu --host=mipsel-openwrt-linux-musl --target=mipsel-openwrt-linux-musl

## --------- ##
## Platform. ##
## --------- ##

hostname = Notlean
uname -m = x86_64
uname -r = 6.14.0-33-generic
uname -s = Linux
uname -v = #33~24.04.1-Ubuntu SMP PREEMPT_DYNAMIC Fri Sep 19 17:02:30 UTC 2

/usr/bin/uname -p = x86_64
/bin/uname -X     = unknown

/bin/arch              = x86_64
/usr/bin/arch -k       = unknown
/usr/convex/getsysinfo = unknown
/usr/bin/hostinfo      = unknown
/bin/machine           = unknown
/usr/bin/oslevel       = unknown
/bin/universe          = unknown

PATH: /home/notlean/openwrt-uboost/staging_dir/toolchain-mipsel_24kc_gcc-12.3.0_musl/bin
PATH: /home/notlean/openwrt-uboost/staging_dir/toolchain-mipsel_24kc_gcc-12.3.0_musl/bin
PATH: /home/notlean/openwrt-uboost/staging_dir/host/bin
PATH: /home/notlean/openwrt-uboost/staging_dir/toolchain-mipsel_24kc_gcc-12.3.0_musl/bin
PATH: /home/notlean/openwrt-uboost/staging_dir/host/bin
PATH: /home/notlean/openwrt-uboost/staging_dir/host/bin
PATH: /usr/local/sbin
PATH: /usr/local/bin
PATH: /usr/sbin
PATH: /usr/bin
PATH: /sbin
PATH: /bin
PATH: /usr/games
PATH: /usr/local/games
PATH: /snap/bin
PATH: /snap/bin


## ----------- ##
## Core tests. ##
## ----------- ##

configure:2083: creating cache ./config.cache
configure:2295: checking build system type
configure:2309: result: x86_64-pc-linux-gnu
configure:2329: checking host system type
configure:2342: result: mipsel-openwrt-linux-musl
configure:2448: checking for --enable-version-specific-runtime-libs
configure:2461: result: no
configure:2532: checking for a BSD-compatible install
configure:2600: result: /home/notlean/openwrt-uboost/staging_dir/host/bin/install -c
configure:2616: checking for gawk
configure:2643: result: gawk
configure:2766: checking for mipsel-openwrt-linux-musl-ar
configure:2793: result: /home/notlean/openwrt-uboost/staging_dir/toolchain-mipsel_24kc_gcc-12.3.0_musl/mipsel-openwrt-linux-musl/bin/ar
configure:2858: checking for mipsel-openwrt-linux-musl-lipo
configure:2885: result: mipsel-openwrt-linux-musl-lipo
configure:2950: checking for mipsel-openwrt-linux-musl-nm
configure:2977: result: /home/notlean/openwrt-uboost/build_dir/toolchain-mipsel_24kc_gcc-12.3.0_musl/gcc-12.3.0-final/./gcc/nm
configure:3042: checking for mipsel-openwrt-linux-musl-ranlib
configure:3069: result: /home/notlean/openwrt-uboost/staging_dir/toolchain-mipsel_24kc_gcc-12.3.0_musl/mipsel-openwrt-linux-musl/bin/ranlib
configure:3134: checking for mipsel-openwrt-linux-musl-strip
configure:3161: result: /home/notlean/openwrt-uboost/staging_dir/toolchain-mipsel_24kc_gcc-12.3.0_musl/mipsel-openwrt-linux-musl/bin/strip
configure:3223: checking whether ln -s works
configure:3227: result: yes
configure:3244: checking for mipsel-openwrt-linux-musl-gcc
configure:3271: result: /home/notlean/openwrt-uboost/build_dir/toolchain-mipsel_24kc_gcc-12.3.0_musl/gcc-12.3.0-final/./gcc/xgcc -B/home/notlean/openwrt-uboost/build_dir/toolchain-mipsel_24kc_gcc-12.3.0_musl/gcc-12.3.0-final/./gcc/ -B/home/notlean/openwrt-uboost/staging_dir/toolchain-mipsel_24kc_gcc-12.3.0_musl/mipsel-openwrt-linux-musl/bin/ -B/home/notlean/openwrt-uboost/staging_dir/toolchain-mipsel_24kc_gcc-12.3.0_musl/mipsel-openwrt-linux-musl/lib/ -isystem /home/notlean/openwrt-uboost/staging_dir/toolchain-mipsel_24kc_gcc-12.3.0_musl/mipsel-openwrt-linux-musl/include -isystem /home/notlean/openwrt-uboost/staging_dir/toolchain-mipsel_24kc_gcc-12.3.0_musl/mipsel-openwrt-linux-musl/sys-include   
configure:3540: checking for C compiler version
configure:3549: /home/notlean/openwrt-uboost/build_dir/toolchain-mipsel_24kc_gcc-12.3.0_musl/gcc-12.3.0-final/./gcc/xgcc -B/home/notlean/openwrt-uboost/build_dir/toolchain-mipsel_24kc_gcc-12.3.0_musl/gcc-12.3.0-final/./gcc/ -B/home/notlean/openwrt-uboost/staging_dir/toolchain-mipsel_24kc_gcc-12.3.0_musl/mipsel-openwrt-linux-musl/bin/ -B/home/notlean/openwrt-uboost/staging_dir/toolchain-mipsel_24kc_gcc-12.3.0_musl/mipsel-openwrt-linux-musl/lib/ -isystem /home/notlean/openwrt-uboost/staging_dir/toolchain-mipsel_24kc_gcc-12.3.0_musl/mipsel-openwrt-linux-musl/include -isystem /home/notlean/openwrt-uboost/staging_dir/toolchain-mipsel_24kc_gcc-12.3.0_musl/mipsel-openwrt-linux-musl/sys-include    --version >&5
xgcc (OpenWrt GCC 12.3.0 r23809-234f1a2efa) 12.3.0
Copyright (C) 2022 Free Software Foundation, Inc.
This is free software; see the source for copying conditions.  There is NO
warranty; not even for MERCHANTABILITY or FITNESS FOR A PARTICULAR PURPOSE.

configure:3560: $? = 0
configure:3549: /home/notlean/openwrt-uboost/build_dir/toolchain-mipsel_24kc_gcc-12.3.0_musl/gcc-12.3.0-final/./gcc/xgcc -B/home/notlean/openwrt-uboost/build_dir/toolchain-mipsel_24kc_gcc-12.3.0_musl/gcc-12.3.0-final/./gcc/ -B/home/notlean/openwrt-uboost/staging_dir/toolchain-mipsel_24kc_gcc-12.3.0_musl/mipsel-openwrt-linux-musl/bin/ -B/home/notlean/openwrt-uboost/staging_dir/toolchain-mipsel_24kc_gcc-12.3.0_musl/mipsel-openwrt-linux-musl/lib/ -isystem /home/notlean/openwrt-uboost/staging_dir/toolchain-mipsel_24kc_gcc-12.3.0_musl/mipsel-openwrt-linux-musl/include -isystem /home/notlean/openwrt-uboost/staging_dir/toolchain-mipsel_24kc_gcc-12.3.0_musl/mipsel-openwrt-linux-musl/sys-include    -v >&5
Reading specs from /home/notlean/openwrt-uboost/build_dir/toolchain-mipsel_24kc_gcc-12.3.0_musl/gcc-12.3.0-final/./gcc/specs
COLLECT_GCC=/home/notlean/openwrt-uboost/build_dir/toolchain-mipsel_24kc_gcc-12.3.0_musl/gcc-12.3.0-final/./gcc/xgcc
COLLECT_LTO_WRAPPER=/home/notlean/openwrt-uboost/build_dir/toolchain-mipsel_24kc_gcc-12.3.0_musl/gcc-12.3.0-final/./gcc/lto-wrapper
Target: mipsel-openwrt-linux-musl
Configured with: /home/notlean/openwrt-uboost/build_dir/toolchain-mipsel_24kc_gcc-12.3.0_musl/gcc-12.3.0/configure --with-bugurl=http://bugs.openwrt.org/ --with-pkgversion='OpenWrt GCC 12.3.0 r23809-234f1a2efa' --prefix=/home/notlean/openwrt-uboost/staging_dir/toolchain-mipsel_24kc_gcc-12.3.0_musl --build=x86_64-pc-linux-gnu --host=x86_64-pc-linux-gnu --target=mipsel-openwrt-linux-musl --with-gnu-ld --enable-target-optspace --disable-libgomp --disable-libmudflap --disable-multilib --disable-libmpx --disable-nls --disable-libssp --without-isl --without-cloog --with-host-libstdcxx=-lstdc++ --with-float=soft --with-system-zlib=/home/notlean/openwrt-uboost/staging_dir/host --with-zstd=/home/notlean/openwrt-uboost/staging_dir/host --with-gmp=/home/notlean/openwrt-uboost/staging_dir/host --with-mpfr=/home/notlean/openwrt-uboost/staging_dir/host --with-mpc=/home/notlean/openwrt-uboost/staging_dir/host --disable-decimal-float --with-diagnostics-color=auto-if-env --enable-__cxa_atexit --enable-libstdcxx-dual-abi --with-default-libstdcxx-abi=new --with-mips-plt CFLAGS='-O2 -I/home/notlean/openwrt-uboost/staging_dir/host/include  -pipe' CXXFLAGS='-O2 -I/home/notlean/openwrt-uboost/staging_dir/host/include  -pipe' 'CFLAGS_FOR_TARGET=-Os -pipe -mno-branch-likely -mips32r2 -mtune=24kc -fno-caller-saves -fno-plt -fhonour-copts -msoft-float -Wformat -Werror=format-security -fstack-protector -D_FORTIFY_SOURCE=1 -Wl,-z,now -Wl,-z,relro' 'CXXFLAGS_FOR_TARGET=-Os -pipe -mno-branch-likely -mips32r2 -mtune=24kc -fno-caller-saves -fno-plt -fhonour-copts -msoft-float -Wformat -Werror=format-security -fstack-protector -D_FORTIFY_SOURCE=1 -Wl,-z,now -Wl,-z,relro' 'GOCFLAGS_FOR_TARGET=-Os -pipe -mno-branch-likely -mips32r2 -mtune=24kc -fno-caller-saves -fno-plt -fhonour-copts -msoft-float -Wformat -Werror=format-security -fstack-protector -D_FORTIFY_SOURCE=1 -Wl,-z,now -Wl,-z,relro' --with-headers=/home/notlean/openwrt-uboost/staging_dir/toolchain-mipsel_24kc_gcc-12.3.0_musl/include --enable-languages=c,c++ --enable-shared --enable-threads --with-slibdir=/home/notlean/openwrt-uboost/staging_dir/toolchain-mipsel_24kc_gcc-12.3.0_musl/lib --enable-plugins --enable-lto --with-libelf=/home/notlean/openwrt-uboost/staging_dir/host --disable-libsanitizer
Thread model: posix
Supported LTO compression algorithms: zlib zstd
gcc version 12.3.0 (OpenWrt GCC 12.3.0 r23809-234f1a2efa) 
configure:3560: $? = 0
configure:3549: /home/notlean/openwrt-uboost/build_dir/toolchain-mipsel_24kc_gcc-12.3.0_musl/gcc-12.3.0-final/./gcc/xgcc -B/home/notlean/openwrt-uboost/build_dir/toolchain-mipsel_24kc_gcc-12.3.0_musl/gcc-12.3.0-final/./gcc/ -B/home/notlean/openwrt-uboost/staging_dir/toolchain-mipsel_24kc_gcc-12.3.0_musl/mipsel-openwrt-linux-musl/bin/ -B/home/notlean/openwrt-uboost/staging_dir/toolchain-mipsel_24kc_gcc-12.3.0_musl/mipsel-openwrt-linux-musl/lib/ -isystem /home/notlean/openwrt-uboost/staging_dir/toolchain-mipsel_24kc_gcc-12.3.0_musl/mipsel-openwrt-linux-musl/include -isystem /home/notlean/openwrt-uboost/staging_dir/toolchain-mipsel_24kc_gcc-12.3.0_musl/mipsel-openwrt-linux-musl/sys-include    -V >&5
xgcc: error: unrecognized command-line option '-V'
xgcc: fatal error: no input files
compilation terminated.
configure:3560: $? = 1
configure:3549: /home/notlean/openwrt-uboost/build_dir/toolchain-mipsel_24kc_gcc-12.3.0_musl/gcc-12.3.0-final/./gcc/xgcc -B/home/notlean/openwrt-uboost/build_dir/toolchain-mipsel_24kc_gcc-12.3.0_musl/gcc-12.3.0-final/./gcc/ -B/home/notlean/openwrt-uboost/staging_dir/toolchain-mipsel_24kc_gcc-12.3.0_musl/mipsel-openwrt-linux-musl/bin/ -B/home/notlean/openwrt-uboost/staging_dir/toolchain-mipsel_24kc_gcc-12.3.0_musl/mipsel-openwrt-linux-musl/lib/ -isystem /home/notlean/openwrt-uboost/staging_dir/toolchain-mipsel_24kc_gcc-12.3.0_musl/mipsel-openwrt-linux-musl/include -isystem /home/notlean/openwrt-uboost/staging_dir/toolchain-mipsel_24kc_gcc-12.3.0_musl/mipsel-openwrt-linux-musl/sys-include    -qversion >&5
xgcc: error: unrecognized command-line option '-qversion'; did you mean '--version'?
xgcc: fatal error: no input files
compilation terminated.
configure:3560: $? = 1
configure:3576: /home/notlean/openwrt-uboost/build_dir/toolchain-mipsel_24kc_gcc-12.3.0_musl/gcc-12.3.0-final/./gcc/xgcc -B/home/notlean/openwrt-uboost/build_dir/toolchain-mipsel_24kc_gcc-12.3.0_musl/gcc-12.3.0-final/./gcc/ -B/home/notlean/openwrt-uboost/staging_dir/toolchain-mipsel_24kc_gcc-12.3.0_musl/mipsel-openwrt-linux-musl/bin/ -B/home/notlean/openwrt-uboost/staging_dir/toolchain-mipsel_24kc_gcc-12.3.0_musl/mipsel-openwrt-linux-musl/lib/ -isystem /home/notlean/openwrt-uboost/staging_dir/toolchain-mipsel_24kc_gcc-12.3.0_musl/mipsel-openwrt-linux-musl/include -isystem /home/notlean/openwrt-uboost/staging_dir/toolchain-mipsel_24kc_gcc-12.3.0_musl/mipsel-openwrt-linux-musl/sys-include    -o conftest -Os -pipe -mno-branch-likely -mips32r2 -mtune=24kc -fno-caller-saves -fno-plt -fhonour-copts -msoft-float -Wformat -Werror=format-security -fstack-protector -D_FORTIFY_SOURCE=1 -Wl,-z,now -Wl,-z,relro -minterlink-mips16 -g -Os   conftest.c  >&5
/home/notlean/openwrt-uboost/staging_dir/toolchain-mipsel_24kc_gcc-12.3.0_musl/mipsel-openwrt-linux-musl/bin/ld: cannot find crtbegin.o: No such file or directory
/home/notlean/openwrt-uboost/staging_dir/toolchain-mipsel_24kc_gcc-12.3.0_musl/mipsel-openwrt-linux-musl/bin/ld: cannot find -lgcc_s: No such file or directory
/home/notlean/openwrt-uboost/staging_dir/toolchain-mipsel_24kc_gcc-12.3.0_musl/mipsel-openwrt-linux-musl/bin/ld: cannot find -lgcc_s: No such file or directory
/home/notlean/openwrt-uboost/staging_dir/toolchain-mipsel_24kc_gcc-12.3.0_musl/mipsel-openwrt-linux-musl/bin/ld: cannot find crtend.o: No such file or directory
collect2: error: ld returned 1 exit status
configure:3579: $? = 1
configure:3792: checking for suffix of object files
configure:3814: /home/notlean/openwrt-uboost/build_dir/toolchain-mipsel_24kc_gcc-12.3.0_musl/gcc-12.3.0-final/./gcc/xgcc -B/home/notlean/openwrt-uboost/build_dir/toolchain-mipsel_24kc_gcc-12.3.0_musl/gcc-12.3.0-final/./gcc/ -B/home/notlean/openwrt-uboost/staging_dir/toolchain-mipsel_24kc_gcc-12.3.0_musl/mipsel-openwrt-linux-musl/bin/ -B/home/notlean/openwrt-uboost/staging_dir/toolchain-mipsel_24kc_gcc-12.3.0_musl/mipsel-openwrt-linux-musl/lib/ -isystem /home/notlean/openwrt-uboost/staging_dir/toolchain-mipsel_24kc_gcc-12.3.0_musl/mipsel-openwrt-linux-musl/include -isystem /home/notlean/openwrt-uboost/staging_dir/toolchain-mipsel_24kc_gcc-12.3.0_musl/mipsel-openwrt-linux-musl/sys-include    -c -Os -pipe -mno-branch-likely -mips32r2 -mtune=24kc -fno-caller-saves -fno-plt -fhonour-copts -msoft-float -Wformat -Werror=format-security -fstack-protector -D_FORTIFY_SOURCE=1 -Wl,-z,now -Wl,-z,relro -minterlink-mips16 -g -Os  conftest.c >&5
configure:3818: $? = 0
configure:3839: result: o
configure:3843: checking whether we are using the GNU C compiler
configure:3862: /home/notlean/openwrt-uboost/build_dir/toolchain-mipsel_24kc_gcc-12.3.0_musl/gcc-12.3.0-final/./gcc/xgcc -B/home/notlean/openwrt-uboost/build_dir/toolchain-mipsel_24kc_gcc-12.3.0_musl/gcc-12.3.0-final/./gcc/ -B/home/notlean/openwrt-uboost/staging_dir/toolchain-mipsel_24kc_gcc-12.3.0_musl/mipsel-openwrt-linux-musl/bin/ -B/home/notlean/openwrt-uboost/staging_dir/toolchain-mipsel_24kc_gcc-12.3.0_musl/mipsel-openwrt-linux-musl/lib/ -isystem /home/notlean/openwrt-uboost/staging_dir/toolchain-mipsel_24kc_gcc-12.3.0_musl/mipsel-openwrt-linux-musl/include -isystem /home/notlean/openwrt-uboost/staging_dir/toolchain-mipsel_24kc_gcc-12.3.0_musl/mipsel-openwrt-linux-musl/sys-include    -c -Os -pipe -mno-branch-likely -mips32r2 -mtune=24kc -fno-caller-saves -fno-plt -fhonour-copts -msoft-float -Wformat -Werror=format-security -fstack-protector -D_FORTIFY_SOURCE=1 -Wl,-z,now -Wl,-z,relro -minterlink-mips16 -g -Os  conftest.c >&5
configure:3862: $? = 0
configure:3871: result: yes
configure:3880: checking whether /home/notlean/openwrt-uboost/build_dir/toolchain-mipsel_24kc_gcc-12.3.0_musl/gcc-12.3.0-final/./gcc/xgcc -B/home/notlean/openwrt-uboost/build_dir/toolchain-mipsel_24kc_gcc-12.3.0_musl/gcc-12.3.0-final/./gcc/ -B/home/notlean/openwrt-uboost/staging_dir/toolchain-mipsel_24kc_gcc-12.3.0_musl/mipsel-openwrt-linux-musl/bin/ -B/home/notlean/openwrt-uboost/staging_dir/toolchain-mipsel_24kc_gcc-12.3.0_musl/mipsel-openwrt-linux-musl/lib/ -isystem /home/notlean/openwrt-uboost/staging_dir/toolchain-mipsel_24kc_gcc-12.3.0_musl/mipsel-openwrt-linux-musl/include -isystem /home/notlean/openwrt-uboost/staging_dir/toolchain-mipsel_24kc_gcc-12.3.0_musl/mipsel-openwrt-linux-musl/sys-include    accepts -g
configure:3900: /home/notlean/openwrt-uboost/build_dir/toolchain-mipsel_24kc_gcc-12.3.0_musl/gcc-12.3.0-final/./gcc/xgcc -B/home/notlean/openwrt-uboost/build_dir/toolchain-mipsel_24kc_gcc-12.3.0_musl/gcc-12.3.0-final/./gcc/ -B/home/notlean/openwrt-uboost/staging_dir/toolchain-mipsel_24kc_gcc-12.3.0_musl/mipsel-openwrt-linux-musl/bin/ -B/home/notlean/openwrt-uboost/staging_dir/toolchain-mipsel_24kc_gcc-12.3.0_musl/mipsel-openwrt-linux-musl/lib/ -isystem /home/notlean/openwrt-uboost/staging_dir/toolchain-mipsel_24kc_gcc-12.3.0_musl/mipsel-openwrt-linux-musl/include -isystem /home/notlean/openwrt-uboost/staging_dir/toolchain-mipsel_24kc_gcc-12.3.0_musl/mipsel-openwrt-linux-musl/sys-include    -c -g  conftest.c >&5
cc1: note: someone does not honour COPTS correctly, passed 0 times
configure:3900: $? = 0
configure: failed program was:
| /* confdefs.h */
| #define PACKAGE_NAME "GNU C Runtime Library"
| #define PACKAGE_TARNAME "libgcc"
| #define PACKAGE_VERSION "1.0"
| #define PACKAGE_STRING "GNU C Runtime Library 1.0"
| #define PACKAGE_BUGREPORT ""
| #define PACKAGE_URL "http://www.gnu.org/software/libgcc/"
| /* end confdefs.h.  */
| 
| int
| main ()
| {
| 
|   ;
|   return 0;
| }
configure:3915: /home/notlean/openwrt-uboost/build_dir/toolchain-mipsel_24kc_gcc-12.3.0_musl/gcc-12.3.0-final/./gcc/xgcc -B/home/notlean/openwrt-uboost/build_dir/toolchain-mipsel_24kc_gcc-12.3.0_musl/gcc-12.3.0-final/./gcc/ -B/home/notlean/openwrt-uboost/staging_dir/toolchain-mipsel_24kc_gcc-12.3.0_musl/mipsel-openwrt-linux-musl/bin/ -B/home/notlean/openwrt-uboost/staging_dir/toolchain-mipsel_24kc_gcc-12.3.0_musl/mipsel-openwrt-linux-musl/lib/ -isystem /home/notlean/openwrt-uboost/staging_dir/toolchain-mipsel_24kc_gcc-12.3.0_musl/mipsel-openwrt-linux-musl/include -isystem /home/notlean/openwrt-uboost/staging_dir/toolchain-mipsel_24kc_gcc-12.3.0_musl/mipsel-openwrt-linux-musl/sys-include    -c   conftest.c >&5
cc1: note: someone does not honour COPTS correctly, passed 0 times
configure:3915: $? = 0
configure: failed program was:
| /* confdefs.h */
| #define PACKAGE_NAME "GNU C Runtime Library"
| #define PACKAGE_TARNAME "libgcc"
| #define PACKAGE_VERSION "1.0"
| #define PACKAGE_STRING "GNU C Runtime Library 1.0"
| #define PACKAGE_BUGREPORT ""
| #define PACKAGE_URL "http://www.gnu.org/software/libgcc/"
| /* end confdefs.h.  */
| 
| int
| main ()
| {
| 
|   ;
|   return 0;
| }
configure:3931: /home/notlean/openwrt-uboost/build_dir/toolchain-mipsel_24kc_gcc-12.3.0_musl/gcc-12.3.0-final/./gcc/xgcc -B/home/notlean/openwrt-uboost/build_dir/toolchain-mipsel_24kc_gcc-12.3.0_musl/gcc-12.3.0-final/./gcc/ -B/home/notlean/openwrt-uboost/staging_dir/toolchain-mipsel_24kc_gcc-12.3.0_musl/mipsel-openwrt-linux-musl/bin/ -B/home/notlean/openwrt-uboost/staging_dir/toolchain-mipsel_24kc_gcc-12.3.0_musl/mipsel-openwrt-linux-musl/lib/ -isystem /home/notlean/openwrt-uboost/staging_dir/toolchain-mipsel_24kc_gcc-12.3.0_musl/mipsel-openwrt-linux-musl/include -isystem /home/notlean/openwrt-uboost/staging_dir/toolchain-mipsel_24kc_gcc-12.3.0_musl/mipsel-openwrt-linux-musl/sys-include    -c -g  conftest.c >&5
cc1: note: someone does not honour COPTS correctly, passed 0 times
configure:3931: $? = 0
configure:3941: result: yes
configure:3958: checking for /home/notlean/openwrt-uboost/build_dir/toolchain-mipsel_24kc_gcc-12.3.0_musl/gcc-12.3.0-final/./gcc/xgcc -B/home/notlean/openwrt-uboost/build_dir/toolchain-mipsel_24kc_gcc-12.3.0_musl/gcc-12.3.0-final/./gcc/ -B/home/notlean/openwrt-uboost/staging_dir/toolchain-mipsel_24kc_gcc-12.3.0_musl/mipsel-openwrt-linux-musl/bin/ -B/home/notlean/openwrt-uboost/staging_dir/toolchain-mipsel_24kc_gcc-12.3.0_musl/mipsel-openwrt-linux-musl/lib/ -isystem /home/notlean/openwrt-uboost/staging_dir/toolchain-mipsel_24kc_gcc-12.3.0_musl/mipsel-openwrt-linux-musl/include -isystem /home/notlean/openwrt-uboost/staging_dir/toolchain-mipsel_24kc_gcc-12.3.0_musl/mipsel-openwrt-linux-musl/sys-include    option to accept ISO C89
configure:4021: /home/notlean/openwrt-uboost/build_dir/toolchain-mipsel_24kc_gcc-12.3.0_musl/gcc-12.3.0-final/./gcc/xgcc -B/home/notlean/openwrt-uboost/build_dir/toolchain-mipsel_24kc_gcc-12.3.0_musl/gcc-12.3.0-final/./gcc/ -B/home/notlean/openwrt-uboost/staging_dir/toolchain-mipsel_24kc_gcc-12.3.0_musl/mipsel-openwrt-linux-musl/bin/ -B/home/notlean/openwrt-uboost/staging_dir/toolchain-mipsel_24kc_gcc-12.3.0_musl/mipsel-openwrt-linux-musl/lib/ -isystem /home/notlean/openwrt-uboost/staging_dir/toolchain-mipsel_24kc_gcc-12.3.0_musl/mipsel-openwrt-linux-musl/include -isystem /home/notlean/openwrt-uboost/staging_dir/toolchain-mipsel_24kc_gcc-12.3.0_musl/mipsel-openwrt-linux-musl/sys-include     -c -Os -pipe -mno-branch-likely -mips32r2 -mtune=24kc -fno-caller-saves -fno-plt -fhonour-copts -msoft-float -Wformat -Werror=format-security -fstack-protector -D_FORTIFY_SOURCE=1 -Wl,-z,now -Wl,-z,relro -minterlink-mips16 -g -Os  conftest.c >&5
configure:4021: $? = 0
configure:4034: result: none needed
configure:4059: checking how to run the C preprocessor
configure:4090: /home/notlean/openwrt-uboost/build_dir/toolchain-mipsel_24kc_gcc-12.3.0_musl/gcc-12.3.0-final/./gcc/xgcc -B/home/notlean/openwrt-uboost/build_dir/toolchain-mipsel_24kc_gcc-12.3.0_musl/gcc-12.3.0-final/./gcc/ -B/home/notlean/openwrt-uboost/staging_dir/toolchain-mipsel_24kc_gcc-12.3.0_musl/mipsel-openwrt-linux-musl/bin/ -B/home/notlean/openwrt-uboost/staging_dir/toolchain-mipsel_24kc_gcc-12.3.0_musl/mipsel-openwrt-linux-musl/lib/ -isystem /home/notlean/openwrt-uboost/staging_dir/toolchain-mipsel_24kc_gcc-12.3.0_musl/mipsel-openwrt-linux-musl/include -isystem /home/notlean/openwrt-uboost/staging_dir/toolchain-mipsel_24kc_gcc-12.3.0_musl/mipsel-openwrt-linux-musl/sys-include    -E  conftest.c
configure:4090: $? = 0
configure:4104: /home/notlean/openwrt-uboost/build_dir/toolchain-mipsel_24kc_gcc-12.3.0_musl/gcc-12.3.0-final/./gcc/xgcc -B/home/notlean/openwrt-uboost/build_dir/toolchain-mipsel_24kc_gcc-12.3.0_musl/gcc-12.3.0-final/./gcc/ -B/home/notlean/openwrt-uboost/staging_dir/toolchain-mipsel_24kc_gcc-12.3.0_musl/mipsel-openwrt-linux-musl/bin/ -B/home/notlean/openwrt-uboost/staging_dir/toolchain-mipsel_24kc_gcc-12.3.0_musl/mipsel-openwrt-linux-musl/lib/ -isystem /home/notlean/openwrt-uboost/staging_dir/toolchain-mipsel_24kc_gcc-12.3.0_musl/mipsel-openwrt-linux-musl/include -isystem /home/notlean/openwrt-uboost/staging_dir/toolchain-mipsel_24kc_gcc-12.3.0_musl/mipsel-openwrt-linux-musl/sys-include    -E  conftest.c
conftest.c:9:10: fatal error: ac_nonexistent.h: No such file or directory
    9 | #include <ac_nonexistent.h>
      |          ^~~~~~~~~~~~~~~~~~
compilation terminated.
configure:4104: $? = 1
configure: failed program was:
| /* confdefs.h */
| #define PACKAGE_NAME "GNU C Runtime Library"
| #define PACKAGE_TARNAME "libgcc"
| #define PACKAGE_VERSION "1.0"
| #define PACKAGE_STRING "GNU C Runtime Library 1.0"
| #define PACKAGE_BUGREPORT ""
| #define PACKAGE_URL "http://www.gnu.org/software/libgcc/"
| /* end confdefs.h.  */
| #include <ac_nonexistent.h>
configure:4129: result: /home/notlean/openwrt-uboost/build_dir/toolchain-mipsel_24kc_gcc-12.3.0_musl/gcc-12.3.0-final/./gcc/xgcc -B/home/notlean/openwrt-uboost/build_dir/toolchain-mipsel_24kc_gcc-12.3.0_musl/gcc-12.3.0-final/./gcc/ -B/home/notlean/openwrt-uboost/staging_dir/toolchain-mipsel_24kc_gcc-12.3.0_musl/mipsel-openwrt-linux-musl/bin/ -B/home/notlean/openwrt-uboost/staging_dir/toolchain-mipsel_24kc_gcc-12.3.0_musl/mipsel-openwrt-linux-musl/lib/ -isystem /home/notlean/openwrt-uboost/staging_dir/toolchain-mipsel_24kc_gcc-12.3.0_musl/mipsel-openwrt-linux-musl/include -isystem /home/notlean/openwrt-uboost/staging_dir/toolchain-mipsel_24kc_gcc-12.3.0_musl/mipsel-openwrt-linux-musl/sys-include    -E
configure:4149: /home/notlean/openwrt-uboost/build_dir/toolchain-mipsel_24kc_gcc-12.3.0_musl/gcc-12.3.0-final/./gcc/xgcc -B/home/notlean/openwrt-uboost/build_dir/toolchain-mipsel_24kc_gcc-12.3.0_musl/gcc-12.3.0-final/./gcc/ -B/home/notlean/openwrt-uboost/staging_dir/toolchain-mipsel_24kc_gcc-12.3.0_musl/mipsel-openwrt-linux-musl/bin/ -B/home/notlean/openwrt-uboost/staging_dir/toolchain-mipsel_24kc_gcc-12.3.0_musl/mipsel-openwrt-linux-musl/lib/ -isystem /home/notlean/openwrt-uboost/staging_dir/toolchain-mipsel_24kc_gcc-12.3.0_musl/mipsel-openwrt-linux-musl/include -isystem /home/notlean/openwrt-uboost/staging_dir/toolchain-mipsel_24kc_gcc-12.3.0_musl/mipsel-openwrt-linux-musl/sys-include    -E  conftest.c
configure:4149: $? = 0
configure:4163: /home/notlean/openwrt-uboost/build_dir/toolchain-mipsel_24kc_gcc-12.3.0_musl/gcc-12.3.0-final/./gcc/xgcc -B/home/notlean/openwrt-uboost/build_dir/toolchain-mipsel_24kc_gcc-12.3.0_musl/gcc-12.3.0-final/./gcc/ -B/home/notlean/openwrt-uboost/staging_dir/toolchain-mipsel_24kc_gcc-12.3.0_musl/mipsel-openwrt-linux-musl/bin/ -B/home/notlean/openwrt-uboost/staging_dir/toolchain-mipsel_24kc_gcc-12.3.0_musl/mipsel-openwrt-linux-musl/lib/ -isystem /home/notlean/openwrt-uboost/staging_dir/toolchain-mipsel_24kc_gcc-12.3.0_musl/mipsel-openwrt-linux-musl/include -isystem /home/notlean/openwrt-uboost/staging_dir/toolchain-mipsel_24kc_gcc-12.3.0_musl/mipsel-openwrt-linux-musl/sys-include    -E  conftest.c
conftest.c:9:10: fatal error: ac_nonexistent.h: No such file or directory
    9 | #include <ac_nonexistent.h>
      |          ^~~~~~~~~~~~~~~~~~
compilation terminated.
configure:4163: $? = 1
configure: failed program was:
| /* confdefs.h */
| #define PACKAGE_NAME "GNU C Runtime Library"
| #define PACKAGE_TARNAME "libgcc"
| #define PACKAGE_VERSION "1.0"
| #define PACKAGE_STRING "GNU C Runtime Library 1.0"
| #define PACKAGE_BUGREPORT ""
| #define PACKAGE_URL "http://www.gnu.org/software/libgcc/"
| /* end confdefs.h.  */
| #include <ac_nonexistent.h>
configure:4202: checking for special C compiler options needed for large files
configure:4247: result: no
configure:4253: checking for _FILE_OFFSET_BITS value needed for large files
configure:4278: /home/notlean/openwrt-uboost/build_dir/toolchain-mipsel_24kc_gcc-12.3.0_musl/gcc-12.3.0-final/./gcc/xgcc -B/home/notlean/openwrt-uboost/build_dir/toolchain-mipsel_24kc_gcc-12.3.0_musl/gcc-12.3.0-final/./gcc/ -B/home/notlean/openwrt-uboost/staging_dir/toolchain-mipsel_24kc_gcc-12.3.0_musl/mipsel-openwrt-linux-musl/bin/ -B/home/notlean/openwrt-uboost/staging_dir/toolchain-mipsel_24kc_gcc-12.3.0_musl/mipsel-openwrt-linux-musl/lib/ -isystem /home/notlean/openwrt-uboost/staging_dir/toolchain-mipsel_24kc_gcc-12.3.0_musl/mipsel-openwrt-linux-musl/include -isystem /home/notlean/openwrt-uboost/staging_dir/toolchain-mipsel_24kc_gcc-12.3.0_musl/mipsel-openwrt-linux-musl/sys-include    -c -Os -pipe -mno-branch-likely -mips32r2 -mtune=24kc -fno-caller-saves -fno-plt -fhonour-copts -msoft-float -Wformat -Werror=format-security -fstack-protector -D_FORTIFY_SOURCE=1 -Wl,-z,now -Wl,-z,relro -minterlink-mips16 -g -Os  conftest.c >&5
configure:4278: $? = 0
configure:4310: result: no
configure:4401: checking size of double
configure:4406: /home/notlean/openwrt-uboost/build_dir/toolchain-mipsel_24kc_gcc-12.3.0_musl/gcc-12.3.0-final/./gcc/xgcc -B/home/notlean/openwrt-uboost/build_dir/toolchain-mipsel_24kc_gcc-12.3.0_musl/gcc-12.3.0-final/./gcc/ -B/home/notlean/openwrt-uboost/staging_dir/toolchain-mipsel_24kc_gcc-12.3.0_musl/mipsel-openwrt-linux-musl/bin/ -B/home/notlean/openwrt-uboost/staging_dir/toolchain-mipsel_24kc_gcc-12.3.0_musl/mipsel-openwrt-linux-musl/lib/ -isystem /home/notlean/openwrt-uboost/staging_dir/toolchain-mipsel_24kc_gcc-12.3.0_musl/mipsel-openwrt-linux-musl/include -isystem /home/notlean/openwrt-uboost/staging_dir/toolchain-mipsel_24kc_gcc-12.3.0_musl/mipsel-openwrt-linux-musl/sys-include    -c -Os -pipe -mno-branch-likely -mips32r2 -mtune=24kc -fno-caller-saves -fno-plt -fhonour-copts -msoft-float -Wformat -Werror=format-security -fstack-protector -D_FORTIFY_SOURCE=1 -Wl,-z,now -Wl,-z,relro -minterlink-mips16 -g -Os  conftest.c >&5
configure:4406: $? = 0
configure:4406: /home/notlean/openwrt-uboost/build_dir/toolchain-mipsel_24kc_gcc-12.3.0_musl/gcc-12.3.0-final/./gcc/xgcc -B/home/notlean/openwrt-uboost/build_dir/toolchain-mipsel_24kc_gcc-12.3.0_musl/gcc-12.3.0-final/./gcc/ -B/home/notlean/openwrt-uboost/staging_dir/toolchain-mipsel_24kc_gcc-12.3.0_musl/mipsel-openwrt-linux-musl/bin/ -B/home/notlean/openwrt-uboost/staging_dir/toolchain-mipsel_24kc_gcc-12.3.0_musl/mipsel-openwrt-linux-musl/lib/ -isystem /home/notlean/openwrt-uboost/staging_dir/toolchain-mipsel_24kc_gcc-12.3.0_musl/mipsel-openwrt-linux-musl/include -isystem /home/notlean/openwrt-uboost/staging_dir/toolchain-mipsel_24kc_gcc-12.3.0_musl/mipsel-openwrt-linux-musl/sys-include    -c -Os -pipe -mno-branch-likely -mips32r2 -mtune=24kc -fno-caller-saves -fno-plt -fhonour-copts -msoft-float -Wformat -Werror=format-security -fstack-protector -D_FORTIFY_SOURCE=1 -Wl,-z,now -Wl,-z,relro -minterlink-mips16 -g -Os  conftest.c >&5
conftest.c: In function 'main':
conftest.c:13:12: error: size of array 'test_array' is negative
   13 | static int test_array [1 - 2 * !(((long int) (sizeof (double))) <= 0)];
      |            ^~~~~~~~~~
configure:4406: $? = 1
configure: failed program was:
| /* confdefs.h */
| #define PACKAGE_NAME "GNU C Runtime Library"
| #define PACKAGE_TARNAME "libgcc"
| #define PACKAGE_VERSION "1.0"
| #define PACKAGE_STRING "GNU C Runtime Library 1.0"
| #define PACKAGE_BUGREPORT ""
| #define PACKAGE_URL "http://www.gnu.org/software/libgcc/"
| /* end confdefs.h.  */
| /* none */
| int
| main ()
| {
| static int test_array [1 - 2 * !(((long int) (sizeof (double))) <= 0)];
| test_array [0] = 0;
| return test_array [0];
| 
|   ;
|   return 0;
| }
configure:4406: /home/notlean/openwrt-uboost/build_dir/toolchain-mipsel_24kc_gcc-12.3.0_musl/gcc-12.3.0-final/./gcc/xgcc -B/home/notlean/openwrt-uboost/build_dir/toolchain-mipsel_24kc_gcc-12.3.0_musl/gcc-12.3.0-final/./gcc/ -B/home/notlean/openwrt-uboost/staging_dir/toolchain-mipsel_24kc_gcc-12.3.0_musl/mipsel-openwrt-linux-musl/bin/ -B/home/notlean/openwrt-uboost/staging_dir/toolchain-mipsel_24kc_gcc-12.3.0_musl/mipsel-openwrt-linux-musl/lib/ -isystem /home/notlean/openwrt-uboost/staging_dir/toolchain-mipsel_24kc_gcc-12.3.0_musl/mipsel-openwrt-linux-musl/include -isystem /home/notlean/openwrt-uboost/staging_dir/toolchain-mipsel_24kc_gcc-12.3.0_musl/mipsel-openwrt-linux-musl/sys-include    -c -Os -pipe -mno-branch-likely -mips32r2 -mtune=24kc -fno-caller-saves -fno-plt -fhonour-copts -msoft-float -Wformat -Werror=format-security -fstack-protector -D_FORTIFY_SOURCE=1 -Wl,-z,now -Wl,-z,relro -minterlink-mips16 -g -Os  conftest.c >&5
conftest.c: In function 'main':
conftest.c:13:12: error: size of array 'test_array' is negative
   13 | static int test_array [1 - 2 * !(((long int) (sizeof (double))) <= 1)];
      |            ^~~~~~~~~~
configure:4406: $? = 1
configure: failed program was:
| /* confdefs.h */
| #define PACKAGE_NAME "GNU C Runtime Library"
| #define PACKAGE_TARNAME "libgcc"
| #define PACKAGE_VERSION "1.0"
| #define PACKAGE_STRING "GNU C Runtime Library 1.0"
| #define PACKAGE_BUGREPORT ""
| #define PACKAGE_URL "http://www.gnu.org/software/libgcc/"
| /* end confdefs.h.  */
| /* none */
| int
| main ()
| {
| static int test_array [1 - 2 * !(((long int) (sizeof (double))) <= 1)];
| test_array [0] = 0;
| return test_array [0];
| 
|   ;
|   return 0;
| }
configure:4406: /home/notlean/openwrt-uboost/build_dir/toolchain-mipsel_24kc_gcc-12.3.0_musl/gcc-12.3.0-final/./gcc/xgcc -B/home/notlean/openwrt-uboost/build_dir/toolchain-mipsel_24kc_gcc-12.3.0_musl/gcc-12.3.0-final/./gcc/ -B/home/notlean/openwrt-uboost/staging_dir/toolchain-mipsel_24kc_gcc-12.3.0_musl/mipsel-openwrt-linux-musl/bin/ -B/home/notlean/openwrt-uboost/staging_dir/toolchain-mipsel_24kc_gcc-12.3.0_musl/mipsel-openwrt-linux-musl/lib/ -isystem /home/notlean/openwrt-uboost/staging_dir/toolchain-mipsel_24kc_gcc-12.3.0_musl/mipsel-openwrt-linux-musl/include -isystem /home/notlean/openwrt-uboost/staging_dir/toolchain-mipsel_24kc_gcc-12.3.0_musl/mipsel-openwrt-linux-musl/sys-include    -c -Os -pipe -mno-branch-likely -mips32r2 -mtune=24kc -fno-caller-saves -fno-plt -fhonour-copts -msoft-float -Wformat -Werror=format-security -fstack-protector -D_FORTIFY_SOURCE=1 -Wl,-z,now -Wl,-z,relro -minterlink-mips16 -g -Os  conftest.c >&5
conftest.c: In function 'main':
conftest.c:13:12: error: size of array 'test_array' is negative
   13 | static int test_array [1 - 2 * !(((long int) (sizeof (double))) <= 3)];
      |            ^~~~~~~~~~
configure:4406: $? = 1
configure: failed program was:
| /* confdefs.h */
| #define PACKAGE_NAME "GNU C Runtime Library"
| #define PACKAGE_TARNAME "libgcc"
| #define PACKAGE_VERSION "1.0"
| #define PACKAGE_STRING "GNU C Runtime Library 1.0"
| #define PACKAGE_BUGREPORT ""
| #define PACKAGE_URL "http://www.gnu.org/software/libgcc/"
| /* end confdefs.h.  */
| /* none */
| int
| main ()
| {
| static int test_array [1 - 2 * !(((long int) (sizeof (double))) <= 3)];
| test_array [0] = 0;
| return test_array [0];
| 
|   ;
|   return 0;
| }
configure:4406: /home/notlean/openwrt-uboost/build_dir/toolchain-mipsel_24kc_gcc-12.3.0_musl/gcc-12.3.0-final/./gcc/xgcc -B/home/notlean/openwrt-uboost/build_dir/toolchain-mipsel_24kc_gcc-12.3.0_musl/gcc-12.3.0-final/./gcc/ -B/home/notlean/openwrt-uboost/staging_dir/toolchain-mipsel_24kc_gcc-12.3.0_musl/mipsel-openwrt-linux-musl/bin/ -B/home/notlean/openwrt-uboost/staging_dir/toolchain-mipsel_24kc_gcc-12.3.0_musl/mipsel-openwrt-linux-musl/lib/ -isystem /home/notlean/openwrt-uboost/staging_dir/toolchain-mipsel_24kc_gcc-12.3.0_musl/mipsel-openwrt-linux-musl/include -isystem /home/notlean/openwrt-uboost/staging_dir/toolchain-mipsel_24kc_gcc-12.3.0_musl/mipsel-openwrt-linux-musl/sys-include    -c -Os -pipe -mno-branch-likely -mips32r2 -mtune=24kc -fno-caller-saves -fno-plt -fhonour-copts -msoft-float -Wformat -Werror=format-security -fstack-protector -D_FORTIFY_SOURCE=1 -Wl,-z,now -Wl,-z,relro -minterlink-mips16 -g -Os  conftest.c >&5
conftest.c: In function 'main':
conftest.c:13:12: error: size of array 'test_array' is negative
   13 | static int test_array [1 - 2 * !(((long int) (sizeof (double))) <= 7)];
      |            ^~~~~~~~~~
configure:4406: $? = 1
configure: failed program was:
| /* confdefs.h */
| #define PACKAGE_NAME "GNU C Runtime Library"
| #define PACKAGE_TARNAME "libgcc"
| #define PACKAGE_VERSION "1.0"
| #define PACKAGE_STRING "GNU C Runtime Library 1.0"
| #define PACKAGE_BUGREPORT ""
| #define PACKAGE_URL "http://www.gnu.org/software/libgcc/"
| /* end confdefs.h.  */
| /* none */
| int
| main ()
| {
| static int test_array [1 - 2 * !(((long int) (sizeof (double))) <= 7)];
| test_array [0] = 0;
| return test_array [0];
| 
|   ;
|   return 0;
| }
configure:4406: /home/notlean/openwrt-uboost/build_dir/toolchain-mipsel_24kc_gcc-12.3.0_musl/gcc-12.3.0-final/./gcc/xgcc -B/home/notlean/openwrt-uboost/build_dir/toolchain-mipsel_24kc_gcc-12.3.0_musl/gcc-12.3.0-final/./gcc/ -B/home/notlean/openwrt-uboost/staging_dir/toolchain-mipsel_24kc_gcc-12.3.0_musl/mipsel-openwrt-linux-musl/bin/ -B/home/notlean/openwrt-uboost/staging_dir/toolchain-mipsel_24kc_gcc-12.3.0_musl/mipsel-openwrt-linux-musl/lib/ -isystem /home/notlean/openwrt-uboost/staging_dir/toolchain-mipsel_24kc_gcc-12.3.0_musl/mipsel-openwrt-linux-musl/include -isystem /home/notlean/openwrt-uboost/staging_dir/toolchain-mipsel_24kc_gcc-12.3.0_musl/mipsel-openwrt-linux-musl/sys-include    -c -Os -pipe -mno-branch-likely -mips32r2 -mtune=24kc -fno-caller-saves -fno-plt -fhonour-copts -msoft-float -Wformat -Werror=format-security -fstack-protector -D_FORTIFY_SOURCE=1 -Wl,-z,now -Wl,-z,relro -minterlink-mips16 -g -Os  conftest.c >&5
configure:4406: $? = 0
configure:4406: /home/notlean/openwrt-uboost/build_dir/toolchain-mipsel_24kc_gcc-12.3.0_musl/gcc-12.3.0-final/./gcc/xgcc -B/home/notlean/openwrt-uboost/build_dir/toolchain-mipsel_24kc_gcc-12.3.0_musl/gcc-12.3.0-final/./gcc/ -B/home/notlean/openwrt-uboost/staging_dir/toolchain-mipsel_24kc_gcc-12.3.0_musl/mipsel-openwrt-linux-musl/bin/ -B/home/notlean/openwrt-uboost/staging_dir/toolchain-mipsel_24kc_gcc-12.3.0_musl/mipsel-openwrt-linux-musl/lib/ -isystem /home/notlean/openwrt-uboost/staging_dir/toolchain-mipsel_24kc_gcc-12.3.0_musl/mipsel-openwrt-linux-musl/include -isystem /home/notlean/openwrt-uboost/staging_dir/toolchain-mipsel_24kc_gcc-12.3.0_musl/mipsel-openwrt-linux-musl/sys-include    -c -Os -pipe -mno-branch-likely -mips32r2 -mtune=24kc -fno-caller-saves -fno-plt -fhonour-copts -msoft-float -Wformat -Werror=format-security -fstack-protector -D_FORTIFY_SOURCE=1 -Wl,-z,now -Wl,-z,relro -minterlink-mips16 -g -Os  conftest.c >&5
configure:4406: $? = 0
configure:4406: /home/notlean/openwrt-uboost/build_dir/toolchain-mipsel_24kc_gcc-12.3.0_musl/gcc-12.3.0-final/./gcc/xgcc -B/home/notlean/openwrt-uboost/build_dir/toolchain-mipsel_24kc_gcc-12.3.0_musl/gcc-12.3.0-final/./gcc/ -B/home/notlean/openwrt-uboost/staging_dir/toolchain-mipsel_24kc_gcc-12.3.0_musl/mipsel-openwrt-linux-musl/bin/ -B/home/notlean/openwrt-uboost/staging_dir/toolchain-mipsel_24kc_gcc-12.3.0_musl/mipsel-openwrt-linux-musl/lib/ -isystem /home/notlean/openwrt-uboost/staging_dir/toolchain-mipsel_24kc_gcc-12.3.0_musl/mipsel-openwrt-linux-musl/include -isystem /home/notlean/openwrt-uboost/staging_dir/toolchain-mipsel_24kc_gcc-12.3.0_musl/mipsel-openwrt-linux-musl/sys-include    -c -Os -pipe -mno-branch-likely -mips32r2 -mtune=24kc -fno-caller-saves -fno-plt -fhonour-copts -msoft-float -Wformat -Werror=format-security -fstack-protector -D_FORTIFY_SOURCE=1 -Wl,-z,now -Wl,-z,relro -minterlink-mips16 -g -Os  conftest.c >&5
configure:4406: $? = 0
configure:4406: /home/notlean/openwrt-uboost/build_dir/toolchain-mipsel_24kc_gcc-12.3.0_musl/gcc-12.3.0-final/./gcc/xgcc -B/home/notlean/openwrt-uboost/build_dir/toolchain-mipsel_24kc_gcc-12.3.0_musl/gcc-12.3.0-final/./gcc/ -B/home/notlean/openwrt-uboost/staging_dir/toolchain-mipsel_24kc_gcc-12.3.0_musl/mipsel-openwrt-linux-musl/bin/ -B/home/notlean/openwrt-uboost/staging_dir/toolchain-mipsel_24kc_gcc-12.3.0_musl/mipsel-openwrt-linux-musl/lib/ -isystem /home/notlean/openwrt-uboost/staging_dir/toolchain-mipsel_24kc_gcc-12.3.0_musl/mipsel-openwrt-linux-musl/include -isystem /home/notlean/openwrt-uboost/staging_dir/toolchain-mipsel_24kc_gcc-12.3.0_musl/mipsel-openwrt-linux-musl/sys-include    -c -Os -pipe -mno-branch-likely -mips32r2 -mtune=24kc -fno-caller-saves -fno-plt -fhonour-copts -msoft-float -Wformat -Werror=format-security -fstack-protector -D_FORTIFY_SOURCE=1 -Wl,-z,now -Wl,-z,relro -minterlink-mips16 -g -Os  conftest.c >&5
configure:4406: $? = 0
configure:4420: result: 8
configure:4434: checking size of long double
configure:4439: /home/notlean/openwrt-uboost/build_dir/toolchain-mipsel_24kc_gcc-12.3.0_musl/gcc-12.3.0-final/./gcc/xgcc -B/home/notlean/openwrt-uboost/build_dir/toolchain-mipsel_24kc_gcc-12.3.0_musl/gcc-12.3.0-final/./gcc/ -B/home/notlean/openwrt-uboost/staging_dir/toolchain-mipsel_24kc_gcc-12.3.0_musl/mipsel-openwrt-linux-musl/bin/ -B/home/notlean/openwrt-uboost/staging_dir/toolchain-mipsel_24kc_gcc-12.3.0_musl/mipsel-openwrt-linux-musl/lib/ -isystem /home/notlean/openwrt-uboost/staging_dir/toolchain-mipsel_24kc_gcc-12.3.0_musl/mipsel-openwrt-linux-musl/include -isystem /home/notlean/openwrt-uboost/staging_dir/toolchain-mipsel_24kc_gcc-12.3.0_musl/mipsel-openwrt-linux-musl/sys-include    -c -Os -pipe -mno-branch-likely -mips32r2 -mtune=24kc -fno-caller-saves -fno-plt -fhonour-copts -msoft-float -Wformat -Werror=format-security -fstack-protector -D_FORTIFY_SOURCE=1 -Wl,-z,now -Wl,-z,relro -minterlink-mips16 -g -Os  conftest.c >&5
configure:4439: $? = 0
configure:4439: /home/notlean/openwrt-uboost/build_dir/toolchain-mipsel_24kc_gcc-12.3.0_musl/gcc-12.3.0-final/./gcc/xgcc -B/home/notlean/openwrt-uboost/build_dir/toolchain-mipsel_24kc_gcc-12.3.0_musl/gcc-12.3.0-final/./gcc/ -B/home/notlean/openwrt-uboost/staging_dir/toolchain-mipsel_24kc_gcc-12.3.0_musl/mipsel-openwrt-linux-musl/bin/ -B/home/notlean/openwrt-uboost/staging_dir/toolchain-mipsel_24kc_gcc-12.3.0_musl/mipsel-openwrt-linux-musl/lib/ -isystem /home/notlean/openwrt-uboost/staging_dir/toolchain-mipsel_24kc_gcc-12.3.0_musl/mipsel-openwrt-linux-musl/include -isystem /home/notlean/openwrt-uboost/staging_dir/toolchain-mipsel_24kc_gcc-12.3.0_musl/mipsel-openwrt-linux-musl/sys-include    -c -Os -pipe -mno-branch-likely -mips32r2 -mtune=24kc -fno-caller-saves -fno-plt -fhonour-copts -msoft-float -Wformat -Werror=format-security -fstack-protector -D_FORTIFY_SOURCE=1 -Wl,-z,now -Wl,-z,relro -minterlink-mips16 -g -Os  conftest.c >&5
conftest.c: In function 'main':
conftest.c:14:12: error: size of array 'test_array' is negative
   14 | static int test_array [1 - 2 * !(((long int) (sizeof (long double))) <= 0)];
      |            ^~~~~~~~~~
configure:4439: $? = 1
configure: failed program was:
| /* confdefs.h */
| #define PACKAGE_NAME "GNU C Runtime Library"
| #define PACKAGE_TARNAME "libgcc"
| #define PACKAGE_VERSION "1.0"
| #define PACKAGE_STRING "GNU C Runtime Library 1.0"
| #define PACKAGE_BUGREPORT ""
| #define PACKAGE_URL "http://www.gnu.org/software/libgcc/"
| #define SIZEOF_DOUBLE 8
| /* end confdefs.h.  */
| /* none */
| int
| main ()
| {
| static int test_array [1 - 2 * !(((long int) (sizeof (long double))) <= 0)];
| test_array [0] = 0;
| return test_array [0];
| 
|   ;
|   return 0;
| }
configure:4439: /home/notlean/openwrt-uboost/build_dir/toolchain-mipsel_24kc_gcc-12.3.0_musl/gcc-12.3.0-final/./gcc/xgcc -B/home/notlean/openwrt-uboost/build_dir/toolchain-mipsel_24kc_gcc-12.3.0_musl/gcc-12.3.0-final/./gcc/ -B/home/notlean/openwrt-uboost/staging_dir/toolchain-mipsel_24kc_gcc-12.3.0_musl/mipsel-openwrt-linux-musl/bin/ -B/home/notlean/openwrt-uboost/staging_dir/toolchain-mipsel_24kc_gcc-12.3.0_musl/mipsel-openwrt-linux-musl/lib/ -isystem /home/notlean/openwrt-uboost/staging_dir/toolchain-mipsel_24kc_gcc-12.3.0_musl/mipsel-openwrt-linux-musl/include -isystem /home/notlean/openwrt-uboost/staging_dir/toolchain-mipsel_24kc_gcc-12.3.0_musl/mipsel-openwrt-linux-musl/sys-include    -c -Os -pipe -mno-branch-likely -mips32r2 -mtune=24kc -fno-caller-saves -fno-plt -fhonour-copts -msoft-float -Wformat -Werror=format-security -fstack-protector -D_FORTIFY_SOURCE=1 -Wl,-z,now -Wl,-z,relro -minterlink-mips16 -g -Os  conftest.c >&5
conftest.c: In function 'main':
conftest.c:14:12: error: size of array 'test_array' is negative
   14 | static int test_array [1 - 2 * !(((long int) (sizeof (long double))) <= 1)];
      |            ^~~~~~~~~~
configure:4439: $? = 1
configure: failed program was:
| /* confdefs.h */
| #define PACKAGE_NAME "GNU C Runtime Library"
| #define PACKAGE_TARNAME "libgcc"
| #define PACKAGE_VERSION "1.0"
| #define PACKAGE_STRING "GNU C Runtime Library 1.0"
| #define PACKAGE_BUGREPORT ""
| #define PACKAGE_URL "http://www.gnu.org/software/libgcc/"
| #define SIZEOF_DOUBLE 8
| /* end confdefs.h.  */
| /* none */
| int
| main ()
| {
| static int test_array [1 - 2 * !(((long int) (sizeof (long double))) <= 1)];
| test_array [0] = 0;
| return test_array [0];
| 
|   ;
|   return 0;
| }
configure:4439: /home/notlean/openwrt-uboost/build_dir/toolchain-mipsel_24kc_gcc-12.3.0_musl/gcc-12.3.0-final/./gcc/xgcc -B/home/notlean/openwrt-uboost/build_dir/toolchain-mipsel_24kc_gcc-12.3.0_musl/gcc-12.3.0-final/./gcc/ -B/home/notlean/openwrt-uboost/staging_dir/toolchain-mipsel_24kc_gcc-12.3.0_musl/mipsel-openwrt-linux-musl/bin/ -B/home/notlean/openwrt-uboost/staging_dir/toolchain-mipsel_24kc_gcc-12.3.0_musl/mipsel-openwrt-linux-musl/lib/ -isystem /home/notlean/openwrt-uboost/staging_dir/toolchain-mipsel_24kc_gcc-12.3.0_musl/mipsel-openwrt-linux-musl/include -isystem /home/notlean/openwrt-uboost/staging_dir/toolchain-mipsel_24kc_gcc-12.3.0_musl/mipsel-openwrt-linux-musl/sys-include    -c -Os -pipe -mno-branch-likely -mips32r2 -mtune=24kc -fno-caller-saves -fno-plt -fhonour-copts -msoft-float -Wformat -Werror=format-security -fstack-protector -D_FORTIFY_SOURCE=1 -Wl,-z,now -Wl,-z,relro -minterlink-mips16 -g -Os  conftest.c >&5
conftest.c: In function 'main':
conftest.c:14:12: error: size of array 'test_array' is negative
   14 | static int test_array [1 - 2 * !(((long int) (sizeof (long double))) <= 3)];
      |            ^~~~~~~~~~
configure:4439: $? = 1
configure: failed program was:
| /* confdefs.h */
| #define PACKAGE_NAME "GNU C Runtime Library"
| #define PACKAGE_TARNAME "libgcc"
| #define PACKAGE_VERSION "1.0"
| #define PACKAGE_STRING "GNU C Runtime Library 1.0"
| #define PACKAGE_BUGREPORT ""
| #define PACKAGE_URL "http://www.gnu.org/software/libgcc/"
| #define SIZEOF_DOUBLE 8
| /* end confdefs.h.  */
| /* none */
| int
| main ()
| {
| static int test_array [1 - 2 * !(((long int) (sizeof (long double))) <= 3)];
| test_array [0] = 0;
| return test_array [0];
| 
|   ;
|   return 0;
| }
configure:4439: /home/notlean/openwrt-uboost/build_dir/toolchain-mipsel_24kc_gcc-12.3.0_musl/gcc-12.3.0-final/./gcc/xgcc -B/home/notlean/openwrt-uboost/build_dir/toolchain-mipsel_24kc_gcc-12.3.0_musl/gcc-12.3.0-final/./gcc/ -B/home/notlean/openwrt-uboost/staging_dir/toolchain-mipsel_24kc_gcc-12.3.0_musl/mipsel-openwrt-linux-musl/bin/ -B/home/notlean/openwrt-uboost/staging_dir/toolchain-mipsel_24kc_gcc-12.3.0_musl/mipsel-openwrt-linux-musl/lib/ -isystem /home/notlean/openwrt-uboost/staging_dir/toolchain-mipsel_24kc_gcc-12.3.0_musl/mipsel-openwrt-linux-musl/include -isystem /home/notlean/openwrt-uboost/staging_dir/toolchain-mipsel_24kc_gcc-12.3.0_musl/mipsel-openwrt-linux-musl/sys-include    -c -Os -pipe -mno-branch-likely -mips32r2 -mtune=24kc -fno-caller-saves -fno-plt -fhonour-copts -msoft-float -Wformat -Werror=format-security -fstack-protector -D_FORTIFY_SOURCE=1 -Wl,-z,now -Wl,-z,relro -minterlink-mips16 -g -Os  conftest.c >&5
conftest.c: In function 'main':
conftest.c:14:12: error: size of array 'test_array' is negative
   14 | static int test_array [1 - 2 * !(((long int) (sizeof (long double))) <= 7)];
      |            ^~~~~~~~~~
configure:4439: $? = 1
configure: failed program was:
| /* confdefs.h */
| #define PACKAGE_NAME "GNU C Runtime Library"
| #define PACKAGE_TARNAME "libgcc"
| #define PACKAGE_VERSION "1.0"
| #define PACKAGE_STRING "GNU C Runtime Library 1.0"
| #define PACKAGE_BUGREPORT ""
| #define PACKAGE_URL "http://www.gnu.org/software/libgcc/"
| #define SIZEOF_DOUBLE 8
| /* end confdefs.h.  */
| /* none */
| int
| main ()
| {
| static int test_array [1 - 2 * !(((long int) (sizeof (long double))) <= 7)];
| test_array [0] = 0;
| return test_array [0];
| 
|   ;
|   return 0;
| }
configure:4439: /home/notlean/openwrt-uboost/build_dir/toolchain-mipsel_24kc_gcc-12.3.0_musl/gcc-12.3.0-final/./gcc/xgcc -B/home/notlean/openwrt-uboost/build_dir/toolchain-mipsel_24kc_gcc-12.3.0_musl/gcc-12.3.0-final/./gcc/ -B/home/notlean/openwrt-uboost/staging_dir/toolchain-mipsel_24kc_gcc-12.3.0_musl/mipsel-openwrt-linux-musl/bin/ -B/home/notlean/openwrt-uboost/staging_dir/toolchain-mipsel_24kc_gcc-12.3.0_musl/mipsel-openwrt-linux-musl/lib/ -isystem /home/notlean/openwrt-uboost/staging_dir/toolchain-mipsel_24kc_gcc-12.3.0_musl/mipsel-openwrt-linux-musl/include -isystem /home/notlean/openwrt-uboost/staging_dir/toolchain-mipsel_24kc_gcc-12.3.0_musl/mipsel-openwrt-linux-musl/sys-include    -c -Os -pipe -mno-branch-likely -mips32r2 -mtune=24kc -fno-caller-saves -fno-plt -fhonour-copts -msoft-float -Wformat -Werror=format-security -fstack-protector -D_FORTIFY_SOURCE=1 -Wl,-z,now -Wl,-z,relro -minterlink-mips16 -g -Os  conftest.c >&5
configure:4439: $? = 0
configure:4439: /home/notlean/openwrt-uboost/build_dir/toolchain-mipsel_24kc_gcc-12.3.0_musl/gcc-12.3.0-final/./gcc/xgcc -B/home/notlean/openwrt-uboost/build_dir/toolchain-mipsel_24kc_gcc-12.3.0_musl/gcc-12.3.0-final/./gcc/ -B/home/notlean/openwrt-uboost/staging_dir/toolchain-mipsel_24kc_gcc-12.3.0_musl/mipsel-openwrt-linux-musl/bin/ -B/home/notlean/openwrt-uboost/staging_dir/toolchain-mipsel_24kc_gcc-12.3.0_musl/mipsel-openwrt-linux-musl/lib/ -isystem /home/notlean/openwrt-uboost/staging_dir/toolchain-mipsel_24kc_gcc-12.3.0_musl/mipsel-openwrt-linux-musl/include -isystem /home/notlean/openwrt-uboost/staging_dir/toolchain-mipsel_24kc_gcc-12.3.0_musl/mipsel-openwrt-linux-musl/sys-include    -c -Os -pipe -mno-branch-likely -mips32r2 -mtune=24kc -fno-caller-saves -fno-plt -fhonour-copts -msoft-float -Wformat -Werror=format-security -fstack-protector -D_FORTIFY_SOURCE=1 -Wl,-z,now -Wl,-z,relro -minterlink-mips16 -g -Os  conftest.c >&5
configure:4439: $? = 0
configure:4439: /home/notlean/openwrt-uboost/build_dir/toolchain-mipsel_24kc_gcc-12.3.0_musl/gcc-12.3.0-final/./gcc/xgcc -B/home/notlean/openwrt-uboost/build_dir/toolchain-mipsel_24kc_gcc-12.3.0_musl/gcc-12.3.0-final/./gcc/ -B/home/notlean/openwrt-uboost/staging_dir/toolchain-mipsel_24kc_gcc-12.3.0_musl/mipsel-openwrt-linux-musl/bin/ -B/home/notlean/openwrt-uboost/staging_dir/toolchain-mipsel_24kc_gcc-12.3.0_musl/mipsel-openwrt-linux-musl/lib/ -isystem /home/notlean/openwrt-uboost/staging_dir/toolchain-mipsel_24kc_gcc-12.3.0_musl/mipsel-openwrt-linux-musl/include -isystem /home/notlean/openwrt-uboost/staging_dir/toolchain-mipsel_24kc_gcc-12.3.0_musl/mipsel-openwrt-linux-musl/sys-include    -c -Os -pipe -mno-branch-likely -mips32r2 -mtune=24kc -fno-caller-saves -fno-plt -fhonour-copts -msoft-float -Wformat -Werror=format-security -fstack-protector -D_FORTIFY_SOURCE=1 -Wl,-z,now -Wl,-z,relro -minterlink-mips16 -g -Os  conftest.c >&5
configure:4439: $? = 0
configure:4439: /home/notlean/openwrt-uboost/build_dir/toolchain-mipsel_24kc_gcc-12.3.0_musl/gcc-12.3.0-final/./gcc/xgcc -B/home/notlean/openwrt-uboost/build_dir/toolchain-mipsel_24kc_gcc-12.3.0_musl/gcc-12.3.0-final/./gcc/ -B/home/notlean/openwrt-uboost/staging_dir/toolchain-mipsel_24kc_gcc-12.3.0_musl/mipsel-openwrt-linux-musl/bin/ -B/home/notlean/openwrt-uboost/staging_dir/toolchain-mipsel_24kc_gcc-12.3.0_musl/mipsel-openwrt-linux-musl/lib/ -isystem /home/notlean/openwrt-uboost/staging_dir/toolchain-mipsel_24kc_gcc-12.3.0_musl/mipsel-openwrt-linux-musl/include -isystem /home/notlean/openwrt-uboost/staging_dir/toolchain-mipsel_24kc_gcc-12.3.0_musl/mipsel-openwrt-linux-musl/sys-include    -c -Os -pipe -mno-branch-likely -mips32r2 -mtune=24kc -fno-caller-saves -fno-plt -fhonour-copts -msoft-float -Wformat -Werror=format-security -fstack-protector -D_FORTIFY_SOURCE=1 -Wl,-z,now -Wl,-z,relro -minterlink-mips16 -g -Os  conftest.c >&5
configure:4439: $? = 0
configure:4453: result: 8
configure:4474: checking for inttypes.h
configure:4474: /home/notlean/openwrt-uboost/build_dir/toolchain-mipsel_24kc_gcc-12.3.0_musl/gcc-12.3.0-final/./gcc/xgcc -B/home/notlean/openwrt-uboost/build_dir/toolchain-mipsel_24kc_gcc-12.3.0_musl/gcc-12.3.0-final/./gcc/ -B/home/notlean/openwrt-uboost/staging_dir/toolchain-mipsel_24kc_gcc-12.3.0_musl/mipsel-openwrt-linux-musl/bin/ -B/home/notlean/openwrt-uboost/staging_dir/toolchain-mipsel_24kc_gcc-12.3.0_musl/mipsel-openwrt-linux-musl/lib/ -isystem /home/notlean/openwrt-uboost/staging_dir/toolchain-mipsel_24kc_gcc-12.3.0_musl/mipsel-openwrt-linux-musl/include -isystem /home/notlean/openwrt-uboost/staging_dir/toolchain-mipsel_24kc_gcc-12.3.0_musl/mipsel-openwrt-linux-musl/sys-include    -E  conftest.c
configure:4474: $? = 0
configure:4474: result: yes
configure:4474: checking for stdint.h
configure:4474: /home/notlean/openwrt-uboost/build_dir/toolchain-mipsel_24kc_gcc-12.3.0_musl/gcc-12.3.0-final/./gcc/xgcc -B/home/notlean/openwrt-uboost/build_dir/toolchain-mipsel_24kc_gcc-12.3.0_musl/gcc-12.3.0-final/./gcc/ -B/home/notlean/openwrt-uboost/staging_dir/toolchain-mipsel_24kc_gcc-12.3.0_musl/mipsel-openwrt-linux-musl/bin/ -B/home/notlean/openwrt-uboost/staging_dir/toolchain-mipsel_24kc_gcc-12.3.0_musl/mipsel-openwrt-linux-musl/lib/ -isystem /home/notlean/openwrt-uboost/staging_dir/toolchain-mipsel_24kc_gcc-12.3.0_musl/mipsel-openwrt-linux-musl/include -isystem /home/notlean/openwrt-uboost/staging_dir/toolchain-mipsel_24kc_gcc-12.3.0_musl/mipsel-openwrt-linux-musl/sys-include    -E  conftest.c
configure:4474: $? = 0
configure:4474: result: yes
configure:4474: checking for stdlib.h
configure:4474: /home/notlean/openwrt-uboost/build_dir/toolchain-mipsel_24kc_gcc-12.3.0_musl/gcc-12.3.0-final/./gcc/xgcc -B/home/notlean/openwrt-uboost/build_dir/toolchain-mipsel_24kc_gcc-12.3.0_musl/gcc-12.3.0-final/./gcc/ -B/home/notlean/openwrt-uboost/staging_dir/toolchain-mipsel_24kc_gcc-12.3.0_musl/mipsel-openwrt-linux-musl/bin/ -B/home/notlean/openwrt-uboost/staging_dir/toolchain-mipsel_24kc_gcc-12.3.0_musl/mipsel-openwrt-linux-musl/lib/ -isystem /home/notlean/openwrt-uboost/staging_dir/toolchain-mipsel_24kc_gcc-12.3.0_musl/mipsel-openwrt-linux-musl/include -isystem /home/notlean/openwrt-uboost/staging_dir/toolchain-mipsel_24kc_gcc-12.3.0_musl/mipsel-openwrt-linux-musl/sys-include    -E  conftest.c
configure:4474: $? = 0
configure:4474: result: yes
configure:4474: checking for ftw.h
configure:4474: /home/notlean/openwrt-uboost/build_dir/toolchain-mipsel_24kc_gcc-12.3.0_musl/gcc-12.3.0-final/./gcc/xgcc -B/home/notlean/openwrt-uboost/build_dir/toolchain-mipsel_24kc_gcc-12.3.0_musl/gcc-12.3.0-final/./gcc/ -B/home/notlean/openwrt-uboost/staging_dir/toolchain-mipsel_24kc_gcc-12.3.0_musl/mipsel-openwrt-linux-musl/bin/ -B/home/notlean/openwrt-uboost/staging_dir/toolchain-mipsel_24kc_gcc-12.3.0_musl/mipsel-openwrt-linux-musl/lib/ -isystem /home/notlean/openwrt-uboost/staging_dir/toolchain-mipsel_24kc_gcc-12.3.0_musl/mipsel-openwrt-linux-musl/include -isystem /home/notlean/openwrt-uboost/staging_dir/toolchain-mipsel_24kc_gcc-12.3.0_musl/mipsel-openwrt-linux-musl/sys-include    -E  conftest.c
configure:4474: $? = 0
configure:4474: result: yes
configure:4474: checking for unistd.h
configure:4474: /home/notlean/openwrt-uboost/build_dir/toolchain-mipsel_24kc_gcc-12.3.0_musl/gcc-12.3.0-final/./gcc/xgcc -B/home/notlean/openwrt-uboost/build_dir/toolchain-mipsel_24kc_gcc-12.3.0_musl/gcc-12.3.0-final/./gcc/ -B/home/notlean/openwrt-uboost/staging_dir/toolchain-mipsel_24kc_gcc-12.3.0_musl/mipsel-openwrt-linux-musl/bin/ -B/home/notlean/openwrt-uboost/staging_dir/toolchain-mipsel_24kc_gcc-12.3.0_musl/mipsel-openwrt-linux-musl/lib/ -isystem /home/notlean/openwrt-uboost/staging_dir/toolchain-mipsel_24kc_gcc-12.3.0_musl/mipsel-openwrt-linux-musl/include -isystem /home/notlean/openwrt-uboost/staging_dir/toolchain-mipsel_24kc_gcc-12.3.0_musl/mipsel-openwrt-linux-musl/sys-include    -E  conftest.c
configure:4474: $? = 0
configure:4474: result: yes
configure:4474: checking for sys/stat.h
configure:4474: /home/notlean/openwrt-uboost/build_dir/toolchain-mipsel_24kc_gcc-12.3.0_musl/gcc-12.3.0-final/./gcc/xgcc -B/home/notlean/openwrt-uboost/build_dir/toolchain-mipsel_24kc_gcc-12.3.0_musl/gcc-12.3.0-final/./gcc/ -B/home/notlean/openwrt-uboost/staging_dir/toolchain-mipsel_24kc_gcc-12.3.0_musl/mipsel-openwrt-linux-musl/bin/ -B/home/notlean/openwrt-uboost/staging_dir/toolchain-mipsel_24kc_gcc-12.3.0_musl/mipsel-openwrt-linux-musl/lib/ -isystem /home/notlean/openwrt-uboost/staging_dir/toolchain-mipsel_24kc_gcc-12.3.0_musl/mipsel-openwrt-linux-musl/include -isystem /home/notlean/openwrt-uboost/staging_dir/toolchain-mipsel_24kc_gcc-12.3.0_musl/mipsel-openwrt-linux-musl/sys-include    -E  conftest.c
configure:4474: $? = 0
configure:4474: result: yes
configure:4474: checking for sys/types.h
configure:4474: /home/notlean/openwrt-uboost/build_dir/toolchain-mipsel_24kc_gcc-12.3.0_musl/gcc-12.3.0-final/./gcc/xgcc -B/home/notlean/openwrt-uboost/build_dir/toolchain-mipsel_24kc_gcc-12.3.0_musl/gcc-12.3.0-final/./gcc/ -B/home/notlean/openwrt-uboost/staging_dir/toolchain-mipsel_24kc_gcc-12.3.0_musl/mipsel-openwrt-linux-musl/bin/ -B/home/notlean/openwrt-uboost/staging_dir/toolchain-mipsel_24kc_gcc-12.3.0_musl/mipsel-openwrt-linux-musl/lib/ -isystem /home/notlean/openwrt-uboost/staging_dir/toolchain-mipsel_24kc_gcc-12.3.0_musl/mipsel-openwrt-linux-musl/include -isystem /home/notlean/openwrt-uboost/staging_dir/toolchain-mipsel_24kc_gcc-12.3.0_musl/mipsel-openwrt-linux-musl/sys-include    -E  conftest.c
configure:4474: $? = 0
configure:4474: result: yes
configure:4474: checking for string.h
configure:4474: /home/notlean/openwrt-uboost/build_dir/toolchain-mipsel_24kc_gcc-12.3.0_musl/gcc-12.3.0-final/./gcc/xgcc -B/home/notlean/openwrt-uboost/build_dir/toolchain-mipsel_24kc_gcc-12.3.0_musl/gcc-12.3.0-final/./gcc/ -B/home/notlean/openwrt-uboost/staging_dir/toolchain-mipsel_24kc_gcc-12.3.0_musl/mipsel-openwrt-linux-musl/bin/ -B/home/notlean/openwrt-uboost/staging_dir/toolchain-mipsel_24kc_gcc-12.3.0_musl/mipsel-openwrt-linux-musl/lib/ -isystem /home/notlean/openwrt-uboost/staging_dir/toolchain-mipsel_24kc_gcc-12.3.0_musl/mipsel-openwrt-linux-musl/include -isystem /home/notlean/openwrt-uboost/staging_dir/toolchain-mipsel_24kc_gcc-12.3.0_musl/mipsel-openwrt-linux-musl/sys-include    -E  conftest.c
configure:4474: $? = 0
configure:4474: result: yes
configure:4474: checking for strings.h
configure:4474: /home/notlean/openwrt-uboost/build_dir/toolchain-mipsel_24kc_gcc-12.3.0_musl/gcc-12.3.0-final/./gcc/xgcc -B/home/notlean/openwrt-uboost/build_dir/toolchain-mipsel_24kc_gcc-12.3.0_musl/gcc-12.3.0-final/./gcc/ -B/home/notlean/openwrt-uboost/staging_dir/toolchain-mipsel_24kc_gcc-12.3.0_musl/mipsel-openwrt-linux-musl/bin/ -B/home/notlean/openwrt-uboost/staging_dir/toolchain-mipsel_24kc_gcc-12.3.0_musl/mipsel-openwrt-linux-musl/lib/ -isystem /home/notlean/openwrt-uboost/staging_dir/toolchain-mipsel_24kc_gcc-12.3.0_musl/mipsel-openwrt-linux-musl/include -isystem /home/notlean/openwrt-uboost/staging_dir/toolchain-mipsel_24kc_gcc-12.3.0_musl/mipsel-openwrt-linux-musl/sys-include    -E  conftest.c
configure:4474: $? = 0
configure:4474: result: yes
configure:4474: checking for memory.h
configure:4474: /home/notlean/openwrt-uboost/build_dir/toolchain-mipsel_24kc_gcc-12.3.0_musl/gcc-12.3.0-final/./gcc/xgcc -B/home/notlean/openwrt-uboost/build_dir/toolchain-mipsel_24kc_gcc-12.3.0_musl/gcc-12.3.0-final/./gcc/ -B/home/notlean/openwrt-uboost/staging_dir/toolchain-mipsel_24kc_gcc-12.3.0_musl/mipsel-openwrt-linux-musl/bin/ -B/home/notlean/openwrt-uboost/staging_dir/toolchain-mipsel_24kc_gcc-12.3.0_musl/mipsel-openwrt-linux-musl/lib/ -isystem /home/notlean/openwrt-uboost/staging_dir/toolchain-mipsel_24kc_gcc-12.3.0_musl/mipsel-openwrt-linux-musl/include -isystem /home/notlean/openwrt-uboost/staging_dir/toolchain-mipsel_24kc_gcc-12.3.0_musl/mipsel-openwrt-linux-musl/sys-include    -E  conftest.c
configure:4474: $? = 0
configure:4474: result: yes
configure:4474: checking for sys/auxv.h
configure:4474: /home/notlean/openwrt-uboost/build_dir/toolchain-mipsel_24kc_gcc-12.3.0_musl/gcc-12.3.0-final/./gcc/xgcc -B/home/notlean/openwrt-uboost/build_dir/toolchain-mipsel_24kc_gcc-12.3.0_musl/gcc-12.3.0-final/./gcc/ -B/home/notlean/openwrt-uboost/staging_dir/toolchain-mipsel_24kc_gcc-12.3.0_musl/mipsel-openwrt-linux-musl/bin/ -B/home/notlean/openwrt-uboost/staging_dir/toolchain-mipsel_24kc_gcc-12.3.0_musl/mipsel-openwrt-linux-musl/lib/ -isystem /home/notlean/openwrt-uboost/staging_dir/toolchain-mipsel_24kc_gcc-12.3.0_musl/mipsel-openwrt-linux-musl/include -isystem /home/notlean/openwrt-uboost/staging_dir/toolchain-mipsel_24kc_gcc-12.3.0_musl/mipsel-openwrt-linux-musl/sys-include    -E  conftest.c
configure:4474: $? = 0
configure:4474: result: yes
configure:4474: checking for sys/mman.h
configure:4474: /home/notlean/openwrt-uboost/build_dir/toolchain-mipsel_24kc_gcc-12.3.0_musl/gcc-12.3.0-final/./gcc/xgcc -B/home/notlean/openwrt-uboost/build_dir/toolchain-mipsel_24kc_gcc-12.3.0_musl/gcc-12.3.0-final/./gcc/ -B/home/notlean/openwrt-uboost/staging_dir/toolchain-mipsel_24kc_gcc-12.3.0_musl/mipsel-openwrt-linux-musl/bin/ -B/home/notlean/openwrt-uboost/staging_dir/toolchain-mipsel_24kc_gcc-12.3.0_musl/mipsel-openwrt-linux-musl/lib/ -isystem /home/notlean/openwrt-uboost/staging_dir/toolchain-mipsel_24kc_gcc-12.3.0_musl/mipsel-openwrt-linux-musl/include -isystem /home/notlean/openwrt-uboost/staging_dir/toolchain-mipsel_24kc_gcc-12.3.0_musl/mipsel-openwrt-linux-musl/sys-include    -E  conftest.c
configure:4474: $? = 0
configure:4474: result: yes
configure:4483: checking for grep that handles long lines and -e
configure:4541: result: /home/notlean/openwrt-uboost/staging_dir/host/bin/grep
configure:4546: checking for egrep
configure:4608: result: /home/notlean/openwrt-uboost/staging_dir/host/bin/grep -E
configure:4613: checking for ANSI C header files
configure:4633: /home/notlean/openwrt-uboost/build_dir/toolchain-mipsel_24kc_gcc-12.3.0_musl/gcc-12.3.0-final/./gcc/xgcc -B/home/notlean/openwrt-uboost/build_dir/toolchain-mipsel_24kc_gcc-12.3.0_musl/gcc-12.3.0-final/./gcc/ -B/home/notlean/openwrt-uboost/staging_dir/toolchain-mipsel_24kc_gcc-12.3.0_musl/mipsel-openwrt-linux-musl/bin/ -B/home/notlean/openwrt-uboost/staging_dir/toolchain-mipsel_24kc_gcc-12.3.0_musl/mipsel-openwrt-linux-musl/lib/ -isystem /home/notlean/openwrt-uboost/staging_dir/toolchain-mipsel_24kc_gcc-12.3.0_musl/mipsel-openwrt-linux-musl/include -isystem /home/notlean/openwrt-uboost/staging_dir/toolchain-mipsel_24kc_gcc-12.3.0_musl/mipsel-openwrt-linux-musl/sys-include    -c -Os -pipe -mno-branch-likely -mips32r2 -mtune=24kc -fno-caller-saves -fno-plt -fhonour-copts -msoft-float -Wformat -Werror=format-security -fstack-protector -D_FORTIFY_SOURCE=1 -Wl,-z,now -Wl,-z,relro -minterlink-mips16 -g -Os  conftest.c >&5
configure:4633: $? = 0
configure:4717: result: yes
configure:4727: checking whether decimal floating point is supported
configure:4749: /home/notlean/openwrt-uboost/build_dir/toolchain-mipsel_24kc_gcc-12.3.0_musl/gcc-12.3.0-final/./gcc/xgcc -B/home/notlean/openwrt-uboost/build_dir/toolchain-mipsel_24kc_gcc-12.3.0_musl/gcc-12.3.0-final/./gcc/ -B/home/notlean/openwrt-uboost/staging_dir/toolchain-mipsel_24kc_gcc-12.3.0_musl/mipsel-openwrt-linux-musl/bin/ -B/home/notlean/openwrt-uboost/staging_dir/toolchain-mipsel_24kc_gcc-12.3.0_musl/mipsel-openwrt-linux-musl/lib/ -isystem /home/notlean/openwrt-uboost/staging_dir/toolchain-mipsel_24kc_gcc-12.3.0_musl/mipsel-openwrt-linux-musl/include -isystem /home/notlean/openwrt-uboost/staging_dir/toolchain-mipsel_24kc_gcc-12.3.0_musl/mipsel-openwrt-linux-musl/sys-include    -c -Os -pipe -mno-branch-likely -mips32r2 -mtune=24kc -fno-caller-saves -fno-plt -fhonour-copts -msoft-float -Wformat -Werror=format-security -fstack-protector -D_FORTIFY_SOURCE=1 -Wl,-z,now -Wl,-z,relro -minterlink-mips16 -g -Os  conftest.c >&5
conftest.c: In function 'main':
conftest.c:31:1: error: decimal floating-point not supported for this target
   31 | _Decimal32 x;
      | ^~~~~~~~~~
conftest.c:33:3: error: 'FE_INVALID' undeclared (first use in this function)
   33 |   FE_INVALID|FE_DIVBYZERO|FE_OVERFLOW|FE_UNDERFLOW|FE_INEXACT;
      |   ^~~~~~~~~~
conftest.c:33:3: note: each undeclared identifier is reported only once for each function it appears in
conftest.c:33:14: error: 'FE_DIVBYZERO' undeclared (first use in this function)
   33 |   FE_INVALID|FE_DIVBYZERO|FE_OVERFLOW|FE_UNDERFLOW|FE_INEXACT;
      |              ^~~~~~~~~~~~
conftest.c:33:27: error: 'FE_OVERFLOW' undeclared (first use in this function)
   33 |   FE_INVALID|FE_DIVBYZERO|FE_OVERFLOW|FE_UNDERFLOW|FE_INEXACT;
      |                           ^~~~~~~~~~~
conftest.c:33:39: error: 'FE_UNDERFLOW' undeclared (first use in this function)
   33 |   FE_INVALID|FE_DIVBYZERO|FE_OVERFLOW|FE_UNDERFLOW|FE_INEXACT;
      |                                       ^~~~~~~~~~~~
conftest.c:33:52: error: 'FE_INEXACT' undeclared (first use in this function)
   33 |   FE_INVALID|FE_DIVBYZERO|FE_OVERFLOW|FE_UNDERFLOW|FE_INEXACT;
      |                                                    ^~~~~~~~~~
configure:4749: $? = 1
configure: failed program was:
| /* confdefs.h */
| #define PACKAGE_NAME "GNU C Runtime Library"
| #define PACKAGE_TARNAME "libgcc"
| #define PACKAGE_VERSION "1.0"
| #define PACKAGE_STRING "GNU C Runtime Library 1.0"
| #define PACKAGE_BUGREPORT ""
| #define PACKAGE_URL "http://www.gnu.org/software/libgcc/"
| #define SIZEOF_DOUBLE 8
| #define SIZEOF_LONG_DOUBLE 8
| #define HAVE_INTTYPES_H 1
| #define HAVE_STDINT_H 1
| #define HAVE_STDLIB_H 1
| #define HAVE_FTW_H 1
| #define HAVE_UNISTD_H 1
| #define HAVE_SYS_STAT_H 1
| #define HAVE_SYS_TYPES_H 1
| #define HAVE_STRING_H 1
| #define HAVE_STRINGS_H 1
| #define HAVE_MEMORY_H 1
| #define HAVE_SYS_AUXV_H 1
| #define HAVE_SYS_MMAN_H 1
| #define STDC_HEADERS 1
| /* end confdefs.h.  */
| 
| #include <fenv.h>
| 
| int
| main ()
| {
| 
| _Decimal32 x;
| int fe_except =
|   FE_INVALID|FE_DIVBYZERO|FE_OVERFLOW|FE_UNDERFLOW|FE_INEXACT;
| 
|   ;
|   return 0;
| }
configure:4756: result: no
configure:4814: checking whether fixed-point is supported
configure:4830: result: no
configure:4876: checking whether the compiler is configured for setjmp/longjmp exceptions
configure:4894: /home/notlean/openwrt-uboost/build_dir/toolchain-mipsel_24kc_gcc-12.3.0_musl/gcc-12.3.0-final/./gcc/xgcc -B/home/notlean/openwrt-uboost/build_dir/toolchain-mipsel_24kc_gcc-12.3.0_musl/gcc-12.3.0-final/./gcc/ -B/home/notlean/openwrt-uboost/staging_dir/toolchain-mipsel_24kc_gcc-12.3.0_musl/mipsel-openwrt-linux-musl/bin/ -B/home/notlean/openwrt-uboost/staging_dir/toolchain-mipsel_24kc_gcc-12.3.0_musl/mipsel-openwrt-linux-musl/lib/ -isystem /home/notlean/openwrt-uboost/staging_dir/toolchain-mipsel_24kc_gcc-12.3.0_musl/mipsel-openwrt-linux-musl/include -isystem /home/notlean/openwrt-uboost/staging_dir/toolchain-mipsel_24kc_gcc-12.3.0_musl/mipsel-openwrt-linux-musl/sys-include    -c -Os -pipe -mno-branch-likely -mips32r2 -mtune=24kc -fno-caller-saves -fno-plt -fhonour-copts -msoft-float -Wformat -Werror=format-security -fstack-protector -D_FORTIFY_SOURCE=1 -Wl,-z,now -Wl,-z,relro -minterlink-mips16 -g -Os  conftest.c >&5
configure:4894: $? = 0
configure:4901: result: no
configure:4917: checking for CET support
configure:4985: result: no
configure:5028: checking if the linker (/home/notlean/openwrt-uboost/build_dir/toolchain-mipsel_24kc_gcc-12.3.0_musl/gcc-12.3.0-final/./gcc/collect-ld) is GNU ld
GNU ld (GNU Binutils) 2.40.0
configure:5040: result: yes
configure:5045: checking for thread model used by GCC
configure:5048: result: posix
configure:5052: checking whether assembler supports CFI directives
configure:5065: /home/notlean/openwrt-uboost/build_dir/toolchain-mipsel_24kc_gcc-12.3.0_musl/gcc-12.3.0-final/./gcc/xgcc -B/home/notlean/openwrt-uboost/build_dir/toolchain-mipsel_24kc_gcc-12.3.0_musl/gcc-12.3.0-final/./gcc/ -B/home/notlean/openwrt-uboost/staging_dir/toolchain-mipsel_24kc_gcc-12.3.0_musl/mipsel-openwrt-linux-musl/bin/ -B/home/notlean/openwrt-uboost/staging_dir/toolchain-mipsel_24kc_gcc-12.3.0_musl/mipsel-openwrt-linux-musl/lib/ -isystem /home/notlean/openwrt-uboost/staging_dir/toolchain-mipsel_24kc_gcc-12.3.0_musl/mipsel-openwrt-linux-musl/include -isystem /home/notlean/openwrt-uboost/staging_dir/toolchain-mipsel_24kc_gcc-12.3.0_musl/mipsel-openwrt-linux-musl/sys-include    -c -Os -pipe -mno-branch-likely -mips32r2 -mtune=24kc -fno-caller-saves -fno-plt -fhonour-copts -msoft-float -Wformat -Werror=format-security -fstack-protector -D_FORTIFY_SOURCE=1 -Wl,-z,now -Wl,-z,relro -minterlink-mips16 -g -Os  conftest.c >&5
configure:5065: $? = 0
configure:5072: result: yes
configure:5090: checking whether the target is hard-float
configure:5102: /home/notlean/openwrt-uboost/build_dir/toolchain-mipsel_24kc_gcc-12.3.0_musl/gcc-12.3.0-final/./gcc/xgcc -B/home/notlean/openwrt-uboost/build_dir/toolchain-mipsel_24kc_gcc-12.3.0_musl/gcc-12.3.0-final/./gcc/ -B/home/notlean/openwrt-uboost/staging_dir/toolchain-mipsel_24kc_gcc-12.3.0_musl/mipsel-openwrt-linux-musl/bin/ -B/home/notlean/openwrt-uboost/staging_dir/toolchain-mipsel_24kc_gcc-12.3.0_musl/mipsel-openwrt-linux-musl/lib/ -isystem /home/notlean/openwrt-uboost/staging_dir/toolchain-mipsel_24kc_gcc-12.3.0_musl/mipsel-openwrt-linux-musl/include -isystem /home/notlean/openwrt-uboost/staging_dir/toolchain-mipsel_24kc_gcc-12.3.0_musl/mipsel-openwrt-linux-musl/sys-include    -c -Os -pipe -mno-branch-likely -mips32r2 -mtune=24kc -fno-caller-saves -fno-plt -fhonour-copts -msoft-float -Wformat -Werror=format-security -fstack-protector -D_FORTIFY_SOURCE=1 -Wl,-z,now -Wl,-z,relro -minterlink-mips16 -g -Os  conftest.c >&5
conftest.c:26:7: error: #error FOO
   26 |      #error FOO
      |       ^~~~~
configure:5102: $? = 1
configure: failed program was:
| /* confdefs.h */
| #define PACKAGE_NAME "GNU C Runtime Library"
| #define PACKAGE_TARNAME "libgcc"
| #define PACKAGE_VERSION "1.0"
| #define PACKAGE_STRING "GNU C Runtime Library 1.0"
| #define PACKAGE_BUGREPORT ""
| #define PACKAGE_URL "http://www.gnu.org/software/libgcc/"
| #define SIZEOF_DOUBLE 8
| #define SIZEOF_LONG_DOUBLE 8
| #define HAVE_INTTYPES_H 1
| #define HAVE_STDINT_H 1
| #define HAVE_STDLIB_H 1
| #define HAVE_FTW_H 1
| #define HAVE_UNISTD_H 1
| #define HAVE_SYS_STAT_H 1
| #define HAVE_SYS_TYPES_H 1
| #define HAVE_STRING_H 1
| #define HAVE_STRINGS_H 1
| #define HAVE_MEMORY_H 1
| #define HAVE_SYS_AUXV_H 1
| #define HAVE_SYS_MMAN_H 1
| #define STDC_HEADERS 1
| #define HAVE_GETIPINFO 1
| /* end confdefs.h.  */
| #ifndef __mips_hard_float
|      #error FOO
|      #endif
| 
configure:5109: result: no
configure:5146: checking for target glibc version
configure:5160: /home/notlean/openwrt-uboost/build_dir/toolchain-mipsel_24kc_gcc-12.3.0_musl/gcc-12.3.0-final/./gcc/xgcc -B/home/notlean/openwrt-uboost/build_dir/toolchain-mipsel_24kc_gcc-12.3.0_musl/gcc-12.3.0-final/./gcc/ -B/home/notlean/openwrt-uboost/staging_dir/toolchain-mipsel_24kc_gcc-12.3.0_musl/mipsel-openwrt-linux-musl/bin/ -B/home/notlean/openwrt-uboost/staging_dir/toolchain-mipsel_24kc_gcc-12.3.0_musl/mipsel-openwrt-linux-musl/lib/ -isystem /home/notlean/openwrt-uboost/staging_dir/toolchain-mipsel_24kc_gcc-12.3.0_musl/mipsel-openwrt-linux-musl/include -isystem /home/notlean/openwrt-uboost/staging_dir/toolchain-mipsel_24kc_gcc-12.3.0_musl/mipsel-openwrt-linux-musl/sys-include    -c -Os -pipe -mno-branch-likely -mips32r2 -mtune=24kc -fno-caller-saves -fno-plt -fhonour-copts -msoft-float -Wformat -Werror=format-security -fstack-protector -D_FORTIFY_SOURCE=1 -Wl,-z,now -Wl,-z,relro -minterlink-mips16 -g -Os  conftest.c >&5
conftest.c: In function 'main':
conftest.c:29:35: error: '__GLIBC__' undeclared (first use in this function); did you mean '__LINE__'?
   29 | static int test_array [1 - 2 * !((__GLIBC__) >= 0)];
      |                                   ^~~~~~~~~
      |                                   __LINE__
conftest.c:29:35: note: each undeclared identifier is reported only once for each function it appears in
configure:5160: $? = 1
configure: failed program was:
| /* confdefs.h */
| #define PACKAGE_NAME "GNU C Runtime Library"
| #define PACKAGE_TARNAME "libgcc"
| #define PACKAGE_VERSION "1.0"
| #define PACKAGE_STRING "GNU C Runtime Library 1.0"
| #define PACKAGE_BUGREPORT ""
| #define PACKAGE_URL "http://www.gnu.org/software/libgcc/"
| #define SIZEOF_DOUBLE 8
| #define SIZEOF_LONG_DOUBLE 8
| #define HAVE_INTTYPES_H 1
| #define HAVE_STDINT_H 1
| #define HAVE_STDLIB_H 1
| #define HAVE_FTW_H 1
| #define HAVE_UNISTD_H 1
| #define HAVE_SYS_STAT_H 1
| #define HAVE_SYS_TYPES_H 1
| #define HAVE_STRING_H 1
| #define HAVE_STRINGS_H 1
| #define HAVE_MEMORY_H 1
| #define HAVE_SYS_AUXV_H 1
| #define HAVE_SYS_MMAN_H 1
| #define STDC_HEADERS 1
| #define HAVE_GETIPINFO 1
| /* end confdefs.h.  */
| #include <features.h>
| int
| main ()
| {
| static int test_array [1 - 2 * !((__GLIBC__) >= 0)];
| test_array [0] = 0;
| return test_array [0];
| 
|   ;
|   return 0;
| }
configure:5160: /home/notlean/openwrt-uboost/build_dir/toolchain-mipsel_24kc_gcc-12.3.0_musl/gcc-12.3.0-final/./gcc/xgcc -B/home/notlean/openwrt-uboost/build_dir/toolchain-mipsel_24kc_gcc-12.3.0_musl/gcc-12.3.0-final/./gcc/ -B/home/notlean/openwrt-uboost/staging_dir/toolchain-mipsel_24kc_gcc-12.3.0_musl/mipsel-openwrt-linux-musl/bin/ -B/home/notlean/openwrt-uboost/staging_dir/toolchain-mipsel_24kc_gcc-12.3.0_musl/mipsel-openwrt-linux-musl/lib/ -isystem /home/notlean/openwrt-uboost/staging_dir/toolchain-mipsel_24kc_gcc-12.3.0_musl/mipsel-openwrt-linux-musl/include -isystem /home/notlean/openwrt-uboost/staging_dir/toolchain-mipsel_24kc_gcc-12.3.0_musl/mipsel-openwrt-linux-musl/sys-include    -c -Os -pipe -mno-branch-likely -mips32r2 -mtune=24kc -fno-caller-saves -fno-plt -fhonour-copts -msoft-float -Wformat -Werror=format-security -fstack-protector -D_FORTIFY_SOURCE=1 -Wl,-z,now -Wl,-z,relro -minterlink-mips16 -g -Os  conftest.c >&5
conftest.c: In function 'main':
conftest.c:29:35: error: '__GLIBC__' undeclared (first use in this function); did you mean '__LINE__'?
   29 | static int test_array [1 - 2 * !((__GLIBC__) < 0)];
      |                                   ^~~~~~~~~
      |                                   __LINE__
conftest.c:29:35: note: each undeclared identifier is reported only once for each function it appears in
configure:5160: $? = 1
configure: failed program was:
| /* confdefs.h */
| #define PACKAGE_NAME "GNU C Runtime Library"
| #define PACKAGE_TARNAME "libgcc"
| #define PACKAGE_VERSION "1.0"
| #define PACKAGE_STRING "GNU C Runtime Library 1.0"
| #define PACKAGE_BUGREPORT ""
| #define PACKAGE_URL "http://www.gnu.org/software/libgcc/"
| #define SIZEOF_DOUBLE 8
| #define SIZEOF_LONG_DOUBLE 8
| #define HAVE_INTTYPES_H 1
| #define HAVE_STDINT_H 1
| #define HAVE_STDLIB_H 1
| #define HAVE_FTW_H 1
| #define HAVE_UNISTD_H 1
| #define HAVE_SYS_STAT_H 1
| #define HAVE_SYS_TYPES_H 1
| #define HAVE_STRING_H 1
| #define HAVE_STRINGS_H 1
| #define HAVE_MEMORY_H 1
| #define HAVE_SYS_AUXV_H 1
| #define HAVE_SYS_MMAN_H 1
| #define STDC_HEADERS 1
| #define HAVE_GETIPINFO 1
| /* end confdefs.h.  */
| #include <features.h>
| int
| main ()
| {
| static int test_array [1 - 2 * !((__GLIBC__) < 0)];
| test_array [0] = 0;
| return test_array [0];
| 
|   ;
|   return 0;
| }
configure:5166: /home/notlean/openwrt-uboost/build_dir/toolchain-mipsel_24kc_gcc-12.3.0_musl/gcc-12.3.0-final/./gcc/xgcc -B/home/notlean/openwrt-uboost/build_dir/toolchain-mipsel_24kc_gcc-12.3.0_musl/gcc-12.3.0-final/./gcc/ -B/home/notlean/openwrt-uboost/staging_dir/toolchain-mipsel_24kc_gcc-12.3.0_musl/mipsel-openwrt-linux-musl/bin/ -B/home/notlean/openwrt-uboost/staging_dir/toolchain-mipsel_24kc_gcc-12.3.0_musl/mipsel-openwrt-linux-musl/lib/ -isystem /home/notlean/openwrt-uboost/staging_dir/toolchain-mipsel_24kc_gcc-12.3.0_musl/mipsel-openwrt-linux-musl/include -isystem /home/notlean/openwrt-uboost/staging_dir/toolchain-mipsel_24kc_gcc-12.3.0_musl/mipsel-openwrt-linux-musl/sys-include    -c -Os -pipe -mno-branch-likely -mips32r2 -mtune=24kc -fno-caller-saves -fno-plt -fhonour-copts -msoft-float -Wformat -Werror=format-security -fstack-protector -D_FORTIFY_SOURCE=1 -Wl,-z,now -Wl,-z,relro -minterlink-mips16 -g -Os  conftest.c >&5
conftest.c: In function 'main':
conftest.c:29:35: error: '__GLIBC_MINOR__' undeclared (first use in this function)
   29 | static int test_array [1 - 2 * !((__GLIBC_MINOR__) >= 0)];
      |                                   ^~~~~~~~~~~~~~~
conftest.c:29:35: note: each undeclared identifier is reported only once for each function it appears in
configure:5166: $? = 1
configure: failed program was:
| /* confdefs.h */
| #define PACKAGE_NAME "GNU C Runtime Library"
| #define PACKAGE_TARNAME "libgcc"
| #define PACKAGE_VERSION "1.0"
| #define PACKAGE_STRING "GNU C Runtime Library 1.0"
| #define PACKAGE_BUGREPORT ""
| #define PACKAGE_URL "http://www.gnu.org/software/libgcc/"
| #define SIZEOF_DOUBLE 8
| #define SIZEOF_LONG_DOUBLE 8
| #define HAVE_INTTYPES_H 1
| #define HAVE_STDINT_H 1
| #define HAVE_STDLIB_H 1
| #define HAVE_FTW_H 1
| #define HAVE_UNISTD_H 1
| #define HAVE_SYS_STAT_H 1
| #define HAVE_SYS_TYPES_H 1
| #define HAVE_STRING_H 1
| #define HAVE_STRINGS_H 1
| #define HAVE_MEMORY_H 1
| #define HAVE_SYS_AUXV_H 1
| #define HAVE_SYS_MMAN_H 1
| #define STDC_HEADERS 1
| #define HAVE_GETIPINFO 1
| /* end confdefs.h.  */
| #include <features.h>
| int
| main ()
| {
| static int test_array [1 - 2 * !((__GLIBC_MINOR__) >= 0)];
| test_array [0] = 0;
| return test_array [0];
| 
|   ;
|   return 0;
| }
configure:5166: /home/notlean/openwrt-uboost/build_dir/toolchain-mipsel_24kc_gcc-12.3.0_musl/gcc-12.3.0-final/./gcc/xgcc -B/home/notlean/openwrt-uboost/build_dir/toolchain-mipsel_24kc_gcc-12.3.0_musl/gcc-12.3.0-final/./gcc/ -B/home/notlean/openwrt-uboost/staging_dir/toolchain-mipsel_24kc_gcc-12.3.0_musl/mipsel-openwrt-linux-musl/bin/ -B/home/notlean/openwrt-uboost/staging_dir/toolchain-mipsel_24kc_gcc-12.3.0_musl/mipsel-openwrt-linux-musl/lib/ -isystem /home/notlean/openwrt-uboost/staging_dir/toolchain-mipsel_24kc_gcc-12.3.0_musl/mipsel-openwrt-linux-musl/include -isystem /home/notlean/openwrt-uboost/staging_dir/toolchain-mipsel_24kc_gcc-12.3.0_musl/mipsel-openwrt-linux-musl/sys-include    -c -Os -pipe -mno-branch-likely -mips32r2 -mtune=24kc -fno-caller-saves -fno-plt -fhonour-copts -msoft-float -Wformat -Werror=format-security -fstack-protector -D_FORTIFY_SOURCE=1 -Wl,-z,now -Wl,-z,relro -minterlink-mips16 -g -Os  conftest.c >&5
conftest.c: In function 'main':
conftest.c:29:35: error: '__GLIBC_MINOR__' undeclared (first use in this function)
   29 | static int test_array [1 - 2 * !((__GLIBC_MINOR__) < 0)];
      |                                   ^~~~~~~~~~~~~~~
conftest.c:29:35: note: each undeclared identifier is reported only once for each function it appears in
configure:5166: $? = 1
configure: failed program was:
| /* confdefs.h */
| #define PACKAGE_NAME "GNU C Runtime Library"
| #define PACKAGE_TARNAME "libgcc"
| #define PACKAGE_VERSION "1.0"
| #define PACKAGE_STRING "GNU C Runtime Library 1.0"
| #define PACKAGE_BUGREPORT ""
| #define PACKAGE_URL "http://www.gnu.org/software/libgcc/"
| #define SIZEOF_DOUBLE 8
| #define SIZEOF_LONG_DOUBLE 8
| #define HAVE_INTTYPES_H 1
| #define HAVE_STDINT_H 1
| #define HAVE_STDLIB_H 1
| #define HAVE_FTW_H 1
| #define HAVE_UNISTD_H 1
| #define HAVE_SYS_STAT_H 1
| #define HAVE_SYS_TYPES_H 1
| #define HAVE_STRING_H 1
| #define HAVE_STRINGS_H 1
| #define HAVE_MEMORY_H 1
| #define HAVE_SYS_AUXV_H 1
| #define HAVE_SYS_MMAN_H 1
| #define STDC_HEADERS 1
| #define HAVE_GETIPINFO 1
| /* end confdefs.h.  */
| #include <features.h>
| int
| main ()
| {
| static int test_array [1 - 2 * !((__GLIBC_MINOR__) < 0)];
| test_array [0] = 0;
| return test_array [0];
| 
|   ;
|   return 0;
| }
configure:5174: result: 0.0
configure:5396: checking for __attribute__((visibility("hidden")))
configure:5405: /home/notlean/openwrt-uboost/build_dir/toolchain-mipsel_24kc_gcc-12.3.0_musl/gcc-12.3.0-final/./gcc/xgcc -B/home/notlean/openwrt-uboost/build_dir/toolchain-mipsel_24kc_gcc-12.3.0_musl/gcc-12.3.0-final/./gcc/ -B/home/notlean/openwrt-uboost/staging_dir/toolchain-mipsel_24kc_gcc-12.3.0_musl/mipsel-openwrt-linux-musl/bin/ -B/home/notlean/openwrt-uboost/staging_dir/toolchain-mipsel_24kc_gcc-12.3.0_musl/mipsel-openwrt-linux-musl/lib/ -isystem /home/notlean/openwrt-uboost/staging_dir/toolchain-mipsel_24kc_gcc-12.3.0_musl/mipsel-openwrt-linux-musl/include -isystem /home/notlean/openwrt-uboost/staging_dir/toolchain-mipsel_24kc_gcc-12.3.0_musl/mipsel-openwrt-linux-musl/sys-include    -Werror -S conftest.c -o conftest.s 1>&5
cc1: note: someone does not honour COPTS correctly, passed 0 times
configure:5408: $? = 0
configure:5417: result: yes
configure:5433: checking for .cfi_sections .debug_frame
configure:5443: /home/notlean/openwrt-uboost/build_dir/toolchain-mipsel_24kc_gcc-12.3.0_musl/gcc-12.3.0-final/./gcc/xgcc -B/home/notlean/openwrt-uboost/build_dir/toolchain-mipsel_24kc_gcc-12.3.0_musl/gcc-12.3.0-final/./gcc/ -B/home/notlean/openwrt-uboost/staging_dir/toolchain-mipsel_24kc_gcc-12.3.0_musl/mipsel-openwrt-linux-musl/bin/ -B/home/notlean/openwrt-uboost/staging_dir/toolchain-mipsel_24kc_gcc-12.3.0_musl/mipsel-openwrt-linux-musl/lib/ -isystem /home/notlean/openwrt-uboost/staging_dir/toolchain-mipsel_24kc_gcc-12.3.0_musl/mipsel-openwrt-linux-musl/include -isystem /home/notlean/openwrt-uboost/staging_dir/toolchain-mipsel_24kc_gcc-12.3.0_musl/mipsel-openwrt-linux-musl/sys-include    -Werror -g -fno-asynchronous-unwind-tables -fno-unwind-tables -fno-exceptions -S conftest.c -o conftest.s 1>&5
cc1: note: someone does not honour COPTS correctly, passed 0 times
configure:5446: $? = 0
configure:5455: result: yes
configure:5481: checking whether the target assembler supports thread-local storage
configure:5491: /home/notlean/openwrt-uboost/build_dir/toolchain-mipsel_24kc_gcc-12.3.0_musl/gcc-12.3.0-final/./gcc/xgcc -B/home/notlean/openwrt-uboost/build_dir/toolchain-mipsel_24kc_gcc-12.3.0_musl/gcc-12.3.0-final/./gcc/ -B/home/notlean/openwrt-uboost/staging_dir/toolchain-mipsel_24kc_gcc-12.3.0_musl/mipsel-openwrt-linux-musl/bin/ -B/home/notlean/openwrt-uboost/staging_dir/toolchain-mipsel_24kc_gcc-12.3.0_musl/mipsel-openwrt-linux-musl/lib/ -isystem /home/notlean/openwrt-uboost/staging_dir/toolchain-mipsel_24kc_gcc-12.3.0_musl/mipsel-openwrt-linux-musl/include -isystem /home/notlean/openwrt-uboost/staging_dir/toolchain-mipsel_24kc_gcc-12.3.0_musl/mipsel-openwrt-linux-musl/sys-include    -c -Os -pipe -mno-branch-likely -mips32r2 -mtune=24kc -fno-caller-saves -fno-plt -fhonour-copts -msoft-float -Wformat -Werror=format-security -fstack-protector -D_FORTIFY_SOURCE=1 -Wl,-z,now -Wl,-z,relro -minterlink-mips16 -g -Os  conftest.c >&5
configure:5491: $? = 0
configure:5499: result: yes
configure:5509: checking whether the thread-local storage support is from emutls
configure:5518: /home/notlean/openwrt-uboost/build_dir/toolchain-mipsel_24kc_gcc-12.3.0_musl/gcc-12.3.0-final/./gcc/xgcc -B/home/notlean/openwrt-uboost/build_dir/toolchain-mipsel_24kc_gcc-12.3.0_musl/gcc-12.3.0-final/./gcc/ -B/home/notlean/openwrt-uboost/staging_dir/toolchain-mipsel_24kc_gcc-12.3.0_musl/mipsel-openwrt-linux-musl/bin/ -B/home/notlean/openwrt-uboost/staging_dir/toolchain-mipsel_24kc_gcc-12.3.0_musl/mipsel-openwrt-linux-musl/lib/ -isystem /home/notlean/openwrt-uboost/staging_dir/toolchain-mipsel_24kc_gcc-12.3.0_musl/mipsel-openwrt-linux-musl/include -isystem /home/notlean/openwrt-uboost/staging_dir/toolchain-mipsel_24kc_gcc-12.3.0_musl/mipsel-openwrt-linux-musl/sys-include    -Werror -S -o conftest.s conftest.c 1>&5
cc1: note: someone does not honour COPTS correctly, passed 0 times
configure:5521: $? = 0
configure:5530: result: no
configure:5622: checking for init priority support
configure:5639: /home/notlean/openwrt-uboost/build_dir/toolchain-mipsel_24kc_gcc-12.3.0_musl/gcc-12.3.0-final/./gcc/xgcc -B/home/notlean/openwrt-uboost/build_dir/toolchain-mipsel_24kc_gcc-12.3.0_musl/gcc-12.3.0-final/./gcc/ -B/home/notlean/openwrt-uboost/staging_dir/toolchain-mipsel_24kc_gcc-12.3.0_musl/mipsel-openwrt-linux-musl/bin/ -B/home/notlean/openwrt-uboost/staging_dir/toolchain-mipsel_24kc_gcc-12.3.0_musl/mipsel-openwrt-linux-musl/lib/ -isystem /home/notlean/openwrt-uboost/staging_dir/toolchain-mipsel_24kc_gcc-12.3.0_musl/mipsel-openwrt-linux-musl/include -isystem /home/notlean/openwrt-uboost/staging_dir/toolchain-mipsel_24kc_gcc-12.3.0_musl/mipsel-openwrt-linux-musl/sys-include    -c -Os -pipe -mno-branch-likely -mips32r2 -mtune=24kc -fno-caller-saves -fno-plt -fhonour-copts -msoft-float -Wformat -Werror=format-security -fstack-protector -D_FORTIFY_SOURCE=1 -Wl,-z,now -Wl,-z,relro -minterlink-mips16 -g -Os  conftest.c >&5
conftest.c: In function 'main':
conftest.c:31:1: warning: constructor priorities from 0 to 100 are reserved for the implementation [-Wprio-ctor-dtor]
   31 | void ip (void) __attribute__ ((constructor (1)));
      | ^~~~
configure:5639: $? = 0
configure:5646: result: yes
configure:5792: updating cache ./config.cache
configure:5841: creating ./config.status

## ---------------------- ##
## Running config.status. ##
## ---------------------- ##

This file was extended by GNU C Runtime Library config.status 1.0, which was
generated by GNU Autoconf 2.69.  Invocation command line was

  CONFIG_FILES    = 
  CONFIG_HEADERS  = 
  CONFIG_LINKS    = 
  CONFIG_COMMANDS = 
  $ ./config.status 

on Notlean

config.status:900: creating Makefile
config.status:900: creating auto-target.h
config.status:1074: executing default commands

## ---------------- ##
## Cache variables. ##
## ---------------- ##

ac_cv_build=x86_64-pc-linux-gnu
ac_cv_c_compiler_gnu=yes
ac_cv_env_CC_set=set
ac_cv_env_CC_value='/home/notlean/openwrt-uboost/build_dir/toolchain-mipsel_24kc_gcc-12.3.0_musl/gcc-12.3.0-final/./gcc/xgcc -B/home/notlean/openwrt-uboost/build_dir/toolchain-mipsel_24kc_gcc-12.3.0_musl/gcc-12.3.0-final/./gcc/ -B/home/notlean/openwrt-uboost/staging_dir/toolchain-mipsel_24kc_gcc-12.3.0_musl/mipsel-openwrt-linux-musl/bin/ -B/home/notlean/openwrt-uboost/staging_dir/toolchain-mipsel_24kc_gcc-12.3.0_musl/mipsel-openwrt-linux-musl/lib/ -isystem /home/notlean/openwrt-uboost/staging_dir/toolchain-mipsel_24kc_gcc-12.3.0_musl/mipsel-openwrt-linux-musl/include -isystem /home/notlean/openwrt-uboost/staging_dir/toolchain-mipsel_24kc_gcc-12.3.0_musl/mipsel-openwrt-linux-musl/sys-include   '
ac_cv_env_CFLAGS_set=set
ac_cv_env_CFLAGS_value='-Os -pipe -mno-branch-likely -mips32r2 -mtune=24kc -fno-caller-saves -fno-plt -fhonour-copts -msoft-float -Wformat -Werror=format-security -fstack-protector -D_FORTIFY_SOURCE=1 -Wl,-z,now -Wl,-z,relro -minterlink-mips16 -g -Os'
ac_cv_env_CPPFLAGS_set=set
ac_cv_env_CPPFLAGS_value=
ac_cv_env_CPP_set=
ac_cv_env_CPP_value=
ac_cv_env_LDFLAGS_set=set
ac_cv_env_LDFLAGS_value=
ac_cv_env_LIBS_set=
ac_cv_env_LIBS_value=
ac_cv_env_build_alias_set=set
ac_cv_env_build_alias_value=x86_64-pc-linux-gnu
ac_cv_env_host_alias_set=set
ac_cv_env_host_alias_value=mipsel-openwrt-linux-musl
ac_cv_env_target_alias_set=set
ac_cv_env_target_alias_value=mipsel-openwrt-linux-musl
ac_cv_header_ftw_h=yes
ac_cv_header_inttypes_h=yes
ac_cv_header_memory_h=yes
ac_cv_header_stdc=yes
ac_cv_header_stdint_h=yes
ac_cv_header_stdlib_h=yes
ac_cv_header_string_h=yes
ac_cv_header_strings_h=yes
ac_cv_header_sys_auxv_h=yes
ac_cv_header_sys_mman_h=yes
ac_cv_header_sys_stat_h=yes
ac_cv_header_sys_types_h=yes
ac_cv_header_unistd_h=yes
ac_cv_host=mipsel-openwrt-linux-musl
ac_cv_objext=o
ac_cv_path_EGREP='/home/notlean/openwrt-uboost/staging_dir/host/bin/grep -E'
ac_cv_path_GREP=/home/notlean/openwrt-uboost/staging_dir/host/bin/grep
ac_cv_prog_AR=/home/notlean/openwrt-uboost/staging_dir/toolchain-mipsel_24kc_gcc-12.3.0_musl/mipsel-openwrt-linux-musl/bin/ar
ac_cv_prog_AWK=gawk
ac_cv_prog_CC='/home/notlean/openwrt-uboost/build_dir/toolchain-mipsel_24kc_gcc-12.3.0_musl/gcc-12.3.0-final/./gcc/xgcc -B/home/notlean/openwrt-uboost/build_dir/toolchain-mipsel_24kc_gcc-12.3.0_musl/gcc-12.3.0-final/./gcc/ -B/home/notlean/openwrt-uboost/staging_dir/toolchain-mipsel_24kc_gcc-12.3.0_musl/mipsel-openwrt-linux-musl/bin/ -B/home/notlean/openwrt-uboost/staging_dir/toolchain-mipsel_24kc_gcc-12.3.0_musl/mipsel-openwrt-linux-musl/lib/ -isystem /home/notlean/openwrt-uboost/staging_dir/toolchain-mipsel_24kc_gcc-12.3.0_musl/mipsel-openwrt-linux-musl/include -isystem /home/notlean/openwrt-uboost/staging_dir/toolchain-mipsel_24kc_gcc-12.3.0_musl/mipsel-openwrt-linux-musl/sys-include   '
ac_cv_prog_CPP='/home/notlean/openwrt-uboost/build_dir/toolchain-mipsel_24kc_gcc-12.3.0_musl/gcc-12.3.0-final/./gcc/xgcc -B/home/notlean/openwrt-uboost/build_dir/toolchain-mipsel_24kc_gcc-12.3.0_musl/gcc-12.3.0-final/./gcc/ -B/home/notlean/openwrt-uboost/staging_dir/toolchain-mipsel_24kc_gcc-12.3.0_musl/mipsel-openwrt-linux-musl/bin/ -B/home/notlean/openwrt-uboost/staging_dir/toolchain-mipsel_24kc_gcc-12.3.0_musl/mipsel-openwrt-linux-musl/lib/ -isystem /home/notlean/openwrt-uboost/staging_dir/toolchain-mipsel_24kc_gcc-12.3.0_musl/mipsel-openwrt-linux-musl/include -isystem /home/notlean/openwrt-uboost/staging_dir/toolchain-mipsel_24kc_gcc-12.3.0_musl/mipsel-openwrt-linux-musl/sys-include    -E'
ac_cv_prog_LIPO=mipsel-openwrt-linux-musl-lipo
ac_cv_prog_NM=/home/notlean/openwrt-uboost/build_dir/toolchain-mipsel_24kc_gcc-12.3.0_musl/gcc-12.3.0-final/./gcc/nm
ac_cv_prog_RANLIB=/home/notlean/openwrt-uboost/staging_dir/toolchain-mipsel_24kc_gcc-12.3.0_musl/mipsel-openwrt-linux-musl/bin/ranlib
ac_cv_prog_STRIP=/home/notlean/openwrt-uboost/staging_dir/toolchain-mipsel_24kc_gcc-12.3.0_musl/mipsel-openwrt-linux-musl/bin/strip
ac_cv_prog_cc_c89=
ac_cv_prog_cc_g=yes
ac_cv_search_ZSTD_compress='/home/notlean/openwrt-uboost/staging_dir/host/lib/libzstd.a -pthread'
ac_cv_sizeof_double=8
ac_cv_sizeof_long_double=8
ac_cv_sjlj_exceptions=no
ac_cv_sys_file_offset_bits=no
ac_cv_sys_largefile_CC=no
acl_cv_prog_gnu_ld=yes
gcc_cv_have_cc_tls=yes
gcc_cv_libc_provides_ssp=yes
gcc_cv_use_emutls=no
libgcc_cv_cfi=yes
libgcc_cv_cfi_sections_directive=yes
libgcc_cv_dfp=no
libgcc_cv_fixed_point=no
libgcc_cv_hidden_visibility_attribute=yes
libgcc_cv_init_priority=yes
libgcc_cv_mips_hard_float=no

## ----------------- ##
## Output variables. ##
## ----------------- ##

AR='/home/notlean/openwrt-uboost/staging_dir/toolchain-mipsel_24kc_gcc-12.3.0_musl/mipsel-openwrt-linux-musl/bin/ar'
AWK='gawk'
CC='/home/notlean/openwrt-uboost/build_dir/toolchain-mipsel_24kc_gcc-12.3.0_musl/gcc-12.3.0-final/./gcc/xgcc -B/home/notlean/openwrt-uboost/build_dir/toolchain-mipsel_24kc_gcc-12.3.0_musl/gcc-12.3.0-final/./gcc/ -B/home/notlean/openwrt-uboost/staging_dir/toolchain-mipsel_24kc_gcc-12.3.0_musl/mipsel-openwrt-linux-musl/bin/ -B/home/notlean/openwrt-uboost/staging_dir/toolchain-mipsel_24kc_gcc-12.3.0_musl/mipsel-openwrt-linux-musl/lib/ -isystem /home/notlean/openwrt-uboost/staging_dir/toolchain-mipsel_24kc_gcc-12.3.0_musl/mipsel-openwrt-linux-musl/include -isystem /home/notlean/openwrt-uboost/staging_dir/toolchain-mipsel_24kc_gcc-12.3.0_musl/mipsel-openwrt-linux-musl/sys-include   '
CET_FLAGS=''
CFLAGS='-Os -pipe -mno-branch-likely -mips32r2 -mtune=24kc -fno-caller-saves -fno-plt -fhonour-copts -msoft-float -Wformat -Werror=format-security -fstack-protector -D_FORTIFY_SOURCE=1 -Wl,-z,now -Wl,-z,relro -minterlink-mips16 -g -Os'
CPP='/home/notlean/openwrt-uboost/build_dir/toolchain-mipsel_24kc_gcc-12.3.0_musl/gcc-12.3.0-final/./gcc/xgcc -B/home/notlean/openwrt-uboost/build_dir/toolchain-mipsel_24kc_gcc-12.3.0_musl/gcc-12.3.0-final/./gcc/ -B/home/notlean/openwrt-uboost/staging_dir/toolchain-mipsel_24kc_gcc-12.3.0_musl/mipsel-openwrt-linux-musl/bin/ -B/home/notlean/openwrt-uboost/staging_dir/toolchain-mipsel_24kc_gcc-12.3.0_musl/mipsel-openwrt-linux-musl/lib/ -isystem /home/notlean/openwrt-uboost/staging_dir/toolchain-mipsel_24kc_gcc-12.3.0_musl/mipsel-openwrt-linux-musl/include -isystem /home/notlean/openwrt-uboost/staging_dir/toolchain-mipsel_24kc_gcc-12.3.0_musl/mipsel-openwrt-linux-musl/sys-include    -E'
CPPFLAGS=''
DEFS='-DHAVE_CONFIG_H'
ECHO_C=''
ECHO_N='-n'
ECHO_T=''
EGREP='/home/notlean/openwrt-uboost/staging_dir/host/bin/grep -E'
EXEEXT=''
GREP='/home/notlean/openwrt-uboost/staging_dir/host/bin/grep'
INSTALL_DATA='/home/notlean/openwrt-uboost/staging_dir/host/bin/install -c -m 644'
INSTALL_PROGRAM='/home/notlean/openwrt-uboost/staging_dir/host/bin/install -c'
INSTALL_SCRIPT='/home/notlean/openwrt-uboost/staging_dir/host/bin/install -c'
LDFLAGS=''
LIBOBJS=''
LIBS=''
LIPO='mipsel-openwrt-linux-musl-lipo'
LN_S='ln -s'
LTLIBOBJS=''
MAINT='#'
NM='/home/notlean/openwrt-uboost/build_dir/toolchain-mipsel_24kc_gcc-12.3.0_musl/gcc-12.3.0-final/./gcc/nm'
OBJEXT='o'
PACKAGE_BUGREPORT=''
PACKAGE_NAME='GNU C Runtime Library'
PACKAGE_STRING='GNU C Runtime Library 1.0'
PACKAGE_TARNAME='libgcc'
PACKAGE_URL='http://www.gnu.org/software/libgcc/'
PACKAGE_VERSION='1.0'
PATH_SEPARATOR=':'
PICFLAG='-fPIC'
RANLIB='/home/notlean/openwrt-uboost/staging_dir/toolchain-mipsel_24kc_gcc-12.3.0_musl/mipsel-openwrt-linux-musl/bin/ranlib'
SHELL='/bin/bash'
STRIP='/home/notlean/openwrt-uboost/staging_dir/toolchain-mipsel_24kc_gcc-12.3.0_musl/mipsel-openwrt-linux-musl/bin/strip'
ac_ct_CC=''
accel_dir_suffix=''
asm_hidden_op='.hidden'
bindir='${exec_prefix}/bin'
build='x86_64-pc-linux-gnu'
build_alias='x86_64-pc-linux-gnu'
build_cpu='x86_64'
build_libsubdir='build-x86_64-pc-linux-gnu'
build_os='linux-gnu'
build_subdir='build-x86_64-pc-linux-gnu'
build_vendor='pc'
cpu_type='mips'
datadir='${datarootdir}'
datarootdir='${prefix}/share'
decimal_float='no'
docdir='${datarootdir}/doc/${PACKAGE_TARNAME}'
double_type_size='64'
dvidir='${docdir}'
enable_decimal_float='no'
enable_execute_stack='enable-execute-stack-empty.c'
enable_gcov='yes'
enable_shared='yes'
enable_vtable_verify='no'
exec_prefix='${prefix}'
extra_parts='crtbegin.o crtbeginS.o crtbeginT.o crtend.o crtendS.o crtfastmath.o'
fixed_point='no'
force_explicit_eh_registry=''
get_gcc_base_ver='cat'
host='mipsel-openwrt-linux-musl'
host_alias='mipsel-openwrt-linux-musl'
host_cpu='mipsel'
host_noncanonical='mipsel-openwrt-linux-musl'
host_os='linux-musl'
host_subdir='.'
host_vendor='openwrt'
htmldir='${docdir}'
includedir='${prefix}/include'
infodir='${datarootdir}/info'
libdir='${exec_prefix}/lib'
libexecdir='${exec_prefix}/libexec'
libgcc_topdir='/home/notlean/openwrt-uboost/build_dir/toolchain-mipsel_24kc_gcc-12.3.0_musl/gcc-12.3.0/libgcc/..'
localedir='${datarootdir}/locale'
localstatedir='${prefix}/var'
long_double_type_size='64'
mandir='${datarootdir}/man'
md_unwind_header='mips/linux-unwind.h'
oldincludedir='/usr/include'
pdfdir='${docdir}'
prefix='/home/notlean/openwrt-uboost/staging_dir/toolchain-mipsel_24kc_gcc-12.3.0_musl'
program_transform_name='s&^&mipsel-openwrt-linux-musl-&'
psdir='${docdir}'
real_host_noncanonical='mipsel-openwrt-linux-musl'
sbindir='${exec_prefix}/sbin'
set_have_cc_tls='-DHAVE_CC_TLS'
set_use_emutls=''
sfp_machine_header='mips/sfp-machine.h'
sharedstatedir='${prefix}/com'
slibdir='/home/notlean/openwrt-uboost/staging_dir/toolchain-mipsel_24kc_gcc-12.3.0_musl/lib'
solaris_ld_v2_maps=''
sysconfdir='${prefix}/etc'
target_alias='mipsel-openwrt-linux-musl'
target_noncanonical='mipsel-openwrt-linux-musl'
target_subdir='mipsel-openwrt-linux-musl'
thread_header='gthr-posix.h'
tm_defines=''
tm_file=''
tmake_file=' $(srcdir)/config/mips/t-mips $(srcdir)/config/t-softfp-sfdf $(srcdir)/config/t-softfp $(srcdir)/config/t-crtstuff-pic $(srcdir)/config/t-libgcc-pic $(srcdir)/config/t-eh-dw2-dip $(srcdir)/config/t-slibgcc $(srcdir)/config/t-slibgcc-gld $(srcdir)/config/t-slibgcc-elf-ver $(srcdir)/config/t-linux $(srcdir)/config/t-crtfm $(srcdir)/config/mips/t-mips16 $(srcdir)/config/t-slibgcc-libgcc $(srcdir)/config/t-gthr-noweak'
toolexecdir='$(exec_prefix)/$(target_noncanonical)'
toolexeclibdir='$(toolexecdir)/lib'
unwind_header='unwind-generic.h'
use_tm_clone_registry=''
vis_hide='-fvisibility=hidden -DHIDE_EXPORTS'
with_aix_soname='aix'

## ----------- ##
## confdefs.h. ##
## ----------- ##

/* confdefs.h */
#define PACKAGE_NAME "GNU C Runtime Library"
#define PACKAGE_TARNAME "libgcc"
#define PACKAGE_VERSION "1.0"
#define PACKAGE_STRING "GNU C Runtime Library 1.0"
#define PACKAGE_BUGREPORT ""
#define PACKAGE_URL "http://www.gnu.org/software/libgcc/"
#define SIZEOF_DOUBLE 8
#define SIZEOF_LONG_DOUBLE 8
#define HAVE_INTTYPES_H 1
#define HAVE_STDINT_H 1
#define HAVE_STDLIB_H 1
#define HAVE_FTW_H 1
#define HAVE_UNISTD_H 1
#define HAVE_SYS_STAT_H 1
#define HAVE_SYS_TYPES_H 1
#define HAVE_STRING_H 1
#define HAVE_STRINGS_H 1
#define HAVE_MEMORY_H 1
#define HAVE_SYS_AUXV_H 1
#define HAVE_SYS_MMAN_H 1
#define STDC_HEADERS 1
#define HAVE_GETIPINFO 1
#define AS_HIDDEN_DIRECTIVE .hidden
#define HAVE_AS_CFI_SECTIONS 1
#define HAVE_INIT_PRIORITY 1

configure: exit 0
