This file contains any messages produced by compilers while
running configure, to aid debugging if configure makes a mistake.

It was created by the fast lexical analyser generator configure 2.6.4, which was
generated by GNU Autoconf 2.71.  Invocation command line was

  $ ./configure --target=x86_64-pc-linux-gnu --host=x86_64-pc-linux-gnu --build=x86_64-pc-linux-gnu --disable-dependency-tracking --program-prefix= --program-suffix= --prefix=/home/notlean/openwrt-uboost/staging_dir/host --exec-prefix=/home/notlean/openwrt-uboost/staging_dir/host --sysconfdir=/home/notlean/openwrt-uboost/staging_dir/host/etc --localstatedir=/home/notlean/openwrt-uboost/staging_dir/host/var --sbindir=/home/notlean/openwrt-uboost/staging_dir/host/bin --disable-shared

## --------- ##
## Platform. ##
## --------- ##

hostname = Notlean
uname -m = x86_64
uname -r = 6.14.0-33-generic
uname -s = Linux
uname -v = #33~24.04.1-Ubuntu SMP PREEMPT_DYNAMIC Fri Sep 19 17:02:30 UTC 2

/usr/bin/uname -p = x86_64
/bin/uname -X     = unknown

/bin/arch              = x86_64
/usr/bin/arch -k       = unknown
/usr/convex/getsysinfo = unknown
/usr/bin/hostinfo      = unknown
/bin/machine           = unknown
/usr/bin/oslevel       = unknown
/bin/universe          = unknown

PATH: /home/notlean/openwrt-uboost/staging_dir/toolchain-mipsel_24kc_gcc-12.3.0_musl/bin/
PATH: /home/notlean/openwrt-uboost/staging_dir/toolchain-mipsel_24kc_gcc-12.3.0_musl/bin/
PATH: /home/notlean/openwrt-uboost/staging_dir/host/bin/
PATH: /home/notlean/openwrt-uboost/staging_dir/toolchain-mipsel_24kc_gcc-12.3.0_musl/bin/
PATH: /home/notlean/openwrt-uboost/staging_dir/host/bin/
PATH: /home/notlean/openwrt-uboost/staging_dir/host/bin/
PATH: /usr/local/sbin/
PATH: /usr/local/bin/
PATH: /usr/sbin/
PATH: /usr/bin/
PATH: /sbin/
PATH: /bin/
PATH: /usr/games/
PATH: /usr/local/games/
PATH: /snap/bin/
PATH: /snap/bin/


## ----------- ##
## Core tests. ##
## ----------- ##

configure:2931: looking for aux files: config.rpath missing install-sh config.guess config.sub ltmain.sh compile
configure:2944:  trying ./build-aux/
configure:2973:   ./build-aux/config.rpath found
configure:2973:   ./build-aux/missing found
configure:2955:   ./build-aux/install-sh found
configure:2973:   ./build-aux/config.guess found
configure:2973:   ./build-aux/config.sub found
configure:2973:   ./build-aux/ltmain.sh found
configure:2973:   ./build-aux/compile found
configure:3109: checking for x86_64-pc-linux-gnu-gcc
configure:3141: result: gcc
configure:3539: checking for C compiler version
configure:3548: gcc --version >&5
gcc (Ubuntu 13.3.0-6ubuntu2~24.04) 13.3.0
Copyright (C) 2023 Free Software Foundation, Inc.
This is free software; see the source for copying conditions.  There is NO
warranty; not even for MERCHANTABILITY or FITNESS FOR A PARTICULAR PURPOSE.

configure:3559: $? = 0
configure:3548: gcc -v >&5
Using built-in specs.
COLLECT_GCC=gcc
COLLECT_LTO_WRAPPER=/usr/libexec/gcc/x86_64-linux-gnu/13/lto-wrapper
OFFLOAD_TARGET_NAMES=nvptx-none:amdgcn-amdhsa
OFFLOAD_TARGET_DEFAULT=1
Target: x86_64-linux-gnu
Configured with: ../src/configure -v --with-pkgversion='Ubuntu 13.3.0-6ubuntu2~24.04' --with-bugurl=file:///usr/share/doc/gcc-13/README.Bugs --enable-languages=c,ada,c++,go,d,fortran,objc,obj-c++,m2 --prefix=/usr --with-gcc-major-version-only --program-suffix=-13 --program-prefix=x86_64-linux-gnu- --enable-shared --enable-linker-build-id --libexecdir=/usr/libexec --without-included-gettext --enable-threads=posix --libdir=/usr/lib --enable-nls --enable-bootstrap --enable-clocale=gnu --enable-libstdcxx-debug --enable-libstdcxx-time=yes --with-default-libstdcxx-abi=new --enable-libstdcxx-backtrace --enable-gnu-unique-object --disable-vtable-verify --enable-plugin --enable-default-pie --with-system-zlib --enable-libphobos-checking=release --with-target-system-zlib=auto --enable-objc-gc=auto --enable-multiarch --disable-werror --enable-cet --with-arch-32=i686 --with-abi=m64 --with-multilib-list=m32,m64,mx32 --enable-multilib --with-tune=generic --enable-offload-targets=nvptx-none=/build/gcc-13-fG75Ri/gcc-13-13.3.0/debian/tmp-nvptx/usr,amdgcn-amdhsa=/build/gcc-13-fG75Ri/gcc-13-13.3.0/debian/tmp-gcn/usr --enable-offload-defaulted --without-cuda-driver --enable-checking=release --build=x86_64-linux-gnu --host=x86_64-linux-gnu --target=x86_64-linux-gnu --with-build-config=bootstrap-lto-lean --enable-link-serialization=2
Thread model: posix
Supported LTO compression algorithms: zlib zstd
gcc version 13.3.0 (Ubuntu 13.3.0-6ubuntu2~24.04) 
... rest of stderr output deleted ...
configure:3559: $? = 0
configure:3548: gcc -V >&5
gcc: error: unrecognized command-line option '-V'
gcc: fatal error: no input files
compilation terminated.
configure:3559: $? = 1
configure:3548: gcc -qversion >&5
gcc: error: unrecognized command-line option '-qversion'; did you mean '--version'?
gcc: fatal error: no input files
compilation terminated.
configure:3559: $? = 1
configure:3548: gcc -version >&5
gcc: error: unrecognized command-line option '-version'
gcc: fatal error: no input files
compilation terminated.
configure:3559: $? = 1
configure:3579: checking whether the C compiler works
configure:3601: gcc -O2 -I/home/notlean/openwrt-uboost/staging_dir/host/include  -I/home/notlean/openwrt-uboost/staging_dir/host/include  -L/home/notlean/openwrt-uboost/staging_dir/host/lib  conftest.c  >&5
configure:3605: $? = 0
configure:3655: result: yes
configure:3658: checking for C compiler default output file name
configure:3660: result: a.out
configure:3666: checking for suffix of executables
configure:3673: gcc -o conftest -O2 -I/home/notlean/openwrt-uboost/staging_dir/host/include  -I/home/notlean/openwrt-uboost/staging_dir/host/include  -L/home/notlean/openwrt-uboost/staging_dir/host/lib  conftest.c  >&5
configure:3677: $? = 0
configure:3700: result: 
configure:3722: checking whether we are cross compiling
configure:3730: gcc -o conftest -O2 -I/home/notlean/openwrt-uboost/staging_dir/host/include  -I/home/notlean/openwrt-uboost/staging_dir/host/include  -L/home/notlean/openwrt-uboost/staging_dir/host/lib  conftest.c  >&5
configure:3734: $? = 0
configure:3741: ./conftest
configure:3745: $? = 0
configure:3760: result: no
configure:3765: checking for suffix of object files
configure:3788: gcc -c -O2 -I/home/notlean/openwrt-uboost/staging_dir/host/include  -I/home/notlean/openwrt-uboost/staging_dir/host/include  conftest.c >&5
configure:3792: $? = 0
configure:3814: result: o
configure:3818: checking whether the compiler supports GNU C
configure:3838: gcc -c -O2 -I/home/notlean/openwrt-uboost/staging_dir/host/include  -I/home/notlean/openwrt-uboost/staging_dir/host/include  conftest.c >&5
configure:3838: $? = 0
configure:3848: result: yes
configure:3859: checking whether gcc accepts -g
configure:3880: gcc -c -g -I/home/notlean/openwrt-uboost/staging_dir/host/include  conftest.c >&5
configure:3880: $? = 0
configure:3924: result: yes
configure:3944: checking for gcc option to enable C11 features
configure:3959: gcc  -c -O2 -I/home/notlean/openwrt-uboost/staging_dir/host/include  -I/home/notlean/openwrt-uboost/staging_dir/host/include  conftest.c >&5
configure:3959: $? = 0
configure:3977: result: none needed
configure:4093: checking whether gcc understands -c and -o together
configure:4116: gcc -c conftest.c -o conftest2.o
configure:4119: $? = 0
configure:4116: gcc -c conftest.c -o conftest2.o
configure:4119: $? = 0
configure:4131: result: yes
configure:4153: checking for stdio.h
configure:4153: gcc -c -O2 -I/home/notlean/openwrt-uboost/staging_dir/host/include  -I/home/notlean/openwrt-uboost/staging_dir/host/include  conftest.c >&5
configure:4153: $? = 0
configure:4153: result: yes
configure:4153: checking for stdlib.h
configure:4153: gcc -c -O2 -I/home/notlean/openwrt-uboost/staging_dir/host/include  -I/home/notlean/openwrt-uboost/staging_dir/host/include  conftest.c >&5
configure:4153: $? = 0
configure:4153: result: yes
configure:4153: checking for string.h
configure:4153: gcc -c -O2 -I/home/notlean/openwrt-uboost/staging_dir/host/include  -I/home/notlean/openwrt-uboost/staging_dir/host/include  conftest.c >&5
configure:4153: $? = 0
configure:4153: result: yes
configure:4153: checking for inttypes.h
configure:4153: gcc -c -O2 -I/home/notlean/openwrt-uboost/staging_dir/host/include  -I/home/notlean/openwrt-uboost/staging_dir/host/include  conftest.c >&5
configure:4153: $? = 0
configure:4153: result: yes
configure:4153: checking for stdint.h
configure:4153: gcc -c -O2 -I/home/notlean/openwrt-uboost/staging_dir/host/include  -I/home/notlean/openwrt-uboost/staging_dir/host/include  conftest.c >&5
configure:4153: $? = 0
configure:4153: result: yes
configure:4153: checking for strings.h
configure:4153: gcc -c -O2 -I/home/notlean/openwrt-uboost/staging_dir/host/include  -I/home/notlean/openwrt-uboost/staging_dir/host/include  conftest.c >&5
configure:4153: $? = 0
configure:4153: result: yes
configure:4153: checking for sys/stat.h
configure:4153: gcc -c -O2 -I/home/notlean/openwrt-uboost/staging_dir/host/include  -I/home/notlean/openwrt-uboost/staging_dir/host/include  conftest.c >&5
configure:4153: $? = 0
configure:4153: result: yes
configure:4153: checking for sys/types.h
configure:4153: gcc -c -O2 -I/home/notlean/openwrt-uboost/staging_dir/host/include  -I/home/notlean/openwrt-uboost/staging_dir/host/include  conftest.c >&5
configure:4153: $? = 0
configure:4153: result: yes
configure:4153: checking for unistd.h
configure:4153: gcc -c -O2 -I/home/notlean/openwrt-uboost/staging_dir/host/include  -I/home/notlean/openwrt-uboost/staging_dir/host/include  conftest.c >&5
configure:4153: $? = 0
configure:4153: result: yes
configure:4153: checking for wchar.h
configure:4153: gcc -c -O2 -I/home/notlean/openwrt-uboost/staging_dir/host/include  -I/home/notlean/openwrt-uboost/staging_dir/host/include  conftest.c >&5
configure:4153: $? = 0
configure:4153: result: yes
configure:4153: checking for minix/config.h
configure:4153: gcc -c -O2 -I/home/notlean/openwrt-uboost/staging_dir/host/include  -I/home/notlean/openwrt-uboost/staging_dir/host/include  conftest.c >&5
conftest.c:47:10: fatal error: minix/config.h: No such file or directory
   47 | #include <minix/config.h>
      |          ^~~~~~~~~~~~~~~~
compilation terminated.
configure:4153: $? = 1
configure: failed program was:
| /* confdefs.h */
| #define PACKAGE_NAME "the fast lexical analyser generator"
| #define PACKAGE_TARNAME "flex"
| #define PACKAGE_VERSION "2.6.4"
| #define PACKAGE_STRING "the fast lexical analyser generator 2.6.4"
| #define PACKAGE_BUGREPORT "flex-help@lists.sourceforge.net"
| #define PACKAGE_URL ""
| #define HAVE_STDIO_H 1
| #define HAVE_STDLIB_H 1
| #define HAVE_STRING_H 1
| #define HAVE_INTTYPES_H 1
| #define HAVE_STDINT_H 1
| #define HAVE_STRINGS_H 1
| #define HAVE_SYS_STAT_H 1
| #define HAVE_SYS_TYPES_H 1
| #define HAVE_UNISTD_H 1
| #define HAVE_WCHAR_H 1
| /* end confdefs.h.  */
| #include <stddef.h>
| #ifdef HAVE_STDIO_H
| # include <stdio.h>
| #endif
| #ifdef HAVE_STDLIB_H
| # include <stdlib.h>
| #endif
| #ifdef HAVE_STRING_H
| # include <string.h>
| #endif
| #ifdef HAVE_INTTYPES_H
| # include <inttypes.h>
| #endif
| #ifdef HAVE_STDINT_H
| # include <stdint.h>
| #endif
| #ifdef HAVE_STRINGS_H
| # include <strings.h>
| #endif
| #ifdef HAVE_SYS_TYPES_H
| # include <sys/types.h>
| #endif
| #ifdef HAVE_SYS_STAT_H
| # include <sys/stat.h>
| #endif
| #ifdef HAVE_UNISTD_H
| # include <unistd.h>
| #endif
| #include <minix/config.h>
configure:4153: result: no
configure:4153: checking for vfork.h
configure:4153: gcc -c -O2 -I/home/notlean/openwrt-uboost/staging_dir/host/include  -I/home/notlean/openwrt-uboost/staging_dir/host/include  conftest.c >&5
conftest.c:47:10: fatal error: vfork.h: No such file or directory
   47 | #include <vfork.h>
      |          ^~~~~~~~~
compilation terminated.
configure:4153: $? = 1
configure: failed program was:
| /* confdefs.h */
| #define PACKAGE_NAME "the fast lexical analyser generator"
| #define PACKAGE_TARNAME "flex"
| #define PACKAGE_VERSION "2.6.4"
| #define PACKAGE_STRING "the fast lexical analyser generator 2.6.4"
| #define PACKAGE_BUGREPORT "flex-help@lists.sourceforge.net"
| #define PACKAGE_URL ""
| #define HAVE_STDIO_H 1
| #define HAVE_STDLIB_H 1
| #define HAVE_STRING_H 1
| #define HAVE_INTTYPES_H 1
| #define HAVE_STDINT_H 1
| #define HAVE_STRINGS_H 1
| #define HAVE_SYS_STAT_H 1
| #define HAVE_SYS_TYPES_H 1
| #define HAVE_UNISTD_H 1
| #define HAVE_WCHAR_H 1
| /* end confdefs.h.  */
| #include <stddef.h>
| #ifdef HAVE_STDIO_H
| # include <stdio.h>
| #endif
| #ifdef HAVE_STDLIB_H
| # include <stdlib.h>
| #endif
| #ifdef HAVE_STRING_H
| # include <string.h>
| #endif
| #ifdef HAVE_INTTYPES_H
| # include <inttypes.h>
| #endif
| #ifdef HAVE_STDINT_H
| # include <stdint.h>
| #endif
| #ifdef HAVE_STRINGS_H
| # include <strings.h>
| #endif
| #ifdef HAVE_SYS_TYPES_H
| # include <sys/types.h>
| #endif
| #ifdef HAVE_SYS_STAT_H
| # include <sys/stat.h>
| #endif
| #ifdef HAVE_UNISTD_H
| # include <unistd.h>
| #endif
| #include <vfork.h>
configure:4153: result: no
configure:4184: checking whether it is safe to define __EXTENSIONS__
configure:4203: gcc -c -O2 -I/home/notlean/openwrt-uboost/staging_dir/host/include  -I/home/notlean/openwrt-uboost/staging_dir/host/include  conftest.c >&5
configure:4203: $? = 0
configure:4211: result: yes
configure:4214: checking whether _XOPEN_SOURCE should be defined
configure:4236: gcc -c -O2 -I/home/notlean/openwrt-uboost/staging_dir/host/include  -I/home/notlean/openwrt-uboost/staging_dir/host/include  conftest.c >&5
configure:4236: $? = 0
configure:4263: result: no
configure:4353: checking build system type
configure:4368: result: x86_64-pc-linux-gnu
configure:4388: checking host system type
configure:4402: result: x86_64-pc-linux-gnu
configure:4443: checking how to print strings
configure:4470: result: printf
configure:4491: checking for a sed that does not truncate output
configure:4561: result: /home/notlean/openwrt-uboost/staging_dir/host/bin/sed
configure:4578: checking for grep that handles long lines and -e
configure:4642: result: /home/notlean/openwrt-uboost/staging_dir/host/bin/grep
configure:4647: checking for egrep
configure:4715: result: /home/notlean/openwrt-uboost/staging_dir/host/bin/grep -E
configure:4720: checking for fgrep
configure:4788: result: /home/notlean/openwrt-uboost/staging_dir/host/bin/grep -F
configure:4824: checking for ld used by gcc
configure:4892: result: /usr/bin/ld
configure:4899: checking if the linker (/usr/bin/ld) is GNU ld
configure:4915: result: yes
configure:4927: checking for BSD- or MS-compatible name lister (nm)
configure:4982: result: /usr/bin/nm -B
configure:5122: checking the name lister (/usr/bin/nm -B) interface
configure:5130: gcc -c -O2 -I/home/notlean/openwrt-uboost/staging_dir/host/include  -I/home/notlean/openwrt-uboost/staging_dir/host/include  conftest.c >&5
configure:5133: /usr/bin/nm -B "conftest.o"
configure:5136: output
0000000000000000 B some_variable
configure:5143: result: BSD nm
configure:5146: checking whether ln -s works
configure:5150: result: yes
configure:5158: checking the maximum length of command line arguments
configure:5290: result: 1572864
configure:5338: checking how to convert x86_64-pc-linux-gnu file names to x86_64-pc-linux-gnu format
configure:5379: result: func_convert_file_noop
configure:5386: checking how to convert x86_64-pc-linux-gnu file names to toolchain format
configure:5407: result: func_convert_file_noop
configure:5414: checking for /usr/bin/ld option to reload object files
configure:5422: result: -r
configure:5456: checking for x86_64-pc-linux-gnu-file
configure:5491: result: no
configure:5501: checking for file
configure:5522: found /home/notlean/openwrt-uboost/staging_dir/host/bin/file
configure:5533: result: file
configure:5564: checking for x86_64-pc-linux-gnu-objdump
configure:5599: result: no
configure:5609: checking for objdump
configure:5630: found /usr/bin/objdump
configure:5641: result: objdump
configure:5673: checking how to recognize dependent libraries
configure:5874: result: pass_all
configure:5919: checking for x86_64-pc-linux-gnu-dlltool
configure:5954: result: no
configure:5964: checking for dlltool
configure:5999: result: no
configure:6029: checking how to associate runtime and link libraries
configure:6057: result: printf %s\n
configure:6073: checking for x86_64-pc-linux-gnu-ar
configure:6108: result: no
configure:6122: checking for ar
configure:6143: found /usr/bin/ar
configure:6154: result: ar
configure:6207: checking for archiver @FILE support
configure:6225: gcc -c -O2 -I/home/notlean/openwrt-uboost/staging_dir/host/include  -I/home/notlean/openwrt-uboost/staging_dir/host/include  conftest.c >&5
configure:6225: $? = 0
configure:6229: ar cr libconftest.a @conftest.lst >&5
configure:6232: $? = 0
configure:6237: ar cr libconftest.a @conftest.lst >&5
ar: conftest.o: No such file or directory
configure:6240: $? = 1
configure:6252: result: @
configure:6270: checking for x86_64-pc-linux-gnu-strip
configure:6305: result: no
configure:6315: checking for strip
configure:6336: found /usr/bin/strip
configure:6347: result: strip
configure:6379: checking for x86_64-pc-linux-gnu-ranlib
configure:6414: result: no
configure:6424: checking for ranlib
configure:6445: found /usr/bin/ranlib
configure:6456: result: ranlib
configure:6533: checking for gawk
configure:6554: found /usr/bin/gawk
configure:6565: result: gawk
configure:6605: checking command to parse /usr/bin/nm -B output from gcc object
configure:6759: gcc -c -O2 -I/home/notlean/openwrt-uboost/staging_dir/host/include  -I/home/notlean/openwrt-uboost/staging_dir/host/include  conftest.c >&5
configure:6762: $? = 0
configure:6766: /usr/bin/nm -B conftest.o \| /home/notlean/openwrt-uboost/staging_dir/host/bin/sed -n -e 's/^.*[ ]\([ABCDGIRSTW][ABCDGIRSTW]*\)[ ][ ]*\([_A-Za-z][_A-Za-z0-9]*\)$/\1 \2 \2/p' | /home/notlean/openwrt-uboost/staging_dir/host/bin/sed '/ __gnu_lto/d' \> conftest.nm
configure:6769: $? = 0
configure:6835: gcc -o conftest -O2 -I/home/notlean/openwrt-uboost/staging_dir/host/include  -I/home/notlean/openwrt-uboost/staging_dir/host/include  -L/home/notlean/openwrt-uboost/staging_dir/host/lib  conftest.c conftstm.o >&5
configure:6838: $? = 0
configure:6876: result: ok
configure:6923: checking for sysroot
configure:6954: result: no
configure:6961: checking for a working dd
configure:7005: result: /usr/bin/dd
configure:7009: checking how to truncate binary pipes
configure:7025: result: /usr/bin/dd bs=4096 count=1
configure:7162: gcc -c -O2 -I/home/notlean/openwrt-uboost/staging_dir/host/include  -I/home/notlean/openwrt-uboost/staging_dir/host/include  conftest.c >&5
configure:7165: $? = 0
configure:7317: checking for x86_64-pc-linux-gnu-mt
configure:7352: result: no
configure:7362: checking for mt
configure:7383: found /usr/bin/mt
configure:7394: result: mt
configure:7417: checking if mt is a manifest tool
configure:7424: mt '-?'
configure:7432: result: no
configure:8153: checking for dlfcn.h
configure:8153: gcc -c -O2 -I/home/notlean/openwrt-uboost/staging_dir/host/include  -I/home/notlean/openwrt-uboost/staging_dir/host/include  conftest.c >&5
configure:8153: $? = 0
configure:8153: result: yes
configure:8412: checking for objdir
configure:8428: result: .libs
configure:8688: checking if gcc supports -fno-rtti -fno-exceptions
configure:8707: gcc -c -O2 -I/home/notlean/openwrt-uboost/staging_dir/host/include  -I/home/notlean/openwrt-uboost/staging_dir/host/include  -fno-rtti -fno-exceptions conftest.c >&5
cc1: warning: command-line option '-fno-rtti' is valid for C++/D/ObjC++ but not for C
configure:8711: $? = 0
configure:8724: result: no
configure:9082: checking for gcc option to produce PIC
configure:9090: result: -fPIC -DPIC
configure:9098: checking if gcc PIC flag -fPIC -DPIC works
configure:9117: gcc -c -O2 -I/home/notlean/openwrt-uboost/staging_dir/host/include  -I/home/notlean/openwrt-uboost/staging_dir/host/include  -fPIC -DPIC -DPIC conftest.c >&5
configure:9121: $? = 0
configure:9134: result: yes
configure:9163: checking if gcc static flag -static works
configure:9192: result: yes
configure:9207: checking if gcc supports -c -o file.o
configure:9229: gcc -c -O2 -I/home/notlean/openwrt-uboost/staging_dir/host/include  -I/home/notlean/openwrt-uboost/staging_dir/host/include  -o out/conftest2.o conftest.c >&5
configure:9233: $? = 0
configure:9255: result: yes
configure:9263: checking if gcc supports -c -o file.o
configure:9311: result: yes
configure:9344: checking whether the gcc linker (/usr/bin/ld -m elf_x86_64) supports shared libraries
configure:10612: result: yes
configure:10853: checking dynamic linker characteristics
configure:11435: gcc -o conftest -O2 -I/home/notlean/openwrt-uboost/staging_dir/host/include  -I/home/notlean/openwrt-uboost/staging_dir/host/include  -L/home/notlean/openwrt-uboost/staging_dir/host/lib  -Wl,-rpath -Wl,/foo conftest.c  >&5
configure:11435: $? = 0
configure:11674: result: GNU/Linux ld.so
configure:11796: checking how to hardcode library paths into programs
configure:11821: result: immediate
configure:12373: checking whether stripping libraries is possible
configure:12382: result: yes
configure:12424: checking if libtool supports shared libraries
configure:12426: result: yes
configure:12429: checking whether to build shared libraries
configure:12454: result: no
configure:12457: checking whether to build static libraries
configure:12461: result: yes
configure:12515: checking for a BSD-compatible install
configure:12588: result: /home/notlean/openwrt-uboost/staging_dir/host/bin/install -c
configure:12599: checking whether build environment is sane
configure:12654: result: yes
configure:12809: checking for a race-free mkdir -p
configure:12853: result: /usr/bin/mkdir -p
configure:12856: checking whether make sets $(MAKE)
configure:12879: result: yes
configure:12901: checking whether make supports the include directive
configure:12916: make -f confmf.GNU && cat confinc.out
make[4]: Entering directory '/home/notlean/openwrt-uboost/build_dir/host/flex-2.6.4'
make[4]: Leaving directory '/home/notlean/openwrt-uboost/build_dir/host/flex-2.6.4'
this is the am__doit target
configure:12919: $? = 0
configure:12938: result: yes (GNU style)
configure:12973: checking whether make supports nested variables
configure:12991: result: yes
configure:13072: checking dependency style of gcc
configure:13184: result: none
configure:13266: checking whether NLS is requested
configure:13276: result: yes
configure:13316: checking for msgfmt
configure: trying /usr/bin/msgfmt...
0 translated messages.
configure:13349: result: /usr/bin/msgfmt
configure:13358: checking for gmsgfmt
configure:13394: result: /usr/bin/msgfmt
configure:13439: checking for xgettext
configure: trying /usr/bin/xgettext...
/usr/bin/xgettext: warning: file '/dev/null' extension '' is unknown; will try C
configure:13472: result: /usr/bin/xgettext
configure:13517: checking for msgmerge
configure: trying /usr/bin/msgmerge...
configure:13549: result: /usr/bin/msgmerge
configure:13614: checking for ld
configure:13745: result: /usr/bin/ld -m elf_x86_64
configure:13752: checking if the linker (/usr/bin/ld -m elf_x86_64) is GNU ld
configure:13768: result: yes
configure:13776: checking for shared library run path origin
configure:13790: result: done
configure:13812: checking 32-bit host C ABI
configure:13879: gcc -c -O2 -I/home/notlean/openwrt-uboost/staging_dir/host/include  -I/home/notlean/openwrt-uboost/staging_dir/host/include  conftest.c >&5
configure:13879: $? = 0
configure:14075: result: no
configure:14085: checking how to run the C preprocessor
configure:14111: gcc -E -I/home/notlean/openwrt-uboost/staging_dir/host/include  conftest.c
configure:14111: $? = 0
configure:14126: gcc -E -I/home/notlean/openwrt-uboost/staging_dir/host/include  conftest.c
conftest.c:41:10: fatal error: ac_nonexistent.h: No such file or directory
   41 | #include <ac_nonexistent.h>
      |          ^~~~~~~~~~~~~~~~~~
compilation terminated.
configure:14126: $? = 1
configure: failed program was:
| /* confdefs.h */
| #define PACKAGE_NAME "the fast lexical analyser generator"
| #define PACKAGE_TARNAME "flex"
| #define PACKAGE_VERSION "2.6.4"
| #define PACKAGE_STRING "the fast lexical analyser generator 2.6.4"
| #define PACKAGE_BUGREPORT "flex-help@lists.sourceforge.net"
| #define PACKAGE_URL ""
| #define HAVE_STDIO_H 1
| #define HAVE_STDLIB_H 1
| #define HAVE_STRING_H 1
| #define HAVE_INTTYPES_H 1
| #define HAVE_STDINT_H 1
| #define HAVE_STRINGS_H 1
| #define HAVE_SYS_STAT_H 1
| #define HAVE_SYS_TYPES_H 1
| #define HAVE_UNISTD_H 1
| #define HAVE_WCHAR_H 1
| #define STDC_HEADERS 1
| #define _ALL_SOURCE 1
| #define _DARWIN_C_SOURCE 1
| #define _GNU_SOURCE 1
| #define _HPUX_ALT_XOPEN_SOCKET_API 1
| #define _NETBSD_SOURCE 1
| #define _OPENBSD_SOURCE 1
| #define _POSIX_PTHREAD_SEMANTICS 1
| #define __STDC_WANT_IEC_60559_ATTRIBS_EXT__ 1
| #define __STDC_WANT_IEC_60559_BFP_EXT__ 1
| #define __STDC_WANT_IEC_60559_DFP_EXT__ 1
| #define __STDC_WANT_IEC_60559_EXT__ 1
| #define __STDC_WANT_IEC_60559_FUNCS_EXT__ 1
| #define __STDC_WANT_IEC_60559_TYPES_EXT__ 1
| #define __STDC_WANT_LIB_EXT2__ 1
| #define __STDC_WANT_MATH_SPEC_FUNCS__ 1
| #define _TANDEM_SOURCE 1
| #define __EXTENSIONS__ 1
| #define HAVE_DLFCN_H 1
| #define LT_OBJDIR ".libs/"
| #define PACKAGE "flex"
| #define VERSION "2.6.4"
| /* end confdefs.h.  */
| #include <ac_nonexistent.h>
configure:14153: result: gcc -E
configure:14167: gcc -E -I/home/notlean/openwrt-uboost/staging_dir/host/include  conftest.c
configure:14167: $? = 0
configure:14182: gcc -E -I/home/notlean/openwrt-uboost/staging_dir/host/include  conftest.c
conftest.c:41:10: fatal error: ac_nonexistent.h: No such file or directory
   41 | #include <ac_nonexistent.h>
      |          ^~~~~~~~~~~~~~~~~~
compilation terminated.
configure:14182: $? = 1
configure: failed program was:
| /* confdefs.h */
| #define PACKAGE_NAME "the fast lexical analyser generator"
| #define PACKAGE_TARNAME "flex"
| #define PACKAGE_VERSION "2.6.4"
| #define PACKAGE_STRING "the fast lexical analyser generator 2.6.4"
| #define PACKAGE_BUGREPORT "flex-help@lists.sourceforge.net"
| #define PACKAGE_URL ""
| #define HAVE_STDIO_H 1
| #define HAVE_STDLIB_H 1
| #define HAVE_STRING_H 1
| #define HAVE_INTTYPES_H 1
| #define HAVE_STDINT_H 1
| #define HAVE_STRINGS_H 1
| #define HAVE_SYS_STAT_H 1
| #define HAVE_SYS_TYPES_H 1
| #define HAVE_UNISTD_H 1
| #define HAVE_WCHAR_H 1
| #define STDC_HEADERS 1
| #define _ALL_SOURCE 1
| #define _DARWIN_C_SOURCE 1
| #define _GNU_SOURCE 1
| #define _HPUX_ALT_XOPEN_SOCKET_API 1
| #define _NETBSD_SOURCE 1
| #define _OPENBSD_SOURCE 1
| #define _POSIX_PTHREAD_SEMANTICS 1
| #define __STDC_WANT_IEC_60559_ATTRIBS_EXT__ 1
| #define __STDC_WANT_IEC_60559_BFP_EXT__ 1
| #define __STDC_WANT_IEC_60559_DFP_EXT__ 1
| #define __STDC_WANT_IEC_60559_EXT__ 1
| #define __STDC_WANT_IEC_60559_FUNCS_EXT__ 1
| #define __STDC_WANT_IEC_60559_TYPES_EXT__ 1
| #define __STDC_WANT_LIB_EXT2__ 1
| #define __STDC_WANT_MATH_SPEC_FUNCS__ 1
| #define _TANDEM_SOURCE 1
| #define __EXTENSIONS__ 1
| #define HAVE_DLFCN_H 1
| #define LT_OBJDIR ".libs/"
| #define PACKAGE "flex"
| #define VERSION "2.6.4"
| /* end confdefs.h.  */
| #include <ac_nonexistent.h>
configure:14217: checking for ELF binary format
configure:14241: result: yes
configure:14293: checking for the common suffixes of directories in the library search path
configure:14362: result: lib,lib,lib64
configure:14887: checking for CFPreferencesCopyAppValue
configure:14906: gcc -o conftest -O2 -I/home/notlean/openwrt-uboost/staging_dir/host/include  -I/home/notlean/openwrt-uboost/staging_dir/host/include  -L/home/notlean/openwrt-uboost/staging_dir/host/lib  conftest.c  -Wl,-framework -Wl,CoreFoundation >&5
conftest.c:41:10: fatal error: CoreFoundation/CFPreferences.h: No such file or directory
   41 | #include <CoreFoundation/CFPreferences.h>
      |          ^~~~~~~~~~~~~~~~~~~~~~~~~~~~~~~~
compilation terminated.
configure:14906: $? = 1
configure: failed program was:
| /* confdefs.h */
| #define PACKAGE_NAME "the fast lexical analyser generator"
| #define PACKAGE_TARNAME "flex"
| #define PACKAGE_VERSION "2.6.4"
| #define PACKAGE_STRING "the fast lexical analyser generator 2.6.4"
| #define PACKAGE_BUGREPORT "flex-help@lists.sourceforge.net"
| #define PACKAGE_URL ""
| #define HAVE_STDIO_H 1
| #define HAVE_STDLIB_H 1
| #define HAVE_STRING_H 1
| #define HAVE_INTTYPES_H 1
| #define HAVE_STDINT_H 1
| #define HAVE_STRINGS_H 1
| #define HAVE_SYS_STAT_H 1
| #define HAVE_SYS_TYPES_H 1
| #define HAVE_UNISTD_H 1
| #define HAVE_WCHAR_H 1
| #define STDC_HEADERS 1
| #define _ALL_SOURCE 1
| #define _DARWIN_C_SOURCE 1
| #define _GNU_SOURCE 1
| #define _HPUX_ALT_XOPEN_SOCKET_API 1
| #define _NETBSD_SOURCE 1
| #define _OPENBSD_SOURCE 1
| #define _POSIX_PTHREAD_SEMANTICS 1
| #define __STDC_WANT_IEC_60559_ATTRIBS_EXT__ 1
| #define __STDC_WANT_IEC_60559_BFP_EXT__ 1
| #define __STDC_WANT_IEC_60559_DFP_EXT__ 1
| #define __STDC_WANT_IEC_60559_EXT__ 1
| #define __STDC_WANT_IEC_60559_FUNCS_EXT__ 1
| #define __STDC_WANT_IEC_60559_TYPES_EXT__ 1
| #define __STDC_WANT_LIB_EXT2__ 1
| #define __STDC_WANT_MATH_SPEC_FUNCS__ 1
| #define _TANDEM_SOURCE 1
| #define __EXTENSIONS__ 1
| #define HAVE_DLFCN_H 1
| #define LT_OBJDIR ".libs/"
| #define PACKAGE "flex"
| #define VERSION "2.6.4"
| /* end confdefs.h.  */
| #include <CoreFoundation/CFPreferences.h>
| int
| main (void)
| {
| CFPreferencesCopyAppValue(NULL, NULL)
|   ;
|   return 0;
| }
configure:14916: result: no
configure:14923: checking for CFLocaleCopyPreferredLanguages
configure:14942: gcc -o conftest -O2 -I/home/notlean/openwrt-uboost/staging_dir/host/include  -I/home/notlean/openwrt-uboost/staging_dir/host/include  -L/home/notlean/openwrt-uboost/staging_dir/host/lib  conftest.c  -Wl,-framework -Wl,CoreFoundation >&5
conftest.c:41:10: fatal error: CoreFoundation/CFLocale.h: No such file or directory
   41 | #include <CoreFoundation/CFLocale.h>
      |          ^~~~~~~~~~~~~~~~~~~~~~~~~~~
compilation terminated.
configure:14942: $? = 1
configure: failed program was:
| /* confdefs.h */
| #define PACKAGE_NAME "the fast lexical analyser generator"
| #define PACKAGE_TARNAME "flex"
| #define PACKAGE_VERSION "2.6.4"
| #define PACKAGE_STRING "the fast lexical analyser generator 2.6.4"
| #define PACKAGE_BUGREPORT "flex-help@lists.sourceforge.net"
| #define PACKAGE_URL ""
| #define HAVE_STDIO_H 1
| #define HAVE_STDLIB_H 1
| #define HAVE_STRING_H 1
| #define HAVE_INTTYPES_H 1
| #define HAVE_STDINT_H 1
| #define HAVE_STRINGS_H 1
| #define HAVE_SYS_STAT_H 1
| #define HAVE_SYS_TYPES_H 1
| #define HAVE_UNISTD_H 1
| #define HAVE_WCHAR_H 1
| #define STDC_HEADERS 1
| #define _ALL_SOURCE 1
| #define _DARWIN_C_SOURCE 1
| #define _GNU_SOURCE 1
| #define _HPUX_ALT_XOPEN_SOCKET_API 1
| #define _NETBSD_SOURCE 1
| #define _OPENBSD_SOURCE 1
| #define _POSIX_PTHREAD_SEMANTICS 1
| #define __STDC_WANT_IEC_60559_ATTRIBS_EXT__ 1
| #define __STDC_WANT_IEC_60559_BFP_EXT__ 1
| #define __STDC_WANT_IEC_60559_DFP_EXT__ 1
| #define __STDC_WANT_IEC_60559_EXT__ 1
| #define __STDC_WANT_IEC_60559_FUNCS_EXT__ 1
| #define __STDC_WANT_IEC_60559_TYPES_EXT__ 1
| #define __STDC_WANT_LIB_EXT2__ 1
| #define __STDC_WANT_MATH_SPEC_FUNCS__ 1
| #define _TANDEM_SOURCE 1
| #define __EXTENSIONS__ 1
| #define HAVE_DLFCN_H 1
| #define LT_OBJDIR ".libs/"
| #define PACKAGE "flex"
| #define VERSION "2.6.4"
| /* end confdefs.h.  */
| #include <CoreFoundation/CFLocale.h>
| int
| main (void)
| {
| CFLocaleCopyPreferredLanguages();
|   ;
|   return 0;
| }
configure:14952: result: no
configure:15002: checking for GNU gettext in libc
configure:15032: gcc -o conftest -O2 -I/home/notlean/openwrt-uboost/staging_dir/host/include  -I/home/notlean/openwrt-uboost/staging_dir/host/include  -L/home/notlean/openwrt-uboost/staging_dir/host/lib  conftest.c  >&5
configure:15032: $? = 0
configure:15042: result: yes
configure:15941: checking whether to use NLS
configure:15943: result: yes
configure:15946: checking where the gettext function comes from
configure:15957: result: libc
configure:16019: checking for bison
configure:16040: found /usr/bin/bison
configure:16051: result: bison -y
configure:16083: checking for flex
configure:16104: found /usr/bin/flex
configure:16115: result: flex
configure:16164: checking for lex output file root
configure:16177: flex conftest.l
configure:16181: $? = 0
configure:16189: result: lex.yy
configure:16204: checking for lex library
configure:16229: gcc -o conftest -O2 -I/home/notlean/openwrt-uboost/staging_dir/host/include  -I/home/notlean/openwrt-uboost/staging_dir/host/include  -L/home/notlean/openwrt-uboost/staging_dir/host/lib  conftest.c  >&5
configure:16229: $? = 0
configure:16242: result: none needed
configure:16257: checking for library containing yywrap
configure:16287: gcc -o conftest -O2 -I/home/notlean/openwrt-uboost/staging_dir/host/include  -I/home/notlean/openwrt-uboost/staging_dir/host/include  -L/home/notlean/openwrt-uboost/staging_dir/host/lib  conftest.c  >&5
/usr/bin/ld: /home/notlean/openwrt-uboost/tmp/cco03UEx.o: in function `main':
conftest.c:(.text.startup+0xb): undefined reference to `yywrap'
collect2: error: ld returned 1 exit status
configure:16287: $? = 1
configure: failed program was:
| /* confdefs.h */
| #define PACKAGE_NAME "the fast lexical analyser generator"
| #define PACKAGE_TARNAME "flex"
| #define PACKAGE_VERSION "2.6.4"
| #define PACKAGE_STRING "the fast lexical analyser generator 2.6.4"
| #define PACKAGE_BUGREPORT "flex-help@lists.sourceforge.net"
| #define PACKAGE_URL ""
| #define HAVE_STDIO_H 1
| #define HAVE_STDLIB_H 1
| #define HAVE_STRING_H 1
| #define HAVE_INTTYPES_H 1
| #define HAVE_STDINT_H 1
| #define HAVE_STRINGS_H 1
| #define HAVE_SYS_STAT_H 1
| #define HAVE_SYS_TYPES_H 1
| #define HAVE_UNISTD_H 1
| #define HAVE_WCHAR_H 1
| #define STDC_HEADERS 1
| #define _ALL_SOURCE 1
| #define _DARWIN_C_SOURCE 1
| #define _GNU_SOURCE 1
| #define _HPUX_ALT_XOPEN_SOCKET_API 1
| #define _NETBSD_SOURCE 1
| #define _OPENBSD_SOURCE 1
| #define _POSIX_PTHREAD_SEMANTICS 1
| #define __STDC_WANT_IEC_60559_ATTRIBS_EXT__ 1
| #define __STDC_WANT_IEC_60559_BFP_EXT__ 1
| #define __STDC_WANT_IEC_60559_DFP_EXT__ 1
| #define __STDC_WANT_IEC_60559_EXT__ 1
| #define __STDC_WANT_IEC_60559_FUNCS_EXT__ 1
| #define __STDC_WANT_IEC_60559_TYPES_EXT__ 1
| #define __STDC_WANT_LIB_EXT2__ 1
| #define __STDC_WANT_MATH_SPEC_FUNCS__ 1
| #define _TANDEM_SOURCE 1
| #define __EXTENSIONS__ 1
| #define HAVE_DLFCN_H 1
| #define LT_OBJDIR ".libs/"
| #define PACKAGE "flex"
| #define VERSION "2.6.4"
| #define ENABLE_NLS 1
| #define HAVE_GETTEXT 1
| #define HAVE_DCGETTEXT 1
| /* end confdefs.h.  */
| 
| /* Override any GCC internal prototype to avoid an error.
|    Use char because int might match the return type of a GCC
|    builtin and then its argument prototype would still apply.  */
| char yywrap ();
| int
| main (void)
| {
| return yywrap ();
|   ;
|   return 0;
| }
configure:16287: gcc -o conftest -O2 -I/home/notlean/openwrt-uboost/staging_dir/host/include  -I/home/notlean/openwrt-uboost/staging_dir/host/include  -L/home/notlean/openwrt-uboost/staging_dir/host/lib  conftest.c -lfl   >&5
/usr/bin/ld: /usr/lib/gcc/x86_64-linux-gnu/13/../../../x86_64-linux-gnu/libfl.so: undefined reference to `yylex'
collect2: error: ld returned 1 exit status
configure:16287: $? = 1
configure: failed program was:
| /* confdefs.h */
| #define PACKAGE_NAME "the fast lexical analyser generator"
| #define PACKAGE_TARNAME "flex"
| #define PACKAGE_VERSION "2.6.4"
| #define PACKAGE_STRING "the fast lexical analyser generator 2.6.4"
| #define PACKAGE_BUGREPORT "flex-help@lists.sourceforge.net"
| #define PACKAGE_URL ""
| #define HAVE_STDIO_H 1
| #define HAVE_STDLIB_H 1
| #define HAVE_STRING_H 1
| #define HAVE_INTTYPES_H 1
| #define HAVE_STDINT_H 1
| #define HAVE_STRINGS_H 1
| #define HAVE_SYS_STAT_H 1
| #define HAVE_SYS_TYPES_H 1
| #define HAVE_UNISTD_H 1
| #define HAVE_WCHAR_H 1
| #define STDC_HEADERS 1
| #define _ALL_SOURCE 1
| #define _DARWIN_C_SOURCE 1
| #define _GNU_SOURCE 1
| #define _HPUX_ALT_XOPEN_SOCKET_API 1
| #define _NETBSD_SOURCE 1
| #define _OPENBSD_SOURCE 1
| #define _POSIX_PTHREAD_SEMANTICS 1
| #define __STDC_WANT_IEC_60559_ATTRIBS_EXT__ 1
| #define __STDC_WANT_IEC_60559_BFP_EXT__ 1
| #define __STDC_WANT_IEC_60559_DFP_EXT__ 1
| #define __STDC_WANT_IEC_60559_EXT__ 1
| #define __STDC_WANT_IEC_60559_FUNCS_EXT__ 1
| #define __STDC_WANT_IEC_60559_TYPES_EXT__ 1
| #define __STDC_WANT_LIB_EXT2__ 1
| #define __STDC_WANT_MATH_SPEC_FUNCS__ 1
| #define _TANDEM_SOURCE 1
| #define __EXTENSIONS__ 1
| #define HAVE_DLFCN_H 1
| #define LT_OBJDIR ".libs/"
| #define PACKAGE "flex"
| #define VERSION "2.6.4"
| #define ENABLE_NLS 1
| #define HAVE_GETTEXT 1
| #define HAVE_DCGETTEXT 1
| /* end confdefs.h.  */
| 
| /* Override any GCC internal prototype to avoid an error.
|    Use char because int might match the return type of a GCC
|    builtin and then its argument prototype would still apply.  */
| char yywrap ();
| int
| main (void)
| {
| return yywrap ();
|   ;
|   return 0;
| }
configure:16287: gcc -o conftest -O2 -I/home/notlean/openwrt-uboost/staging_dir/host/include  -I/home/notlean/openwrt-uboost/staging_dir/host/include  -L/home/notlean/openwrt-uboost/staging_dir/host/lib  conftest.c -ll   >&5
configure:16287: $? = 0
configure:16307: result: -ll
configure:16323: checking whether yytext is a pointer
configure:16339: gcc -c -O2 -I/home/notlean/openwrt-uboost/staging_dir/host/include  -I/home/notlean/openwrt-uboost/staging_dir/host/include  conftest.c >&5
configure:16339: $? = 0
configure:16346: result: yes
configure:16369: checking for x86_64-pc-linux-gnu-gcc
configure:16401: result: gcc
configure:16799: checking for C compiler version
configure:16808: gcc --version >&5
gcc (Ubuntu 13.3.0-6ubuntu2~24.04) 13.3.0
Copyright (C) 2023 Free Software Foundation, Inc.
This is free software; see the source for copying conditions.  There is NO
warranty; not even for MERCHANTABILITY or FITNESS FOR A PARTICULAR PURPOSE.

configure:16819: $? = 0
configure:16808: gcc -v >&5
Using built-in specs.
COLLECT_GCC=gcc
COLLECT_LTO_WRAPPER=/usr/libexec/gcc/x86_64-linux-gnu/13/lto-wrapper
OFFLOAD_TARGET_NAMES=nvptx-none:amdgcn-amdhsa
OFFLOAD_TARGET_DEFAULT=1
Target: x86_64-linux-gnu
Configured with: ../src/configure -v --with-pkgversion='Ubuntu 13.3.0-6ubuntu2~24.04' --with-bugurl=file:///usr/share/doc/gcc-13/README.Bugs --enable-languages=c,ada,c++,go,d,fortran,objc,obj-c++,m2 --prefix=/usr --with-gcc-major-version-only --program-suffix=-13 --program-prefix=x86_64-linux-gnu- --enable-shared --enable-linker-build-id --libexecdir=/usr/libexec --without-included-gettext --enable-threads=posix --libdir=/usr/lib --enable-nls --enable-bootstrap --enable-clocale=gnu --enable-libstdcxx-debug --enable-libstdcxx-time=yes --with-default-libstdcxx-abi=new --enable-libstdcxx-backtrace --enable-gnu-unique-object --disable-vtable-verify --enable-plugin --enable-default-pie --with-system-zlib --enable-libphobos-checking=release --with-target-system-zlib=auto --enable-objc-gc=auto --enable-multiarch --disable-werror --enable-cet --with-arch-32=i686 --with-abi=m64 --with-multilib-list=m32,m64,mx32 --enable-multilib --with-tune=generic --enable-offload-targets=nvptx-none=/build/gcc-13-fG75Ri/gcc-13-13.3.0/debian/tmp-nvptx/usr,amdgcn-amdhsa=/build/gcc-13-fG75Ri/gcc-13-13.3.0/debian/tmp-gcn/usr --enable-offload-defaulted --without-cuda-driver --enable-checking=release --build=x86_64-linux-gnu --host=x86_64-linux-gnu --target=x86_64-linux-gnu --with-build-config=bootstrap-lto-lean --enable-link-serialization=2
Thread model: posix
Supported LTO compression algorithms: zlib zstd
gcc version 13.3.0 (Ubuntu 13.3.0-6ubuntu2~24.04) 
... rest of stderr output deleted ...
configure:16819: $? = 0
configure:16808: gcc -V >&5
gcc: error: unrecognized command-line option '-V'
gcc: fatal error: no input files
compilation terminated.
configure:16819: $? = 1
configure:16808: gcc -qversion >&5
gcc: error: unrecognized command-line option '-qversion'; did you mean '--version'?
gcc: fatal error: no input files
compilation terminated.
configure:16819: $? = 1
configure:16808: gcc -version >&5
gcc: error: unrecognized command-line option '-version'
gcc: fatal error: no input files
compilation terminated.
configure:16819: $? = 1
configure:16823: checking whether the compiler supports GNU C
configure:16853: result: yes
configure:16864: checking whether gcc accepts -g
configure:16929: result: yes
configure:16949: checking for gcc option to enable C11 features
configure:16982: result: none needed
configure:17098: checking whether gcc understands -c and -o together
configure:17136: result: yes
configure:17188: checking for x86_64-pc-linux-gnu-gcc
configure:17223: result: no
configure:17233: checking for gcc
configure:17254: found /home/notlean/openwrt-uboost/staging_dir/host/bin/gcc
configure:17265: result: gcc
configure:17618: checking for C compiler version
configure:17627: gcc --version >&5
gcc (Ubuntu 13.3.0-6ubuntu2~24.04) 13.3.0
Copyright (C) 2023 Free Software Foundation, Inc.
This is free software; see the source for copying conditions.  There is NO
warranty; not even for MERCHANTABILITY or FITNESS FOR A PARTICULAR PURPOSE.

configure:17638: $? = 0
configure:17627: gcc -v >&5
Using built-in specs.
COLLECT_GCC=gcc
COLLECT_LTO_WRAPPER=/usr/libexec/gcc/x86_64-linux-gnu/13/lto-wrapper
OFFLOAD_TARGET_NAMES=nvptx-none:amdgcn-amdhsa
OFFLOAD_TARGET_DEFAULT=1
Target: x86_64-linux-gnu
Configured with: ../src/configure -v --with-pkgversion='Ubuntu 13.3.0-6ubuntu2~24.04' --with-bugurl=file:///usr/share/doc/gcc-13/README.Bugs --enable-languages=c,ada,c++,go,d,fortran,objc,obj-c++,m2 --prefix=/usr --with-gcc-major-version-only --program-suffix=-13 --program-prefix=x86_64-linux-gnu- --enable-shared --enable-linker-build-id --libexecdir=/usr/libexec --without-included-gettext --enable-threads=posix --libdir=/usr/lib --enable-nls --enable-bootstrap --enable-clocale=gnu --enable-libstdcxx-debug --enable-libstdcxx-time=yes --with-default-libstdcxx-abi=new --enable-libstdcxx-backtrace --enable-gnu-unique-object --disable-vtable-verify --enable-plugin --enable-default-pie --with-system-zlib --enable-libphobos-checking=release --with-target-system-zlib=auto --enable-objc-gc=auto --enable-multiarch --disable-werror --enable-cet --with-arch-32=i686 --with-abi=m64 --with-multilib-list=m32,m64,mx32 --enable-multilib --with-tune=generic --enable-offload-targets=nvptx-none=/build/gcc-13-fG75Ri/gcc-13-13.3.0/debian/tmp-nvptx/usr,amdgcn-amdhsa=/build/gcc-13-fG75Ri/gcc-13-13.3.0/debian/tmp-gcn/usr --enable-offload-defaulted --without-cuda-driver --enable-checking=release --build=x86_64-linux-gnu --host=x86_64-linux-gnu --target=x86_64-linux-gnu --with-build-config=bootstrap-lto-lean --enable-link-serialization=2
Thread model: posix
Supported LTO compression algorithms: zlib zstd
gcc version 13.3.0 (Ubuntu 13.3.0-6ubuntu2~24.04) 
... rest of stderr output deleted ...
configure:17638: $? = 0
configure:17627: gcc -V >&5
gcc: error: unrecognized command-line option '-V'
gcc: fatal error: no input files
compilation terminated.
configure:17638: $? = 1
configure:17627: gcc -qversion >&5
gcc: error: unrecognized command-line option '-qversion'; did you mean '--version'?
gcc: fatal error: no input files
compilation terminated.
configure:17638: $? = 1
configure:17627: gcc -version >&5
gcc: error: unrecognized command-line option '-version'
gcc: fatal error: no input files
compilation terminated.
configure:17638: $? = 1
configure:17642: checking whether the compiler supports GNU C
configure:17662: gcc -c   conftest.c >&5
configure:17662: $? = 0
configure:17672: result: yes
configure:17683: checking whether gcc accepts -g
configure:17704: gcc -c -g  conftest.c >&5
configure:17704: $? = 0
configure:17748: result: yes
configure:17768: checking for gcc option to enable C11 features
configure:17783: gcc  -c -g -O2  conftest.c >&5
configure:17783: $? = 0
configure:17801: result: none needed
configure:17917: checking whether gcc understands -c and -o together
configure:17940: gcc -c conftest.c -o conftest2.
configure:17943: $? = 0
configure:17940: gcc -c conftest.c -o conftest2.
configure:17943: $? = 0
configure:17955: result: yes
configure:17994: checking whether the C compiler works
configure:18016: gcc -g -O2   conftest.c  >&5
configure:18020: $? = 0
configure:18070: result: yes
configure:18073: checking for C compiler default output file name
configure:18075: result: a.out
configure:18081: checking for suffix of executables
configure:18088: gcc -o conftest -g -O2   conftest.c  >&5
configure:18092: $? = 0
configure:18115: result: 
configure:18137: checking whether we are cross compiling
configure:18145: gcc -o conftest -g -O2   conftest.c  >&5
configure:18149: $? = 0
configure:18156: ./conftest
configure:18160: $? = 0
configure:18175: result: no
configure:18181: checking for suffix of object files
configure:18204: gcc -c -g -O2  conftest.c >&5
configure:18208: $? = 0
configure:18230: result: o
configure:18240: checking how to run the C preprocessor
configure:18266: gcc -E  conftest.c
configure:18266: $? = 0
configure:18281: gcc -E  conftest.c
conftest.c:45:10: fatal error: ac_nonexistent.h: No such file or directory
   45 | #include <ac_nonexistent.h>
      |          ^~~~~~~~~~~~~~~~~~
compilation terminated.
configure:18281: $? = 1
configure: failed program was:
| /* confdefs.h */
| #define PACKAGE_NAME "the fast lexical analyser generator"
| #define PACKAGE_TARNAME "flex"
| #define PACKAGE_VERSION "2.6.4"
| #define PACKAGE_STRING "the fast lexical analyser generator 2.6.4"
| #define PACKAGE_BUGREPORT "flex-help@lists.sourceforge.net"
| #define PACKAGE_URL ""
| #define HAVE_STDIO_H 1
| #define HAVE_STDLIB_H 1
| #define HAVE_STRING_H 1
| #define HAVE_INTTYPES_H 1
| #define HAVE_STDINT_H 1
| #define HAVE_STRINGS_H 1
| #define HAVE_SYS_STAT_H 1
| #define HAVE_SYS_TYPES_H 1
| #define HAVE_UNISTD_H 1
| #define HAVE_WCHAR_H 1
| #define STDC_HEADERS 1
| #define _ALL_SOURCE 1
| #define _DARWIN_C_SOURCE 1
| #define _GNU_SOURCE 1
| #define _HPUX_ALT_XOPEN_SOCKET_API 1
| #define _NETBSD_SOURCE 1
| #define _OPENBSD_SOURCE 1
| #define _POSIX_PTHREAD_SEMANTICS 1
| #define __STDC_WANT_IEC_60559_ATTRIBS_EXT__ 1
| #define __STDC_WANT_IEC_60559_BFP_EXT__ 1
| #define __STDC_WANT_IEC_60559_DFP_EXT__ 1
| #define __STDC_WANT_IEC_60559_EXT__ 1
| #define __STDC_WANT_IEC_60559_FUNCS_EXT__ 1
| #define __STDC_WANT_IEC_60559_TYPES_EXT__ 1
| #define __STDC_WANT_LIB_EXT2__ 1
| #define __STDC_WANT_MATH_SPEC_FUNCS__ 1
| #define _TANDEM_SOURCE 1
| #define __EXTENSIONS__ 1
| #define HAVE_DLFCN_H 1
| #define LT_OBJDIR ".libs/"
| #define PACKAGE "flex"
| #define VERSION "2.6.4"
| #define ENABLE_NLS 1
| #define HAVE_GETTEXT 1
| #define HAVE_DCGETTEXT 1
| #define YYTEXT_POINTER 1
| /* end confdefs.h.  */
| #include <ac_nonexistent.h>
configure:18308: result: gcc -E
configure:18322: gcc -E  conftest.c
configure:18322: $? = 0
configure:18337: gcc -E  conftest.c
conftest.c:45:10: fatal error: ac_nonexistent.h: No such file or directory
   45 | #include <ac_nonexistent.h>
      |          ^~~~~~~~~~~~~~~~~~
compilation terminated.
configure:18337: $? = 1
configure: failed program was:
| /* confdefs.h */
| #define PACKAGE_NAME "the fast lexical analyser generator"
| #define PACKAGE_TARNAME "flex"
| #define PACKAGE_VERSION "2.6.4"
| #define PACKAGE_STRING "the fast lexical analyser generator 2.6.4"
| #define PACKAGE_BUGREPORT "flex-help@lists.sourceforge.net"
| #define PACKAGE_URL ""
| #define HAVE_STDIO_H 1
| #define HAVE_STDLIB_H 1
| #define HAVE_STRING_H 1
| #define HAVE_INTTYPES_H 1
| #define HAVE_STDINT_H 1
| #define HAVE_STRINGS_H 1
| #define HAVE_SYS_STAT_H 1
| #define HAVE_SYS_TYPES_H 1
| #define HAVE_UNISTD_H 1
| #define HAVE_WCHAR_H 1
| #define STDC_HEADERS 1
| #define _ALL_SOURCE 1
| #define _DARWIN_C_SOURCE 1
| #define _GNU_SOURCE 1
| #define _HPUX_ALT_XOPEN_SOCKET_API 1
| #define _NETBSD_SOURCE 1
| #define _OPENBSD_SOURCE 1
| #define _POSIX_PTHREAD_SEMANTICS 1
| #define __STDC_WANT_IEC_60559_ATTRIBS_EXT__ 1
| #define __STDC_WANT_IEC_60559_BFP_EXT__ 1
| #define __STDC_WANT_IEC_60559_DFP_EXT__ 1
| #define __STDC_WANT_IEC_60559_EXT__ 1
| #define __STDC_WANT_IEC_60559_FUNCS_EXT__ 1
| #define __STDC_WANT_IEC_60559_TYPES_EXT__ 1
| #define __STDC_WANT_LIB_EXT2__ 1
| #define __STDC_WANT_MATH_SPEC_FUNCS__ 1
| #define _TANDEM_SOURCE 1
| #define __EXTENSIONS__ 1
| #define HAVE_DLFCN_H 1
| #define LT_OBJDIR ".libs/"
| #define PACKAGE "flex"
| #define VERSION "2.6.4"
| #define ENABLE_NLS 1
| #define HAVE_GETTEXT 1
| #define HAVE_DCGETTEXT 1
| #define YYTEXT_POINTER 1
| /* end confdefs.h.  */
| #include <ac_nonexistent.h>
configure:18505: checking for C++ compiler version
configure:18514: g++ --version >&5
g++ (Ubuntu 13.3.0-6ubuntu2~24.04) 13.3.0
Copyright (C) 2023 Free Software Foundation, Inc.
This is free software; see the source for copying conditions.  There is NO
warranty; not even for MERCHANTABILITY or FITNESS FOR A PARTICULAR PURPOSE.

configure:18525: $? = 0
configure:18514: g++ -v >&5
Using built-in specs.
COLLECT_GCC=g++
COLLECT_LTO_WRAPPER=/usr/libexec/gcc/x86_64-linux-gnu/13/lto-wrapper
OFFLOAD_TARGET_NAMES=nvptx-none:amdgcn-amdhsa
OFFLOAD_TARGET_DEFAULT=1
Target: x86_64-linux-gnu
Configured with: ../src/configure -v --with-pkgversion='Ubuntu 13.3.0-6ubuntu2~24.04' --with-bugurl=file:///usr/share/doc/gcc-13/README.Bugs --enable-languages=c,ada,c++,go,d,fortran,objc,obj-c++,m2 --prefix=/usr --with-gcc-major-version-only --program-suffix=-13 --program-prefix=x86_64-linux-gnu- --enable-shared --enable-linker-build-id --libexecdir=/usr/libexec --without-included-gettext --enable-threads=posix --libdir=/usr/lib --enable-nls --enable-bootstrap --enable-clocale=gnu --enable-libstdcxx-debug --enable-libstdcxx-time=yes --with-default-libstdcxx-abi=new --enable-libstdcxx-backtrace --enable-gnu-unique-object --disable-vtable-verify --enable-plugin --enable-default-pie --with-system-zlib --enable-libphobos-checking=release --with-target-system-zlib=auto --enable-objc-gc=auto --enable-multiarch --disable-werror --enable-cet --with-arch-32=i686 --with-abi=m64 --with-multilib-list=m32,m64,mx32 --enable-multilib --with-tune=generic --enable-offload-targets=nvptx-none=/build/gcc-13-fG75Ri/gcc-13-13.3.0/debian/tmp-nvptx/usr,amdgcn-amdhsa=/build/gcc-13-fG75Ri/gcc-13-13.3.0/debian/tmp-gcn/usr --enable-offload-defaulted --without-cuda-driver --enable-checking=release --build=x86_64-linux-gnu --host=x86_64-linux-gnu --target=x86_64-linux-gnu --with-build-config=bootstrap-lto-lean --enable-link-serialization=2
Thread model: posix
Supported LTO compression algorithms: zlib zstd
gcc version 13.3.0 (Ubuntu 13.3.0-6ubuntu2~24.04) 
... rest of stderr output deleted ...
configure:18525: $? = 0
configure:18514: g++ -V >&5
g++: error: unrecognized command-line option '-V'
g++: fatal error: no input files
compilation terminated.
configure:18525: $? = 1
configure:18514: g++ -qversion >&5
g++: error: unrecognized command-line option '-qversion'; did you mean '--version'?
g++: fatal error: no input files
compilation terminated.
configure:18525: $? = 1
configure:18529: checking whether the compiler supports GNU C++
configure:18549: g++ -c  -I/home/notlean/openwrt-uboost/staging_dir/host/include  conftest.cpp >&5
configure:18549: $? = 0
configure:18559: result: yes
configure:18570: checking whether g++ accepts -g
configure:18591: g++ -c -g -I/home/notlean/openwrt-uboost/staging_dir/host/include  conftest.cpp >&5
configure:18591: $? = 0
configure:18635: result: yes
configure:18655: checking for g++ option to enable C++11 features
configure:18670: g++  -c  -I/home/notlean/openwrt-uboost/staging_dir/host/include  conftest.cpp >&5
conftest.cpp: In function 'int main(int, char**)':
conftest.cpp:211:25: warning: empty parentheses were disambiguated as a function declaration [-Wvexing-parse]
  211 |   cxx11test::delegate d2();
      |                         ^~
conftest.cpp:211:25: note: remove parentheses to default-initialize a variable
  211 |   cxx11test::delegate d2();
      |                         ^~
      |                         --
conftest.cpp:211:25: note: or replace parentheses with braces to value-initialize a variable
configure:18670: $? = 0
configure:18688: result: none needed
configure:18770: checking how to run the C++ preprocessor
configure:18792: g++ -E -I/home/notlean/openwrt-uboost/staging_dir/host/include  conftest.cpp
configure:18792: $? = 0
configure:18807: g++ -E -I/home/notlean/openwrt-uboost/staging_dir/host/include  conftest.cpp
conftest.cpp:45:10: fatal error: ac_nonexistent.h: No such file or directory
   45 | #include <ac_nonexistent.h>
      |          ^~~~~~~~~~~~~~~~~~
compilation terminated.
configure:18807: $? = 1
configure: failed program was:
| /* confdefs.h */
| #define PACKAGE_NAME "the fast lexical analyser generator"
| #define PACKAGE_TARNAME "flex"
| #define PACKAGE_VERSION "2.6.4"
| #define PACKAGE_STRING "the fast lexical analyser generator 2.6.4"
| #define PACKAGE_BUGREPORT "flex-help@lists.sourceforge.net"
| #define PACKAGE_URL ""
| #define HAVE_STDIO_H 1
| #define HAVE_STDLIB_H 1
| #define HAVE_STRING_H 1
| #define HAVE_INTTYPES_H 1
| #define HAVE_STDINT_H 1
| #define HAVE_STRINGS_H 1
| #define HAVE_SYS_STAT_H 1
| #define HAVE_SYS_TYPES_H 1
| #define HAVE_UNISTD_H 1
| #define HAVE_WCHAR_H 1
| #define STDC_HEADERS 1
| #define _ALL_SOURCE 1
| #define _DARWIN_C_SOURCE 1
| #define _GNU_SOURCE 1
| #define _HPUX_ALT_XOPEN_SOCKET_API 1
| #define _NETBSD_SOURCE 1
| #define _OPENBSD_SOURCE 1
| #define _POSIX_PTHREAD_SEMANTICS 1
| #define __STDC_WANT_IEC_60559_ATTRIBS_EXT__ 1
| #define __STDC_WANT_IEC_60559_BFP_EXT__ 1
| #define __STDC_WANT_IEC_60559_DFP_EXT__ 1
| #define __STDC_WANT_IEC_60559_EXT__ 1
| #define __STDC_WANT_IEC_60559_FUNCS_EXT__ 1
| #define __STDC_WANT_IEC_60559_TYPES_EXT__ 1
| #define __STDC_WANT_LIB_EXT2__ 1
| #define __STDC_WANT_MATH_SPEC_FUNCS__ 1
| #define _TANDEM_SOURCE 1
| #define __EXTENSIONS__ 1
| #define HAVE_DLFCN_H 1
| #define LT_OBJDIR ".libs/"
| #define PACKAGE "flex"
| #define VERSION "2.6.4"
| #define ENABLE_NLS 1
| #define HAVE_GETTEXT 1
| #define HAVE_DCGETTEXT 1
| #define YYTEXT_POINTER 1
| /* end confdefs.h.  */
| #include <ac_nonexistent.h>
configure:18834: result: g++ -E
configure:18848: g++ -E -I/home/notlean/openwrt-uboost/staging_dir/host/include  conftest.cpp
configure:18848: $? = 0
configure:18863: g++ -E -I/home/notlean/openwrt-uboost/staging_dir/host/include  conftest.cpp
conftest.cpp:45:10: fatal error: ac_nonexistent.h: No such file or directory
   45 | #include <ac_nonexistent.h>
      |          ^~~~~~~~~~~~~~~~~~
compilation terminated.
configure:18863: $? = 1
configure: failed program was:
| /* confdefs.h */
| #define PACKAGE_NAME "the fast lexical analyser generator"
| #define PACKAGE_TARNAME "flex"
| #define PACKAGE_VERSION "2.6.4"
| #define PACKAGE_STRING "the fast lexical analyser generator 2.6.4"
| #define PACKAGE_BUGREPORT "flex-help@lists.sourceforge.net"
| #define PACKAGE_URL ""
| #define HAVE_STDIO_H 1
| #define HAVE_STDLIB_H 1
| #define HAVE_STRING_H 1
| #define HAVE_INTTYPES_H 1
| #define HAVE_STDINT_H 1
| #define HAVE_STRINGS_H 1
| #define HAVE_SYS_STAT_H 1
| #define HAVE_SYS_TYPES_H 1
| #define HAVE_UNISTD_H 1
| #define HAVE_WCHAR_H 1
| #define STDC_HEADERS 1
| #define _ALL_SOURCE 1
| #define _DARWIN_C_SOURCE 1
| #define _GNU_SOURCE 1
| #define _HPUX_ALT_XOPEN_SOCKET_API 1
| #define _NETBSD_SOURCE 1
| #define _OPENBSD_SOURCE 1
| #define _POSIX_PTHREAD_SEMANTICS 1
| #define __STDC_WANT_IEC_60559_ATTRIBS_EXT__ 1
| #define __STDC_WANT_IEC_60559_BFP_EXT__ 1
| #define __STDC_WANT_IEC_60559_DFP_EXT__ 1
| #define __STDC_WANT_IEC_60559_EXT__ 1
| #define __STDC_WANT_IEC_60559_FUNCS_EXT__ 1
| #define __STDC_WANT_IEC_60559_TYPES_EXT__ 1
| #define __STDC_WANT_LIB_EXT2__ 1
| #define __STDC_WANT_MATH_SPEC_FUNCS__ 1
| #define _TANDEM_SOURCE 1
| #define __EXTENSIONS__ 1
| #define HAVE_DLFCN_H 1
| #define LT_OBJDIR ".libs/"
| #define PACKAGE "flex"
| #define VERSION "2.6.4"
| #define ENABLE_NLS 1
| #define HAVE_GETTEXT 1
| #define HAVE_DCGETTEXT 1
| #define YYTEXT_POINTER 1
| /* end confdefs.h.  */
| #include <ac_nonexistent.h>
configure:19028: checking for ld used by g++
configure:19096: result: /usr/bin/ld -m elf_x86_64
configure:19103: checking if the linker (/usr/bin/ld -m elf_x86_64) is GNU ld
configure:19119: result: yes
configure:19174: checking whether the g++ linker (/usr/bin/ld -m elf_x86_64) supports shared libraries
configure:20252: result: yes
configure:20288: g++ -c  -I/home/notlean/openwrt-uboost/staging_dir/host/include  conftest.cpp >&5
configure:20291: $? = 0
configure:20772: checking for g++ option to produce PIC
configure:20780: result: -fPIC -DPIC
configure:20788: checking if g++ PIC flag -fPIC -DPIC works
configure:20807: g++ -c  -I/home/notlean/openwrt-uboost/staging_dir/host/include  -fPIC -DPIC -DPIC conftest.cpp >&5
configure:20811: $? = 0
configure:20824: result: yes
configure:20847: checking if g++ static flag -static works
configure:20876: result: yes
configure:20888: checking if g++ supports -c -o file.o
configure:20910: g++ -c  -I/home/notlean/openwrt-uboost/staging_dir/host/include  -o out/conftest2.o conftest.cpp >&5
configure:20914: $? = 0
configure:20936: result: yes
configure:20941: checking if g++ supports -c -o file.o
configure:20989: result: yes
configure:21019: checking whether the g++ linker (/usr/bin/ld -m elf_x86_64) supports shared libraries
configure:21059: result: yes
configure:21201: checking dynamic linker characteristics
configure:21949: result: GNU/Linux ld.so
configure:22014: checking how to hardcode library paths into programs
configure:22039: result: immediate
configure:22081: checking dependency style of g++
configure:22193: result: none
configure:22209: checking whether ln -s works
configure:22213: result: yes
configure:22224: checking for gawk
configure:22256: result: gawk
configure:22333: checking for help2man
configure:22356: found /home/notlean/openwrt-uboost/staging_dir/host/bin/help2man
configure:22369: result: /home/notlean/openwrt-uboost/staging_dir/host/bin/help2man
configure:22388: checking for gtexi2dvi
configure:22426: result: no
configure:22388: checking for texi2dvi
configure:22426: result: no
configure:22437: WARNING: texi2dvi: program not found: building pdf version of manual will not work
configure:22444: checking for m4 that supports -P
configure:22483: result: /home/notlean/openwrt-uboost/staging_dir/host/bin/m4
configure:22493: checking for indent
configure:22529: result: ${top_srcdir}/build-aux/missing indent
configure:22537: checking if ${top_srcdir}/build-aux/missing indent is GNU indent
configure:22544: result: no
configure:22546: WARNING: ${top_srcdir}/build-aux/missing indent does not appear to be GNU indent; 'make indent' may not function properly
configure:22556: checking for regex.h
configure:22556: gcc -c -O2 -I/home/notlean/openwrt-uboost/staging_dir/host/include  -I/home/notlean/openwrt-uboost/staging_dir/host/include  conftest.c >&5
configure:22556: $? = 0
configure:22556: result: yes
configure:22556: checking for strings.h
configure:22556: result: yes
configure:22556: checking for sys/stat.h
configure:22556: result: yes
configure:22556: checking for sys/wait.h
configure:22556: gcc -c -O2 -I/home/notlean/openwrt-uboost/staging_dir/host/include  -I/home/notlean/openwrt-uboost/staging_dir/host/include  conftest.c >&5
configure:22556: $? = 0
configure:22556: result: yes
configure:22556: checking for unistd.h
configure:22556: result: yes
configure:22569: checking for inttypes.h
configure:22569: result: yes
configure:22575: checking for libintl.h
configure:22575: gcc -c -O2 -I/home/notlean/openwrt-uboost/staging_dir/host/include  -I/home/notlean/openwrt-uboost/staging_dir/host/include  conftest.c >&5
configure:22575: $? = 0
configure:22575: result: yes
configure:22581: checking for limits.h
configure:22581: gcc -c -O2 -I/home/notlean/openwrt-uboost/staging_dir/host/include  -I/home/notlean/openwrt-uboost/staging_dir/host/include  conftest.c >&5
configure:22581: $? = 0
configure:22581: result: yes
configure:22587: checking for locale.h
configure:22587: gcc -c -O2 -I/home/notlean/openwrt-uboost/staging_dir/host/include  -I/home/notlean/openwrt-uboost/staging_dir/host/include  conftest.c >&5
configure:22587: $? = 0
configure:22587: result: yes
configure:22593: checking for malloc.h
configure:22593: gcc -c -O2 -I/home/notlean/openwrt-uboost/staging_dir/host/include  -I/home/notlean/openwrt-uboost/staging_dir/host/include  conftest.c >&5
configure:22593: $? = 0
configure:22593: result: yes
configure:22599: checking for netinet/in.h
configure:22599: gcc -c -O2 -I/home/notlean/openwrt-uboost/staging_dir/host/include  -I/home/notlean/openwrt-uboost/staging_dir/host/include  conftest.c >&5
configure:22599: $? = 0
configure:22599: result: yes
configure:22614: checking for pthread_mutex_lock in -lpthread
configure:22637: gcc -o conftest -O2 -I/home/notlean/openwrt-uboost/staging_dir/host/include  -I/home/notlean/openwrt-uboost/staging_dir/host/include  -L/home/notlean/openwrt-uboost/staging_dir/host/lib  conftest.c -lpthread   >&5
configure:22637: $? = 0
configure:22647: result: yes
configure:22653: checking for pthread.h
configure:22653: gcc -c -O2 -I/home/notlean/openwrt-uboost/staging_dir/host/include  -I/home/notlean/openwrt-uboost/staging_dir/host/include  conftest.c >&5
configure:22653: $? = 0
configure:22653: result: yes
configure:22671: checking for log10 in -lm
configure:22694: gcc -o conftest -O2 -I/home/notlean/openwrt-uboost/staging_dir/host/include  -I/home/notlean/openwrt-uboost/staging_dir/host/include  -L/home/notlean/openwrt-uboost/staging_dir/host/lib  conftest.c -lm   >&5
conftest.c:62:6: warning: conflicting types for built-in function 'log10'; expected 'double(double)' [-Wbuiltin-declaration-mismatch]
   62 | char log10 ();
      |      ^~~~~
conftest.c:1:1: note: 'log10' is declared in header '<math.h>'
    1 | /* confdefs.h */
configure:22694: $? = 0
configure:22704: result: yes
configure:22717: checking for _Bool
configure:22717: gcc -c -O2 -I/home/notlean/openwrt-uboost/staging_dir/host/include  -I/home/notlean/openwrt-uboost/staging_dir/host/include  conftest.c >&5
configure:22717: $? = 0
configure:22717: gcc -c -O2 -I/home/notlean/openwrt-uboost/staging_dir/host/include  -I/home/notlean/openwrt-uboost/staging_dir/host/include  conftest.c >&5
conftest.c: In function 'main':
conftest.c:90:20: error: expected expression before ')' token
   90 | if (sizeof ((_Bool)))
      |                    ^
configure:22717: $? = 1
configure: failed program was:
| /* confdefs.h */
| #define PACKAGE_NAME "the fast lexical analyser generator"
| #define PACKAGE_TARNAME "flex"
| #define PACKAGE_VERSION "2.6.4"
| #define PACKAGE_STRING "the fast lexical analyser generator 2.6.4"
| #define PACKAGE_BUGREPORT "flex-help@lists.sourceforge.net"
| #define PACKAGE_URL ""
| #define HAVE_STDIO_H 1
| #define HAVE_STDLIB_H 1
| #define HAVE_STRING_H 1
| #define HAVE_INTTYPES_H 1
| #define HAVE_STDINT_H 1
| #define HAVE_STRINGS_H 1
| #define HAVE_SYS_STAT_H 1
| #define HAVE_SYS_TYPES_H 1
| #define HAVE_UNISTD_H 1
| #define HAVE_WCHAR_H 1
| #define STDC_HEADERS 1
| #define _ALL_SOURCE 1
| #define _DARWIN_C_SOURCE 1
| #define _GNU_SOURCE 1
| #define _HPUX_ALT_XOPEN_SOCKET_API 1
| #define _NETBSD_SOURCE 1
| #define _OPENBSD_SOURCE 1
| #define _POSIX_PTHREAD_SEMANTICS 1
| #define __STDC_WANT_IEC_60559_ATTRIBS_EXT__ 1
| #define __STDC_WANT_IEC_60559_BFP_EXT__ 1
| #define __STDC_WANT_IEC_60559_DFP_EXT__ 1
| #define __STDC_WANT_IEC_60559_EXT__ 1
| #define __STDC_WANT_IEC_60559_FUNCS_EXT__ 1
| #define __STDC_WANT_IEC_60559_TYPES_EXT__ 1
| #define __STDC_WANT_LIB_EXT2__ 1
| #define __STDC_WANT_MATH_SPEC_FUNCS__ 1
| #define _TANDEM_SOURCE 1
| #define __EXTENSIONS__ 1
| #define HAVE_DLFCN_H 1
| #define LT_OBJDIR ".libs/"
| #define PACKAGE "flex"
| #define VERSION "2.6.4"
| #define ENABLE_NLS 1
| #define HAVE_GETTEXT 1
| #define HAVE_DCGETTEXT 1
| #define YYTEXT_POINTER 1
| #define M4 "/home/notlean/openwrt-uboost/staging_dir/host/bin/m4"
| #define HAVE_REGEX_H 1
| #define HAVE_STRINGS_H 1
| #define HAVE_SYS_STAT_H 1
| #define HAVE_SYS_WAIT_H 1
| #define HAVE_UNISTD_H 1
| #define HAVE_INTTYPES_H 1
| #define HAVE_LIBINTL_H 1
| #define HAVE_LIMITS_H 1
| #define HAVE_LOCALE_H 1
| #define HAVE_MALLOC_H 1
| #define HAVE_NETINET_IN_H 1
| #define HAVE_PTHREAD_H 1
| #define HAVE_LIBM 1
| /* end confdefs.h.  */
| #include <stddef.h>
| #ifdef HAVE_STDIO_H
| # include <stdio.h>
| #endif
| #ifdef HAVE_STDLIB_H
| # include <stdlib.h>
| #endif
| #ifdef HAVE_STRING_H
| # include <string.h>
| #endif
| #ifdef HAVE_INTTYPES_H
| # include <inttypes.h>
| #endif
| #ifdef HAVE_STDINT_H
| # include <stdint.h>
| #endif
| #ifdef HAVE_STRINGS_H
| # include <strings.h>
| #endif
| #ifdef HAVE_SYS_TYPES_H
| # include <sys/types.h>
| #endif
| #ifdef HAVE_SYS_STAT_H
| # include <sys/stat.h>
| #endif
| #ifdef HAVE_UNISTD_H
| # include <unistd.h>
| #endif
| int
| main (void)
| {
| if (sizeof ((_Bool)))
| 	    return 0;
|   ;
|   return 0;
| }
configure:22717: result: yes
configure:22726: checking for stdbool.h that conforms to C99
configure:22842: gcc -c -O2 -I/home/notlean/openwrt-uboost/staging_dir/host/include  -I/home/notlean/openwrt-uboost/staging_dir/host/include  conftest.c >&5
configure:22842: $? = 0
configure:22850: result: yes
configure:22859: checking for an ANSI C-conforming const
configure:22926: gcc -c -O2 -I/home/notlean/openwrt-uboost/staging_dir/host/include  -I/home/notlean/openwrt-uboost/staging_dir/host/include  conftest.c >&5
configure:22926: $? = 0
configure:22934: result: yes
configure:22942: checking for size_t
configure:22942: gcc -c -O2 -I/home/notlean/openwrt-uboost/staging_dir/host/include  -I/home/notlean/openwrt-uboost/staging_dir/host/include  conftest.c >&5
configure:22942: $? = 0
configure:22942: gcc -c -O2 -I/home/notlean/openwrt-uboost/staging_dir/host/include  -I/home/notlean/openwrt-uboost/staging_dir/host/include  conftest.c >&5
conftest.c: In function 'main':
conftest.c:92:21: error: expected expression before ')' token
   92 | if (sizeof ((size_t)))
      |                     ^
configure:22942: $? = 1
configure: failed program was:
| /* confdefs.h */
| #define PACKAGE_NAME "the fast lexical analyser generator"
| #define PACKAGE_TARNAME "flex"
| #define PACKAGE_VERSION "2.6.4"
| #define PACKAGE_STRING "the fast lexical analyser generator 2.6.4"
| #define PACKAGE_BUGREPORT "flex-help@lists.sourceforge.net"
| #define PACKAGE_URL ""
| #define HAVE_STDIO_H 1
| #define HAVE_STDLIB_H 1
| #define HAVE_STRING_H 1
| #define HAVE_INTTYPES_H 1
| #define HAVE_STDINT_H 1
| #define HAVE_STRINGS_H 1
| #define HAVE_SYS_STAT_H 1
| #define HAVE_SYS_TYPES_H 1
| #define HAVE_UNISTD_H 1
| #define HAVE_WCHAR_H 1
| #define STDC_HEADERS 1
| #define _ALL_SOURCE 1
| #define _DARWIN_C_SOURCE 1
| #define _GNU_SOURCE 1
| #define _HPUX_ALT_XOPEN_SOCKET_API 1
| #define _NETBSD_SOURCE 1
| #define _OPENBSD_SOURCE 1
| #define _POSIX_PTHREAD_SEMANTICS 1
| #define __STDC_WANT_IEC_60559_ATTRIBS_EXT__ 1
| #define __STDC_WANT_IEC_60559_BFP_EXT__ 1
| #define __STDC_WANT_IEC_60559_DFP_EXT__ 1
| #define __STDC_WANT_IEC_60559_EXT__ 1
| #define __STDC_WANT_IEC_60559_FUNCS_EXT__ 1
| #define __STDC_WANT_IEC_60559_TYPES_EXT__ 1
| #define __STDC_WANT_LIB_EXT2__ 1
| #define __STDC_WANT_MATH_SPEC_FUNCS__ 1
| #define _TANDEM_SOURCE 1
| #define __EXTENSIONS__ 1
| #define HAVE_DLFCN_H 1
| #define LT_OBJDIR ".libs/"
| #define PACKAGE "flex"
| #define VERSION "2.6.4"
| #define ENABLE_NLS 1
| #define HAVE_GETTEXT 1
| #define HAVE_DCGETTEXT 1
| #define YYTEXT_POINTER 1
| #define M4 "/home/notlean/openwrt-uboost/staging_dir/host/bin/m4"
| #define HAVE_REGEX_H 1
| #define HAVE_STRINGS_H 1
| #define HAVE_SYS_STAT_H 1
| #define HAVE_SYS_WAIT_H 1
| #define HAVE_UNISTD_H 1
| #define HAVE_INTTYPES_H 1
| #define HAVE_LIBINTL_H 1
| #define HAVE_LIMITS_H 1
| #define HAVE_LOCALE_H 1
| #define HAVE_MALLOC_H 1
| #define HAVE_NETINET_IN_H 1
| #define HAVE_PTHREAD_H 1
| #define HAVE_LIBM 1
| #define HAVE__BOOL 1
| #define HAVE_STDBOOL_H 1
| /* end confdefs.h.  */
| #include <stddef.h>
| #ifdef HAVE_STDIO_H
| # include <stdio.h>
| #endif
| #ifdef HAVE_STDLIB_H
| # include <stdlib.h>
| #endif
| #ifdef HAVE_STRING_H
| # include <string.h>
| #endif
| #ifdef HAVE_INTTYPES_H
| # include <inttypes.h>
| #endif
| #ifdef HAVE_STDINT_H
| # include <stdint.h>
| #endif
| #ifdef HAVE_STRINGS_H
| # include <strings.h>
| #endif
| #ifdef HAVE_SYS_TYPES_H
| # include <sys/types.h>
| #endif
| #ifdef HAVE_SYS_STAT_H
| # include <sys/stat.h>
| #endif
| #ifdef HAVE_UNISTD_H
| # include <unistd.h>
| #endif
| int
| main (void)
| {
| if (sizeof ((size_t)))
| 	    return 0;
|   ;
|   return 0;
| }
configure:22942: result: yes
configure:22957: checking for working alloca.h
configure:22975: gcc -o conftest -O2 -I/home/notlean/openwrt-uboost/staging_dir/host/include  -I/home/notlean/openwrt-uboost/staging_dir/host/include  -L/home/notlean/openwrt-uboost/staging_dir/host/lib  conftest.c -lm  >&5
configure:22975: $? = 0
configure:22984: result: yes
configure:22992: checking for alloca
configure:23037: result: yes
configure:23105: checking for pid_t
configure:23105: gcc -c -O2 -I/home/notlean/openwrt-uboost/staging_dir/host/include  -I/home/notlean/openwrt-uboost/staging_dir/host/include  conftest.c >&5
configure:23105: $? = 0
configure:23105: gcc -c -O2 -I/home/notlean/openwrt-uboost/staging_dir/host/include  -I/home/notlean/openwrt-uboost/staging_dir/host/include  conftest.c >&5
conftest.c: In function 'main':
conftest.c:95:20: error: expected expression before ')' token
   95 | if (sizeof ((pid_t)))
      |                    ^
configure:23105: $? = 1
configure: failed program was:
| /* confdefs.h */
| #define PACKAGE_NAME "the fast lexical analyser generator"
| #define PACKAGE_TARNAME "flex"
| #define PACKAGE_VERSION "2.6.4"
| #define PACKAGE_STRING "the fast lexical analyser generator 2.6.4"
| #define PACKAGE_BUGREPORT "flex-help@lists.sourceforge.net"
| #define PACKAGE_URL ""
| #define HAVE_STDIO_H 1
| #define HAVE_STDLIB_H 1
| #define HAVE_STRING_H 1
| #define HAVE_INTTYPES_H 1
| #define HAVE_STDINT_H 1
| #define HAVE_STRINGS_H 1
| #define HAVE_SYS_STAT_H 1
| #define HAVE_SYS_TYPES_H 1
| #define HAVE_UNISTD_H 1
| #define HAVE_WCHAR_H 1
| #define STDC_HEADERS 1
| #define _ALL_SOURCE 1
| #define _DARWIN_C_SOURCE 1
| #define _GNU_SOURCE 1
| #define _HPUX_ALT_XOPEN_SOCKET_API 1
| #define _NETBSD_SOURCE 1
| #define _OPENBSD_SOURCE 1
| #define _POSIX_PTHREAD_SEMANTICS 1
| #define __STDC_WANT_IEC_60559_ATTRIBS_EXT__ 1
| #define __STDC_WANT_IEC_60559_BFP_EXT__ 1
| #define __STDC_WANT_IEC_60559_DFP_EXT__ 1
| #define __STDC_WANT_IEC_60559_EXT__ 1
| #define __STDC_WANT_IEC_60559_FUNCS_EXT__ 1
| #define __STDC_WANT_IEC_60559_TYPES_EXT__ 1
| #define __STDC_WANT_LIB_EXT2__ 1
| #define __STDC_WANT_MATH_SPEC_FUNCS__ 1
| #define _TANDEM_SOURCE 1
| #define __EXTENSIONS__ 1
| #define HAVE_DLFCN_H 1
| #define LT_OBJDIR ".libs/"
| #define PACKAGE "flex"
| #define VERSION "2.6.4"
| #define ENABLE_NLS 1
| #define HAVE_GETTEXT 1
| #define HAVE_DCGETTEXT 1
| #define YYTEXT_POINTER 1
| #define M4 "/home/notlean/openwrt-uboost/staging_dir/host/bin/m4"
| #define HAVE_REGEX_H 1
| #define HAVE_STRINGS_H 1
| #define HAVE_SYS_STAT_H 1
| #define HAVE_SYS_WAIT_H 1
| #define HAVE_UNISTD_H 1
| #define HAVE_INTTYPES_H 1
| #define HAVE_LIBINTL_H 1
| #define HAVE_LIMITS_H 1
| #define HAVE_LOCALE_H 1
| #define HAVE_MALLOC_H 1
| #define HAVE_NETINET_IN_H 1
| #define HAVE_PTHREAD_H 1
| #define HAVE_LIBM 1
| #define HAVE__BOOL 1
| #define HAVE_STDBOOL_H 1
| #define HAVE_ALLOCA_H 1
| #define HAVE_ALLOCA 1
| /* end confdefs.h.  */
| #include <stddef.h>
| #ifdef HAVE_STDIO_H
| # include <stdio.h>
| #endif
| #ifdef HAVE_STDLIB_H
| # include <stdlib.h>
| #endif
| #ifdef HAVE_STRING_H
| # include <string.h>
| #endif
| #ifdef HAVE_INTTYPES_H
| # include <inttypes.h>
| #endif
| #ifdef HAVE_STDINT_H
| # include <stdint.h>
| #endif
| #ifdef HAVE_STRINGS_H
| # include <strings.h>
| #endif
| #ifdef HAVE_SYS_TYPES_H
| # include <sys/types.h>
| #endif
| #ifdef HAVE_SYS_STAT_H
| # include <sys/stat.h>
| #endif
| #ifdef HAVE_UNISTD_H
| # include <unistd.h>
| #endif
| 
| int
| main (void)
| {
| if (sizeof ((pid_t)))
| 	    return 0;
|   ;
|   return 0;
| }
configure:23105: result: yes
configure:23146: checking for fork
configure:23146: gcc -o conftest -O2 -I/home/notlean/openwrt-uboost/staging_dir/host/include  -I/home/notlean/openwrt-uboost/staging_dir/host/include  -L/home/notlean/openwrt-uboost/staging_dir/host/lib  conftest.c -lm  >&5
conftest.c:79:6: warning: conflicting types for built-in function 'fork'; expected 'int(void)' [-Wbuiltin-declaration-mismatch]
   79 | char fork ();
      |      ^~~~
configure:23146: $? = 0
configure:23146: result: yes
configure:23146: checking for vfork
configure:23146: gcc -o conftest -O2 -I/home/notlean/openwrt-uboost/staging_dir/host/include  -I/home/notlean/openwrt-uboost/staging_dir/host/include  -L/home/notlean/openwrt-uboost/staging_dir/host/lib  conftest.c -lm  >&5
configure:23146: $? = 0
configure:23146: result: yes
configure:23159: checking for working fork
configure:23183: gcc -o conftest -O2 -I/home/notlean/openwrt-uboost/staging_dir/host/include  -I/home/notlean/openwrt-uboost/staging_dir/host/include  -L/home/notlean/openwrt-uboost/staging_dir/host/lib  conftest.c -lm  >&5
configure:23183: $? = 0
configure:23183: ./conftest
configure:23183: $? = 0
configure:23194: result: yes
configure:23215: checking for working vfork
configure:23344: result: yes
configure:23369: checking for GNU libc compatible malloc
configure:23401: gcc -o conftest -O2 -I/home/notlean/openwrt-uboost/staging_dir/host/include  -I/home/notlean/openwrt-uboost/staging_dir/host/include  -L/home/notlean/openwrt-uboost/staging_dir/host/lib  conftest.c -lm  >&5
configure:23401: $? = 0
configure:23401: ./conftest
configure:23401: $? = 0
configure:23412: result: yes
configure:23439: checking for GNU libc compatible realloc
configure:23471: gcc -o conftest -O2 -I/home/notlean/openwrt-uboost/staging_dir/host/include  -I/home/notlean/openwrt-uboost/staging_dir/host/include  -L/home/notlean/openwrt-uboost/staging_dir/host/lib  conftest.c -lm  >&5
configure:23471: $? = 0
configure:23471: ./conftest
configure:23471: $? = 0
configure:23482: result: yes
configure:23514: checking for dup2
configure:23514: gcc -o conftest -O2 -I/home/notlean/openwrt-uboost/staging_dir/host/include  -I/home/notlean/openwrt-uboost/staging_dir/host/include  -L/home/notlean/openwrt-uboost/staging_dir/host/lib  conftest.c -lm  >&5
configure:23514: $? = 0
configure:23514: result: yes
configure:23514: checking for memset
configure:23514: gcc -o conftest -O2 -I/home/notlean/openwrt-uboost/staging_dir/host/include  -I/home/notlean/openwrt-uboost/staging_dir/host/include  -L/home/notlean/openwrt-uboost/staging_dir/host/lib  conftest.c -lm  >&5
conftest.c:86:6: warning: conflicting types for built-in function 'memset'; expected 'void *(void *, int,  long unsigned int)' [-Wbuiltin-declaration-mismatch]
   86 | char memset ();
      |      ^~~~~~
conftest.c:78:1: note: 'memset' is declared in header '<string.h>'
   77 | #include <limits.h>
   78 | #undef memset
configure:23514: $? = 0
configure:23514: result: yes
configure:23514: checking for regcomp
configure:23514: gcc -o conftest -O2 -I/home/notlean/openwrt-uboost/staging_dir/host/include  -I/home/notlean/openwrt-uboost/staging_dir/host/include  -L/home/notlean/openwrt-uboost/staging_dir/host/lib  conftest.c -lm  >&5
configure:23514: $? = 0
configure:23514: result: yes
configure:23514: checking for strcasecmp
configure:23514: gcc -o conftest -O2 -I/home/notlean/openwrt-uboost/staging_dir/host/include  -I/home/notlean/openwrt-uboost/staging_dir/host/include  -L/home/notlean/openwrt-uboost/staging_dir/host/lib  conftest.c -lm  >&5
conftest.c:88:6: warning: conflicting types for built-in function 'strcasecmp'; expected 'int(const char *, const char *)' [-Wbuiltin-declaration-mismatch]
   88 | char strcasecmp ();
      |      ^~~~~~~~~~
configure:23514: $? = 0
configure:23514: result: yes
configure:23514: checking for strchr
configure:23514: gcc -o conftest -O2 -I/home/notlean/openwrt-uboost/staging_dir/host/include  -I/home/notlean/openwrt-uboost/staging_dir/host/include  -L/home/notlean/openwrt-uboost/staging_dir/host/lib  conftest.c -lm  >&5
conftest.c:89:6: warning: conflicting types for built-in function 'strchr'; expected 'char *(const char *, int)' [-Wbuiltin-declaration-mismatch]
   89 | char strchr ();
      |      ^~~~~~
conftest.c:81:1: note: 'strchr' is declared in header '<string.h>'
   80 | #include <limits.h>
   81 | #undef strchr
configure:23514: $? = 0
configure:23514: result: yes
configure:23514: checking for strdup
configure:23514: gcc -o conftest -O2 -I/home/notlean/openwrt-uboost/staging_dir/host/include  -I/home/notlean/openwrt-uboost/staging_dir/host/include  -L/home/notlean/openwrt-uboost/staging_dir/host/lib  conftest.c -lm  >&5
conftest.c:90:6: warning: conflicting types for built-in function 'strdup'; expected 'char *(const char *)' [-Wbuiltin-declaration-mismatch]
   90 | char strdup ();
      |      ^~~~~~
configure:23514: $? = 0
configure:23514: result: yes
configure:23514: checking for strtol
configure:23514: gcc -o conftest -O2 -I/home/notlean/openwrt-uboost/staging_dir/host/include  -I/home/notlean/openwrt-uboost/staging_dir/host/include  -L/home/notlean/openwrt-uboost/staging_dir/host/lib  conftest.c -lm  >&5
configure:23514: $? = 0
configure:23514: result: yes
configure:23528: checking for pow
configure:23528: gcc -o conftest -O2 -I/home/notlean/openwrt-uboost/staging_dir/host/include  -I/home/notlean/openwrt-uboost/staging_dir/host/include  -L/home/notlean/openwrt-uboost/staging_dir/host/lib  conftest.c -lm  >&5
conftest.c:92:6: warning: conflicting types for built-in function 'pow'; expected 'double(double,  double)' [-Wbuiltin-declaration-mismatch]
   92 | char pow ();
      |      ^~~
conftest.c:84:1: note: 'pow' is declared in header '<math.h>'
   83 | #include <limits.h>
   84 | #undef pow
configure:23528: $? = 0
configure:23528: result: yes
configure:23534: checking for setlocale
configure:23534: gcc -o conftest -O2 -I/home/notlean/openwrt-uboost/staging_dir/host/include  -I/home/notlean/openwrt-uboost/staging_dir/host/include  -L/home/notlean/openwrt-uboost/staging_dir/host/lib  conftest.c -lm  >&5
configure:23534: $? = 0
configure:23534: result: yes
configure:23540: checking for reallocarray
configure:23540: gcc -o conftest -O2 -I/home/notlean/openwrt-uboost/staging_dir/host/include  -I/home/notlean/openwrt-uboost/staging_dir/host/include  -L/home/notlean/openwrt-uboost/staging_dir/host/lib  conftest.c -lm  >&5
configure:23540: $? = 0
configure:23540: result: yes
configure:23652: checking that generated files are newer than configure
configure:23658: result: done
configure:23701: creating ./config.status

## ---------------------- ##
## Running config.status. ##
## ---------------------- ##

This file was extended by the fast lexical analyser generator config.status 2.6.4, which was
generated by GNU Autoconf 2.71.  Invocation command line was

  CONFIG_FILES    = 
  CONFIG_HEADERS  = 
  CONFIG_LINKS    = 
  CONFIG_COMMANDS = 
  $ ./config.status 

on Notlean

config.status:1263: creating Makefile
config.status:1263: creating doc/Makefile
config.status:1263: creating examples/Makefile
config.status:1263: creating examples/fastwc/Makefile
config.status:1263: creating examples/manual/Makefile
config.status:1263: creating po/Makefile.in
config.status:1263: creating src/Makefile
config.status:1263: creating tools/Makefile
config.status:1263: creating tests/Makefile
config.status:1263: creating src/config.h
config.status:1492: executing libtool commands
config.status:1492: executing depfiles commands
config.status:1492: executing po-directories commands

## ---------------- ##
## Cache variables. ##
## ---------------- ##

ac_cv_build=x86_64-pc-linux-gnu
ac_cv_build_objext=o
ac_cv_build_prog_CPP='gcc -E'
ac_cv_build_prog_cc_c11=
ac_cv_build_prog_cc_g=yes
ac_cv_c_compiler_gnu=yes
ac_cv_c_const=yes
ac_cv_cxx_compiler_gnu=yes
ac_cv_env_CCC_set=
ac_cv_env_CCC_value=
ac_cv_env_CC_set=set
ac_cv_env_CC_value=gcc
ac_cv_env_CFLAGS_set=set
ac_cv_env_CFLAGS_value='-O2 -I/home/notlean/openwrt-uboost/staging_dir/host/include '
ac_cv_env_CPPFLAGS_set=set
ac_cv_env_CPPFLAGS_value='-I/home/notlean/openwrt-uboost/staging_dir/host/include '
ac_cv_env_CPP_set=
ac_cv_env_CPP_value=
ac_cv_env_CXXCPP_set=
ac_cv_env_CXXCPP_value=
ac_cv_env_CXXFLAGS_set=set
ac_cv_env_CXXFLAGS_value=
ac_cv_env_CXX_set=set
ac_cv_env_CXX_value=g++
ac_cv_env_LDFLAGS_set=set
ac_cv_env_LDFLAGS_value='-L/home/notlean/openwrt-uboost/staging_dir/host/lib '
ac_cv_env_LIBS_set=
ac_cv_env_LIBS_value=
ac_cv_env_LT_SYS_LIBRARY_PATH_set=
ac_cv_env_LT_SYS_LIBRARY_PATH_value=
ac_cv_env_YACC_set=
ac_cv_env_YACC_value=
ac_cv_env_YFLAGS_set=
ac_cv_env_YFLAGS_value=
ac_cv_env_build_alias_set=set
ac_cv_env_build_alias_value=x86_64-pc-linux-gnu
ac_cv_env_host_alias_set=set
ac_cv_env_host_alias_value=x86_64-pc-linux-gnu
ac_cv_env_target_alias_set=set
ac_cv_env_target_alias_value=x86_64-pc-linux-gnu
ac_cv_func_alloca_works=yes
ac_cv_func_dup2=yes
ac_cv_func_fork=yes
ac_cv_func_fork_works=yes
ac_cv_func_malloc_0_nonnull=yes
ac_cv_func_memset=yes
ac_cv_func_pow=yes
ac_cv_func_realloc_0_nonnull=yes
ac_cv_func_reallocarray=yes
ac_cv_func_regcomp=yes
ac_cv_func_setlocale=yes
ac_cv_func_strcasecmp=yes
ac_cv_func_strchr=yes
ac_cv_func_strdup=yes
ac_cv_func_strtol=yes
ac_cv_func_vfork=yes
ac_cv_func_vfork_works=yes
ac_cv_header_dlfcn_h=yes
ac_cv_header_inttypes_h=yes
ac_cv_header_libintl_h=yes
ac_cv_header_limits_h=yes
ac_cv_header_locale_h=yes
ac_cv_header_malloc_h=yes
ac_cv_header_minix_config_h=no
ac_cv_header_netinet_in_h=yes
ac_cv_header_pthread_h=yes
ac_cv_header_regex_h=yes
ac_cv_header_stdbool_h=yes
ac_cv_header_stdint_h=yes
ac_cv_header_stdio_h=yes
ac_cv_header_stdlib_h=yes
ac_cv_header_string_h=yes
ac_cv_header_strings_h=yes
ac_cv_header_sys_stat_h=yes
ac_cv_header_sys_types_h=yes
ac_cv_header_sys_wait_h=yes
ac_cv_header_unistd_h=yes
ac_cv_header_vfork_h=no
ac_cv_header_wchar_h=yes
ac_cv_host=x86_64-pc-linux-gnu
ac_cv_lib_lex='none needed'
ac_cv_lib_m_log10=yes
ac_cv_lib_pthread_pthread_mutex_lock=yes
ac_cv_objext=o
ac_cv_path_EGREP='/home/notlean/openwrt-uboost/staging_dir/host/bin/grep -E'
ac_cv_path_FGREP='/home/notlean/openwrt-uboost/staging_dir/host/bin/grep -F'
ac_cv_path_GMSGFMT=/usr/bin/msgfmt
ac_cv_path_GREP=/home/notlean/openwrt-uboost/staging_dir/host/bin/grep
ac_cv_path_HELP2MAN=/home/notlean/openwrt-uboost/staging_dir/host/bin/help2man
ac_cv_path_INDENT='${top_srcdir}/build-aux/missing indent'
ac_cv_path_M4=/home/notlean/openwrt-uboost/staging_dir/host/bin/m4
ac_cv_path_MSGFMT=/usr/bin/msgfmt
ac_cv_path_MSGMERGE=/usr/bin/msgmerge
ac_cv_path_SED=/home/notlean/openwrt-uboost/staging_dir/host/bin/sed
ac_cv_path_XGETTEXT=/usr/bin/xgettext
ac_cv_path_install='/home/notlean/openwrt-uboost/staging_dir/host/bin/install -c'
ac_cv_path_lt_DD=/usr/bin/dd
ac_cv_path_mkdir=/usr/bin/mkdir
ac_cv_prog_AWK=gawk
ac_cv_prog_CC=gcc
ac_cv_prog_CPP='gcc -E'
ac_cv_prog_CXXCPP='g++ -E'
ac_cv_prog_LEX=flex
ac_cv_prog_YACC='bison -y'
ac_cv_prog_ac_ct_AR=ar
ac_cv_prog_ac_ct_CC_FOR_BUILD=gcc
ac_cv_prog_ac_ct_FILECMD=file
ac_cv_prog_ac_ct_MANIFEST_TOOL=mt
ac_cv_prog_ac_ct_OBJDUMP=objdump
ac_cv_prog_ac_ct_RANLIB=ranlib
ac_cv_prog_ac_ct_STRIP=strip
ac_cv_prog_cc_c11=
ac_cv_prog_cc_g=yes
ac_cv_prog_cc_stdc=
ac_cv_prog_cxx_11=no
ac_cv_prog_cxx_cxx11=
ac_cv_prog_cxx_g=yes
ac_cv_prog_cxx_stdcxx=
ac_cv_prog_lex_root=lex.yy
ac_cv_prog_lex_yytext_pointer=yes
ac_cv_prog_make_make_set=yes
ac_cv_safe_to_define___extensions__=yes
ac_cv_search_yywrap=-ll
ac_cv_should_define__xopen_source=no
ac_cv_type__Bool=yes
ac_cv_type_pid_t=yes
ac_cv_type_size_t=yes
ac_cv_working_alloca_h=yes
acl_cv_hardcode_direct=no
acl_cv_hardcode_libdir_flag_spec='${wl}-rpath ${wl}$libdir'
acl_cv_hardcode_libdir_separator=
acl_cv_hardcode_minus_L=no
acl_cv_libdirstems=lib,lib,lib64
acl_cv_libext=a
acl_cv_libname_spec='lib$name'
acl_cv_library_names_spec='$libname$shrext'
acl_cv_prog_gnu_ld=yes
acl_cv_rpath=done
acl_cv_shlibext=so
acl_cv_wl=-Wl,
am_cv_CC_dependencies_compiler_type=none
am_cv_CXX_dependencies_compiler_type=none
am_cv_build_prog_cc_c_o=yes
am_cv_make_support_nested_variables=yes
am_cv_prog_cc_c_o=yes
gl_cv_elf=yes
gl_cv_host_cpu_c_abi_32bit=no
gt_cv_func_CFLocaleCopyPreferredLanguages=no
gt_cv_func_CFPreferencesCopyAppValue=no
gt_cv_func_gnugettext1_libc=yes
lt_cv_ar_at_file=@
lt_cv_deplibs_check_method=pass_all
lt_cv_file_magic_cmd='$MAGIC_CMD'
lt_cv_file_magic_test_file=
lt_cv_ld_reload_flag=-r
lt_cv_nm_interface='BSD nm'
lt_cv_objdir=.libs
lt_cv_path_LD=/usr/bin/ld
lt_cv_path_LDCXX='/usr/bin/ld -m elf_x86_64'
lt_cv_path_NM='/usr/bin/nm -B'
lt_cv_path_mainfest_tool=no
lt_cv_prog_compiler_c_o=yes
lt_cv_prog_compiler_c_o_CXX=yes
lt_cv_prog_compiler_pic='-fPIC -DPIC'
lt_cv_prog_compiler_pic_CXX='-fPIC -DPIC'
lt_cv_prog_compiler_pic_works=yes
lt_cv_prog_compiler_pic_works_CXX=yes
lt_cv_prog_compiler_rtti_exceptions=no
lt_cv_prog_compiler_static_works=yes
lt_cv_prog_compiler_static_works_CXX=yes
lt_cv_prog_gnu_ld=yes
lt_cv_prog_gnu_ldcxx=yes
lt_cv_sharedlib_from_linklib_cmd='printf %s\n'
lt_cv_shlibpath_overrides_runpath=yes
lt_cv_sys_global_symbol_pipe='/home/notlean/openwrt-uboost/staging_dir/host/bin/sed -n -e '\''s/^.*[	 ]\([ABCDGIRSTW][ABCDGIRSTW]*\)[	 ][	 ]*\([_A-Za-z][_A-Za-z0-9]*\)$/\1 \2 \2/p'\'' | /home/notlean/openwrt-uboost/staging_dir/host/bin/sed '\''/ __gnu_lto/d'\'''
lt_cv_sys_global_symbol_to_c_name_address='/home/notlean/openwrt-uboost/staging_dir/host/bin/sed -n -e '\''s/^: \(.*\) .*$/  {"\1", (void *) 0},/p'\'' -e '\''s/^[ABCDGIRSTW][ABCDGIRSTW]* .* \(.*\)$/  {"\1", (void *) \&\1},/p'\'''
lt_cv_sys_global_symbol_to_c_name_address_lib_prefix='/home/notlean/openwrt-uboost/staging_dir/host/bin/sed -n -e '\''s/^: \(.*\) .*$/  {"\1", (void *) 0},/p'\'' -e '\''s/^[ABCDGIRSTW][ABCDGIRSTW]* .* \(lib.*\)$/  {"\1", (void *) \&\1},/p'\'' -e '\''s/^[ABCDGIRSTW][ABCDGIRSTW]* .* \(.*\)$/  {"lib\1", (void *) \&\1},/p'\'''
lt_cv_sys_global_symbol_to_cdecl='/home/notlean/openwrt-uboost/staging_dir/host/bin/sed -n -e '\''s/^T .* \(.*\)$/extern int \1();/p'\'' -e '\''s/^[ABCDGIRSTW][ABCDGIRSTW]* .* \(.*\)$/extern char \1;/p'\'''
lt_cv_sys_global_symbol_to_import=
lt_cv_sys_max_cmd_len=1572864
lt_cv_to_host_file_cmd=func_convert_file_noop
lt_cv_to_tool_file_cmd=func_convert_file_noop
lt_cv_truncate_bin='/usr/bin/dd bs=4096 count=1'

## ----------------- ##
## Output variables. ##
## ----------------- ##

ACLOCAL='${SHELL} '\''/home/notlean/openwrt-uboost/build_dir/host/flex-2.6.4/build-aux/missing'\'' aclocal-1.16'
ALLOCA=''
AMDEPBACKSLASH=''
AMDEP_FALSE=''
AMDEP_TRUE='#'
AMTAR='$${TAR-tar}'
AM_BACKSLASH='\'
AM_DEFAULT_V='$(AM_DEFAULT_VERBOSITY)'
AM_DEFAULT_VERBOSITY='1'
AM_V='$(shell if ( test "x$(V)" = "x0" ); then echo 0; elif ( test "x$(V)" = "x" ); then echo $(AM_DEFAULT_VERBOSITY); else echo 1; fi)'
AR='ar'
AUTOCONF='${SHELL} '\''/home/notlean/openwrt-uboost/build_dir/host/flex-2.6.4/build-aux/missing'\'' autoconf'
AUTOHEADER='${SHELL} '\''/home/notlean/openwrt-uboost/build_dir/host/flex-2.6.4/build-aux/missing'\'' autoheader'
AUTOMAKE='${SHELL} '\''/home/notlean/openwrt-uboost/build_dir/host/flex-2.6.4/build-aux/missing'\'' automake-1.16'
AWK='gawk'
BUILD_EXEEXT=''
BUILD_OBJEXT=''
CC='gcc'
CCDEPMODE='depmode=none'
CC_FOR_BUILD='gcc'
CFLAGS='-O2 -I/home/notlean/openwrt-uboost/staging_dir/host/include '
CFLAGS_FOR_BUILD='-g -O2'
CPP='gcc -E'
CPPFLAGS='-I/home/notlean/openwrt-uboost/staging_dir/host/include '
CPPFLAGS_FOR_BUILD=''
CPP_FOR_BUILD='gcc -E'
CROSS_FALSE=''
CROSS_TRUE='#'
CSCOPE='cscope'
CTAGS='ctags'
CXX='g++'
CXXCPP='g++ -E'
CXXDEPMODE='depmode=none'
CXXFLAGS=''
CYGPATH_W='echo'
DEFS='-DHAVE_CONFIG_H'
DEPDIR='.deps'
DLLTOOL='false'
DSYMUTIL=''
DUMPBIN=''
ECHO_C=''
ECHO_N='-n'
ECHO_T=''
EGREP='/home/notlean/openwrt-uboost/staging_dir/host/bin/grep -E'
ENABLE_BOOTSTRAP_FALSE='#'
ENABLE_BOOTSTRAP_TRUE=''
ENABLE_LIBFL_FALSE='#'
ENABLE_LIBFL_TRUE=''
ETAGS='etags'
EXEEXT=''
FGREP='/home/notlean/openwrt-uboost/staging_dir/host/bin/grep -F'
FILECMD='file'
GETTEXT_MACRO_VERSION='0.20'
GMSGFMT='/usr/bin/msgfmt'
GMSGFMT_015='/usr/bin/msgfmt'
GREP='/home/notlean/openwrt-uboost/staging_dir/host/bin/grep'
HAVE_BISON_FALSE='#'
HAVE_BISON_TRUE=''
HELP2MAN='/home/notlean/openwrt-uboost/staging_dir/host/bin/help2man'
INDENT='${top_srcdir}/build-aux/missing indent'
INSTALL_DATA='${INSTALL} -m 644'
INSTALL_PROGRAM='${INSTALL}'
INSTALL_SCRIPT='${INSTALL}'
INSTALL_STRIP_PROGRAM='$(install_sh) -c -s'
INTLLIBS=''
INTL_MACOSX_LIBS=''
LD='/usr/bin/ld -m elf_x86_64'
LDFLAGS='-L/home/notlean/openwrt-uboost/staging_dir/host/lib '
LDFLAGS_FOR_BUILD=''
LEX='flex'
LEXLIB='-ll '
LEX_OUTPUT_ROOT='lex.yy'
LIBICONV='-liconv'
LIBINTL=''
LIBOBJS=''
LIBPTHREAD='-lpthread'
LIBS='-lm '
LIBTOOL='$(SHELL) $(top_builddir)/libtool'
LIPO=''
LN_S='ln -s'
LTLIBICONV='-liconv'
LTLIBINTL=''
LTLIBOBJS=''
LT_SYS_LIBRARY_PATH=''
M4='/home/notlean/openwrt-uboost/staging_dir/host/bin/m4'
MAKEINFO='${SHELL} '\''/home/notlean/openwrt-uboost/build_dir/host/flex-2.6.4/build-aux/missing'\'' makeinfo'
MANIFEST_TOOL=':'
MKDIR_P='/usr/bin/mkdir -p'
MSGFMT='/usr/bin/msgfmt'
MSGMERGE='/usr/bin/msgmerge'
MSGMERGE_FOR_MSGFMT_OPTION='--for-msgfmt'
NM='/usr/bin/nm -B'
NMEDIT=''
OBJDUMP='objdump'
OBJEXT='o'
OTOOL64=''
OTOOL=''
PACKAGE='flex'
PACKAGE_BUGREPORT='flex-help@lists.sourceforge.net'
PACKAGE_NAME='the fast lexical analyser generator'
PACKAGE_STRING='the fast lexical analyser generator 2.6.4'
PACKAGE_TARNAME='flex'
PACKAGE_URL=''
PACKAGE_VERSION='2.6.4'
PATH_SEPARATOR=':'
POSUB='po'
RANLIB='ranlib'
SED='/home/notlean/openwrt-uboost/staging_dir/host/bin/sed'
SET_MAKE=''
SHARED_VERSION_INFO='2:0:0'
SHELL='/usr/bin/env bash'
STRIP='strip'
TEXI2DVI='${top_srcdir}/build-aux/missing texi2dvi'
USE_NLS='yes'
VERSION='2.6.4'
WARNINGFLAGS=''
XGETTEXT='/usr/bin/xgettext'
XGETTEXT_015='/usr/bin/xgettext'
XGETTEXT_EXTRA_OPTIONS=''
YACC='bison -y'
YFLAGS=''
ac_ct_AR='ar'
ac_ct_CC=''
ac_ct_CC_FOR_BUILD='gcc'
ac_ct_CXX=''
ac_ct_DUMPBIN=''
am__EXEEXT_FALSE=''
am__EXEEXT_TRUE='#'
am__fastdepCC_FALSE=''
am__fastdepCC_TRUE='#'
am__fastdepCXX_FALSE=''
am__fastdepCXX_TRUE='#'
am__include='include'
am__isrc=''
am__leading_dot='.'
am__nodep=''
am__quote=''
am__tar='$${TAR-tar} chof - "$$tardir"'
am__untar='$${TAR-tar} xf -'
bindir='${exec_prefix}/bin'
build='x86_64-pc-linux-gnu'
build_alias='x86_64-pc-linux-gnu'
build_cpu='x86_64'
build_os='linux-gnu'
build_vendor='pc'
datadir='${datarootdir}'
datarootdir='${prefix}/share'
docdir='${datarootdir}/doc/${PACKAGE_TARNAME}'
dvidir='${docdir}'
exec_prefix='/home/notlean/openwrt-uboost/staging_dir/host'
host='x86_64-pc-linux-gnu'
host_alias='x86_64-pc-linux-gnu'
host_cpu='x86_64'
host_os='linux-gnu'
host_vendor='pc'
htmldir='${docdir}'
includedir='${prefix}/include'
infodir='${datarootdir}/info'
install_sh='${SHELL} /home/notlean/openwrt-uboost/build_dir/host/flex-2.6.4/build-aux/install-sh'
libdir='${exec_prefix}/lib'
libexecdir='${exec_prefix}/libexec'
localedir='${datarootdir}/locale'
localstatedir='/home/notlean/openwrt-uboost/staging_dir/host/var'
mandir='${datarootdir}/man'
mkdir_p='$(MKDIR_P)'
oldincludedir='/usr/include'
pdfdir='${docdir}'
prefix='/home/notlean/openwrt-uboost/staging_dir/host'
program_transform_name='s&$$&&;s&^&&'
psdir='${docdir}'
runstatedir='${localstatedir}/run'
sbindir='/home/notlean/openwrt-uboost/staging_dir/host/bin'
sharedstatedir='${prefix}/com'
sysconfdir='/home/notlean/openwrt-uboost/staging_dir/host/etc'
target_alias='x86_64-pc-linux-gnu'

## ----------- ##
## confdefs.h. ##
## ----------- ##

/* confdefs.h */
#define PACKAGE_NAME "the fast lexical analyser generator"
#define PACKAGE_TARNAME "flex"
#define PACKAGE_VERSION "2.6.4"
#define PACKAGE_STRING "the fast lexical analyser generator 2.6.4"
#define PACKAGE_BUGREPORT "flex-help@lists.sourceforge.net"
#define PACKAGE_URL ""
#define HAVE_STDIO_H 1
#define HAVE_STDLIB_H 1
#define HAVE_STRING_H 1
#define HAVE_INTTYPES_H 1
#define HAVE_STDINT_H 1
#define HAVE_STRINGS_H 1
#define HAVE_SYS_STAT_H 1
#define HAVE_SYS_TYPES_H 1
#define HAVE_UNISTD_H 1
#define HAVE_WCHAR_H 1
#define STDC_HEADERS 1
#define _ALL_SOURCE 1
#define _DARWIN_C_SOURCE 1
#define _GNU_SOURCE 1
#define _HPUX_ALT_XOPEN_SOCKET_API 1
#define _NETBSD_SOURCE 1
#define _OPENBSD_SOURCE 1
#define _POSIX_PTHREAD_SEMANTICS 1
#define __STDC_WANT_IEC_60559_ATTRIBS_EXT__ 1
#define __STDC_WANT_IEC_60559_BFP_EXT__ 1
#define __STDC_WANT_IEC_60559_DFP_EXT__ 1
#define __STDC_WANT_IEC_60559_EXT__ 1
#define __STDC_WANT_IEC_60559_FUNCS_EXT__ 1
#define __STDC_WANT_IEC_60559_TYPES_EXT__ 1
#define __STDC_WANT_LIB_EXT2__ 1
#define __STDC_WANT_MATH_SPEC_FUNCS__ 1
#define _TANDEM_SOURCE 1
#define __EXTENSIONS__ 1
#define HAVE_DLFCN_H 1
#define LT_OBJDIR ".libs/"
#define PACKAGE "flex"
#define VERSION "2.6.4"
#define ENABLE_NLS 1
#define HAVE_GETTEXT 1
#define HAVE_DCGETTEXT 1
#define YYTEXT_POINTER 1
#define M4 "/home/notlean/openwrt-uboost/staging_dir/host/bin/m4"
#define HAVE_REGEX_H 1
#define HAVE_STRINGS_H 1
#define HAVE_SYS_STAT_H 1
#define HAVE_SYS_WAIT_H 1
#define HAVE_UNISTD_H 1
#define HAVE_INTTYPES_H 1
#define HAVE_LIBINTL_H 1
#define HAVE_LIMITS_H 1
#define HAVE_LOCALE_H 1
#define HAVE_MALLOC_H 1
#define HAVE_NETINET_IN_H 1
#define HAVE_PTHREAD_H 1
#define HAVE_LIBM 1
#define HAVE__BOOL 1
#define HAVE_STDBOOL_H 1
#define HAVE_ALLOCA_H 1
#define HAVE_ALLOCA 1
#define HAVE_FORK 1
#define HAVE_VFORK 1
#define HAVE_WORKING_VFORK 1
#define HAVE_WORKING_FORK 1
#define HAVE_MALLOC 1
#define HAVE_REALLOC 1
#define HAVE_DUP2 1
#define HAVE_MEMSET 1
#define HAVE_REGCOMP 1
#define HAVE_STRCASECMP 1
#define HAVE_STRCHR 1
#define HAVE_STRDUP 1
#define HAVE_STRTOL 1
#define HAVE_POW 1
#define HAVE_SETLOCALE 1
#define HAVE_REALLOCARRAY 1

configure: exit 0
