This file contains any messages produced by compilers while
running configure, to aid debugging if configure makes a mistake.

It was created by fts configure 1.2.7, which was
generated by GNU Autoconf 2.71.  Invocation command line was

  $ ./configure --target=mipsel-openwrt-linux --host=mipsel-openwrt-linux --build=x86_64-pc-linux-gnu --disable-dependency-tracking --program-prefix= --program-suffix= --prefix=/usr --exec-prefix=/usr --bindir=/usr/bin --sbindir=/usr/sbin --libexecdir=/usr/lib --sysconfdir=/etc --datadir=/usr/share --localstatedir=/var --mandir=/usr/man --infodir=/usr/info --disable-nls

## --------- ##
## Platform. ##
## --------- ##

hostname = Notlean
uname -m = x86_64
uname -r = 6.14.0-33-generic
uname -s = Linux
uname -v = #33~24.04.1-Ubuntu SMP PREEMPT_DYNAMIC Fri Sep 19 17:02:30 UTC 2

/usr/bin/uname -p = x86_64
/bin/uname -X     = unknown

/bin/arch              = x86_64
/usr/bin/arch -k       = unknown
/usr/convex/getsysinfo = unknown
/usr/bin/hostinfo      = unknown
/bin/machine           = unknown
/usr/bin/oslevel       = unknown
/bin/universe          = unknown

PATH: /home/notlean/openwrt-uboost/staging_dir/target-mipsel_24kc_musl/host/bin/
PATH: /home/notlean/openwrt-uboost/staging_dir/hostpkg/bin/
PATH: /home/notlean/openwrt-uboost/staging_dir/toolchain-mipsel_24kc_gcc-12.3.0_musl/bin/
PATH: /home/notlean/openwrt-uboost/staging_dir/toolchain-mipsel_24kc_gcc-12.3.0_musl/bin/
PATH: /home/notlean/openwrt-uboost/staging_dir/host/bin/
PATH: /home/notlean/openwrt-uboost/staging_dir/toolchain-mipsel_24kc_gcc-12.3.0_musl/bin/
PATH: /home/notlean/openwrt-uboost/staging_dir/host/bin/
PATH: /home/notlean/openwrt-uboost/staging_dir/host/bin/
PATH: /usr/local/sbin/
PATH: /usr/local/bin/
PATH: /usr/sbin/
PATH: /usr/bin/
PATH: /sbin/
PATH: /bin/
PATH: /usr/games/
PATH: /usr/local/games/
PATH: /snap/bin/
PATH: /snap/bin/


## ----------- ##
## Core tests. ##
## ----------- ##

configure:2111: loading site script /home/notlean/openwrt-uboost/include/site/mipsel
| #!/bin/sh
| . $TOPDIR/include/site/linux
| ac_cv_c_littleendian=${ac_cv_c_littleendian=yes}
| ac_cv_c_bigendian=${ac_cv_c_bigendian=no}
| 
| ac_cv_sizeof___int64=0
| ac_cv_sizeof_char=1
| ac_cv_sizeof_int=4
| ac_cv_sizeof_int16_t=2
| ac_cv_sizeof_int32_t=4
| ac_cv_sizeof_int64_t=8
| ac_cv_sizeof_long_int=4
| ac_cv_sizeof_long_long=8
| ac_cv_sizeof_long=4
| ac_cv_sizeof_off_t=8
| ac_cv_sizeof_short_int=2
| ac_cv_sizeof_short=2
| ac_cv_sizeof_size_t=4
| ac_cv_sizeof_ssize_t=4
| ac_cv_sizeof_u_int16_t=2
| ac_cv_sizeof_u_int32_t=4
| ac_cv_sizeof_u_int64_t=8
| ac_cv_sizeof_uint16_t=2
| ac_cv_sizeof_uint32_t=4
| ac_cv_sizeof_uint64_t=8
| ac_cv_sizeof_unsigned_int=4
| ac_cv_sizeof_unsigned_long=4
| ac_cv_sizeof_unsigned_long_long=8
| ac_cv_sizeof_unsigned_short=2
| ac_cv_sizeof_void_p=4
configure:2470: looking for aux files: config.guess config.sub ltmain.sh compile missing install-sh
configure:2483:  trying ./
configure:2512:   ./config.guess found
configure:2512:   ./config.sub found
configure:2512:   ./ltmain.sh found
configure:2512:   ./compile found
configure:2512:   ./missing found
configure:2494:   ./install-sh found
configure:2641: checking for a BSD-compatible install
configure:2714: result: /home/notlean/openwrt-uboost/staging_dir/host/bin/install -c
configure:2725: checking whether build environment is sane
configure:2780: result: yes
configure:2836: checking for mipsel-openwrt-linux-strip
configure:2868: result: mipsel-openwrt-linux-musl-strip
configure:2939: checking for a race-free mkdir -p
configure:2983: result: /usr/bin/mkdir -p
configure:2990: checking for gawk
configure:3011: found /usr/bin/gawk
configure:3022: result: gawk
configure:3033: checking whether make sets $(MAKE)
configure:3056: result: yes
configure:3086: checking whether make supports nested variables
configure:3104: result: yes
configure:3261: checking for mipsel-openwrt-linux-gcc
configure:3293: result: mipsel-openwrt-linux-musl-gcc
configure:3691: checking for C compiler version
configure:3700: mipsel-openwrt-linux-musl-gcc --version >&5
mipsel-openwrt-linux-musl-gcc (OpenWrt GCC 12.3.0 r23809-234f1a2efa) 12.3.0
Copyright (C) 2022 Free Software Foundation, Inc.
This is free software; see the source for copying conditions.  There is NO
warranty; not even for MERCHANTABILITY or FITNESS FOR A PARTICULAR PURPOSE.

configure:3711: $? = 0
configure:3700: mipsel-openwrt-linux-musl-gcc -v >&5
Reading specs from /home/notlean/openwrt-uboost/staging_dir/toolchain-mipsel_24kc_gcc-12.3.0_musl/lib/gcc/mipsel-openwrt-linux-musl/12.3.0/specs
COLLECT_GCC=mipsel-openwrt-linux-musl-gcc
COLLECT_LTO_WRAPPER=/home/notlean/openwrt-uboost/staging_dir/toolchain-mipsel_24kc_gcc-12.3.0_musl/libexec/gcc/mipsel-openwrt-linux-musl/12.3.0/lto-wrapper
Target: mipsel-openwrt-linux-musl
Configured with: /home/notlean/openwrt-uboost/build_dir/toolchain-mipsel_24kc_gcc-12.3.0_musl/gcc-12.3.0/configure --with-bugurl=http://bugs.openwrt.org/ --with-pkgversion='OpenWrt GCC 12.3.0 r23809-234f1a2efa' --prefix=/home/notlean/openwrt-uboost/staging_dir/toolchain-mipsel_24kc_gcc-12.3.0_musl --build=x86_64-pc-linux-gnu --host=x86_64-pc-linux-gnu --target=mipsel-openwrt-linux-musl --with-gnu-ld --enable-target-optspace --disable-libgomp --disable-libmudflap --disable-multilib --disable-libmpx --disable-nls --disable-libssp --without-isl --without-cloog --with-host-libstdcxx=-lstdc++ --with-float=soft --with-system-zlib=/home/notlean/openwrt-uboost/staging_dir/host --with-zstd=/home/notlean/openwrt-uboost/staging_dir/host --with-gmp=/home/notlean/openwrt-uboost/staging_dir/host --with-mpfr=/home/notlean/openwrt-uboost/staging_dir/host --with-mpc=/home/notlean/openwrt-uboost/staging_dir/host --disable-decimal-float --with-diagnostics-color=auto-if-env --enable-__cxa_atexit --enable-libstdcxx-dual-abi --with-default-libstdcxx-abi=new --with-mips-plt CFLAGS='-O2 -I/home/notlean/openwrt-uboost/staging_dir/host/include  -pipe' CXXFLAGS='-O2 -I/home/notlean/openwrt-uboost/staging_dir/host/include  -pipe' 'CFLAGS_FOR_TARGET=-Os -pipe -mno-branch-likely -mips32r2 -mtune=24kc -fno-caller-saves -fno-plt -fhonour-copts -msoft-float -Wformat -Werror=format-security -fstack-protector -D_FORTIFY_SOURCE=1 -Wl,-z,now -Wl,-z,relro' 'CXXFLAGS_FOR_TARGET=-Os -pipe -mno-branch-likely -mips32r2 -mtune=24kc -fno-caller-saves -fno-plt -fhonour-copts -msoft-float -Wformat -Werror=format-security -fstack-protector -D_FORTIFY_SOURCE=1 -Wl,-z,now -Wl,-z,relro' 'GOCFLAGS_FOR_TARGET=-Os -pipe -mno-branch-likely -mips32r2 -mtune=24kc -fno-caller-saves -fno-plt -fhonour-copts -msoft-float -Wformat -Werror=format-security -fstack-protector -D_FORTIFY_SOURCE=1 -Wl,-z,now -Wl,-z,relro' --with-headers=/home/notlean/openwrt-uboost/staging_dir/toolchain-mipsel_24kc_gcc-12.3.0_musl/include --enable-languages=c,c++ --enable-shared --enable-threads --with-slibdir=/home/notlean/openwrt-uboost/staging_dir/toolchain-mipsel_24kc_gcc-12.3.0_musl/lib --enable-plugins --enable-lto --with-libelf=/home/notlean/openwrt-uboost/staging_dir/host --disable-libsanitizer
Thread model: posix
Supported LTO compression algorithms: zlib zstd
gcc version 12.3.0 (OpenWrt GCC 12.3.0 r23809-234f1a2efa) 
configure:3711: $? = 0
configure:3700: mipsel-openwrt-linux-musl-gcc -V >&5
mipsel-openwrt-linux-musl-gcc: error: unrecognized command-line option '-V'
mipsel-openwrt-linux-musl-gcc: fatal error: no input files
compilation terminated.
configure:3711: $? = 1
configure:3700: mipsel-openwrt-linux-musl-gcc -qversion >&5
mipsel-openwrt-linux-musl-gcc: error: unrecognized command-line option '-qversion'; did you mean '--version'?
mipsel-openwrt-linux-musl-gcc: fatal error: no input files
compilation terminated.
configure:3711: $? = 1
configure:3700: mipsel-openwrt-linux-musl-gcc -version >&5
mipsel-openwrt-linux-musl-gcc: error: unrecognized command-line option '-version'
mipsel-openwrt-linux-musl-gcc: fatal error: no input files
compilation terminated.
configure:3711: $? = 1
configure:3731: checking whether the C compiler works
configure:3753: mipsel-openwrt-linux-musl-gcc -Os -pipe -mno-branch-likely -mips32r2 -mtune=24kc -fno-caller-saves -fno-plt -fhonour-copts -msoft-float -fmacro-prefix-map=/home/notlean/openwrt-uboost/build_dir/target-mipsel_24kc_musl/musl-fts-1.2.7=musl-fts-1.2.7 -mips16 -minterlink-mips16 -Wformat -Werror=format-security -fstack-protector -D_FORTIFY_SOURCE=1 -Wl,-z,now -Wl,-z,relro  -I/home/notlean/openwrt-uboost/staging_dir/toolchain-mipsel_24kc_gcc-12.3.0_musl/usr/include -I/home/notlean/openwrt-uboost/staging_dir/toolchain-mipsel_24kc_gcc-12.3.0_musl/include/fortify -I/home/notlean/openwrt-uboost/staging_dir/toolchain-mipsel_24kc_gcc-12.3.0_musl/include  -L/home/notlean/openwrt-uboost/staging_dir/toolchain-mipsel_24kc_gcc-12.3.0_musl/usr/lib -L/home/notlean/openwrt-uboost/staging_dir/toolchain-mipsel_24kc_gcc-12.3.0_musl/lib -znow -zrelro  conftest.c  >&5
configure:3757: $? = 0
configure:3807: result: yes
configure:3810: checking for C compiler default output file name
configure:3812: result: a.out
configure:3818: checking for suffix of executables
configure:3825: mipsel-openwrt-linux-musl-gcc -o conftest -Os -pipe -mno-branch-likely -mips32r2 -mtune=24kc -fno-caller-saves -fno-plt -fhonour-copts -msoft-float -fmacro-prefix-map=/home/notlean/openwrt-uboost/build_dir/target-mipsel_24kc_musl/musl-fts-1.2.7=musl-fts-1.2.7 -mips16 -minterlink-mips16 -Wformat -Werror=format-security -fstack-protector -D_FORTIFY_SOURCE=1 -Wl,-z,now -Wl,-z,relro  -I/home/notlean/openwrt-uboost/staging_dir/toolchain-mipsel_24kc_gcc-12.3.0_musl/usr/include -I/home/notlean/openwrt-uboost/staging_dir/toolchain-mipsel_24kc_gcc-12.3.0_musl/include/fortify -I/home/notlean/openwrt-uboost/staging_dir/toolchain-mipsel_24kc_gcc-12.3.0_musl/include  -L/home/notlean/openwrt-uboost/staging_dir/toolchain-mipsel_24kc_gcc-12.3.0_musl/usr/lib -L/home/notlean/openwrt-uboost/staging_dir/toolchain-mipsel_24kc_gcc-12.3.0_musl/lib -znow -zrelro  conftest.c  >&5
configure:3829: $? = 0
configure:3852: result: 
configure:3874: checking whether we are cross compiling
configure:3912: result: yes
configure:3917: checking for suffix of object files
configure:3940: mipsel-openwrt-linux-musl-gcc -c -Os -pipe -mno-branch-likely -mips32r2 -mtune=24kc -fno-caller-saves -fno-plt -fhonour-copts -msoft-float -fmacro-prefix-map=/home/notlean/openwrt-uboost/build_dir/target-mipsel_24kc_musl/musl-fts-1.2.7=musl-fts-1.2.7 -mips16 -minterlink-mips16 -Wformat -Werror=format-security -fstack-protector -D_FORTIFY_SOURCE=1 -Wl,-z,now -Wl,-z,relro  -I/home/notlean/openwrt-uboost/staging_dir/toolchain-mipsel_24kc_gcc-12.3.0_musl/usr/include -I/home/notlean/openwrt-uboost/staging_dir/toolchain-mipsel_24kc_gcc-12.3.0_musl/include/fortify -I/home/notlean/openwrt-uboost/staging_dir/toolchain-mipsel_24kc_gcc-12.3.0_musl/include  conftest.c >&5
configure:3944: $? = 0
configure:3966: result: o
configure:3970: checking whether the compiler supports GNU C
configure:3990: mipsel-openwrt-linux-musl-gcc -c -Os -pipe -mno-branch-likely -mips32r2 -mtune=24kc -fno-caller-saves -fno-plt -fhonour-copts -msoft-float -fmacro-prefix-map=/home/notlean/openwrt-uboost/build_dir/target-mipsel_24kc_musl/musl-fts-1.2.7=musl-fts-1.2.7 -mips16 -minterlink-mips16 -Wformat -Werror=format-security -fstack-protector -D_FORTIFY_SOURCE=1 -Wl,-z,now -Wl,-z,relro  -I/home/notlean/openwrt-uboost/staging_dir/toolchain-mipsel_24kc_gcc-12.3.0_musl/usr/include -I/home/notlean/openwrt-uboost/staging_dir/toolchain-mipsel_24kc_gcc-12.3.0_musl/include/fortify -I/home/notlean/openwrt-uboost/staging_dir/toolchain-mipsel_24kc_gcc-12.3.0_musl/include  conftest.c >&5
configure:3990: $? = 0
configure:4000: result: yes
configure:4011: checking whether mipsel-openwrt-linux-musl-gcc accepts -g
configure:4032: mipsel-openwrt-linux-musl-gcc -c -g -I/home/notlean/openwrt-uboost/staging_dir/toolchain-mipsel_24kc_gcc-12.3.0_musl/usr/include -I/home/notlean/openwrt-uboost/staging_dir/toolchain-mipsel_24kc_gcc-12.3.0_musl/include/fortify -I/home/notlean/openwrt-uboost/staging_dir/toolchain-mipsel_24kc_gcc-12.3.0_musl/include  conftest.c >&5
cc1: note: someone does not honour COPTS correctly, passed 0 times
configure:4032: $? = 0
configure: failed program was:
| /* confdefs.h */
| #define PACKAGE_NAME "fts"
| #define PACKAGE_TARNAME "fts"
| #define PACKAGE_VERSION "1.2.7"
| #define PACKAGE_STRING "fts 1.2.7"
| #define PACKAGE_BUGREPORT "pullmoll@t-online.de"
| #define PACKAGE_URL ""
| #define PACKAGE "fts"
| #define VERSION "1.2.7"
| /* end confdefs.h.  */
| 
| int
| main (void)
| {
| 
|   ;
|   return 0;
| }
configure:4048: mipsel-openwrt-linux-musl-gcc -c  -I/home/notlean/openwrt-uboost/staging_dir/toolchain-mipsel_24kc_gcc-12.3.0_musl/usr/include -I/home/notlean/openwrt-uboost/staging_dir/toolchain-mipsel_24kc_gcc-12.3.0_musl/include/fortify -I/home/notlean/openwrt-uboost/staging_dir/toolchain-mipsel_24kc_gcc-12.3.0_musl/include  conftest.c >&5
cc1: note: someone does not honour COPTS correctly, passed 0 times
configure:4048: $? = 0
configure: failed program was:
| /* confdefs.h */
| #define PACKAGE_NAME "fts"
| #define PACKAGE_TARNAME "fts"
| #define PACKAGE_VERSION "1.2.7"
| #define PACKAGE_STRING "fts 1.2.7"
| #define PACKAGE_BUGREPORT "pullmoll@t-online.de"
| #define PACKAGE_URL ""
| #define PACKAGE "fts"
| #define VERSION "1.2.7"
| /* end confdefs.h.  */
| 
| int
| main (void)
| {
| 
|   ;
|   return 0;
| }
configure:4065: mipsel-openwrt-linux-musl-gcc -c -g -I/home/notlean/openwrt-uboost/staging_dir/toolchain-mipsel_24kc_gcc-12.3.0_musl/usr/include -I/home/notlean/openwrt-uboost/staging_dir/toolchain-mipsel_24kc_gcc-12.3.0_musl/include/fortify -I/home/notlean/openwrt-uboost/staging_dir/toolchain-mipsel_24kc_gcc-12.3.0_musl/include  conftest.c >&5
cc1: note: someone does not honour COPTS correctly, passed 0 times
configure:4065: $? = 0
configure:4076: result: yes
configure:4096: checking for mipsel-openwrt-linux-musl-gcc option to enable C11 features
configure:4111: mipsel-openwrt-linux-musl-gcc  -c -Os -pipe -mno-branch-likely -mips32r2 -mtune=24kc -fno-caller-saves -fno-plt -fhonour-copts -msoft-float -fmacro-prefix-map=/home/notlean/openwrt-uboost/build_dir/target-mipsel_24kc_musl/musl-fts-1.2.7=musl-fts-1.2.7 -mips16 -minterlink-mips16 -Wformat -Werror=format-security -fstack-protector -D_FORTIFY_SOURCE=1 -Wl,-z,now -Wl,-z,relro  -I/home/notlean/openwrt-uboost/staging_dir/toolchain-mipsel_24kc_gcc-12.3.0_musl/usr/include -I/home/notlean/openwrt-uboost/staging_dir/toolchain-mipsel_24kc_gcc-12.3.0_musl/include/fortify -I/home/notlean/openwrt-uboost/staging_dir/toolchain-mipsel_24kc_gcc-12.3.0_musl/include  conftest.c >&5
configure:4111: $? = 0
configure:4129: result: none needed
configure:4245: checking whether mipsel-openwrt-linux-musl-gcc understands -c and -o together
configure:4268: mipsel-openwrt-linux-musl-gcc -c conftest.c -o conftest2.o
cc1: note: someone does not honour COPTS correctly, passed 0 times
configure:4271: $? = 0
configure:4268: mipsel-openwrt-linux-musl-gcc -c conftest.c -o conftest2.o
cc1: note: someone does not honour COPTS correctly, passed 0 times
configure:4271: $? = 0
configure:4283: result: yes
configure:4303: checking whether make supports the include directive
configure:4318: make -f confmf.GNU && cat confinc.out
make[4]: Entering directory '/home/notlean/openwrt-uboost/build_dir/target-mipsel_24kc_musl/musl-fts-1.2.7'
make[4]: Leaving directory '/home/notlean/openwrt-uboost/build_dir/target-mipsel_24kc_musl/musl-fts-1.2.7'
this is the am__doit target
configure:4321: $? = 0
configure:4340: result: yes (GNU style)
configure:4366: checking dependency style of mipsel-openwrt-linux-musl-gcc
configure:4478: result: none
configure:4525: checking build system type
configure:4540: result: x86_64-pc-linux-gnu
configure:4560: checking host system type
configure:4574: result: mipsel-openwrt-linux-gnu
configure:4615: checking how to print strings
configure:4642: result: printf
configure:4663: checking for a sed that does not truncate output
configure:4733: result: /home/notlean/openwrt-uboost/staging_dir/host/bin/sed
configure:4750: checking for grep that handles long lines and -e
configure:4814: result: /home/notlean/openwrt-uboost/staging_dir/host/bin/grep
configure:4819: checking for egrep
configure:4887: result: /home/notlean/openwrt-uboost/staging_dir/host/bin/grep -E
configure:4892: checking for fgrep
configure:4960: result: /home/notlean/openwrt-uboost/staging_dir/host/bin/grep -F
configure:4996: checking for ld used by mipsel-openwrt-linux-musl-gcc
configure:5064: result: mipsel-openwrt-linux-musl-ld
configure:5071: checking if the linker (mipsel-openwrt-linux-musl-ld) is GNU ld
configure:5087: result: yes
configure:5099: checking for BSD- or MS-compatible name lister (nm)
configure:5154: result: mipsel-openwrt-linux-musl-gcc-nm
configure:5294: checking the name lister (mipsel-openwrt-linux-musl-gcc-nm) interface
configure:5302: mipsel-openwrt-linux-musl-gcc -c -Os -pipe -mno-branch-likely -mips32r2 -mtune=24kc -fno-caller-saves -fno-plt -fhonour-copts -msoft-float -fmacro-prefix-map=/home/notlean/openwrt-uboost/build_dir/target-mipsel_24kc_musl/musl-fts-1.2.7=musl-fts-1.2.7 -mips16 -minterlink-mips16 -Wformat -Werror=format-security -fstack-protector -D_FORTIFY_SOURCE=1 -Wl,-z,now -Wl,-z,relro  -I/home/notlean/openwrt-uboost/staging_dir/toolchain-mipsel_24kc_gcc-12.3.0_musl/usr/include -I/home/notlean/openwrt-uboost/staging_dir/toolchain-mipsel_24kc_gcc-12.3.0_musl/include/fortify -I/home/notlean/openwrt-uboost/staging_dir/toolchain-mipsel_24kc_gcc-12.3.0_musl/include  conftest.c >&5
configure:5305: mipsel-openwrt-linux-musl-gcc-nm "conftest.o"
configure:5308: output
00000000 B some_variable
configure:5315: result: BSD nm
configure:5318: checking whether ln -s works
configure:5322: result: yes
configure:5330: checking the maximum length of command line arguments
configure:5462: result: 1572864
configure:5510: checking how to convert x86_64-pc-linux-gnu file names to mipsel-openwrt-linux-gnu format
configure:5551: result: func_convert_file_noop
configure:5558: checking how to convert x86_64-pc-linux-gnu file names to toolchain format
configure:5579: result: func_convert_file_noop
configure:5586: checking for mipsel-openwrt-linux-musl-ld option to reload object files
configure:5594: result: -r
configure:5628: checking for mipsel-openwrt-linux-file
configure:5663: result: no
configure:5673: checking for file
configure:5694: found /home/notlean/openwrt-uboost/staging_dir/host/bin/file
configure:5705: result: file
configure:5717: WARNING: using cross tools not prefixed with host triplet
configure:5736: checking for mipsel-openwrt-linux-objdump
configure:5768: result: mipsel-openwrt-linux-musl-objdump
configure:5845: checking how to recognize dependent libraries
configure:6046: result: pass_all
configure:6091: checking for mipsel-openwrt-linux-dlltool
configure:6126: result: no
configure:6136: checking for dlltool
configure:6171: result: no
configure:6201: checking how to associate runtime and link libraries
configure:6229: result: printf %s\n
configure:6246: checking for mipsel-openwrt-linux-ar
configure:6278: result: mipsel-openwrt-linux-musl-gcc-ar
configure:6380: checking for archiver @FILE support
configure:6398: mipsel-openwrt-linux-musl-gcc -c -Os -pipe -mno-branch-likely -mips32r2 -mtune=24kc -fno-caller-saves -fno-plt -fhonour-copts -msoft-float -fmacro-prefix-map=/home/notlean/openwrt-uboost/build_dir/target-mipsel_24kc_musl/musl-fts-1.2.7=musl-fts-1.2.7 -mips16 -minterlink-mips16 -Wformat -Werror=format-security -fstack-protector -D_FORTIFY_SOURCE=1 -Wl,-z,now -Wl,-z,relro  -I/home/notlean/openwrt-uboost/staging_dir/toolchain-mipsel_24kc_gcc-12.3.0_musl/usr/include -I/home/notlean/openwrt-uboost/staging_dir/toolchain-mipsel_24kc_gcc-12.3.0_musl/include/fortify -I/home/notlean/openwrt-uboost/staging_dir/toolchain-mipsel_24kc_gcc-12.3.0_musl/include  conftest.c >&5
configure:6398: $? = 0
configure:6402: mipsel-openwrt-linux-musl-gcc-ar cr libconftest.a @conftest.lst >&5
configure:6405: $? = 0
configure:6410: mipsel-openwrt-linux-musl-gcc-ar cr libconftest.a @conftest.lst >&5
/home/notlean/openwrt-uboost/staging_dir/toolchain-mipsel_24kc_gcc-12.3.0_musl/lib/gcc/mipsel-openwrt-linux-musl/12.3.0/../../../../mipsel-openwrt-linux-musl/bin/ar: conftest.o: No such file or directory
configure:6413: $? = 1
configure:6425: result: @
configure:6443: checking for mipsel-openwrt-linux-strip
configure:6475: result: mipsel-openwrt-linux-musl-strip
configure:6552: checking for mipsel-openwrt-linux-ranlib
configure:6584: result: mipsel-openwrt-linux-musl-gcc-ranlib
configure:6731: checking command to parse mipsel-openwrt-linux-musl-gcc-nm output from mipsel-openwrt-linux-musl-gcc object
configure:6885: mipsel-openwrt-linux-musl-gcc -c -Os -pipe -mno-branch-likely -mips32r2 -mtune=24kc -fno-caller-saves -fno-plt -fhonour-copts -msoft-float -fmacro-prefix-map=/home/notlean/openwrt-uboost/build_dir/target-mipsel_24kc_musl/musl-fts-1.2.7=musl-fts-1.2.7 -mips16 -minterlink-mips16 -Wformat -Werror=format-security -fstack-protector -D_FORTIFY_SOURCE=1 -Wl,-z,now -Wl,-z,relro  -I/home/notlean/openwrt-uboost/staging_dir/toolchain-mipsel_24kc_gcc-12.3.0_musl/usr/include -I/home/notlean/openwrt-uboost/staging_dir/toolchain-mipsel_24kc_gcc-12.3.0_musl/include/fortify -I/home/notlean/openwrt-uboost/staging_dir/toolchain-mipsel_24kc_gcc-12.3.0_musl/include  conftest.c >&5
configure:6888: $? = 0
configure:6892: mipsel-openwrt-linux-musl-gcc-nm conftest.o \| /home/notlean/openwrt-uboost/staging_dir/host/bin/sed -n -e 's/^.*[ ]\([ABCDGIRSTW][ABCDGIRSTW]*\)[ ][ ]*\([_A-Za-z][_A-Za-z0-9]*\)$/\1 \2 \2/p' | /home/notlean/openwrt-uboost/staging_dir/host/bin/sed '/ __gnu_lto/d' \> conftest.nm
configure:6895: $? = 0
configure:6961: mipsel-openwrt-linux-musl-gcc -o conftest -Os -pipe -mno-branch-likely -mips32r2 -mtune=24kc -fno-caller-saves -fno-plt -fhonour-copts -msoft-float -fmacro-prefix-map=/home/notlean/openwrt-uboost/build_dir/target-mipsel_24kc_musl/musl-fts-1.2.7=musl-fts-1.2.7 -mips16 -minterlink-mips16 -Wformat -Werror=format-security -fstack-protector -D_FORTIFY_SOURCE=1 -Wl,-z,now -Wl,-z,relro  -I/home/notlean/openwrt-uboost/staging_dir/toolchain-mipsel_24kc_gcc-12.3.0_musl/usr/include -I/home/notlean/openwrt-uboost/staging_dir/toolchain-mipsel_24kc_gcc-12.3.0_musl/include/fortify -I/home/notlean/openwrt-uboost/staging_dir/toolchain-mipsel_24kc_gcc-12.3.0_musl/include  -L/home/notlean/openwrt-uboost/staging_dir/toolchain-mipsel_24kc_gcc-12.3.0_musl/usr/lib -L/home/notlean/openwrt-uboost/staging_dir/toolchain-mipsel_24kc_gcc-12.3.0_musl/lib -znow -zrelro  conftest.c conftstm.o >&5
configure:6964: $? = 0
configure:7002: result: ok
configure:7049: checking for sysroot
configure:7080: result: no
configure:7087: checking for a working dd
configure:7131: result: /usr/bin/dd
configure:7135: checking how to truncate binary pipes
configure:7151: result: /usr/bin/dd bs=4096 count=1
configure:7443: checking for mipsel-openwrt-linux-mt
configure:7478: result: no
configure:7488: checking for mt
configure:7509: found /usr/bin/mt
configure:7520: result: mt
configure:7543: checking if mt is a manifest tool
configure:7550: mt '-?'
configure:7558: result: no
configure:8283: checking for stdio.h
configure:8283: mipsel-openwrt-linux-musl-gcc -c -Os -pipe -mno-branch-likely -mips32r2 -mtune=24kc -fno-caller-saves -fno-plt -fhonour-copts -msoft-float -fmacro-prefix-map=/home/notlean/openwrt-uboost/build_dir/target-mipsel_24kc_musl/musl-fts-1.2.7=musl-fts-1.2.7 -mips16 -minterlink-mips16 -Wformat -Werror=format-security -fstack-protector -D_FORTIFY_SOURCE=1 -Wl,-z,now -Wl,-z,relro  -I/home/notlean/openwrt-uboost/staging_dir/toolchain-mipsel_24kc_gcc-12.3.0_musl/usr/include -I/home/notlean/openwrt-uboost/staging_dir/toolchain-mipsel_24kc_gcc-12.3.0_musl/include/fortify -I/home/notlean/openwrt-uboost/staging_dir/toolchain-mipsel_24kc_gcc-12.3.0_musl/include  conftest.c >&5
configure:8283: $? = 0
configure:8283: result: yes
configure:8283: checking for stdlib.h
configure:8283: mipsel-openwrt-linux-musl-gcc -c -Os -pipe -mno-branch-likely -mips32r2 -mtune=24kc -fno-caller-saves -fno-plt -fhonour-copts -msoft-float -fmacro-prefix-map=/home/notlean/openwrt-uboost/build_dir/target-mipsel_24kc_musl/musl-fts-1.2.7=musl-fts-1.2.7 -mips16 -minterlink-mips16 -Wformat -Werror=format-security -fstack-protector -D_FORTIFY_SOURCE=1 -Wl,-z,now -Wl,-z,relro  -I/home/notlean/openwrt-uboost/staging_dir/toolchain-mipsel_24kc_gcc-12.3.0_musl/usr/include -I/home/notlean/openwrt-uboost/staging_dir/toolchain-mipsel_24kc_gcc-12.3.0_musl/include/fortify -I/home/notlean/openwrt-uboost/staging_dir/toolchain-mipsel_24kc_gcc-12.3.0_musl/include  conftest.c >&5
configure:8283: $? = 0
configure:8283: result: yes
configure:8283: checking for string.h
configure:8283: mipsel-openwrt-linux-musl-gcc -c -Os -pipe -mno-branch-likely -mips32r2 -mtune=24kc -fno-caller-saves -fno-plt -fhonour-copts -msoft-float -fmacro-prefix-map=/home/notlean/openwrt-uboost/build_dir/target-mipsel_24kc_musl/musl-fts-1.2.7=musl-fts-1.2.7 -mips16 -minterlink-mips16 -Wformat -Werror=format-security -fstack-protector -D_FORTIFY_SOURCE=1 -Wl,-z,now -Wl,-z,relro  -I/home/notlean/openwrt-uboost/staging_dir/toolchain-mipsel_24kc_gcc-12.3.0_musl/usr/include -I/home/notlean/openwrt-uboost/staging_dir/toolchain-mipsel_24kc_gcc-12.3.0_musl/include/fortify -I/home/notlean/openwrt-uboost/staging_dir/toolchain-mipsel_24kc_gcc-12.3.0_musl/include  conftest.c >&5
configure:8283: $? = 0
configure:8283: result: yes
configure:8283: checking for inttypes.h
configure:8283: mipsel-openwrt-linux-musl-gcc -c -Os -pipe -mno-branch-likely -mips32r2 -mtune=24kc -fno-caller-saves -fno-plt -fhonour-copts -msoft-float -fmacro-prefix-map=/home/notlean/openwrt-uboost/build_dir/target-mipsel_24kc_musl/musl-fts-1.2.7=musl-fts-1.2.7 -mips16 -minterlink-mips16 -Wformat -Werror=format-security -fstack-protector -D_FORTIFY_SOURCE=1 -Wl,-z,now -Wl,-z,relro  -I/home/notlean/openwrt-uboost/staging_dir/toolchain-mipsel_24kc_gcc-12.3.0_musl/usr/include -I/home/notlean/openwrt-uboost/staging_dir/toolchain-mipsel_24kc_gcc-12.3.0_musl/include/fortify -I/home/notlean/openwrt-uboost/staging_dir/toolchain-mipsel_24kc_gcc-12.3.0_musl/include  conftest.c >&5
configure:8283: $? = 0
configure:8283: result: yes
configure:8283: checking for stdint.h
configure:8283: mipsel-openwrt-linux-musl-gcc -c -Os -pipe -mno-branch-likely -mips32r2 -mtune=24kc -fno-caller-saves -fno-plt -fhonour-copts -msoft-float -fmacro-prefix-map=/home/notlean/openwrt-uboost/build_dir/target-mipsel_24kc_musl/musl-fts-1.2.7=musl-fts-1.2.7 -mips16 -minterlink-mips16 -Wformat -Werror=format-security -fstack-protector -D_FORTIFY_SOURCE=1 -Wl,-z,now -Wl,-z,relro  -I/home/notlean/openwrt-uboost/staging_dir/toolchain-mipsel_24kc_gcc-12.3.0_musl/usr/include -I/home/notlean/openwrt-uboost/staging_dir/toolchain-mipsel_24kc_gcc-12.3.0_musl/include/fortify -I/home/notlean/openwrt-uboost/staging_dir/toolchain-mipsel_24kc_gcc-12.3.0_musl/include  conftest.c >&5
configure:8283: $? = 0
configure:8283: result: yes
configure:8283: checking for strings.h
configure:8283: mipsel-openwrt-linux-musl-gcc -c -Os -pipe -mno-branch-likely -mips32r2 -mtune=24kc -fno-caller-saves -fno-plt -fhonour-copts -msoft-float -fmacro-prefix-map=/home/notlean/openwrt-uboost/build_dir/target-mipsel_24kc_musl/musl-fts-1.2.7=musl-fts-1.2.7 -mips16 -minterlink-mips16 -Wformat -Werror=format-security -fstack-protector -D_FORTIFY_SOURCE=1 -Wl,-z,now -Wl,-z,relro  -I/home/notlean/openwrt-uboost/staging_dir/toolchain-mipsel_24kc_gcc-12.3.0_musl/usr/include -I/home/notlean/openwrt-uboost/staging_dir/toolchain-mipsel_24kc_gcc-12.3.0_musl/include/fortify -I/home/notlean/openwrt-uboost/staging_dir/toolchain-mipsel_24kc_gcc-12.3.0_musl/include  conftest.c >&5
configure:8283: $? = 0
configure:8283: result: yes
configure:8283: checking for sys/stat.h
configure:8283: mipsel-openwrt-linux-musl-gcc -c -Os -pipe -mno-branch-likely -mips32r2 -mtune=24kc -fno-caller-saves -fno-plt -fhonour-copts -msoft-float -fmacro-prefix-map=/home/notlean/openwrt-uboost/build_dir/target-mipsel_24kc_musl/musl-fts-1.2.7=musl-fts-1.2.7 -mips16 -minterlink-mips16 -Wformat -Werror=format-security -fstack-protector -D_FORTIFY_SOURCE=1 -Wl,-z,now -Wl,-z,relro  -I/home/notlean/openwrt-uboost/staging_dir/toolchain-mipsel_24kc_gcc-12.3.0_musl/usr/include -I/home/notlean/openwrt-uboost/staging_dir/toolchain-mipsel_24kc_gcc-12.3.0_musl/include/fortify -I/home/notlean/openwrt-uboost/staging_dir/toolchain-mipsel_24kc_gcc-12.3.0_musl/include  conftest.c >&5
configure:8283: $? = 0
configure:8283: result: yes
configure:8283: checking for sys/types.h
configure:8283: mipsel-openwrt-linux-musl-gcc -c -Os -pipe -mno-branch-likely -mips32r2 -mtune=24kc -fno-caller-saves -fno-plt -fhonour-copts -msoft-float -fmacro-prefix-map=/home/notlean/openwrt-uboost/build_dir/target-mipsel_24kc_musl/musl-fts-1.2.7=musl-fts-1.2.7 -mips16 -minterlink-mips16 -Wformat -Werror=format-security -fstack-protector -D_FORTIFY_SOURCE=1 -Wl,-z,now -Wl,-z,relro  -I/home/notlean/openwrt-uboost/staging_dir/toolchain-mipsel_24kc_gcc-12.3.0_musl/usr/include -I/home/notlean/openwrt-uboost/staging_dir/toolchain-mipsel_24kc_gcc-12.3.0_musl/include/fortify -I/home/notlean/openwrt-uboost/staging_dir/toolchain-mipsel_24kc_gcc-12.3.0_musl/include  conftest.c >&5
configure:8283: $? = 0
configure:8283: result: yes
configure:8283: checking for unistd.h
configure:8283: mipsel-openwrt-linux-musl-gcc -c -Os -pipe -mno-branch-likely -mips32r2 -mtune=24kc -fno-caller-saves -fno-plt -fhonour-copts -msoft-float -fmacro-prefix-map=/home/notlean/openwrt-uboost/build_dir/target-mipsel_24kc_musl/musl-fts-1.2.7=musl-fts-1.2.7 -mips16 -minterlink-mips16 -Wformat -Werror=format-security -fstack-protector -D_FORTIFY_SOURCE=1 -Wl,-z,now -Wl,-z,relro  -I/home/notlean/openwrt-uboost/staging_dir/toolchain-mipsel_24kc_gcc-12.3.0_musl/usr/include -I/home/notlean/openwrt-uboost/staging_dir/toolchain-mipsel_24kc_gcc-12.3.0_musl/include/fortify -I/home/notlean/openwrt-uboost/staging_dir/toolchain-mipsel_24kc_gcc-12.3.0_musl/include  conftest.c >&5
configure:8283: $? = 0
configure:8283: result: yes
configure:8308: checking for dlfcn.h
configure:8308: mipsel-openwrt-linux-musl-gcc -c -Os -pipe -mno-branch-likely -mips32r2 -mtune=24kc -fno-caller-saves -fno-plt -fhonour-copts -msoft-float -fmacro-prefix-map=/home/notlean/openwrt-uboost/build_dir/target-mipsel_24kc_musl/musl-fts-1.2.7=musl-fts-1.2.7 -mips16 -minterlink-mips16 -Wformat -Werror=format-security -fstack-protector -D_FORTIFY_SOURCE=1 -Wl,-z,now -Wl,-z,relro  -I/home/notlean/openwrt-uboost/staging_dir/toolchain-mipsel_24kc_gcc-12.3.0_musl/usr/include -I/home/notlean/openwrt-uboost/staging_dir/toolchain-mipsel_24kc_gcc-12.3.0_musl/include/fortify -I/home/notlean/openwrt-uboost/staging_dir/toolchain-mipsel_24kc_gcc-12.3.0_musl/include  conftest.c >&5
configure:8308: $? = 0
configure:8308: result: yes
configure:8567: checking for objdir
configure:8583: result: .libs
configure:8847: checking if mipsel-openwrt-linux-musl-gcc supports -fno-rtti -fno-exceptions
configure:8866: mipsel-openwrt-linux-musl-gcc -c -Os -pipe -mno-branch-likely -mips32r2 -mtune=24kc -fno-caller-saves -fno-plt -fhonour-copts -msoft-float -fmacro-prefix-map=/home/notlean/openwrt-uboost/build_dir/target-mipsel_24kc_musl/musl-fts-1.2.7=musl-fts-1.2.7 -mips16 -minterlink-mips16 -Wformat -Werror=format-security -fstack-protector -D_FORTIFY_SOURCE=1 -Wl,-z,now -Wl,-z,relro  -I/home/notlean/openwrt-uboost/staging_dir/toolchain-mipsel_24kc_gcc-12.3.0_musl/usr/include -I/home/notlean/openwrt-uboost/staging_dir/toolchain-mipsel_24kc_gcc-12.3.0_musl/include/fortify -I/home/notlean/openwrt-uboost/staging_dir/toolchain-mipsel_24kc_gcc-12.3.0_musl/include  -fno-rtti -fno-exceptions conftest.c >&5
cc1: warning: command-line option '-fno-rtti' is valid for C++/D/ObjC++ but not for C
configure:8870: $? = 0
configure:8883: result: no
configure:9241: checking for mipsel-openwrt-linux-musl-gcc option to produce PIC
configure:9249: result: -fPIC -DPIC
configure:9257: checking if mipsel-openwrt-linux-musl-gcc PIC flag -fPIC -DPIC works
configure:9276: mipsel-openwrt-linux-musl-gcc -c -Os -pipe -mno-branch-likely -mips32r2 -mtune=24kc -fno-caller-saves -fno-plt -fhonour-copts -msoft-float -fmacro-prefix-map=/home/notlean/openwrt-uboost/build_dir/target-mipsel_24kc_musl/musl-fts-1.2.7=musl-fts-1.2.7 -mips16 -minterlink-mips16 -Wformat -Werror=format-security -fstack-protector -D_FORTIFY_SOURCE=1 -Wl,-z,now -Wl,-z,relro  -I/home/notlean/openwrt-uboost/staging_dir/toolchain-mipsel_24kc_gcc-12.3.0_musl/usr/include -I/home/notlean/openwrt-uboost/staging_dir/toolchain-mipsel_24kc_gcc-12.3.0_musl/include/fortify -I/home/notlean/openwrt-uboost/staging_dir/toolchain-mipsel_24kc_gcc-12.3.0_musl/include  -fPIC -DPIC -DPIC conftest.c >&5
configure:9280: $? = 0
configure:9293: result: yes
configure:9322: checking if mipsel-openwrt-linux-musl-gcc static flag -static works
configure:9351: result: yes
configure:9366: checking if mipsel-openwrt-linux-musl-gcc supports -c -o file.o
configure:9388: mipsel-openwrt-linux-musl-gcc -c -Os -pipe -mno-branch-likely -mips32r2 -mtune=24kc -fno-caller-saves -fno-plt -fhonour-copts -msoft-float -fmacro-prefix-map=/home/notlean/openwrt-uboost/build_dir/target-mipsel_24kc_musl/musl-fts-1.2.7=musl-fts-1.2.7 -mips16 -minterlink-mips16 -Wformat -Werror=format-security -fstack-protector -D_FORTIFY_SOURCE=1 -Wl,-z,now -Wl,-z,relro  -I/home/notlean/openwrt-uboost/staging_dir/toolchain-mipsel_24kc_gcc-12.3.0_musl/usr/include -I/home/notlean/openwrt-uboost/staging_dir/toolchain-mipsel_24kc_gcc-12.3.0_musl/include/fortify -I/home/notlean/openwrt-uboost/staging_dir/toolchain-mipsel_24kc_gcc-12.3.0_musl/include  -o out/conftest2.o conftest.c >&5
configure:9392: $? = 0
configure:9414: result: yes
configure:9422: checking if mipsel-openwrt-linux-musl-gcc supports -c -o file.o
configure:9470: result: yes
configure:9503: checking whether the mipsel-openwrt-linux-musl-gcc linker (mipsel-openwrt-linux-musl-ld) supports shared libraries
configure:10771: result: yes
configure:10808: checking whether -lc should be explicitly linked in
configure:10817: mipsel-openwrt-linux-musl-gcc -c -Os -pipe -mno-branch-likely -mips32r2 -mtune=24kc -fno-caller-saves -fno-plt -fhonour-copts -msoft-float -fmacro-prefix-map=/home/notlean/openwrt-uboost/build_dir/target-mipsel_24kc_musl/musl-fts-1.2.7=musl-fts-1.2.7 -mips16 -minterlink-mips16 -Wformat -Werror=format-security -fstack-protector -D_FORTIFY_SOURCE=1 -Wl,-z,now -Wl,-z,relro  -I/home/notlean/openwrt-uboost/staging_dir/toolchain-mipsel_24kc_gcc-12.3.0_musl/usr/include -I/home/notlean/openwrt-uboost/staging_dir/toolchain-mipsel_24kc_gcc-12.3.0_musl/include/fortify -I/home/notlean/openwrt-uboost/staging_dir/toolchain-mipsel_24kc_gcc-12.3.0_musl/include  conftest.c >&5
configure:10820: $? = 0
configure:10835: mipsel-openwrt-linux-musl-gcc -shared  -fPIC -DPIC conftest.o  -v -Wl,-soname -Wl,conftest -o conftest 2\>\&1 \| /home/notlean/openwrt-uboost/staging_dir/host/bin/grep  -lc  \>/dev/null 2\>\&1
configure:10838: $? = 0
configure:10852: result: no
configure:11012: checking dynamic linker characteristics
configure:11594: mipsel-openwrt-linux-musl-gcc -o conftest -Os -pipe -mno-branch-likely -mips32r2 -mtune=24kc -fno-caller-saves -fno-plt -fhonour-copts -msoft-float -fmacro-prefix-map=/home/notlean/openwrt-uboost/build_dir/target-mipsel_24kc_musl/musl-fts-1.2.7=musl-fts-1.2.7 -mips16 -minterlink-mips16 -Wformat -Werror=format-security -fstack-protector -D_FORTIFY_SOURCE=1 -Wl,-z,now -Wl,-z,relro  -I/home/notlean/openwrt-uboost/staging_dir/toolchain-mipsel_24kc_gcc-12.3.0_musl/usr/include -I/home/notlean/openwrt-uboost/staging_dir/toolchain-mipsel_24kc_gcc-12.3.0_musl/include/fortify -I/home/notlean/openwrt-uboost/staging_dir/toolchain-mipsel_24kc_gcc-12.3.0_musl/include  -L/home/notlean/openwrt-uboost/staging_dir/toolchain-mipsel_24kc_gcc-12.3.0_musl/usr/lib -L/home/notlean/openwrt-uboost/staging_dir/toolchain-mipsel_24kc_gcc-12.3.0_musl/lib -znow -zrelro  -Wl,-rpath -Wl,/foo conftest.c  >&5
configure:11594: $? = 0
configure:11833: result: GNU/Linux ld.so
configure:11955: checking how to hardcode library paths into programs
configure:11980: result: immediate
configure:12532: checking whether stripping libraries is possible
configure:12541: result: yes
configure:12583: checking if libtool supports shared libraries
configure:12585: result: yes
configure:12588: checking whether to build shared libraries
configure:12613: result: yes
configure:12616: checking whether to build static libraries
configure:12620: result: yes
configure:12658: checking for assert.h
configure:12658: mipsel-openwrt-linux-musl-gcc -c -Os -pipe -mno-branch-likely -mips32r2 -mtune=24kc -fno-caller-saves -fno-plt -fhonour-copts -msoft-float -fmacro-prefix-map=/home/notlean/openwrt-uboost/build_dir/target-mipsel_24kc_musl/musl-fts-1.2.7=musl-fts-1.2.7 -mips16 -minterlink-mips16 -Wformat -Werror=format-security -fstack-protector -D_FORTIFY_SOURCE=1 -Wl,-z,now -Wl,-z,relro  -I/home/notlean/openwrt-uboost/staging_dir/toolchain-mipsel_24kc_gcc-12.3.0_musl/usr/include -I/home/notlean/openwrt-uboost/staging_dir/toolchain-mipsel_24kc_gcc-12.3.0_musl/include/fortify -I/home/notlean/openwrt-uboost/staging_dir/toolchain-mipsel_24kc_gcc-12.3.0_musl/include  conftest.c >&5
configure:12658: $? = 0
configure:12658: result: yes
configure:12664: checking for dirent.h
configure:12664: mipsel-openwrt-linux-musl-gcc -c -Os -pipe -mno-branch-likely -mips32r2 -mtune=24kc -fno-caller-saves -fno-plt -fhonour-copts -msoft-float -fmacro-prefix-map=/home/notlean/openwrt-uboost/build_dir/target-mipsel_24kc_musl/musl-fts-1.2.7=musl-fts-1.2.7 -mips16 -minterlink-mips16 -Wformat -Werror=format-security -fstack-protector -D_FORTIFY_SOURCE=1 -Wl,-z,now -Wl,-z,relro  -I/home/notlean/openwrt-uboost/staging_dir/toolchain-mipsel_24kc_gcc-12.3.0_musl/usr/include -I/home/notlean/openwrt-uboost/staging_dir/toolchain-mipsel_24kc_gcc-12.3.0_musl/include/fortify -I/home/notlean/openwrt-uboost/staging_dir/toolchain-mipsel_24kc_gcc-12.3.0_musl/include  conftest.c >&5
configure:12664: $? = 0
configure:12664: result: yes
configure:12670: checking for errno.h
configure:12670: mipsel-openwrt-linux-musl-gcc -c -Os -pipe -mno-branch-likely -mips32r2 -mtune=24kc -fno-caller-saves -fno-plt -fhonour-copts -msoft-float -fmacro-prefix-map=/home/notlean/openwrt-uboost/build_dir/target-mipsel_24kc_musl/musl-fts-1.2.7=musl-fts-1.2.7 -mips16 -minterlink-mips16 -Wformat -Werror=format-security -fstack-protector -D_FORTIFY_SOURCE=1 -Wl,-z,now -Wl,-z,relro  -I/home/notlean/openwrt-uboost/staging_dir/toolchain-mipsel_24kc_gcc-12.3.0_musl/usr/include -I/home/notlean/openwrt-uboost/staging_dir/toolchain-mipsel_24kc_gcc-12.3.0_musl/include/fortify -I/home/notlean/openwrt-uboost/staging_dir/toolchain-mipsel_24kc_gcc-12.3.0_musl/include  conftest.c >&5
configure:12670: $? = 0
configure:12670: result: yes
configure:12676: checking for fcntl.h
configure:12676: mipsel-openwrt-linux-musl-gcc -c -Os -pipe -mno-branch-likely -mips32r2 -mtune=24kc -fno-caller-saves -fno-plt -fhonour-copts -msoft-float -fmacro-prefix-map=/home/notlean/openwrt-uboost/build_dir/target-mipsel_24kc_musl/musl-fts-1.2.7=musl-fts-1.2.7 -mips16 -minterlink-mips16 -Wformat -Werror=format-security -fstack-protector -D_FORTIFY_SOURCE=1 -Wl,-z,now -Wl,-z,relro  -I/home/notlean/openwrt-uboost/staging_dir/toolchain-mipsel_24kc_gcc-12.3.0_musl/usr/include -I/home/notlean/openwrt-uboost/staging_dir/toolchain-mipsel_24kc_gcc-12.3.0_musl/include/fortify -I/home/notlean/openwrt-uboost/staging_dir/toolchain-mipsel_24kc_gcc-12.3.0_musl/include  conftest.c >&5
configure:12676: $? = 0
configure:12676: result: yes
configure:12682: checking for stdlib.h
configure:12682: result: yes
configure:12688: checking for string.h
configure:12688: result: yes
configure:12694: checking for unistd.h
configure:12694: result: yes
configure:12700: checking for sys/param.h
configure:12700: mipsel-openwrt-linux-musl-gcc -c -Os -pipe -mno-branch-likely -mips32r2 -mtune=24kc -fno-caller-saves -fno-plt -fhonour-copts -msoft-float -fmacro-prefix-map=/home/notlean/openwrt-uboost/build_dir/target-mipsel_24kc_musl/musl-fts-1.2.7=musl-fts-1.2.7 -mips16 -minterlink-mips16 -Wformat -Werror=format-security -fstack-protector -D_FORTIFY_SOURCE=1 -Wl,-z,now -Wl,-z,relro  -I/home/notlean/openwrt-uboost/staging_dir/toolchain-mipsel_24kc_gcc-12.3.0_musl/usr/include -I/home/notlean/openwrt-uboost/staging_dir/toolchain-mipsel_24kc_gcc-12.3.0_musl/include/fortify -I/home/notlean/openwrt-uboost/staging_dir/toolchain-mipsel_24kc_gcc-12.3.0_musl/include  conftest.c >&5
configure:12700: $? = 0
configure:12700: result: yes
configure:12706: checking for sys/stat.h
configure:12706: result: yes
configure:12714: checking for mipsel-openwrt-linux-musl-gcc options needed to detect all undeclared functions
configure:12736: mipsel-openwrt-linux-musl-gcc -c -Os -pipe -mno-branch-likely -mips32r2 -mtune=24kc -fno-caller-saves -fno-plt -fhonour-copts -msoft-float -fmacro-prefix-map=/home/notlean/openwrt-uboost/build_dir/target-mipsel_24kc_musl/musl-fts-1.2.7=musl-fts-1.2.7 -mips16 -minterlink-mips16 -Wformat -Werror=format-security -fstack-protector -D_FORTIFY_SOURCE=1 -Wl,-z,now -Wl,-z,relro   -I/home/notlean/openwrt-uboost/staging_dir/toolchain-mipsel_24kc_gcc-12.3.0_musl/usr/include -I/home/notlean/openwrt-uboost/staging_dir/toolchain-mipsel_24kc_gcc-12.3.0_musl/include/fortify -I/home/notlean/openwrt-uboost/staging_dir/toolchain-mipsel_24kc_gcc-12.3.0_musl/include  conftest.c >&5
conftest.c: In function 'main':
conftest.c:36:8: error: 'strchr' undeclared (first use in this function)
   36 | (void) strchr;
      |        ^~~~~~
conftest.c:1:1: note: 'strchr' is defined in header '<string.h>'; did you forget to '#include <string.h>'?
    1 | /* confdefs.h */
conftest.c:36:8: note: each undeclared identifier is reported only once for each function it appears in
   36 | (void) strchr;
      |        ^~~~~~
configure:12736: $? = 1
configure: failed program was:
| /* confdefs.h */
| #define PACKAGE_NAME "fts"
| #define PACKAGE_TARNAME "fts"
| #define PACKAGE_VERSION "1.2.7"
| #define PACKAGE_STRING "fts 1.2.7"
| #define PACKAGE_BUGREPORT "pullmoll@t-online.de"
| #define PACKAGE_URL ""
| #define PACKAGE "fts"
| #define VERSION "1.2.7"
| #define HAVE_STDIO_H 1
| #define HAVE_STDLIB_H 1
| #define HAVE_STRING_H 1
| #define HAVE_INTTYPES_H 1
| #define HAVE_STDINT_H 1
| #define HAVE_STRINGS_H 1
| #define HAVE_SYS_STAT_H 1
| #define HAVE_SYS_TYPES_H 1
| #define HAVE_UNISTD_H 1
| #define STDC_HEADERS 1
| #define HAVE_DLFCN_H 1
| #define LT_OBJDIR ".libs/"
| #define HAVE_ASSERT_H 1
| #define HAVE_DIRENT_H 1
| #define HAVE_ERRNO_H 1
| #define HAVE_FCNTL_H 1
| #define HAVE_STDLIB_H 1
| #define HAVE_STRING_H 1
| #define HAVE_UNISTD_H 1
| #define HAVE_SYS_PARAM_H 1
| #define HAVE_SYS_STAT_H 1
| /* end confdefs.h.  */
| 
| int
| main (void)
| {
| (void) strchr;
|   ;
|   return 0;
| }
configure:12763: mipsel-openwrt-linux-musl-gcc -c -Os -pipe -mno-branch-likely -mips32r2 -mtune=24kc -fno-caller-saves -fno-plt -fhonour-copts -msoft-float -fmacro-prefix-map=/home/notlean/openwrt-uboost/build_dir/target-mipsel_24kc_musl/musl-fts-1.2.7=musl-fts-1.2.7 -mips16 -minterlink-mips16 -Wformat -Werror=format-security -fstack-protector -D_FORTIFY_SOURCE=1 -Wl,-z,now -Wl,-z,relro   -I/home/notlean/openwrt-uboost/staging_dir/toolchain-mipsel_24kc_gcc-12.3.0_musl/usr/include -I/home/notlean/openwrt-uboost/staging_dir/toolchain-mipsel_24kc_gcc-12.3.0_musl/include/fortify -I/home/notlean/openwrt-uboost/staging_dir/toolchain-mipsel_24kc_gcc-12.3.0_musl/include  conftest.c >&5
configure:12763: $? = 0
configure:12780: result: none needed
configure:12794: checking whether MAX is declared
configure:12794: mipsel-openwrt-linux-musl-gcc -c -Os -pipe -mno-branch-likely -mips32r2 -mtune=24kc -fno-caller-saves -fno-plt -fhonour-copts -msoft-float -fmacro-prefix-map=/home/notlean/openwrt-uboost/build_dir/target-mipsel_24kc_musl/musl-fts-1.2.7=musl-fts-1.2.7 -mips16 -minterlink-mips16 -Wformat -Werror=format-security -fstack-protector -D_FORTIFY_SOURCE=1 -Wl,-z,now -Wl,-z,relro   -I/home/notlean/openwrt-uboost/staging_dir/toolchain-mipsel_24kc_gcc-12.3.0_musl/usr/include -I/home/notlean/openwrt-uboost/staging_dir/toolchain-mipsel_24kc_gcc-12.3.0_musl/include/fortify -I/home/notlean/openwrt-uboost/staging_dir/toolchain-mipsel_24kc_gcc-12.3.0_musl/include  conftest.c >&5
configure:12794: $? = 0
configure:12794: result: yes
configure:12807: checking whether UINTMAX_MAX is declared
configure:12807: mipsel-openwrt-linux-musl-gcc -c -Os -pipe -mno-branch-likely -mips32r2 -mtune=24kc -fno-caller-saves -fno-plt -fhonour-copts -msoft-float -fmacro-prefix-map=/home/notlean/openwrt-uboost/build_dir/target-mipsel_24kc_musl/musl-fts-1.2.7=musl-fts-1.2.7 -mips16 -minterlink-mips16 -Wformat -Werror=format-security -fstack-protector -D_FORTIFY_SOURCE=1 -Wl,-z,now -Wl,-z,relro   -I/home/notlean/openwrt-uboost/staging_dir/toolchain-mipsel_24kc_gcc-12.3.0_musl/usr/include -I/home/notlean/openwrt-uboost/staging_dir/toolchain-mipsel_24kc_gcc-12.3.0_musl/include/fortify -I/home/notlean/openwrt-uboost/staging_dir/toolchain-mipsel_24kc_gcc-12.3.0_musl/include  conftest.c >&5
conftest.c: In function 'main':
conftest.c:44:10: error: 'UINTMAX_MAX' undeclared (first use in this function); did you mean 'UINT_MAX'?
   44 |   (void) UINTMAX_MAX;
      |          ^~~~~~~~~~~
      |          UINT_MAX
conftest.c:44:10: note: each undeclared identifier is reported only once for each function it appears in
configure:12807: $? = 1
configure: failed program was:
| /* confdefs.h */
| #define PACKAGE_NAME "fts"
| #define PACKAGE_TARNAME "fts"
| #define PACKAGE_VERSION "1.2.7"
| #define PACKAGE_STRING "fts 1.2.7"
| #define PACKAGE_BUGREPORT "pullmoll@t-online.de"
| #define PACKAGE_URL ""
| #define PACKAGE "fts"
| #define VERSION "1.2.7"
| #define HAVE_STDIO_H 1
| #define HAVE_STDLIB_H 1
| #define HAVE_STRING_H 1
| #define HAVE_INTTYPES_H 1
| #define HAVE_STDINT_H 1
| #define HAVE_STRINGS_H 1
| #define HAVE_SYS_STAT_H 1
| #define HAVE_SYS_TYPES_H 1
| #define HAVE_UNISTD_H 1
| #define STDC_HEADERS 1
| #define HAVE_DLFCN_H 1
| #define LT_OBJDIR ".libs/"
| #define HAVE_ASSERT_H 1
| #define HAVE_DIRENT_H 1
| #define HAVE_ERRNO_H 1
| #define HAVE_FCNTL_H 1
| #define HAVE_STDLIB_H 1
| #define HAVE_STRING_H 1
| #define HAVE_UNISTD_H 1
| #define HAVE_SYS_PARAM_H 1
| #define HAVE_SYS_STAT_H 1
| #define HAVE_DECL_MAX 1
| /* end confdefs.h.  */
| 
| #include <limits.h>
| 
| 
| int
| main (void)
| {
| #ifndef UINTMAX_MAX
| #ifdef __cplusplus
|   (void) UINTMAX_MAX;
| #else
|   (void) UINTMAX_MAX;
| #endif
| #endif
| 
|   ;
|   return 0;
| }
configure:12807: result: no
configure:12820: checking for dirfd
configure:12820: mipsel-openwrt-linux-musl-gcc -o conftest -Os -pipe -mno-branch-likely -mips32r2 -mtune=24kc -fno-caller-saves -fno-plt -fhonour-copts -msoft-float -fmacro-prefix-map=/home/notlean/openwrt-uboost/build_dir/target-mipsel_24kc_musl/musl-fts-1.2.7=musl-fts-1.2.7 -mips16 -minterlink-mips16 -Wformat -Werror=format-security -fstack-protector -D_FORTIFY_SOURCE=1 -Wl,-z,now -Wl,-z,relro  -I/home/notlean/openwrt-uboost/staging_dir/toolchain-mipsel_24kc_gcc-12.3.0_musl/usr/include -I/home/notlean/openwrt-uboost/staging_dir/toolchain-mipsel_24kc_gcc-12.3.0_musl/include/fortify -I/home/notlean/openwrt-uboost/staging_dir/toolchain-mipsel_24kc_gcc-12.3.0_musl/include  -L/home/notlean/openwrt-uboost/staging_dir/toolchain-mipsel_24kc_gcc-12.3.0_musl/usr/lib -L/home/notlean/openwrt-uboost/staging_dir/toolchain-mipsel_24kc_gcc-12.3.0_musl/lib -znow -zrelro  conftest.c  >&5
configure:12820: $? = 0
configure:12820: result: yes
configure:12828: checking for DIR.dd_fd
configure:12828: mipsel-openwrt-linux-musl-gcc -c -Os -pipe -mno-branch-likely -mips32r2 -mtune=24kc -fno-caller-saves -fno-plt -fhonour-copts -msoft-float -fmacro-prefix-map=/home/notlean/openwrt-uboost/build_dir/target-mipsel_24kc_musl/musl-fts-1.2.7=musl-fts-1.2.7 -mips16 -minterlink-mips16 -Wformat -Werror=format-security -fstack-protector -D_FORTIFY_SOURCE=1 -Wl,-z,now -Wl,-z,relro  -I/home/notlean/openwrt-uboost/staging_dir/toolchain-mipsel_24kc_gcc-12.3.0_musl/usr/include -I/home/notlean/openwrt-uboost/staging_dir/toolchain-mipsel_24kc_gcc-12.3.0_musl/include/fortify -I/home/notlean/openwrt-uboost/staging_dir/toolchain-mipsel_24kc_gcc-12.3.0_musl/include  conftest.c >&5
conftest.c: In function 'main':
conftest.c:42:12: error: storage size of 'ac_aggr' isn't known
   42 | static DIR ac_aggr;
      |            ^~~~~~~
configure:12828: $? = 1
configure: failed program was:
| /* confdefs.h */
| #define PACKAGE_NAME "fts"
| #define PACKAGE_TARNAME "fts"
| #define PACKAGE_VERSION "1.2.7"
| #define PACKAGE_STRING "fts 1.2.7"
| #define PACKAGE_BUGREPORT "pullmoll@t-online.de"
| #define PACKAGE_URL ""
| #define PACKAGE "fts"
| #define VERSION "1.2.7"
| #define HAVE_STDIO_H 1
| #define HAVE_STDLIB_H 1
| #define HAVE_STRING_H 1
| #define HAVE_INTTYPES_H 1
| #define HAVE_STDINT_H 1
| #define HAVE_STRINGS_H 1
| #define HAVE_SYS_STAT_H 1
| #define HAVE_SYS_TYPES_H 1
| #define HAVE_UNISTD_H 1
| #define STDC_HEADERS 1
| #define HAVE_DLFCN_H 1
| #define LT_OBJDIR ".libs/"
| #define HAVE_ASSERT_H 1
| #define HAVE_DIRENT_H 1
| #define HAVE_ERRNO_H 1
| #define HAVE_FCNTL_H 1
| #define HAVE_STDLIB_H 1
| #define HAVE_STRING_H 1
| #define HAVE_UNISTD_H 1
| #define HAVE_SYS_PARAM_H 1
| #define HAVE_SYS_STAT_H 1
| #define HAVE_DECL_MAX 1
| #define HAVE_DECL_UINTMAX_MAX 0
| #define HAVE_DIRFD 1
| /* end confdefs.h.  */
| #include <sys/types.h>
| #include <dirent.h>
| 
| 
| int
| main (void)
| {
| static DIR ac_aggr;
| if (ac_aggr.dd_fd)
| return 0;
|   ;
|   return 0;
| }
configure:12828: mipsel-openwrt-linux-musl-gcc -c -Os -pipe -mno-branch-likely -mips32r2 -mtune=24kc -fno-caller-saves -fno-plt -fhonour-copts -msoft-float -fmacro-prefix-map=/home/notlean/openwrt-uboost/build_dir/target-mipsel_24kc_musl/musl-fts-1.2.7=musl-fts-1.2.7 -mips16 -minterlink-mips16 -Wformat -Werror=format-security -fstack-protector -D_FORTIFY_SOURCE=1 -Wl,-z,now -Wl,-z,relro  -I/home/notlean/openwrt-uboost/staging_dir/toolchain-mipsel_24kc_gcc-12.3.0_musl/usr/include -I/home/notlean/openwrt-uboost/staging_dir/toolchain-mipsel_24kc_gcc-12.3.0_musl/include/fortify -I/home/notlean/openwrt-uboost/staging_dir/toolchain-mipsel_24kc_gcc-12.3.0_musl/include  conftest.c >&5
conftest.c: In function 'main':
conftest.c:42:12: error: storage size of 'ac_aggr' isn't known
   42 | static DIR ac_aggr;
      |            ^~~~~~~
configure:12828: $? = 1
configure: failed program was:
| /* confdefs.h */
| #define PACKAGE_NAME "fts"
| #define PACKAGE_TARNAME "fts"
| #define PACKAGE_VERSION "1.2.7"
| #define PACKAGE_STRING "fts 1.2.7"
| #define PACKAGE_BUGREPORT "pullmoll@t-online.de"
| #define PACKAGE_URL ""
| #define PACKAGE "fts"
| #define VERSION "1.2.7"
| #define HAVE_STDIO_H 1
| #define HAVE_STDLIB_H 1
| #define HAVE_STRING_H 1
| #define HAVE_INTTYPES_H 1
| #define HAVE_STDINT_H 1
| #define HAVE_STRINGS_H 1
| #define HAVE_SYS_STAT_H 1
| #define HAVE_SYS_TYPES_H 1
| #define HAVE_UNISTD_H 1
| #define STDC_HEADERS 1
| #define HAVE_DLFCN_H 1
| #define LT_OBJDIR ".libs/"
| #define HAVE_ASSERT_H 1
| #define HAVE_DIRENT_H 1
| #define HAVE_ERRNO_H 1
| #define HAVE_FCNTL_H 1
| #define HAVE_STDLIB_H 1
| #define HAVE_STRING_H 1
| #define HAVE_UNISTD_H 1
| #define HAVE_SYS_PARAM_H 1
| #define HAVE_SYS_STAT_H 1
| #define HAVE_DECL_MAX 1
| #define HAVE_DECL_UINTMAX_MAX 0
| #define HAVE_DIRFD 1
| /* end confdefs.h.  */
| #include <sys/types.h>
| #include <dirent.h>
| 
| 
| int
| main (void)
| {
| static DIR ac_aggr;
| if (sizeof ac_aggr.dd_fd)
| return 0;
|   ;
|   return 0;
| }
configure:12828: result: no
configure:12839: checking for DIR.d_fd
configure:12839: mipsel-openwrt-linux-musl-gcc -c -Os -pipe -mno-branch-likely -mips32r2 -mtune=24kc -fno-caller-saves -fno-plt -fhonour-copts -msoft-float -fmacro-prefix-map=/home/notlean/openwrt-uboost/build_dir/target-mipsel_24kc_musl/musl-fts-1.2.7=musl-fts-1.2.7 -mips16 -minterlink-mips16 -Wformat -Werror=format-security -fstack-protector -D_FORTIFY_SOURCE=1 -Wl,-z,now -Wl,-z,relro  -I/home/notlean/openwrt-uboost/staging_dir/toolchain-mipsel_24kc_gcc-12.3.0_musl/usr/include -I/home/notlean/openwrt-uboost/staging_dir/toolchain-mipsel_24kc_gcc-12.3.0_musl/include/fortify -I/home/notlean/openwrt-uboost/staging_dir/toolchain-mipsel_24kc_gcc-12.3.0_musl/include  conftest.c >&5
conftest.c: In function 'main':
conftest.c:42:12: error: storage size of 'ac_aggr' isn't known
   42 | static DIR ac_aggr;
      |            ^~~~~~~
configure:12839: $? = 1
configure: failed program was:
| /* confdefs.h */
| #define PACKAGE_NAME "fts"
| #define PACKAGE_TARNAME "fts"
| #define PACKAGE_VERSION "1.2.7"
| #define PACKAGE_STRING "fts 1.2.7"
| #define PACKAGE_BUGREPORT "pullmoll@t-online.de"
| #define PACKAGE_URL ""
| #define PACKAGE "fts"
| #define VERSION "1.2.7"
| #define HAVE_STDIO_H 1
| #define HAVE_STDLIB_H 1
| #define HAVE_STRING_H 1
| #define HAVE_INTTYPES_H 1
| #define HAVE_STDINT_H 1
| #define HAVE_STRINGS_H 1
| #define HAVE_SYS_STAT_H 1
| #define HAVE_SYS_TYPES_H 1
| #define HAVE_UNISTD_H 1
| #define STDC_HEADERS 1
| #define HAVE_DLFCN_H 1
| #define LT_OBJDIR ".libs/"
| #define HAVE_ASSERT_H 1
| #define HAVE_DIRENT_H 1
| #define HAVE_ERRNO_H 1
| #define HAVE_FCNTL_H 1
| #define HAVE_STDLIB_H 1
| #define HAVE_STRING_H 1
| #define HAVE_UNISTD_H 1
| #define HAVE_SYS_PARAM_H 1
| #define HAVE_SYS_STAT_H 1
| #define HAVE_DECL_MAX 1
| #define HAVE_DECL_UINTMAX_MAX 0
| #define HAVE_DIRFD 1
| /* end confdefs.h.  */
| #include <sys/types.h>
| #include <dirent.h>
| 
| 
| int
| main (void)
| {
| static DIR ac_aggr;
| if (ac_aggr.d_fd)
| return 0;
|   ;
|   return 0;
| }
configure:12839: mipsel-openwrt-linux-musl-gcc -c -Os -pipe -mno-branch-likely -mips32r2 -mtune=24kc -fno-caller-saves -fno-plt -fhonour-copts -msoft-float -fmacro-prefix-map=/home/notlean/openwrt-uboost/build_dir/target-mipsel_24kc_musl/musl-fts-1.2.7=musl-fts-1.2.7 -mips16 -minterlink-mips16 -Wformat -Werror=format-security -fstack-protector -D_FORTIFY_SOURCE=1 -Wl,-z,now -Wl,-z,relro  -I/home/notlean/openwrt-uboost/staging_dir/toolchain-mipsel_24kc_gcc-12.3.0_musl/usr/include -I/home/notlean/openwrt-uboost/staging_dir/toolchain-mipsel_24kc_gcc-12.3.0_musl/include/fortify -I/home/notlean/openwrt-uboost/staging_dir/toolchain-mipsel_24kc_gcc-12.3.0_musl/include  conftest.c >&5
conftest.c: In function 'main':
conftest.c:42:12: error: storage size of 'ac_aggr' isn't known
   42 | static DIR ac_aggr;
      |            ^~~~~~~
configure:12839: $? = 1
configure: failed program was:
| /* confdefs.h */
| #define PACKAGE_NAME "fts"
| #define PACKAGE_TARNAME "fts"
| #define PACKAGE_VERSION "1.2.7"
| #define PACKAGE_STRING "fts 1.2.7"
| #define PACKAGE_BUGREPORT "pullmoll@t-online.de"
| #define PACKAGE_URL ""
| #define PACKAGE "fts"
| #define VERSION "1.2.7"
| #define HAVE_STDIO_H 1
| #define HAVE_STDLIB_H 1
| #define HAVE_STRING_H 1
| #define HAVE_INTTYPES_H 1
| #define HAVE_STDINT_H 1
| #define HAVE_STRINGS_H 1
| #define HAVE_SYS_STAT_H 1
| #define HAVE_SYS_TYPES_H 1
| #define HAVE_UNISTD_H 1
| #define STDC_HEADERS 1
| #define HAVE_DLFCN_H 1
| #define LT_OBJDIR ".libs/"
| #define HAVE_ASSERT_H 1
| #define HAVE_DIRENT_H 1
| #define HAVE_ERRNO_H 1
| #define HAVE_FCNTL_H 1
| #define HAVE_STDLIB_H 1
| #define HAVE_STRING_H 1
| #define HAVE_UNISTD_H 1
| #define HAVE_SYS_PARAM_H 1
| #define HAVE_SYS_STAT_H 1
| #define HAVE_DECL_MAX 1
| #define HAVE_DECL_UINTMAX_MAX 0
| #define HAVE_DIRFD 1
| /* end confdefs.h.  */
| #include <sys/types.h>
| #include <dirent.h>
| 
| 
| int
| main (void)
| {
| static DIR ac_aggr;
| if (sizeof ac_aggr.d_fd)
| return 0;
|   ;
|   return 0;
| }
configure:12839: result: no
configure:12972: checking that generated files are newer than configure
configure:12978: result: done
configure:13001: creating ./config.status

## ---------------------- ##
## Running config.status. ##
## ---------------------- ##

This file was extended by fts config.status 1.2.7, which was
generated by GNU Autoconf 2.71.  Invocation command line was

  CONFIG_FILES    = 
  CONFIG_HEADERS  = 
  CONFIG_LINKS    = 
  CONFIG_COMMANDS = 
  $ ./config.status 

on Notlean

config.status:1100: creating Makefile
config.status:1100: creating musl-fts.pc
config.status:1100: creating config.h
config.status:1329: executing depfiles commands
config.status:1329: executing libtool commands
configure:15143: WARNING: unrecognized options: --disable-nls

## ---------------- ##
## Cache variables. ##
## ---------------- ##

ac_cv_build=x86_64-pc-linux-gnu
ac_cv_c_bigendian=no
ac_cv_c_compiler_gnu=yes
ac_cv_c_gettext_without_libintl=yes
ac_cv_c_littleendian=yes
ac_cv_c_long_double=no
ac_cv_c_undeclared_builtin_options='none needed'
ac_cv_conv_longlong_to_float=yes
ac_cv_env_CC_set=set
ac_cv_env_CC_value=mipsel-openwrt-linux-musl-gcc
ac_cv_env_CFLAGS_set=set
ac_cv_env_CFLAGS_value='-Os -pipe -mno-branch-likely -mips32r2 -mtune=24kc -fno-caller-saves -fno-plt -fhonour-copts -msoft-float -fmacro-prefix-map=/home/notlean/openwrt-uboost/build_dir/target-mipsel_24kc_musl/musl-fts-1.2.7=musl-fts-1.2.7 -mips16 -minterlink-mips16 -Wformat -Werror=format-security -fstack-protector -D_FORTIFY_SOURCE=1 -Wl,-z,now -Wl,-z,relro '
ac_cv_env_CPPFLAGS_set=set
ac_cv_env_CPPFLAGS_value='-I/home/notlean/openwrt-uboost/staging_dir/toolchain-mipsel_24kc_gcc-12.3.0_musl/usr/include -I/home/notlean/openwrt-uboost/staging_dir/toolchain-mipsel_24kc_gcc-12.3.0_musl/include/fortify -I/home/notlean/openwrt-uboost/staging_dir/toolchain-mipsel_24kc_gcc-12.3.0_musl/include '
ac_cv_env_LDFLAGS_set=set
ac_cv_env_LDFLAGS_value='-L/home/notlean/openwrt-uboost/staging_dir/toolchain-mipsel_24kc_gcc-12.3.0_musl/usr/lib -L/home/notlean/openwrt-uboost/staging_dir/toolchain-mipsel_24kc_gcc-12.3.0_musl/lib -znow -zrelro '
ac_cv_env_LIBS_set=
ac_cv_env_LIBS_value=
ac_cv_env_LT_SYS_LIBRARY_PATH_set=
ac_cv_env_LT_SYS_LIBRARY_PATH_value=
ac_cv_env_build_alias_set=set
ac_cv_env_build_alias_value=x86_64-pc-linux-gnu
ac_cv_env_host_alias_set=set
ac_cv_env_host_alias_value=mipsel-openwrt-linux
ac_cv_env_target_alias_set=set
ac_cv_env_target_alias_value=mipsel-openwrt-linux
ac_cv_file__dev_zero=yes
ac_cv_func___adjtimex=yes
ac_cv_func___va_copy=no
ac_cv_func__exit=yes
ac_cv_func_bcmp=yes
ac_cv_func_bcopy=yes
ac_cv_func_bzero=yes
ac_cv_func_cimag=yes
ac_cv_func_creal=yes
ac_cv_func_dirfd=yes
ac_cv_func_fchmod=yes
ac_cv_func_getaddrinfo=yes
ac_cv_func_getcwd=yes
ac_cv_func_getdomainname=yes
ac_cv_func_getpgrp_void=yes
ac_cv_func_getpwuid_r=yes
ac_cv_func_gettimeofday=yes
ac_cv_func_index=yes
ac_cv_func_lstat=yes
ac_cv_func_lstat_dereferences_slashed_symlink=yes
ac_cv_func_lstat_empty_string_bug=no
ac_cv_func_malloc_0_nonnull=yes
ac_cv_func_malloc_works=yes
ac_cv_func_memcmp_clean=yes
ac_cv_func_memcmp_working=yes
ac_cv_func_posix_getgrgid_r=yes
ac_cv_func_posix_getpwuid_r=yes
ac_cv_func_psignal=yes
ac_cv_func_pthread_key_delete=yes
ac_cv_func_realloc_0_nonnull=yes
ac_cv_func_realloc_works=yes
ac_cv_func_rename=yes
ac_cv_func_rindex=yes
ac_cv_func_setgrent_void=yes
ac_cv_func_setlocale=yes
ac_cv_func_setpgrp_void=yes
ac_cv_func_setresuid=no
ac_cv_func_setvbuf_reversed=no
ac_cv_func_stat_empty_string_bug=no
ac_cv_func_stat_ignores_trailing_slash=no
ac_cv_func_strerror=yes
ac_cv_func_strftime=yes
ac_cv_func_utimes=yes
ac_cv_func_va_copy=no
ac_cv_func_vsnprintf=yes
ac_cv_have_accrights_in_msghdr=no
ac_cv_have_broken_snprintf=no
ac_cv_have_control_in_msghdr=yes
ac_cv_have_decl_MAX=yes
ac_cv_have_decl_UINTMAX_MAX=no
ac_cv_have_decl_sys_siglist=no
ac_cv_have_openpty_ctty_bug=yes
ac_cv_have_space_d_name_in_struct_dirent=yes
ac_cv_header_assert_h=yes
ac_cv_header_dirent_h=yes
ac_cv_header_dlfcn_h=yes
ac_cv_header_errno_h=yes
ac_cv_header_fcntl_h=yes
ac_cv_header_inttypes_h=yes
ac_cv_header_netinet_sctp_h=no
ac_cv_header_netinet_sctp_uio_h=no
ac_cv_header_stdint_h=yes
ac_cv_header_stdio_h=yes
ac_cv_header_stdlib_h=yes
ac_cv_header_string_h=yes
ac_cv_header_strings_h=yes
ac_cv_header_sys_param_h=yes
ac_cv_header_sys_stat_h=yes
ac_cv_header_sys_types_h=yes
ac_cv_header_unistd_h=yes
ac_cv_host=mipsel-openwrt-linux-gnu
ac_cv_int64_t=yes
ac_cv_lbl_unaligned_fail=no
ac_cv_linux_kernel_pppoe=yes
ac_cv_linux_vers=2
ac_cv_member_DIR_d_fd=no
ac_cv_member_DIR_dd_fd=no
ac_cv_objext=o
ac_cv_pack_bitfields_reversed=yes
ac_cv_path_EGREP='/home/notlean/openwrt-uboost/staging_dir/host/bin/grep -E'
ac_cv_path_FGREP='/home/notlean/openwrt-uboost/staging_dir/host/bin/grep -F'
ac_cv_path_GREP=/home/notlean/openwrt-uboost/staging_dir/host/bin/grep
ac_cv_path_LDCONFIG=
ac_cv_path_SED=/home/notlean/openwrt-uboost/staging_dir/host/bin/sed
ac_cv_path_install='/home/notlean/openwrt-uboost/staging_dir/host/bin/install -c'
ac_cv_path_lt_DD=/usr/bin/dd
ac_cv_path_mkdir=/usr/bin/mkdir
ac_cv_prog_AR=mipsel-openwrt-linux-musl-gcc-ar
ac_cv_prog_AWK=gawk
ac_cv_prog_CC=mipsel-openwrt-linux-musl-gcc
ac_cv_prog_OBJDUMP=mipsel-openwrt-linux-musl-objdump
ac_cv_prog_RANLIB=mipsel-openwrt-linux-musl-gcc-ranlib
ac_cv_prog_STRIP=mipsel-openwrt-linux-musl-strip
ac_cv_prog_ac_ct_FILECMD=file
ac_cv_prog_ac_ct_MANIFEST_TOOL=mt
ac_cv_prog_cc_c11=
ac_cv_prog_cc_g=yes
ac_cv_prog_cc_stdc=
ac_cv_prog_make_make_set=yes
ac_cv_regexec_segfault_emptystr=no
ac_cv_sctp=no
ac_cv_sizeof___int64=0
ac_cv_sizeof_char=1
ac_cv_sizeof_int16_t=2
ac_cv_sizeof_int32_t=4
ac_cv_sizeof_int64_t=8
ac_cv_sizeof_int=4
ac_cv_sizeof_long=4
ac_cv_sizeof_long_int=4
ac_cv_sizeof_long_long=8
ac_cv_sizeof_off_t=8
ac_cv_sizeof_short=2
ac_cv_sizeof_short_int=2
ac_cv_sizeof_size_t=4
ac_cv_sizeof_ssize_t=4
ac_cv_sizeof_u_int16_t=2
ac_cv_sizeof_u_int32_t=4
ac_cv_sizeof_u_int64_t=8
ac_cv_sizeof_uint16_t=2
ac_cv_sizeof_uint32_t=4
ac_cv_sizeof_uint64_t=8
ac_cv_sizeof_unsigned_int=4
ac_cv_sizeof_unsigned_long=4
ac_cv_sizeof_unsigned_long_long=8
ac_cv_sizeof_unsigned_short=2
ac_cv_sizeof_void_p=4
ac_cv_sys_restartable_syscalls=yes
ac_cv_time_r_type=POSIX
ac_cv_type_suseconds_t=yes
ac_cv_uchar=no
ac_cv_uint64_t=yes
ac_cv_uint=yes
ac_cv_ulong=yes
ac_cv_ushort=yes
ac_cv_va_copy=C99
ac_cv_va_val_copy=yes
am_cv_CC_dependencies_compiler_type=none
am_cv_make_support_nested_variables=yes
am_cv_prog_cc_c_o=yes
as_cv_unaligned_access=yes
lt_cv_ar_at_file=@
lt_cv_archive_cmds_need_lc=no
lt_cv_deplibs_check_method=pass_all
lt_cv_file_magic_cmd='$MAGIC_CMD'
lt_cv_file_magic_test_file=
lt_cv_ld_reload_flag=-r
lt_cv_nm_interface='BSD nm'
lt_cv_objdir=.libs
lt_cv_path_LD=mipsel-openwrt-linux-musl-ld
lt_cv_path_NM=mipsel-openwrt-linux-musl-gcc-nm
lt_cv_path_mainfest_tool=no
lt_cv_prog_compiler_c_o=yes
lt_cv_prog_compiler_pic='-fPIC -DPIC'
lt_cv_prog_compiler_pic_works=yes
lt_cv_prog_compiler_rtti_exceptions=no
lt_cv_prog_compiler_static_works=yes
lt_cv_prog_gnu_ld=yes
lt_cv_sharedlib_from_linklib_cmd='printf %s\n'
lt_cv_shlibpath_overrides_runpath=no
lt_cv_sys_global_symbol_pipe='/home/notlean/openwrt-uboost/staging_dir/host/bin/sed -n -e '\''s/^.*[	 ]\([ABCDGIRSTW][ABCDGIRSTW]*\)[	 ][	 ]*\([_A-Za-z][_A-Za-z0-9]*\)$/\1 \2 \2/p'\'' | /home/notlean/openwrt-uboost/staging_dir/host/bin/sed '\''/ __gnu_lto/d'\'''
lt_cv_sys_global_symbol_to_c_name_address='/home/notlean/openwrt-uboost/staging_dir/host/bin/sed -n -e '\''s/^: \(.*\) .*$/  {"\1", (void *) 0},/p'\'' -e '\''s/^[ABCDGIRSTW][ABCDGIRSTW]* .* \(.*\)$/  {"\1", (void *) \&\1},/p'\'''
lt_cv_sys_global_symbol_to_c_name_address_lib_prefix='/home/notlean/openwrt-uboost/staging_dir/host/bin/sed -n -e '\''s/^: \(.*\) .*$/  {"\1", (void *) 0},/p'\'' -e '\''s/^[ABCDGIRSTW][ABCDGIRSTW]* .* \(lib.*\)$/  {"\1", (void *) \&\1},/p'\'' -e '\''s/^[ABCDGIRSTW][ABCDGIRSTW]* .* \(.*\)$/  {"lib\1", (void *) \&\1},/p'\'''
lt_cv_sys_global_symbol_to_cdecl='/home/notlean/openwrt-uboost/staging_dir/host/bin/sed -n -e '\''s/^T .* \(.*\)$/extern int \1();/p'\'' -e '\''s/^[ABCDGIRSTW][ABCDGIRSTW]* .* \(.*\)$/extern char \1;/p'\'''
lt_cv_sys_global_symbol_to_import=
lt_cv_sys_max_cmd_len=1572864
lt_cv_to_host_file_cmd=func_convert_file_noop
lt_cv_to_tool_file_cmd=func_convert_file_noop
lt_cv_truncate_bin='/usr/bin/dd bs=4096 count=1'

## ----------------- ##
## Output variables. ##
## ----------------- ##

ACLOCAL='${SHELL} '\''/home/notlean/openwrt-uboost/build_dir/target-mipsel_24kc_musl/musl-fts-1.2.7/missing'\'' aclocal-1.16'
AMDEPBACKSLASH=''
AMDEP_FALSE=''
AMDEP_TRUE='#'
AMTAR='$${TAR-tar}'
AM_BACKSLASH='\'
AM_DEFAULT_V='$(AM_DEFAULT_VERBOSITY)'
AM_DEFAULT_VERBOSITY='1'
AM_V='$(shell if ( test "x$(V)" = "x0" ); then echo 0; elif ( test "x$(V)" = "x" ); then echo $(AM_DEFAULT_VERBOSITY); else echo 1; fi)'
AR='mipsel-openwrt-linux-musl-gcc-ar'
AUTOCONF='${SHELL} '\''/home/notlean/openwrt-uboost/build_dir/target-mipsel_24kc_musl/musl-fts-1.2.7/missing'\'' autoconf'
AUTOHEADER='${SHELL} '\''/home/notlean/openwrt-uboost/build_dir/target-mipsel_24kc_musl/musl-fts-1.2.7/missing'\'' autoheader'
AUTOMAKE='${SHELL} '\''/home/notlean/openwrt-uboost/build_dir/target-mipsel_24kc_musl/musl-fts-1.2.7/missing'\'' automake-1.16'
AWK='gawk'
CC='mipsel-openwrt-linux-musl-gcc'
CCDEPMODE='depmode=none'
CFLAGS='-Os -pipe -mno-branch-likely -mips32r2 -mtune=24kc -fno-caller-saves -fno-plt -fhonour-copts -msoft-float -fmacro-prefix-map=/home/notlean/openwrt-uboost/build_dir/target-mipsel_24kc_musl/musl-fts-1.2.7=musl-fts-1.2.7 -mips16 -minterlink-mips16 -Wformat -Werror=format-security -fstack-protector -D_FORTIFY_SOURCE=1 -Wl,-z,now -Wl,-z,relro '
CPPFLAGS='-I/home/notlean/openwrt-uboost/staging_dir/toolchain-mipsel_24kc_gcc-12.3.0_musl/usr/include -I/home/notlean/openwrt-uboost/staging_dir/toolchain-mipsel_24kc_gcc-12.3.0_musl/include/fortify -I/home/notlean/openwrt-uboost/staging_dir/toolchain-mipsel_24kc_gcc-12.3.0_musl/include '
CSCOPE='cscope'
CTAGS='ctags'
CYGPATH_W='echo'
DEFS='-DHAVE_CONFIG_H'
DEPDIR='.deps'
DLLTOOL='false'
DSYMUTIL=''
DUMPBIN=''
ECHO_C=''
ECHO_N='-n'
ECHO_T=''
EGREP='/home/notlean/openwrt-uboost/staging_dir/host/bin/grep -E'
ETAGS='etags'
EXEEXT=''
FGREP='/home/notlean/openwrt-uboost/staging_dir/host/bin/grep -F'
FILECMD='file'
GREP='/home/notlean/openwrt-uboost/staging_dir/host/bin/grep'
INSTALL_DATA='${INSTALL} -m 644'
INSTALL_PROGRAM='${INSTALL}'
INSTALL_SCRIPT='${INSTALL}'
INSTALL_STRIP_PROGRAM='$(install_sh) -c -s'
LD='mipsel-openwrt-linux-musl-ld'
LDFLAGS='-L/home/notlean/openwrt-uboost/staging_dir/toolchain-mipsel_24kc_gcc-12.3.0_musl/usr/lib -L/home/notlean/openwrt-uboost/staging_dir/toolchain-mipsel_24kc_gcc-12.3.0_musl/lib -znow -zrelro '
LIBOBJS=''
LIBS=''
LIBTOOL='$(SHELL) $(top_builddir)/libtool'
LIPO=''
LN_S='ln -s'
LTLIBOBJS=''
LT_SYS_LIBRARY_PATH=''
MAKEINFO='${SHELL} '\''/home/notlean/openwrt-uboost/build_dir/target-mipsel_24kc_musl/musl-fts-1.2.7/missing'\'' makeinfo'
MANIFEST_TOOL=':'
MKDIR_P='/usr/bin/mkdir -p'
NM='mipsel-openwrt-linux-musl-gcc-nm'
NMEDIT=''
OBJDUMP='mipsel-openwrt-linux-musl-objdump'
OBJEXT='o'
OTOOL64=''
OTOOL=''
PACKAGE='fts'
PACKAGE_BUGREPORT='pullmoll@t-online.de'
PACKAGE_NAME='fts'
PACKAGE_STRING='fts 1.2.7'
PACKAGE_TARNAME='fts'
PACKAGE_URL=''
PACKAGE_VERSION='1.2.7'
PATH_SEPARATOR=':'
RANLIB='mipsel-openwrt-linux-musl-gcc-ranlib'
SED='/home/notlean/openwrt-uboost/staging_dir/host/bin/sed'
SET_MAKE=''
SHELL='/bin/bash'
STRIP='mipsel-openwrt-linux-musl-strip'
VERSION='1.2.7'
ac_ct_AR=''
ac_ct_CC=''
ac_ct_DUMPBIN=''
am__EXEEXT_FALSE=''
am__EXEEXT_TRUE='#'
am__fastdepCC_FALSE=''
am__fastdepCC_TRUE='#'
am__include='include'
am__isrc=''
am__leading_dot='.'
am__nodep=''
am__quote=''
am__tar='$${TAR-tar} chof - "$$tardir"'
am__untar='$${TAR-tar} xf -'
bindir='/usr/bin'
build='x86_64-pc-linux-gnu'
build_alias='x86_64-pc-linux-gnu'
build_cpu='x86_64'
build_os='linux-gnu'
build_vendor='pc'
datadir='/usr/share'
datarootdir='${prefix}/share'
docdir='${datarootdir}/doc/${PACKAGE_TARNAME}'
dvidir='${docdir}'
exec_prefix='/usr'
host='mipsel-openwrt-linux-gnu'
host_alias='mipsel-openwrt-linux'
host_cpu='mipsel'
host_os='linux-gnu'
host_vendor='openwrt'
htmldir='${docdir}'
includedir='${prefix}/include'
infodir='/usr/info'
install_sh='${SHELL} /home/notlean/openwrt-uboost/build_dir/target-mipsel_24kc_musl/musl-fts-1.2.7/install-sh'
libdir='${exec_prefix}/lib'
libexecdir='/usr/lib'
localedir='${datarootdir}/locale'
localstatedir='/var'
mandir='/usr/man'
mkdir_p='$(MKDIR_P)'
oldincludedir='/usr/include'
pdfdir='${docdir}'
pkgconfigdir='${libdir}/pkgconfig'
prefix='/usr'
program_transform_name='s&$$&&;s&^&&'
psdir='${docdir}'
runstatedir='${localstatedir}/run'
sbindir='/usr/sbin'
sharedstatedir='${prefix}/com'
sysconfdir='/etc'
target_alias='mipsel-openwrt-linux'

## ----------- ##
## confdefs.h. ##
## ----------- ##

/* confdefs.h */
#define PACKAGE_NAME "fts"
#define PACKAGE_TARNAME "fts"
#define PACKAGE_VERSION "1.2.7"
#define PACKAGE_STRING "fts 1.2.7"
#define PACKAGE_BUGREPORT "pullmoll@t-online.de"
#define PACKAGE_URL ""
#define PACKAGE "fts"
#define VERSION "1.2.7"
#define HAVE_STDIO_H 1
#define HAVE_STDLIB_H 1
#define HAVE_STRING_H 1
#define HAVE_INTTYPES_H 1
#define HAVE_STDINT_H 1
#define HAVE_STRINGS_H 1
#define HAVE_SYS_STAT_H 1
#define HAVE_SYS_TYPES_H 1
#define HAVE_UNISTD_H 1
#define STDC_HEADERS 1
#define HAVE_DLFCN_H 1
#define LT_OBJDIR ".libs/"
#define HAVE_ASSERT_H 1
#define HAVE_DIRENT_H 1
#define HAVE_ERRNO_H 1
#define HAVE_FCNTL_H 1
#define HAVE_STDLIB_H 1
#define HAVE_STRING_H 1
#define HAVE_UNISTD_H 1
#define HAVE_SYS_PARAM_H 1
#define HAVE_SYS_STAT_H 1
#define HAVE_DECL_MAX 1
#define HAVE_DECL_UINTMAX_MAX 0
#define HAVE_DIRFD 1

configure: exit 0
