This file contains any messages produced by compilers while
running configure, to aid debugging if configure makes a mistake.

It was created by zlib configure 1.1.4, which was
generated by GNU Autoconf 2.69.  Invocation command line was

  $ /home/notlean/openwrt-uboost/build_dir/toolchain-mipsel_24kc_gcc-12.3.0_musl/gcc-12.3.0/zlib/configure --srcdir=/home/notlean/openwrt-uboost/build_dir/toolchain-mipsel_24kc_gcc-12.3.0_musl/gcc-12.3.0/zlib --cache-file=./config.cache --with-bugurl=http://bugs.openwrt.org/ --with-pkgversion=OpenWrt GCC 12.3.0 r23809-234f1a2efa --prefix=/home/notlean/openwrt-uboost/staging_dir/toolchain-mipsel_24kc_gcc-12.3.0_musl --with-gnu-ld --enable-target-optspace --disable-libgomp --disable-libmudflap --disable-multilib --disable-libmpx --disable-nls --disable-libssp --without-isl --without-cloog --with-host-libstdcxx=-lstdc++ --with-float=soft --with-system-zlib=/home/notlean/openwrt-uboost/staging_dir/host --with-zstd=/home/notlean/openwrt-uboost/staging_dir/host --with-gmp=/home/notlean/openwrt-uboost/staging_dir/host --with-mpfr=/home/notlean/openwrt-uboost/staging_dir/host --with-mpc=/home/notlean/openwrt-uboost/staging_dir/host --disable-decimal-float --with-diagnostics-color=auto-if-env --enable-__cxa_atexit --enable-libstdcxx-dual-abi --with-default-libstdcxx-abi=new --with-mips-plt --with-newlib --with-sysroot=/home/notlean/openwrt-uboost/staging_dir/toolchain-mipsel_24kc_gcc-12.3.0_musl --disable-shared --disable-threads --enable-languages=c,lto --program-transform-name=s&^&mipsel-openwrt-linux-musl-& --disable-option-checking --build=x86_64-pc-linux-gnu --host=x86_64-pc-linux-gnu --target=mipsel-openwrt-linux-musl

## --------- ##
## Platform. ##
## --------- ##

hostname = Notlean
uname -m = x86_64
uname -r = 6.14.0-33-generic
uname -s = Linux
uname -v = #33~24.04.1-Ubuntu SMP PREEMPT_DYNAMIC Fri Sep 19 17:02:30 UTC 2

/usr/bin/uname -p = x86_64
/bin/uname -X     = unknown

/bin/arch              = x86_64
/usr/bin/arch -k       = unknown
/usr/convex/getsysinfo = unknown
/usr/bin/hostinfo      = unknown
/bin/machine           = unknown
/usr/bin/oslevel       = unknown
/bin/universe          = unknown

PATH: /home/notlean/openwrt-uboost/staging_dir/toolchain-mipsel_24kc_gcc-12.3.0_musl/bin
PATH: /home/notlean/openwrt-uboost/staging_dir/toolchain-mipsel_24kc_gcc-12.3.0_musl/bin
PATH: /home/notlean/openwrt-uboost/staging_dir/host/bin
PATH: /home/notlean/openwrt-uboost/staging_dir/toolchain-mipsel_24kc_gcc-12.3.0_musl/bin
PATH: /home/notlean/openwrt-uboost/staging_dir/host/bin
PATH: /home/notlean/openwrt-uboost/staging_dir/host/bin
PATH: /usr/local/sbin
PATH: /usr/local/bin
PATH: /usr/sbin
PATH: /usr/bin
PATH: /sbin
PATH: /bin
PATH: /usr/games
PATH: /usr/local/games
PATH: /snap/bin
PATH: /snap/bin


## ----------- ##
## Core tests. ##
## ----------- ##

configure:2157: creating cache ./config.cache
configure:2311: checking build system type
configure:2325: result: x86_64-pc-linux-gnu
configure:2345: checking host system type
configure:2358: result: x86_64-pc-linux-gnu
configure:2378: checking target system type
configure:2391: result: mipsel-openwrt-linux-musl
configure:2439: checking for a BSD-compatible install
configure:2507: result: /home/notlean/openwrt-uboost/staging_dir/host/bin/install -c
configure:2518: checking whether build environment is sane
configure:2573: result: yes
configure:2724: checking for a thread-safe mkdir -p
configure:2763: result: /usr/bin/mkdir -p
configure:2770: checking for gawk
configure:2797: result: gawk
configure:2808: checking whether make sets $(MAKE)
configure:2830: result: yes
configure:2859: checking whether make supports nested variables
configure:2876: result: yes
configure:3004: checking whether to enable maintainer-specific portions of Makefiles
configure:3013: result: no
configure:3084: checking for x86_64-pc-linux-gnu-gcc
configure:3111: result: gcc
configure:3380: checking for C compiler version
configure:3389: gcc --version >&5
gcc (Ubuntu 13.3.0-6ubuntu2~24.04) 13.3.0
Copyright (C) 2023 Free Software Foundation, Inc.
This is free software; see the source for copying conditions.  There is NO
warranty; not even for MERCHANTABILITY or FITNESS FOR A PARTICULAR PURPOSE.

configure:3400: $? = 0
configure:3389: gcc -v >&5
Using built-in specs.
COLLECT_GCC=gcc
COLLECT_LTO_WRAPPER=/usr/libexec/gcc/x86_64-linux-gnu/13/lto-wrapper
OFFLOAD_TARGET_NAMES=nvptx-none:amdgcn-amdhsa
OFFLOAD_TARGET_DEFAULT=1
Target: x86_64-linux-gnu
Configured with: ../src/configure -v --with-pkgversion='Ubuntu 13.3.0-6ubuntu2~24.04' --with-bugurl=file:///usr/share/doc/gcc-13/README.Bugs --enable-languages=c,ada,c++,go,d,fortran,objc,obj-c++,m2 --prefix=/usr --with-gcc-major-version-only --program-suffix=-13 --program-prefix=x86_64-linux-gnu- --enable-shared --enable-linker-build-id --libexecdir=/usr/libexec --without-included-gettext --enable-threads=posix --libdir=/usr/lib --enable-nls --enable-bootstrap --enable-clocale=gnu --enable-libstdcxx-debug --enable-libstdcxx-time=yes --with-default-libstdcxx-abi=new --enable-libstdcxx-backtrace --enable-gnu-unique-object --disable-vtable-verify --enable-plugin --enable-default-pie --with-system-zlib --enable-libphobos-checking=release --with-target-system-zlib=auto --enable-objc-gc=auto --enable-multiarch --disable-werror --enable-cet --with-arch-32=i686 --with-abi=m64 --with-multilib-list=m32,m64,mx32 --enable-multilib --with-tune=generic --enable-offload-targets=nvptx-none=/build/gcc-13-fG75Ri/gcc-13-13.3.0/debian/tmp-nvptx/usr,amdgcn-amdhsa=/build/gcc-13-fG75Ri/gcc-13-13.3.0/debian/tmp-gcn/usr --enable-offload-defaulted --without-cuda-driver --enable-checking=release --build=x86_64-linux-gnu --host=x86_64-linux-gnu --target=x86_64-linux-gnu --with-build-config=bootstrap-lto-lean --enable-link-serialization=2
Thread model: posix
Supported LTO compression algorithms: zlib zstd
gcc version 13.3.0 (Ubuntu 13.3.0-6ubuntu2~24.04) 
... rest of stderr output deleted ...
configure:3400: $? = 0
configure:3389: gcc -V >&5
gcc: error: unrecognized command-line option '-V'
gcc: fatal error: no input files
compilation terminated.
configure:3400: $? = 1
configure:3389: gcc -qversion >&5
gcc: error: unrecognized command-line option '-qversion'; did you mean '--version'?
gcc: fatal error: no input files
compilation terminated.
configure:3400: $? = 1
configure:3416: gcc -o conftest -O2 -I/home/notlean/openwrt-uboost/staging_dir/host/include  -pipe    -static-libstdc++ -static-libgcc  conftest.c  >&5
configure:3419: $? = 0
configure:3448: checking whether the C compiler works
configure:3470: gcc -O2 -I/home/notlean/openwrt-uboost/staging_dir/host/include  -pipe    -static-libstdc++ -static-libgcc  conftest.c  >&5
configure:3474: $? = 0
configure:3522: result: yes
configure:3525: checking for C compiler default output file name
configure:3527: result: a.out
configure:3533: checking for suffix of executables
configure:3540: gcc -o conftest -O2 -I/home/notlean/openwrt-uboost/staging_dir/host/include  -pipe    -static-libstdc++ -static-libgcc  conftest.c  >&5
configure:3544: $? = 0
configure:3566: result: 
configure:3588: checking whether we are cross compiling
configure:3596: gcc -o conftest -O2 -I/home/notlean/openwrt-uboost/staging_dir/host/include  -pipe    -static-libstdc++ -static-libgcc  conftest.c  >&5
configure:3600: $? = 0
configure:3607: ./conftest
configure:3611: $? = 0
configure:3626: result: no
configure:3632: checking for suffix of object files
configure:3654: gcc -c -O2 -I/home/notlean/openwrt-uboost/staging_dir/host/include  -pipe    conftest.c >&5
configure:3658: $? = 0
configure:3679: result: o
configure:3683: checking whether we are using the GNU C compiler
configure:3702: gcc -c -O2 -I/home/notlean/openwrt-uboost/staging_dir/host/include  -pipe    conftest.c >&5
configure:3702: $? = 0
configure:3711: result: yes
configure:3720: checking whether gcc accepts -g
configure:3740: gcc -c -g  conftest.c >&5
configure:3740: $? = 0
configure:3781: result: yes
configure:3798: checking for gcc option to accept ISO C89
configure:3861: gcc  -c -O2 -I/home/notlean/openwrt-uboost/staging_dir/host/include  -pipe    conftest.c >&5
configure:3861: $? = 0
configure:3874: result: none needed
configure:3899: checking whether gcc understands -c and -o together
configure:3921: gcc -c conftest.c -o conftest2.o
configure:3924: $? = 0
configure:3921: gcc -c conftest.c -o conftest2.o
configure:3924: $? = 0
configure:3936: result: yes
configure:3964: checking for style of include used by make
configure:3992: result: GNU
configure:4018: checking dependency style of gcc
configure:4129: result: gcc3
configure:4163: checking for CET support
configure:4192: gcc -c -O2 -I/home/notlean/openwrt-uboost/staging_dir/host/include  -pipe   -fcf-protection  conftest.c >&5
configure:4192: $? = 0
configure:4228: result: yes
configure:4283: checking how to print strings
configure:4310: result: printf
configure:4331: checking for a sed that does not truncate output
configure:4395: result: /home/notlean/openwrt-uboost/staging_dir/host/bin/sed
configure:4413: checking for grep that handles long lines and -e
configure:4471: result: /home/notlean/openwrt-uboost/staging_dir/host/bin/grep
configure:4476: checking for egrep
configure:4538: result: /home/notlean/openwrt-uboost/staging_dir/host/bin/grep -E
configure:4543: checking for fgrep
configure:4605: result: /home/notlean/openwrt-uboost/staging_dir/host/bin/grep -F
configure:4640: checking for ld used by gcc
configure:4707: result: ld
configure:4714: checking if the linker (ld) is GNU ld
configure:4729: result: yes
configure:4741: checking for BSD- or MS-compatible name lister (nm)
configure:4790: result: nm
configure:4920: checking the name lister (nm) interface
configure:4927: gcc -c -O2 -I/home/notlean/openwrt-uboost/staging_dir/host/include  -pipe    conftest.c >&5
configure:4930: nm "conftest.o"
configure:4933: output
0000000000000000 B some_variable
configure:4940: result: BSD nm
configure:4943: checking whether ln -s works
configure:4947: result: yes
configure:4955: checking the maximum length of command line arguments
configure:5080: result: 1572864
configure:5097: checking whether the shell understands some XSI constructs
configure:5107: result: yes
configure:5111: checking whether the shell understands "+="
configure:5117: result: yes
configure:5152: checking for ld option to reload object files
configure:5159: result: -r
configure:5188: checking for x86_64-pc-linux-gnu-objdump
configure:5215: result: objdump
configure:5287: checking how to recognize dependent libraries
configure:5488: result: pass_all
configure:5508: checking for x86_64-pc-linux-gnu-ar
configure:5535: result: ar
configure:5613: checking for x86_64-pc-linux-gnu-strip
configure:5643: result: no
configure:5653: checking for strip
configure:5669: found /usr/bin/strip
configure:5680: result: strip
configure:5712: checking for x86_64-pc-linux-gnu-ranlib
configure:5739: result: ranlib
configure:5881: checking command to parse nm output from gcc object
configure:5999: gcc -c -O2 -I/home/notlean/openwrt-uboost/staging_dir/host/include  -pipe    conftest.c >&5
configure:6002: $? = 0
configure:6006: nm conftest.o \| sed -n -e 's/^.*[ ]\([ABCDGIRSTW][ABCDGIRSTW]*\)[ ][ ]*\([_A-Za-z][_A-Za-z0-9]*\)$/\1 \2 \2/p' \> conftest.nm
configure:6009: $? = 0
configure:6063: gcc -o conftest -O2 -I/home/notlean/openwrt-uboost/staging_dir/host/include  -pipe    -static-libstdc++ -static-libgcc  conftest.c conftstm.o >&5
configure:6066: $? = 0
configure:6104: result: ok
configure:6199: gcc -c -O2 -I/home/notlean/openwrt-uboost/staging_dir/host/include  -pipe    conftest.c >&5
configure:6202: $? = 0
configure:6963: checking how to run the C preprocessor
configure:6994: gcc -E  conftest.c
configure:6994: $? = 0
configure:7008: gcc -E  conftest.c
conftest.c:11:10: fatal error: ac_nonexistent.h: No such file or directory
   11 | #include <ac_nonexistent.h>
      |          ^~~~~~~~~~~~~~~~~~
compilation terminated.
configure:7008: $? = 1
configure: failed program was:
| /* confdefs.h */
| #define PACKAGE_NAME "zlib"
| #define PACKAGE_TARNAME "zlib"
| #define PACKAGE_VERSION "1.1.4"
| #define PACKAGE_STRING "zlib 1.1.4"
| #define PACKAGE_BUGREPORT ""
| #define PACKAGE_URL ""
| #define PACKAGE "zlib"
| #define VERSION "1.1.4"
| /* end confdefs.h.  */
| #include <ac_nonexistent.h>
configure:7033: result: gcc -E
configure:7053: gcc -E  conftest.c
configure:7053: $? = 0
configure:7067: gcc -E  conftest.c
conftest.c:11:10: fatal error: ac_nonexistent.h: No such file or directory
   11 | #include <ac_nonexistent.h>
      |          ^~~~~~~~~~~~~~~~~~
compilation terminated.
configure:7067: $? = 1
configure: failed program was:
| /* confdefs.h */
| #define PACKAGE_NAME "zlib"
| #define PACKAGE_TARNAME "zlib"
| #define PACKAGE_VERSION "1.1.4"
| #define PACKAGE_STRING "zlib 1.1.4"
| #define PACKAGE_BUGREPORT ""
| #define PACKAGE_URL ""
| #define PACKAGE "zlib"
| #define VERSION "1.1.4"
| /* end confdefs.h.  */
| #include <ac_nonexistent.h>
configure:7096: checking for ANSI C header files
configure:7116: gcc -c -O2 -I/home/notlean/openwrt-uboost/staging_dir/host/include  -pipe    conftest.c >&5
configure:7116: $? = 0
configure:7189: gcc -o conftest -O2 -I/home/notlean/openwrt-uboost/staging_dir/host/include  -pipe    -static-libstdc++ -static-libgcc  conftest.c  >&5
configure:7189: $? = 0
configure:7189: ./conftest
configure:7189: $? = 0
configure:7200: result: yes
configure:7213: checking for sys/types.h
configure:7213: gcc -c -O2 -I/home/notlean/openwrt-uboost/staging_dir/host/include  -pipe    conftest.c >&5
configure:7213: $? = 0
configure:7213: result: yes
configure:7213: checking for sys/stat.h
configure:7213: gcc -c -O2 -I/home/notlean/openwrt-uboost/staging_dir/host/include  -pipe    conftest.c >&5
configure:7213: $? = 0
configure:7213: result: yes
configure:7213: checking for stdlib.h
configure:7213: gcc -c -O2 -I/home/notlean/openwrt-uboost/staging_dir/host/include  -pipe    conftest.c >&5
configure:7213: $? = 0
configure:7213: result: yes
configure:7213: checking for string.h
configure:7213: gcc -c -O2 -I/home/notlean/openwrt-uboost/staging_dir/host/include  -pipe    conftest.c >&5
configure:7213: $? = 0
configure:7213: result: yes
configure:7213: checking for memory.h
configure:7213: gcc -c -O2 -I/home/notlean/openwrt-uboost/staging_dir/host/include  -pipe    conftest.c >&5
configure:7213: $? = 0
configure:7213: result: yes
configure:7213: checking for strings.h
configure:7213: gcc -c -O2 -I/home/notlean/openwrt-uboost/staging_dir/host/include  -pipe    conftest.c >&5
configure:7213: $? = 0
configure:7213: result: yes
configure:7213: checking for inttypes.h
configure:7213: gcc -c -O2 -I/home/notlean/openwrt-uboost/staging_dir/host/include  -pipe    conftest.c >&5
configure:7213: $? = 0
configure:7213: result: yes
configure:7213: checking for stdint.h
configure:7213: gcc -c -O2 -I/home/notlean/openwrt-uboost/staging_dir/host/include  -pipe    conftest.c >&5
configure:7213: $? = 0
configure:7213: result: yes
configure:7213: checking for unistd.h
configure:7213: gcc -c -O2 -I/home/notlean/openwrt-uboost/staging_dir/host/include  -pipe    conftest.c >&5
configure:7213: $? = 0
configure:7213: result: yes
configure:7227: checking for dlfcn.h
configure:7227: gcc -c -O2 -I/home/notlean/openwrt-uboost/staging_dir/host/include  -pipe    conftest.c >&5
configure:7227: $? = 0
configure:7227: result: yes
configure:7414: checking for objdir
configure:7429: result: .libs
configure:7700: checking if gcc supports -fno-rtti -fno-exceptions
configure:7718: gcc -c -O2 -I/home/notlean/openwrt-uboost/staging_dir/host/include  -pipe    -fno-rtti -fno-exceptions conftest.c >&5
cc1: warning: command-line option '-fno-rtti' is valid for C++/D/ObjC++ but not for C
configure:7722: $? = 0
configure:7735: result: no
configure:7755: checking for gcc option to produce PIC
configure:8041: result: -fPIC -DPIC
configure:8053: checking if gcc PIC flag -fPIC -DPIC works
configure:8071: gcc -c -O2 -I/home/notlean/openwrt-uboost/staging_dir/host/include  -pipe    -fPIC -DPIC -DPIC conftest.c >&5
configure:8075: $? = 0
configure:8088: result: yes
configure:8112: checking if gcc static flag -static works
configure:8140: result: yes
configure:8155: checking if gcc supports -c -o file.o
configure:8176: gcc -c -O2 -I/home/notlean/openwrt-uboost/staging_dir/host/include  -pipe    -o out/conftest2.o conftest.c >&5
configure:8180: $? = 0
configure:8202: result: yes
configure:8210: checking if gcc supports -c -o file.o
configure:8257: result: yes
configure:8290: checking whether the gcc linker (ld -m elf_x86_64) supports shared libraries
configure:9370: result: yes
configure:9615: checking dynamic linker characteristics
configure:10064: gcc -o conftest -O2 -I/home/notlean/openwrt-uboost/staging_dir/host/include  -pipe    -static-libstdc++ -static-libgcc  -Wl,-rpath -Wl,/foo conftest.c  >&5
configure:10064: $? = 0
configure:10286: result: GNU/Linux ld.so
configure:10393: checking how to hardcode library paths into programs
configure:10418: result: immediate
configure:10973: checking whether stripping libraries is possible
configure:10978: result: yes
configure:11013: checking if libtool supports shared libraries
configure:11015: result: yes
configure:11018: checking whether to build shared libraries
configure:11039: result: no
configure:11042: checking whether to build static libraries
configure:11046: result: yes
configure:11089: checking how to run the C preprocessor
configure:11159: result: gcc -E
configure:11179: gcc -E  conftest.c
configure:11179: $? = 0
configure:11193: gcc -E  conftest.c
conftest.c:23:10: fatal error: ac_nonexistent.h: No such file or directory
   23 | #include <ac_nonexistent.h>
      |          ^~~~~~~~~~~~~~~~~~
compilation terminated.
configure:11193: $? = 1
configure: failed program was:
| /* confdefs.h */
| #define PACKAGE_NAME "zlib"
| #define PACKAGE_TARNAME "zlib"
| #define PACKAGE_VERSION "1.1.4"
| #define PACKAGE_STRING "zlib 1.1.4"
| #define PACKAGE_BUGREPORT ""
| #define PACKAGE_URL ""
| #define PACKAGE "zlib"
| #define VERSION "1.1.4"
| #define STDC_HEADERS 1
| #define HAVE_SYS_TYPES_H 1
| #define HAVE_SYS_STAT_H 1
| #define HAVE_STDLIB_H 1
| #define HAVE_STRING_H 1
| #define HAVE_MEMORY_H 1
| #define HAVE_STRINGS_H 1
| #define HAVE_INTTYPES_H 1
| #define HAVE_STDINT_H 1
| #define HAVE_UNISTD_H 1
| #define HAVE_DLFCN_H 1
| #define LT_OBJDIR ".libs/"
| /* end confdefs.h.  */
| #include <ac_nonexistent.h>
configure:11246: checking for stdlib.h
configure:11246: result: yes
configure:11246: checking for unistd.h
configure:11246: result: yes
configure:11246: checking for sys/param.h
configure:11246: gcc -c -O2 -I/home/notlean/openwrt-uboost/staging_dir/host/include  -pipe    conftest.c >&5
configure:11246: $? = 0
configure:11246: result: yes
configure:11266: checking for getpagesize
configure:11266: gcc -o conftest -O2 -I/home/notlean/openwrt-uboost/staging_dir/host/include  -pipe    -static-libstdc++ -static-libgcc  conftest.c  >&5
configure:11266: $? = 0
configure:11266: result: yes
configure:11275: checking for working mmap
configure:11422: gcc -o conftest -O2 -I/home/notlean/openwrt-uboost/staging_dir/host/include  -pipe    -static-libstdc++ -static-libgcc  conftest.c  >&5
configure:11422: $? = 0
configure:11422: ./conftest
configure:11422: $? = 0
configure:11432: result: yes
configure:11445: checking for memcpy
configure:11445: gcc -o conftest -O2 -I/home/notlean/openwrt-uboost/staging_dir/host/include  -pipe    -static-libstdc++ -static-libgcc  conftest.c  >&5
conftest.c:51:6: warning: conflicting types for built-in function 'memcpy'; expected 'void *(void *, const void *, long unsigned int)' [-Wbuiltin-declaration-mismatch]
   51 | char memcpy ();
      |      ^~~~~~
conftest.c:39:1: note: 'memcpy' is declared in header '<string.h>'
   38 | # include <limits.h>
   39 | #else
configure:11445: $? = 0
configure:11445: result: yes
configure:11445: checking for strerror
configure:11445: gcc -o conftest -O2 -I/home/notlean/openwrt-uboost/staging_dir/host/include  -pipe    -static-libstdc++ -static-libgcc  conftest.c  >&5
configure:11445: $? = 0
configure:11445: result: yes
configure:11458: checking for unistd.h
configure:11458: result: yes
configure:11595: updating cache ./config.cache
configure:11675: checking that generated files are newer than configure
configure:11681: result: done
configure:11712: creating ./config.status

## ---------------------- ##
## Running config.status. ##
## ---------------------- ##

This file was extended by zlib config.status 1.1.4, which was
generated by GNU Autoconf 2.69.  Invocation command line was

  CONFIG_FILES    = 
  CONFIG_HEADERS  = 
  CONFIG_LINKS    = 
  CONFIG_COMMANDS = 
  $ ./config.status 

on Notlean

config.status:1021: creating Makefile
config.status:1178: executing depfiles commands
config.status:1178: executing libtool commands

## ---------------- ##
## Cache variables. ##
## ---------------- ##

ac_cv_build=x86_64-pc-linux-gnu
ac_cv_c_compiler_gnu=yes
ac_cv_env_CPPFLAGS_set=
ac_cv_env_CPPFLAGS_value=
ac_cv_env_CPP_set=
ac_cv_env_CPP_value=
ac_cv_env_build_alias_set=set
ac_cv_env_build_alias_value=x86_64-pc-linux-gnu
ac_cv_env_host_alias_set=set
ac_cv_env_host_alias_value=x86_64-pc-linux-gnu
ac_cv_env_target_alias_set=set
ac_cv_env_target_alias_value=mipsel-openwrt-linux-musl
ac_cv_func_getpagesize=yes
ac_cv_func_memcpy=yes
ac_cv_func_mmap_fixed_mapped=yes
ac_cv_func_strerror=yes
ac_cv_header_dlfcn_h=yes
ac_cv_header_inttypes_h=yes
ac_cv_header_memory_h=yes
ac_cv_header_stdc=yes
ac_cv_header_stdint_h=yes
ac_cv_header_stdlib_h=yes
ac_cv_header_string_h=yes
ac_cv_header_strings_h=yes
ac_cv_header_sys_param_h=yes
ac_cv_header_sys_stat_h=yes
ac_cv_header_sys_types_h=yes
ac_cv_header_unistd_h=yes
ac_cv_host=x86_64-pc-linux-gnu
ac_cv_objext=o
ac_cv_path_EGREP='/home/notlean/openwrt-uboost/staging_dir/host/bin/grep -E'
ac_cv_path_FGREP='/home/notlean/openwrt-uboost/staging_dir/host/bin/grep -F'
ac_cv_path_GREP=/home/notlean/openwrt-uboost/staging_dir/host/bin/grep
ac_cv_path_SED=/home/notlean/openwrt-uboost/staging_dir/host/bin/sed
ac_cv_path_install='/home/notlean/openwrt-uboost/staging_dir/host/bin/install -c'
ac_cv_path_mkdir=/usr/bin/mkdir
ac_cv_prog_AR=ar
ac_cv_prog_AWK=gawk
ac_cv_prog_CC=gcc
ac_cv_prog_CPP='gcc -E'
ac_cv_prog_OBJDUMP=objdump
ac_cv_prog_RANLIB=ranlib
ac_cv_prog_ac_ct_STRIP=strip
ac_cv_prog_cc_c89=
ac_cv_prog_cc_g=yes
ac_cv_prog_make_make_set=yes
ac_cv_search_ZSTD_compress='/home/notlean/openwrt-uboost/staging_dir/host/lib/libzstd.a -pthread'
ac_cv_target=mipsel-openwrt-linux-musl
am_cv_CC_dependencies_compiler_type=gcc3
am_cv_make_support_nested_variables=yes
am_cv_prog_cc_c_o=yes
libgcc_cv_fixed_point=no
lt_cv_deplibs_check_method=pass_all
lt_cv_file_magic_cmd='$MAGIC_CMD'
lt_cv_file_magic_test_file=
lt_cv_ld_reload_flag=-r
lt_cv_nm_interface='BSD nm'
lt_cv_objdir=.libs
lt_cv_path_LD=ld
lt_cv_path_NM=nm
lt_cv_prog_compiler_c_o=yes
lt_cv_prog_compiler_pic_works=yes
lt_cv_prog_compiler_rtti_exceptions=no
lt_cv_prog_compiler_static_works=yes
lt_cv_prog_gnu_ld=yes
lt_cv_shlibpath_overrides_runpath=yes
lt_cv_sys_global_symbol_pipe='sed -n -e '\''s/^.*[	 ]\([ABCDGIRSTW][ABCDGIRSTW]*\)[	 ][	 ]*\([_A-Za-z][_A-Za-z0-9]*\)$/\1 \2 \2/p'\'''
lt_cv_sys_global_symbol_to_c_name_address='sed -n -e '\''s/^: \([^ ]*\) $/  {\"\1\", (void *) 0},/p'\'' -e '\''s/^[ABCDGIRSTW]* \([^ ]*\) \([^ ]*\)$/  {"\2", (void *) \&\2},/p'\'''
lt_cv_sys_global_symbol_to_c_name_address_lib_prefix='sed -n -e '\''s/^: \([^ ]*\) $/  {\"\1\", (void *) 0},/p'\'' -e '\''s/^[ABCDGIRSTW]* \([^ ]*\) \(lib[^ ]*\)$/  {"\2", (void *) \&\2},/p'\'' -e '\''s/^[ABCDGIRSTW]* \([^ ]*\) \([^ ]*\)$/  {"lib\2", (void *) \&\2},/p'\'''
lt_cv_sys_global_symbol_to_cdecl='sed -n -e '\''s/^T .* \(.*\)$/extern int \1();/p'\'' -e '\''s/^[ABCDGIRSTW]* .* \(.*\)$/extern char \1;/p'\'''
lt_cv_sys_max_cmd_len=1572864

## ----------------- ##
## Output variables. ##
## ----------------- ##

ACLOCAL='${SHELL} /home/notlean/openwrt-uboost/build_dir/toolchain-mipsel_24kc_gcc-12.3.0_musl/gcc-12.3.0/missing aclocal-1.15'
AMDEPBACKSLASH='\'
AMDEP_FALSE='#'
AMDEP_TRUE=''
AMTAR='$${TAR-tar}'
AM_BACKSLASH='\'
AM_DEFAULT_V='$(AM_DEFAULT_VERBOSITY)'
AM_DEFAULT_VERBOSITY='1'
AM_V='$(V)'
AR='ar'
AUTOCONF='${SHELL} /home/notlean/openwrt-uboost/build_dir/toolchain-mipsel_24kc_gcc-12.3.0_musl/gcc-12.3.0/missing autoconf'
AUTOHEADER='${SHELL} /home/notlean/openwrt-uboost/build_dir/toolchain-mipsel_24kc_gcc-12.3.0_musl/gcc-12.3.0/missing autoheader'
AUTOMAKE='${SHELL} /home/notlean/openwrt-uboost/build_dir/toolchain-mipsel_24kc_gcc-12.3.0_musl/gcc-12.3.0/missing automake-1.15'
AWK='gawk'
CC='gcc'
CCDEPMODE='depmode=gcc3'
CET_FLAGS='-fcf-protection -mshstk'
CFLAGS='-O2 -I/home/notlean/openwrt-uboost/staging_dir/host/include  -pipe  '
COMPPATH='.'
CPP='gcc -E'
CPPFLAGS=''
CYGPATH_W='echo'
DEFS='-DPACKAGE_NAME=\"zlib\" -DPACKAGE_TARNAME=\"zlib\" -DPACKAGE_VERSION=\"1.1.4\" -DPACKAGE_STRING=\"zlib\ 1.1.4\" -DPACKAGE_BUGREPORT=\"\" -DPACKAGE_URL=\"\" -DPACKAGE=\"zlib\" -DVERSION=\"1.1.4\" -DSTDC_HEADERS=1 -DHAVE_SYS_TYPES_H=1 -DHAVE_SYS_STAT_H=1 -DHAVE_STDLIB_H=1 -DHAVE_STRING_H=1 -DHAVE_MEMORY_H=1 -DHAVE_STRINGS_H=1 -DHAVE_INTTYPES_H=1 -DHAVE_STDINT_H=1 -DHAVE_UNISTD_H=1 -DHAVE_DLFCN_H=1 -DLT_OBJDIR=\".libs/\" -DHAVE_STDLIB_H=1 -DHAVE_UNISTD_H=1 -DHAVE_SYS_PARAM_H=1 -DHAVE_GETPAGESIZE=1 -DHAVE_MMAP=1 -DHAVE_MEMCPY=1 -DHAVE_STRERROR=1 -DHAVE_UNISTD_H=1'
DEPDIR='.deps'
DSYMUTIL='dsymutil'
DUMPBIN=''
ECHO_C=''
ECHO_N='-n'
ECHO_T=''
EGREP='/home/notlean/openwrt-uboost/staging_dir/host/bin/grep -E'
EXEEXT=''
FGREP='/home/notlean/openwrt-uboost/staging_dir/host/bin/grep -F'
GREP='/home/notlean/openwrt-uboost/staging_dir/host/bin/grep'
INSTALL_DATA='${INSTALL} -m 644'
INSTALL_PROGRAM='${INSTALL}'
INSTALL_SCRIPT='${INSTALL}'
INSTALL_STRIP_PROGRAM='$(install_sh) -c -s'
LD='ld -m elf_x86_64'
LDFLAGS='-static-libstdc++ -static-libgcc '
LIBOBJS=''
LIBS=''
LIBTOOL='$(SHELL) $(top_builddir)/libtool'
LIPO=''
LN_S='ln -s'
LTLIBOBJS=''
MAINT='#'
MAINTAINER_MODE_FALSE=''
MAINTAINER_MODE_TRUE='#'
MAKEINFO='/home/notlean/openwrt-uboost/build_dir/toolchain-mipsel_24kc_gcc-12.3.0_musl/gcc-12.3.0/missing makeinfo'
MKDIR_P='/usr/bin/mkdir -p'
NM='nm'
NMEDIT=''
OBJDUMP='objdump'
OBJEXT='o'
OTOOL64=''
OTOOL='otool'
PACKAGE='zlib'
PACKAGE_BUGREPORT=''
PACKAGE_NAME='zlib'
PACKAGE_STRING='zlib 1.1.4'
PACKAGE_TARNAME='zlib'
PACKAGE_URL=''
PACKAGE_VERSION='1.1.4'
PATH_SEPARATOR=':'
PICFLAG=''
RANLIB='ranlib'
SED='/home/notlean/openwrt-uboost/staging_dir/host/bin/sed'
SET_MAKE=''
SHELL='/bin/bash'
STRIP='strip'
TARGET_LIBRARY_FALSE=''
TARGET_LIBRARY_TRUE='#'
VERSION='1.1.4'
ac_ct_CC=''
ac_ct_DUMPBIN=''
am__EXEEXT_FALSE=''
am__EXEEXT_TRUE='#'
am__fastdepCC_FALSE='#'
am__fastdepCC_TRUE=''
am__include='include'
am__isrc=' -I$(srcdir)'
am__leading_dot='.'
am__nodep='_no'
am__quote=''
am__tar='$${TAR-tar} chof - "$$tardir"'
am__untar='$${TAR-tar} xf -'
bindir='${exec_prefix}/bin'
build='x86_64-pc-linux-gnu'
build_alias='x86_64-pc-linux-gnu'
build_cpu='x86_64'
build_os='linux-gnu'
build_vendor='pc'
datadir='${datarootdir}'
datarootdir='${prefix}/share'
docdir='${datarootdir}/doc/${PACKAGE_TARNAME}'
dvidir='${docdir}'
exec_prefix='${prefix}'
host='x86_64-pc-linux-gnu'
host_alias='x86_64-pc-linux-gnu'
host_cpu='x86_64'
host_os='linux-gnu'
host_vendor='pc'
htmldir='${docdir}'
includedir='${prefix}/include'
infodir='${datarootdir}/info'
install_sh='${SHELL} /home/notlean/openwrt-uboost/build_dir/toolchain-mipsel_24kc_gcc-12.3.0_musl/gcc-12.3.0/install-sh'
libdir='${exec_prefix}/lib'
libexecdir='${exec_prefix}/libexec'
localedir='${datarootdir}/locale'
localstatedir='${prefix}/var'
mandir='${datarootdir}/man'
mkdir_p='$(MKDIR_P)'
mkinstalldirs='/home/notlean/openwrt-uboost/build_dir/toolchain-mipsel_24kc_gcc-12.3.0_musl/gcc-12.3.0/mkinstalldirs'
multi_basedir=''
oldincludedir='/usr/include'
pdfdir='${docdir}'
prefix='/home/notlean/openwrt-uboost/staging_dir/toolchain-mipsel_24kc_gcc-12.3.0_musl'
program_transform_name='s&^&mipsel-openwrt-linux-musl-&'
psdir='${docdir}'
sbindir='${exec_prefix}/sbin'
sharedstatedir='${prefix}/com'
sysconfdir='${prefix}/etc'
target='mipsel-openwrt-linux-musl'
target_alias='mipsel-openwrt-linux-musl'
target_cpu='mipsel'
target_os='linux-musl'
target_vendor='openwrt'
toolexecdir='$(libdir)/gcc-lib/$(target_alias)'
toolexeclibdir='$(libdir)/../lib'

## ----------- ##
## confdefs.h. ##
## ----------- ##

/* confdefs.h */
#define PACKAGE_NAME "zlib"
#define PACKAGE_TARNAME "zlib"
#define PACKAGE_VERSION "1.1.4"
#define PACKAGE_STRING "zlib 1.1.4"
#define PACKAGE_BUGREPORT ""
#define PACKAGE_URL ""
#define PACKAGE "zlib"
#define VERSION "1.1.4"
#define STDC_HEADERS 1
#define HAVE_SYS_TYPES_H 1
#define HAVE_SYS_STAT_H 1
#define HAVE_STDLIB_H 1
#define HAVE_STRING_H 1
#define HAVE_MEMORY_H 1
#define HAVE_STRINGS_H 1
#define HAVE_INTTYPES_H 1
#define HAVE_STDINT_H 1
#define HAVE_UNISTD_H 1
#define HAVE_DLFCN_H 1
#define LT_OBJDIR ".libs/"
#define HAVE_STDLIB_H 1
#define HAVE_UNISTD_H 1
#define HAVE_SYS_PARAM_H 1
#define HAVE_GETPAGESIZE 1
#define HAVE_MMAP 1
#define HAVE_MEMCPY 1
#define HAVE_STRERROR 1
#define HAVE_UNISTD_H 1

configure: exit 0
